
1 BSEC warning code : 100

1 BSEC warning code : 100

 ets Jan  8 2013,rst cause:4, boot mode:(3,1)

wdt reset
load 0x4010f000, len 1384, room 16 
tail 8
chksum 0x2d
csum 0x2d
v8b899c12
~ld


7.04
 0h00:00.427 1970/01/01T08:00:00z: SPIFFS Active
 0h00:04.104 2026/05/07T00:03:55z: f0:24:f9:c6:6b:d7
 0h00:04.105 2026/05/07T00:03:55z: SSID: wifi
1 BSEC warning code : 100

 ets Jan  8 2013,rst cause:4, boot mode:(3,1)

wdt reset
load 0x4010f000, len 1384, room 16 
tail 8
chksum 0x2d
csum 0x2d
v8b899c12
~ld


7.04
 0h00:00.439 1970/01/01T08:00:00z: SPIFFS Active
 0h00:04.116 2026/05/07T00:23:35z: f0:24:f9:c6:6b:d7
 0h00:04.117 2026/05/07T00:23:35z: SSID: wifi
1 BSEC warning code : 100

1 BSEC warning code : 100

 ets Jan  8 2013,rst cause:4, boot mode:(3,1)

wdt reset
load 0x4010f000, len 1384, room 16 
tail 8
chksum 0x2d
csum 0x2d
v8b899c12
~ld


7.04
 0h00:00.437 1970/01/01T08:00:00z: SPIFFS Active
 0h00:04.115 2026/05/07T00:43:16z: f0:24:f9:c6:6b:d7
 0h00:04.116 2026/05/07T00:43:16z: SSID: wifi
1 BSEC warning code : 100

 ets Jan  8 2013,rst cause:4, boot mode:(3,1)

wdt reset
load 0x4010f000, len 1384, room 16 
tail 8
chksum 0x2d
csum 0x2d
v8b899c12
~ld


7.04
 0h00:00.467 1970/01/01T08:00:00z: SPIFFS Active
 0h00:04.144 2026/05/07T01:02:56z: f0:24:f9:c6:6b:d7
 0h00:04.145 2026/05/07T01:02:56z: SSID: wifi
1 BSEC warning code : 100

1 BSEC warning code : 100

 ets Jan  8 2013,rst cause:4, boot mode:(3,1)

wdt reset
load 0x4010f000, len 1384, room 16 
tail 8
chksum 0x2d
csum 0x2d
v8b899c12
~ld


7.04
 0h00:00.480 1970/01/01T08:00:00z: SPIFFS Active
 0h00:04.156 2026/05/07T01:22:36z: f0:24:f9:c6:6b:d7
 0h00:04.158 2026/05/07T01:22:36z: SSID: wifi
1 BSEC warning code : 100

1 BSEC warning code : 100

 ets Jan  8 2013,rst cause:4, boot mode:(3,1)

wdt reset
load 0x4010f000, len 1384, room 16 
tail 8
chksum 0x2d
csum 0x2d
v8b899c12
~ld


7.04
 0h00:00.467 1970/01/01T08:00:00z: SPIFFS Active
 0h00:04.144 2026/05/07T01:42:16z: f0:24:f9:c6:6b:d7
 0h00:04.145 2026/05/07T01:42:16z: SSID: wifi
1 BSEC warning code : 100

 ets Jan  8 2013,rst cause:4, boot mode:(3,1)

wdt reset
load 0x4010f000, len 1384, room 16 
tail 8
chksum 0x2d
csum 0x2d
v8b899c12
~ld


7.04
 0h00:00.477 1970/01/01T08:00:00z: SPIFFS Active
 0h00:04.154 2026/05/07T02:01:56z: f0:24:f9:c6:6b:d7
 0h00:04.155 2026/05/07T02:01:56z: SSID: wifi
1 BSEC warning code : 100

1 BSEC warning code : 100

 ets Jan  8 2013,rst cause:4, boot mode:(3,1)

wdt reset
load 0x4010f000, len 1384, room 16 
tail 8
chksum 0x2d
csum 0x2d
v8b899c12
~ld


7.04
 0h00:00.437 1970/01/01T08:00:00z: SPIFFS Active
 0h00:04.114 2026/05/07T02:21:36z: f0:24:f9:c6:6b:d7
 0h00:04.115 2026/05/07T02:21:36z: SSID: wifi
1 BSEC warning code : 100

1 BSEC warning code : 100

 ets Jan  8 2013,rst cause:4, boot mode:(3,1)

wdt reset
load 0x4010f000, len 1384, room 16 
tail 8
chksum 0x2d
csum 0x2d
v8b899c12
~ld


7.04
 0h00:00.440 1970/01/01T08:00:00z: SPIFFS Active
 0h00:04.116 2026/05/07T02:41:17z: f0:24:f9:c6:6b:d7
 0h00:04.118 2026/05/07T02:41:17z: SSID: wifi
1 BSEC warning code : 100

 ets Jan  8 2013,rst cause:4, boot mode:(3,1)

wdt reset
load 0x4010f000, len 1384, room 16 
tail 8
chksum 0x2d
csum 0x2d
v8b899c12
~ld


7.04
 0h00:00.437 1970/01/01T08:00:00z: SPIFFS Active
 0h00:04.114 2026/05/07T03:00:57z: f0:24:f9:c6:6b:d7
 0h00:04.116 2026/05/07T03:00:57z: SSID: wifi
1 BSEC warning code : 100

1 BSEC warning code : 100

 ets Jan  8 2013,rst cause:4, boot mode:(3,1)

wdt reset
load 0x4010f000, len 1384, room 16 
tail 8
chksum 0x2d
csum 0x2d
v8b899c12
~ld


7.04
 0h00:00.477 1970/01/01T08:00:00z: SPIFFS Active
 0h00:04.154 2026/05/07T03:20:38z: f0:24:f9:c6:6b:d7
 0h00:04.155 2026/05/07T03:20:38z: SSID: wifi
1 BSEC warning code : 100

 ets Jan  8 2013,rst cause:4, boot mode:(3,1)

wdt reset
load 0x4010f000, len 1384, room 16 
tail 8
chksum 0x2d
csum 0x2d
v8b899c12
~ld


7.04
 0h00:00.438 1970/01/01T08:00:00z: SPIFFS Active
 0h00:04.113 2026/05/07T03:40:19z: f0:24:f9:c6:6b:d7
 0h00:04.115 2026/05/07T03:40:19z: SSID: wifi
1 BSEC warning code : 100

 ets Jan  8 2013,rst cause:4, boot mode:(3,1)

wdt reset
load 0x4010f000, len 1384, room 16 
tail 8
chksum 0x2d
csum 0x2d
v8b899c12
~ld


7.04
 0h00:00.429 1970/01/01T08:00:00z: SPIFFS Active
 0h00:04.104 2026/05/07T03:59:59z: f0:24:f9:c6:6b:d7
 0h00:04.106 2026/05/07T03:59:59z: SSID: wifi
1 BSEC warning code : 100

 ets Jan  8 2013,rst cause:4, boot mode:(3,1)

wdt reset
load 0x4010f000, len 1384, room 16 
tail 8
chksum 0x2d
csum 0x2d
v8b899c12
~ld


7.04
 0h00:00.478 1970/01/01T08:00:00z: SPIFFS Active
 0h00:04.153 2026/05/07T04:19:40z: f0:24:f9:c6:6b:d7
 0h00:04.154 2026/05/07T04:19:40z: SSID: wifi
1 BSEC warning code : 100

 ets Jan  8 2013,rst cause:4, boot mode:(3,1)

wdt reset
load 0x4010f000, len 1384, room 16 
tail 8
chksum 0x2d
csum 0x2d
v8b899c12
~ld


7.04
 0h00:00.479 1970/01/01T08:00:00z: SPIFFS Active
 0h00:04.154 2026/05/07T04:39:21z: f0:24:f9:c6:6b:d7
 0h00:04.156 2026/05/07T04:39:21z: SSID: wifi
1 BSEC warning code : 100

 ets Jan  8 2013,rst cause:4, boot mode:(3,1)

wdt reset
load 0x4010f000, len 1384, room 16 
tail 8
chksum 0x2d
csum 0x2d
v8b899c12
~ld


7.04
 0h00:00.430 1970/01/01T08:00:00z: SPIFFS Active
 0h00:04.105 2026/05/07T04:59:01z: f0:24:f9:c6:6b:d7
 0h00:04.107 2026/05/07T04:59:01z: SSID: wifi
1 BSEC warning code : 100

 ets Jan  8 2013,rst cause:4, boot mode:(3,1)

wdt reset
load 0x4010f000, len 1384, room 16 
tail 8
chksum 0x2d
csum 0x2d
v8b899c12
~ld


7.04
 0h00:00.443 1970/01/01T08:00:00z: SPIFFS Active
 0h00:04.118 2026/05/07T05:18:42z: f0:24:f9:c6:6b:d7
 0h00:04.119 2026/05/07T05:18:42z: SSID: wifi
1 BSEC warning code : 100

1 BSEC warning code : 100

 ets Jan  8 2013,rst cause:4, boot mode:(3,1)

wdt reset
load 0x4010f000, len 1384, room 16 
tail 8
chksum 0x2d
csum 0x2d
v8b899c12
~ld


7.04
 0h00:00.439 1970/01/01T08:00:00z: SPIFFS Active
 0h00:04.114 2026/05/07T05:38:23z: f0:24:f9:c6:6b:d7
 0h00:04.115 2026/05/07T05:38:23z: SSID: wifi
1 BSEC warning code : 100

 ets Jan  8 2013,rst cause:4, boot mode:(3,1)

wdt reset
load 0x4010f000, len 1384, room 16 
tail 8
chksum 0x2d
csum 0x2d
v8b899c12
~ld


7.04
 0h00:00.438 1970/01/01T08:00:00z: SPIFFS Active
 0h00:04.113 2026/05/07T05:58:03z: f0:24:f9:c6:6b:d7
 0h00:04.115 2026/05/07T05:58:03z: SSID: wifi
1 BSEC warning code : 100

 ets Jan  8 2013,rst cause:4, boot mode:(3,1)

wdt reset
load 0x4010f000, len 1384, room 16 
tail 8
chksum 0x2d
csum 0x2d
v8b899c12
~ld


7.04
 0h00:00.482 1970/01/01T08:00:00z: SPIFFS Active
 0h00:04.157 2026/05/07T06:17:44z: f0:24:f9:c6:6b:d7
 0h00:04.159 2026/05/07T06:17:44z: SSID: wifi
1 BSEC warning code : 100

 ets Jan  8 2013,rst cause:4, boot mode:(3,1)

wdt reset
load 0x4010f000, len 1384, room 16 
tail 8
chksum 0x2d
csum 0x2d
v8b899c12
~ld


7.04
 0h00:00.476 1970/01/01T08:00:00z: SPIFFS Active
 0h00:04.151 2026/05/07T06:37:24z: f0:24:f9:c6:6b:d7
 0h00:04.153 2026/05/07T06:37:24z: SSID: wifi
1 BSEC warning code : 100

 ets Jan  8 2013,rst cause:4, boot mode:(3,1)

wdt reset
load 0x4010f000, len 1384, room 16 
tail 8
chksum 0x2d
csum 0x2d
v8b899c12
~ld


7.04
 0h00:00.434 1970/01/01T08:00:00z: SPIFFS Active
 0h00:04.109 2026/05/07T06:57:05z: f0:24:f9:c6:6b:d7
 0h00:04.110 2026/05/07T06:57:05z: SSID: wifi
1 BSEC warning code : 100

 ets Jan  8 2013,rst cause:4, boot mode:(3,1)

wdt reset
load 0x4010f000, len 1384, room 16 
tail 8
chksum 0x2d
csum 0x2d
v8b899c12
~ld


7.04
 0h00:00.435 1970/01/01T08:00:00z: SPIFFS Active
 0h00:04.110 2026/05/07T07:16:45z: f0:24:f9:c6:6b:d7
 0h00:04.112 2026/05/07T07:16:45z: SSID: wifi
1 BSEC warning code : 100

 ets Jan  8 2013,rst cause:4, boot mode:(3,1)

wdt reset
load 0x4010f000, len 1384, room 16 
tail 8
chksum 0x2d
csum 0x2d
v8b899c12
~ld


7.04
 0h00:00.436 1970/01/01T08:00:00z: SPIFFS Active
 0h00:04.112 2026/05/07T07:36:26z: f0:24:f9:c6:6b:d7
 0h00:04.113 2026/05/07T07:36:26z: SSID: wifi
1 BSEC warning code : 100

1 BSEC warning code : 100

 ets Jan  8 2013,rst cause:4, boot mode:(3,1)

wdt reset
load 0x4010f000, len 1384, room 16 
tail 8
chksum 0x2d
csum 0x2d
v8b899c12
~ld


7.04
 0h00:00.520 1970/01/01T08:00:00z: SPIFFS Active
 0h00:04.196 2026/05/07T07:56:06z: f0:24:f9:c6:6b:d7
 0h00:04.197 2026/05/07T07:56:06z: SSID: wifi
1 BSEC warning code : 100

 ets Jan  8 2013,rst cause:4, boot mode:(3,1)

wdt reset
load 0x4010f000, len 1384, room 16 
tail 8
chksum 0x2d
csum 0x2d
v8b899c12
~ld


7.04
 0h00:00.478 1970/01/01T08:00:00z: SPIFFS Active
 0h00:04.153 2026/05/07T08:15:47z: f0:24:f9:c6:6b:d7
 0h00:04.155 2026/05/07T08:15:47z: SSID: wifi
1 BSEC warning code : 100

 ets Jan  8 2013,rst cause:4, boot mode:(3,1)

wdt reset
load 0x4010f000, len 1384, room 16 
tail 8
chksum 0x2d
csum 0x2d
v8b899c12
~ld


7.04
 0h00:00.434 1970/01/01T08:00:00z: SPIFFS Active
 0h00:04.111 2026/05/07T08:35:27z: f0:24:f9:c6:6b:d7
 0h00:04.112 2026/05/07T08:35:27z: SSID: wifi
1 BSEC warning code : 100

 ets Jan  8 2013,rst cause:4, boot mode:(3,1)

wdt reset
load 0x4010f000, len 1384, room 16 
tail 8
chksum 0x2d
csum 0x2d
v8b899c12
~ld


7.04
 0h00:00.483 1970/01/01T08:00:00z: SPIFFS Active
 0h00:04.161 2026/05/07T08:55:09z: f0:24:f9:c6:6b:d7
 0h00:04.162 2026/05/07T08:55:09z: SSID: wifi
1 BSEC warning code : 100

1 BSEC warning code : 100

 ets Jan  8 2013,rst cause:4, boot mode:(3,1)

wdt reset
load 0x4010f000, len 1384, room 16 
tail 8
chksum 0x2d
csum 0x2d
v8b899c12
~ld


7.04
 0h00:00.437 1970/01/01T08:00:00z: SPIFFS Active
 0h00:04.114 2026/05/07T09:14:49z: f0:24:f9:c6:6b:d7
 0h00:04.115 2026/05/07T09:14:49z: SSID: wifi
1 BSEC warning code : 100

 ets Jan  8 2013,rst cause:4, boot mode:(3,1)

wdt reset
load 0x4010f000, len 1384, room 16 
tail 8
chksum 0x2d
csum 0x2d
v8b899c12
~ld


7.04
 0h00:00.443 1970/01/01T08:00:00z: SPIFFS Active
 0h00:04.120 2026/05/07T09:34:30z: f0:24:f9:c6:6b:d7
 0h00:04.121 2026/05/07T09:34:30z: SSID: wifi
1 BSEC warning code : 100

 ets Jan  8 2013,rst cause:4, boot mode:(3,1)

wdt reset
load 0x4010f000, len 1384, room 16 
tail 8
chksum 0x2d
csum 0x2d
v8b899c12
~ld


7.04
 0h00:00.434 1970/01/01T08:00:00z: SPIFFS Active
 0h00:04.110 2026/05/07T09:54:11z: f0:24:f9:c6:6b:d7
 0h00:04.111 2026/05/07T09:54:11z: SSID: wifi
1 BSEC warning code : 100

1 BSEC warning code : 100

 ets Jan  8 2013,rst cause:4, boot mode:(3,1)

wdt reset
load 0x4010f000, len 1384, room 16 
tail 8
chksum 0x2d
csum 0x2d
v8b899c12
~ld


7.04
 0h00:00.469 1970/01/01T08:00:00z: SPIFFS Active
 0h00:04.145 2026/05/07T10:13:50z: f0:24:f9:c6:6b:d7
 0h00:04.146 2026/05/07T10:13:50z: SSID: wifi
1 BSEC warning code : 100

1 BSEC warning code : 100

 ets Jan  8 2013,rst cause:4, boot mode:(3,1)

wdt reset
load 0x4010f000, len 1384, room 16 
tail 8
chksum 0x2d
csum 0x2d
v8b899c12
~ld


7.04
 0h00:00.474 1970/01/01T08:00:00z: SPIFFS Active
 0h00:04.150 2026/05/07T10:33:31z: f0:24:f9:c6:6b:d7
 0h00:04.151 2026/05/07T10:33:31z: SSID: wifi
1 BSEC warning code : 100

 ets Jan  8 2013,rst cause:4, boot mode:(3,1)

wdt reset
load 0x4010f000, len 1384, room 16 
tail 8
chksum 0x2d
csum 0x2d
v8b899c12
~ld


7.04
 0h00:00.479 1970/01/01T08:00:00z: SPIFFS Active
 0h00:04.154 2026/05/07T10:53:12z: f0:24:f9:c6:6b:d7
 0h00:04.155 2026/05/07T10:53:12z: SSID: wifi
1 BSEC warning code : 100

1 BSEC warning code : 100

 ets Jan  8 2013,rst cause:4, boot mode:(3,1)

wdt reset
load 0x4010f000, len 1384, room 16 
tail 8
chksum 0x2d
csum 0x2d
v8b899c12
~ld


7.04
 0h00:00.426 1970/01/01T08:00:00z: SPIFFS Active
 0h00:04.101 2026/05/07T11:12:53z: f0:24:f9:c6:6b:d7
 0h00:04.103 2026/05/07T11:12:53z: SSID: wifi
1 BSEC warning code : 100

 ets Jan  8 2013,rst cause:4, boot mode:(3,1)

wdt reset
load 0x4010f000, len 1384, room 16 
tail 8
chksum 0x2d
csum 0x2d
v8b899c12
~ld


7.04
 0h00:00.441 1970/01/01T08:00:00z: SPIFFS Active
 0h00:04.117 2026/05/07T11:32:33z: f0:24:f9:c6:6b:d7
 0h00:04.118 2026/05/07T11:32:33z: SSID: wifi
1 BSEC warning code : 100

 ets Jan  8 2013,rst cause:4, boot mode:(3,1)

wdt reset
load 0x4010f000, len 1384, room 16 
tail 8
chksum 0x2d
csum 0x2d
v8b899c12
~ld


7.04
 0h00:00.434 1970/01/01T08:00:00z: SPIFFS Active
 0h00:04.109 2026/05/07T11:52:13z: f0:24:f9:c6:6b:d7
 0h00:04.111 2026/05/07T11:52:13z: SSID: wifi
1 BSEC warning code : 100

1 BSEC warning code : 100

 ets Jan  8 2013,rst cause:4, boot mode:(3,1)

wdt reset
load 0x4010f000, len 1384, room 16 
tail 8
chksum 0x2d
csum 0x2d
v8b899c12
~ld


7.04
 0h00:00.436 1970/01/01T08:00:00z: SPIFFS Active
 0h00:04.111 2026/05/07T12:11:54z: f0:24:f9:c6:6b:d7
 0h00:04.113 2026/05/07T12:11:54z: SSID: wifi
1 BSEC warning code : 100

1 BSEC warning code : 100

 ets Jan  8 2013,rst cause:4, boot mode:(3,1)

wdt reset
load 0x4010f000, len 1384, room 16 
tail 8
chksum 0x2d
csum 0x2d
v8b899c12
~ld


7.04
 0h00:00.430 1970/01/01T08:00:00z: SPIFFS Active
 0h00:04.106 2026/05/07T12:31:35z: f0:24:f9:c6:6b:d7
 0h00:04.107 2026/05/07T12:31:35z: SSID: wifi
1 BSEC warning code : 100

1 BSEC warning code : 100

 ets Jan  8 2013,rst cause:4, boot mode:(3,1)

wdt reset
load 0x4010f000, len 1384, room 16 
tail 8
chksum 0x2d
csum 0x2d
v8b899c12
~ld


7.04
 0h00:00.440 1970/01/01T08:00:00z: SPIFFS Active
 0h00:04.116 2026/05/07T12:51:15z: f0:24:f9:c6:6b:d7
 0h00:04.118 2026/05/07T12:51:15z: SSID: wifi
1 BSEC warning code : 100

 ets Jan  8 2013,rst cause:4, boot mode:(3,1)

wdt reset
load 0x4010f000, len 1384, room 16 
tail 8
chksum 0x2d
csum 0x2d
v8b899c12
~ld


7.04
 0h00:00.429 1970/01/01T08:00:00z: SPIFFS Active
 0h00:04.105 2026/05/07T13:10:55z: f0:24:f9:c6:6b:d7
 0h00:04.106 2026/05/07T13:10:55z: SSID: wifi
1 BSEC warning code : 100

1 BSEC warning code : 100

 ets Jan  8 2013,rst cause:4, boot mode:(3,1)

wdt reset
load 0x4010f000, len 1384, room 16 
tail 8
chksum 0x2d
csum 0x2d
v8b899c12
~ld


7.04
 0h00:00.483 1970/01/01T08:00:00z: SPIFFS Active
 0h00:04.158 2026/05/07T13:30:35z: f0:24:f9:c6:6b:d7
 0h00:04.159 2026/05/07T13:30:35z: SSID: wifi
1 BSEC warning code : 100

 ets Jan  8 2013,rst cause:4, boot mode:(3,1)

wdt reset
load 0x4010f000, len 1384, room 16 
tail 8
chksum 0x2d
csum 0x2d
v8b899c12
~ld


7.04
 0h00:00.440 1970/01/01T08:00:00z: SPIFFS Active
 0h00:04.116 2026/05/07T13:50:16z: f0:24:f9:c6:6b:d7
 0h00:04.118 2026/05/07T13:50:16z: SSID: wifi
1 BSEC warning code : 100

1 BSEC warning code : 100

 ets Jan  8 2013,rst cause:4, boot mode:(3,1)

wdt reset
load 0x4010f000, len 1384, room 16 
tail 8
chksum 0x2d
csum 0x2d
v8b899c12
~ld


7.04
 0h00:00.438 1970/01/01T08:00:00z: SPIFFS Active
 0h00:04.113 2026/05/07T14:09:57z: f0:24:f9:c6:6b:d7
 0h00:04.115 2026/05/07T14:09:57z: SSID: wifi
1 BSEC warning code : 100

1 BSEC warning code : 100

 ets Jan  8 2013,rst cause:4, boot mode:(3,1)

wdt reset
load 0x4010f000, len 1384, room 16 
tail 8
chksum 0x2d
csum 0x2d
v8b899c12
~ld


7.04
 0h00:00.442 1970/01/01T08:00:00z: SPIFFS Active
 0h00:04.118 2026/05/07T14:29:38z: f0:24:f9:c6:6b:d7
 0h00:04.120 2026/05/07T14:29:38z: SSID: wifi
1 BSEC warning code : 100

 ets Jan  8 2013,rst cause:4, boot mode:(3,1)

wdt reset
load 0x4010f000, len 1384, room 16 
tail 8
chksum 0x2d
csum 0x2d
v8b899c12
~ld


7.04
 0h00:00.440 1970/01/01T08:00:00z: SPIFFS Active
 0h00:04.116 2026/05/07T14:49:18z: f0:24:f9:c6:6b:d7
 0h00:04.118 2026/05/07T14:49:18z: SSID: wifi
1 BSEC warning code : 100

 ets Jan  8 2013,rst cause:4, boot mode:(3,1)

wdt reset
load 0x4010f000, len 1384, room 16 
tail 8
chksum 0x2d
csum 0x2d
v8b899c12
~ld


7.04
 0h00:00.472 1970/01/01T08:00:00z: SPIFFS Active
 0h00:04.148 2026/05/07T15:08:58z: f0:24:f9:c6:6b:d7
 0h00:04.149 2026/05/07T15:08:58z: SSID: wifi
1 BSEC warning code : 100

 ets Jan  8 2013,rst cause:4, boot mode:(3,1)

wdt reset
load 0x4010f000, len 1384, room 16 
tail 8
chksum 0x2d
csum 0x2d
v8b899c12
~ld


7.04
 0h00:00.443 1970/01/01T08:00:00z: SPIFFS Active
 0h00:04.119 2026/05/07T15:28:39z: f0:24:f9:c6:6b:d7
 0h00:04.121 2026/05/07T15:28:39z: SSID: wifi
1 BSEC warning code : 100

 ets Jan  8 2013,rst cause:4, boot mode:(3,1)

wdt reset
load 0x4010f000, len 1384, room 16 
tail 8
chksum 0x2d
csum 0x2d
v8b899c12
~ld


7.04
 0h00:00.443 1970/01/01T08:00:00z: SPIFFS Active
 0h00:04.119 2026/05/07T15:48:20z: f0:24:f9:c6:6b:d7
 0h00:04.120 2026/05/07T15:48:20z: SSID: wifi
1 BSEC warning code : 100

1 BSEC warning code : 100

 ets Jan  8 2013,rst cause:4, boot mode:(3,1)

wdt reset
load 0x4010f000, len 1384, room 16 
tail 8
chksum 0x2d
csum 0x2d
v8b899c12
~ld


7.04
 0h00:00.484 1970/01/01T08:00:00z: SPIFFS Active
 0h00:04.160 2026/05/07T16:08:01z: f0:24:f9:c6:6b:d7
 0h00:04.162 2026/05/07T16:08:01z: SSID: wifi
1 BSEC warning code : 100

 ets Jan  8 2013,rst cause:4, boot mode:(3,1)

wdt reset
load 0x4010f000, len 1384, room 16 
tail 8
chksum 0x2d
csum 0x2d
v8b899c12
~ld


7.04
 0h00:00.469 1970/01/01T08:00:00z: SPIFFS Active
 0h00:04.145 2026/05/07T16:27:41z: f0:24:f9:c6:6b:d7
 0h00:04.147 2026/05/07T16:27:41z: SSID: wifi
1 BSEC warning code : 100

1 BSEC warning code : 100

 ets Jan  8 2013,rst cause:4, boot mode:(3,1)

wdt reset
load 0x4010f000, len 1384, room 16 
tail 8
chksum 0x2d
csum 0x2d
v8b899c12
~ld


7.04
 0h00:00.440 1970/01/01T08:00:00z: SPIFFS Active
 0h00:04.116 2026/05/07T16:47:23z: f0:24:f9:c6:6b:d7
 0h00:04.118 2026/05/07T16:47:23z: SSID: wifi
1 BSEC warning code : 100

1 BSEC warning code : 100

 ets Jan  8 2013,rst cause:4, boot mode:(3,1)

wdt reset
load 0x4010f000, len 1384, room 16 
tail 8
chksum 0x2d
csum 0x2d
v8b899c12
~ld


7.04
 0h00:00.436 1970/01/01T08:00:00z: SPIFFS Active
 0h00:04.112 2026/05/07T17:07:04z: f0:24:f9:c6:6b:d7
 0h00:04.114 2026/05/07T17:07:04z: SSID: wifi
1 BSEC warning code : 100

 ets Jan  8 2013,rst cause:4, boot mode:(3,1)

wdt reset
load 0x4010f000, len 1384, room 16 
tail 8
chksum 0x2d
csum 0x2d
v8b899c12
~ld


7.04
 0h00:00.440 1970/01/01T08:00:00z: SPIFFS Active
 0h00:04.116 2026/05/07T17:26:44z: f0:24:f9:c6:6b:d7
 0h00:04.118 2026/05/07T17:26:44z: SSID: wifi
1 BSEC warning code : 100

 ets Jan  8 2013,rst cause:4, boot mode:(3,1)

wdt reset
load 0x4010f000, len 1384, room 16 
tail 8
chksum 0x2d
csum 0x2d
v8b899c12
~ld


7.04
 0h00:00.441 1970/01/01T08:00:00z: SPIFFS Active
 0h00:04.117 2026/05/07T17:46:25z: f0:24:f9:c6:6b:d7
 0h00:04.118 2026/05/07T17:46:25z: SSID: wifi
1 BSEC warning code : 100

1 BSEC warning code : 100

 ets Jan  8 2013,rst cause:4, boot mode:(3,1)

wdt reset
load 0x4010f000, len 1384, room 16 
tail 8
chksum 0x2d
csum 0x2d
v8b899c12
~ld


7.04
 0h00:00.435 1970/01/01T08:00:00z: SPIFFS Active
 0h00:04.111 2026/05/07T18:06:05z: f0:24:f9:c6:6b:d7
 0h00:04.112 2026/05/07T18:06:05z: SSID: wifi
1 BSEC warning code : 100

1 BSEC warning code : 100

 ets Jan  8 2013,rst cause:4, boot mode:(3,1)

wdt reset
load 0x4010f000, len 1384, room 16 
tail 8
chksum 0x2d
csum 0x2d
v8b899c12
~ld


7.04
 0h00:00.434 1970/01/01T08:00:00z: SPIFFS Active
 0h00:04.110 2026/05/07T18:25:47z: f0:24:f9:c6:6b:d7
 0h00:04.112 2026/05/07T18:25:47z: SSID: wifi
1 BSEC warning code : 100

 ets Jan  8 2013,rst cause:4, boot mode:(3,1)

wdt reset
load 0x4010f000, len 1384, room 16 
tail 8
chksum 0x2d
csum 0x2d
v8b899c12
~ld


7.04
 0h00:00.434 1970/01/01T08:00:00z: SPIFFS Active
 0h00:04.110 2026/05/07T18:45:27z: f0:24:f9:c6:6b:d7
 0h00:04.111 2026/05/07T18:45:27z: SSID: wifi
1 BSEC warning code : 100

1 BSEC warning code : 100

 ets Jan  8 2013,rst cause:4, boot mode:(3,1)

wdt reset
load 0x4010f000, len 1384, room 16 
tail 8
chksum 0x2d
csum 0x2d
v8b899c12
~ld


7.04
 0h00:00.472 1970/01/01T08:00:00z: SPIFFS Active
 0h00:04.148 2026/05/07T19:05:08z: f0:24:f9:c6:6b:d7
 0h00:04.149 2026/05/07T19:05:08z: SSID: wifi
1 BSEC warning code : 100

1 BSEC warning code : 100

 ets Jan  8 2013,rst cause:4, boot mode:(3,1)

wdt reset
load 0x4010f000, len 1384, room 16 
tail 8
chksum 0x2d
csum 0x2d
v8b899c12
~ld


7.04
 0h00:00.435 1970/01/01T08:00:00z: SPIFFS Active
 0h00:04.111 2026/05/07T19:24:48z: f0:24:f9:c6:6b:d7
 0h00:04.113 2026/05/07T19:24:48z: SSID: wifi
1 BSEC warning code : 100

 ets Jan  8 2013,rst cause:4, boot mode:(3,1)

wdt reset
load 0x4010f000, len 1384, room 16 
tail 8
chksum 0x2d
csum 0x2d
v8b899c12
~ld


7.04
 0h00:00.431 1970/01/01T08:00:00z: SPIFFS Active
 0h00:04.107 2026/05/07T19:44:29z: f0:24:f9:c6:6b:d7
 0h00:04.109 2026/05/07T19:44:29z: SSID: wifi
1 BSEC warning code : 100

 ets Jan  8 2013,rst cause:4, boot mode:(3,1)

wdt reset
load 0x4010f000, len 1384, room 16 
tail 8
chksum 0x2d
csum 0x2d
v8b899c12
~ld


7.04
 0h00:00.432 1970/01/01T08:00:00z: SPIFFS Active
 0h00:04.109 2026/05/07T20:04:10z: f0:24:f9:c6:6b:d7
 0h00:04.110 2026/05/07T20:04:10z: SSID: wifi
1 BSEC warning code : 100

 ets Jan  8 2013,rst cause:4, boot mode:(3,1)

wdt reset
load 0x4010f000, len 1384, room 16 
tail 8
chksum 0x2d
csum 0x2d
v8b899c12
~ld


7.04
 0h00:00.438 1970/01/01T08:00:00z: SPIFFS Active
 0h00:04.114 2026/05/07T20:23:51z: f0:24:f9:c6:6b:d7
 0h00:04.116 2026/05/07T20:23:51z: SSID: wifi
1 BSEC warning code : 100

 ets Jan  8 2013,rst cause:4, boot mode:(3,1)

wdt reset
load 0x4010f000, len 1384, room 16 
tail 8
chksum 0x2d
csum 0x2d
v8b899c12
~ld


7.04
 0h00:00.436 1970/01/01T08:00:00z: SPIFFS Active
 0h00:04.112 2026/05/07T20:43:32z: f0:24:f9:c6:6b:d7
 0h00:04.114 2026/05/07T20:43:32z: SSID: wifi
1 BSEC warning code : 100

 ets Jan  8 2013,rst cause:4, boot mode:(3,1)

wdt reset
load 0x4010f000, len 1384, room 16 
tail 8
chksum 0x2d
csum 0x2d
v8b899c12
~ld


7.04
 0h00:00.436 1970/01/01T08:00:00z: SPIFFS Active
 0h00:04.113 2026/05/07T21:03:12z: f0:24:f9:c6:6b:d7
 0h00:04.114 2026/05/07T21:03:12z: SSID: wifi
1 BSEC warning code : 100

1 BSEC warning code : 100

 ets Jan  8 2013,rst cause:4, boot mode:(3,1)

wdt reset
load 0x4010f000, len 1384, room 16 
tail 8
chksum 0x2d
csum 0x2d
v8b899c12
~ld


7.04
 0h00:00.436 1970/01/01T08:00:00z: SPIFFS Active
 0h00:04.112 2026/05/07T21:22:54z: f0:24:f9:c6:6b:d7
 0h00:04.114 2026/05/07T21:22:54z: SSID: wifi
1 BSEC warning code : 100

 ets Jan  8 2013,rst cause:4, boot mode:(3,1)

wdt reset
load 0x4010f000, len 1384, room 16 
tail 8
chksum 0x2d
csum 0x2d
v8b899c12
~ld


7.04
 0h00:00.442 1970/01/01T08:00:00z: SPIFFS Active
 0h00:04.118 2026/05/07T21:42:34z: f0:24:f9:c6:6b:d7
 0h00:04.120 2026/05/07T21:42:34z: SSID: wifi
1 BSEC warning code : 100

 ets Jan  8 2013,rst cause:4, boot mode:(3,1)

wdt reset
load 0x4010f000, len 1384, room 16 
tail 8
chksum 0x2d
csum 0x2d
v8b899c12
~ld


7.04
 0h00:00.432 1970/01/01T08:00:00z: SPIFFS Active
 0h00:04.109 2026/05/07T22:02:15z: f0:24:f9:c6:6b:d7
 0h00:04.110 2026/05/07T22:02:15z: SSID: wifi
1 BSEC warning code : 100

 ets Jan  8 2013,rst cause:4, boot mode:(3,1)

wdt reset
load 0x4010f000, len 1384, room 16 
tail 8
chksum 0x2d
csum 0x2d
v8b899c12
~ld


7.04
 0h00:00.443 1970/01/01T08:00:00z: SPIFFS Active
 0h00:04.119 2026/05/07T22:21:56z: f0:24:f9:c6:6b:d7
 0h00:04.121 2026/05/07T22:21:56z: SSID: wifi
1 BSEC warning code : 100

1 BSEC warning code : 100

 ets Jan  8 2013,rst cause:4, boot mode:(3,1)

wdt reset
load 0x4010f000, len 1384, room 16 
tail 8
chksum 0x2d
csum 0x2d
v8b899c12
~ld


7.04
 0h00:00.488 1970/01/01T08:00:00z: SPIFFS Active
 0h00:04.164 2026/05/07T22:41:37z: f0:24:f9:c6:6b:d7
 0h00:04.166 2026/05/07T22:41:37z: SSID: wifi
1 BSEC warning code : 100

 ets Jan  8 2013,rst cause:4, boot mode:(3,1)

wdt reset
load 0x4010f000, len 1384, room 16 
tail 8
chksum 0x2d
csum 0x2d
v8b899c12
~ld


7.04
 0h00:00.487 1970/01/01T08:00:00z: SPIFFS Active
 0h00:04.164 2026/05/07T23:01:18z: f0:24:f9:c6:6b:d7
 0h00:04.165 2026/05/07T23:01:18z: SSID: wifi
1 BSEC warning code : 100

 ets Jan  8 2013,rst cause:4, boot mode:(3,1)

wdt reset
load 0x4010f000, len 1384, room 16 
tail 8
chksum 0x2d
csum 0x2d
v8b899c12
~ld


7.04
 0h00:00.445 1970/01/01T08:00:00z: SPIFFS Active
 0h00:04.121 2026/05/07T23:20:59z: f0:24:f9:c6:6b:d7
 0h00:04.123 2026/05/07T23:20:59z: SSID: wifi
1 BSEC warning code : 100

 ets Jan  8 2013,rst cause:4, boot mode:(3,1)

wdt reset
load 0x4010f000, len 1384, room 16 
tail 8
chksum 0x2d
csum 0x2d
v8b899c12
~ld


7.04
 0h00:00.443 1970/01/01T08:00:00z: SPIFFS Active
 0h00:04.120 2026/05/07T23:40:40z: f0:24:f9:c6:6b:d7
 0h00:04.121 2026/05/07T23:40:40z: SSID: wifi
1 BSEC warning code : 100

1 BSEC warning code : 100
