
1 BSEC warning code : 100

 ets Jan  8 2013,rst cause:1, boot mode:(3,7)

load 0x4010f000, len 1384, room 16 
tail 8
chksum 0x2d
csum 0x2d
v8b899c12
~ld


7.04
 0h00:00.609 1970/01/01T08:00:00z: SPIFFS Active
 0h00:04.285 2026/05/30T00:09:35z: f0:24:f9:c6:e5:45
 0h00:04.286 2026/05/30T00:09:35z: SSID: TEST-STA
1 BSEC warning code : 100

1 BSEC warning code : 100

 ets Jan  8 2013,rst cause:1, boot mode:(3,7)

load 0x4010f000, len 1384, room 16 
tail 8
chksum 0x2d
csum 0x2d
v8b899c12
~ld


7.04
 0h00:00.603 1970/01/01T08:00:00z: SPIFFS Active
 0h00:04.280 2026/05/30T00:29:16z: f0:24:f9:c6:e5:45
 0h00:04.282 2026/05/30T00:29:16z: SSID: TEST-STA
1 BSEC warning code : 100

 ets Jan  8 2013,rst cause:1, boot mode:(3,7)

load 0x4010f000, len 1384, room 16 
tail 8
chksum 0x2d
csum 0x2d
v8b899c12
~ld


7.04
 0h00:00.502 1970/01/01T08:00:00z: SPIFFS Active
 0h00:04.178 2026/05/30T00:48:57z: f0:24:f9:c6:e5:45
 0h00:04.180 2026/05/30T00:48:57z: SSID: TEST-STA
1 BSEC warning code : 100

 ets Jan  8 2013,rst cause:1, boot mode:(3,7)

load 0x4010f000, len 1384, room 16 
tail 8
chksum 0x2d
csum 0x2d
v8b899c12
~ld


7.04
 0h00:00.522 1970/01/01T08:00:00z: SPIFFS Active
 0h00:04.198 2026/05/30T01:08:38z: f0:24:f9:c6:e5:45
 0h00:04.200 2026/05/30T01:08:38z: SSID: TEST-STA
1 BSEC warning code : 100

 ets Jan  8 2013,rst cause:1, boot mode:(3,7)

load 0x4010f000, len 1384, room 16 
tail 8
chksum 0x2d
csum 0x2d
v8b899c12
~ld


7.04
 0h00:00.512 1970/01/01T08:00:00z: SPIFFS Active
 0h00:04.189 2026/05/30T01:28:19z: f0:24:f9:c6:e5:45
 0h00:04.190 2026/05/30T01:28:19z: SSID: TEST-STA
1 BSEC warning code : 100

 ets Jan  8 2013,rst cause:1, boot mode:(3,7)

load 0x4010f000, len 1384, room 16 
tail 8
chksum 0x2d
csum 0x2d
v8b899c12
~ld


7.04
 0h00:00.603 1970/01/01T08:00:00z: SPIFFS Active
 0h00:04.279 2026/05/30T01:48:00z: f0:24:f9:c6:e5:45
 0h00:04.281 2026/05/30T01:48:00z: SSID: TEST-STA
1 BSEC warning code : 100

 ets Jan  8 2013,rst cause:1, boot mode:(3,7)

load 0x4010f000, len 1384, room 16 
tail 8
chksum 0x2d
csum 0x2d
v8b899c12
~ld


7.04
 0h00:00.515 1970/01/01T08:00:00z: SPIFFS Active
 0h00:04.192 2026/05/30T02:07:40z: f0:24:f9:c6:e5:45
 0h00:04.193 2026/05/30T02:07:40z: SSID: TEST-STA
1 BSEC warning code : 100

 ets Jan  8 2013,rst cause:1, boot mode:(3,7)

load 0x4010f000, len 1384, room 16 
tail 8
chksum 0x2d
csum 0x2d
v8b899c12
~ld


7.04
 0h00:00.519 1970/01/01T08:00:00z: SPIFFS Active
 0h00:04.195 2026/05/30T02:27:21z: f0:24:f9:c6:e5:45
 0h00:04.197 2026/05/30T02:27:21z: SSID: TEST-STA
1 BSEC warning code : 100

1 BSEC warning code : 100

 ets Jan  8 2013,rst cause:1, boot mode:(3,7)

load 0x4010f000, len 1384, room 16 
tail 8
chksum 0x2d
csum 0x2d
v8b899c12
~ld


7.04
 0h00:00.520 1970/01/01T08:00:00z: SPIFFS Active
 0h00:04.197 2026/05/30T02:47:02z: f0:24:f9:c6:e5:45
 0h00:04.198 2026/05/30T02:47:02z: SSID: TEST-STA
1 BSEC warning code : 100

1 BSEC warning code : 100

 ets Jan  8 2013,rst cause:1, boot mode:(3,7)

load 0x4010f000, len 1384, room 16 
tail 8
chksum 0x2d
csum 0x2d
v8b899c12
~ld


7.04
 0h00:00.563 1970/01/01T08:00:00z: SPIFFS Active
 0h00:04.240 2026/05/30T03:06:44z: f0:24:f9:c6:e5:45
 0h00:04.241 2026/05/30T03:06:44z: SSID: TEST-STA
1 BSEC warning code : 100

 ets Jan  8 2013,rst cause:1, boot mode:(3,7)

load 0x4010f000, len 1384, room 16 
tail 8
chksum 0x2d
csum 0x2d
v8b899c12
~ld


7.04
 0h00:00.597 1970/01/01T08:00:00z: SPIFFS Active
 0h00:04.274 2026/05/30T03:26:25z: f0:24:f9:c6:e5:45
 0h00:04.275 2026/05/30T03:26:25z: SSID: TEST-STA
1 BSEC warning code : 100

1 BSEC warning code : 100

 ets Jan  8 2013,rst cause:1, boot mode:(3,7)

load 0x4010f000, len 1384, room 16 
tail 8
chksum 0x2d
csum 0x2d
v8b899c12
~ld


7.04
 0h00:00.515 1970/01/01T08:00:00z: SPIFFS Active
 0h00:04.192 2026/05/30T03:46:05z: f0:24:f9:c6:e5:45
 0h00:04.193 2026/05/30T03:46:05z: SSID: TEST-STA
1 BSEC warning code : 100

1 BSEC warning code : 100

 ets Jan  8 2013,rst cause:1, boot mode:(3,7)

load 0x4010f000, len 1384, room 16 
tail 8
chksum 0x2d
csum 0x2d
v8b899c12
~ld


7.04
 0h00:00.567 1970/01/01T08:00:00z: SPIFFS Active
 0h00:04.244 2026/05/30T04:05:45z: f0:24:f9:c6:e5:45
 0h00:04.246 2026/05/30T04:05:45z: SSID: TEST-STA
1 BSEC warning code : 100

 ets Jan  8 2013,rst cause:1, boot mode:(3,7)

load 0x4010f000, len 1384, room 16 
tail 8
chksum 0x2d
csum 0x2d
v8b899c12
~ld


7.04
 0h00:00.574 1970/01/01T08:00:00z: SPIFFS Active
 0h00:04.251 2026/05/30T04:25:26z: f0:24:f9:c6:e5:45
 0h00:04.252 2026/05/30T04:25:26z: SSID: TEST-STA
1 BSEC warning code : 100

 ets Jan  8 2013,rst cause:1, boot mode:(3,7)

load 0x4010f000, len 1384, room 16 
tail 8
chksum 0x2d
csum 0x2d
v8b899c12
~ld


7.04
 0h00:00.556 1970/01/01T08:00:00z: SPIFFS Active
 0h00:04.232 2026/05/30T04:45:07z: f0:24:f9:c6:e5:45
 0h00:04.234 2026/05/30T04:45:07z: SSID: TEST-STA
1 BSEC warning code : 100

 ets Jan  8 2013,rst cause:1, boot mode:(3,7)

load 0x4010f000, len 1384, room 16 
tail 8
chksum 0x2d
csum 0x2d
v8b899c12
~ld


7.04
 0h00:00.573 1970/01/01T08:00:00z: SPIFFS Active
 0h00:04.250 2026/05/30T05:04:47z: f0:24:f9:c6:e5:45
 0h00:04.251 2026/05/30T05:04:47z: SSID: TEST-STA
1 BSEC warning code : 100

 ets Jan  8 2013,rst cause:1, boot mode:(3,7)

load 0x4010f000, len 1384, room 16 
tail 8
chksum 0x2d
csum 0x2d
v8b899c12
~ld


7.04
 0h00:00.520 1970/01/01T08:00:00z: SPIFFS Active
 0h00:04.197 2026/05/30T05:24:29z: f0:24:f9:c6:e5:45
 0h00:04.199 2026/05/30T05:24:29z: SSID: TEST-STA
1 BSEC warning code : 100

 ets Jan  8 2013,rst cause:1, boot mode:(3,7)

load 0x4010f000, len 1384, room 16 
tail 8
chksum 0x2d
csum 0x2d
v8b899c12
~ld


7.04
 0h00:00.512 1970/01/01T08:00:00z: SPIFFS Active
 0h00:04.189 2026/05/30T05:44:09z: f0:24:f9:c6:e5:45
 0h00:04.190 2026/05/30T05:44:09z: SSID: TEST-STA
1 BSEC warning code : 100

 ets Jan  8 2013,rst cause:1, boot mode:(3,7)

load 0x4010f000, len 1384, room 16 
tail 8
chksum 0x2d
csum 0x2d
v8b899c12
~ld


7.04
 0h00:00.563 1970/01/01T08:00:00z: SPIFFS Active
 0h00:04.240 2026/05/30T06:03:50z: f0:24:f9:c6:e5:45
 0h00:04.242 2026/05/30T06:03:50z: SSID: TEST-STA
1 BSEC warning code : 100

1 BSEC warning code : 100

 ets Jan  8 2013,rst cause:1, boot mode:(3,7)

load 0x4010f000, len 1384, room 16 
tail 8
chksum 0x2d
csum 0x2d
v8b899c12
~ld


7.04
 0h00:00.558 1970/01/01T08:00:00z: SPIFFS Active
 0h00:04.235 2026/05/30T06:23:30z: f0:24:f9:c6:e5:45
 0h00:04.237 2026/05/30T06:23:30z: SSID: TEST-STA
1 BSEC warning code : 100

1 BSEC warning code : 100

 ets Jan  8 2013,rst cause:1, boot mode:(3,7)

load 0x4010f000, len 1384, room 16 
tail 8
chksum 0x2d
csum 0x2d
v8b899c12
~ld


7.04
 0h00:00.522 1970/01/01T08:00:00z: SPIFFS Active
 0h00:04.199 2026/05/30T06:43:11z: f0:24:f9:c6:e5:45
 0h00:04.201 2026/05/30T06:43:11z: SSID: TEST-STA
1 BSEC warning code : 100

1 BSEC warning code : 100

 ets Jan  8 2013,rst cause:1, boot mode:(3,7)

load 0x4010f000, len 1384, room 16 
tail 8
chksum 0x2d
csum 0x2d
v8b899c12
~ld


7.04
 0h00:00.520 1970/01/01T08:00:00z: SPIFFS Active
 0h00:04.197 2026/05/30T07:02:52z: f0:24:f9:c6:e5:45
 0h00:04.199 2026/05/30T07:02:52z: SSID: TEST-STA
1 BSEC warning code : 100

 ets Jan  8 2013,rst cause:1, boot mode:(3,7)

load 0x4010f000, len 1384, room 16 
tail 8
chksum 0x2d
csum 0x2d
v8b899c12
~ld


7.04
 0h00:00.520 1970/01/01T08:00:00z: SPIFFS Active
 0h00:04.197 2026/05/30T07:22:33z: f0:24:f9:c6:e5:45
 0h00:04.198 2026/05/30T07:22:33z: SSID: TEST-STA
1 BSEC warning code : 100

 ets Jan  8 2013,rst cause:1, boot mode:(3,7)

load 0x4010f000, len 1384, room 16 
tail 8
chksum 0x2d
csum 0x2d
v8b899c12
~ld


7.04
 0h00:00.608 1970/01/01T08:00:00z: SPIFFS Active
 0h00:04.285 2026/05/30T07:42:13z: f0:24:f9:c6:e5:45
 0h00:04.286 2026/05/30T07:42:13z: SSID: TEST-STA
1 BSEC warning code : 100

1 BSEC warning code : 100

 ets Jan  8 2013,rst cause:1, boot mode:(3,7)

load 0x4010f000, len 1384, room 16 
tail 8
chksum 0x2d
csum 0x2d
v8b899c12
~ld


7.04
 0h00:00.512 1970/01/01T08:00:00z: SPIFFS Active
 0h00:04.189 2026/05/30T08:01:54z: f0:24:f9:c6:e5:45
 0h00:04.191 2026/05/30T08:01:54z: SSID: TEST-STA
1 BSEC warning code : 100

 ets Jan  8 2013,rst cause:1, boot mode:(3,7)

load 0x4010f000, len 1384, room 16 
tail 8
chksum 0x2d
csum 0x2d
v8b899c12
~ld


7.04
 0h00:00.508 1970/01/01T08:00:00z: SPIFFS Active
 0h00:04.185 2026/05/30T08:21:34z: f0:24:f9:c6:e5:45
 0h00:04.187 2026/05/30T08:21:34z: SSID: TEST-STA
1 BSEC warning code : 100

1 BSEC warning code : 100

 ets Jan  8 2013,rst cause:1, boot mode:(3,7)

load 0x4010f000, len 1384, room 16 
tail 8
chksum 0x2d
csum 0x2d
v8b899c12
~ld


7.04
 0h00:00.522 1970/01/01T08:00:00z: SPIFFS Active
 0h00:04.199 2026/05/30T08:41:16z: f0:24:f9:c6:e5:45
 0h00:04.201 2026/05/30T08:41:16z: SSID: TEST-STA
1 BSEC warning code : 100

 ets Jan  8 2013,rst cause:1, boot mode:(3,7)

load 0x4010f000, len 1384, room 16 
tail 8
chksum 0x2d
csum 0x2d
v8b899c12
~ld


7.04
 0h00:00.566 1970/01/01T08:00:00z: SPIFFS Active
 0h00:04.243 2026/05/30T09:00:57z: f0:24:f9:c6:e5:45
 0h00:04.245 2026/05/30T09:00:57z: SSID: TEST-STA
1 BSEC warning code : 100

 ets Jan  8 2013,rst cause:1, boot mode:(3,7)

load 0x4010f000, len 1384, room 16 
tail 8
chksum 0x2d
csum 0x2d
v8b899c12
~ld


7.04
 0h00:00.516 1970/01/01T08:00:00z: SPIFFS Active
 0h00:04.193 2026/05/30T09:20:38z: f0:24:f9:c6:e5:45
 0h00:04.195 2026/05/30T09:20:38z: SSID: TEST-STA
1 BSEC warning code : 100

1 BSEC warning code : 100

 ets Jan  8 2013,rst cause:1, boot mode:(3,7)

load 0x4010f000, len 1384, room 16 
tail 8
chksum 0x2d
csum 0x2d
v8b899c12
~ld


7.04
 0h00:00.519 1970/01/01T08:00:00z: SPIFFS Active
 0h00:04.196 2026/05/30T09:40:19z: f0:24:f9:c6:e5:45
 0h00:04.198 2026/05/30T09:40:19z: SSID: TEST-STA
1 BSEC warning code : 100

 ets Jan  8 2013,rst cause:1, boot mode:(3,7)

load 0x4010f000, len 1384, room 16 
tail 8
chksum 0x2d
csum 0x2d
v8b899c12
~ld


7.04
 0h00:00.522 1970/01/01T08:00:00z: SPIFFS Active
 0h00:04.199 2026/05/30T10:00:00z: f0:24:f9:c6:e5:45
 0h00:04.201 2026/05/30T10:00:00z: SSID: TEST-STA
1 BSEC warning code : 100

 ets Jan  8 2013,rst cause:1, boot mode:(3,7)

load 0x4010f000, len 1384, room 16 
tail 8
chksum 0x2d
csum 0x2d
v8b899c12
~ld


7.04
 0h00:00.516 1970/01/01T08:00:00z: SPIFFS Active
 0h00:04.193 2026/05/30T10:19:40z: f0:24:f9:c6:e5:45
 0h00:04.195 2026/05/30T10:19:40z: SSID: TEST-STA
1 BSEC warning code : 100

1 BSEC warning code : 100

 ets Jan  8 2013,rst cause:1, boot mode:(3,7)

load 0x4010f000, len 1384, room 16 
tail 8
chksum 0x2d
csum 0x2d
v8b899c12
~ld


7.04
 0h00:00.526 1970/01/01T08:00:00z: SPIFFS Active
 0h00:04.203 2026/05/30T10:39:21z: f0:24:f9:c6:e5:45
 0h00:04.205 2026/05/30T10:39:21z: SSID: TEST-STA
1 BSEC warning code : 100

1 BSEC warning code : 100

 ets Jan  8 2013,rst cause:1, boot mode:(3,7)

load 0x4010f000, len 1384, room 16 
tail 8
chksum 0x2d
csum 0x2d
v8b899c12
~ld


7.04
 0h00:00.522 1970/01/01T08:00:00z: SPIFFS Active
 0h00:04.199 2026/05/30T10:59:01z: f0:24:f9:c6:e5:45
 0h00:04.201 2026/05/30T10:59:01z: SSID: TEST-STA
1 BSEC warning code : 100

 ets Jan  8 2013,rst cause:1, boot mode:(3,7)

load 0x4010f000, len 1384, room 16 
tail 8
chksum 0x2d
csum 0x2d
v8b899c12
~ld


7.04
 0h00:00.513 1970/01/01T08:00:00z: SPIFFS Active
 0h00:04.190 2026/05/30T11:18:42z: f0:24:f9:c6:e5:45
 0h00:04.192 2026/05/30T11:18:42z: SSID: TEST-STA
1 BSEC warning code : 100

1 BSEC warning code : 100

 ets Jan  8 2013,rst cause:1, boot mode:(3,7)

load 0x4010f000, len 1384, room 16 
tail 8
chksum 0x2d
csum 0x2d
v8b899c12
~ld


7.04
 0h00:00.553 1970/01/01T08:00:00z: SPIFFS Active
 0h00:04.230 2026/05/30T11:38:23z: f0:24:f9:c6:e5:45
 0h00:04.232 2026/05/30T11:38:23z: SSID: TEST-STA
1 BSEC warning code : 100

1 BSEC warning code : 100

 ets Jan  8 2013,rst cause:1, boot mode:(3,7)

load 0x4010f000, len 1384, room 16 
tail 8
chksum 0x2d
csum 0x2d
v8b899c12
~ld


7.04
 0h00:00.512 1970/01/01T08:00:00z: SPIFFS Active
 0h00:04.189 2026/05/30T11:58:03z: f0:24:f9:c6:e5:45
 0h00:04.190 2026/05/30T11:58:03z: SSID: TEST-STA
1 BSEC warning code : 100

 ets Jan  8 2013,rst cause:1, boot mode:(3,7)

load 0x4010f000, len 1384, room 16 
tail 8
chksum 0x2d
csum 0x2d
v8b899c12
~ld


7.04
 0h00:00.504 1970/01/01T08:00:00z: SPIFFS Active
 0h00:04.182 2026/05/30T12:17:44z: f0:24:f9:c6:e5:45
 0h00:04.183 2026/05/30T12:17:44z: SSID: TEST-STA
1 BSEC warning code : 100

 ets Jan  8 2013,rst cause:1, boot mode:(3,7)

load 0x4010f000, len 1384, room 16 
tail 8
chksum 0x2d
csum 0x2d
v8b899c12
~ld


7.04
 0h00:00.521 1970/01/01T08:00:00z: SPIFFS Active
 0h00:04.198 2026/05/30T12:37:24z: f0:24:f9:c6:e5:45
 0h00:04.200 2026/05/30T12:37:24z: SSID: TEST-STA
1 BSEC warning code : 100

 ets Jan  8 2013,rst cause:1, boot mode:(3,7)

load 0x4010f000, len 1384, room 16 
tail 8
chksum 0x2d
csum 0x2d
v8b899c12
~ld


7.04
 0h00:00.516 1970/01/01T08:00:00z: SPIFFS Active
 0h00:04.193 2026/05/30T12:57:05z: f0:24:f9:c6:e5:45
 0h00:04.195 2026/05/30T12:57:05z: SSID: TEST-STA
1 BSEC warning code : 100

 ets Jan  8 2013,rst cause:1, boot mode:(3,7)

load 0x4010f000, len 1384, room 16 
tail 8
chksum 0x2d
csum 0x2d
v8b899c12
~ld


7.04
 0h00:00.521 1970/01/01T08:00:00z: SPIFFS Active
 0h00:04.196 2026/05/30T13:16:46z: f0:24:f9:c6:e5:45
 0h00:04.198 2026/05/30T13:16:46z: SSID: TEST-STA
1 BSEC warning code : 100

1 BSEC warning code : 100

 ets Jan  8 2013,rst cause:1, boot mode:(3,7)

load 0x4010f000, len 1384, room 16 
tail 8
chksum 0x2d
csum 0x2d
v8b899c12
~ld


7.04
 0h00:00.520 1970/01/01T08:00:00z: SPIFFS Active
 0h00:04.196 2026/05/30T13:36:27z: f0:24:f9:c6:e5:45
 0h00:04.197 2026/05/30T13:36:27z: SSID: TEST-STA
1 BSEC warning code : 100

 ets Jan  8 2013,rst cause:1, boot mode:(3,7)

load 0x4010f000, len 1384, room 16 
tail 8
chksum 0x2d
csum 0x2d
v8b899c12
~ld


7.04
 0h00:00.510 1970/01/01T08:00:00z: SPIFFS Active
 0h00:04.186 2026/05/30T13:56:08z: f0:24:f9:c6:e5:45
 0h00:04.187 2026/05/30T13:56:08z: SSID: TEST-STA
1 BSEC warning code : 100

 ets Jan  8 2013,rst cause:1, boot mode:(3,7)

load 0x4010f000, len 1384, room 16 
tail 8
chksum 0x2d
csum 0x2d
v8b899c12
~ld


7.04
 0h00:00.515 1970/01/01T08:00:00z: SPIFFS Active
 0h00:04.190 2026/05/30T14:15:48z: f0:24:f9:c6:e5:45
 0h00:04.192 2026/05/30T14:15:48z: SSID: TEST-STA
1 BSEC warning code : 100

1 BSEC warning code : 100

 ets Jan  8 2013,rst cause:1, boot mode:(3,7)

load 0x4010f000, len 1384, room 16 
tail 8
chksum 0x2d
csum 0x2d
v8b899c12
~ld


7.04
 0h00:00.560 1970/01/01T08:00:00z: SPIFFS Active
 0h00:04.235 2026/05/30T14:35:28z: f0:24:f9:c6:e5:45
 0h00:04.237 2026/05/30T14:35:28z: SSID: TEST-STA
1 BSEC warning code : 100

1 BSEC warning code : 100

 ets Jan  8 2013,rst cause:1, boot mode:(3,7)

load 0x4010f000, len 1384, room 16 
tail 8
chksum 0x2d
csum 0x2d
v8b899c12
~ld


7.04
 0h00:00.505 1970/01/01T08:00:00z: SPIFFS Active
 0h00:04.181 2026/05/30T14:55:09z: f0:24:f9:c6:e5:45
 0h00:04.182 2026/05/30T14:55:09z: SSID: TEST-STA
1 BSEC warning code : 100

 ets Jan  8 2013,rst cause:1, boot mode:(3,7)

load 0x4010f000, len 1384, room 16 
tail 8
chksum 0x2d
csum 0x2d
v8b899c12
~ld


7.04
 0h00:00.495 1970/01/01T08:00:00z: SPIFFS Active
 0h00:04.171 2026/05/30T15:14:50z: f0:24:f9:c6:e5:45
 0h00:04.172 2026/05/30T15:14:50z: SSID: TEST-STA
1 BSEC warning code : 100

1 BSEC warning code : 100

 ets Jan  8 2013,rst cause:1, boot mode:(3,7)

load 0x4010f000, len 1384, room 16 
tail 8
chksum 0x2d
csum 0x2d
v8b899c12
~ld


7.04
 0h00:00.535 1970/01/01T08:00:00z: SPIFFS Active
 0h00:04.211 2026/05/30T15:34:30z: f0:24:f9:c6:e5:45
 0h00:04.212 2026/05/30T15:34:30z: SSID: TEST-STA
1 BSEC warning code : 100

 ets Jan  8 2013,rst cause:1, boot mode:(3,7)

load 0x4010f000, len 1384, room 16 
tail 8
chksum 0x2d
csum 0x2d
v8b899c12
~ld


7.04
 0h00:00.544 1970/01/01T08:00:00z: SPIFFS Active
 0h00:04.220 2026/05/30T15:54:11z: f0:24:f9:c6:e5:45
 0h00:04.221 2026/05/30T15:54:11z: SSID: TEST-STA
1 BSEC warning code : 100

 ets Jan  8 2013,rst cause:1, boot mode:(3,7)

load 0x4010f000, len 1384, room 16 
tail 8
chksum 0x2d
csum 0x2d
v8b899c12
~ld


7.04
 0h00:00.502 1970/01/01T08:00:00z: SPIFFS Active
 0h00:04.178 2026/05/30T16:13:52z: f0:24:f9:c6:e5:45
 0h00:04.179 2026/05/30T16:13:52z: SSID: TEST-STA
1 BSEC warning code : 100

 ets Jan  8 2013,rst cause:1, boot mode:(3,7)

load 0x4010f000, len 1384, room 16 
tail 8
chksum 0x2d
csum 0x2d
v8b899c12
~ld


7.04
 0h00:00.560 1970/01/01T08:00:00z: SPIFFS Active
 0h00:04.236 2026/05/30T16:33:32z: f0:24:f9:c6:e5:45
 0h00:04.237 2026/05/30T16:33:32z: SSID: TEST-STA
1 BSEC warning code : 100

 ets Jan  8 2013,rst cause:1, boot mode:(3,7)

load 0x4010f000, len 1384, room 16 
tail 8
chksum 0x2d
csum 0x2d
v8b899c12
~ld


7.04
 0h00:00.510 1970/01/01T08:00:00z: SPIFFS Active
 0h00:04.185 2026/05/30T16:53:12z: f0:24:f9:c6:e5:45
 0h00:04.187 2026/05/30T16:53:12z: SSID: TEST-STA
1 BSEC warning code : 100

 ets Jan  8 2013,rst cause:1, boot mode:(3,7)

load 0x4010f000, len 1384, room 16 
tail 8
chksum 0x2d
csum 0x2d
v8b899c12
~ld


7.04
 0h00:00.505 1970/01/01T08:00:00z: SPIFFS Active
 0h00:04.180 2026/05/30T17:12:53z: f0:24:f9:c6:e5:45
 0h00:04.182 2026/05/30T17:12:53z: SSID: TEST-STA
1 BSEC warning code : 100

1 BSEC warning code : 100

 ets Jan  8 2013,rst cause:1, boot mode:(3,7)

load 0x4010f000, len 1384, room 16 
tail 8
chksum 0x2d
csum 0x2d
v8b899c12
~ld


7.04
 0h00:00.506 1970/01/01T08:00:00z: SPIFFS Active
 0h00:04.182 2026/05/30T17:32:34z: f0:24:f9:c6:e5:45
 0h00:04.183 2026/05/30T17:32:34z: SSID: TEST-STA
1 BSEC warning code : 100

 ets Jan  8 2013,rst cause:1, boot mode:(3,7)

load 0x4010f000, len 1384, room 16 
tail 8
chksum 0x2d
csum 0x2d
v8b899c12
~ld


7.04
 0h00:00.498 1970/01/01T08:00:00z: SPIFFS Active
 0h00:04.174 2026/05/30T17:52:14z: f0:24:f9:c6:e5:45
 0h00:04.175 2026/05/30T17:52:14z: SSID: TEST-STA
1 BSEC warning code : 100

1 BSEC warning code : 100

 ets Jan  8 2013,rst cause:1, boot mode:(3,7)

load 0x4010f000, len 1384, room 16 
tail 8
chksum 0x2d
csum 0x2d
v8b899c12
~ld


7.04
 0h00:00.499 1970/01/01T08:00:00z: SPIFFS Active
 0h00:04.175 2026/05/30T18:11:55z: f0:24:f9:c6:e5:45
 0h00:04.177 2026/05/30T18:11:55z: SSID: TEST-STA
1 BSEC warning code : 100

 ets Jan  8 2013,rst cause:1, boot mode:(3,7)

load 0x4010f000, len 1384, room 16 
tail 8
chksum 0x2d
csum 0x2d
v8b899c12
~ld


7.04
 0h00:00.561 1970/01/01T08:00:00z: SPIFFS Active
 0h00:04.237 2026/05/30T18:31:36z: f0:24:f9:c6:e5:45
 0h00:04.238 2026/05/30T18:31:36z: SSID: TEST-STA
1 BSEC warning code : 100

 ets Jan  8 2013,rst cause:1, boot mode:(3,7)

load 0x4010f000, len 1384, room 16 
tail 8
chksum 0x2d
csum 0x2d
v8b899c12
~ld


7.04
 0h00:00.511 1970/01/01T08:00:00z: SPIFFS Active
 0h00:04.187 2026/05/30T18:51:16z: f0:24:f9:c6:e5:45
 0h00:04.188 2026/05/30T18:51:16z: SSID: TEST-STA
1 BSEC warning code : 100

 ets Jan  8 2013,rst cause:1, boot mode:(3,7)

load 0x4010f000, len 1384, room 16 
tail 8
chksum 0x2d
csum 0x2d
v8b899c12
~ld


7.04
 0h00:00.502 1970/01/01T08:00:00z: SPIFFS Active
 0h00:04.178 2026/05/30T19:10:57z: f0:24:f9:c6:e5:45
 0h00:04.180 2026/05/30T19:10:57z: SSID: TEST-STA
1 BSEC warning code : 100

1 BSEC warning code : 100

 ets Jan  8 2013,rst cause:1, boot mode:(3,7)

load 0x4010f000, len 1384, room 16 
tail 8
chksum 0x2d
csum 0x2d
v8b899c12
~ld


7.04
 0h00:00.511 1970/01/01T08:00:00z: SPIFFS Active
 0h00:04.189 2026/05/30T19:30:38z: f0:24:f9:c6:e5:45
 0h00:04.190 2026/05/30T19:30:38z: SSID: TEST-STA
1 BSEC warning code : 100

 ets Jan  8 2013,rst cause:1, boot mode:(3,7)

load 0x4010f000, len 1384, room 16 
tail 8
chksum 0x2d
csum 0x2d
v8b899c12
~ld


7.04
 0h00:00.510 1970/01/01T08:00:00z: SPIFFS Active
 0h00:04.187 2026/05/30T19:50:19z: f0:24:f9:c6:e5:45
 0h00:04.189 2026/05/30T19:50:19z: SSID: TEST-STA
1 BSEC warning code : 100

1 BSEC warning code : 100

 ets Jan  8 2013,rst cause:1, boot mode:(3,7)

load 0x4010f000, len 1384, room 16 
tail 8
chksum 0x2d
csum 0x2d
v8b899c12
~ld


7.04
 0h00:00.547 1970/01/01T08:00:00z: SPIFFS Active
 0h00:04.224 2026/05/30T20:10:00z: f0:24:f9:c6:e5:45
 0h00:04.226 2026/05/30T20:10:00z: SSID: TEST-STA
1 BSEC warning code : 100

 ets Jan  8 2013,rst cause:1, boot mode:(3,7)

load 0x4010f000, len 1384, room 16 
tail 8
chksum 0x2d
csum 0x2d
v8b899c12
~ld


7.04
 0h00:00.556 1970/01/01T08:00:00z: SPIFFS Active
 0h00:04.234 2026/05/30T20:29:41z: f0:24:f9:c6:e5:45
 0h00:04.235 2026/05/30T20:29:41z: SSID: TEST-STA
1 BSEC warning code : 100

1 BSEC warning code : 100

 ets Jan  8 2013,rst cause:1, boot mode:(3,7)

load 0x4010f000, len 1384, room 16 
tail 8
chksum 0x2d
csum 0x2d
v8b899c12
~ld


7.04
 0h00:00.541 1970/01/01T08:00:00z: SPIFFS Active
 0h00:04.217 2026/05/30T20:49:22z: f0:24:f9:c6:e5:45
 0h00:04.219 2026/05/30T20:49:22z: SSID: TEST-STA
1 BSEC warning code : 100

 ets Jan  8 2013,rst cause:1, boot mode:(3,7)

load 0x4010f000, len 1384, room 16 
tail 8
chksum 0x2d
csum 0x2d
v8b899c12
~ld


7.04
 0h00:00.555 1970/01/01T08:00:00z: SPIFFS Active
 0h00:04.231 2026/05/30T21:09:03z: f0:24:f9:c6:e5:45
 0h00:04.232 2026/05/30T21:09:03z: SSID: TEST-STA
1 BSEC warning code : 100

1 BSEC warning code : 100

 ets Jan  8 2013,rst cause:1, boot mode:(3,7)

load 0x4010f000, len 1384, room 16 
tail 8
chksum 0x2d
csum 0x2d
v8b899c12
~ld


7.04
 0h00:00.549 1970/01/01T08:00:00z: SPIFFS Active
 0h00:04.225 2026/05/30T21:28:44z: f0:24:f9:c6:e5:45
 0h00:04.226 2026/05/30T21:28:44z: SSID: TEST-STA
1 BSEC warning code : 100

1 BSEC warning code : 100

 ets Jan  8 2013,rst cause:1, boot mode:(3,7)

load 0x4010f000, len 1384, room 16 
tail 8
chksum 0x2d
csum 0x2d
v8b899c12
~ld


7.04
 0h00:00.514 1970/01/01T08:00:00z: SPIFFS Active
 0h00:04.190 2026/05/30T21:48:24z: f0:24:f9:c6:e5:45
 0h00:04.192 2026/05/30T21:48:24z: SSID: TEST-STA
1 BSEC warning code : 100

 ets Jan  8 2013,rst cause:1, boot mode:(3,7)

load 0x4010f000, len 1384, room 16 
tail 8
chksum 0x2d
csum 0x2d
v8b899c12
~ld


7.04
 0h00:00.501 1970/01/01T08:00:00z: SPIFFS Active
 0h00:04.177 2026/05/30T22:08:06z: f0:24:f9:c6:e5:45
 0h00:04.178 2026/05/30T22:08:06z: SSID: TEST-STA
1 BSEC warning code : 100

1 BSEC warning code : 100

 ets Jan  8 2013,rst cause:1, boot mode:(3,7)

load 0x4010f000, len 1384, room 16 
tail 8
chksum 0x2d
csum 0x2d
v8b899c12
~ld


7.04
 0h00:00.543 1970/01/01T08:00:00z: SPIFFS Active
 0h00:04.219 2026/05/30T22:27:47z: f0:24:f9:c6:e5:45
 0h00:04.221 2026/05/30T22:27:47z: SSID: TEST-STA
1 BSEC warning code : 100

 ets Jan  8 2013,rst cause:1, boot mode:(3,7)

load 0x4010f000, len 1384, room 16 
tail 8
chksum 0x2d
csum 0x2d
v8b899c12
~ld


7.04
 0h00:00.550 1970/01/01T08:00:00z: SPIFFS Active
 0h00:04.226 2026/05/30T22:47:27z: f0:24:f9:c6:e5:45
 0h00:04.227 2026/05/30T22:47:27z: SSID: TEST-STA
1 BSEC warning code : 100

1 BSEC warning code : 100

 ets Jan  8 2013,rst cause:1, boot mode:(3,7)

load 0x4010f000, len 1384, room 16 
tail 8
chksum 0x2d
csum 0x2d
v8b899c12
~ld


7.04
 0h00:00.495 1970/01/01T08:00:00z: SPIFFS Active
 0h00:04.171 2026/05/30T23:07:08z: f0:24:f9:c6:e5:45
 0h00:04.172 2026/05/30T23:07:08z: SSID: TEST-STA
1 BSEC warning code : 100

 ets Jan  8 2013,rst cause:1, boot mode:(3,7)

load 0x4010f000, len 1384, room 16 
tail 8
chksum 0x2d
csum 0x2d
v8b899c12
~ld


7.04
 0h00:00.544 1970/01/01T08:00:00z: SPIFFS Active
 0h00:04.220 2026/05/30T23:26:49z: f0:24:f9:c6:e5:45
 0h00:04.221 2026/05/30T23:26:49z: SSID: TEST-STA
1 BSEC warning code : 100

 ets Jan  8 2013,rst cause:1, boot mode:(3,7)

load 0x4010f000, len 1384, room 16 
tail 8
chksum 0x2d
csum 0x2d
v8b899c12
~ld


7.04
 0h00:00.504 1970/01/01T08:00:00z: SPIFFS Active
 0h00:04.180 2026/05/30T23:46:29z: f0:24:f9:c6:e5:45
 0h00:04.181 2026/05/30T23:46:29z: SSID: TEST-STA
1 BSEC warning code : 100
