
1 BSEC warning code : 100

1 BSEC warning code : 100

1 BSEC warning code : 100

1 BSEC warning code : 100

1 BSEC warning code : 100

1 BSEC warning code : 100

Exception (29):
epc1=0x4022a6e2 epc2=0x00000000 epc3=0x00000000 excvaddr=0x00000004 depc=0x00000000

>>>stack>>>

ctx: cont
sp: 3ffffa00 end: 3fffffc0 offset: 01a0
3ffffba0:  3fff8834 3fff5f04 3fffa60c 4023d088  
3ffffbb0:  00000104 4023ce8e 00007670 00000ece  
3ffffbc0:  00000042 000258e3 4023d446 4023d1fe  
3ffffbd0:  00000040 00000082 3fffa5f4 4023d391  
3ffffbe0:  00800000 00000080 00000000 00000041  
3ffffbf0:  000258e3 0000003f 3fffa5c4 00000041  
3ffffc00:  3fffbae4 3fffa5f4 3fffa5c4 3fff932c  
3ffffc10:  3fff8930 ffffffff 3fff5f04 4023da0d  
3ffffc20:  00000040 3fff5f04 3fffa5f4 3fff5f04  
3ffffc30:  00000040 3fff5f04 3fffa5f4 4023decb  
3ffffc40:  3fff5f5c 0000003f fdff53f4 00000001  
3ffffc50:  3fff5f04 3fffa5dc 3fffa5f4 00000001  
3ffffc60:  00000010 3fff5f04 0000000f 4023e11c  
3ffffc70:  3fffa5c4 3fff910c 0000000f 00000001  
3ffffc80:  00000001 3fff5d1c 3fff6661 4023cf34  
3ffffc90:  00000100 3fff8eb4 3fff665f 00000000  
3ffffca0:  00000100 3fff8eb4 3fff665f 4023f339  
3ffffcb0:  3ffffce0 00000000 000000d0 00000030  
3ffffcc0:  992ac81e 3fff5d34 3fff5d24 00000004  
3ffffcd0:  3fff6659 3fff5da4 3fff6659 40239e94  
3ffffce0:  d62e0303 d7b0f361 73094c8b c4c18512  
3ffffcf0:  217a52fa 814749bd d9b9d5f6 7726d659  
3ffffd00:  147d9c82 82e9c43e 0f4ffc8c c81e01a4  
3ffffd10:  3fff6659 00000004 3fff5da4 4023a38d  
3ffffd20:  31219f77 ea812d44 84dc1187 40236c98  
3ffffd30:  c2832507 00000000 3ffe8704 402327ba  
3ffffd40:  00000004 00000000 3fff56f4 40210fce  
3ffffd50:  0000001e 00000000 00000064 40217c96  
3ffffd60:  00000000 00000020 00000027 00000004  
3ffffd70:  3fff6659 00000004 3fff5da4 00000004  
3ffffd80:  3fff6659 00000004 3fff5da4 40239c9c  
3ffffd90:  5ad7cb14 00000000 00000000 00000028  
3ffffda0:  0000005d 3fff6659 3fff5da4 4023a06c  
3ffffdb0:  00000011 3fff668c 000001f4 4021af18  
3ffffdc0:  3ffffe18 0000000e 00000010 3fff5744  
3ffffdd0:  00000000 00000000 4bc6a7f0 01000000  
3ffffde0:  3ffffe18 0003738b 3fff5da4 40239e04  
3ffffdf0:  00000000 402712e2 3ffffe10 3fff5744  
3ffffe00:  3fff56f4 0003738b 3fff5fbc 40211655  
3ffffe10:  3fff5da4 3fff5e7c 00000014 4022eed2  
3ffffe20:  00008ca0 3ffffe50 3fff0e58 40211694  
3ffffe30:  00000000 00000000 3fff0e40 000001bb  
3ffffe40:  000001bb 402712e2 3fff0e40 402118a3  
3ffffe50:  00000000 00000000 4bc6a7f0 000001bb  
3ffffe60:  000001bb 402712e2 3fff0e40 4021195a  
3ffffe70:  402213a8 7965fa8e 402213a8 7965fa8e  
3ffffe80:  3fff0cc8 3fff0e40 3fff0509 4020c83a  
3ffffe90:  4021a4a2 00000001 3fff3d04 40229904  
3ffffea0:  4026397a 3fff0921 3fff10c4 00000003  
3ffffeb0:  4020f9e0 3ffffee8 3fff10c4 4022651d  
3ffffec0:  40271390 0000000a 3fffff68 3fffff6c  
3ffffed0:  3fffff70 3fff3d1c 00000001 40203fbf  
3ffffee0:  402213a8 00000000 402213a8 00000000  
3ffffef0:  402712e2 000001bb 3fff0921 40206605  
3fffff00:  3fffff74 402712e2 000001bb 00000001  
3fffff10:  3ffe8e05 3fff0509 00000200 00000000  
3fffff20:  3ffe8e05 00000001 3ffefd51 00000002  
3fffff30:  00000001 00000001 3ffe8e05 0000000a  
3fffff40:  7fffffff 3ffefd30 3ffefdb8 3fff226c  
3fffff50:  3fffdad0 3fff0c4b 3ffefd30 40208ec8  
3fffff60:  3ffe8e05 0000000a 00000000 4020983c  
3fffff70:  40205458 4020904c 40217bb4 3fffefa0  
3fffff80:  00000000 3fff618c 3fff0c82 40217c96  
3fffff90:  3fffdad0 00000000 3fff0c82 4020b8f8  
3fffffa0:  3fffdad0 00000000 3fff223c 40217c64  
3fffffb0:  feefeffe feefeffe 3ffe8704 40101ded  
<<<stack<<<

last failed alloc call: 4023CE8E(1024)

 ets Jan  8 2013,rst cause:1, boot mode:(3,7)

load 0x4010f000, len 1384, room 16 
tail 8
chksum 0x2d
csum 0x2d
v8b899c12
~ld


7.04
 0h00:00.481 1970/01/01T08:00:00z: SPIFFS Active
 0h00:04.157 2026/05/13T22:18:22z: f0:24:f9:c6:71:d7
 0h00:04.158 2026/05/13T22:18:22z: SSID: that iPhone
1 BSEC warning code : 100

1 BSEC warning code : 100

1 BSEC warning code : 100

1 BSEC warning code : 100

1 BSEC warning code : 100

1 BSEC warning code : 100

1 BSEC warning code : 100

1 BSEC warning code : 100

1 BSEC warning code : 100

1 BSEC warning code : 100

 ets Jan  8 2013,rst cause:1, boot mode:(3,7)

load 0x4010f000, len 1384, room 16 
tail 8
chksum 0x2d
csum 0x2d
v8b899c12
~ld


7.04
 0h00:00.515 1970/01/01T08:00:00z: SPIFFS Active
 0h00:04.190 2026/05/13T22:44:59z: f0:24:f9:c6:71:d7
 0h00:04.192 2026/05/13T22:44:59z: SSID: that iPhone
1 BSEC warning code : 100

1 BSEC warning code : 100

 ets Jan  8 2013,rst cause:1, boot mode:(3,7)

load 0x4010f000, len 1384, room 16 
tail 8
chksum 0x2d
csum 0x2d
v8b899c12
~ld


7.04
 0h00:00.513 1970/01/01T08:00:00z: SPIFFS Active
 0h00:04.188 2026/05/13T23:04:40z: f0:24:f9:c6:71:d7
 0h00:04.190 2026/05/13T23:04:40z: SSID: that iPhone
1 BSEC warning code : 100

 ets Jan  8 2013,rst cause:1, boot mode:(3,7)

load 0x4010f000, len 1384, room 16 
tail 8
chksum 0x2d
csum 0x2d
v8b899c12
~ld


7.04
 0h00:00.473 1970/01/01T08:00:00z: SPIFFS Active
 0h00:04.148 2026/05/13T23:24:20z: f0:24:f9:c6:71:d7
 0h00:04.150 2026/05/13T23:24:20z: SSID: that iPhone
 ets Jan  8 2013,rst cause:1, boot mode:(3,7)

load 0x4010f000, len 1384, room 16 
tail 8
chksum 0x2d
csum 0x2d
v8b899c12
~ld


7.04
 0h00:00.565 1970/01/01T08:00:00z: SPIFFS Active
 0h00:04.240 2026/05/13T23:44:00z: f0:24:f9:c6:71:d7
 0h00:04.242 2026/05/13T23:44:00z: SSID: that iPhone
1 BSEC warning code : 100
