
1 BSEC warning code : 100

 ets Jan  8 2013,rst cause:1, boot mode:(3,7)

load 0x4010f000, len 1384, room 16 
tail 8
chksum 0x2d
csum 0x2d
v8b899c12
~ld


7.04
 0h00:00.434 1970/01/01T08:00:00z: SPIFFS Active
 0h00:04.110 2026/05/30T00:08:05z: f0:24:f9:c6:c7:d9
 0h00:04.112 2026/05/30T00:08:05z: SSID: TEST-STA
1 BSEC warning code : 100

 ets Jan  8 2013,rst cause:1, boot mode:(3,7)

load 0x4010f000, len 1384, room 16 
tail 8
chksum 0x2d
csum 0x2d
v8b899c12
~ld


7.04
 0h00:00.441 1970/01/01T08:00:00z: SPIFFS Active
 0h00:04.117 2026/05/30T00:27:45z: f0:24:f9:c6:c7:d9
 0h00:04.119 2026/05/30T00:27:45z: SSID: TEST-STA
1 BSEC warning code : 100

 ets Jan  8 2013,rst cause:1, boot mode:(3,7)

load 0x4010f000, len 1384, room 16 
tail 8
chksum 0x2d
csum 0x2d
v8b899c12
~ld


7.04
 0h00:00.469 1970/01/01T08:00:00z: SPIFFS Active
 0h00:04.147 2026/05/30T00:47:25z: f0:24:f9:c6:c7:d9
 0h00:04.148 2026/05/30T00:47:25z: SSID: TEST-STA
1 BSEC warning code : 100

1 BSEC warning code : 100

 ets Jan  8 2013,rst cause:1, boot mode:(3,7)

load 0x4010f000, len 1384, room 16 
tail 8
chksum 0x2d
csum 0x2d
v8b899c12
~ld


7.04
 0h00:00.439 1970/01/01T08:00:00z: SPIFFS Active
 0h00:04.116 2026/05/30T01:07:06z: f0:24:f9:c6:c7:d9
 0h00:04.118 2026/05/30T01:07:06z: SSID: TEST-STA
1 BSEC warning code : 100

 ets Jan  8 2013,rst cause:1, boot mode:(3,7)

load 0x4010f000, len 1384, room 16 
tail 8
chksum 0x2d
csum 0x2d
v8b899c12
~ld


7.04
 0h00:00.480 1970/01/01T08:00:00z: SPIFFS Active
 0h00:04.157 2026/05/30T01:26:47z: f0:24:f9:c6:c7:d9
 0h00:04.158 2026/05/30T01:26:47z: SSID: TEST-STA
1 BSEC warning code : 100

1 BSEC warning code : 100

 ets Jan  8 2013,rst cause:1, boot mode:(3,7)

load 0x4010f000, len 1384, room 16 
tail 8
chksum 0x2d
csum 0x2d
v8b899c12
~ld


7.04
 0h00:00.445 1970/01/01T08:00:00z: SPIFFS Active
 0h00:04.123 2026/05/30T01:46:28z: f0:24:f9:c6:c7:d9
 0h00:04.124 2026/05/30T01:46:28z: SSID: TEST-STA
1 BSEC warning code : 100

1 BSEC warning code : 100

 ets Jan  8 2013,rst cause:1, boot mode:(3,7)

load 0x4010f000, len 1384, room 16 
tail 8
chksum 0x2d
csum 0x2d
v8b899c12
~ld


7.04
 0h00:00.445 1970/01/01T08:00:00z: SPIFFS Active
 0h00:04.121 2026/05/30T02:06:08z: f0:24:f9:c6:c7:d9
 0h00:04.123 2026/05/30T02:06:08z: SSID: TEST-STA
1 BSEC warning code : 100

 ets Jan  8 2013,rst cause:1, boot mode:(3,7)

load 0x4010f000, len 1384, room 16 
tail 8
chksum 0x2d
csum 0x2d
v8b899c12
~ld


7.04
 0h00:00.442 1970/01/01T08:00:00z: SPIFFS Active
 0h00:04.118 2026/05/30T02:25:48z: f0:24:f9:c6:c7:d9
 0h00:04.120 2026/05/30T02:25:48z: SSID: TEST-STA
1 BSEC warning code : 100

1 BSEC warning code : 100

 ets Jan  8 2013,rst cause:1, boot mode:(3,7)

load 0x4010f000, len 1384, room 16 
tail 8
chksum 0x2d
csum 0x2d
v8b899c12
~ld


7.04
 0h00:00.507 1970/01/01T08:00:00z: SPIFFS Active
 0h00:04.183 2026/05/30T02:45:29z: f0:24:f9:c6:c7:d9
 0h00:04.185 2026/05/30T02:45:29z: SSID: TEST-STA
1 BSEC warning code : 100

 ets Jan  8 2013,rst cause:1, boot mode:(3,7)

load 0x4010f000, len 1384, room 16 
tail 8
chksum 0x2d
csum 0x2d
v8b899c12
~ld


7.04
 0h00:00.519 1970/01/01T08:00:00z: SPIFFS Active
 0h00:04.194 2026/05/30T03:05:10z: f0:24:f9:c6:c7:d9
 0h00:04.196 2026/05/30T03:05:10z: SSID: TEST-STA
1 BSEC warning code : 100

 ets Jan  8 2013,rst cause:1, boot mode:(3,7)

load 0x4010f000, len 1384, room 16 
tail 8
chksum 0x2d
csum 0x2d
v8b899c12
~ld


7.04
 0h00:00.487 1970/01/01T08:00:00z: SPIFFS Active
 0h00:04.163 2026/05/30T03:24:50z: f0:24:f9:c6:c7:d9
 0h00:04.164 2026/05/30T03:24:50z: SSID: TEST-STA
1 BSEC warning code : 100

 ets Jan  8 2013,rst cause:1, boot mode:(3,7)

load 0x4010f000, len 1384, room 16 
tail 8
chksum 0x2d
csum 0x2d
v8b899c12
~ld


7.04
 0h00:00.441 1970/01/01T08:00:00z: SPIFFS Active
 0h00:04.117 2026/05/30T03:44:30z: f0:24:f9:c6:c7:d9
 0h00:04.119 2026/05/30T03:44:30z: SSID: TEST-STA
1 BSEC warning code : 100

 ets Jan  8 2013,rst cause:1, boot mode:(3,7)

load 0x4010f000, len 1384, room 16 
tail 8
chksum 0x2d
csum 0x2d
v8b899c12
~ld


7.04
 0h00:00.444 1970/01/01T08:00:00z: SPIFFS Active
 0h00:04.120 2026/05/30T04:04:10z: f0:24:f9:c6:c7:d9
 0h00:04.121 2026/05/30T04:04:10z: SSID: TEST-STA
1 BSEC warning code : 100

 ets Jan  8 2013,rst cause:1, boot mode:(3,7)

load 0x4010f000, len 1384, room 16 
tail 8
chksum 0x2d
csum 0x2d
v8b899c12
~ld


7.04
 0h00:00.443 1970/01/01T08:00:00z: SPIFFS Active
 0h00:04.119 2026/05/30T04:23:51z: f0:24:f9:c6:c7:d9
 0h00:04.121 2026/05/30T04:23:51z: SSID: TEST-STA
1 BSEC warning code : 100

 ets Jan  8 2013,rst cause:1, boot mode:(3,7)

load 0x4010f000, len 1384, room 16 
tail 8
chksum 0x2d
csum 0x2d
v8b899c12
~ld


7.04
 0h00:00.484 1970/01/01T08:00:00z: SPIFFS Active
 0h00:04.160 2026/05/30T04:43:31z: f0:24:f9:c6:c7:d9
 0h00:04.161 2026/05/30T04:43:31z: SSID: TEST-STA
1 BSEC warning code : 100

 ets Jan  8 2013,rst cause:1, boot mode:(3,7)

load 0x4010f000, len 1384, room 16 
tail 8
chksum 0x2d
csum 0x2d
v8b899c12
~ld


7.04
 0h00:00.443 1970/01/01T08:00:00z: SPIFFS Active
 0h00:04.119 2026/05/30T05:03:12z: f0:24:f9:c6:c7:d9
 0h00:04.121 2026/05/30T05:03:12z: SSID: TEST-STA
1 BSEC warning code : 100

 ets Jan  8 2013,rst cause:1, boot mode:(3,7)

load 0x4010f000, len 1384, room 16 
tail 8
chksum 0x2d
csum 0x2d
v8b899c12
~ld


7.04
 0h00:00.487 1970/01/01T08:00:00z: SPIFFS Active
 0h00:04.163 2026/05/30T05:22:53z: f0:24:f9:c6:c7:d9
 0h00:04.164 2026/05/30T05:22:53z: SSID: TEST-STA
1 BSEC warning code : 100

1 BSEC warning code : 100

 ets Jan  8 2013,rst cause:1, boot mode:(3,7)

load 0x4010f000, len 1384, room 16 
tail 8
chksum 0x2d
csum 0x2d
v8b899c12
~ld


7.04
 0h00:00.454 1970/01/01T08:00:00z: SPIFFS Active
 0h00:04.130 2026/05/30T05:42:34z: f0:24:f9:c6:c7:d9
 0h00:04.131 2026/05/30T05:42:34z: SSID: TEST-STA
1 BSEC warning code : 100

 ets Jan  8 2013,rst cause:1, boot mode:(3,7)

load 0x4010f000, len 1384, room 16 
tail 8
chksum 0x2d
csum 0x2d
v8b899c12
~ld


7.04
 0h00:00.435 1970/01/01T08:00:00z: SPIFFS Active
 0h00:04.111 2026/05/30T06:02:15z: f0:24:f9:c6:c7:d9
 0h00:04.113 2026/05/30T06:02:15z: SSID: TEST-STA
1 BSEC warning code : 100

 ets Jan  8 2013,rst cause:1, boot mode:(3,7)

load 0x4010f000, len 1384, room 16 
tail 8
chksum 0x2d
csum 0x2d
v8b899c12
~ld


7.04
 0h00:00.434 1970/01/01T08:00:00z: SPIFFS Active
 0h00:04.110 2026/05/30T06:21:55z: f0:24:f9:c6:c7:d9
 0h00:04.111 2026/05/30T06:21:55z: SSID: TEST-STA
1 BSEC warning code : 100

 ets Jan  8 2013,rst cause:1, boot mode:(3,7)

load 0x4010f000, len 1384, room 16 
tail 8
chksum 0x2d
csum 0x2d
v8b899c12
~ld


7.04
 0h00:00.514 1970/01/01T08:00:00z: SPIFFS Active
 0h00:04.189 2026/05/30T06:41:36z: f0:24:f9:c6:c7:d9
 0h00:04.191 2026/05/30T06:41:36z: SSID: TEST-STA
1 BSEC warning code : 100

 ets Jan  8 2013,rst cause:1, boot mode:(3,7)

load 0x4010f000, len 1384, room 16 
tail 8
chksum 0x2d
csum 0x2d
v8b899c12
~ld


7.04
 0h00:00.438 1970/01/01T08:00:00z: SPIFFS Active
 0h00:04.115 2026/05/30T07:01:17z: f0:24:f9:c6:c7:d9
 0h00:04.116 2026/05/30T07:01:17z: SSID: TEST-STA
1 BSEC warning code : 100

1 BSEC warning code : 100

 ets Jan  8 2013,rst cause:1, boot mode:(3,7)

load 0x4010f000, len 1384, room 16 
tail 8
chksum 0x2d
csum 0x2d
v8b899c12
~ld


7.04
 0h00:00.472 1970/01/01T08:00:00z: SPIFFS Active
 0h00:04.149 2026/05/30T07:20:57z: f0:24:f9:c6:c7:d9
 0h00:04.150 2026/05/30T07:20:57z: SSID: TEST-STA
1 BSEC warning code : 100

 ets Jan  8 2013,rst cause:1, boot mode:(3,7)

load 0x4010f000, len 1384, room 16 
tail 8
chksum 0x2d
csum 0x2d
v8b899c12
~ld


7.04
 0h00:00.446 1970/01/01T08:00:00z: SPIFFS Active
 0h00:04.122 2026/05/30T07:40:37z: f0:24:f9:c6:c7:d9
 0h00:04.123 2026/05/30T07:40:37z: SSID: TEST-STA
1 BSEC warning code : 100

1 BSEC warning code : 100

 ets Jan  8 2013,rst cause:1, boot mode:(3,7)

load 0x4010f000, len 1384, room 16 
tail 8
chksum 0x2d
csum 0x2d
v8b899c12
~ld


7.04
 0h00:00.482 1970/01/01T08:00:00z: SPIFFS Active
 0h00:04.158 2026/05/30T08:00:18z: f0:24:f9:c6:c7:d9
 0h00:04.160 2026/05/30T08:00:18z: SSID: TEST-STA
1 BSEC warning code : 100

 ets Jan  8 2013,rst cause:1, boot mode:(3,7)

load 0x4010f000, len 1384, room 16 
tail 8
chksum 0x2d
csum 0x2d
v8b899c12
~ld


7.04
 0h00:00.448 1970/01/01T08:00:00z: SPIFFS Active
 0h00:04.124 2026/05/30T08:19:58z: f0:24:f9:c6:c7:d9
 0h00:04.126 2026/05/30T08:19:58z: SSID: TEST-STA
1 BSEC warning code : 100

 ets Jan  8 2013,rst cause:1, boot mode:(3,7)

load 0x4010f000, len 1384, room 16 
tail 8
chksum 0x2d
csum 0x2d
v8b899c12
~ld


7.04
 0h00:00.442 1970/01/01T08:00:00z: SPIFFS Active
 0h00:04.118 2026/05/30T08:39:39z: f0:24:f9:c6:c7:d9
 0h00:04.120 2026/05/30T08:39:39z: SSID: TEST-STA
1 BSEC warning code : 100

1 BSEC warning code : 100

 ets Jan  8 2013,rst cause:1, boot mode:(3,7)

load 0x4010f000, len 1384, room 16 
tail 8
chksum 0x2d
csum 0x2d
v8b899c12
~ld


7.04
 0h00:00.438 1970/01/01T08:00:00z: SPIFFS Active
 0h00:04.114 2026/05/30T08:59:19z: f0:24:f9:c6:c7:d9
 0h00:04.115 2026/05/30T08:59:19z: SSID: TEST-STA
1 BSEC warning code : 100

 ets Jan  8 2013,rst cause:1, boot mode:(3,7)

load 0x4010f000, len 1384, room 16 
tail 8
chksum 0x2d
csum 0x2d
v8b899c12
~ld


7.04
 0h00:00.435 1970/01/01T08:00:00z: SPIFFS Active
 0h00:04.111 2026/05/30T09:19:00z: f0:24:f9:c6:c7:d9
 0h00:04.113 2026/05/30T09:19:00z: SSID: TEST-STA
1 BSEC warning code : 100

 ets Jan  8 2013,rst cause:1, boot mode:(3,7)

load 0x4010f000, len 1384, room 16 
tail 8
chksum 0x2d
csum 0x2d
v8b899c12
~ld


7.04
 0h00:00.433 1970/01/01T08:00:00z: SPIFFS Active
 0h00:04.110 2026/05/30T09:38:40z: f0:24:f9:c6:c7:d9
 0h00:04.112 2026/05/30T09:38:40z: SSID: TEST-STA
1 BSEC warning code : 100

 ets Jan  8 2013,rst cause:1, boot mode:(3,7)

load 0x4010f000, len 1384, room 16 
tail 8
chksum 0x2d
csum 0x2d
v8b899c12
~ld


7.04
 0h00:00.428 1970/01/01T08:00:00z: SPIFFS Active
 0h00:04.104 2026/05/30T09:58:21z: f0:24:f9:c6:c7:d9
 0h00:04.106 2026/05/30T09:58:21z: SSID: TEST-STA
1 BSEC warning code : 100

1 BSEC warning code : 100

 ets Jan  8 2013,rst cause:1, boot mode:(3,7)

load 0x4010f000, len 1384, room 16 
tail 8
chksum 0x2d
csum 0x2d
v8b899c12
~ld


7.04
 0h00:00.476 1970/01/01T08:00:00z: SPIFFS Active
 0h00:04.152 2026/05/30T10:18:01z: f0:24:f9:c6:c7:d9
 0h00:04.154 2026/05/30T10:18:01z: SSID: TEST-STA
1 BSEC warning code : 100

 ets Jan  8 2013,rst cause:1, boot mode:(3,7)

load 0x4010f000, len 1384, room 16 
tail 8
chksum 0x2d
csum 0x2d
v8b899c12
~ld


7.04
 0h00:00.482 1970/01/01T08:00:00z: SPIFFS Active
 0h00:04.158 2026/05/30T10:37:42z: f0:24:f9:c6:c7:d9
 0h00:04.160 2026/05/30T10:37:42z: SSID: TEST-STA
1 BSEC warning code : 100

 ets Jan  8 2013,rst cause:1, boot mode:(3,7)

load 0x4010f000, len 1384, room 16 
tail 8
chksum 0x2d
csum 0x2d
v8b899c12
~ld


7.04
 0h00:00.451 1970/01/01T08:00:00z: SPIFFS Active
 0h00:04.127 2026/05/30T10:57:22z: f0:24:f9:c6:c7:d9
 0h00:04.129 2026/05/30T10:57:22z: SSID: TEST-STA
1 BSEC warning code : 100

 ets Jan  8 2013,rst cause:1, boot mode:(3,7)

load 0x4010f000, len 1384, room 16 
tail 8
chksum 0x2d
csum 0x2d
v8b899c12
~ld


7.04
 0h00:00.435 1970/01/01T08:00:00z: SPIFFS Active
 0h00:04.111 2026/05/30T11:17:04z: f0:24:f9:c6:c7:d9
 0h00:04.113 2026/05/30T11:17:04z: SSID: TEST-STA
1 BSEC warning code : 100

 ets Jan  8 2013,rst cause:1, boot mode:(3,7)

load 0x4010f000, len 1384, room 16 
tail 8
chksum 0x2d
csum 0x2d
v8b899c12
~ld


7.04
 0h00:00.477 1970/01/01T08:00:00z: SPIFFS Active
 0h00:04.153 2026/05/30T11:36:44z: f0:24:f9:c6:c7:d9
 0h00:04.155 2026/05/30T11:36:44z: SSID: TEST-STA
1 BSEC warning code : 100

 ets Jan  8 2013,rst cause:1, boot mode:(3,7)

load 0x4010f000, len 1384, room 16 
tail 8
chksum 0x2d
csum 0x2d
v8b899c12
~ld


7.04
 0h00:00.476 1970/01/01T08:00:00z: SPIFFS Active
 0h00:04.152 2026/05/30T11:56:24z: f0:24:f9:c6:c7:d9
 0h00:04.154 2026/05/30T11:56:24z: SSID: TEST-STA
1 BSEC warning code : 100

1 BSEC warning code : 100

 ets Jan  8 2013,rst cause:1, boot mode:(3,7)

load 0x4010f000, len 1384, room 16 
tail 8
chksum 0x2d
csum 0x2d
v8b899c12
~ld


7.04
 0h00:00.447 1970/01/01T08:00:00z: SPIFFS Active
 0h00:04.123 2026/05/30T12:16:05z: f0:24:f9:c6:c7:d9
 0h00:04.125 2026/05/30T12:16:05z: SSID: TEST-STA
1 BSEC warning code : 100

 ets Jan  8 2013,rst cause:1, boot mode:(3,7)

load 0x4010f000, len 1384, room 16 
tail 8
chksum 0x2d
csum 0x2d
v8b899c12
~ld


7.04
 0h00:00.437 1970/01/01T08:00:00z: SPIFFS Active
 0h00:04.113 2026/05/30T12:35:45z: f0:24:f9:c6:c7:d9
 0h00:04.115 2026/05/30T12:35:45z: SSID: TEST-STA
1 BSEC warning code : 100

1 BSEC warning code : 100

 ets Jan  8 2013,rst cause:1, boot mode:(3,7)

load 0x4010f000, len 1384, room 16 
tail 8
chksum 0x2d
csum 0x2d
v8b899c12
~ld


7.04
 0h00:00.445 1970/01/01T08:00:00z: SPIFFS Active
 0h00:04.122 2026/05/30T12:55:26z: f0:24:f9:c6:c7:d9
 0h00:04.123 2026/05/30T12:55:26z: SSID: TEST-STA
1 BSEC warning code : 100

 ets Jan  8 2013,rst cause:1, boot mode:(3,7)

load 0x4010f000, len 1384, room 16 
tail 8
chksum 0x2d
csum 0x2d
v8b899c12
~ld


7.04
 0h00:00.441 1970/01/01T08:00:00z: SPIFFS Active
 0h00:04.117 2026/05/30T13:15:07z: f0:24:f9:c6:c7:d9
 0h00:04.119 2026/05/30T13:15:07z: SSID: TEST-STA
1 BSEC warning code : 100

 ets Jan  8 2013,rst cause:1, boot mode:(3,7)

load 0x4010f000, len 1384, room 16 
tail 8
chksum 0x2d
csum 0x2d
v8b899c12
~ld


7.04
 0h00:00.440 1970/01/01T08:00:00z: SPIFFS Active
 0h00:04.117 2026/05/30T13:34:47z: f0:24:f9:c6:c7:d9
 0h00:04.119 2026/05/30T13:34:47z: SSID: TEST-STA
1 BSEC warning code : 100

1 BSEC warning code : 100

 ets Jan  8 2013,rst cause:1, boot mode:(3,7)

load 0x4010f000, len 1384, room 16 
tail 8
chksum 0x2d
csum 0x2d
v8b899c12
~ld


7.04
 0h00:00.443 1970/01/01T08:00:00z: SPIFFS Active
 0h00:04.119 2026/05/30T13:54:28z: f0:24:f9:c6:c7:d9
 0h00:04.121 2026/05/30T13:54:28z: SSID: TEST-STA
1 BSEC warning code : 100

 ets Jan  8 2013,rst cause:1, boot mode:(3,7)

load 0x4010f000, len 1384, room 16 
tail 8
chksum 0x2d
csum 0x2d
v8b899c12
~ld


7.04
 0h00:00.445 1970/01/01T08:00:00z: SPIFFS Active
 0h00:04.122 2026/05/30T14:14:08z: f0:24:f9:c6:c7:d9
 0h00:04.123 2026/05/30T14:14:08z: SSID: TEST-STA
1 BSEC warning code : 100

 ets Jan  8 2013,rst cause:1, boot mode:(3,7)

load 0x4010f000, len 1384, room 16 
tail 8
chksum 0x2d
csum 0x2d
v8b899c12
~ld


7.04
 0h00:00.440 1970/01/01T08:00:00z: SPIFFS Active
 0h00:04.117 2026/05/30T14:33:49z: f0:24:f9:c6:c7:d9
 0h00:04.118 2026/05/30T14:33:49z: SSID: TEST-STA
1 BSEC warning code : 100

 ets Jan  8 2013,rst cause:1, boot mode:(3,7)

load 0x4010f000, len 1384, room 16 
tail 8
chksum 0x2d
csum 0x2d
v8b899c12
~ld


7.04
 0h00:00.437 1970/01/01T08:00:00z: SPIFFS Active
 0h00:04.113 2026/05/30T14:53:31z: f0:24:f9:c6:c7:d9
 0h00:04.115 2026/05/30T14:53:31z: SSID: TEST-STA
1 BSEC warning code : 100

1 BSEC warning code : 100

 ets Jan  8 2013,rst cause:1, boot mode:(3,7)

load 0x4010f000, len 1384, room 16 
tail 8
chksum 0x2d
csum 0x2d
v8b899c12
~ld


7.04
 0h00:00.466 1970/01/01T08:00:00z: SPIFFS Active
 0h00:04.143 2026/05/30T15:13:12z: f0:24:f9:c6:c7:d9
 0h00:04.144 2026/05/30T15:13:12z: SSID: TEST-STA
1 BSEC warning code : 100

 ets Jan  8 2013,rst cause:1, boot mode:(3,7)

load 0x4010f000, len 1384, room 16 
tail 8
chksum 0x2d
csum 0x2d
v8b899c12
~ld


7.04
 0h00:00.440 1970/01/01T08:00:00z: SPIFFS Active
 0h00:04.117 2026/05/30T15:32:53z: f0:24:f9:c6:c7:d9
 0h00:04.119 2026/05/30T15:32:53z: SSID: TEST-STA
1 BSEC warning code : 100

 ets Jan  8 2013,rst cause:1, boot mode:(3,7)

load 0x4010f000, len 1384, room 16 
tail 8
chksum 0x2d
csum 0x2d
v8b899c12
~ld


7.04
 0h00:00.436 1970/01/01T08:00:00z: SPIFFS Active
 0h00:04.113 2026/05/30T15:52:33z: f0:24:f9:c6:c7:d9
 0h00:04.114 2026/05/30T15:52:33z: SSID: TEST-STA
1 BSEC warning code : 100

 ets Jan  8 2013,rst cause:1, boot mode:(3,7)

load 0x4010f000, len 1384, room 16 
tail 8
chksum 0x2d
csum 0x2d
v8b899c12
~ld


7.04
 0h00:00.506 1970/01/01T08:00:00z: SPIFFS Active
 0h00:04.183 2026/05/30T16:12:13z: f0:24:f9:c6:c7:d9
 0h00:04.185 2026/05/30T16:12:13z: SSID: TEST-STA
1 BSEC warning code : 100

 ets Jan  8 2013,rst cause:1, boot mode:(3,7)

load 0x4010f000, len 1384, room 16 
tail 8
chksum 0x2d
csum 0x2d
v8b899c12
~ld


7.04
 0h00:00.437 1970/01/01T08:00:00z: SPIFFS Active
 0h00:04.114 2026/05/30T16:31:54z: f0:24:f9:c6:c7:d9
 0h00:04.115 2026/05/30T16:31:54z: SSID: TEST-STA
1 BSEC warning code : 100

 ets Jan  8 2013,rst cause:1, boot mode:(3,7)

load 0x4010f000, len 1384, room 16 
tail 8
chksum 0x2d
csum 0x2d
v8b899c12
~ld


7.04
 0h00:00.469 1970/01/01T08:00:00z: SPIFFS Active
 0h00:04.146 2026/05/30T16:51:34z: f0:24:f9:c6:c7:d9
 0h00:04.148 2026/05/30T16:51:34z: SSID: TEST-STA
1 BSEC warning code : 100

 ets Jan  8 2013,rst cause:1, boot mode:(3,7)

load 0x4010f000, len 1384, room 16 
tail 8
chksum 0x2d
csum 0x2d
v8b899c12
~ld


7.04
 0h00:00.458 1970/01/01T08:00:00z: SPIFFS Active
 0h00:04.135 2026/05/30T17:11:14z: f0:24:f9:c6:c7:d9
 0h00:04.137 2026/05/30T17:11:14z: SSID: TEST-STA
1 BSEC warning code : 100

1 BSEC warning code : 100

 ets Jan  8 2013,rst cause:1, boot mode:(3,7)

load 0x4010f000, len 1384, room 16 
tail 8
chksum 0x2d
csum 0x2d
v8b899c12
~ld


7.04
 0h00:00.440 1970/01/01T08:00:00z: SPIFFS Active
 0h00:04.117 2026/05/30T17:30:54z: f0:24:f9:c6:c7:d9
 0h00:04.119 2026/05/30T17:30:54z: SSID: TEST-STA
1 BSEC warning code : 100

 ets Jan  8 2013,rst cause:1, boot mode:(3,7)

load 0x4010f000, len 1384, room 16 
tail 8
chksum 0x2d
csum 0x2d
v8b899c12
~ld


7.04
 0h00:00.470 1970/01/01T08:00:00z: SPIFFS Active
 0h00:04.147 2026/05/30T17:50:34z: f0:24:f9:c6:c7:d9
 0h00:04.149 2026/05/30T17:50:34z: SSID: TEST-STA
1 BSEC warning code : 100

1 BSEC warning code : 100

 ets Jan  8 2013,rst cause:1, boot mode:(3,7)

load 0x4010f000, len 1384, room 16 
tail 8
chksum 0x2d
csum 0x2d
v8b899c12
~ld


7.04
 0h00:00.445 1970/01/01T08:00:00z: SPIFFS Active
 0h00:04.122 2026/05/30T18:10:16z: f0:24:f9:c6:c7:d9
 0h00:04.124 2026/05/30T18:10:16z: SSID: TEST-STA
1 BSEC warning code : 100

 ets Jan  8 2013,rst cause:1, boot mode:(3,7)

load 0x4010f000, len 1384, room 16 
tail 8
chksum 0x2d
csum 0x2d
v8b899c12
~ld


7.04
 0h00:00.478 1970/01/01T08:00:00z: SPIFFS Active
 0h00:04.155 2026/05/30T18:29:56z: f0:24:f9:c6:c7:d9
 0h00:04.156 2026/05/30T18:29:56z: SSID: TEST-STA
1 BSEC warning code : 100

 ets Jan  8 2013,rst cause:1, boot mode:(3,7)

load 0x4010f000, len 1384, room 16 
tail 8
chksum 0x2d
csum 0x2d
v8b899c12
~ld


7.04
 0h00:00.441 1970/01/01T08:00:00z: SPIFFS Active
 0h00:04.118 2026/05/30T18:49:37z: f0:24:f9:c6:c7:d9
 0h00:04.120 2026/05/30T18:49:37z: SSID: TEST-STA
1 BSEC warning code : 100

 ets Jan  8 2013,rst cause:1, boot mode:(3,7)

load 0x4010f000, len 1384, room 16 
tail 8
chksum 0x2d
csum 0x2d
v8b899c12
~ld


7.04
 0h00:00.437 1970/01/01T08:00:00z: SPIFFS Active
 0h00:04.114 2026/05/30T19:09:18z: f0:24:f9:c6:c7:d9
 0h00:04.116 2026/05/30T19:09:18z: SSID: TEST-STA
1 BSEC warning code : 100

 ets Jan  8 2013,rst cause:1, boot mode:(3,7)

load 0x4010f000, len 1384, room 16 
tail 8
chksum 0x2d
csum 0x2d
v8b899c12
~ld


7.04
 0h00:00.441 1970/01/01T08:00:00z: SPIFFS Active
 0h00:04.118 2026/05/30T19:28:59z: f0:24:f9:c6:c7:d9
 0h00:04.120 2026/05/30T19:28:59z: SSID: TEST-STA
1 BSEC warning code : 100

 ets Jan  8 2013,rst cause:1, boot mode:(3,7)

load 0x4010f000, len 1384, room 16 
tail 8
chksum 0x2d
csum 0x2d
v8b899c12
~ld


7.04
 0h00:00.438 1970/01/01T08:00:00z: SPIFFS Active
 0h00:04.115 2026/05/30T19:48:39z: f0:24:f9:c6:c7:d9
 0h00:04.116 2026/05/30T19:48:39z: SSID: TEST-STA
1 BSEC warning code : 100

1 BSEC warning code : 100

 ets Jan  8 2013,rst cause:1, boot mode:(3,7)

load 0x4010f000, len 1384, room 16 
tail 8
chksum 0x2d
csum 0x2d
v8b899c12
~ld


7.04
 0h00:00.470 1970/01/01T08:00:00z: SPIFFS Active
 0h00:04.147 2026/05/30T20:08:20z: f0:24:f9:c6:c7:d9
 0h00:04.148 2026/05/30T20:08:20z: SSID: TEST-STA
1 BSEC warning code : 100

 ets Jan  8 2013,rst cause:1, boot mode:(3,7)

load 0x4010f000, len 1384, room 16 
tail 8
chksum 0x2d
csum 0x2d
v8b899c12
~ld


7.04
 0h00:00.439 1970/01/01T08:00:00z: SPIFFS Active
 0h00:04.117 2026/05/30T20:28:01z: f0:24:f9:c6:c7:d9
 0h00:04.118 2026/05/30T20:28:01z: SSID: TEST-STA
1 BSEC warning code : 100

1 BSEC warning code : 100

 ets Jan  8 2013,rst cause:1, boot mode:(3,7)

load 0x4010f000, len 1384, room 16 
tail 8
chksum 0x2d
csum 0x2d
v8b899c12
~ld


7.04
 0h00:00.437 1970/01/01T08:00:00z: SPIFFS Active
 0h00:04.115 2026/05/30T20:47:41z: f0:24:f9:c6:c7:d9
 0h00:04.116 2026/05/30T20:47:41z: SSID: TEST-STA
1 BSEC warning code : 100

 ets Jan  8 2013,rst cause:1, boot mode:(3,7)

load 0x4010f000, len 1384, room 16 
tail 8
chksum 0x2d
csum 0x2d
v8b899c12
~ld


7.04
 0h00:00.437 1970/01/01T08:00:00z: SPIFFS Active
 0h00:04.114 2026/05/30T21:07:22z: f0:24:f9:c6:c7:d9
 0h00:04.116 2026/05/30T21:07:22z: SSID: TEST-STA
1 BSEC warning code : 100

 ets Jan  8 2013,rst cause:1, boot mode:(3,7)

load 0x4010f000, len 1384, room 16 
tail 8
chksum 0x2d
csum 0x2d
v8b899c12
~ld


7.04
 0h00:00.430 1970/01/01T08:00:00z: SPIFFS Active
 0h00:04.107 2026/05/30T21:27:02z: f0:24:f9:c6:c7:d9
 0h00:04.109 2026/05/30T21:27:02z: SSID: TEST-STA
1 BSEC warning code : 100

 ets Jan  8 2013,rst cause:1, boot mode:(3,7)

load 0x4010f000, len 1384, room 16 
tail 8
chksum 0x2d
csum 0x2d
v8b899c12
~ld


7.04
 0h00:00.465 1970/01/01T08:00:00z: SPIFFS Active
 0h00:04.143 2026/05/30T21:46:43z: f0:24:f9:c6:c7:d9
 0h00:04.145 2026/05/30T21:46:43z: SSID: TEST-STA
1 BSEC warning code : 100

 ets Jan  8 2013,rst cause:1, boot mode:(3,7)

load 0x4010f000, len 1384, room 16 
tail 8
chksum 0x2d
csum 0x2d
v8b899c12
~ld


7.04
 0h00:00.428 1970/01/01T08:00:00z: SPIFFS Active
 0h00:04.105 2026/05/30T22:06:23z: f0:24:f9:c6:c7:d9
 0h00:04.107 2026/05/30T22:06:23z: SSID: TEST-STA
1 BSEC warning code : 100

1 BSEC warning code : 100

 ets Jan  8 2013,rst cause:1, boot mode:(3,7)

load 0x4010f000, len 1384, room 16 
tail 8
chksum 0x2d
csum 0x2d
v8b899c12
~ld


7.04
 0h00:00.437 1970/01/01T08:00:00z: SPIFFS Active
 0h00:04.114 2026/05/30T22:26:04z: f0:24:f9:c6:c7:d9
 0h00:04.116 2026/05/30T22:26:04z: SSID: TEST-STA
1 BSEC warning code : 100

 ets Jan  8 2013,rst cause:1, boot mode:(3,7)

load 0x4010f000, len 1384, room 16 
tail 8
chksum 0x2d
csum 0x2d
v8b899c12
~ld


7.04
 0h00:00.470 1970/01/01T08:00:00z: SPIFFS Active
 0h00:04.147 2026/05/30T22:45:45z: f0:24:f9:c6:c7:d9
 0h00:04.149 2026/05/30T22:45:45z: SSID: TEST-STA
1 BSEC warning code : 100

1 BSEC warning code : 100

 ets Jan  8 2013,rst cause:1, boot mode:(3,7)

load 0x4010f000, len 1384, room 16 
tail 8
chksum 0x2d
csum 0x2d
v8b899c12
~ld


7.04
 0h00:00.440 1970/01/01T08:00:00z: SPIFFS Active
 0h00:04.117 2026/05/30T23:05:25z: f0:24:f9:c6:c7:d9
 0h00:04.119 2026/05/30T23:05:25z: SSID: TEST-STA
1 BSEC warning code : 100

 ets Jan  8 2013,rst cause:1, boot mode:(3,7)

load 0x4010f000, len 1384, room 16 
tail 8
chksum 0x2d
csum 0x2d
v8b899c12
~ld


7.04
 0h00:00.472 1970/01/01T08:00:00z: SPIFFS Active
 0h00:04.149 2026/05/30T23:25:05z: f0:24:f9:c6:c7:d9
 0h00:04.151 2026/05/30T23:25:05z: SSID: TEST-STA
1 BSEC warning code : 100

 ets Jan  8 2013,rst cause:1, boot mode:(3,7)

load 0x4010f000, len 1384, room 16 
tail 8
chksum 0x2d
csum 0x2d
v8b899c12
~ld


7.04
 0h00:00.431 1970/01/01T08:00:00z: SPIFFS Active
 0h00:04.108 2026/05/30T23:44:46z: f0:24:f9:c6:c7:d9
 0h00:04.110 2026/05/30T23:44:46z: SSID: TEST-STA
1 BSEC warning code : 100
