
1 BSEC warning code : 100

 ets Jan  8 2013,rst cause:1, boot mode:(3,7)

load 0x4010f000, len 1384, room 16 
tail 8
chksum 0x2d
csum 0x2d
v8b899c12
~ld


7.04
 0h00:00.591 1970/01/01T08:00:00z: SPIFFS Active
 0h00:04.267 2026/05/17T00:12:52z: f0:24:f9:c2:4b:b8
 0h00:04.269 2026/05/17T00:12:52z: SSID: that iPhone
1 BSEC warning code : 100

 ets Jan  8 2013,rst cause:1, boot mode:(3,7)

load 0x4010f000, len 1384, room 16 
tail 8
chksum 0x2d
csum 0x2d
v8b899c12
~ld


7.04
 0h00:00.548 1970/01/01T08:00:00z: SPIFFS Active
 0h00:04.224 2026/05/17T00:32:32z: f0:24:f9:c2:4b:b8
 0h00:04.225 2026/05/17T00:32:32z: SSID: that iPhone
1 BSEC warning code : 100

 ets Jan  8 2013,rst cause:1, boot mode:(3,7)

load 0x4010f000, len 1384, room 16 
tail 8
chksum 0x2d
csum 0x2d
v8b899c12
~ld


7.04
 0h00:00.577 1970/01/01T08:00:00z: SPIFFS Active
 0h00:04.253 2026/05/17T00:52:13z: f0:24:f9:c2:4b:b8
 0h00:04.254 2026/05/17T00:52:13z: SSID: that iPhone
1 BSEC warning code : 100

 ets Jan  8 2013,rst cause:1, boot mode:(3,7)

load 0x4010f000, len 1384, room 16 
tail 8
chksum 0x2d
csum 0x2d
v8b899c12
~ld


7.04
 0h00:00.531 1970/01/01T08:00:00z: SPIFFS Active
 0h00:04.208 2026/05/17T01:11:54z: f0:24:f9:c2:4b:b8
 0h00:04.209 2026/05/17T01:11:54z: SSID: that iPhone
1 BSEC warning code : 100

 ets Jan  8 2013,rst cause:1, boot mode:(3,7)

load 0x4010f000, len 1384, room 16 
tail 8
chksum 0x2d
csum 0x2d
v8b899c12
~ld


7.04
 0h00:00.554 1970/01/01T08:00:00z: SPIFFS Active
 0h00:04.230 2026/05/17T01:31:34z: f0:24:f9:c2:4b:b8
 0h00:04.232 2026/05/17T01:31:34z: SSID: that iPhone
1 BSEC warning code : 100

1 BSEC warning code : 100

 ets Jan  8 2013,rst cause:1, boot mode:(3,7)

load 0x4010f000, len 1384, room 16 
tail 8
chksum 0x2d
csum 0x2d
v8b899c12
~ld


7.04
 0h00:00.553 1970/01/01T08:00:00z: SPIFFS Active
 0h00:04.229 2026/05/17T01:51:15z: f0:24:f9:c2:4b:b8
 0h00:04.230 2026/05/17T01:51:15z: SSID: that iPhone
1 BSEC warning code : 100

 ets Jan  8 2013,rst cause:1, boot mode:(3,7)

load 0x4010f000, len 1384, room 16 
tail 8
chksum 0x2d
csum 0x2d
v8b899c12
~ld


7.04
 0h00:00.563 1970/01/01T08:00:00z: SPIFFS Active
 0h00:04.240 2026/05/17T02:10:56z: f0:24:f9:c2:4b:b8
 0h00:04.241 2026/05/17T02:10:56z: SSID: that iPhone
1 BSEC warning code : 100

 ets Jan  8 2013,rst cause:1, boot mode:(3,7)

load 0x4010f000, len 1384, room 16 
tail 8
chksum 0x2d
csum 0x2d
v8b899c12
~ld


7.04
 0h00:00.558 1970/01/01T08:00:00z: SPIFFS Active
 0h00:04.234 2026/05/17T02:30:36z: f0:24:f9:c2:4b:b8
 0h00:04.236 2026/05/17T02:30:36z: SSID: that iPhone
1 BSEC warning code : 100

 ets Jan  8 2013,rst cause:1, boot mode:(3,7)

load 0x4010f000, len 1384, room 16 
tail 8
chksum 0x2d
csum 0x2d
v8b899c12
~ld


7.04
 0h00:00.595 1970/01/01T08:00:00z: SPIFFS Active
 0h00:04.271 2026/05/17T02:50:17z: f0:24:f9:c2:4b:b8
 0h00:04.273 2026/05/17T02:50:17z: SSID: that iPhone
1 BSEC warning code : 100

 ets Jan  8 2013,rst cause:1, boot mode:(3,7)

load 0x4010f000, len 1384, room 16 
tail 8
chksum 0x2d
csum 0x2d
v8b899c12
~ld


7.04
 0h00:00.558 1970/01/01T08:00:00z: SPIFFS Active
 0h00:04.235 2026/05/17T03:09:58z: f0:24:f9:c2:4b:b8
 0h00:04.236 2026/05/17T03:09:58z: SSID: that iPhone
1 BSEC warning code : 100

 ets Jan  8 2013,rst cause:1, boot mode:(3,7)

load 0x4010f000, len 1384, room 16 
tail 8
chksum 0x2d
csum 0x2d
v8b899c12
~ld


7.04
 0h00:00.558 1970/01/01T08:00:00z: SPIFFS Active
 0h00:04.234 2026/05/17T03:29:39z: f0:24:f9:c2:4b:b8
 0h00:04.236 2026/05/17T03:29:39z: SSID: that iPhone
1 BSEC warning code : 100

1 BSEC warning code : 100

 ets Jan  8 2013,rst cause:1, boot mode:(3,7)

load 0x4010f000, len 1384, room 16 
tail 8
chksum 0x2d
csum 0x2d
v8b899c12
~ld


7.04
 0h00:00.512 1970/01/01T08:00:00z: SPIFFS Active
 0h00:04.188 2026/05/17T03:49:19z: f0:24:f9:c2:4b:b8
 0h00:04.189 2026/05/17T03:49:19z: SSID: that iPhone
1 BSEC warning code : 100

 ets Jan  8 2013,rst cause:1, boot mode:(3,7)

load 0x4010f000, len 1384, room 16 
tail 8
chksum 0x2d
csum 0x2d
v8b899c12
~ld


7.04
 0h00:00.569 1970/01/01T08:00:00z: SPIFFS Active
 0h00:04.245 2026/05/17T04:09:00z: f0:24:f9:c2:4b:b8
 0h00:04.246 2026/05/17T04:09:00z: SSID: that iPhone
1 BSEC warning code : 100

 ets Jan  8 2013,rst cause:1, boot mode:(3,7)

load 0x4010f000, len 1384, room 16 
tail 8
chksum 0x2d
csum 0x2d
v8b899c12
~ld


7.04
 0h00:00.550 1970/01/01T08:00:00z: SPIFFS Active
 0h00:04.227 2026/05/17T04:28:41z: f0:24:f9:c2:4b:b8
 0h00:04.228 2026/05/17T04:28:41z: SSID: that iPhone
1 BSEC warning code : 100

 ets Jan  8 2013,rst cause:1, boot mode:(3,7)

load 0x4010f000, len 1384, room 16 
tail 8
chksum 0x2d
csum 0x2d
v8b899c12
~ld


7.04
 0h00:00.540 1970/01/01T08:00:00z: SPIFFS Active
 0h00:04.217 2026/05/17T04:48:21z: f0:24:f9:c2:4b:b8
 0h00:04.218 2026/05/17T04:48:21z: SSID: that iPhone
1 BSEC warning code : 100

 ets Jan  8 2013,rst cause:1, boot mode:(3,7)

load 0x4010f000, len 1384, room 16 
tail 8
chksum 0x2d
csum 0x2d
v8b899c12
~ld


7.04
 0h00:00.553 1970/01/01T08:00:00z: SPIFFS Active
 0h00:04.229 2026/05/17T05:08:02z: f0:24:f9:c2:4b:b8
 0h00:04.230 2026/05/17T05:08:02z: SSID: that iPhone
1 BSEC warning code : 100

 ets Jan  8 2013,rst cause:1, boot mode:(3,7)

load 0x4010f000, len 1384, room 16 
tail 8
chksum 0x2d
csum 0x2d
v8b899c12
~ld


7.04
 0h00:00.592 1970/01/01T08:00:00z: SPIFFS Active
 0h00:04.269 2026/05/17T05:27:43z: f0:24:f9:c2:4b:b8
 0h00:04.271 2026/05/17T05:27:43z: SSID: that iPhone
1 BSEC warning code : 100

1 BSEC warning code : 100

 ets Jan  8 2013,rst cause:1, boot mode:(3,7)

load 0x4010f000, len 1384, room 16 
tail 8
chksum 0x2d
csum 0x2d
v8b899c12
~ld


7.04
 0h00:00.494 1970/01/01T08:00:00z: SPIFFS Active
 0h00:04.171 2026/05/17T05:47:23z: f0:24:f9:c2:4b:b8
 0h00:04.172 2026/05/17T05:47:23z: SSID: that iPhone
1 BSEC warning code : 100

 ets Jan  8 2013,rst cause:1, boot mode:(3,7)

load 0x4010f000, len 1384, room 16 
tail 8
chksum 0x2d
csum 0x2d
v8b899c12
~ld


7.04
 0h00:00.542 1970/01/01T08:00:00z: SPIFFS Active
 0h00:04.219 2026/05/17T06:07:03z: f0:24:f9:c2:4b:b8
 0h00:04.220 2026/05/17T06:07:03z: SSID: that iPhone
1 BSEC warning code : 100

 ets Jan  8 2013,rst cause:1, boot mode:(3,7)

load 0x4010f000, len 1384, room 16 
tail 8
chksum 0x2d
csum 0x2d
v8b899c12
~ld


7.04
 0h00:00.558 1970/01/01T08:00:00z: SPIFFS Active
 0h00:04.235 2026/05/17T06:26:44z: f0:24:f9:c2:4b:b8
 0h00:04.236 2026/05/17T06:26:44z: SSID: that iPhone
 0h00:13.307 2026/05/17T06:26:53z: PMSX003-A (1662ms)
 0h00:14.399 2026/05/17T06:26:55z: PMSX003-B (1090ms)
 0h00:14.400 2026/05/17T06:26:55z: 3.0+RV3028+BME68X+KX122+PMSX003-A+PMSX003-B
 0h00:15.422 2026/05/17T06:26:56z: p:1022.87 gasR:2235807.75 iaq:62.47(0) T:9.60(12.60) H:71.78(42.56) sIaq:83.09(0) Stabilization:1 Run in:0
 0h00:15.900 2026/05/17T06:26:56z: DATA A(2),49,71,40,1022.87,4.89,26432,0,15,2,3,4,2,3,4,13,13,480,137,35,3,1,0,83.09
 0h00:16.422 2026/05/17T06:26:57z: p:1023.02 gasR:2254265.25 iaq:62.47(0) T:10.01(15.61) H:70.06(43.10) sIaq:83.09(0) Stabilization:1 Run in:0
 0h00:16.737 2026/05/17T06:26:57z: DATA A(3),50,70,40,1023.02,4.87,26432,0,16,2,3,4,2,3,4,13,13,480,137,35,3,1,0,83.09
 0h00:17.423 2026/05/17T06:26:58z: p:1023.02 gasR:2265486.75 iaq:62.47(0) T:10.59(16.18) H:66.77(42.98) sIaq:83.09(0) Stabilization:1 Run in:0
 0h00:17.644 2026/05/17T06:26:58z: DATA A(4),51,66,40,1023.02,4.90,26432,0,17,2,3,4,2,3,4,13,13,489,137,32,3,1,0,83.09
 0h00:18.422 2026/05/17T06:26:59z: p:1023.05 gasR:2252405.75 iaq:62.47(0) T:10.79(16.39) H:65.06(42.65) sIaq:83.09(0) Stabilization:1 Run in:0
 0h00:18.480 2026/05/17T06:26:59z: DATA A(5),51,65,39,1023.05,4.93,26432,0,18,2,3,4,2,3,4,13,13,489,137,32,3,1,0,83.09
 0h00:19.323 2026/05/17T06:26:59z: DATA A(6),51,65,39,1023.05,4.90,26432,0,19,2,3,4,2,3,4,13,13,489,137,32,3,1,0,83.09
 0h00:19.422 2026/05/17T06:27:00z: p:1023.03 gasR:2269252.00 iaq:62.47(0) T:10.93(16.53) H:63.67(42.29) sIaq:83.09(0) Stabilization:1 Run in:0
 0h00:20.422 2026/05/17T06:27:01z: p:1023.02 gasR:2280623.50 iaq:62.47(0) T:11.02(16.62) H:62.58(41.94) sIaq:83.09(0) Stabilization:1 Run in:0
 0h00:21.243 2026/05/17T06:27:01z: DATA B(2),51,62,38,1023.02,4.91,26432,0,21,2,3,3,2,3,3,13,13,459,125,19,2,0,0,83.09
 0h00:21.422 2026/05/17T06:27:02z: p:1023.02 gasR:2282530.00 iaq:62.47(0) T:11.09(16.69) H:61.66(41.61) sIaq:83.09(0) Stabilization:1 Run in:0
 0h00:22.150 2026/05/17T06:27:02z: DATA B(3),51,61,38,1023.02,4.92,26432,0,22,2,3,4,2,3,4,13,13,513,142,23,3,1,1,83.09
 0h00:22.422 2026/05/17T06:27:03z: p:1023.01 gasR:2280623.50 iaq:62.47(0) T:11.15(16.75) H:60.94(41.37) sIaq:83.09(0) Stabilization:1 Run in:0
 0h00:22.986 2026/05/17T06:27:03z: DATA B(4),52,60,38,1023.01,4.91,26432,0,22,2,3,4,2,3,4,13,13,513,142,23,3,1,1,83.09
 0h00:23.422 2026/05/17T06:27:04z: p:1023.01 gasR:2284439.50 iaq:62.47(0) T:11.20(16.81) H:60.23(41.11) sIaq:83.09(0) Stabilization:1 Run in:0
 0h00:23.823 2026/05/17T06:27:04z: DATA B(5),52,60,38,1023.01,4.90,26432,0,23,2,3,4,2,3,4,13,13,513,142,23,3,1,1,83.09
 0h00:24.422 2026/05/17T06:27:05z: p:1023.02 gasR:2297896.25 iaq:62.47(0) T:11.27(16.87) H:59.60(40.89) sIaq:83.09(0) Stabilization:1 Run in:0
 0h00:25.422 2026/05/17T06:27:06z: p:1023.02 gasR:2292109.75 iaq:62.47(0) T:11.31(16.91) H:59.11(40.71) sIaq:83.09(0) Stabilization:1 Run in:0
 0h00:26.223 2026/05/17T06:27:06z: DATA A(7),52,59,38,1023.02,4.90,26432,0,26,2,3,3,2,3,3,13,13,483,137,20,2,0,0,83.09
 0h00:26.422 2026/05/17T06:27:07z: p:1023.01 gasR:2273030.00 iaq:62.47(0) T:11.35(16.95) H:58.67(40.54) sIaq:83.09(0) Stabilization:1 Run in:0
 0h00:27.058 2026/05/17T06:27:07z: DATA A(8),52,58,37,1023.01,4.89,26432,0,27,2,3,3,2,3,3,13,13,483,137,20,2,0,0,83.09
 0h00:27.422 2026/05/17T06:27:08z: p:1023.01 gasR:2286352.25 iaq:62.47(0) T:11.38(16.98) H:58.33(40.40) sIaq:83.09(0) Stabilization:1 Run in:0
 0h00:27.965 2026/05/17T06:27:08z: DATA A(9),52,58,37,1023.01,4.90,26432,0,27,2,3,3,2,3,3,13,13,495,139,20,2,0,0,83.09
 0h00:28.422 2026/05/17T06:27:09z: p:1023.00 gasR:2301770.25 iaq:62.47(0) T:11.42(17.02) H:57.98(40.25) sIaq:83.09(0) Stabilization:1 Run in:0
 0h00:28.802 2026/05/17T06:27:09z: DATA A(10),52,57,37,1023.00,4.89,26432,0,28,2,3,3,2,3,3,13,13,495,139,20,2,0,0,83.09
 0h00:29.422 2026/05/17T06:27:10z: p:1023.02 gasR:2288268.25 iaq:62.47(0) T:11.45(17.05) H:57.70(40.16) sIaq:83.09(0) Stabilization:1 Run in:0
 0h00:29.638 2026/05/17T06:27:10z: DATA A(11),52,57,37,1023.02,4.90,26432,0,29,2,3,3,2,3,3,13,13,495,139,20,2,0,0,83.09
 0h00:30.422 2026/05/17T06:27:11z: p:1023.01 gasR:2297896.25 iaq:62.47(0) T:11.48(17.08) H:57.52(40.09) sIaq:83.09(0) Stabilization:1 Run in:0
 0h00:30.724 2026/05/17T06:27:11z: DATA B(6),52,57,37,1023.01,4.89,26432,0,30,2,4,4,2,4,4,17,17,564,161,28,3,1,1,83.09
 0h00:31.422 2026/05/17T06:27:12z: p:1023.03 gasR:2307605.75 iaq:62.47(0) T:11.52(17.13) H:57.22(40.00) sIaq:83.09(0) Stabilization:1 Run in:0
 0h00:31.560 2026/05/17T06:27:12z: DATA B(7),52,57,37,1023.03,4.91,26432,0,31,2,4,4,2,4,4,17,17,564,161,28,3,1,1,83.09
 0h00:32.423 2026/05/17T06:27:13z: p:1023.00 gasR:2301770.25 iaq:62.47(0) T:11.55(17.15) H:57.02(39.91) sIaq:83.09(0) Stabilization:1 Run in:0
 0h00:32.466 2026/05/17T06:27:13z: DATA B(8),52,57,37,1023.00,4.94,26432,0,32,2,4,4,2,4,4,17,17,579,166,28,3,1,1,83.09
 0h00:33.303 2026/05/17T06:27:13z: DATA B(9),52,57,37,1023.00,4.89,26432,0,33,2,4,4,2,4,4,17,17,579,166,28,3,1,1,83.09
 0h00:33.423 2026/05/17T06:27:14z: p:1023.01 gasR:2282530.00 iaq:62.47(0) T:11.60(17.20) H:56.78(39.84) sIaq:83.09(0) Stabilization:1 Run in:0
 0h00:34.139 2026/05/17T06:27:14z: DATA B(10),52,56,37,1023.01,4.93,26432,0,34,2,4,4,2,4,4,17,17,579,166,28,3,1,1,83.09
 0h00:34.422 2026/05/17T06:27:15z: p:1023.00 gasR:2292109.75 iaq:62.47(0) T:11.63(17.23) H:56.66(39.81) sIaq:83.09(0) Stabilization:1 Run in:0
 0h00:35.422 2026/05/17T06:27:16z: p:1023.00 gasR:2288268.25 iaq:62.47(0) T:11.67(17.27) H:56.47(39.74) sIaq:83.09(0) Stabilization:1 Run in:0
 0h00:36.422 2026/05/17T06:27:17z: p:1022.99 gasR:2294035.25 iaq:62.47(0) T:11.69(17.29) H:56.40(39.71) sIaq:83.09(0) Stabilization:1 Run in:0
 0h00:36.543 2026/05/17T06:27:17z: DATA A(12),53,56,37,1022.99,4.92,26432,0,36,2,3,3,2,3,3,13,13,453,129,23,1,0,0,83.09
 0h00:37.379 2026/05/17T06:27:18z: DATA A(13),53,56,37,1022.99,4.89,26432,0,37,2,3,3,2,3,3,13,13,453,129,23,1,0,0,83.09
 0h00:37.422 2026/05/17T06:27:18z: p:1023.02 gasR:2297896.25 iaq:62.47(0) T:11.72(17.32) H:56.27(39.66) sIaq:83.09(0) Stabilization:1 Run in:0
 0h00:38.287 2026/05/17T06:27:18z: DATA A(14),53,56,37,1023.02,4.90,26432,0,38,2,3,3,2,3,3,13,13,453,128,23,1,0,0,83.09
 0h00:38.422 2026/05/17T06:27:19z: p:1023.02 gasR:2290187.25 iaq:62.47(0) T:11.75(17.35) H:56.17(39.63) sIaq:83.09(0) Stabilization:1 Run in:0
 0h00:39.123 2026/05/17T06:27:19z: DATA A(15),53,56,37,1023.02,4.92,26432,0,39,2,3,3,2,3,3,13,13,453,128,23,1,0,0,83.09
 0h00:39.422 2026/05/17T06:27:20z: p:1023.00 gasR:2303712.00 iaq:62.44(0) T:11.77(17.38) H:56.10(39.60) sIaq:83.00(0) Stabilization:1 Run in:0
 0h00:39.960 2026/05/17T06:27:20z: DATA A(16),53,56,37,1023.00,4.87,26432,0,39,2,3,3,2,3,3,13,13,453,128,23,1,0,0,83.00
 0h00:40.423 2026/05/17T06:27:21z: p:1023.01 gasR:2288268.25 iaq:62.45(0) T:11.80(17.40) H:56.03(39.57) sIaq:83.04(0) Stabilization:1 Run in:0
 0h00:41.040 2026/05/17T06:27:21z: DATA B(11),53,56,37,1023.01,4.90,26432,0,41,3,3,4,3,3,4,13,13,558,167,24,2,1,1,83.04
 0h00:41.422 2026/05/17T06:27:22z: p:1023.03 gasR:2299831.50 iaq:62.42(0) T:11.82(17.43) H:56.00(39.57) sIaq:82.95(0) Stabilization:1 Run in:0
 0h00:41.877 2026/05/17T06:27:22z: DATA B(12),53,56,37,1023.03,4.91,26432,0,41,3,3,4,3,3,4,13,13,558,167,24,2,1,1,82.95
 0h00:42.422 2026/05/17T06:27:23z: p:1023.02 gasR:2290187.25 iaq:62.43(0) T:11.85(17.45) H:55.93(39.53) sIaq:82.98(0) Stabilization:1 Run in:0
 0h00:42.783 2026/05/17T06:27:23z: DATA B(13),53,55,37,1023.02,4.89,26432,0,42,2,3,4,2,3,4,13,13,519,158,28,2,1,1,82.98
 0h00:43.422 2026/05/17T06:27:24z: p:1023.02 gasR:2284439.50 iaq:62.46(0) T:11.86(17.47) H:55.90(39.51) sIaq:83.06(0) Stabilization:1 Run in:0
 0h00:43.623 2026/05/17T06:27:24z: DATA B(14),53,55,37,1023.02,4.90,26432,0,43,2,3,4,2,3,4,13,13,519,158,28,2,1,1,83.06
 0h00:44.423 2026/05/17T06:27:25z: p:1023.02 gasR:2295964.25 iaq:62.44(0) T:11.88(17.49) H:55.87(39.50) sIaq:83.01(0) Stabilization:1 Run in:0
 0h00:44.456 2026/05/17T06:27:25z: DATA B(15),53,55,37,1023.02,4.92,26432,0,44,2,3,4,2,3,4,13,13,519,158,28,2,1,1,83.01
 0h00:45.422 2026/05/17T06:27:26z: p:1023.01 gasR:2284439.50 iaq:62.47(0) T:11.89(17.49) H:55.88(39.48) sIaq:83.08(0) Stabilization:1 Run in:0
 0h00:46.422 2026/05/17T06:27:27z: p:1023.02 gasR:2286352.25 iaq:62.47(0) T:11.91(17.51) H:55.87(39.46) sIaq:83.09(0) Stabilization:1 Run in:0
 0h00:46.865 2026/05/17T06:27:27z: DATA A(17),53,55,37,1023.02,4.92,26432,0,46,2,3,3,2,3,3,13,13,489,132,28,2,0,0,83.09
 0h00:47.422 2026/05/17T06:27:28z: p:1023.01 gasR:2282530.00 iaq:62.47(0) T:11.91(17.51) H:55.92(39.45) sIaq:83.09(0) Stabilization:1 Run in:0
 0h00:47.701 2026/05/17T06:27:28z: DATA A(18),53,55,37,1023.01,4.88,26120,0,47,2,3,3,2,3,3,13,13,489,132,28,2,0,0,83.09
 0h00:48.422 2026/05/17T06:27:29z: p:1023.02 gasR:2284439.50 iaq:62.47(0) T:11.92(17.52) H:55.89(39.42) sIaq:83.09(0) Stabilization:1 Run in:0
 0h00:48.608 2026/05/17T06:27:29z: DATA A(19),53,55,37,1023.02,4.88,26432,0,48,2,3,3,2,3,3,13,13,489,133,22,1,0,0,83.09
 0h00:49.423 2026/05/17T06:27:30z: p:1023.01 gasR:2290187.25 iaq:62.47(0) T:11.92(17.52) H:55.89(39.41) sIaq:83.09(0) Stabilization:1 Run in:0
 0h00:49.445 2026/05/17T06:27:30z: DATA A(20),53,55,37,1023.01,4.92,26432,0,49,2,3,3,2,3,3,13,13,489,133,22,1,0,0,83.09
 0h00:50.422 2026/05/17T06:27:31z: p:1023.02 gasR:2288268.25 iaq:62.47(0) T:11.93(17.54) H:55.89(39.39) sIaq:83.09(0) Stabilization:1 Run in:0
 0h00:51.357 2026/05/17T06:27:32z: DATA B(16),53,55,37,1023.02,4.90,26120,0,51,2,2,2,2,2,2,8,8,456,124,19,2,0,0,83.09
 0h00:51.422 2026/05/17T06:27:32z: p:1023.01 gasR:2278720.50 iaq:62.47(0) T:11.95(17.55) H:55.88(39.38) sIaq:83.10(0) Stabilization:1 Run in:0
 0h00:52.193 2026/05/17T06:27:32z: DATA B(17),53,55,37,1023.01,4.93,26432,0,52,2,2,2,2,2,2,8,8,456,124,19,2,0,0,83.10
 0h00:52.422 2026/05/17T06:27:33z: p:1023.02 gasR:2280623.50 iaq:62.48(0) T:11.96(17.56) H:55.88(39.38) sIaq:83.10(0) Stabilization:1 Run in:0
 0h00:53.100 2026/05/17T06:27:33z: DATA B(18),53,55,37,1023.02,4.87,26432,0,53,1,2,2,1,2,2,8,8,417,115,12,2,0,0,83.10
 0h00:53.422 2026/05/17T06:27:34z: p:1023.02 gasR:2299831.50 iaq:62.47(0) T:11.97(17.57) H:55.88(39.37) sIaq:83.09(0) Stabilization:1 Run in:0
 0h00:53.936 2026/05/17T06:27:34z: DATA B(19),53,55,37,1023.02,4.92,26432,0,53,1,2,2,1,2,2,8,8,417,115,12,2,0,0,83.09
 0h00:54.422 2026/05/17T06:27:35z: p:1023.03 gasR:2286352.25 iaq:62.47(0) T:11.98(17.59) H:55.90(39.39) sIaq:83.10(0) Stabilization:1 Run in:0
 0h00:54.772 2026/05/17T06:27:35z: DATA B(20),53,55,37,1023.03,4.92,26432,0,54,1,2,2,1,2,2,8,8,417,115,12,2,0,0,83.10
 0h00:55.423 2026/05/17T06:27:36z: p:1023.02 gasR:2276820.50 iaq:62.48(0) T:12.00(17.60) H:55.86(39.37) sIaq:83.10(0) Stabilization:1 Run in:0
 0h00:56.349 2026/05/17T06:27:37z: DATA A(21),53,55,37,1023.02,4.90,26432,0,56,2,3,3,2,3,3,13,13,423,115,21,2,0,0,83.10
 0h00:56.422 2026/05/17T06:27:37z: p:1023.02 gasR:2294035.25 iaq:62.48(0) T:12.02(17.62) H:55.86(39.37) sIaq:83.10(0) Stabilization:1 Run in:0
 0h00:57.186 2026/05/17T06:27:37z: DATA A(22),53,55,37,1023.02,4.90,26432,0,57,2,3,3,2,3,3,13,13,423,115,21,2,0,0,83.10
 0h00:57.422 2026/05/17T06:27:38z: p:1023.02 gasR:2297896.25 iaq:62.47(0) T:12.04(17.64) H:55.81(39.36) sIaq:83.09(0) Stabilization:1 Run in:0
 0h00:58.023 2026/05/17T06:27:38z: DATA A(23),53,55,37,1023.02,4.89,26432,0,58,2,3,3,2,3,3,13,13,423,115,21,2,0,0,83.09
 0h00:58.422 2026/05/17T06:27:39z: p:1023.00 gasR:2295964.25 iaq:62.47(0) T:12.04(17.65) H:55.84(39.36) sIaq:83.09(0) Stabilization:1 Run in:0
 0h00:58.929 2026/05/17T06:27:39z: DATA A(24),53,55,37,1023.00,4.90,26432,0,58,2,3,3,2,3,3,13,13,420,115,21,2,0,0,83.09
 0h00:59.422 2026/05/17T06:27:40z: p:1023.01 gasR:2292109.75 iaq:62.47(0) T:12.05(17.65) H:55.85(39.35) sIaq:83.09(0) Stabilization:1 Run in:0
 0h00:59.766 2026/05/17T06:27:40z: DATA A(25),53,55,37,1023.01,4.89,26432,0,59,2,3,3,2,3,3,13,13,420,115,21,2,0,0,83.09
 0h01:00.422 2026/05/17T06:27:41z: p:1023.00 gasR:2282530.00 iaq:62.47(0) T:12.06(17.66) H:55.88(39.36) sIaq:83.09(0) Stabilization:1 Run in:0
 0h01:01.422 2026/05/17T06:27:42z: p:1023.03 gasR:2286352.25 iaq:62.47(0) T:12.06(17.67) H:55.90(39.35) sIaq:83.09(0) Stabilization:1 Run in:0
 0h01:01.674 2026/05/17T06:27:42z: DATA B(21),53,55,37,1023.03,4.91,26432,0,61,1,2,2,1,2,2,8,8,426,113,13,2,0,0,83.09
 0h01:02.422 2026/05/17T06:27:43z: p:1023.02 gasR:2301770.25 iaq:62.46(0) T:12.07(17.67) H:55.90(39.34) sIaq:83.07(0) Stabilization:1 Run in:0
 0h01:02.510 2026/05/17T06:27:43z: DATA B(22),53,55,37,1023.02,4.93,26432,0,62,1,2,2,1,2,2,8,8,426,113,13,2,0,0,83.07
 0h01:03.423 2026/05/17T06:27:44z: DATA B(23),53,55,37,1023.02,4.92,26432,0,63,2,2,2,2,2,2,8,8,474,125,12,2,0,0,83.07
 0h01:03.442 2026/05/17T06:27:44z: p:1023.01 gasR:2286352.25 iaq:62.47(0) T:12.21(17.67) H:55.45(39.34) sIaq:83.09(0) Stabilization:1 Run in:0
 0h01:04.253 2026/05/17T06:27:44z: DATA B(24),53,55,37,1023.01,4.90,26432,0,64,2,2,2,2,2,2,8,8,474,125,12,2,0,0,83.09
 0h01:04.441 2026/05/17T06:27:45z: p:1023.04 gasR:2321337.50 iaq:62.36(0) T:11.94(17.54) H:56.38(39.31) sIaq:82.78(0) Stabilization:1 Run in:0
 0h01:05.089 2026/05/17T06:27:45z: DATA B(25),53,56,37,1023.04,4.90,26432,0,65,2,2,2,2,2,2,8,8,474,125,12,2,0,0,82.78
 0h01:05.441 2026/05/17T06:27:46z: p:1023.03 gasR:2294035.25 iaq:62.35(0) T:12.07(17.67) H:55.97(39.33) sIaq:82.77(0) Stabilization:1 Run in:0
 0h01:06.441 2026/05/17T06:27:47z: p:1023.02 gasR:2339234.75 iaq:62.17(0) T:12.09(17.69) H:55.96(39.34) sIaq:82.29(0) Stabilization:1 Run in:0
 0h01:06.670 2026/05/17T06:27:47z: DATA A(26),53,55,37,1023.02,4.90,26432,0,66,2,3,3,2,3,3,13,13,471,133,28,3,0,0,82.29
 0h01:07.442 2026/05/17T06:27:48z: p:1023.01 gasR:2284439.50 iaq:62.22(0) T:12.10(17.70) H:55.95(39.33) sIaq:82.43(0) Stabilization:1 Run in:0
 0h01:07.506 2026/05/17T06:27:48z: DATA A(27),53,55,37,1023.01,4.92,26432,0,67,2,3,3,2,3,3,13,13,471,133,28,3,0,0,82.43
 0h01:08.343 2026/05/17T06:27:49z: DATA A(28),53,55,37,1023.01,4.90,26432,0,68,2,3,3,2,3,3,13,13,471,133,28,3,0,0,82.43
 0h01:08.441 2026/05/17T06:27:49z: p:1023.01 gasR:2323312.50 iaq:62.12(0) T:12.11(17.71) H:55.96(39.34) sIaq:82.15(0) Stabilization:1 Run in:0
 0h01:09.250 2026/05/17T06:27:49z: DATA A(29),53,55,37,1023.01,4.90,26432,0,69,2,4,4,2,4,4,17,17,471,140,31,3,0,0,82.15
 0h01:09.441 2026/05/17T06:27:50z: p:1023.04 gasR:2282530.00 iaq:62.19(0) T:12.12(17.73) H:55.95(39.35) sIaq:82.33(0) Stabilization:1 Run in:0
 0h01:10.087 2026/05/17T06:27:50z: DATA A(30),53,55,37,1023.04,4.91,26432,0,70,2,4,4,2,4,4,17,17,471,140,31,3,0,0,82.33
 0h01:10.441 2026/05/17T06:27:51z: p:1023.03 gasR:2290187.25 iaq:62.21(0) T:12.12(17.72) H:55.99(39.35) sIaq:82.40(0) Stabilization:1 Run in:0
 0h01:11.441 2026/05/17T06:27:52z: p:1023.01 gasR:2282530.00 iaq:62.27(0) T:12.13(17.74) H:55.98(39.35) sIaq:82.54(0) Stabilization:1 Run in:0
 0h01:11.991 2026/05/17T06:27:52z: DATA B(26),53,55,37,1023.01,4.92,26432,0,71,2,3,3,2,3,3,13,13,522,139,10,1,0,0,82.54
 0h01:12.441 2026/05/17T06:27:53z: p:1023.02 gasR:2290187.25 iaq:62.28(0) T:12.15(17.75) H:55.99(39.36) sIaq:82.59(0) Stabilization:1 Run in:0
 0h01:12.827 2026/05/17T06:27:53z: DATA B(27),53,55,37,1023.02,4.90,26432,0,72,2,3,3,2,3,3,13,13,522,139,10,1,0,0,82.59
 0h01:13.441 2026/05/17T06:27:54z: p:1023.03 gasR:2295964.25 iaq:62.28(0) T:12.17(17.77) H:55.96(39.36) sIaq:82.57(0) Stabilization:1 Run in:0
 0h01:13.733 2026/05/17T06:27:54z: DATA B(28),53,55,37,1023.03,4.92,26432,0,73,2,2,2,2,2,2,8,8,477,132,10,0,0,0,82.57
 0h01:14.441 2026/05/17T06:27:55z: p:1023.03 gasR:2319365.75 iaq:62.18(0) T:12.18(17.78) H:55.97(39.37) sIaq:82.30(0) Stabilization:1 Run in:0
 0h01:14.570 2026/05/17T06:27:55z: DATA B(29),53,55,37,1023.03,4.89,26432,0,74,2,2,2,2,2,2,8,8,477,132,10,0,0,0,82.30
 0h01:15.406 2026/05/17T06:27:56z: DATA B(30),53,55,37,1023.03,4.90,26432,0,75,2,2,2,2,2,2,8,8,477,132,10,0,0,0,82.30
 0h01:15.441 2026/05/17T06:27:56z: p:1023.01 gasR:2331246.50 iaq:62.04(0) T:12.20(17.80) H:55.94(39.38) sIaq:81.94(0) Stabilization:1 Run in:0
 0h01:16.441 2026/05/17T06:27:57z: p:1023.04 gasR:2273030.00 iaq:62.15(0) T:12.22(17.83) H:55.90(39.38) sIaq:82.23(0) Stabilization:1 Run in:0
 0h01:16.991 2026/05/17T06:27:57z: DATA A(31),54,55,38,1023.04,4.89,26432,0,76,2,4,4,2,4,4,17,17,456,139,35,4,0,0,82.23
 0h01:17.441 2026/05/17T06:27:58z: p:1023.03 gasR:2274923.75 iaq:62.23(0) T:12.22(17.83) H:55.94(39.38) sIaq:82.46(0) Stabilization:1 Run in:0
 0h01:17.827 2026/05/17T06:27:58z: DATA A(32),54,55,38,1023.03,4.92,26432,0,77,2,4,4,2,4,4,17,17,456,139,35,4,0,0,82.46
 0h01:18.441 2026/05/17T06:27:59z: p:1023.01 gasR:2323312.50 iaq:62.12(0) T:12.23(17.83) H:55.97(39.38) sIaq:82.16(0) Stabilization:1 Run in:0
 0h01:18.664 2026/05/17T06:27:59z: DATA A(33),54,55,38,1023.01,4.90,26432,0,78,2,4,4,2,4,4,17,17,456,139,35,4,0,0,82.16
 0h01:19.441 2026/05/17T06:28:00z: p:1023.03 gasR:2288268.25 iaq:62.16(0) T:12.23(17.84) H:55.99(39.38) sIaq:82.25(0) Stabilization:1 Run in:0
 0h01:19.571 2026/05/17T06:28:00z: DATA A(34),54,55,38,1023.03,4.91,26432,0,79,2,4,4,2,4,4,17,17,453,139,32,4,0,0,82.25
 0h01:20.408 2026/05/17T06:28:01z: DATA A(35),54,55,38,1023.03,4.90,26432,0,80,2,4,4,2,4,4,17,17,453,139,32,4,0,0,82.25
 0h01:20.441 2026/05/17T06:28:01z: p:1023.03 gasR:2311512.50 iaq:62.10(0) T:12.23(17.84) H:56.01(39.37) sIaq:82.10(0) Stabilization:1 Run in:0
 0h01:21.442 2026/05/17T06:28:02z: p:1023.02 gasR:2311512.50 iaq:62.04(0) T:12.24(17.84) H:56.04(39.38) sIaq:81.95(0) Stabilization:1 Run in:0
 0h01:22.307 2026/05/17T06:28:02z: DATA B(31),54,56,38,1023.02,4.90,26432,0,82,1,2,2,1,2,2,8,8,390,112,9,0,0,0,81.95
 0h01:22.441 2026/05/17T06:28:03z: p:1023.02 gasR:2309557.25 iaq:62.01(0) T:12.23(17.84) H:56.06(39.36) sIaq:81.85(0) Stabilization:1 Run in:0
 0h01:23.143 2026/05/17T06:28:03z: DATA B(32),54,56,38,1023.02,4.93,26432,0,83,1,2,2,1,2,2,8,8,390,112,9,0,0,0,81.85
 0h01:23.441 2026/05/17T06:28:04z: p:1023.02 gasR:2282530.00 iaq:62.08(0) T:12.24(17.84) H:56.07(39.37) sIaq:82.03(0) Stabilization:1 Run in:0
 0h01:24.050 2026/05/17T06:28:04z: DATA B(33),54,56,38,1023.02,4.90,26432,0,84,1,2,2,1,2,2,8,8,381,112,9,0,0,0,82.03
 0h01:24.441 2026/05/17T06:28:05z: p:1023.02 gasR:2280623.50 iaq:62.14(0) T:12.24(17.85) H:56.05(39.34) sIaq:82.22(0) Stabilization:1 Run in:0
 0h01:24.886 2026/05/17T06:28:05z: DATA B(34),54,56,38,1023.02,4.91,26432,0,84,1,2,2,1,2,2,8,8,381,112,9,0,0,0,82.22
 0h01:25.441 2026/05/17T06:28:06z: p:1023.02 gasR:2288268.25 iaq:62.17(0) T:12.26(17.86) H:56.04(39.34) sIaq:82.30(0) Stabilization:1 Run in:0
 0h01:25.723 2026/05/17T06:28:06z: DATA B(35),54,56,38,1023.02,4.89,26432,0,85,1,2,2,1,2,2,8,8,381,112,9,0,0,0,82.30
 0h01:26.441 2026/05/17T06:28:07z: p:1022.99 gasR:2319365.75 iaq:62.08(0) T:12.26(17.86) H:56.03(39.33) sIaq:82.04(0) Stabilization:1 Run in:0
 0h01:27.313 2026/05/17T06:28:07z: DATA A(36),54,56,38,1022.99,4.90,26432,0,87,2,4,5,2,4,5,17,17,504,152,33,7,2,0,82.04
 0h01:27.441 2026/05/17T06:28:08z: p:1023.01 gasR:2292109.75 iaq:62.10(0) T:12.27(17.87) H:56.04(39.33) sIaq:82.10(0) Stabilization:1 Run in:0
 0h01:28.150 2026/05/17T06:28:08z: DATA A(37),54,56,38,1023.01,4.93,26248,0,88,2,4,5,2,4,5,17,17,504,152,33,7,2,0,82.10
 0h01:28.441 2026/05/17T06:28:09z: p:1023.02 gasR:2327272.75 iaq:61.98(0) T:12.29(17.89) H:56.00(39.33) sIaq:81.79(0) Stabilization:1 Run in:0
 0h01:28.986 2026/05/17T06:28:09z: DATA A(38),54,55,38,1023.02,4.89,26432,0,88,2,4,5,2,4,5,17,17,504,152,33,7,2,0,81.79
 0h01:29.441 2026/05/17T06:28:10z: p:1023.01 gasR:2341240.25 iaq:61.82(0) T:12.29(17.89) H:56.01(39.32) sIaq:81.36(0) Stabilization:1 Run in:0
 0h01:29.894 2026/05/17T06:28:10z: DATA A(39),54,56,38,1023.01,4.89,26432,0,89,2,4,5,2,4,5,17,17,468,140,30,6,2,0,81.36
 0h01:30.442 2026/05/17T06:28:11z: p:1023.02 gasR:2295964.25 iaq:61.86(0) T:12.30(17.90) H:55.99(39.32) sIaq:81.45(0) Stabilization:1 Run in:0
 0h01:30.730 2026/05/17T06:28:11z: DATA A(40),54,55,38,1023.02,4.91,26432,0,90,2,4,5,2,4,5,17,17,468,140,30,6,2,0,81.45
 0h01:31.441 2026/05/17T06:28:12z: p:1023.04 gasR:2325291.00 iaq:61.77(0) T:12.31(17.91) H:55.99(39.31) sIaq:81.23(0) Stabilization:1 Run in:0
 0h01:32.441 2026/05/17T06:28:13z: p:1023.02 gasR:2280623.50 iaq:61.87(0) T:12.33(17.93) H:55.98(39.33) sIaq:81.49(0) Stabilization:1 Run in:0
 0h01:32.624 2026/05/17T06:28:13z: DATA B(36),54,55,38,1023.02,4.91,26432,0,92,1,2,2,1,2,2,8,8,330,98,11,0,0,0,81.49
 0h01:33.442 2026/05/17T06:28:14z: p:1023.04 gasR:2295964.25 iaq:61.90(0) T:12.33(17.93) H:56.00(39.33) sIaq:81.56(0) Stabilization:1 Run in:0
 0h01:33.460 2026/05/17T06:28:14z: DATA B(37),54,55,38,1023.04,4.93,26432,0,93,1,2,2,1,2,2,8,8,330,98,11,0,0,0,81.56
 0h01:34.367 2026/05/17T06:28:15z: DATA B(38),54,55,38,1023.04,4.92,26432,0,94,1,1,1,1,1,1,4,4,309,91,11,0,0,0,81.56
 0h01:34.441 2026/05/17T06:28:15z: p:1023.02 gasR:2333238.50 iaq:61.78(0) T:12.34(17.94) H:55.98(39.32) sIaq:81.24(0) Stabilization:1 Run in:0
 0h01:35.203 2026/05/17T06:28:15z: DATA B(39),54,55,38,1023.02,4.90,26432,0,95,1,1,1,1,1,1,4,4,309,91,11,0,0,0,81.24
 0h01:35.441 2026/05/17T06:28:16z: p:1023.02 gasR:2327272.75 iaq:61.69(0) T:12.34(17.94) H:56.01(39.32) sIaq:81.01(0) Stabilization:1 Run in:0
 0h01:36.039 2026/05/17T06:28:16z: DATA B(40),54,56,38,1023.02,4.91,26432,0,96,1,1,1,1,1,1,4,4,309,91,11,0,0,0,81.01
 0h01:36.441 2026/05/17T06:28:17z: p:1023.03 gasR:2335233.75 iaq:61.58(0) T:12.34(17.94) H:56.04(39.33) sIaq:80.73(0) Stabilization:1 Run in:0
 0h01:37.442 2026/05/17T06:28:18z: p:1023.02 gasR:2327272.75 iaq:61.52(0) T:12.34(17.94) H:56.08(39.34) sIaq:80.56(0) Stabilization:1 Run in:0
 0h01:37.636 2026/05/17T06:28:18z: DATA A(41),54,56,38,1023.02,4.90,26432,0,97,2,4,5,2,4,5,17,17,444,129,28,7,2,0,80.56
 0h01:38.442 2026/05/17T06:28:19z: p:1023.02 gasR:2325291.00 iaq:61.47(0) T:12.34(17.94) H:56.11(39.34) sIaq:80.43(0) Stabilization:1 Run in:0
 0h01:38.472 2026/05/17T06:28:19z: DATA A(42),54,56,38,1023.02,4.91,26432,0,98,2,4,5,2,4,5,17,17,444,129,28,7,2,0,80.43
 0h01:39.309 2026/05/17T06:28:19z: DATA A(43),54,56,38,1023.02,4.89,26432,0,99,2,4,5,2,4,5,17,17,444,129,28,7,2,0,80.43
 0h01:39.441 2026/05/17T06:28:20z: p:1023.01 gasR:2327272.75 iaq:61.42(0) T:12.34(17.94) H:56.11(39.33) sIaq:80.29(0) Stabilization:1 Run in:0
 0h01:40.223 2026/05/17T06:28:20z: DATA A(44),54,56,38,1023.01,4.92,26432,0,100,2,3,4,2,3,4,13,13,438,125,25,7,2,0,80.29
 0h01:40.441 2026/05/17T06:28:21z: p:1023.01 gasR:2299831.50 iaq:61.48(0) T:12.34(17.94) H:56.18(39.36) sIaq:80.45(0) Stabilization:1 Run in:0
 0h01:41.053 2026/05/17T06:28:21z: DATA A(45),54,56,38,1023.01,4.89,26432,0,101,2,3,4,2,3,4,13,13,438,125,25,7,2,0,80.45
 0h01:41.441 2026/05/17T06:28:22z: p:1023.00 gasR:2284439.50 iaq:61.59(0) T:12.33(17.94) H:56.18(39.34) sIaq:80.75(0) Stabilization:1 Run in:0
 0h01:42.441 2026/05/17T06:28:23z: p:1023.03 gasR:2301770.25 iaq:61.62(0) T:12.33(17.93) H:56.21(39.34) sIaq:80.83(0) Stabilization:1 Run in:0
 0h01:42.940 2026/05/17T06:28:23z: DATA B(41),54,56,38,1023.03,4.89,26432,0,102,1,1,1,1,1,1,4,4,321,94,16,0,0,0,80.83
 0h01:43.441 2026/05/17T06:28:24z: p:1023.02 gasR:2269252.00 iaq:61.78(0) T:12.32(17.92) H:56.27(39.35) sIaq:81.24(0) Stabilization:1 Run in:0
 0h01:43.777 2026/05/17T06:28:24z: DATA B(42),54,56,38,1023.02,4.90,26432,0,103,1,1,1,1,1,1,4,4,321,94,16,0,0,0,81.24
{"SensorId":"f0:24:f9:c2:4b:b8","DateTime":"2026/05/17T06:28:25z","Geo":"PurpleAir-4bb8","Mem":26432,"memfrag":2,"memfb":25968,"memcs":472,"Id":1,"lat":0.000000,"lon":0.000000,"Adc":"nan","loggingrate":15,"place":"","version":"7.04","uptime":104,"rssi":0,"period":104,"httpsuccess":0,"httpsends":0,"hardwareversion":"3.0","hardwarediscovered":"3.0+RV3028+BME68X+KX122+PMSX003-A+PMSX003-B","current_temp_f":54,"current_humidity":56,"current_dewpoint_f":38,"pressure":1023.02,"current_temp_f_680":54,"current_humidity_680":56,"current_dewpoint_f_680":38,"pressure_680":1023.02,"gas_680":"nan","p25aqic_b":"rgb(2,228,0)","pm2.5_aqi_b":10,"pm1_0_cf_1_b":1.62,"p_0_3_um_b":452.71,"pm2_5_cf_1_b":2.40,"p_0_5_um_b":128.02,"pm10_0_cf_1_b":2.60,"p_1_0_um_b":16.57,"pm1_0_atm_b":1.62,"p_2_5_um_b":1.43,"pm2_5_atm_b":2.40,"p_5_0_um_b":0.31,"pm10_0_atm_b":2.60,"p_10_0_um_b":0.31,"p25aqic":"rgb(6,229,0)","pm2.5_aqi":14,"pm1_0_cf_1":2.00,"p_0_3_um":466.47,"pm2_5_cf_1":3.36,"p_0_5_um":133.64,"pm10_0_cf_1":3.69,"p_1_0_um":27.38,"pm1_0_atm":2.00,"p_2_5_um":3.38,"pm2_5_atm":3.36,"p_5_0_um":0.58,"pm10_0_atm":3.69,"p_10_0_um":0.00,"wlstate":"No SSID","status_0":0,"status_1":0,"status_2":0,"status_3":0,"status_4":2}
 0h01:44.545 2026/05/17T06:28:25z: update.purpleair.com:80/firmware/2mb/update.asp
 0h01:44.552 2026/05/17T06:28:25z: Error: -1
1 BSEC warning code : 100

UTCDateTime,mac_address,firmware_ver,hardware,current_temp_f,current_humidity,current_dewpoint_f,pressure,adc,mem,rssi,uptime,pm1_0_cf_1,pm2_5_cf_1,pm10_0_cf_1,pm1_0_atm,pm2_5_atm,pm10_0_atm,pm2.5_aqi_cf_1,pm2.5_aqi_atm,p_0_3_um,p_0_5_um,p_1_0_um,p_2_5_um,p_5_0_um,p_10_0_um,pm1_0_cf_1_b,pm2_5_cf_1_b,pm10_0_cf_1_b,pm1_0_atm_b,pm2_5_atm_b,pm10_0_atm_b,pm2.5_aqi_cf_1_b,pm2.5_aqi_atm_b,p_0_3_um_b,p_0_5_um_b,p_1_0_um_b,p_2_5_um_b,p_5_0_um_b,p_10_0_um_b,gas
2026/05/17T06:28:25z,f0:24:f9:c2:4b:b8,7.04,3.0+RV3028+BME68X+KX122+PMSX003-A+PMSX003-B,54,56,38,1023.02,nan,26432,0,104,2.00,3.36,3.69,2.00,3.36,3.69,14,14,466.47,133.64,27.38,3.38,0.58,0.00,1.62,2.40,2.60,1.62,2.40,2.60,10,10,452.71,128.02,16.57,1.43,0.31,0.31,nan
1 BSEC warning code : 100

 ets Jan  8 2013,rst cause:1, boot mode:(3,7)

load 0x4010f000, len 1384, room 16 
tail 8
chksum 0x2d
csum 0x2d
v8b899c12
~ld


7.04
 0h00:00.501 1970/01/01T08:00:00z: SPIFFS Active
 0h00:04.178 2026/05/17T10:43:18z: f0:24:f9:c2:4b:b8
 0h00:04.179 2026/05/17T10:43:18z: SSID: that iPhone
1 BSEC warning code : 100

1 BSEC warning code : 100

 ets Jan  8 2013,rst cause:1, boot mode:(3,7)

load 0x4010f000, len 1384, room 16 
tail 8
chksum 0x2d
csum 0x2d
v8b899c12
~ld


7.04
 0h00:00.554 1970/01/01T08:00:00z: SPIFFS Active
 0h00:04.228 2026/05/17T11:02:58z: f0:24:f9:c2:4b:b8
 0h00:04.230 2026/05/17T11:02:58z: SSID: that iPhone
1 BSEC warning code : 100

1 BSEC warning code : 100

 ets Jan  8 2013,rst cause:1, boot mode:(3,7)

load 0x4010f000, len 1384, room 16 
tail 8
chksum 0x2d
csum 0x2d
v8b899c12
~ld


7.04
 0h00:00.548 1970/01/01T08:00:00z: SPIFFS Active
 0h00:04.223 2026/05/17T11:22:39z: f0:24:f9:c2:4b:b8
 0h00:04.225 2026/05/17T11:22:39z: SSID: that iPhone
1 BSEC warning code : 100

 ets Jan  8 2013,rst cause:1, boot mode:(3,7)

load 0x4010f000, len 1384, room 16 
tail 8
chksum 0x2d
csum 0x2d
v8b899c12
~ld


7.04
 0h00:00.558 1970/01/01T08:00:00z: SPIFFS Active
 0h00:04.233 2026/05/17T11:42:20z: f0:24:f9:c2:4b:b8
 0h00:04.234 2026/05/17T11:42:20z: SSID: that iPhone
1 BSEC warning code : 100

1 BSEC warning code : 100

 ets Jan  8 2013,rst cause:1, boot mode:(3,7)

load 0x4010f000, len 1384, room 16 
tail 8
chksum 0x2d
csum 0x2d
v8b899c12
~ld


7.04
 0h00:00.561 1970/01/01T08:00:00z: SPIFFS Active
 0h00:04.236 2026/05/17T12:02:00z: f0:24:f9:c2:4b:b8
 0h00:04.237 2026/05/17T12:02:00z: SSID: that iPhone
 0h00:13.239 2026/05/17T12:02:09z: PMSX003-A (1587ms)
 0h00:14.477 2026/05/17T12:02:11z: PMSX003-B (1236ms)
 0h00:14.478 2026/05/17T12:02:11z: 3.0+RV3028+BME68X+KX122+PMSX003-A+PMSX003-B
 0h00:15.493 2026/05/17T12:02:12z: p:1024.47 gasR:2048000.00 iaq:61.15(0) T:10.03(13.02) H:69.06(41.11) sIaq:79.58(0) Stabilization:1 Run in:0
 0h00:15.833 2026/05/17T12:02:12z: DATA A(2),50,69,40,1024.47,4.89,26432,0,15,3,6,7,3,6,7,25,25,738,220,42,5,1,0,79.58
 0h00:16.493 2026/05/17T12:02:13z: p:1024.55 gasR:2068164.62 iaq:61.15(0) T:10.46(16.06) H:67.32(41.64) sIaq:79.58(0) Stabilization:1 Run in:0
 0h00:16.740 2026/05/17T12:02:13z: DATA A(3),50,67,39,1024.55,4.90,26336,0,16,3,6,7,3,6,7,25,25,783,234,47,4,1,0,79.58
 0h00:17.493 2026/05/17T12:02:14z: p:1024.57 gasR:2063476.12 iaq:61.15(0) T:11.00(16.61) H:64.31(41.50) sIaq:79.58(0) Stabilization:1 Run in:0
 0h00:17.577 2026/05/17T12:02:14z: DATA A(4),51,64,39,1024.57,4.89,26336,0,17,3,6,7,3,6,7,25,25,783,234,47,4,1,0,79.58
 0h00:18.413 2026/05/17T12:02:14z: DATA A(5),51,64,39,1024.57,4.90,26336,0,18,3,6,7,3,6,7,25,25,783,234,47,4,1,0,79.58
 0h00:18.492 2026/05/17T12:02:15z: p:1024.58 gasR:2072874.50 iaq:61.15(0) T:11.23(16.83) H:62.58(41.17) sIaq:79.58(0) Stabilization:1 Run in:0
 0h00:19.320 2026/05/17T12:02:15z: DATA A(6),52,62,39,1024.58,4.90,26336,0,19,4,6,7,4,6,7,25,25,792,235,45,3,1,0,79.58
 0h00:19.492 2026/05/17T12:02:16z: p:1024.57 gasR:2087133.75 iaq:61.15(0) T:11.36(16.96) H:61.27(40.81) sIaq:79.58(0) Stabilization:1 Run in:0
 0h00:20.493 2026/05/17T12:02:17z: p:1024.57 gasR:2095140.62 iaq:61.15(0) T:11.45(17.05) H:60.20(40.46) sIaq:79.59(0) Stabilization:1 Run in:0
 0h00:21.392 2026/05/17T12:02:17z: DATA B(2),52,60,38,1024.57,4.89,26336,0,21,3,4,6,3,4,6,17,17,720,193,28,4,3,1,79.59
 0h00:21.492 2026/05/17T12:02:18z: p:1024.58 gasR:2091930.50 iaq:61.16(0) T:11.54(17.14) H:59.25(40.15) sIaq:79.59(0) Stabilization:1 Run in:0
 0h00:22.228 2026/05/17T12:02:18z: DATA B(3),52,59,38,1024.58,4.90,26336,0,22,3,4,6,3,4,6,17,17,720,193,28,4,3,1,79.59
 0h00:22.493 2026/05/17T12:02:19z: p:1024.60 gasR:2096749.38 iaq:61.16(0) T:11.61(17.21) H:58.48(39.88) sIaq:79.59(0) Stabilization:1 Run in:0
 0h00:23.135 2026/05/17T12:02:19z: DATA B(4),52,58,37,1024.60,4.90,26336,0,23,3,4,6,3,4,6,17,17,708,186,24,4,3,1,79.59
 0h00:23.492 2026/05/17T12:02:20z: p:1024.59 gasR:2109709.00 iaq:61.16(0) T:11.66(17.26) H:57.84(39.64) sIaq:79.59(0) Stabilization:1 Run in:0
 0h00:23.971 2026/05/17T12:02:20z: DATA B(5),52,57,37,1024.59,4.89,26336,0,23,3,4,6,3,4,6,17,17,708,186,24,4,3,1,79.59
 0h00:24.493 2026/05/17T12:02:21z: p:1024.57 gasR:2103209.25 iaq:61.16(0) T:11.71(17.31) H:57.28(39.42) sIaq:79.60(0) Stabilization:1 Run in:0
 0h00:25.492 2026/05/17T12:02:22z: p:1024.59 gasR:2101590.50 iaq:61.16(0) T:11.76(17.36) H:56.80(39.24) sIaq:79.60(0) Stabilization:1 Run in:0
 0h00:26.154 2026/05/17T12:02:22z: DATA A(7),53,56,38,1024.59,4.92,26336,0,26,3,6,6,3,6,6,25,25,705,209,47,3,1,0,79.60
 0h00:26.493 2026/05/17T12:02:23z: p:1024.59 gasR:2112974.00 iaq:61.16(0) T:11.79(17.40) H:56.41(39.08) sIaq:79.61(0) Stabilization:1 Run in:0
 0h00:27.061 2026/05/17T12:02:23z: DATA A(8),53,56,37,1024.59,4.90,26336,0,27,3,5,6,3,5,6,21,21,669,203,47,3,1,0,79.61
 0h00:27.492 2026/05/17T12:02:24z: p:1024.57 gasR:2114610.25 iaq:61.16(0) T:11.83(17.44) H:56.04(38.93) sIaq:79.61(0) Stabilization:1 Run in:0
 0h00:27.901 2026/05/17T12:02:24z: DATA A(9),53,56,37,1024.57,4.89,26336,0,27,3,5,6,3,5,6,21,21,669,203,47,3,1,0,79.61
 0h00:28.500 2026/05/17T12:02:25z: p:1024.56 gasR:2122829.75 iaq:61.17(0) T:11.92(17.47) H:55.53(38.80) sIaq:79.62(0) Stabilization:1 Run in:0
 0h00:28.734 2026/05/17T12:02:25z: DATA A(10),53,55,37,1024.56,4.90,26336,0,28,3,5,6,3,5,6,21,21,669,203,47,3,1,0,79.62
 0h00:29.500 2026/05/17T12:02:26z: p:1024.58 gasR:2112974.00 iaq:61.17(0) T:11.85(17.45) H:55.62(38.69) sIaq:79.62(0) Stabilization:1 Run in:0
 0h00:29.641 2026/05/17T12:02:26z: DATA A(11),53,55,37,1024.58,4.89,26336,0,29,3,5,5,3,5,5,21,21,672,203,45,2,0,0,79.62
 0h00:30.500 2026/05/17T12:02:27z: p:1024.55 gasR:2114610.25 iaq:61.17(0) T:11.92(17.52) H:55.23(38.59) sIaq:79.63(0) Stabilization:1 Run in:0
 0h00:30.872 2026/05/17T12:02:27z: DATA B(6),53,55,37,1024.55,4.89,26336,0,30,3,4,4,3,4,4,17,17,663,175,22,1,0,0,79.63
 0h00:31.500 2026/05/17T12:02:28z: p:1024.54 gasR:2106454.00 iaq:61.17(0) T:11.95(17.56) H:55.04(38.52) sIaq:79.64(0) Stabilization:1 Run in:0
 0h00:31.708 2026/05/17T12:02:28z: DATA B(7),53,55,37,1024.54,4.89,26336,0,31,3,4,4,3,4,4,17,17,663,175,22,1,0,0,79.64
 0h00:32.500 2026/05/17T12:02:29z: p:1024.57 gasR:2121180.75 iaq:61.18(0) T:11.98(17.59) H:54.83(38.44) sIaq:79.64(0) Stabilization:1 Run in:0
 0h00:32.545 2026/05/17T12:02:29z: DATA B(8),53,54,37,1024.57,4.91,26336,0,32,3,4,4,3,4,4,17,17,663,175,22,1,0,0,79.64
 0h00:33.452 2026/05/17T12:02:29z: DATA B(9),53,54,37,1024.57,4.90,26152,0,33,3,4,4,3,4,4,17,17,669,177,20,1,0,0,79.64
 0h00:33.500 2026/05/17T12:02:30z: p:1024.55 gasR:2127792.25 iaq:61.18(0) T:12.00(17.60) H:54.70(38.37) sIaq:79.65(0) Stabilization:1 Run in:0
 0h00:34.288 2026/05/17T12:02:30z: DATA B(10),53,54,37,1024.55,4.89,26336,0,34,3,4,4,3,4,4,17,17,669,177,20,1,0,0,79.65
 0h00:34.500 2026/05/17T12:02:31z: p:1024.57 gasR:2116249.00 iaq:61.18(0) T:12.04(17.64) H:54.56(38.34) sIaq:79.66(0) Stabilization:1 Run in:0
 0h00:35.501 2026/05/17T12:02:32z: p:1024.55 gasR:2132778.00 iaq:61.19(0) T:12.06(17.66) H:54.40(38.27) sIaq:79.67(0) Stabilization:1 Run in:0
 0h00:36.474 2026/05/17T12:02:33z: DATA A(12),53,54,36,1024.55,4.90,26336,0,36,3,5,5,3,5,5,21,21,621,188,45,2,0,0,79.67
 0h00:36.500 2026/05/17T12:02:33z: p:1024.56 gasR:2106454.00 iaq:61.19(0) T:12.07(17.67) H:54.34(38.21) sIaq:79.68(0) Stabilization:1 Run in:0
 0h00:37.381 2026/05/17T12:02:33z: DATA A(13),53,54,36,1024.56,4.89,26336,0,37,3,5,5,3,5,5,21,21,660,202,43,1,0,0,79.68
 0h00:37.500 2026/05/17T12:02:34z: p:1024.56 gasR:2142819.75 iaq:61.19(0) T:12.10(17.70) H:54.24(38.18) sIaq:79.69(0) Stabilization:1 Run in:0
 0h00:38.218 2026/05/17T12:02:34z: DATA A(14),53,54,36,1024.56,4.90,26336,0,38,3,5,5,3,5,5,21,21,660,202,43,1,0,0,79.69
 0h00:38.500 2026/05/17T12:02:35z: p:1024.57 gasR:2119534.25 iaq:61.20(0) T:12.12(17.72) H:54.15(38.15) sIaq:79.70(0) Stabilization:1 Run in:0
 0h00:39.054 2026/05/17T12:02:35z: DATA A(15),53,54,36,1024.57,4.92,26336,0,39,3,5,5,3,5,5,21,21,660,202,43,1,0,0,79.70
 0h00:39.500 2026/05/17T12:02:36z: p:1024.56 gasR:2117890.50 iaq:61.20(0) T:12.14(17.74) H:54.11(38.12) sIaq:79.71(0) Stabilization:1 Run in:0
 0h00:39.961 2026/05/17T12:02:36z: DATA A(16),53,54,36,1024.56,4.88,26336,0,39,3,5,5,3,5,5,21,21,669,205,41,1,0,0,79.71
 0h00:40.500 2026/05/17T12:02:37z: p:1024.57 gasR:2158061.00 iaq:61.20(0) T:12.15(17.75) H:54.03(38.07) sIaq:79.72(0) Stabilization:1 Run in:0
 0h00:41.190 2026/05/17T12:02:37z: DATA B(11),53,54,36,1024.57,4.87,26024,0,41,4,5,5,4,5,5,21,21,753,198,26,1,0,0,79.72
 0h00:41.500 2026/05/17T12:02:38z: p:1024.56 gasR:2127792.25 iaq:61.21(0) T:12.16(17.77) H:54.03(38.07) sIaq:79.73(0) Stabilization:1 Run in:0
 0h00:42.026 2026/05/17T12:02:38z: DATA B(12),53,54,36,1024.56,4.90,26336,0,42,4,5,5,4,5,5,21,21,753,198,26,1,0,0,79.73
 0h00:42.500 2026/05/17T12:02:39z: p:1024.57 gasR:2132778.00 iaq:61.21(0) T:12.18(17.78) H:53.95(38.02) sIaq:79.74(0) Stabilization:1 Run in:0
 0h00:42.862 2026/05/17T12:02:39z: DATA B(13),53,53,36,1024.57,4.92,26336,0,42,4,5,5,4,5,5,21,21,753,198,26,1,0,0,79.74
 0h00:43.500 2026/05/17T12:02:40z: p:1024.56 gasR:2163189.75 iaq:61.21(0) T:12.18(17.79) H:53.97(38.02) sIaq:79.75(0) Stabilization:1 Run in:0
 0h00:43.769 2026/05/17T12:02:40z: DATA B(14),53,53,36,1024.56,4.89,26336,0,43,4,4,4,4,4,4,17,17,738,200,28,1,0,0,79.75
 0h00:44.500 2026/05/17T12:02:41z: p:1024.57 gasR:2124481.25 iaq:61.22(0) T:12.20(17.80) H:53.94(38.00) sIaq:79.76(0) Stabilization:1 Run in:0
 0h00:44.605 2026/05/17T12:02:41z: DATA B(15),53,53,36,1024.57,4.88,26336,0,44,4,4,4,4,4,4,17,17,738,200,28,1,0,0,79.76
 0h00:45.500 2026/05/17T12:02:42z: p:1024.57 gasR:2132778.00 iaq:61.22(0) T:12.20(17.81) H:53.92(37.97) sIaq:79.77(0) Stabilization:1 Run in:0
 0h00:46.500 2026/05/17T12:02:43z: p:1024.58 gasR:2154655.50 iaq:61.23(0) T:12.22(17.82) H:53.92(37.97) sIaq:79.78(0) Stabilization:1 Run in:0
 0h00:46.801 2026/05/17T12:02:43z: DATA A(17),53,53,36,1024.58,4.90,26336,0,46,3,4,4,3,4,4,17,17,621,189,39,1,0,0,79.78
 0h00:47.500 2026/05/17T12:02:44z: p:1024.57 gasR:2132778.00 iaq:61.23(0) T:12.23(17.83) H:53.91(37.97) sIaq:79.79(0) Stabilization:1 Run in:0
 0h00:47.702 2026/05/17T12:02:44z: DATA A(18),54,53,37,1024.57,4.92,26336,0,47,3,5,6,3,5,6,21,21,642,196,44,2,1,1,79.79
 0h00:48.502 2026/05/17T12:02:45z: p:1024.57 gasR:2166622.50 iaq:61.24(0) T:12.24(17.84) H:53.88(37.93) sIaq:79.80(0) Stabilization:1 Run in:0
 0h00:48.539 2026/05/17T12:02:45z: DATA A(19),54,53,37,1024.57,4.88,26336,0,48,3,5,6,3,5,6,21,21,642,196,44,2,1,1,79.80
 0h00:49.375 2026/05/17T12:02:45z: DATA A(20),54,53,37,1024.57,4.90,26336,0,49,3,5,6,3,5,6,21,21,642,196,44,2,1,1,79.80
 0h00:49.500 2026/05/17T12:02:46z: p:1024.56 gasR:2158061.00 iaq:61.24(0) T:12.25(17.85) H:53.87(37.93) sIaq:79.81(0) Stabilization:1 Run in:0
 0h00:50.282 2026/05/17T12:02:46z: DATA A(21),54,53,37,1024.56,4.89,26024,0,50,3,6,6,3,6,6,25,25,690,205,49,3,1,1,79.81
 0h00:50.500 2026/05/17T12:02:47z: p:1024.57 gasR:2126135.50 iaq:61.25(0) T:12.27(17.88) H:53.82(37.92) sIaq:79.83(0) Stabilization:1 Run in:0
 0h00:51.502 2026/05/17T12:02:48z: p:1024.57 gasR:2168343.00 iaq:61.25(0) T:12.29(17.88) H:53.80(37.91) sIaq:79.84(0) Stabilization:1 Run in:0
 0h00:51.519 2026/05/17T12:02:48z: DATA B(16),54,53,37,1024.57,4.91,26336,0,51,4,5,5,4,5,5,21,21,747,211,32,1,0,0,79.84
 0h00:52.342 2026/05/17T12:02:48z: DATA B(17),54,53,37,1024.57,4.89,26336,0,52,4,5,5,4,5,5,21,21,747,211,32,1,0,0,79.84
 0h00:52.501 2026/05/17T12:02:49z: p:1024.59 gasR:2152956.75 iaq:61.26(0) T:12.28(17.88) H:53.86(37.91) sIaq:79.85(0) Stabilization:1 Run in:0
 0h00:53.178 2026/05/17T12:02:49z: DATA B(18),54,53,37,1024.59,4.90,26336,0,53,4,5,5,4,5,5,21,21,747,211,32,1,0,0,79.85
 0h00:53.501 2026/05/17T12:02:50z: p:1024.59 gasR:2151260.50 iaq:61.26(0) T:12.31(17.91) H:53.79(37.91) sIaq:79.87(0) Stabilization:1 Run in:0
 0h00:54.085 2026/05/17T12:02:50z: DATA B(19),54,53,37,1024.59,4.90,26336,0,54,4,5,5,4,5,5,21,21,741,213,39,2,1,0,79.87
 0h00:54.501 2026/05/17T12:02:51z: p:1024.58 gasR:2163189.75 iaq:61.26(0) T:12.31(17.91) H:53.82(37.89) sIaq:79.88(0) Stabilization:1 Run in:0
 0h00:54.921 2026/05/17T12:02:51z: DATA B(20),54,53,37,1024.58,4.89,26336,0,54,4,5,5,4,5,5,21,21,741,213,39,2,1,0,79.88
 0h00:55.501 2026/05/17T12:02:52z: p:1024.58 gasR:2166622.50 iaq:61.27(0) T:12.32(17.92) H:53.83(37.89) sIaq:79.89(0) Stabilization:1 Run in:0
 0h00:56.279 2026/05/17T12:02:52z: DATA A(22),54,53,37,1024.58,4.89,26336,0,56,3,6,7,3,6,7,25,25,729,218,46,4,2,2,79.89
 0h00:56.501 2026/05/17T12:02:53z: p:1024.59 gasR:2141139.50 iaq:61.28(0) T:12.32(17.92) H:53.83(37.87) sIaq:79.91(0) Stabilization:1 Run in:0
 0h00:57.116 2026/05/17T12:02:53z: DATA A(23),54,53,37,1024.59,4.92,26336,0,57,3,6,7,3,6,7,25,25,729,218,46,4,2,2,79.91
 0h00:57.501 2026/05/17T12:02:54z: p:1024.58 gasR:2156357.00 iaq:61.28(0) T:12.32(17.92) H:53.87(37.87) sIaq:79.92(0) Stabilization:1 Run in:0
 0h00:58.023 2026/05/17T12:02:54z: DATA A(24),54,53,37,1024.58,4.95,26336,0,58,3,6,8,3,6,8,25,25,738,227,44,5,2,2,79.92
 0h00:58.501 2026/05/17T12:02:55z: p:1024.55 gasR:2159768.00 iaq:61.29(0) T:12.32(17.92) H:53.87(37.85) sIaq:79.93(0) Stabilization:1 Run in:0
 0h00:58.860 2026/05/17T12:02:55z: DATA A(25),54,53,37,1024.55,4.88,26336,0,58,3,6,8,3,6,8,25,25,738,227,44,5,2,2,79.93
 0h00:59.501 2026/05/17T12:02:56z: p:1024.56 gasR:2168343.00 iaq:61.29(0) T:12.32(17.93) H:53.86(37.84) sIaq:79.95(0) Stabilization:1 Run in:0
 0h00:59.701 2026/05/17T12:02:56z: DATA A(26),54,53,37,1024.56,4.90,26336,0,59,3,6,8,3,6,8,25,25,738,227,44,5,2,2,79.95
 0h01:00.501 2026/05/17T12:02:57z: p:1024.55 gasR:2163189.75 iaq:61.30(0) T:12.33(17.93) H:53.91(37.87) sIaq:79.96(0) Stabilization:1 Run in:0
 0h01:01.501 2026/05/17T12:02:58z: p:1024.57 gasR:2171792.25 iaq:61.30(0) T:12.32(17.93) H:53.93(37.85) sIaq:79.97(0) Stabilization:1 Run in:0
 0h01:01.823 2026/05/17T12:02:58z: DATA B(21),54,53,37,1024.57,4.89,26024,0,61,4,6,6,4,6,6,25,25,768,228,50,3,1,0,79.97
 0h01:02.501 2026/05/17T12:02:59z: p:1024.57 gasR:2180463.25 iaq:61.30(0) T:12.33(17.93) H:53.89(37.82) sIaq:79.98(0) Stabilization:1 Run in:0
 0h01:02.659 2026/05/17T12:02:59z: DATA B(22),54,53,37,1024.57,4.87,26336,0,62,4,6,6,4,6,6,25,25,768,228,50,3,1,0,79.98
 0h01:03.501 2026/05/17T12:03:00z: DATA B(23),54,53,37,1024.57,4.94,26336,0,63,4,6,6,4,6,6,25,25,768,228,50,3,1,0,79.98
 0h01:03.520 2026/05/17T12:03:00z: p:1024.58 gasR:2166622.50 iaq:61.31(0) T:12.48(17.95) H:53.41(37.83) sIaq:80.00(0) Stabilization:1 Run in:0
 0h01:04.402 2026/05/17T12:03:00z: DATA B(24),54,53,37,1024.58,4.92,26336,0,64,4,5,6,4,5,6,21,21,708,210,43,3,1,0,80.00
 0h01:04.519 2026/05/17T12:03:01z: p:1024.58 gasR:2180463.25 iaq:61.31(0) T:12.22(17.82) H:54.31(37.81) sIaq:80.01(0) Stabilization:1 Run in:0
 0h01:05.238 2026/05/17T12:03:01z: DATA B(25),53,54,36,1024.58,4.89,26336,0,65,4,5,6,4,5,6,21,21,708,210,43,3,1,0,80.01
 0h01:05.519 2026/05/17T12:03:02z: p:1024.57 gasR:2176986.50 iaq:61.32(0) T:12.34(17.95) H:53.89(37.82) sIaq:80.02(0) Stabilization:1 Run in:0
 0h01:06.519 2026/05/17T12:03:03z: p:1024.56 gasR:2176986.50 iaq:61.32(0) T:12.35(17.96) H:53.90(37.83) sIaq:80.04(0) Stabilization:1 Run in:0
 0h01:06.601 2026/05/17T12:03:03z: DATA A(27),54,53,37,1024.56,4.90,26336,0,66,4,7,8,4,7,8,29,29,786,232,53,5,2,2,80.04
 0h01:07.437 2026/05/17T12:03:03z: DATA A(28),54,53,37,1024.56,4.90,26336,0,67,4,7,8,4,7,8,29,29,786,232,53,5,2,2,80.04
 0h01:07.519 2026/05/17T12:03:04z: p:1024.56 gasR:2161477.50 iaq:61.33(0) T:12.37(17.97) H:53.84(37.82) sIaq:80.06(0) Stabilization:1 Run in:0
 0h01:08.344 2026/05/17T12:03:04z: DATA A(29),54,53,37,1024.56,4.90,26336,0,68,4,7,9,4,7,9,29,29,819,243,56,5,2,2,80.06
 0h01:08.519 2026/05/17T12:03:05z: p:1024.56 gasR:2166622.50 iaq:61.34(0) T:12.38(17.98) H:53.85(37.81) sIaq:80.07(0) Stabilization:1 Run in:0
 0h01:09.180 2026/05/17T12:03:05z: DATA A(30),54,53,37,1024.56,4.89,26336,0,69,4,7,9,4,7,9,29,29,819,243,56,5,2,2,80.07
 0h01:09.519 2026/05/17T12:03:06z: p:1024.57 gasR:2163189.75 iaq:61.35(0) T:12.39(17.99) H:53.83(37.81) sIaq:80.09(0) Stabilization:1 Run in:0
 0h01:10.017 2026/05/17T12:03:06z: DATA A(31),54,53,37,1024.57,4.90,26336,0,70,4,7,9,4,7,9,29,29,819,243,56,5,2,2,80.09
 0h01:10.519 2026/05/17T12:03:07z: p:1024.56 gasR:2164904.75 iaq:61.35(0) T:12.39(18.00) H:53.82(37.80) sIaq:80.11(0) Stabilization:1 Run in:0
 0h01:11.519 2026/05/17T12:03:08z: p:1024.58 gasR:2159768.00 iaq:61.36(0) T:12.41(18.01) H:53.79(37.78) sIaq:80.13(0) Stabilization:1 Run in:0
 0h01:12.140 2026/05/17T12:03:08z: DATA B(26),54,53,37,1024.58,4.91,26336,0,72,4,5,6,4,5,6,21,21,726,215,37,2,1,0,80.13
 0h01:12.519 2026/05/17T12:03:09z: p:1024.56 gasR:2176986.50 iaq:61.37(0) T:12.41(18.01) H:53.81(37.78) sIaq:80.15(0) Stabilization:1 Run in:0
 0h01:12.976 2026/05/17T12:03:09z: DATA B(27),54,53,37,1024.56,4.89,26336,0,72,4,5,6,4,5,6,21,21,726,215,37,2,1,0,80.15
 0h01:13.519 2026/05/17T12:03:10z: p:1024.57 gasR:2180463.25 iaq:61.37(0) T:12.41(18.02) H:53.83(37.80) sIaq:80.16(0) Stabilization:1 Run in:0
 0h01:13.812 2026/05/17T12:03:10z: DATA B(28),54,53,37,1024.57,4.90,26336,0,73,4,5,6,4,5,6,21,21,726,215,37,2,1,0,80.16
 0h01:14.519 2026/05/17T12:03:11z: p:1024.55 gasR:2166622.50 iaq:61.38(0) T:12.42(18.02) H:53.81(37.77) sIaq:80.18(0) Stabilization:1 Run in:0
 0h01:14.719 2026/05/17T12:03:11z: DATA B(29),54,53,37,1024.55,4.90,26336,0,74,4,5,5,4,5,5,21,21,699,204,36,2,1,0,80.18
 0h01:15.520 2026/05/17T12:03:12z: p:1024.57 gasR:2168343.00 iaq:61.39(0) T:12.42(18.02) H:53.81(37.76) sIaq:80.20(0) Stabilization:1 Run in:0
 0h01:15.555 2026/05/17T12:03:12z: DATA B(30),54,53,37,1024.57,4.89,26336,0,75,4,5,5,4,5,5,21,21,699,204,36,2,1,0,80.20
 0h01:16.519 2026/05/17T12:03:13z: p:1024.57 gasR:2166622.50 iaq:61.40(0) T:12.43(18.03) H:53.82(37.78) sIaq:80.22(0) Stabilization:1 Run in:0
 0h01:16.921 2026/05/17T12:03:13z: DATA A(32),54,53,37,1024.57,4.90,26336,0,76,4,6,8,4,6,8,25,25,783,237,55,4,2,2,80.22
 0h01:17.519 2026/05/17T12:03:14z: p:1024.57 gasR:2189203.75 iaq:61.40(0) T:12.45(18.05) H:53.75(37.75) sIaq:80.24(0) Stabilization:1 Run in:0
 0h01:17.757 2026/05/17T12:03:14z: DATA A(33),54,53,37,1024.57,4.90,26336,0,77,4,6,8,4,6,8,25,25,783,237,55,4,2,2,80.24
 0h01:18.519 2026/05/17T12:03:15z: p:1024.57 gasR:2178723.50 iaq:61.41(0) T:12.45(18.05) H:53.78(37.75) sIaq:80.25(0) Stabilization:1 Run in:0
 0h01:18.665 2026/05/17T12:03:15z: DATA A(34),54,53,37,1024.57,4.87,26336,0,78,4,7,8,4,7,8,29,29,798,239,58,3,1,1,80.25
 0h01:19.501 2026/05/17T12:03:16z: DATA A(35),54,53,37,1024.57,4.92,26336,0,79,4,7,8,4,7,8,29,29,798,239,58,3,1,1,80.25
 0h01:19.520 2026/05/17T12:03:16z: p:1024.57 gasR:2171792.25 iaq:61.41(0) T:12.45(18.05) H:53.77(37.74) sIaq:80.27(0) Stabilization:1 Run in:0
 0h01:20.338 2026/05/17T12:03:16z: DATA A(36),54,53,37,1024.57,4.90,26336,0,80,4,7,8,4,7,8,29,29,798,239,58,3,1,1,80.27
 0h01:20.520 2026/05/17T12:03:17z: p:1024.58 gasR:2180463.25 iaq:61.42(0) T:12.44(18.04) H:53.85(37.75) sIaq:80.29(0) Stabilization:1 Run in:0
 0h01:21.521 2026/05/17T12:03:18z: p:1024.58 gasR:2176986.50 iaq:61.43(0) T:12.44(18.04) H:53.83(37.73) sIaq:80.31(0) Stabilization:1 Run in:0
 0h01:22.457 2026/05/17T12:03:18z: DATA B(31),54,53,37,1024.58,4.91,26024,0,82,3,4,4,3,4,4,17,17,669,193,19,1,0,0,80.31
 0h01:22.520 2026/05/17T12:03:19z: p:1024.57 gasR:2190960.25 iaq:61.43(0) T:12.45(18.05) H:53.83(37.73) sIaq:80.32(0) Stabilization:1 Run in:0
 0h01:23.293 2026/05/17T12:03:19z: DATA B(32),54,53,37,1024.57,4.91,26336,0,83,3,4,4,3,4,4,17,17,669,193,19,1,0,0,80.32
 0h01:23.520 2026/05/17T12:03:20z: p:1024.56 gasR:2182205.75 iaq:61.44(0) T:12.45(18.05) H:53.86(37.73) sIaq:80.34(0) Stabilization:1 Run in:0
 0h01:24.129 2026/05/17T12:03:20z: DATA B(33),54,53,37,1024.56,4.91,26336,0,84,3,4,4,3,4,4,17,17,669,193,19,1,0,0,80.34
 0h01:24.520 2026/05/17T12:03:21z: p:1024.56 gasR:2159768.00 iaq:61.45(0) T:12.44(18.04) H:53.89(37.73) sIaq:80.37(0) Stabilization:1 Run in:0
 0h01:25.036 2026/05/17T12:03:21z: DATA B(34),54,53,37,1024.56,4.93,26336,0,85,3,4,4,3,4,4,17,17,705,200,19,1,0,0,80.37
 0h01:25.520 2026/05/17T12:03:22z: p:1024.57 gasR:2187450.00 iaq:61.46(0) T:12.44(18.04) H:53.88(37.72) sIaq:80.39(0) Stabilization:1 Run in:0
 0h01:25.872 2026/05/17T12:03:22z: DATA B(35),54,53,37,1024.57,4.89,26336,0,85,3,4,4,3,4,4,17,17,705,200,19,1,0,0,80.39
 0h01:26.520 2026/05/17T12:03:23z: p:1024.58 gasR:2161477.50 iaq:61.47(0) T:12.44(18.04) H:53.89(37.72) sIaq:80.42(0) Stabilization:1 Run in:0
 0h01:27.242 2026/05/17T12:03:23z: DATA A(37),54,53,37,1024.58,4.89,26336,0,87,4,6,7,4,6,7,25,25,759,222,58,2,1,1,80.42
 0h01:27.520 2026/05/17T12:03:24z: p:1024.57 gasR:2182205.75 iaq:61.47(0) T:12.43(18.03) H:53.92(37.71) sIaq:80.44(0) Stabilization:1 Run in:0
 0h01:28.078 2026/05/17T12:03:24z: DATA A(38),54,53,37,1024.57,4.92,26336,0,88,4,6,7,4,6,7,25,25,759,222,58,2,1,1,80.44
 0h01:28.520 2026/05/17T12:03:25z: p:1024.58 gasR:2189203.75 iaq:61.48(0) T:12.42(18.02) H:53.95(37.70) sIaq:80.45(0) Stabilization:1 Run in:0
 0h01:28.985 2026/05/17T12:03:25z: DATA A(39),54,53,37,1024.58,4.89,26336,0,88,3,5,6,3,5,6,21,21,708,207,49,1,1,1,80.45
 0h01:29.520 2026/05/17T12:03:26z: p:1024.57 gasR:2190960.25 iaq:61.49(0) T:12.42(18.02) H:54.00(37.73) sIaq:80.46(0) Stabilization:1 Run in:0
 0h01:29.822 2026/05/17T12:03:26z: DATA A(40),54,53,37,1024.57,4.90,26336,0,89,3,5,6,3,5,6,21,21,708,207,49,1,1,1,80.46
 0h01:30.520 2026/05/17T12:03:27z: p:1024.59 gasR:2189203.75 iaq:61.49(0) T:12.42(18.02) H:53.95(37.68) sIaq:80.48(0) Stabilization:1 Run in:0
 0h01:30.658 2026/05/17T12:03:27z: DATA A(41),54,53,37,1024.59,4.90,26336,0,90,3,5,6,3,5,6,21,21,708,207,49,1,1,1,80.48
 0h01:31.520 2026/05/17T12:03:28z: p:1024.57 gasR:2178723.50 iaq:61.50(0) T:12.42(18.02) H:53.95(37.69) sIaq:80.51(0) Stabilization:1 Run in:0
 0h01:32.520 2026/05/17T12:03:29z: p:1024.59 gasR:2189203.75 iaq:61.51(0) T:12.42(18.02) H:53.92(37.67) sIaq:80.52(0) Stabilization:1 Run in:0
 0h01:32.774 2026/05/17T12:03:29z: DATA B(36),54,53,37,1024.59,4.88,26336,0,92,3,5,6,3,5,6,21,21,747,206,26,7,1,0,80.52
 0h01:33.520 2026/05/17T12:03:30z: p:1024.57 gasR:2185699.00 iaq:61.52(0) T:12.42(18.02) H:53.95(37.68) sIaq:80.54(0) Stabilization:1 Run in:0
 0h01:33.610 2026/05/17T12:03:30z: DATA B(37),54,53,37,1024.57,4.89,26336,0,93,3,5,6,3,5,6,21,21,747,206,26,7,1,0,80.54
 0h01:34.447 2026/05/17T12:03:30z: DATA B(38),54,53,37,1024.57,4.90,26336,0,94,3,5,6,3,5,6,21,21,747,206,26,7,1,0,80.54
 0h01:34.520 2026/05/17T12:03:31z: p:1024.57 gasR:2190960.25 iaq:61.52(0) T:12.42(18.02) H:53.95(37.68) sIaq:80.56(0) Stabilization:1 Run in:0
 0h01:35.353 2026/05/17T12:03:31z: DATA B(39),54,53,37,1024.57,4.89,26336,0,95,3,5,6,3,5,6,21,21,756,204,27,7,1,0,80.56
 0h01:35.520 2026/05/17T12:03:32z: p:1024.56 gasR:2187450.00 iaq:61.53(0) T:12.43(18.03) H:53.93(37.68) sIaq:80.58(0) Stabilization:1 Run in:0
 0h01:36.190 2026/05/17T12:03:32z: DATA B(40),54,53,37,1024.56,4.87,26336,0,96,3,5,6,3,5,6,21,21,756,204,27,7,1,0,80.58
 0h01:36.520 2026/05/17T12:03:33z: p:1024.57 gasR:2176986.50 iaq:61.54(0) T:12.43(18.03) H:53.88(37.66) sIaq:80.61(0) Stabilization:1 Run in:0
 0h01:37.521 2026/05/17T12:03:34z: p:1024.58 gasR:2187450.00 iaq:61.55(0) T:12.44(18.04) H:53.88(37.67) sIaq:80.63(0) Stabilization:1 Run in:0
 0h01:37.563 2026/05/17T12:03:34z: DATA A(42),54,53,37,1024.58,4.90,26336,0,97,3,6,7,3,6,7,25,25,747,210,49,3,1,1,80.63
 0h01:38.401 2026/05/17T12:03:34z: DATA A(43),54,53,37,1024.58,4.92,26336,0,98,3,6,7,3,6,7,25,25,747,210,49,3,1,1,80.63
 0h01:38.520 2026/05/17T12:03:35z: p:1024.58 gasR:2203335.25 iaq:61.55(0) T:12.44(18.04) H:53.87(37.66) sIaq:80.64(0) Stabilization:1 Run in:0
 0h01:39.306 2026/05/17T12:03:35z: DATA A(44),54,53,37,1024.58,4.91,26336,0,99,3,6,6,3,6,6,25,25,759,210,43,2,0,0,80.64
 0h01:39.520 2026/05/17T12:03:36z: p:1024.58 gasR:2192719.50 iaq:61.56(0) T:12.46(18.06) H:53.82(37.65) sIaq:80.66(0) Stabilization:1 Run in:0
 0h01:40.143 2026/05/17T12:03:36z: DATA A(45),54,53,37,1024.58,4.88,26336,0,100,3,6,6,3,6,6,25,25,759,210,43,2,0,0,80.66
 0h01:40.520 2026/05/17T12:03:37z: p:1024.59 gasR:2206896.50 iaq:61.56(0) T:12.46(18.06) H:53.82(37.66) sIaq:80.67(0) Stabilization:1 Run in:0
 0h01:40.979 2026/05/17T12:03:37z: DATA A(46),54,53,37,1024.59,4.92,26336,0,100,3,6,6,3,6,6,25,25,759,210,43,2,0,0,80.67
 0h01:41.520 2026/05/17T12:03:38z: p:1024.58 gasR:2189203.75 iaq:61.57(0) T:12.47(18.07) H:53.78(37.65) sIaq:80.69(0) Stabilization:1 Run in:0
 0h01:42.185 2026/05/17T12:03:38z: DATA B(41),54,53,37,1024.58,4.90,26336,0,102,3,6,6,3,6,6,25,25,786,208,32,8,1,0,80.69
 0h01:42.520 2026/05/17T12:03:39z: p:1024.58 gasR:2203335.25 iaq:61.58(0) T:12.48(18.08) H:53.78(37.65) sIaq:80.70(0) Stabilization:1 Run in:0
 0h01:43.092 2026/05/17T12:03:39z: DATA B(42),54,53,37,1024.58,4.87,26336,0,103,3,6,6,3,6,6,25,25,786,206,28,8,1,0,80.70
 0h01:43.520 2026/05/17T12:03:40z: p:1024.58 gasR:2203335.25 iaq:61.58(0) T:12.48(18.08) H:53.75(37.63) sIaq:80.72(0) Stabilization:1 Run in:0
 0h01:43.928 2026/05/17T12:03:40z: DATA B(43),54,53,37,1024.58,4.89,26336,0,103,3,6,6,3,6,6,25,25,786,206,28,8,1,0,80.72
{"SensorId":"f0:24:f9:c2:4b:b8","DateTime":"2026/05/17T12:03:41z","Geo":"PurpleAir-4bb8","Mem":26336,"memfrag":2,"memfb":25968,"memcs":552,"Id":1,"lat":0.000000,"lon":0.000000,"Adc":"nan","loggingrate":15,"place":"","version":"7.04","uptime":104,"rssi":0,"period":104,"httpsuccess":0,"httpsends":0,"hardwareversion":"3.0","hardwarediscovered":"3.0+RV3028+BME68X+KX122+PMSX003-A+PMSX003-B","current_temp_f":54,"current_humidity":53,"current_dewpoint_f":37,"pressure":1024.58,"current_temp_f_680":54,"current_humidity_680":53,"current_dewpoint_f_680":37,"pressure_680":1024.58,"gas_680":"nan","p25aqic_b":"rgb(16,230,0)","pm2.5_aqi_b":20,"pm1_0_cf_1_b":3.47,"p_0_3_um_b":724.33,"pm2_5_cf_1_b":4.74,"p_0_5_um_b":201.42,"pm10_0_cf_1_b":5.23,"p_1_0_um_b":29.95,"pm1_0_atm_b":3.47,"p_2_5_um_b":2.95,"pm2_5_atm_b":4.74,"p_5_0_um_b":0.84,"pm10_0_atm_b":5.23,"p_10_0_um_b":0.14,"p25aqic":"rgb(28,231,0)","pm2.5_aqi":24,"pm1_0_cf_1":3.28,"p_0_3_um":730.70,"pm2_5_cf_1":5.83,"p_0_5_um":217.46,"pm10_0_cf_1":6.72,"p_1_0_um":48.11,"pm1_0_atm":3.28,"p_2_5_um":3.04,"pm2_5_atm":5.83,"p_5_0_um":1.04,"pm10_0_atm":6.72,"p_10_0_um":0.83,"wlstate":"No SSID","status_0":0,"status_1":0,"status_2":0,"status_3":0,"status_4":2}
 0h01:44.623 2026/05/17T12:03:41z: update.purpleair.com:80/firmware/2mb/update.asp
 0h01:44.630 2026/05/17T12:03:41z: Error: -1
1 BSEC warning code : 100

UTCDateTime,mac_address,firmware_ver,hardware,current_temp_f,current_humidity,current_dewpoint_f,pressure,adc,mem,rssi,uptime,pm1_0_cf_1,pm2_5_cf_1,pm10_0_cf_1,pm1_0_atm,pm2_5_atm,pm10_0_atm,pm2.5_aqi_cf_1,pm2.5_aqi_atm,p_0_3_um,p_0_5_um,p_1_0_um,p_2_5_um,p_5_0_um,p_10_0_um,pm1_0_cf_1_b,pm2_5_cf_1_b,pm10_0_cf_1_b,pm1_0_atm_b,pm2_5_atm_b,pm10_0_atm_b,pm2.5_aqi_cf_1_b,pm2.5_aqi_atm_b,p_0_3_um_b,p_0_5_um_b,p_1_0_um_b,p_2_5_um_b,p_5_0_um_b,p_10_0_um_b,gas
2026/05/17T12:03:41z,f0:24:f9:c2:4b:b8,7.04,3.0+RV3028+BME68X+KX122+PMSX003-A+PMSX003-B,54,53,37,1024.58,nan,26336,0,104,3.28,5.83,6.72,3.28,5.83,6.72,24,24,730.70,217.46,48.11,3.04,1.04,0.83,3.47,4.74,5.23,3.47,4.74,5.23,20,20,724.33,201.42,29.95,2.95,0.84,0.14,nan
1 BSEC warning code : 100

 ets Jan  8 2013,rst cause:1, boot mode:(3,7)

load 0x4010f000, len 1384, room 16 
tail 8
chksum 0x2d
csum 0x2d
v8b899c12
~ld


7.04
 0h00:00.557 1970/01/01T08:00:00z: SPIFFS Active
 0h00:04.232 2026/05/17T14:00:24z: f0:24:f9:c2:4b:b8
 0h00:04.234 2026/05/17T14:00:24z: SSID: that iPhone
1 BSEC warning code : 100

1 BSEC warning code : 100

 ets Jan  8 2013,rst cause:1, boot mode:(3,7)

load 0x4010f000, len 1384, room 16 
tail 8
chksum 0x2d
csum 0x2d
v8b899c12
~ld


7.04
 0h00:00.557 1970/01/01T08:00:00z: SPIFFS Active
 0h00:04.232 2026/05/17T14:20:05z: f0:24:f9:c2:4b:b8
 0h00:04.234 2026/05/17T14:20:05z: SSID: that iPhone
1 BSEC warning code : 100

1 BSEC warning code : 100

 ets Jan  8 2013,rst cause:1, boot mode:(3,7)

load 0x4010f000, len 1384, room 16 
tail 8
chksum 0x2d
csum 0x2d
v8b899c12
~ld


7.04
 0h00:00.552 1970/01/01T08:00:00z: SPIFFS Active
 0h00:04.227 2026/05/17T14:39:46z: f0:24:f9:c2:4b:b8
 0h00:04.229 2026/05/17T14:39:46z: SSID: that iPhone
1 BSEC warning code : 100

 ets Jan  8 2013,rst cause:1, boot mode:(3,7)

load 0x4010f000, len 1384, room 16 
tail 8
chksum 0x2d
csum 0x2d
v8b899c12
~ld


7.04
 0h00:00.551 1970/01/01T08:00:00z: SPIFFS Active
 0h00:04.226 2026/05/17T14:59:27z: f0:24:f9:c2:4b:b8
 0h00:04.228 2026/05/17T14:59:27z: SSID: that iPhone
1 BSEC warning code : 100

 ets Jan  8 2013,rst cause:1, boot mode:(3,7)

load 0x4010f000, len 1384, room 16 
tail 8
chksum 0x2d
csum 0x2d
v8b899c12
~ld


7.04
 0h00:00.550 1970/01/01T08:00:00z: SPIFFS Active
 0h00:04.225 2026/05/17T15:19:08z: f0:24:f9:c2:4b:b8
 0h00:04.226 2026/05/17T15:19:08z: SSID: that iPhone
1 BSEC warning code : 100

1 BSEC warning code : 100

 ets Jan  8 2013,rst cause:1, boot mode:(3,7)

load 0x4010f000, len 1384, room 16 
tail 8
chksum 0x2d
csum 0x2d
v8b899c12
~ld


7.04
 0h00:00.560 1970/01/01T08:00:00z: SPIFFS Active
 0h00:04.235 2026/05/17T15:38:49z: f0:24:f9:c2:4b:b8
 0h00:04.237 2026/05/17T15:38:49z: SSID: that iPhone
1 BSEC warning code : 100

 ets Jan  8 2013,rst cause:1, boot mode:(3,7)

load 0x4010f000, len 1384, room 16 
tail 8
chksum 0x2d
csum 0x2d
v8b899c12
~ld


7.04
 0h00:00.498 1970/01/01T08:00:00z: SPIFFS Active
 0h00:04.173 2026/05/17T15:58:30z: f0:24:f9:c2:4b:b8
 0h00:04.175 2026/05/17T15:58:30z: SSID: that iPhone
1 BSEC warning code : 100

1 BSEC warning code : 100

 ets Jan  8 2013,rst cause:1, boot mode:(3,7)

load 0x4010f000, len 1384, room 16 
tail 8
chksum 0x2d
csum 0x2d
v8b899c12
~ld


7.04
 0h00:00.544 1970/01/01T08:00:00z: SPIFFS Active
 0h00:04.219 2026/05/17T16:18:11z: f0:24:f9:c2:4b:b8
 0h00:04.220 2026/05/17T16:18:11z: SSID: that iPhone
1 BSEC warning code : 100

1 BSEC warning code : 100

 ets Jan  8 2013,rst cause:1, boot mode:(3,7)

load 0x4010f000, len 1384, room 16 
tail 8
chksum 0x2d
csum 0x2d
v8b899c12
~ld


7.04
 0h00:00.561 1970/01/01T08:00:00z: SPIFFS Active
 0h00:04.236 2026/05/17T16:37:52z: f0:24:f9:c2:4b:b8
 0h00:04.237 2026/05/17T16:37:52z: SSID: that iPhone
1 BSEC warning code : 100

1 BSEC warning code : 100

 ets Jan  8 2013,rst cause:1, boot mode:(3,7)

load 0x4010f000, len 1384, room 16 
tail 8
chksum 0x2d
csum 0x2d
v8b899c12
~ld


7.04
 0h00:00.546 1970/01/01T08:00:00z: SPIFFS Active
 0h00:04.222 2026/05/17T16:57:33z: f0:24:f9:c2:4b:b8
 0h00:04.223 2026/05/17T16:57:33z: SSID: that iPhone
1 BSEC warning code : 100

 ets Jan  8 2013,rst cause:1, boot mode:(3,7)

load 0x4010f000, len 1384, room 16 
tail 8
chksum 0x2d
csum 0x2d
v8b899c12
~ld


7.04
 0h00:00.534 1970/01/01T08:00:00z: SPIFFS Active
 0h00:04.209 2026/05/17T17:17:14z: f0:24:f9:c2:4b:b8
 0h00:04.211 2026/05/17T17:17:14z: SSID: that iPhone
1 BSEC warning code : 100

 ets Jan  8 2013,rst cause:1, boot mode:(3,7)

load 0x4010f000, len 1384, room 16 
tail 8
chksum 0x2d
csum 0x2d
v8b899c12
~ld


7.04
 0h00:00.533 1970/01/01T08:00:00z: SPIFFS Active
 0h00:04.208 2026/05/17T17:36:54z: f0:24:f9:c2:4b:b8
 0h00:04.210 2026/05/17T17:36:54z: SSID: that iPhone
1 BSEC warning code : 100

1 BSEC warning code : 100

 ets Jan  8 2013,rst cause:1, boot mode:(3,7)

load 0x4010f000, len 1384, room 16 
tail 8
chksum 0x2d
csum 0x2d
v8b899c12
~ld


7.04
 0h00:00.587 1970/01/01T08:00:00z: SPIFFS Active
 0h00:04.262 2026/05/17T17:56:35z: f0:24:f9:c2:4b:b8
 0h00:04.264 2026/05/17T17:56:35z: SSID: that iPhone
1 BSEC warning code : 100

 ets Jan  8 2013,rst cause:1, boot mode:(3,7)

load 0x4010f000, len 1384, room 16 
tail 8
chksum 0x2d
csum 0x2d
v8b899c12
~ld


7.04
 0h00:00.499 1970/01/01T08:00:00z: SPIFFS Active
 0h00:04.174 2026/05/17T18:16:15z: f0:24:f9:c2:4b:b8
 0h00:04.176 2026/05/17T18:16:15z: SSID: that iPhone
1 BSEC warning code : 100

 ets Jan  8 2013,rst cause:1, boot mode:(3,7)

load 0x4010f000, len 1384, room 16 
tail 8
chksum 0x2d
csum 0x2d
v8b899c12
~ld


7.04
 0h00:00.543 1970/01/01T08:00:00z: SPIFFS Active
 0h00:04.218 2026/05/17T18:35:55z: f0:24:f9:c2:4b:b8
 0h00:04.220 2026/05/17T18:35:56z: SSID: that iPhone
1 BSEC warning code : 100

1 BSEC warning code : 100

 ets Jan  8 2013,rst cause:1, boot mode:(3,7)

load 0x4010f000, len 1384, room 16 
tail 8
chksum 0x2d
csum 0x2d
v8b899c12
~ld


7.04
 0h00:00.495 1970/01/01T08:00:00z: SPIFFS Active
 0h00:04.171 2026/05/17T18:55:37z: f0:24:f9:c2:4b:b8
 0h00:04.172 2026/05/17T18:55:37z: SSID: that iPhone
1 BSEC warning code : 100

1 BSEC warning code : 100

 ets Jan  8 2013,rst cause:1, boot mode:(3,7)

load 0x4010f000, len 1384, room 16 
tail 8
chksum 0x2d
csum 0x2d
v8b899c12
~ld


7.04
 0h00:00.536 1970/01/01T08:00:00z: SPIFFS Active
 0h00:04.212 2026/05/17T19:15:18z: f0:24:f9:c2:4b:b8
 0h00:04.213 2026/05/17T19:15:18z: SSID: that iPhone
1 BSEC warning code : 100

1 BSEC warning code : 100

 ets Jan  8 2013,rst cause:1, boot mode:(3,7)

load 0x4010f000, len 1384, room 16 
tail 8
chksum 0x2d
csum 0x2d
v8b899c12
~ld


7.04
 0h00:00.531 1970/01/01T08:00:00z: SPIFFS Active
 0h00:04.207 2026/05/17T19:34:59z: f0:24:f9:c2:4b:b8
 0h00:04.209 2026/05/17T19:34:59z: SSID: that iPhone
1 BSEC warning code : 100

1 BSEC warning code : 100

 ets Jan  8 2013,rst cause:1, boot mode:(3,7)

load 0x4010f000, len 1384, room 16 
tail 8
chksum 0x2d
csum 0x2d
v8b899c12
~ld


7.04
 0h00:00.578 1970/01/01T08:00:00z: SPIFFS Active
 0h00:04.254 2026/05/17T19:54:39z: f0:24:f9:c2:4b:b8
 0h00:04.255 2026/05/17T19:54:39z: SSID: that iPhone
1 BSEC warning code : 100

1 BSEC warning code : 100

 ets Jan  8 2013,rst cause:1, boot mode:(3,7)

load 0x4010f000, len 1384, room 16 
tail 8
chksum 0x2d
csum 0x2d
v8b899c12
~ld


7.04
 0h00:00.534 1970/01/01T08:00:00z: SPIFFS Active
 0h00:04.209 2026/05/17T20:14:19z: f0:24:f9:c2:4b:b8
 0h00:04.211 2026/05/17T20:14:19z: SSID: that iPhone
1 BSEC warning code : 100

 ets Jan  8 2013,rst cause:1, boot mode:(3,7)

load 0x4010f000, len 1384, room 16 
tail 8
chksum 0x2d
csum 0x2d
v8b899c12
~ld


7.04
 0h00:00.546 1970/01/01T08:00:00z: SPIFFS Active
 0h00:04.221 2026/05/17T20:34:01z: f0:24:f9:c2:4b:b8
 0h00:04.223 2026/05/17T20:34:01z: SSID: that iPhone
1 BSEC warning code : 100

 ets Jan  8 2013,rst cause:1, boot mode:(3,7)

load 0x4010f000, len 1384, room 16 
tail 8
chksum 0x2d
csum 0x2d
v8b899c12
~ld


7.04
 0h00:00.556 1970/01/01T08:00:00z: SPIFFS Active
 0h00:04.232 2026/05/17T20:53:42z: f0:24:f9:c2:4b:b8
 0h00:04.233 2026/05/17T20:53:42z: SSID: that iPhone
1 BSEC warning code : 100

 ets Jan  8 2013,rst cause:1, boot mode:(3,7)

load 0x4010f000, len 1384, room 16 
tail 8
chksum 0x2d
csum 0x2d
v8b899c12
~ld


7.04
 0h00:00.489 1970/01/01T08:00:00z: SPIFFS Active
 0h00:04.165 2026/05/17T21:13:22z: f0:24:f9:c2:4b:b8
 0h00:04.167 2026/05/17T21:13:22z: SSID: that iPhone
1 BSEC warning code : 100

 ets Jan  8 2013,rst cause:1, boot mode:(3,7)

load 0x4010f000, len 1384, room 16 
tail 8
chksum 0x2d
csum 0x2d
v8b899c12
~ld


7.04
 0h00:00.545 1970/01/01T08:00:00z: SPIFFS Active
 0h00:04.221 2026/05/17T21:33:03z: f0:24:f9:c2:4b:b8
 0h00:04.222 2026/05/17T21:33:03z: SSID: that iPhone
1 BSEC warning code : 100

1 BSEC warning code : 100

 ets Jan  8 2013,rst cause:1, boot mode:(3,7)

load 0x4010f000, len 1384, room 16 
tail 8
chksum 0x2d
csum 0x2d
v8b899c12
~ld


7.04
 0h00:00.552 1970/01/01T08:00:00z: SPIFFS Active
 0h00:04.228 2026/05/17T21:52:45z: f0:24:f9:c2:4b:b8
 0h00:04.230 2026/05/17T21:52:45z: SSID: that iPhone
1 BSEC warning code : 100

 ets Jan  8 2013,rst cause:1, boot mode:(3,7)

load 0x4010f000, len 1384, room 16 
tail 8
chksum 0x2d
csum 0x2d
v8b899c12
~ld


7.04
 0h00:00.538 1970/01/01T08:00:00z: SPIFFS Active
 0h00:04.214 2026/05/17T22:12:25z: f0:24:f9:c2:4b:b8
 0h00:04.215 2026/05/17T22:12:25z: SSID: that iPhone
1 BSEC warning code : 100

1 BSEC warning code : 100

 ets Jan  8 2013,rst cause:1, boot mode:(3,7)

load 0x4010f000, len 1384, room 16 
tail 8
chksum 0x2d
csum 0x2d
v8b899c12
~ld


7.04
 0h00:00.496 1970/01/01T08:00:00z: SPIFFS Active
 0h00:04.172 2026/05/17T22:32:06z: f0:24:f9:c2:4b:b8
 0h00:04.174 2026/05/17T22:32:06z: SSID: that iPhone
1 BSEC warning code : 100

1 BSEC warning code : 100

 ets Jan  8 2013,rst cause:1, boot mode:(3,7)

load 0x4010f000, len 1384, room 16 
tail 8
chksum 0x2d
csum 0x2d
v8b899c12
~ld


7.04
 0h00:00.537 1970/01/01T08:00:00z: SPIFFS Active
 0h00:04.213 2026/05/17T22:51:47z: f0:24:f9:c2:4b:b8
 0h00:04.214 2026/05/17T22:51:47z: SSID: that iPhone
1 BSEC warning code : 100

 ets Jan  8 2013,rst cause:1, boot mode:(3,7)

load 0x4010f000, len 1384, room 16 
tail 8
chksum 0x2d
csum 0x2d
v8b899c12
~ld


7.04
 0h00:00.487 1970/01/01T08:00:00z: SPIFFS Active
 0h00:04.163 2026/05/17T23:11:28z: f0:24:f9:c2:4b:b8
 0h00:04.165 2026/05/17T23:11:28z: SSID: that iPhone
1 BSEC warning code : 100

 ets Jan  8 2013,rst cause:1, boot mode:(3,7)

load 0x4010f000, len 1384, room 16 
tail 8
chksum 0x2d
csum 0x2d
v8b899c12
~ld


7.04
 0h00:00.535 1970/01/01T08:00:00z: SPIFFS Active
 0h00:04.211 2026/05/17T23:31:09z: f0:24:f9:c2:4b:b8
 0h00:04.212 2026/05/17T23:31:09z: SSID: that iPhone
1 BSEC warning code : 100

 ets Jan  8 2013,rst cause:1, boot mode:(3,7)

load 0x4010f000, len 1384, room 16 
tail 8
chksum 0x2d
csum 0x2d
v8b899c12
~ld


7.04
 0h00:00.529 1970/01/01T08:00:00z: SPIFFS Active
 0h00:04.205 2026/05/17T23:50:50z: f0:24:f9:c2:4b:b8
 0h00:04.207 2026/05/17T23:50:50z: SSID: that iPhone
1 BSEC warning code : 100
