
1 BSEC warning code : 100

1 BSEC warning code : 100

 ets Jan  8 2013,rst cause:1, boot mode:(3,1)

load 0x4010f000, len 1384, room 16 
tail 8
chksum 0x2d
csum 0x2d
v8b899c12
~ld


7.04
 0h00:00.494 1970/01/01T08:00:00z: SPIFFS Active
 0h00:04.169 2026/05/05T00:12:20z: f0:24:f9:c6:6b:d7
 0h00:04.170 2026/05/05T00:12:20z: SSID: wifi
1 BSEC warning code : 100

1 BSEC warning code : 100

 ets Jan  8 2013,rst cause:1, boot mode:(3,1)

load 0x4010f000, len 1384, room 16 
tail 8
chksum 0x2d
csum 0x2d
v8b899c12
~ld


7.04
 0h00:00.536 1970/01/01T08:00:00z: SPIFFS Active
 0h00:04.212 2026/05/05T00:32:01z: f0:24:f9:c6:6b:d7
 0h00:04.213 2026/05/05T00:32:01z: SSID: wifi
1 BSEC warning code : 100

1 BSEC warning code : 100

 ets Jan  8 2013,rst cause:1, boot mode:(3,1)

load 0x4010f000, len 1384, room 16 
tail 8
chksum 0x2d
csum 0x2d
v8b899c12
~ld


7.04
 0h00:00.503 1970/01/01T08:00:00z: SPIFFS Active
 0h00:04.179 2026/05/05T00:51:42z: f0:24:f9:c6:6b:d7
 0h00:04.180 2026/05/05T00:51:42z: SSID: wifi
1 BSEC warning code : 100

 ets Jan  8 2013,rst cause:1, boot mode:(3,1)

load 0x4010f000, len 1384, room 16 
tail 8
chksum 0x2d
csum 0x2d
v8b899c12
~ld


7.04
 0h00:00.469 1970/01/01T08:00:00z: SPIFFS Active
 0h00:04.144 2026/05/05T01:11:22z: f0:24:f9:c6:6b:d7
 0h00:04.146 2026/05/05T01:11:22z: SSID: wifi
1 BSEC warning code : 100

 ets Jan  8 2013,rst cause:1, boot mode:(3,1)

load 0x4010f000, len 1384, room 16 
tail 8
chksum 0x2d
csum 0x2d
v8b899c12
~ld


7.04
 0h00:00.465 1970/01/01T08:00:00z: SPIFFS Active
 0h00:04.141 2026/05/05T01:31:03z: f0:24:f9:c6:6b:d7
 0h00:04.142 2026/05/05T01:31:03z: SSID: wifi
1 BSEC warning code : 100

 ets Jan  8 2013,rst cause:1, boot mode:(3,1)

load 0x4010f000, len 1384, room 16 
tail 8
chksum 0x2d
csum 0x2d
v8b899c12
~ld


7.04
 0h00:00.460 1970/01/01T08:00:00z: SPIFFS Active
 0h00:04.136 2026/05/05T01:50:43z: f0:24:f9:c6:6b:d7
 0h00:04.137 2026/05/05T01:50:43z: SSID: wifi
1 BSEC warning code : 100

1 BSEC warning code : 100

 ets Jan  8 2013,rst cause:1, boot mode:(3,1)

load 0x4010f000, len 1384, room 16 
tail 8
chksum 0x2d
csum 0x2d
v8b899c12
~ld


7.04
 0h00:00.462 1970/01/01T08:00:00z: SPIFFS Active
 0h00:04.138 2026/05/05T02:10:25z: f0:24:f9:c6:6b:d7
 0h00:04.139 2026/05/05T02:10:25z: SSID: wifi
1 BSEC warning code : 100

 ets Jan  8 2013,rst cause:1, boot mode:(3,1)

load 0x4010f000, len 1384, room 16 
tail 8
chksum 0x2d
csum 0x2d
v8b899c12
~ld


7.04
 0h00:00.473 1970/01/01T08:00:00z: SPIFFS Active
 0h00:04.148 2026/05/05T02:30:05z: f0:24:f9:c6:6b:d7
 0h00:04.150 2026/05/05T02:30:05z: SSID: wifi
1 BSEC warning code : 100

1 BSEC warning code : 100

 ets Jan  8 2013,rst cause:1, boot mode:(3,1)

load 0x4010f000, len 1384, room 16 
tail 8
chksum 0x2d
csum 0x2d
v8b899c12
~ld


7.04
 0h00:00.464 1970/01/01T08:00:00z: SPIFFS Active
 0h00:04.140 2026/05/05T02:49:46z: f0:24:f9:c6:6b:d7
 0h00:04.142 2026/05/05T02:49:46z: SSID: wifi
1 BSEC warning code : 100

 ets Jan  8 2013,rst cause:1, boot mode:(3,1)

load 0x4010f000, len 1384, room 16 
tail 8
chksum 0x2d
csum 0x2d
v8b899c12
~ld


7.04
 0h00:00.463 1970/01/01T08:00:00z: SPIFFS Active
 0h00:04.139 2026/05/05T03:09:27z: f0:24:f9:c6:6b:d7
 0h00:04.140 2026/05/05T03:09:27z: SSID: wifi
1 BSEC warning code : 100

1 BSEC warning code : 100

 ets Jan  8 2013,rst cause:1, boot mode:(3,1)

load 0x4010f000, len 1384, room 16 
tail 8
chksum 0x2d
csum 0x2d
v8b899c12
~ld


7.04
 0h00:00.468 1970/01/01T08:00:00z: SPIFFS Active
 0h00:04.143 2026/05/05T03:29:07z: f0:24:f9:c6:6b:d7
 0h00:04.145 2026/05/05T03:29:07z: SSID: wifi
1 BSEC warning code : 100

 ets Jan  8 2013,rst cause:1, boot mode:(3,1)

load 0x4010f000, len 1384, room 16 
tail 8
chksum 0x2d
csum 0x2d
v8b899c12
~ld


7.04
 0h00:00.467 1970/01/01T08:00:00z: SPIFFS Active
 0h00:04.142 2026/05/05T03:48:48z: f0:24:f9:c6:6b:d7
 0h00:04.144 2026/05/05T03:48:48z: SSID: wifi
1 BSEC warning code : 100

 ets Jan  8 2013,rst cause:1, boot mode:(3,1)

load 0x4010f000, len 1384, room 16 
tail 8
chksum 0x2d
csum 0x2d
v8b899c12
~ld


7.04
 0h00:00.506 1970/01/01T08:00:00z: SPIFFS Active
 0h00:04.181 2026/05/05T04:08:29z: f0:24:f9:c6:6b:d7
 0h00:04.182 2026/05/05T04:08:29z: SSID: wifi
1 BSEC warning code : 100

1 BSEC warning code : 100

 ets Jan  8 2013,rst cause:1, boot mode:(3,1)

load 0x4010f000, len 1384, room 16 
tail 8
chksum 0x2d
csum 0x2d
v8b899c12
~ld


7.04
 0h00:00.468 1970/01/01T08:00:00z: SPIFFS Active
 0h00:04.144 2026/05/05T04:28:08z: f0:24:f9:c6:6b:d7
 0h00:04.145 2026/05/05T04:28:08z: SSID: wifi
1 BSEC warning code : 100

 ets Jan  8 2013,rst cause:1, boot mode:(3,1)

load 0x4010f000, len 1384, room 16 
tail 8
chksum 0x2d
csum 0x2d
v8b899c12
~ld


7.04
 0h00:00.466 1970/01/01T08:00:00z: SPIFFS Active
 0h00:04.142 2026/05/05T04:47:49z: f0:24:f9:c6:6b:d7
 0h00:04.143 2026/05/05T04:47:49z: SSID: wifi
1 BSEC warning code : 100

 ets Jan  8 2013,rst cause:1, boot mode:(3,1)

load 0x4010f000, len 1384, room 16 
tail 8
chksum 0x2d
csum 0x2d
v8b899c12
~ld


7.04
 0h00:00.468 1970/01/01T08:00:00z: SPIFFS Active
 0h00:04.144 2026/05/05T05:07:30z: f0:24:f9:c6:6b:d7
 0h00:04.145 2026/05/05T05:07:30z: SSID: wifi
1 BSEC warning code : 100

 ets Jan  8 2013,rst cause:1, boot mode:(3,1)

load 0x4010f000, len 1384, room 16 
tail 8
chksum 0x2d
csum 0x2d
v8b899c12
~ld


7.04
 0h00:00.469 1970/01/01T08:00:00z: SPIFFS Active
 0h00:04.144 2026/05/05T05:27:10z: f0:24:f9:c6:6b:d7
 0h00:04.146 2026/05/05T05:27:10z: SSID: wifi
1 BSEC warning code : 100

 ets Jan  8 2013,rst cause:1, boot mode:(3,1)

load 0x4010f000, len 1384, room 16 
tail 8
chksum 0x2d
csum 0x2d
v8b899c12
~ld


7.04
 0h00:00.469 1970/01/01T08:00:00z: SPIFFS Active
 0h00:04.145 2026/05/05T05:46:52z: f0:24:f9:c6:6b:d7
 0h00:04.147 2026/05/05T05:46:52z: SSID: wifi
1 BSEC warning code : 100

 ets Jan  8 2013,rst cause:1, boot mode:(3,1)

load 0x4010f000, len 1384, room 16 
tail 8
chksum 0x2d
csum 0x2d
v8b899c12
~ld


7.04
 0h00:00.471 1970/01/01T08:00:00z: SPIFFS Active
 0h00:04.147 2026/05/05T06:06:32z: f0:24:f9:c6:6b:d7
 0h00:04.148 2026/05/05T06:06:32z: SSID: wifi
1 BSEC warning code : 100

1 BSEC warning code : 100

 ets Jan  8 2013,rst cause:1, boot mode:(3,1)

load 0x4010f000, len 1384, room 16 
tail 8
chksum 0x2d
csum 0x2d
v8b899c12
~ld


7.04
 0h00:00.519 1970/01/01T08:00:00z: SPIFFS Active
 0h00:04.195 2026/05/05T06:26:13z: f0:24:f9:c6:6b:d7
 0h00:04.196 2026/05/05T06:26:13z: SSID: wifi
1 BSEC warning code : 100

 ets Jan  8 2013,rst cause:1, boot mode:(3,1)

load 0x4010f000, len 1384, room 16 
tail 8
chksum 0x2d
csum 0x2d
v8b899c12
~ld


7.04
 0h00:00.469 1970/01/01T08:00:00z: SPIFFS Active
 0h00:04.145 2026/05/05T06:45:54z: f0:24:f9:c6:6b:d7
 0h00:04.146 2026/05/05T06:45:54z: SSID: wifi
1 BSEC warning code : 100

1 BSEC warning code : 100

 ets Jan  8 2013,rst cause:1, boot mode:(3,1)

load 0x4010f000, len 1384, room 16 
tail 8
chksum 0x2d
csum 0x2d
v8b899c12
~ld


7.04
 0h00:00.470 1970/01/01T08:00:00z: SPIFFS Active
 0h00:04.146 2026/05/05T07:05:35z: f0:24:f9:c6:6b:d7
 0h00:04.147 2026/05/05T07:05:35z: SSID: wifi
1 BSEC warning code : 100

1 BSEC warning code : 100

 ets Jan  8 2013,rst cause:1, boot mode:(3,1)

load 0x4010f000, len 1384, room 16 
tail 8
chksum 0x2d
csum 0x2d
v8b899c12
~ld


7.04
 0h00:00.478 1970/01/01T08:00:00z: SPIFFS Active
 0h00:04.153 2026/05/05T07:25:16z: f0:24:f9:c6:6b:d7
 0h00:04.155 2026/05/05T07:25:16z: SSID: wifi
1 BSEC warning code : 100

 ets Jan  8 2013,rst cause:1, boot mode:(3,1)

load 0x4010f000, len 1384, room 16 
tail 8
chksum 0x2d
csum 0x2d
v8b899c12
~ld


7.04
 0h00:00.516 1970/01/01T08:00:00z: SPIFFS Active
 0h00:04.192 2026/05/05T07:44:57z: f0:24:f9:c6:6b:d7
 0h00:04.193 2026/05/05T07:44:57z: SSID: wifi
1 BSEC warning code : 100

1 BSEC warning code : 100

 ets Jan  8 2013,rst cause:1, boot mode:(3,1)

load 0x4010f000, len 1384, room 16 
tail 8
chksum 0x2d
csum 0x2d
v8b899c12
~ld


7.04
 0h00:00.476 1970/01/01T08:00:00z: SPIFFS Active
 0h00:04.152 2026/05/05T08:04:38z: f0:24:f9:c6:6b:d7
 0h00:04.153 2026/05/05T08:04:38z: SSID: wifi
1 BSEC warning code : 100

 ets Jan  8 2013,rst cause:1, boot mode:(3,1)

load 0x4010f000, len 1384, room 16 
tail 8
chksum 0x2d
csum 0x2d
v8b899c12
~ld


7.04
 0h00:00.511 1970/01/01T08:00:00z: SPIFFS Active
 0h00:04.187 2026/05/05T08:24:18z: f0:24:f9:c6:6b:d7
 0h00:04.188 2026/05/05T08:24:18z: SSID: wifi
1 BSEC warning code : 100

 ets Jan  8 2013,rst cause:1, boot mode:(3,1)

load 0x4010f000, len 1384, room 16 
tail 8
chksum 0x2d
csum 0x2d
v8b899c12
~ld


7.04
 0h00:00.559 1970/01/01T08:00:00z: SPIFFS Active
 0h00:04.235 2026/05/05T08:43:59z: f0:24:f9:c6:6b:d7
 0h00:04.237 2026/05/05T08:43:59z: SSID: wifi
1 BSEC warning code : 100

 ets Jan  8 2013,rst cause:1, boot mode:(3,1)

load 0x4010f000, len 1384, room 16 
tail 8
chksum 0x2d
csum 0x2d
v8b899c12
~ld


7.04
 0h00:00.479 1970/01/01T08:00:00z: SPIFFS Active
 0h00:04.155 2026/05/05T09:03:40z: f0:24:f9:c6:6b:d7
 0h00:04.157 2026/05/05T09:03:40z: SSID: wifi
1 BSEC warning code : 100

 ets Jan  8 2013,rst cause:1, boot mode:(3,1)

load 0x4010f000, len 1384, room 16 
tail 8
chksum 0x2d
csum 0x2d
v8b899c12
~ld


7.04
 0h00:00.477 1970/01/01T08:00:00z: SPIFFS Active
 0h00:04.153 2026/05/05T09:23:21z: f0:24:f9:c6:6b:d7
 0h00:04.155 2026/05/05T09:23:21z: SSID: wifi
1 BSEC warning code : 100

 ets Jan  8 2013,rst cause:1, boot mode:(3,1)

load 0x4010f000, len 1384, room 16 
tail 8
chksum 0x2d
csum 0x2d
v8b899c12
~ld


7.04
 0h00:00.474 1970/01/01T08:00:00z: SPIFFS Active
 0h00:04.150 2026/05/05T09:43:02z: f0:24:f9:c6:6b:d7
 0h00:04.152 2026/05/05T09:43:02z: SSID: wifi
1 BSEC warning code : 100

 ets Jan  8 2013,rst cause:1, boot mode:(3,1)

load 0x4010f000, len 1384, room 16 
tail 8
chksum 0x2d
csum 0x2d
v8b899c12
~ld


7.04
 0h00:00.479 1970/01/01T08:00:00z: SPIFFS Active
 0h00:04.155 2026/05/05T10:02:43z: f0:24:f9:c6:6b:d7
 0h00:04.156 2026/05/05T10:02:43z: SSID: wifi
1 BSEC warning code : 100

1 BSEC warning code : 100

 ets Jan  8 2013,rst cause:1, boot mode:(3,1)

load 0x4010f000, len 1384, room 16 
tail 8
chksum 0x2d
csum 0x2d
v8b899c12
~ld


7.04
 0h00:00.478 1970/01/01T08:00:00z: SPIFFS Active
 0h00:04.154 2026/05/05T10:22:23z: f0:24:f9:c6:6b:d7
 0h00:04.155 2026/05/05T10:22:23z: SSID: wifi
1 BSEC warning code : 100

 ets Jan  8 2013,rst cause:1, boot mode:(3,1)

load 0x4010f000, len 1384, room 16 
tail 8
chksum 0x2d
csum 0x2d
v8b899c12
~ld


7.04
 0h00:00.475 1970/01/01T08:00:00z: SPIFFS Active
 0h00:04.151 2026/05/05T10:42:04z: f0:24:f9:c6:6b:d7
 0h00:04.153 2026/05/05T10:42:04z: SSID: wifi
1 BSEC warning code : 100

1 BSEC warning code : 100

 ets Jan  8 2013,rst cause:1, boot mode:(3,1)

load 0x4010f000, len 1384, room 16 
tail 8
chksum 0x2d
csum 0x2d
v8b899c12
~ld


7.04
 0h00:00.476 1970/01/01T08:00:00z: SPIFFS Active
 0h00:04.152 2026/05/05T11:01:44z: f0:24:f9:c6:6b:d7
 0h00:04.153 2026/05/05T11:01:44z: SSID: wifi
1 BSEC warning code : 100

 ets Jan  8 2013,rst cause:1, boot mode:(3,1)

load 0x4010f000, len 1384, room 16 
tail 8
chksum 0x2d
csum 0x2d
v8b899c12
~ld


7.04
 0h00:00.470 1970/01/01T08:00:00z: SPIFFS Active
 0h00:04.146 2026/05/05T11:21:25z: f0:24:f9:c6:6b:d7
 0h00:04.148 2026/05/05T11:21:25z: SSID: wifi
1 BSEC warning code : 100

 ets Jan  8 2013,rst cause:1, boot mode:(3,1)

load 0x4010f000, len 1384, room 16 
tail 8
chksum 0x2d
csum 0x2d
v8b899c12
~ld


7.04
 0h00:00.474 1970/01/01T08:00:00z: SPIFFS Active
 0h00:04.150 2026/05/05T11:41:06z: f0:24:f9:c6:6b:d7
 0h00:04.152 2026/05/05T11:41:06z: SSID: wifi
1 BSEC warning code : 100

1 BSEC warning code : 100

 ets Jan  8 2013,rst cause:1, boot mode:(3,1)

load 0x4010f000, len 1384, room 16 
tail 8
chksum 0x2d
csum 0x2d
v8b899c12
~ld


7.04
 0h00:00.477 1970/01/01T08:00:00z: SPIFFS Active
 0h00:04.153 2026/05/05T12:00:47z: f0:24:f9:c6:6b:d7
 0h00:04.155 2026/05/05T12:00:47z: SSID: wifi
1 BSEC warning code : 100

 ets Jan  8 2013,rst cause:1, boot mode:(3,1)

load 0x4010f000, len 1384, room 16 
tail 8
chksum 0x2d
csum 0x2d
v8b899c12
~ld


7.04
 0h00:00.471 1970/01/01T08:00:00z: SPIFFS Active
 0h00:04.148 2026/05/05T12:20:27z: f0:24:f9:c6:6b:d7
 0h00:04.149 2026/05/05T12:20:27z: SSID: wifi
1 BSEC warning code : 100

 ets Jan  8 2013,rst cause:1, boot mode:(3,1)

load 0x4010f000, len 1384, room 16 
tail 8
chksum 0x2d
csum 0x2d
v8b899c12
~ld


7.04
 0h00:00.525 1970/01/01T08:00:00z: SPIFFS Active
 0h00:04.201 2026/05/05T12:40:08z: f0:24:f9:c6:6b:d7
 0h00:04.202 2026/05/05T12:40:08z: SSID: wifi
1 BSEC warning code : 100

 ets Jan  8 2013,rst cause:1, boot mode:(3,1)

load 0x4010f000, len 1384, room 16 
tail 8
chksum 0x2d
csum 0x2d
v8b899c12
~ld


7.04
 0h00:00.474 1970/01/01T08:00:00z: SPIFFS Active
 0h00:04.150 2026/05/05T12:59:49z: f0:24:f9:c6:6b:d7
 0h00:04.152 2026/05/05T12:59:49z: SSID: wifi
1 BSEC warning code : 100

 ets Jan  8 2013,rst cause:1, boot mode:(3,1)

load 0x4010f000, len 1384, room 16 
tail 8
chksum 0x2d
csum 0x2d
v8b899c12
~ld


7.04
 0h00:00.478 1970/01/01T08:00:00z: SPIFFS Active
 0h00:04.154 2026/05/05T13:19:30z: f0:24:f9:c6:6b:d7
 0h00:04.156 2026/05/05T13:19:30z: SSID: wifi
1 BSEC warning code : 100

 ets Jan  8 2013,rst cause:1, boot mode:(3,1)

load 0x4010f000, len 1384, room 16 
tail 8
chksum 0x2d
csum 0x2d
v8b899c12
~ld


7.04
 0h00:00.482 1970/01/01T08:00:00z: SPIFFS Active
 0h00:04.158 2026/05/05T13:39:10z: f0:24:f9:c6:6b:d7
 0h00:04.160 2026/05/05T13:39:10z: SSID: wifi
1 BSEC warning code : 100

 ets Jan  8 2013,rst cause:1, boot mode:(3,1)

load 0x4010f000, len 1384, room 16 
tail 8
chksum 0x2d
csum 0x2d
v8b899c12
~ld


7.04
 0h00:00.479 1970/01/01T08:00:00z: SPIFFS Active
 0h00:04.156 2026/05/05T13:58:51z: f0:24:f9:c6:6b:d7
 0h00:04.157 2026/05/05T13:58:51z: SSID: wifi
1 BSEC warning code : 100

 ets Jan  8 2013,rst cause:1, boot mode:(3,1)

load 0x4010f000, len 1384, room 16 
tail 8
chksum 0x2d
csum 0x2d
v8b899c12
~ld


7.04
 0h00:00.470 1970/01/01T08:00:00z: SPIFFS Active
 0h00:04.146 2026/05/05T14:18:31z: f0:24:f9:c6:6b:d7
 0h00:04.148 2026/05/05T14:18:31z: SSID: wifi
1 BSEC warning code : 100

1 BSEC warning code : 100

 ets Jan  8 2013,rst cause:1, boot mode:(3,1)

load 0x4010f000, len 1384, room 16 
tail 8
chksum 0x2d
csum 0x2d
v8b899c12
~ld


7.04
 0h00:00.482 1970/01/01T08:00:00z: SPIFFS Active
 0h00:04.158 2026/05/05T14:38:12z: f0:24:f9:c6:6b:d7
 0h00:04.160 2026/05/05T14:38:12z: SSID: wifi
1 BSEC warning code : 100

 ets Jan  8 2013,rst cause:1, boot mode:(3,1)

load 0x4010f000, len 1384, room 16 
tail 8
chksum 0x2d
csum 0x2d
v8b899c12
~ld


7.04
 0h00:00.473 1970/01/01T08:00:00z: SPIFFS Active
 0h00:04.149 2026/05/05T14:57:52z: f0:24:f9:c6:6b:d7
 0h00:04.151 2026/05/05T14:57:52z: SSID: wifi
1 BSEC warning code : 100

 ets Jan  8 2013,rst cause:1, boot mode:(3,1)

load 0x4010f000, len 1384, room 16 
tail 8
chksum 0x2d
csum 0x2d
v8b899c12
~ld


7.04
 0h00:00.481 1970/01/01T08:00:00z: SPIFFS Active
 0h00:04.157 2026/05/05T15:17:33z: f0:24:f9:c6:6b:d7
 0h00:04.159 2026/05/05T15:17:33z: SSID: wifi
1 BSEC warning code : 100

 ets Jan  8 2013,rst cause:1, boot mode:(3,1)

load 0x4010f000, len 1384, room 16 
tail 8
chksum 0x2d
csum 0x2d
v8b899c12
~ld


7.04
 0h00:00.481 1970/01/01T08:00:00z: SPIFFS Active
 0h00:04.157 2026/05/05T15:37:13z: f0:24:f9:c6:6b:d7
 0h00:04.159 2026/05/05T15:37:13z: SSID: wifi
1 BSEC warning code : 100

1 BSEC warning code : 100

 ets Jan  8 2013,rst cause:1, boot mode:(3,1)

load 0x4010f000, len 1384, room 16 
tail 8
chksum 0x2d
csum 0x2d
v8b899c12
~ld


7.04
 0h00:00.475 1970/01/01T08:00:00z: SPIFFS Active
 0h00:04.151 2026/05/05T15:56:54z: f0:24:f9:c6:6b:d7
 0h00:04.153 2026/05/05T15:56:54z: SSID: wifi
1 BSEC warning code : 100

 ets Jan  8 2013,rst cause:1, boot mode:(3,1)

load 0x4010f000, len 1384, room 16 
tail 8
chksum 0x2d
csum 0x2d
v8b899c12
~ld


7.04
 0h00:00.506 1970/01/01T08:00:00z: SPIFFS Active
 0h00:04.183 2026/05/05T16:16:35z: f0:24:f9:c6:6b:d7
 0h00:04.184 2026/05/05T16:16:35z: SSID: wifi
1 BSEC warning code : 100

 ets Jan  8 2013,rst cause:1, boot mode:(3,1)

load 0x4010f000, len 1384, room 16 
tail 8
chksum 0x2d
csum 0x2d
v8b899c12
~ld


7.04
 0h00:00.465 1970/01/01T08:00:00z: SPIFFS Active
 0h00:04.141 2026/05/05T16:36:16z: f0:24:f9:c6:6b:d7
 0h00:04.143 2026/05/05T16:36:16z: SSID: wifi
1 BSEC warning code : 100

1 BSEC warning code : 100

 ets Jan  8 2013,rst cause:1, boot mode:(3,1)

load 0x4010f000, len 1384, room 16 
tail 8
chksum 0x2d
csum 0x2d
v8b899c12
~ld


7.04
 0h00:00.477 1970/01/01T08:00:00z: SPIFFS Active
 0h00:04.154 2026/05/05T16:55:57z: f0:24:f9:c6:6b:d7
 0h00:04.155 2026/05/05T16:55:57z: SSID: wifi
1 BSEC warning code : 100

 ets Jan  8 2013,rst cause:1, boot mode:(3,1)

load 0x4010f000, len 1384, room 16 
tail 8
chksum 0x2d
csum 0x2d
v8b899c12
~ld


7.04
 0h00:00.476 1970/01/01T08:00:00z: SPIFFS Active
 0h00:04.153 2026/05/05T17:15:38z: f0:24:f9:c6:6b:d7
 0h00:04.155 2026/05/05T17:15:38z: SSID: wifi
1 BSEC warning code : 100

1 BSEC warning code : 100

 ets Jan  8 2013,rst cause:1, boot mode:(3,1)

load 0x4010f000, len 1384, room 16 
tail 8
chksum 0x2d
csum 0x2d
v8b899c12
~ld


7.04
 0h00:00.470 1970/01/01T08:00:00z: SPIFFS Active
 0h00:04.147 2026/05/05T17:35:19z: f0:24:f9:c6:6b:d7
 0h00:04.148 2026/05/05T17:35:19z: SSID: wifi
1 BSEC warning code : 100

 ets Jan  8 2013,rst cause:1, boot mode:(3,1)

load 0x4010f000, len 1384, room 16 
tail 8
chksum 0x2d
csum 0x2d
v8b899c12
~ld


7.04
 0h00:00.476 1970/01/01T08:00:00z: SPIFFS Active
 0h00:04.153 2026/05/05T17:54:59z: f0:24:f9:c6:6b:d7
 0h00:04.154 2026/05/05T17:54:59z: SSID: wifi
1 BSEC warning code : 100

1 BSEC warning code : 100

 ets Jan  8 2013,rst cause:1, boot mode:(3,1)

load 0x4010f000, len 1384, room 16 
tail 8
chksum 0x2d
csum 0x2d
v8b899c12
~ld


7.04
 0h00:00.474 1970/01/01T08:00:00z: SPIFFS Active
 0h00:04.151 2026/05/05T18:14:40z: f0:24:f9:c6:6b:d7
 0h00:04.153 2026/05/05T18:14:40z: SSID: wifi
1 BSEC warning code : 100

1 BSEC warning code : 100

 ets Jan  8 2013,rst cause:1, boot mode:(3,1)

load 0x4010f000, len 1384, room 16 
tail 8
chksum 0x2d
csum 0x2d
v8b899c12
~ld


7.04
 0h00:00.472 1970/01/01T08:00:00z: SPIFFS Active
 0h00:04.149 2026/05/05T18:34:20z: f0:24:f9:c6:6b:d7
 0h00:04.150 2026/05/05T18:34:20z: SSID: wifi
1 BSEC warning code : 100

 ets Jan  8 2013,rst cause:1, boot mode:(3,1)

load 0x4010f000, len 1384, room 16 
tail 8
chksum 0x2d
csum 0x2d
v8b899c12
~ld


7.04
 0h00:00.473 1970/01/01T08:00:00z: SPIFFS Active
 0h00:04.151 2026/05/05T18:54:01z: f0:24:f9:c6:6b:d7
 0h00:04.152 2026/05/05T18:54:01z: SSID: wifi
1 BSEC warning code : 100

 ets Jan  8 2013,rst cause:1, boot mode:(3,1)

load 0x4010f000, len 1384, room 16 
tail 8
chksum 0x2d
csum 0x2d
v8b899c12
~ld


7.04
 0h00:00.480 1970/01/01T08:00:00z: SPIFFS Active
 0h00:04.157 2026/05/05T19:13:42z: f0:24:f9:c6:6b:d7
 0h00:04.158 2026/05/05T19:13:42z: SSID: wifi
1 BSEC warning code : 100

1 BSEC warning code : 100

 ets Jan  8 2013,rst cause:1, boot mode:(3,1)

load 0x4010f000, len 1384, room 16 
tail 8
chksum 0x2d
csum 0x2d
v8b899c12
~ld


7.04
 0h00:00.472 1970/01/01T08:00:00z: SPIFFS Active
 0h00:04.149 2026/05/05T19:33:23z: f0:24:f9:c6:6b:d7
 0h00:04.150 2026/05/05T19:33:23z: SSID: wifi
1 BSEC warning code : 100

 ets Jan  8 2013,rst cause:1, boot mode:(3,1)

load 0x4010f000, len 1384, room 16 
tail 8
chksum 0x2d
csum 0x2d
v8b899c12
~ld


7.04
 0h00:00.475 1970/01/01T08:00:00z: SPIFFS Active
 0h00:04.151 2026/05/05T19:53:04z: f0:24:f9:c6:6b:d7
 0h00:04.153 2026/05/05T19:53:04z: SSID: wifi
1 BSEC warning code : 100

1 BSEC warning code : 100

 ets Jan  8 2013,rst cause:1, boot mode:(3,1)

load 0x4010f000, len 1384, room 16 
tail 8
chksum 0x2d
csum 0x2d
v8b899c12
~ld


7.04
 0h00:00.469 1970/01/01T08:00:00z: SPIFFS Active
 0h00:04.146 2026/05/05T20:12:45z: f0:24:f9:c6:6b:d7
 0h00:04.147 2026/05/05T20:12:45z: SSID: wifi
1 BSEC warning code : 100

 ets Jan  8 2013,rst cause:1, boot mode:(3,1)

load 0x4010f000, len 1384, room 16 
tail 8
chksum 0x2d
csum 0x2d
v8b899c12
~ld


7.04
 0h00:00.467 1970/01/01T08:00:00z: SPIFFS Active
 0h00:04.144 2026/05/05T20:32:26z: f0:24:f9:c6:6b:d7
 0h00:04.146 2026/05/05T20:32:26z: SSID: wifi
1 BSEC warning code : 100

 ets Jan  8 2013,rst cause:1, boot mode:(3,1)

load 0x4010f000, len 1384, room 16 
tail 8
chksum 0x2d
csum 0x2d
v8b899c12
~ld


7.04
 0h00:00.475 1970/01/01T08:00:00z: SPIFFS Active
 0h00:04.152 2026/05/05T20:52:06z: f0:24:f9:c6:6b:d7
 0h00:04.153 2026/05/05T20:52:06z: SSID: wifi
1 BSEC warning code : 100

1 BSEC warning code : 100

 ets Jan  8 2013,rst cause:1, boot mode:(3,1)

load 0x4010f000, len 1384, room 16 
tail 8
chksum 0x2d
csum 0x2d
v8b899c12
~ld


7.04
 0h00:00.472 1970/01/01T08:00:00z: SPIFFS Active
 0h00:04.149 2026/05/05T21:11:47z: f0:24:f9:c6:6b:d7
 0h00:04.150 2026/05/05T21:11:47z: SSID: wifi
1 BSEC warning code : 100

 ets Jan  8 2013,rst cause:1, boot mode:(3,1)

load 0x4010f000, len 1384, room 16 
tail 8
chksum 0x2d
csum 0x2d
v8b899c12
~ld


7.04
 0h00:00.549 1970/01/01T08:00:00z: SPIFFS Active
 0h00:04.226 2026/05/05T21:31:27z: f0:24:f9:c6:6b:d7
 0h00:04.227 2026/05/05T21:31:27z: SSID: wifi
1 BSEC warning code : 100

 ets Jan  8 2013,rst cause:1, boot mode:(3,1)

load 0x4010f000, len 1384, room 16 
tail 8
chksum 0x2d
csum 0x2d
v8b899c12
~ld


7.04
 0h00:00.470 1970/01/01T08:00:00z: SPIFFS Active
 0h00:04.146 2026/05/05T21:51:08z: f0:24:f9:c6:6b:d7
 0h00:04.148 2026/05/05T21:51:08z: SSID: wifi
1 BSEC warning code : 100

 ets Jan  8 2013,rst cause:1, boot mode:(3,1)

load 0x4010f000, len 1384, room 16 
tail 8
chksum 0x2d
csum 0x2d
v8b899c12
~ld


7.04
 0h00:00.475 1970/01/01T08:00:00z: SPIFFS Active
 0h00:04.151 2026/05/05T22:10:49z: f0:24:f9:c6:6b:d7
 0h00:04.153 2026/05/05T22:10:49z: SSID: wifi
1 BSEC warning code : 100

1 BSEC warning code : 100

 ets Jan  8 2013,rst cause:1, boot mode:(3,1)

load 0x4010f000, len 1384, room 16 
tail 8
chksum 0x2d
csum 0x2d
v8b899c12
~ld


7.04
 0h00:00.467 1970/01/01T08:00:00z: SPIFFS Active
 0h00:04.144 2026/05/05T22:30:30z: f0:24:f9:c6:6b:d7
 0h00:04.145 2026/05/05T22:30:30z: SSID: wifi
1 BSEC warning code : 100

 ets Jan  8 2013,rst cause:1, boot mode:(3,1)

load 0x4010f000, len 1384, room 16 
tail 8
chksum 0x2d
csum 0x2d
v8b899c12
~ld


7.04
 0h00:00.475 1970/01/01T08:00:00z: SPIFFS Active
 0h00:04.153 2026/05/05T22:50:10z: f0:24:f9:c6:6b:d7
 0h00:04.154 2026/05/05T22:50:10z: SSID: wifi
1 BSEC warning code : 100

 ets Jan  8 2013,rst cause:1, boot mode:(3,1)

load 0x4010f000, len 1384, room 16 
tail 8
chksum 0x2d
csum 0x2d
v8b899c12
~ld


7.04
 0h00:00.477 1970/01/01T08:00:00z: SPIFFS Active
 0h00:04.154 2026/05/05T23:09:51z: f0:24:f9:c6:6b:d7
 0h00:04.155 2026/05/05T23:09:51z: SSID: wifi
1 BSEC warning code : 100

1 BSEC warning code : 100

 ets Jan  8 2013,rst cause:1, boot mode:(3,1)

load 0x4010f000, len 1384, room 16 
tail 8
chksum 0x2d
csum 0x2d
v8b899c12
~ld


7.04
 0h00:00.504 1970/01/01T08:00:00z: SPIFFS Active
 0h00:04.178 2026/05/05T23:29:31z: f0:24:f9:c6:6b:d7
 0h00:04.180 2026/05/05T23:29:31z: SSID: wifi
1 BSEC warning code : 100

1 BSEC warning code : 100

 ets Jan  8 2013,rst cause:1, boot mode:(3,1)

load 0x4010f000, len 1384, room 16 
tail 8
chksum 0x2d
csum 0x2d
v8b899c12
~ld


7.04
 0h00:00.511 1970/01/01T08:00:00z: SPIFFS Active
 0h00:04.186 2026/05/05T23:49:12z: f0:24:f9:c6:6b:d7
 0h00:04.187 2026/05/05T23:49:12z: SSID: wifi
1 BSEC warning code : 100
