
1 BSEC warning code : 100

1 BSEC warning code : 100

 ets Jan  8 2013,rst cause:1, boot mode:(3,6)

load 0x4010f000, len 1384, room 16 
tail 8
chksum 0x2d
csum 0x2d
v8b899c12
~ld


7.04
 0h00:00.499 1970/01/01T08:00:00z: SPIFFS Active
 0h00:04.174 2026/05/05T00:13:18z: f0:24:f9:c6:75:f1
 0h00:04.176 2026/05/05T00:13:18z: SSID: wifi
1 BSEC warning code : 100

1 BSEC warning code : 100

 ets Jan  8 2013,rst cause:1, boot mode:(3,6)

load 0x4010f000, len 1384, room 16 
tail 8
chksum 0x2d
csum 0x2d
v8b899c12
~ld


7.04
 0h00:00.494 1970/01/01T08:00:00z: SPIFFS Active
 0h00:04.170 2026/05/05T00:32:59z: f0:24:f9:c6:75:f1
 0h00:04.171 2026/05/05T00:32:59z: SSID: wifi
1 BSEC warning code : 100

 ets Jan  8 2013,rst cause:1, boot mode:(3,6)

load 0x4010f000, len 1384, room 16 
tail 8
chksum 0x2d
csum 0x2d
v8b899c12
~ld


7.04
 0h00:00.554 1970/01/01T08:00:00z: SPIFFS Active
 0h00:04.229 2026/05/05T00:52:39z: f0:24:f9:c6:75:f1
 0h00:04.231 2026/05/05T00:52:39z: SSID: wifi
1 BSEC warning code : 100

 ets Jan  8 2013,rst cause:1, boot mode:(3,6)

load 0x4010f000, len 1384, room 16 
tail 8
chksum 0x2d
csum 0x2d
v8b899c12
~ld


7.04
 0h00:00.536 1970/01/01T08:00:00z: SPIFFS Active
 0h00:04.212 2026/05/05T01:12:20z: f0:24:f9:c6:75:f1
 0h00:04.213 2026/05/05T01:12:20z: SSID: wifi
1 BSEC warning code : 100

 ets Jan  8 2013,rst cause:1, boot mode:(3,6)

load 0x4010f000, len 1384, room 16 
tail 8
chksum 0x2d
csum 0x2d
v8b899c12
~ld


7.04
 0h00:00.503 1970/01/01T08:00:00z: SPIFFS Active
 0h00:04.179 2026/05/05T01:32:02z: f0:24:f9:c6:75:f1
 0h00:04.181 2026/05/05T01:32:02z: SSID: wifi
1 BSEC warning code : 100

1 BSEC warning code : 100

 ets Jan  8 2013,rst cause:1, boot mode:(3,6)

load 0x4010f000, len 1384, room 16 
tail 8
chksum 0x2d
csum 0x2d
v8b899c12
~ld


7.04
 0h00:00.579 1970/01/01T08:00:00z: SPIFFS Active
 0h00:04.255 2026/05/05T01:51:43z: f0:24:f9:c6:75:f1
 0h00:04.257 2026/05/05T01:51:43z: SSID: wifi
1 BSEC warning code : 100

1 BSEC warning code : 100

 ets Jan  8 2013,rst cause:1, boot mode:(3,6)

load 0x4010f000, len 1384, room 16 
tail 8
chksum 0x2d
csum 0x2d
v8b899c12
~ld


7.04
 0h00:00.501 1970/01/01T08:00:00z: SPIFFS Active
 0h00:04.177 2026/05/05T02:11:24z: f0:24:f9:c6:75:f1
 0h00:04.179 2026/05/05T02:11:24z: SSID: wifi
1 BSEC warning code : 100

 ets Jan  8 2013,rst cause:1, boot mode:(3,6)

load 0x4010f000, len 1384, room 16 
tail 8
chksum 0x2d
csum 0x2d
v8b899c12
~ld


7.04
 0h00:00.502 1970/01/01T08:00:00z: SPIFFS Active
 0h00:04.178 2026/05/05T02:31:05z: f0:24:f9:c6:75:f1
 0h00:04.179 2026/05/05T02:31:05z: SSID: wifi
1 BSEC warning code : 100

1 BSEC warning code : 100

 ets Jan  8 2013,rst cause:1, boot mode:(3,6)

load 0x4010f000, len 1384, room 16 
tail 8
chksum 0x2d
csum 0x2d
v8b899c12
~ld


7.04
 0h00:00.548 1970/01/01T08:00:00z: SPIFFS Active
 0h00:04.224 2026/05/05T02:50:46z: f0:24:f9:c6:75:f1
 0h00:04.225 2026/05/05T02:50:46z: SSID: wifi
1 BSEC warning code : 100

 ets Jan  8 2013,rst cause:1, boot mode:(3,6)

load 0x4010f000, len 1384, room 16 
tail 8
chksum 0x2d
csum 0x2d
v8b899c12
~ld


7.04
 0h00:00.541 1970/01/01T08:00:00z: SPIFFS Active
 0h00:04.216 2026/05/05T03:10:26z: f0:24:f9:c6:75:f1
 0h00:04.218 2026/05/05T03:10:26z: SSID: wifi
1 BSEC warning code : 100

1 BSEC warning code : 100

 ets Jan  8 2013,rst cause:1, boot mode:(3,6)

load 0x4010f000, len 1384, room 16 
tail 8
chksum 0x2d
csum 0x2d
v8b899c12
~ld


7.04
 0h00:00.541 1970/01/01T08:00:00z: SPIFFS Active
 0h00:04.217 2026/05/05T03:30:07z: f0:24:f9:c6:75:f1
 0h00:04.218 2026/05/05T03:30:07z: SSID: wifi
1 BSEC warning code : 100

 ets Jan  8 2013,rst cause:1, boot mode:(3,6)

load 0x4010f000, len 1384, room 16 
tail 8
chksum 0x2d
csum 0x2d
v8b899c12
~ld


7.04
 0h00:00.546 1970/01/01T08:00:00z: SPIFFS Active
 0h00:04.222 2026/05/05T03:49:47z: f0:24:f9:c6:75:f1
 0h00:04.224 2026/05/05T03:49:47z: SSID: wifi
1 BSEC warning code : 100

 ets Jan  8 2013,rst cause:1, boot mode:(3,6)

load 0x4010f000, len 1384, room 16 
tail 8
chksum 0x2d
csum 0x2d
v8b899c12
~ld


7.04
 0h00:00.502 1970/01/01T08:00:00z: SPIFFS Active
 0h00:04.178 2026/05/05T04:09:28z: f0:24:f9:c6:75:f1
 0h00:04.180 2026/05/05T04:09:28z: SSID: wifi
1 BSEC warning code : 100

1 BSEC warning code : 100

 ets Jan  8 2013,rst cause:1, boot mode:(3,6)

load 0x4010f000, len 1384, room 16 
tail 8
chksum 0x2d
csum 0x2d
v8b899c12
~ld


7.04
 0h00:00.553 1970/01/01T08:00:00z: SPIFFS Active
 0h00:04.229 2026/05/05T04:29:10z: f0:24:f9:c6:75:f1
 0h00:04.231 2026/05/05T04:29:10z: SSID: wifi
1 BSEC warning code : 100

 ets Jan  8 2013,rst cause:1, boot mode:(3,6)

load 0x4010f000, len 1384, room 16 
tail 8
chksum 0x2d
csum 0x2d
v8b899c12
~ld


7.04
 0h00:00.554 1970/01/01T08:00:00z: SPIFFS Active
 0h00:04.230 2026/05/05T04:48:51z: f0:24:f9:c6:75:f1
 0h00:04.232 2026/05/05T04:48:51z: SSID: wifi
1 BSEC warning code : 100

 ets Jan  8 2013,rst cause:1, boot mode:(3,6)

load 0x4010f000, len 1384, room 16 
tail 8
chksum 0x2d
csum 0x2d
v8b899c12
~ld


7.04
 0h00:00.611 1970/01/01T08:00:00z: SPIFFS Active
 0h00:04.287 2026/05/05T05:08:32z: f0:24:f9:c6:75:f1
 0h00:04.288 2026/05/05T05:08:32z: SSID: wifi
1 BSEC warning code : 100

 ets Jan  8 2013,rst cause:1, boot mode:(3,6)

load 0x4010f000, len 1384, room 16 
tail 8
chksum 0x2d
csum 0x2d
v8b899c12
~ld


7.04
 0h00:00.538 1970/01/01T08:00:00z: SPIFFS Active
 0h00:04.213 2026/05/05T05:28:14z: f0:24:f9:c6:75:f1
 0h00:04.215 2026/05/05T05:28:14z: SSID: wifi
1 BSEC warning code : 100

1 BSEC warning code : 100

 ets Jan  8 2013,rst cause:1, boot mode:(3,6)

load 0x4010f000, len 1384, room 16 
tail 8
chksum 0x2d
csum 0x2d
v8b899c12
~ld


7.04
 0h00:00.544 1970/01/01T08:00:00z: SPIFFS Active
 0h00:04.220 2026/05/05T05:47:55z: f0:24:f9:c6:75:f1
 0h00:04.221 2026/05/05T05:47:55z: SSID: wifi
1 BSEC warning code : 100

 ets Jan  8 2013,rst cause:1, boot mode:(3,6)

load 0x4010f000, len 1384, room 16 
tail 8
chksum 0x2d
csum 0x2d
v8b899c12
~ld


7.04
 0h00:00.589 1970/01/01T08:00:00z: SPIFFS Active
 0h00:04.265 2026/05/05T06:07:36z: f0:24:f9:c6:75:f1
 0h00:04.266 2026/05/05T06:07:36z: SSID: wifi
1 BSEC warning code : 100

 ets Jan  8 2013,rst cause:1, boot mode:(3,6)

load 0x4010f000, len 1384, room 16 
tail 8
chksum 0x2d
csum 0x2d
v8b899c12
~ld


7.04
 0h00:00.506 1970/01/01T08:00:00z: SPIFFS Active
 0h00:04.182 2026/05/05T06:27:17z: f0:24:f9:c6:75:f1
 0h00:04.183 2026/05/05T06:27:17z: SSID: wifi
1 BSEC warning code : 100

1 BSEC warning code : 100

 ets Jan  8 2013,rst cause:1, boot mode:(3,6)

load 0x4010f000, len 1384, room 16 
tail 8
chksum 0x2d
csum 0x2d
v8b899c12
~ld


7.04
 0h00:00.546 1970/01/01T08:00:00z: SPIFFS Active
 0h00:04.222 2026/05/05T06:46:57z: f0:24:f9:c6:75:f1
 0h00:04.223 2026/05/05T06:46:57z: SSID: wifi
1 BSEC warning code : 100

 ets Jan  8 2013,rst cause:1, boot mode:(3,6)

load 0x4010f000, len 1384, room 16 
tail 8
chksum 0x2d
csum 0x2d
v8b899c12
~ld


7.04
 0h00:00.548 1970/01/01T08:00:00z: SPIFFS Active
 0h00:04.223 2026/05/05T07:06:37z: f0:24:f9:c6:75:f1
 0h00:04.225 2026/05/05T07:06:37z: SSID: wifi
1 BSEC warning code : 100

 ets Jan  8 2013,rst cause:1, boot mode:(3,6)

load 0x4010f000, len 1384, room 16 
tail 8
chksum 0x2d
csum 0x2d
v8b899c12
~ld


7.04
 0h00:00.504 1970/01/01T08:00:00z: SPIFFS Active
 0h00:04.180 2026/05/05T07:26:18z: f0:24:f9:c6:75:f1
 0h00:04.182 2026/05/05T07:26:18z: SSID: wifi
1 BSEC warning code : 100

1 BSEC warning code : 100

 ets Jan  8 2013,rst cause:1, boot mode:(3,6)

load 0x4010f000, len 1384, room 16 
tail 8
chksum 0x2d
csum 0x2d
v8b899c12
~ld


7.04
 0h00:00.592 1970/01/01T08:00:00z: SPIFFS Active
 0h00:04.268 2026/05/05T07:45:59z: f0:24:f9:c6:75:f1
 0h00:04.269 2026/05/05T07:45:59z: SSID: wifi
1 BSEC warning code : 100

 ets Jan  8 2013,rst cause:1, boot mode:(3,6)

load 0x4010f000, len 1384, room 16 
tail 8
chksum 0x2d
csum 0x2d
v8b899c12
~ld


7.04
 0h00:00.563 1970/01/01T08:00:00z: SPIFFS Active
 0h00:04.239 2026/05/05T08:05:40z: f0:24:f9:c6:75:f1
 0h00:04.240 2026/05/05T08:05:40z: SSID: wifi
1 BSEC warning code : 100

 ets Jan  8 2013,rst cause:1, boot mode:(3,6)

load 0x4010f000, len 1384, room 16 
tail 8
chksum 0x2d
csum 0x2d
v8b899c12
~ld


7.04
 0h00:00.509 1970/01/01T08:00:00z: SPIFFS Active
 0h00:04.185 2026/05/05T08:25:21z: f0:24:f9:c6:75:f1
 0h00:04.187 2026/05/05T08:25:21z: SSID: wifi
1 BSEC warning code : 100

 ets Jan  8 2013,rst cause:1, boot mode:(3,6)

load 0x4010f000, len 1384, room 16 
tail 8
chksum 0x2d
csum 0x2d
v8b899c12
~ld


7.04
 0h00:00.507 1970/01/01T08:00:00z: SPIFFS Active
 0h00:04.184 2026/05/05T08:45:01z: f0:24:f9:c6:75:f1
 0h00:04.185 2026/05/05T08:45:01z: SSID: wifi
1 BSEC warning code : 100

 ets Jan  8 2013,rst cause:1, boot mode:(3,6)

load 0x4010f000, len 1384, room 16 
tail 8
chksum 0x2d
csum 0x2d
v8b899c12
~ld


7.04
 0h00:00.509 1970/01/01T08:00:00z: SPIFFS Active
 0h00:04.185 2026/05/05T09:04:42z: f0:24:f9:c6:75:f1
 0h00:04.187 2026/05/05T09:04:42z: SSID: wifi
1 BSEC warning code : 100

1 BSEC warning code : 100

 ets Jan  8 2013,rst cause:1, boot mode:(3,6)

load 0x4010f000, len 1384, room 16 
tail 8
chksum 0x2d
csum 0x2d
v8b899c12
~ld


7.04
 0h00:00.505 1970/01/01T08:00:00z: SPIFFS Active
 0h00:04.181 2026/05/05T09:24:23z: f0:24:f9:c6:75:f1
 0h00:04.183 2026/05/05T09:24:23z: SSID: wifi
1 BSEC warning code : 100

 ets Jan  8 2013,rst cause:1, boot mode:(3,6)

load 0x4010f000, len 1384, room 16 
tail 8
chksum 0x2d
csum 0x2d
v8b899c12
~ld


7.04
 0h00:00.547 1970/01/01T08:00:00z: SPIFFS Active
 0h00:04.223 2026/05/05T09:44:05z: f0:24:f9:c6:75:f1
 0h00:04.225 2026/05/05T09:44:05z: SSID: wifi
1 BSEC warning code : 100

 ets Jan  8 2013,rst cause:1, boot mode:(3,6)

load 0x4010f000, len 1384, room 16 
tail 8
chksum 0x2d
csum 0x2d
v8b899c12
~ld


7.04
 0h00:00.555 1970/01/01T08:00:00z: SPIFFS Active
 0h00:04.232 2026/05/05T10:03:46z: f0:24:f9:c6:75:f1
 0h00:04.233 2026/05/05T10:03:46z: SSID: wifi
1 BSEC warning code : 100

1 BSEC warning code : 100

 ets Jan  8 2013,rst cause:1, boot mode:(3,6)

load 0x4010f000, len 1384, room 16 
tail 8
chksum 0x2d
csum 0x2d
v8b899c12
~ld


7.04
 0h00:00.505 1970/01/01T08:00:00z: SPIFFS Active
 0h00:04.181 2026/05/05T10:23:26z: f0:24:f9:c6:75:f1
 0h00:04.183 2026/05/05T10:23:26z: SSID: wifi
1 BSEC warning code : 100

 ets Jan  8 2013,rst cause:1, boot mode:(3,6)

load 0x4010f000, len 1384, room 16 
tail 8
chksum 0x2d
csum 0x2d
v8b899c12
~ld


7.04
 0h00:00.510 1970/01/01T08:00:00z: SPIFFS Active
 0h00:04.186 2026/05/05T10:43:08z: f0:24:f9:c6:75:f1
 0h00:04.188 2026/05/05T10:43:08z: SSID: wifi
1 BSEC warning code : 100

 ets Jan  8 2013,rst cause:1, boot mode:(3,6)

load 0x4010f000, len 1384, room 16 
tail 8
chksum 0x2d
csum 0x2d
v8b899c12
~ld


7.04
 0h00:00.554 1970/01/01T08:00:00z: SPIFFS Active
 0h00:04.231 2026/05/05T11:02:48z: f0:24:f9:c6:75:f1
 0h00:04.232 2026/05/05T11:02:48z: SSID: wifi
1 BSEC warning code : 100

 ets Jan  8 2013,rst cause:1, boot mode:(3,6)

load 0x4010f000, len 1384, room 16 
tail 8
chksum 0x2d
csum 0x2d
v8b899c12
~ld


7.04
 0h00:00.612 1970/01/01T08:00:00z: SPIFFS Active
 0h00:04.288 2026/05/05T11:22:29z: f0:24:f9:c6:75:f1
 0h00:04.290 2026/05/05T11:22:29z: SSID: wifi
1 BSEC warning code : 100

 ets Jan  8 2013,rst cause:1, boot mode:(3,6)

load 0x4010f000, len 1384, room 16 
tail 8
chksum 0x2d
csum 0x2d
v8b899c12
~ld


7.04
 0h00:00.548 1970/01/01T08:00:00z: SPIFFS Active
 0h00:04.225 2026/05/05T11:42:09z: f0:24:f9:c6:75:f1
 0h00:04.226 2026/05/05T11:42:09z: SSID: wifi
1 BSEC warning code : 100

1 BSEC warning code : 100

 ets Jan  8 2013,rst cause:1, boot mode:(3,6)

load 0x4010f000, len 1384, room 16 
tail 8
chksum 0x2d
csum 0x2d
v8b899c12
~ld


7.04
 0h00:00.521 1970/01/01T08:00:00z: SPIFFS Active
 0h00:04.197 2026/05/05T12:01:50z: f0:24:f9:c6:75:f1
 0h00:04.198 2026/05/05T12:01:50z: SSID: wifi
1 BSEC warning code : 100

 ets Jan  8 2013,rst cause:1, boot mode:(3,6)

load 0x4010f000, len 1384, room 16 
tail 8
chksum 0x2d
csum 0x2d
v8b899c12
~ld


7.04
 0h00:00.563 1970/01/01T08:00:00z: SPIFFS Active
 0h00:04.239 2026/05/05T12:21:31z: f0:24:f9:c6:75:f1
 0h00:04.241 2026/05/05T12:21:31z: SSID: wifi
1 BSEC warning code : 100

 ets Jan  8 2013,rst cause:1, boot mode:(3,6)

load 0x4010f000, len 1384, room 16 
tail 8
chksum 0x2d
csum 0x2d
v8b899c12
~ld


7.04
 0h00:00.524 1970/01/01T08:00:00z: SPIFFS Active
 0h00:04.200 2026/05/05T12:41:12z: f0:24:f9:c6:75:f1
 0h00:04.202 2026/05/05T12:41:12z: SSID: wifi
1 BSEC warning code : 100

 ets Jan  8 2013,rst cause:1, boot mode:(3,6)

load 0x4010f000, len 1384, room 16 
tail 8
chksum 0x2d
csum 0x2d
v8b899c12
~ld


7.04
 0h00:00.547 1970/01/01T08:00:00z: SPIFFS Active
 0h00:04.223 2026/05/05T13:00:53z: f0:24:f9:c6:75:f1
 0h00:04.225 2026/05/05T13:00:53z: SSID: wifi
1 BSEC warning code : 100

 ets Jan  8 2013,rst cause:1, boot mode:(3,6)

load 0x4010f000, len 1384, room 16 
tail 8
chksum 0x2d
csum 0x2d
v8b899c12
~ld


7.04
 0h00:00.615 1970/01/01T08:00:00z: SPIFFS Active
 0h00:04.291 2026/05/05T13:20:34z: f0:24:f9:c6:75:f1
 0h00:04.292 2026/05/05T13:20:34z: SSID: wifi
1 BSEC warning code : 100

1 BSEC warning code : 100

 ets Jan  8 2013,rst cause:1, boot mode:(3,6)

load 0x4010f000, len 1384, room 16 
tail 8
chksum 0x2d
csum 0x2d
v8b899c12
~ld


7.04
 0h00:00.567 1970/01/01T08:00:00z: SPIFFS Active
 0h00:04.244 2026/05/05T13:40:16z: f0:24:f9:c6:75:f1
 0h00:04.245 2026/05/05T13:40:16z: SSID: wifi
1 BSEC warning code : 100

 ets Jan  8 2013,rst cause:1, boot mode:(3,6)

load 0x4010f000, len 1384, room 16 
tail 8
chksum 0x2d
csum 0x2d
v8b899c12
~ld


7.04
 0h00:00.516 1970/01/01T08:00:00z: SPIFFS Active
 0h00:04.192 2026/05/05T13:59:57z: f0:24:f9:c6:75:f1
 0h00:04.194 2026/05/05T13:59:57z: SSID: wifi
1 BSEC warning code : 100

 ets Jan  8 2013,rst cause:1, boot mode:(3,6)

load 0x4010f000, len 1384, room 16 
tail 8
chksum 0x2d
csum 0x2d
v8b899c12
~ld


7.04
 0h00:00.517 1970/01/01T08:00:00z: SPIFFS Active
 0h00:04.194 2026/05/05T14:19:37z: f0:24:f9:c6:75:f1
 0h00:04.196 2026/05/05T14:19:37z: SSID: wifi
1 BSEC warning code : 100

1 BSEC warning code : 100

 ets Jan  8 2013,rst cause:1, boot mode:(3,6)

load 0x4010f000, len 1384, room 16 
tail 8
chksum 0x2d
csum 0x2d
v8b899c12
~ld


7.04
 0h00:00.523 1970/01/01T08:00:00z: SPIFFS Active
 0h00:04.199 2026/05/05T14:39:18z: f0:24:f9:c6:75:f1
 0h00:04.201 2026/05/05T14:39:18z: SSID: wifi
1 BSEC warning code : 100

 ets Jan  8 2013,rst cause:1, boot mode:(3,6)

load 0x4010f000, len 1384, room 16 
tail 8
chksum 0x2d
csum 0x2d
v8b899c12
~ld


7.04
 0h00:00.511 1970/01/01T08:00:00z: SPIFFS Active
 0h00:04.188 2026/05/05T14:58:59z: f0:24:f9:c6:75:f1
 0h00:04.189 2026/05/05T14:58:59z: SSID: wifi
1 BSEC warning code : 100

 ets Jan  8 2013,rst cause:1, boot mode:(3,6)

load 0x4010f000, len 1384, room 16 
tail 8
chksum 0x2d
csum 0x2d
v8b899c12
~ld


7.04
 0h00:00.518 1970/01/01T08:00:00z: SPIFFS Active
 0h00:04.195 2026/05/05T15:18:40z: f0:24:f9:c6:75:f1
 0h00:04.196 2026/05/05T15:18:40z: SSID: wifi
1 BSEC warning code : 100

1 BSEC warning code : 100

1 BSEC warning code : 100

 ets Jan  8 2013,rst cause:1, boot mode:(3,6)

load 0x4010f000, len 1384, room 16 
tail 8
chksum 0x2d
csum 0x2d
v8b899c12
~ld


7.04
 0h00:00.515 1970/01/01T08:00:00z: SPIFFS Active
 0h00:04.191 2026/05/05T15:38:21z: f0:24:f9:c6:75:f1
 0h00:04.193 2026/05/05T15:38:21z: SSID: wifi
1 BSEC warning code : 100

 ets Jan  8 2013,rst cause:1, boot mode:(3,6)

load 0x4010f000, len 1384, room 16 
tail 8
chksum 0x2d
csum 0x2d
v8b899c12
~ld


7.04
 0h00:00.520 1970/01/01T08:00:00z: SPIFFS Active
 0h00:04.197 2026/05/05T15:58:03z: f0:24:f9:c6:75:f1
 0h00:04.198 2026/05/05T15:58:03z: SSID: wifi
1 BSEC warning code : 100

 ets Jan  8 2013,rst cause:1, boot mode:(3,6)

load 0x4010f000, len 1384, room 16 
tail 8
chksum 0x2d
csum 0x2d
v8b899c12
~ld


7.04
 0h00:00.512 1970/01/01T08:00:00z: SPIFFS Active
 0h00:04.189 2026/05/05T16:17:43z: f0:24:f9:c6:75:f1
 0h00:04.191 2026/05/05T16:17:43z: SSID: wifi
1 BSEC warning code : 100

 ets Jan  8 2013,rst cause:1, boot mode:(3,6)

load 0x4010f000, len 1384, room 16 
tail 8
chksum 0x2d
csum 0x2d
v8b899c12
~ld


7.04
 0h00:00.507 1970/01/01T08:00:00z: SPIFFS Active
 0h00:04.184 2026/05/05T16:37:24z: f0:24:f9:c6:75:f1
 0h00:04.186 2026/05/05T16:37:24z: SSID: wifi
1 BSEC warning code : 100

1 BSEC warning code : 100

 ets Jan  8 2013,rst cause:1, boot mode:(3,6)

load 0x4010f000, len 1384, room 16 
tail 8
chksum 0x2d
csum 0x2d
v8b899c12
~ld


7.04
 0h00:00.510 1970/01/01T08:00:00z: SPIFFS Active
 0h00:04.186 2026/05/05T16:57:04z: f0:24:f9:c6:75:f1
 0h00:04.188 2026/05/05T16:57:04z: SSID: wifi
1 BSEC warning code : 100

 ets Jan  8 2013,rst cause:1, boot mode:(3,6)

load 0x4010f000, len 1384, room 16 
tail 8
chksum 0x2d
csum 0x2d
v8b899c12
~ld


7.04
 0h00:00.571 1970/01/01T08:00:00z: SPIFFS Active
 0h00:04.248 2026/05/05T17:16:45z: f0:24:f9:c6:75:f1
 0h00:04.249 2026/05/05T17:16:45z: SSID: wifi
1 BSEC warning code : 100

 ets Jan  8 2013,rst cause:1, boot mode:(3,6)

load 0x4010f000, len 1384, room 16 
tail 8
chksum 0x2d
csum 0x2d
v8b899c12
~ld


7.04
 0h00:00.519 1970/01/01T08:00:00z: SPIFFS Active
 0h00:04.196 2026/05/05T17:36:25z: f0:24:f9:c6:75:f1
 0h00:04.197 2026/05/05T17:36:25z: SSID: wifi
1 BSEC warning code : 100

1 BSEC warning code : 100

 ets Jan  8 2013,rst cause:1, boot mode:(3,6)

load 0x4010f000, len 1384, room 16 
tail 8
chksum 0x2d
csum 0x2d
v8b899c12
~ld


7.04
 0h00:00.516 1970/01/01T08:00:00z: SPIFFS Active
 0h00:04.193 2026/05/05T17:56:06z: f0:24:f9:c6:75:f1
 0h00:04.194 2026/05/05T17:56:06z: SSID: wifi
1 BSEC warning code : 100

 ets Jan  8 2013,rst cause:1, boot mode:(3,6)

load 0x4010f000, len 1384, room 16 
tail 8
chksum 0x2d
csum 0x2d
v8b899c12
~ld


7.04
 0h00:00.561 1970/01/01T08:00:00z: SPIFFS Active
 0h00:04.238 2026/05/05T18:15:47z: f0:24:f9:c6:75:f1
 0h00:04.239 2026/05/05T18:15:47z: SSID: wifi
1 BSEC warning code : 100

 ets Jan  8 2013,rst cause:1, boot mode:(3,6)

load 0x4010f000, len 1384, room 16 
tail 8
chksum 0x2d
csum 0x2d
v8b899c12
~ld


7.04
 0h00:00.517 1970/01/01T08:00:00z: SPIFFS Active
 0h00:04.193 2026/05/05T18:35:28z: f0:24:f9:c6:75:f1
 0h00:04.195 2026/05/05T18:35:28z: SSID: wifi
1 BSEC warning code : 100

 ets Jan  8 2013,rst cause:1, boot mode:(3,6)

load 0x4010f000, len 1384, room 16 
tail 8
chksum 0x2d
csum 0x2d
v8b899c12
~ld


7.04
 0h00:00.515 1970/01/01T08:00:00z: SPIFFS Active
 0h00:04.190 2026/05/05T18:55:09z: f0:24:f9:c6:75:f1
 0h00:04.192 2026/05/05T18:55:09z: SSID: wifi
1 BSEC warning code : 100

 ets Jan  8 2013,rst cause:1, boot mode:(3,6)

load 0x4010f000, len 1384, room 16 
tail 8
chksum 0x2d
csum 0x2d
v8b899c12
~ld


7.04
 0h00:00.568 1970/01/01T08:00:00z: SPIFFS Active
 0h00:04.243 2026/05/05T19:14:49z: f0:24:f9:c6:75:f1
 0h00:04.244 2026/05/05T19:14:49z: SSID: wifi
1 BSEC warning code : 100

 ets Jan  8 2013,rst cause:1, boot mode:(3,6)

load 0x4010f000, len 1384, room 16 
tail 8
chksum 0x2d
csum 0x2d
v8b899c12
~ld


7.04
 0h00:00.528 1970/01/01T08:00:00z: SPIFFS Active
 0h00:04.203 2026/05/05T19:34:30z: f0:24:f9:c6:75:f1
 0h00:04.205 2026/05/05T19:34:30z: SSID: wifi
1 BSEC warning code : 100

 ets Jan  8 2013,rst cause:1, boot mode:(3,6)

load 0x4010f000, len 1384, room 16 
tail 8
chksum 0x2d
csum 0x2d
v8b899c12
~ld


7.04
 0h00:00.524 1970/01/01T08:00:00z: SPIFFS Active
 0h00:04.199 2026/05/05T19:54:11z: f0:24:f9:c6:75:f1
 0h00:04.200 2026/05/05T19:54:11z: SSID: wifi
1 BSEC warning code : 100

1 BSEC warning code : 100

 ets Jan  8 2013,rst cause:1, boot mode:(3,6)

load 0x4010f000, len 1384, room 16 
tail 8
chksum 0x2d
csum 0x2d
v8b899c12
~ld


7.04
 0h00:00.569 1970/01/01T08:00:00z: SPIFFS Active
 0h00:04.244 2026/05/05T20:13:52z: f0:24:f9:c6:75:f1
 0h00:04.245 2026/05/05T20:13:52z: SSID: wifi
1 BSEC warning code : 100

 ets Jan  8 2013,rst cause:1, boot mode:(3,6)

load 0x4010f000, len 1384, room 16 
tail 8
chksum 0x2d
csum 0x2d
v8b899c12
~ld


7.04
 0h00:00.551 1970/01/01T08:00:00z: SPIFFS Active
 0h00:04.226 2026/05/05T20:33:33z: f0:24:f9:c6:75:f1
 0h00:04.227 2026/05/05T20:33:33z: SSID: wifi
1 BSEC warning code : 100

1 BSEC warning code : 100

 ets Jan  8 2013,rst cause:1, boot mode:(3,6)

load 0x4010f000, len 1384, room 16 
tail 8
chksum 0x2d
csum 0x2d
v8b899c12
~ld


7.04
 0h00:00.504 1970/01/01T08:00:00z: SPIFFS Active
 0h00:04.179 2026/05/05T20:53:14z: f0:24:f9:c6:75:f1
 0h00:04.180 2026/05/05T20:53:14z: SSID: wifi
1 BSEC warning code : 100

 ets Jan  8 2013,rst cause:1, boot mode:(3,6)

load 0x4010f000, len 1384, room 16 
tail 8
chksum 0x2d
csum 0x2d
v8b899c12
~ld


7.04
 0h00:00.542 1970/01/01T08:00:00z: SPIFFS Active
 0h00:04.219 2026/05/05T21:12:55z: f0:24:f9:c6:75:f1
 0h00:04.220 2026/05/05T21:12:55z: SSID: wifi
1 BSEC warning code : 100

 ets Jan  8 2013,rst cause:1, boot mode:(3,6)

load 0x4010f000, len 1384, room 16 
tail 8
chksum 0x2d
csum 0x2d
v8b899c12
~ld


7.04
 0h00:00.547 1970/01/01T08:00:00z: SPIFFS Active
 0h00:04.223 2026/05/05T21:32:35z: f0:24:f9:c6:75:f1
 0h00:04.225 2026/05/05T21:32:35z: SSID: wifi
1 BSEC warning code : 100

 ets Jan  8 2013,rst cause:1, boot mode:(3,6)

load 0x4010f000, len 1384, room 16 
tail 8
chksum 0x2d
csum 0x2d
v8b899c12
~ld


7.04
 0h00:00.505 1970/01/01T08:00:00z: SPIFFS Active
 0h00:04.182 2026/05/05T21:52:16z: f0:24:f9:c6:75:f1
 0h00:04.183 2026/05/05T21:52:16z: SSID: wifi
1 BSEC warning code : 100

 ets Jan  8 2013,rst cause:1, boot mode:(3,6)

load 0x4010f000, len 1384, room 16 
tail 8
chksum 0x2d
csum 0x2d
v8b899c12
~ld


7.04
 0h00:00.513 1970/01/01T08:00:00z: SPIFFS Active
 0h00:04.190 2026/05/05T22:11:56z: f0:24:f9:c6:75:f1
 0h00:04.191 2026/05/05T22:11:56z: SSID: wifi
1 BSEC warning code : 100

 ets Jan  8 2013,rst cause:1, boot mode:(3,6)

load 0x4010f000, len 1384, room 16 
tail 8
chksum 0x2d
csum 0x2d
v8b899c12
~ld


7.04
 0h00:00.601 1970/01/01T08:00:00z: SPIFFS Active
 0h00:04.276 2026/05/05T22:31:37z: f0:24:f9:c6:75:f1
 0h00:04.278 2026/05/05T22:31:37z: SSID: wifi
1 BSEC warning code : 100

 ets Jan  8 2013,rst cause:1, boot mode:(3,6)

load 0x4010f000, len 1384, room 16 
tail 8
chksum 0x2d
csum 0x2d
v8b899c12
~ld


7.04
 0h00:00.556 1970/01/01T08:00:00z: SPIFFS Active
 0h00:04.231 2026/05/05T22:51:18z: f0:24:f9:c6:75:f1
 0h00:04.232 2026/05/05T22:51:18z: SSID: wifi
1 BSEC warning code : 100

 ets Jan  8 2013,rst cause:1, boot mode:(3,6)

load 0x4010f000, len 1384, room 16 
tail 8
chksum 0x2d
csum 0x2d
v8b899c12
~ld


7.04
 0h00:00.509 1970/01/01T08:00:00z: SPIFFS Active
 0h00:04.184 2026/05/05T23:10:59z: f0:24:f9:c6:75:f1
 0h00:04.186 2026/05/05T23:10:59z: SSID: wifi
1 BSEC warning code : 100

 ets Jan  8 2013,rst cause:1, boot mode:(3,6)

load 0x4010f000, len 1384, room 16 
tail 8
chksum 0x2d
csum 0x2d
v8b899c12
~ld


7.04
 0h00:00.509 1970/01/01T08:00:00z: SPIFFS Active
 0h00:04.184 2026/05/05T23:30:39z: f0:24:f9:c6:75:f1
 0h00:04.186 2026/05/05T23:30:39z: SSID: wifi
1 BSEC warning code : 100

1 BSEC warning code : 100

 ets Jan  8 2013,rst cause:1, boot mode:(3,6)

load 0x4010f000, len 1384, room 16 
tail 8
chksum 0x2d
csum 0x2d
v8b899c12
~ld


7.04
 0h00:00.499 1970/01/01T08:00:00z: SPIFFS Active
 0h00:04.174 2026/05/05T23:50:20z: f0:24:f9:c6:75:f1
 0h00:04.176 2026/05/05T23:50:20z: SSID: wifi
1 BSEC warning code : 100
