
 ets Jan  8 2013,rst cause:1, boot mode:(3,7)

load 0x4010f000, len 1384, room 16 
tail 8
chksum 0x2d
csum 0x2d
v8b899c12
~ld


7.04
 0h00:00.480 1970/01/01T08:00:00z: SPIFFS Active
 0h00:04.157 2026/06/18T00:17:36z: f0:24:f9:c6:e3:c5
 0h00:04.159 2026/06/18T00:17:36z: SSID: TEST-STA
1 BSEC warning code : 100

1 BSEC warning code : 100

 ets Jan  8 2013,rst cause:1, boot mode:(3,7)

load 0x4010f000, len 1384, room 16 
tail 8
chksum 0x2d
csum 0x2d
v8b899c12
~ld


7.04
 0h00:00.440 1970/01/01T08:00:00z: SPIFFS Active
 0h00:04.117 2026/06/18T00:37:17z: f0:24:f9:c6:e3:c5
 0h00:04.119 2026/06/18T00:37:17z: SSID: TEST-STA
1 BSEC warning code : 100

 ets Jan  8 2013,rst cause:1, boot mode:(3,7)

load 0x4010f000, len 1384, room 16 
tail 8
chksum 0x2d
csum 0x2d
v8b899c12
~ld


7.04
 0h00:00.447 1970/01/01T08:00:00z: SPIFFS Active
 0h00:04.124 2026/06/18T00:56:57z: f0:24:f9:c6:e3:c5
 0h00:04.125 2026/06/18T00:56:57z: SSID: TEST-STA
1 BSEC warning code : 100

 ets Jan  8 2013,rst cause:1, boot mode:(3,7)

load 0x4010f000, len 1384, room 16 
tail 8
chksum 0x2d
csum 0x2d
v8b899c12
~ld


7.04
 0h00:00.435 1970/01/01T08:00:00z: SPIFFS Active
 0h00:04.112 2026/06/18T01:16:38z: f0:24:f9:c6:e3:c5
 0h00:04.114 2026/06/18T01:16:38z: SSID: TEST-STA
1 BSEC warning code : 100

 ets Jan  8 2013,rst cause:1, boot mode:(3,7)

load 0x4010f000, len 1384, room 16 
tail 8
chksum 0x2d
csum 0x2d
v8b899c12
~ld


7.04
 0h00:00.480 1970/01/01T08:00:00z: SPIFFS Active
 0h00:04.157 2026/06/18T01:36:18z: f0:24:f9:c6:e3:c5
 0h00:04.158 2026/06/18T01:36:18z: SSID: TEST-STA
1 BSEC warning code : 100

1 BSEC warning code : 100

 ets Jan  8 2013,rst cause:1, boot mode:(3,7)

load 0x4010f000, len 1384, room 16 
tail 8
chksum 0x2d
csum 0x2d
v8b899c12
~ld


7.04
 0h00:00.510 1970/01/01T08:00:00z: SPIFFS Active
 0h00:04.186 2026/06/18T01:55:59z: f0:24:f9:c6:e3:c5
 0h00:04.188 2026/06/18T01:55:59z: SSID: TEST-STA
1 BSEC warning code : 100

 ets Jan  8 2013,rst cause:1, boot mode:(3,7)

load 0x4010f000, len 1384, room 16 
tail 8
chksum 0x2d
csum 0x2d
v8b899c12
~ld


7.04
 0h00:00.444 1970/01/01T08:00:00z: SPIFFS Active
 0h00:04.121 2026/06/18T02:15:39z: f0:24:f9:c6:e3:c5
 0h00:04.122 2026/06/18T02:15:39z: SSID: TEST-STA
1 BSEC warning code : 100

 ets Jan  8 2013,rst cause:1, boot mode:(3,7)

load 0x4010f000, len 1384, room 16 
tail 8
chksum 0x2d
csum 0x2d
v8b899c12
~ld


7.04
 0h00:00.444 1970/01/01T08:00:00z: SPIFFS Active
 0h00:04.121 2026/06/18T02:35:20z: f0:24:f9:c6:e3:c5
 0h00:04.123 2026/06/18T02:35:20z: SSID: TEST-STA
1 BSEC warning code : 100

 ets Jan  8 2013,rst cause:1, boot mode:(3,7)

load 0x4010f000, len 1384, room 16 
tail 8
chksum 0x2d
csum 0x2d
v8b899c12
~ld


7.04
 0h00:00.440 1970/01/01T08:00:00z: SPIFFS Active
 0h00:04.117 2026/06/18T02:55:00z: f0:24:f9:c6:e3:c5
 0h00:04.119 2026/06/18T02:55:00z: SSID: TEST-STA
1 BSEC warning code : 100

 ets Jan  8 2013,rst cause:1, boot mode:(3,7)

load 0x4010f000, len 1384, room 16 
tail 8
chksum 0x2d
csum 0x2d
v8b899c12
~ld


7.04
 0h00:00.518 1970/01/01T08:00:00z: SPIFFS Active
 0h00:04.195 2026/06/18T03:14:41z: f0:24:f9:c6:e3:c5
 0h00:04.197 2026/06/18T03:14:41z: SSID: TEST-STA
1 BSEC warning code : 100

1 BSEC warning code : 100

 ets Jan  8 2013,rst cause:1, boot mode:(3,7)

load 0x4010f000, len 1384, room 16 
tail 8
chksum 0x2d
csum 0x2d
v8b899c12
~ld


7.04
 0h00:00.478 1970/01/01T08:00:00z: SPIFFS Active
 0h00:04.155 2026/06/18T03:34:21z: f0:24:f9:c6:e3:c5
 0h00:04.156 2026/06/18T03:34:21z: SSID: TEST-STA
1 BSEC warning code : 100

1 BSEC warning code : 100

 ets Jan  8 2013,rst cause:1, boot mode:(3,7)

load 0x4010f000, len 1384, room 16 
tail 8
chksum 0x2d
csum 0x2d
v8b899c12
~ld


7.04
 0h00:00.437 1970/01/01T08:00:00z: SPIFFS Active
 0h00:04.114 2026/06/18T03:54:03z: f0:24:f9:c6:e3:c5
 0h00:04.115 2026/06/18T03:54:03z: SSID: TEST-STA
1 BSEC warning code : 100

 ets Jan  8 2013,rst cause:1, boot mode:(3,7)

load 0x4010f000, len 1384, room 16 
tail 8
chksum 0x2d
csum 0x2d
v8b899c12
~ld


7.04
 0h00:00.434 1970/01/01T08:00:00z: SPIFFS Active
 0h00:04.112 2026/06/18T04:13:44z: f0:24:f9:c6:e3:c5
 0h00:04.114 2026/06/18T04:13:44z: SSID: TEST-STA
1 BSEC warning code : 100

1 BSEC warning code : 100

 ets Jan  8 2013,rst cause:1, boot mode:(3,7)

load 0x4010f000, len 1384, room 16 
tail 8
chksum 0x2d
csum 0x2d
v8b899c12
~ld


7.04
 0h00:00.443 1970/01/01T08:00:00z: SPIFFS Active
 0h00:04.120 2026/06/18T04:33:24z: f0:24:f9:c6:e3:c5
 0h00:04.121 2026/06/18T04:33:24z: SSID: TEST-STA
1 BSEC warning code : 100

 ets Jan  8 2013,rst cause:1, boot mode:(3,7)

load 0x4010f000, len 1384, room 16 
tail 8
chksum 0x2d
csum 0x2d
v8b899c12
~ld


7.04
 0h00:00.446 1970/01/01T08:00:00z: SPIFFS Active
 0h00:04.123 2026/06/18T04:53:04z: f0:24:f9:c6:e3:c5
 0h00:04.125 2026/06/18T04:53:04z: SSID: TEST-STA
1 BSEC warning code : 100

 ets Jan  8 2013,rst cause:1, boot mode:(3,7)

load 0x4010f000, len 1384, room 16 
tail 8
chksum 0x2d
csum 0x2d
v8b899c12
~ld


7.04
 0h00:00.480 1970/01/01T08:00:00z: SPIFFS Active
 0h00:04.157 2026/06/18T05:12:45z: f0:24:f9:c6:e3:c5
 0h00:04.159 2026/06/18T05:12:45z: SSID: TEST-STA
1 BSEC warning code : 100

 ets Jan  8 2013,rst cause:1, boot mode:(3,7)

load 0x4010f000, len 1384, room 16 
tail 8
chksum 0x2d
csum 0x2d
v8b899c12
~ld


7.04
 0h00:00.477 1970/01/01T08:00:00z: SPIFFS Active
 0h00:04.155 2026/06/18T05:32:26z: f0:24:f9:c6:e3:c5
 0h00:04.156 2026/06/18T05:32:26z: SSID: TEST-STA
1 BSEC warning code : 100

1 BSEC warning code : 100

 ets Jan  8 2013,rst cause:1, boot mode:(3,7)

load 0x4010f000, len 1384, room 16 
tail 8
chksum 0x2d
csum 0x2d
v8b899c12
~ld


7.04
 0h00:00.444 1970/01/01T08:00:00z: SPIFFS Active
 0h00:04.122 2026/06/18T05:52:06z: f0:24:f9:c6:e3:c5
 0h00:04.123 2026/06/18T05:52:06z: SSID: TEST-STA
1 BSEC warning code : 100

 ets Jan  8 2013,rst cause:1, boot mode:(3,7)

load 0x4010f000, len 1384, room 16 
tail 8
chksum 0x2d
csum 0x2d
v8b899c12
~ld


7.04
 0h00:00.442 1970/01/01T08:00:00z: SPIFFS Active
 0h00:04.119 2026/06/18T06:11:47z: f0:24:f9:c6:e3:c5
 0h00:04.121 2026/06/18T06:11:47z: SSID: TEST-STA
1 BSEC warning code : 100

 ets Jan  8 2013,rst cause:1, boot mode:(3,7)

load 0x4010f000, len 1384, room 16 
tail 8
chksum 0x2d
csum 0x2d
v8b899c12
~ld


7.04
 0h00:00.482 1970/01/01T08:00:00z: SPIFFS Active
 0h00:04.159 2026/06/18T06:31:28z: f0:24:f9:c6:e3:c5
 0h00:04.161 2026/06/18T06:31:28z: SSID: TEST-STA
1 BSEC warning code : 100

 ets Jan  8 2013,rst cause:1, boot mode:(3,7)

load 0x4010f000, len 1384, room 16 
tail 8
chksum 0x2d
csum 0x2d
v8b899c12
~ld


7.04
 0h00:00.446 1970/01/01T08:00:00z: SPIFFS Active
 0h00:04.123 2026/06/18T06:51:09z: f0:24:f9:c6:e3:c5
 0h00:04.124 2026/06/18T06:51:09z: SSID: TEST-STA
1 BSEC warning code : 100

1 BSEC warning code : 100

 ets Jan  8 2013,rst cause:1, boot mode:(3,7)

load 0x4010f000, len 1384, room 16 
tail 8
chksum 0x2d
csum 0x2d
v8b899c12
~ld


7.04
 0h00:00.447 1970/01/01T08:00:00z: SPIFFS Active
 0h00:04.124 2026/06/18T07:10:49z: f0:24:f9:c6:e3:c5
 0h00:04.126 2026/06/18T07:10:49z: SSID: TEST-STA
1 BSEC warning code : 100

 ets Jan  8 2013,rst cause:1, boot mode:(3,7)

load 0x4010f000, len 1384, room 16 
tail 8
chksum 0x2d
csum 0x2d
v8b899c12
~ld


7.04
 0h00:00.453 1970/01/01T08:00:00z: SPIFFS Active
 0h00:04.130 2026/06/18T07:30:30z: f0:24:f9:c6:e3:c5
 0h00:04.132 2026/06/18T07:30:30z: SSID: TEST-STA
1 BSEC warning code : 100

1 BSEC warning code : 100

 ets Jan  8 2013,rst cause:1, boot mode:(3,7)

load 0x4010f000, len 1384, room 16 
tail 8
chksum 0x2d
csum 0x2d
v8b899c12
~ld


7.04
 0h00:00.443 1970/01/01T08:00:00z: SPIFFS Active
 0h00:04.120 2026/06/18T07:50:10z: f0:24:f9:c6:e3:c5
 0h00:04.122 2026/06/18T07:50:10z: SSID: TEST-STA
1 BSEC warning code : 100

 ets Jan  8 2013,rst cause:1, boot mode:(3,7)

load 0x4010f000, len 1384, room 16 
tail 8
chksum 0x2d
csum 0x2d
v8b899c12
~ld


7.04
 0h00:00.478 1970/01/01T08:00:00z: SPIFFS Active
 0h00:04.153 2026/06/18T08:09:51z: f0:24:f9:c6:e3:c5
 0h00:04.155 2026/06/18T08:09:51z: SSID: TEST-STA
1 BSEC warning code : 100

1 BSEC warning code : 100

 ets Jan  8 2013,rst cause:1, boot mode:(3,7)

load 0x4010f000, len 1384, room 16 
tail 8
chksum 0x2d
csum 0x2d
v8b899c12
~ld


7.04
 0h00:00.436 1970/01/01T08:00:00z: SPIFFS Active
 0h00:04.112 2026/06/18T08:29:32z: f0:24:f9:c6:e3:c5
 0h00:04.113 2026/06/18T08:29:32z: SSID: TEST-STA
1 BSEC warning code : 100

 ets Jan  8 2013,rst cause:1, boot mode:(3,7)

load 0x4010f000, len 1384, room 16 
tail 8
chksum 0x2d
csum 0x2d
v8b899c12
~ld


7.04
 0h00:00.448 1970/01/01T08:00:00z: SPIFFS Active
 0h00:04.123 2026/06/18T08:49:13z: f0:24:f9:c6:e3:c5
 0h00:04.125 2026/06/18T08:49:13z: SSID: TEST-STA
1 BSEC warning code : 100

 ets Jan  8 2013,rst cause:1, boot mode:(3,7)

load 0x4010f000, len 1384, room 16 
tail 8
chksum 0x2d
csum 0x2d
v8b899c12
~ld


7.04
 0h00:00.481 1970/01/01T08:00:00z: SPIFFS Active
 0h00:04.157 2026/06/18T09:08:53z: f0:24:f9:c6:e3:c5
 0h00:04.158 2026/06/18T09:08:53z: SSID: TEST-STA
1 BSEC warning code : 100

 ets Jan  8 2013,rst cause:1, boot mode:(3,7)

load 0x4010f000, len 1384, room 16 
tail 8
chksum 0x2d
csum 0x2d
v8b899c12
~ld


7.04
 0h00:00.447 1970/01/01T08:00:00z: SPIFFS Active
 0h00:04.122 2026/06/18T09:28:33z: f0:24:f9:c6:e3:c5
 0h00:04.124 2026/06/18T09:28:33z: SSID: TEST-STA
1 BSEC warning code : 100

 ets Jan  8 2013,rst cause:1, boot mode:(3,7)

load 0x4010f000, len 1384, room 16 
tail 8
chksum 0x2d
csum 0x2d
v8b899c12
~ld


7.04
 0h00:00.442 1970/01/01T08:00:00z: SPIFFS Active
 0h00:04.118 2026/06/18T09:48:14z: f0:24:f9:c6:e3:c5
 0h00:04.119 2026/06/18T09:48:14z: SSID: TEST-STA
1 BSEC warning code : 100

 ets Jan  8 2013,rst cause:1, boot mode:(3,7)

load 0x4010f000, len 1384, room 16 
tail 8
chksum 0x2d
csum 0x2d
v8b899c12
~ld


7.04
 0h00:00.445 1970/01/01T08:00:00z: SPIFFS Active
 0h00:04.121 2026/06/18T10:07:54z: f0:24:f9:c6:e3:c5
 0h00:04.122 2026/06/18T10:07:54z: SSID: TEST-STA
1 BSEC warning code : 100

 ets Jan  8 2013,rst cause:1, boot mode:(3,7)

load 0x4010f000, len 1384, room 16 
tail 8
chksum 0x2d
csum 0x2d
v8b899c12
~ld


7.04
 0h00:00.483 1970/01/01T08:00:00z: SPIFFS Active
 0h00:04.159 2026/06/18T10:27:35z: f0:24:f9:c6:e3:c5
 0h00:04.160 2026/06/18T10:27:35z: SSID: TEST-STA
1 BSEC warning code : 100

 ets Jan  8 2013,rst cause:1, boot mode:(3,7)

load 0x4010f000, len 1384, room 16 
tail 8
chksum 0x2d
csum 0x2d
v8b899c12
~ld


7.04
 0h00:00.483 1970/01/01T08:00:00z: SPIFFS Active
 0h00:04.158 2026/06/18T10:47:15z: f0:24:f9:c6:e3:c5
 0h00:04.160 2026/06/18T10:47:15z: SSID: TEST-STA
1 BSEC warning code : 100

 ets Jan  8 2013,rst cause:1, boot mode:(3,7)

load 0x4010f000, len 1384, room 16 
tail 8
chksum 0x2d
csum 0x2d
v8b899c12
~ld


7.04
 0h00:00.488 1970/01/01T08:00:00z: SPIFFS Active
 0h00:04.163 2026/06/18T11:06:56z: f0:24:f9:c6:e3:c5
 0h00:04.165 2026/06/18T11:06:56z: SSID: TEST-STA
1 BSEC warning code : 100

 ets Jan  8 2013,rst cause:1, boot mode:(3,7)

load 0x4010f000, len 1384, room 16 
tail 8
chksum 0x2d
csum 0x2d
v8b899c12
~ld


7.04
 0h00:00.443 1970/01/01T08:00:00z: SPIFFS Active
 0h00:04.118 2026/06/18T11:26:37z: f0:24:f9:c6:e3:c5
 0h00:04.120 2026/06/18T11:26:37z: SSID: TEST-STA
1 BSEC warning code : 100

 ets Jan  8 2013,rst cause:1, boot mode:(3,7)

load 0x4010f000, len 1384, room 16 
tail 8
chksum 0x2d
csum 0x2d
v8b899c12
~ld


7.04
 0h00:00.492 1970/01/01T08:00:00z: SPIFFS Active
 0h00:04.167 2026/06/18T11:46:18z: f0:24:f9:c6:e3:c5
 0h00:04.169 2026/06/18T11:46:18z: SSID: TEST-STA
1 BSEC warning code : 100

 ets Jan  8 2013,rst cause:1, boot mode:(3,7)

load 0x4010f000, len 1384, room 16 
tail 8
chksum 0x2d
csum 0x2d
v8b899c12
~ld


7.04
 0h00:00.479 1970/01/01T08:00:00z: SPIFFS Active
 0h00:04.155 2026/06/18T12:05:58z: f0:24:f9:c6:e3:c5
 0h00:04.156 2026/06/18T12:05:58z: SSID: TEST-STA
1 BSEC warning code : 100

 ets Jan  8 2013,rst cause:1, boot mode:(3,7)

load 0x4010f000, len 1384, room 16 
tail 8
chksum 0x2d
csum 0x2d
v8b899c12
~ld


7.04
 0h00:00.449 1970/01/01T08:00:00z: SPIFFS Active
 0h00:04.125 2026/06/18T12:25:39z: f0:24:f9:c6:e3:c5
 0h00:04.127 2026/06/18T12:25:39z: SSID: TEST-STA
1 BSEC warning code : 100

1 BSEC warning code : 100

 ets Jan  8 2013,rst cause:1, boot mode:(3,7)

load 0x4010f000, len 1384, room 16 
tail 8
chksum 0x2d
csum 0x2d
v8b899c12
~ld


7.04
 0h00:00.484 1970/01/01T08:00:00z: SPIFFS Active
 0h00:04.159 2026/06/18T12:45:19z: f0:24:f9:c6:e3:c5
 0h00:04.161 2026/06/18T12:45:19z: SSID: TEST-STA
1 BSEC warning code : 100

 ets Jan  8 2013,rst cause:1, boot mode:(3,7)

load 0x4010f000, len 1384, room 16 
tail 8
chksum 0x2d
csum 0x2d
v8b899c12
~ld


7.04
 0h00:00.447 1970/01/01T08:00:00z: SPIFFS Active
 0h00:04.123 2026/06/18T13:05:00z: f0:24:f9:c6:e3:c5
 0h00:04.125 2026/06/18T13:05:00z: SSID: TEST-STA
1 BSEC warning code : 100

1 BSEC warning code : 100

 ets Jan  8 2013,rst cause:1, boot mode:(3,7)

load 0x4010f000, len 1384, room 16 
tail 8
chksum 0x2d
csum 0x2d
v8b899c12
~ld


7.04
 0h00:00.441 1970/01/01T08:00:00z: SPIFFS Active
 0h00:04.117 2026/06/18T13:24:41z: f0:24:f9:c6:e3:c5
 0h00:04.118 2026/06/18T13:24:41z: SSID: TEST-STA
1 BSEC warning code : 100

1 BSEC warning code : 100

 ets Jan  8 2013,rst cause:1, boot mode:(3,7)

load 0x4010f000, len 1384, room 16 
tail 8
chksum 0x2d
csum 0x2d
v8b899c12
~ld


7.04
 0h00:00.474 1970/01/01T08:00:00z: SPIFFS Active
 0h00:04.150 2026/06/18T13:44:21z: f0:24:f9:c6:e3:c5
 0h00:04.151 2026/06/18T13:44:21z: SSID: TEST-STA
1 BSEC warning code : 100

1 BSEC warning code : 100

 ets Jan  8 2013,rst cause:1, boot mode:(3,7)

load 0x4010f000, len 1384, room 16 
tail 8
chksum 0x2d
csum 0x2d
v8b899c12
~ld


7.04
 0h00:00.481 1970/01/01T08:00:00z: SPIFFS Active
 0h00:04.157 2026/06/18T14:04:02z: f0:24:f9:c6:e3:c5
 0h00:04.159 2026/06/18T14:04:02z: SSID: TEST-STA
1 BSEC warning code : 100

1 BSEC warning code : 100

 ets Jan  8 2013,rst cause:1, boot mode:(3,7)

load 0x4010f000, len 1384, room 16 
tail 8
chksum 0x2d
csum 0x2d
v8b899c12
~ld


7.04
 0h00:00.493 1970/01/01T08:00:00z: SPIFFS Active
 0h00:04.169 2026/06/18T14:23:43z: f0:24:f9:c6:e3:c5
 0h00:04.170 2026/06/18T14:23:43z: SSID: TEST-STA
1 BSEC warning code : 100

1 BSEC warning code : 100

 ets Jan  8 2013,rst cause:1, boot mode:(3,7)

load 0x4010f000, len 1384, room 16 
tail 8
chksum 0x2d
csum 0x2d
v8b899c12
~ld


7.04
 0h00:00.445 1970/01/01T08:00:00z: SPIFFS Active
 0h00:04.121 2026/06/18T14:43:24z: f0:24:f9:c6:e3:c5
 0h00:04.123 2026/06/18T14:43:24z: SSID: TEST-STA
1 BSEC warning code : 100

 ets Jan  8 2013,rst cause:1, boot mode:(3,7)

load 0x4010f000, len 1384, room 16 
tail 8
chksum 0x2d
csum 0x2d
v8b899c12
~ld


7.04
 0h00:00.453 1970/01/01T08:00:00z: SPIFFS Active
 0h00:04.129 2026/06/18T15:03:04z: f0:24:f9:c6:e3:c5
 0h00:04.130 2026/06/18T15:03:04z: SSID: TEST-STA
1 BSEC warning code : 100

 ets Jan  8 2013,rst cause:1, boot mode:(3,7)

load 0x4010f000, len 1384, room 16 
tail 8
chksum 0x2d
csum 0x2d
v8b899c12
~ld


7.04
 0h00:00.446 1970/01/01T08:00:00z: SPIFFS Active
 0h00:04.123 2026/06/18T15:22:45z: f0:24:f9:c6:e3:c5
 0h00:04.124 2026/06/18T15:22:45z: SSID: TEST-STA
1 BSEC warning code : 100

 ets Jan  8 2013,rst cause:1, boot mode:(3,7)

load 0x4010f000, len 1384, room 16 
tail 8
chksum 0x2d
csum 0x2d
v8b899c12
~ld


7.04
 0h00:00.440 1970/01/01T08:00:00z: SPIFFS Active
 0h00:04.116 2026/06/18T15:42:25z: f0:24:f9:c6:e3:c5
 0h00:04.118 2026/06/18T15:42:25z: SSID: TEST-STA
1 BSEC warning code : 100

 ets Jan  8 2013,rst cause:1, boot mode:(3,7)

load 0x4010f000, len 1384, room 16 
tail 8
chksum 0x2d
csum 0x2d
v8b899c12
~ld


7.04
 0h00:00.484 1970/01/01T08:00:00z: SPIFFS Active
 0h00:04.160 2026/06/18T16:02:06z: f0:24:f9:c6:e3:c5
 0h00:04.162 2026/06/18T16:02:06z: SSID: TEST-STA
1 BSEC warning code : 100

1 BSEC warning code : 100

 ets Jan  8 2013,rst cause:1, boot mode:(3,7)

load 0x4010f000, len 1384, room 16 
tail 8
chksum 0x2d
csum 0x2d
v8b899c12
~ld


7.04
 0h00:00.454 1970/01/01T08:00:00z: SPIFFS Active
 0h00:04.130 2026/06/18T16:21:46z: f0:24:f9:c6:e3:c5
 0h00:04.131 2026/06/18T16:21:46z: SSID: TEST-STA
1 BSEC warning code : 100

 ets Jan  8 2013,rst cause:1, boot mode:(3,7)

load 0x4010f000, len 1384, room 16 
tail 8
chksum 0x2d
csum 0x2d
v8b899c12
~ld


7.04
 0h00:00.449 1970/01/01T08:00:00z: SPIFFS Active
 0h00:04.125 2026/06/18T16:41:27z: f0:24:f9:c6:e3:c5
 0h00:04.127 2026/06/18T16:41:27z: SSID: TEST-STA
1 BSEC warning code : 100

 ets Jan  8 2013,rst cause:1, boot mode:(3,7)

load 0x4010f000, len 1384, room 16 
tail 8
chksum 0x2d
csum 0x2d
v8b899c12
~ld


7.04
 0h00:00.451 1970/01/01T08:00:00z: SPIFFS Active
 0h00:04.127 2026/06/18T17:01:08z: f0:24:f9:c6:e3:c5
 0h00:04.128 2026/06/18T17:01:08z: SSID: TEST-STA
1 BSEC warning code : 100

 ets Jan  8 2013,rst cause:1, boot mode:(3,7)

load 0x4010f000, len 1384, room 16 
tail 8
chksum 0x2d
csum 0x2d
v8b899c12
~ld


7.04
 0h00:00.438 1970/01/01T08:00:00z: SPIFFS Active
 0h00:04.114 2026/06/18T17:20:48z: f0:24:f9:c6:e3:c5
 0h00:04.115 2026/06/18T17:20:48z: SSID: TEST-STA
1 BSEC warning code : 100

1 BSEC warning code : 100

 ets Jan  8 2013,rst cause:1, boot mode:(3,7)

load 0x4010f000, len 1384, room 16 
tail 8
chksum 0x2d
csum 0x2d
v8b899c12
~ld


7.04
 0h00:00.483 1970/01/01T08:00:00z: SPIFFS Active
 0h00:04.159 2026/06/18T17:40:29z: f0:24:f9:c6:e3:c5
 0h00:04.160 2026/06/18T17:40:29z: SSID: TEST-STA
1 BSEC warning code : 100

 ets Jan  8 2013,rst cause:1, boot mode:(3,7)

load 0x4010f000, len 1384, room 16 
tail 8
chksum 0x2d
csum 0x2d
v8b899c12
~ld


7.04
 0h00:00.448 1970/01/01T08:00:00z: SPIFFS Active
 0h00:04.125 2026/06/18T18:00:09z: f0:24:f9:c6:e3:c5
 0h00:04.127 2026/06/18T18:00:09z: SSID: TEST-STA
1 BSEC warning code : 100

 ets Jan  8 2013,rst cause:1, boot mode:(3,7)

load 0x4010f000, len 1384, room 16 
tail 8
chksum 0x2d
csum 0x2d
v8b899c12
~ld


7.04
 0h00:00.443 1970/01/01T08:00:00z: SPIFFS Active
 0h00:04.120 2026/06/18T18:19:50z: f0:24:f9:c6:e3:c5
 0h00:04.122 2026/06/18T18:19:50z: SSID: TEST-STA
1 BSEC warning code : 100

 ets Jan  8 2013,rst cause:1, boot mode:(3,7)

load 0x4010f000, len 1384, room 16 
tail 8
chksum 0x2d
csum 0x2d
v8b899c12
~ld


7.04
 0h00:00.444 1970/01/01T08:00:00z: SPIFFS Active
 0h00:04.121 2026/06/18T18:39:31z: f0:24:f9:c6:e3:c5
 0h00:04.122 2026/06/18T18:39:31z: SSID: TEST-STA
1 BSEC warning code : 100

 ets Jan  8 2013,rst cause:1, boot mode:(3,7)

load 0x4010f000, len 1384, room 16 
tail 8
chksum 0x2d
csum 0x2d
v8b899c12
~ld


7.04
 0h00:00.437 1970/01/01T08:00:00z: SPIFFS Active
 0h00:04.114 2026/06/18T18:59:11z: f0:24:f9:c6:e3:c5
 0h00:04.116 2026/06/18T18:59:11z: SSID: TEST-STA
1 BSEC warning code : 100

 ets Jan  8 2013,rst cause:1, boot mode:(3,7)

load 0x4010f000, len 1384, room 16 
tail 8
chksum 0x2d
csum 0x2d
v8b899c12
~ld


7.04
 0h00:00.447 1970/01/01T08:00:00z: SPIFFS Active
 0h00:04.123 2026/06/18T19:18:52z: f0:24:f9:c6:e3:c5
 0h00:04.125 2026/06/18T19:18:52z: SSID: TEST-STA
1 BSEC warning code : 100

 ets Jan  8 2013,rst cause:1, boot mode:(3,7)

load 0x4010f000, len 1384, room 16 
tail 8
chksum 0x2d
csum 0x2d
v8b899c12
~ld


7.04
 0h00:00.443 1970/01/01T08:00:00z: SPIFFS Active
 0h00:04.119 2026/06/18T19:38:32z: f0:24:f9:c6:e3:c5
 0h00:04.120 2026/06/18T19:38:32z: SSID: TEST-STA
1 BSEC warning code : 100

 ets Jan  8 2013,rst cause:1, boot mode:(3,7)

load 0x4010f000, len 1384, room 16 
tail 8
chksum 0x2d
csum 0x2d
v8b899c12
~ld


7.04
 0h00:00.444 1970/01/01T08:00:00z: SPIFFS Active
 0h00:04.121 2026/06/18T19:58:13z: f0:24:f9:c6:e3:c5
 0h00:04.122 2026/06/18T19:58:13z: SSID: TEST-STA
1 BSEC warning code : 100

 ets Jan  8 2013,rst cause:1, boot mode:(3,7)

load 0x4010f000, len 1384, room 16 
tail 8
chksum 0x2d
csum 0x2d
v8b899c12
~ld


7.04
 0h00:00.443 1970/01/01T08:00:00z: SPIFFS Active
 0h00:04.119 2026/06/18T20:17:53z: f0:24:f9:c6:e3:c5
 0h00:04.120 2026/06/18T20:17:53z: SSID: TEST-STA
1 BSEC warning code : 100

1 BSEC warning code : 100

 ets Jan  8 2013,rst cause:1, boot mode:(3,7)

load 0x4010f000, len 1384, room 16 
tail 8
chksum 0x2d
csum 0x2d
v8b899c12
~ld


7.04
 0h00:00.480 1970/01/01T08:00:00z: SPIFFS Active
 0h00:04.156 2026/06/18T20:37:34z: f0:24:f9:c6:e3:c5
 0h00:04.158 2026/06/18T20:37:34z: SSID: TEST-STA
1 BSEC warning code : 100

 ets Jan  8 2013,rst cause:1, boot mode:(3,7)

load 0x4010f000, len 1384, room 16 
tail 8
chksum 0x2d
csum 0x2d
v8b899c12
~ld


7.04
 0h00:00.446 1970/01/01T08:00:00z: SPIFFS Active
 0h00:04.122 2026/06/18T20:57:14z: f0:24:f9:c6:e3:c5
 0h00:04.124 2026/06/18T20:57:14z: SSID: TEST-STA
1 BSEC warning code : 100

1 BSEC warning code : 100

 ets Jan  8 2013,rst cause:1, boot mode:(3,7)

load 0x4010f000, len 1384, room 16 
tail 8
chksum 0x2d
csum 0x2d
v8b899c12
~ld


7.04
 0h00:00.476 1970/01/01T08:00:00z: SPIFFS Active
 0h00:04.152 2026/06/18T21:16:55z: f0:24:f9:c6:e3:c5
 0h00:04.153 2026/06/18T21:16:55z: SSID: TEST-STA
1 BSEC warning code : 100

 ets Jan  8 2013,rst cause:1, boot mode:(3,7)

load 0x4010f000, len 1384, room 16 
tail 8
chksum 0x2d
csum 0x2d
v8b899c12
~ld


7.04
 0h00:00.449 1970/01/01T08:00:00z: SPIFFS Active
 0h00:04.126 2026/06/18T21:36:35z: f0:24:f9:c6:e3:c5
 0h00:04.127 2026/06/18T21:36:35z: SSID: TEST-STA
1 BSEC warning code : 100

1 BSEC warning code : 100

 ets Jan  8 2013,rst cause:1, boot mode:(3,7)

load 0x4010f000, len 1384, room 16 
tail 8
chksum 0x2d
csum 0x2d
v8b899c12
~ld


7.04
 0h00:00.482 1970/01/01T08:00:00z: SPIFFS Active
 0h00:04.158 2026/06/18T21:56:16z: f0:24:f9:c6:e3:c5
 0h00:04.160 2026/06/18T21:56:16z: SSID: TEST-STA
1 BSEC warning code : 100

 ets Jan  8 2013,rst cause:1, boot mode:(3,7)

load 0x4010f000, len 1384, room 16 
tail 8
chksum 0x2d
csum 0x2d
v8b899c12
~ld


7.04
 0h00:00.487 1970/01/01T08:00:00z: SPIFFS Active
 0h00:04.163 2026/06/18T22:15:57z: f0:24:f9:c6:e3:c5
 0h00:04.165 2026/06/18T22:15:57z: SSID: TEST-STA
1 BSEC warning code : 100

 ets Jan  8 2013,rst cause:1, boot mode:(3,7)

load 0x4010f000, len 1384, room 16 
tail 8
chksum 0x2d
csum 0x2d
v8b899c12
~ld


7.04
 0h00:00.447 1970/01/01T08:00:00z: SPIFFS Active
 0h00:04.123 2026/06/18T22:35:38z: f0:24:f9:c6:e3:c5
 0h00:04.125 2026/06/18T22:35:38z: SSID: TEST-STA
1 BSEC warning code : 100

 ets Jan  8 2013,rst cause:1, boot mode:(3,7)

load 0x4010f000, len 1384, room 16 
tail 8
chksum 0x2d
csum 0x2d
v8b899c12
~ld


7.04
 0h00:00.447 1970/01/01T08:00:00z: SPIFFS Active
 0h00:04.123 2026/06/18T22:55:19z: f0:24:f9:c6:e3:c5
 0h00:04.125 2026/06/18T22:55:19z: SSID: TEST-STA
1 BSEC warning code : 100

 ets Jan  8 2013,rst cause:1, boot mode:(3,7)

load 0x4010f000, len 1384, room 16 
tail 8
chksum 0x2d
csum 0x2d
v8b899c12
~ld


7.04
 0h00:00.441 1970/01/01T08:00:00z: SPIFFS Active
 0h00:04.117 2026/06/18T23:14:59z: f0:24:f9:c6:e3:c5
 0h00:04.119 2026/06/18T23:14:59z: SSID: TEST-STA
1 BSEC warning code : 100

 ets Jan  8 2013,rst cause:1, boot mode:(3,7)

load 0x4010f000, len 1384, room 16 
tail 8
chksum 0x2d
csum 0x2d
v8b899c12
~ld


7.04
 0h00:00.442 1970/01/01T08:00:00z: SPIFFS Active
 0h00:04.118 2026/06/18T23:34:40z: f0:24:f9:c6:e3:c5
 0h00:04.119 2026/06/18T23:34:40z: SSID: TEST-STA
1 BSEC warning code : 100

 ets Jan  8 2013,rst cause:1, boot mode:(3,7)

load 0x4010f000, len 1384, room 16 
tail 8
chksum 0x2d
csum 0x2d
v8b899c12
~ld


7.04
 0h00:00.446 1970/01/01T08:00:00z: SPIFFS Active
 0h00:04.122 2026/06/18T23:54:21z: f0:24:f9:c6:e3:c5
 0h00:04.124 2026/06/18T23:54:21z: SSID: TEST-STA
1 BSEC warning code : 100
