
1 BSEC warning code : 100

 ets Jan  8 2013,rst cause:1, boot mode:(3,7)

load 0x4010f000, len 1384, room 16 
tail 8
chksum 0x2d
csum 0x2d
v8b899c12
~ld


7.04
 0h00:00.546 1970/01/01T08:00:00z: SPIFFS Active
 0h00:04.223 2026/06/01T00:00:34z: f0:24:f9:c6:c8:85
 0h00:04.224 2026/06/01T00:00:34z: SSID: TEST-STA
1 BSEC warning code : 100

 ets Jan  8 2013,rst cause:1, boot mode:(3,7)

load 0x4010f000, len 1384, room 16 
tail 8
chksum 0x2d
csum 0x2d
v8b899c12
~ld


7.04
 0h00:00.549 1970/01/01T08:00:00z: SPIFFS Active
 0h00:04.226 2026/06/01T00:20:15z: f0:24:f9:c6:c8:85
 0h00:04.227 2026/06/01T00:20:15z: SSID: TEST-STA
1 BSEC warning code : 100

 ets Jan  8 2013,rst cause:1, boot mode:(3,7)

load 0x4010f000, len 1384, room 16 
tail 8
chksum 0x2d
csum 0x2d
v8b899c12
~ld


7.04
 0h00:00.541 1970/01/01T08:00:00z: SPIFFS Active
 0h00:04.218 2026/06/01T00:39:56z: f0:24:f9:c6:c8:85
 0h00:04.220 2026/06/01T00:39:56z: SSID: TEST-STA
1 BSEC warning code : 100

 ets Jan  8 2013,rst cause:1, boot mode:(3,7)

load 0x4010f000, len 1384, room 16 
tail 8
chksum 0x2d
csum 0x2d
v8b899c12
~ld


7.04
 0h00:00.503 1970/01/01T08:00:00z: SPIFFS Active
 0h00:04.180 2026/06/01T00:59:37z: f0:24:f9:c6:c8:85
 0h00:04.182 2026/06/01T00:59:37z: SSID: TEST-STA
1 BSEC warning code : 100

 ets Jan  8 2013,rst cause:1, boot mode:(3,7)

load 0x4010f000, len 1384, room 16 
tail 8
chksum 0x2d
csum 0x2d
v8b899c12
~ld


7.04
 0h00:00.553 1970/01/01T08:00:00z: SPIFFS Active
 0h00:04.230 2026/06/01T01:19:18z: f0:24:f9:c6:c8:85
 0h00:04.232 2026/06/01T01:19:18z: SSID: TEST-STA
1 BSEC warning code : 100

 ets Jan  8 2013,rst cause:1, boot mode:(3,7)

load 0x4010f000, len 1384, room 16 
tail 8
chksum 0x2d
csum 0x2d
v8b899c12
~ld


7.04
 0h00:00.510 1970/01/01T08:00:00z: SPIFFS Active
 0h00:04.187 2026/06/01T01:38:58z: f0:24:f9:c6:c8:85
 0h00:04.188 2026/06/01T01:38:58z: SSID: TEST-STA
1 BSEC warning code : 100

1 BSEC warning code : 100

 ets Jan  8 2013,rst cause:1, boot mode:(3,7)

load 0x4010f000, len 1384, room 16 
tail 8
chksum 0x2d
csum 0x2d
v8b899c12
~ld


7.04
 0h00:00.517 1970/01/01T08:00:00z: SPIFFS Active
 0h00:04.195 2026/06/01T01:58:38z: f0:24:f9:c6:c8:85
 0h00:04.196 2026/06/01T01:58:38z: SSID: TEST-STA
1 BSEC warning code : 100

 ets Jan  8 2013,rst cause:1, boot mode:(3,7)

load 0x4010f000, len 1384, room 16 
tail 8
chksum 0x2d
csum 0x2d
v8b899c12
~ld


7.04
 0h00:00.507 1970/01/01T08:00:00z: SPIFFS Active
 0h00:04.184 2026/06/01T02:18:19z: f0:24:f9:c6:c8:85
 0h00:04.185 2026/06/01T02:18:19z: SSID: TEST-STA
1 BSEC warning code : 100

 ets Jan  8 2013,rst cause:1, boot mode:(3,7)

load 0x4010f000, len 1384, room 16 
tail 8
chksum 0x2d
csum 0x2d
v8b899c12
~ld


7.04
 0h00:00.505 1970/01/01T08:00:00z: SPIFFS Active
 0h00:04.183 2026/06/01T02:37:59z: f0:24:f9:c6:c8:85
 0h00:04.184 2026/06/01T02:37:59z: SSID: TEST-STA
1 BSEC warning code : 100

 ets Jan  8 2013,rst cause:1, boot mode:(3,7)

load 0x4010f000, len 1384, room 16 
tail 8
chksum 0x2d
csum 0x2d
v8b899c12
~ld


7.04
 0h00:00.566 1970/01/01T08:00:00z: SPIFFS Active
 0h00:04.243 2026/06/01T02:57:40z: f0:24:f9:c6:c8:85
 0h00:04.245 2026/06/01T02:57:40z: SSID: TEST-STA
1 BSEC warning code : 100

 ets Jan  8 2013,rst cause:1, boot mode:(3,7)

load 0x4010f000, len 1384, room 16 
tail 8
chksum 0x2d
csum 0x2d
v8b899c12
~ld


7.04
 0h00:00.619 1970/01/01T08:00:00z: SPIFFS Active
 0h00:04.297 2026/06/01T03:17:20z: f0:24:f9:c6:c8:85
 0h00:04.298 2026/06/01T03:17:20z: SSID: TEST-STA
1 BSEC warning code : 100

1 BSEC warning code : 100

 ets Jan  8 2013,rst cause:1, boot mode:(3,7)

load 0x4010f000, len 1384, room 16 
tail 8
chksum 0x2d
csum 0x2d
v8b899c12
~ld


7.04
 0h00:00.513 1970/01/01T08:00:00z: SPIFFS Active
 0h00:04.190 2026/06/01T03:37:01z: f0:24:f9:c6:c8:85
 0h00:04.192 2026/06/01T03:37:01z: SSID: TEST-STA
1 BSEC warning code : 100

 ets Jan  8 2013,rst cause:1, boot mode:(3,7)

load 0x4010f000, len 1384, room 16 
tail 8
chksum 0x2d
csum 0x2d
v8b899c12
~ld


7.04
 0h00:00.567 1970/01/01T08:00:00z: SPIFFS Active
 0h00:04.244 2026/06/01T03:56:42z: f0:24:f9:c6:c8:85
 0h00:04.245 2026/06/01T03:56:42z: SSID: TEST-STA
1 BSEC warning code : 100

 ets Jan  8 2013,rst cause:1, boot mode:(3,7)

load 0x4010f000, len 1384, room 16 
tail 8
chksum 0x2d
csum 0x2d
v8b899c12
~ld


7.04
 0h00:00.552 1970/01/01T08:00:00z: SPIFFS Active
 0h00:04.230 2026/06/01T04:16:22z: f0:24:f9:c6:c8:85
 0h00:04.231 2026/06/01T04:16:22z: SSID: TEST-STA
1 BSEC warning code : 100

 ets Jan  8 2013,rst cause:1, boot mode:(3,7)

load 0x4010f000, len 1384, room 16 
tail 8
chksum 0x2d
csum 0x2d
v8b899c12
~ld


7.04
 0h00:00.614 1970/01/01T08:00:00z: SPIFFS Active
 0h00:04.291 2026/06/01T04:36:03z: f0:24:f9:c6:c8:85
 0h00:04.293 2026/06/01T04:36:03z: SSID: TEST-STA
1 BSEC warning code : 100

 ets Jan  8 2013,rst cause:1, boot mode:(3,7)

load 0x4010f000, len 1384, room 16 
tail 8
chksum 0x2d
csum 0x2d
v8b899c12
~ld


7.04
 0h00:00.516 1970/01/01T08:00:00z: SPIFFS Active
 0h00:04.194 2026/06/01T04:55:44z: f0:24:f9:c6:c8:85
 0h00:04.195 2026/06/01T04:55:44z: SSID: TEST-STA
1 BSEC warning code : 100

1 BSEC warning code : 100

 ets Jan  8 2013,rst cause:1, boot mode:(3,7)

load 0x4010f000, len 1384, room 16 
tail 8
chksum 0x2d
csum 0x2d
v8b899c12
~ld


7.04
 0h00:00.507 1970/01/01T08:00:00z: SPIFFS Active
 0h00:04.182 2026/06/01T05:15:25z: f0:24:f9:c6:c8:85
 0h00:04.183 2026/06/01T05:15:25z: SSID: TEST-STA
1 BSEC warning code : 100

 ets Jan  8 2013,rst cause:1, boot mode:(3,7)

load 0x4010f000, len 1384, room 16 
tail 8
chksum 0x2d
csum 0x2d
v8b899c12
~ld


7.04
 0h00:00.510 1970/01/01T08:00:00z: SPIFFS Active
 0h00:04.186 2026/06/01T05:35:06z: f0:24:f9:c6:c8:85
 0h00:04.187 2026/06/01T05:35:06z: SSID: TEST-STA
1 BSEC warning code : 100

1 BSEC warning code : 100

 ets Jan  8 2013,rst cause:1, boot mode:(3,7)

load 0x4010f000, len 1384, room 16 
tail 8
chksum 0x2d
csum 0x2d
v8b899c12
~ld


7.04
 0h00:00.555 1970/01/01T08:00:00z: SPIFFS Active
 0h00:04.231 2026/06/01T05:54:47z: f0:24:f9:c6:c8:85
 0h00:04.232 2026/06/01T05:54:47z: SSID: TEST-STA
1 BSEC warning code : 100

1 BSEC warning code : 100

 ets Jan  8 2013,rst cause:1, boot mode:(3,7)

load 0x4010f000, len 1384, room 16 
tail 8
chksum 0x2d
csum 0x2d
v8b899c12
~ld


7.04
 0h00:00.562 1970/01/01T08:00:00z: SPIFFS Active
 0h00:04.237 2026/06/01T06:14:27z: f0:24:f9:c6:c8:85
 0h00:04.239 2026/06/01T06:14:27z: SSID: TEST-STA
1 BSEC warning code : 100

 ets Jan  8 2013,rst cause:1, boot mode:(3,7)

load 0x4010f000, len 1384, room 16 
tail 8
chksum 0x2d
csum 0x2d
v8b899c12
~ld


7.04
 0h00:00.563 1970/01/01T08:00:00z: SPIFFS Active
 0h00:04.239 2026/06/01T06:34:07z: f0:24:f9:c6:c8:85
 0h00:04.241 2026/06/01T06:34:07z: SSID: TEST-STA
1 BSEC warning code : 100

1 BSEC warning code : 100

 ets Jan  8 2013,rst cause:1, boot mode:(3,7)

load 0x4010f000, len 1384, room 16 
tail 8
chksum 0x2d
csum 0x2d
v8b899c12
~ld


7.04
 0h00:00.553 1970/01/01T08:00:00z: SPIFFS Active
 0h00:04.228 2026/06/01T06:53:48z: f0:24:f9:c6:c8:85
 0h00:04.230 2026/06/01T06:53:48z: SSID: TEST-STA
1 BSEC warning code : 100

 ets Jan  8 2013,rst cause:1, boot mode:(3,7)

load 0x4010f000, len 1384, room 16 
tail 8
chksum 0x2d
csum 0x2d
v8b899c12
~ld


7.04
 0h00:00.501 1970/01/01T08:00:00z: SPIFFS Active
 0h00:04.176 2026/06/01T07:13:29z: f0:24:f9:c6:c8:85
 0h00:04.178 2026/06/01T07:13:29z: SSID: TEST-STA
1 BSEC warning code : 100

 ets Jan  8 2013,rst cause:1, boot mode:(3,7)

load 0x4010f000, len 1384, room 16 
tail 8
chksum 0x2d
csum 0x2d
v8b899c12
~ld


7.04
 0h00:00.557 1970/01/01T08:00:00z: SPIFFS Active
 0h00:04.232 2026/06/01T07:33:10z: f0:24:f9:c6:c8:85
 0h00:04.234 2026/06/01T07:33:10z: SSID: TEST-STA
1 BSEC warning code : 100

1 BSEC warning code : 100

 ets Jan  8 2013,rst cause:1, boot mode:(3,7)

load 0x4010f000, len 1384, room 16 
tail 8
chksum 0x2d
csum 0x2d
v8b899c12
~ld


7.04
 0h00:00.506 1970/01/01T08:00:00z: SPIFFS Active
 0h00:04.182 2026/06/01T07:52:51z: f0:24:f9:c6:c8:85
 0h00:04.183 2026/06/01T07:52:51z: SSID: TEST-STA
1 BSEC warning code : 100

 ets Jan  8 2013,rst cause:1, boot mode:(3,7)

load 0x4010f000, len 1384, room 16 
tail 8
chksum 0x2d
csum 0x2d
v8b899c12
~ld


7.04
 0h00:00.512 1970/01/01T08:00:00z: SPIFFS Active
 0h00:04.187 2026/06/01T08:12:31z: f0:24:f9:c6:c8:85
 0h00:04.189 2026/06/01T08:12:31z: SSID: TEST-STA
1 BSEC warning code : 100

1 BSEC warning code : 100

 ets Jan  8 2013,rst cause:1, boot mode:(3,7)

load 0x4010f000, len 1384, room 16 
tail 8
chksum 0x2d
csum 0x2d
v8b899c12
~ld


7.04
 0h00:00.514 1970/01/01T08:00:00z: SPIFFS Active
 0h00:04.189 2026/06/01T08:32:11z: f0:24:f9:c6:c8:85
 0h00:04.191 2026/06/01T08:32:11z: SSID: TEST-STA
1 BSEC warning code : 100

1 BSEC warning code : 100

 ets Jan  8 2013,rst cause:1, boot mode:(3,7)

load 0x4010f000, len 1384, room 16 
tail 8
chksum 0x2d
csum 0x2d
v8b899c12
~ld


7.04
 0h00:00.515 1970/01/01T08:00:00z: SPIFFS Active
 0h00:04.191 2026/06/01T08:51:52z: f0:24:f9:c6:c8:85
 0h00:04.192 2026/06/01T08:51:52z: SSID: TEST-STA
1 BSEC warning code : 100

 ets Jan  8 2013,rst cause:1, boot mode:(3,7)

load 0x4010f000, len 1384, room 16 
tail 8
chksum 0x2d
csum 0x2d
v8b899c12
~ld


7.04
 0h00:00.559 1970/01/01T08:00:00z: SPIFFS Active
 0h00:04.235 2026/06/01T09:11:33z: f0:24:f9:c6:c8:85
 0h00:04.236 2026/06/01T09:11:33z: SSID: TEST-STA
1 BSEC warning code : 100

 ets Jan  8 2013,rst cause:1, boot mode:(3,7)

load 0x4010f000, len 1384, room 16 
tail 8
chksum 0x2d
csum 0x2d
v8b899c12
~ld


7.04
 0h00:00.508 1970/01/01T08:00:00z: SPIFFS Active
 0h00:04.184 2026/06/01T09:31:14z: f0:24:f9:c6:c8:85
 0h00:04.185 2026/06/01T09:31:14z: SSID: TEST-STA
1 BSEC warning code : 100

1 BSEC warning code : 100

 ets Jan  8 2013,rst cause:1, boot mode:(3,7)

load 0x4010f000, len 1384, room 16 
tail 8
chksum 0x2d
csum 0x2d
v8b899c12
~ld


7.04
 0h00:00.565 1970/01/01T08:00:00z: SPIFFS Active
 0h00:04.241 2026/06/01T09:50:55z: f0:24:f9:c6:c8:85
 0h00:04.242 2026/06/01T09:50:55z: SSID: TEST-STA
1 BSEC warning code : 100

 ets Jan  8 2013,rst cause:1, boot mode:(3,7)

load 0x4010f000, len 1384, room 16 
tail 8
chksum 0x2d
csum 0x2d
v8b899c12
~ld


7.04
 0h00:00.565 1970/01/01T08:00:00z: SPIFFS Active
 0h00:04.241 2026/06/01T10:10:36z: f0:24:f9:c6:c8:85
 0h00:04.242 2026/06/01T10:10:36z: SSID: TEST-STA
1 BSEC warning code : 100

 ets Jan  8 2013,rst cause:1, boot mode:(3,7)

load 0x4010f000, len 1384, room 16 
tail 8
chksum 0x2d
csum 0x2d
v8b899c12
~ld


7.04
 0h00:00.668 1970/01/01T08:00:00z: SPIFFS Active
 0h00:04.344 2026/06/01T10:30:17z: f0:24:f9:c6:c8:85
 0h00:04.346 2026/06/01T10:30:17z: SSID: TEST-STA
1 BSEC warning code : 100

 ets Jan  8 2013,rst cause:1, boot mode:(3,7)

load 0x4010f000, len 1384, room 16 
tail 8
chksum 0x2d
csum 0x2d
v8b899c12
~ld


7.04
 0h00:00.520 1970/01/01T08:00:00z: SPIFFS Active
 0h00:04.196 2026/06/01T10:49:57z: f0:24:f9:c6:c8:85
 0h00:04.198 2026/06/01T10:49:57z: SSID: TEST-STA
1 BSEC warning code : 100

 ets Jan  8 2013,rst cause:1, boot mode:(3,7)

load 0x4010f000, len 1384, room 16 
tail 8
chksum 0x2d
csum 0x2d
v8b899c12
~ld


7.04
 0h00:00.571 1970/01/01T08:00:00z: SPIFFS Active
 0h00:04.247 2026/06/01T11:09:38z: f0:24:f9:c6:c8:85
 0h00:04.249 2026/06/01T11:09:38z: SSID: TEST-STA
1 BSEC warning code : 100

1 BSEC warning code : 100

 ets Jan  8 2013,rst cause:1, boot mode:(3,7)

load 0x4010f000, len 1384, room 16 
tail 8
chksum 0x2d
csum 0x2d
v8b899c12
~ld


7.04
 0h00:00.609 1970/01/01T08:00:00z: SPIFFS Active
 0h00:04.285 2026/06/01T11:29:19z: f0:24:f9:c6:c8:85
 0h00:04.287 2026/06/01T11:29:19z: SSID: TEST-STA
1 BSEC warning code : 100

 ets Jan  8 2013,rst cause:1, boot mode:(3,7)

load 0x4010f000, len 1384, room 16 
tail 8
chksum 0x2d
csum 0x2d
v8b899c12
~ld


7.04
 0h00:00.523 1970/01/01T08:00:00z: SPIFFS Active
 0h00:04.199 2026/06/01T11:49:00z: f0:24:f9:c6:c8:85
 0h00:04.200 2026/06/01T11:49:00z: SSID: TEST-STA
1 BSEC warning code : 100

1 BSEC warning code : 100

 ets Jan  8 2013,rst cause:1, boot mode:(3,7)

load 0x4010f000, len 1384, room 16 
tail 8
chksum 0x2d
csum 0x2d
v8b899c12
~ld


7.04
 0h00:00.510 1970/01/01T08:00:00z: SPIFFS Active
 0h00:04.186 2026/06/01T12:08:41z: f0:24:f9:c6:c8:85
 0h00:04.187 2026/06/01T12:08:41z: SSID: TEST-STA
1 BSEC warning code : 100

 ets Jan  8 2013,rst cause:1, boot mode:(3,7)

load 0x4010f000, len 1384, room 16 
tail 8
chksum 0x2d
csum 0x2d
v8b899c12
~ld


7.04
 0h00:00.510 1970/01/01T08:00:00z: SPIFFS Active
 0h00:04.187 2026/06/01T12:28:22z: f0:24:f9:c6:c8:85
 0h00:04.189 2026/06/01T12:28:22z: SSID: TEST-STA
1 BSEC warning code : 100

 ets Jan  8 2013,rst cause:1, boot mode:(3,7)

load 0x4010f000, len 1384, room 16 
tail 8
chksum 0x2d
csum 0x2d
v8b899c12
~ld


7.04
 0h00:00.559 1970/01/01T08:00:00z: SPIFFS Active
 0h00:04.236 2026/06/01T12:48:03z: f0:24:f9:c6:c8:85
 0h00:04.238 2026/06/01T12:48:03z: SSID: TEST-STA
1 BSEC warning code : 100

1 BSEC warning code : 100

 ets Jan  8 2013,rst cause:1, boot mode:(3,7)

load 0x4010f000, len 1384, room 16 
tail 8
chksum 0x2d
csum 0x2d
v8b899c12
~ld


7.04
 0h00:00.518 1970/01/01T08:00:00z: SPIFFS Active
 0h00:04.195 2026/06/01T13:07:44z: f0:24:f9:c6:c8:85
 0h00:04.197 2026/06/01T13:07:44z: SSID: TEST-STA
1 BSEC warning code : 100

1 BSEC warning code : 100

 ets Jan  8 2013,rst cause:1, boot mode:(3,7)

load 0x4010f000, len 1384, room 16 
tail 8
chksum 0x2d
csum 0x2d
v8b899c12
~ld


7.04
 0h00:00.599 1970/01/01T08:00:00z: SPIFFS Active
 0h00:04.276 2026/06/01T13:27:25z: f0:24:f9:c6:c8:85
 0h00:04.278 2026/06/01T13:27:25z: SSID: TEST-STA
1 BSEC warning code : 100

 ets Jan  8 2013,rst cause:1, boot mode:(3,7)

load 0x4010f000, len 1384, room 16 
tail 8
chksum 0x2d
csum 0x2d
v8b899c12
~ld


7.04
 0h00:00.552 1970/01/01T08:00:00z: SPIFFS Active
 0h00:04.228 2026/06/01T13:47:06z: f0:24:f9:c6:c8:85
 0h00:04.229 2026/06/01T13:47:06z: SSID: TEST-STA
1 BSEC warning code : 100

 ets Jan  8 2013,rst cause:1, boot mode:(3,7)

load 0x4010f000, len 1384, room 16 
tail 8
chksum 0x2d
csum 0x2d
v8b899c12
~ld


7.04
 0h00:00.552 1970/01/01T08:00:00z: SPIFFS Active
 0h00:04.228 2026/06/01T14:06:47z: f0:24:f9:c6:c8:85
 0h00:04.229 2026/06/01T14:06:47z: SSID: TEST-STA
1 BSEC warning code : 100

 ets Jan  8 2013,rst cause:1, boot mode:(3,7)

load 0x4010f000, len 1384, room 16 
tail 8
chksum 0x2d
csum 0x2d
v8b899c12
~ld


7.04
 0h00:00.507 1970/01/01T08:00:00z: SPIFFS Active
 0h00:04.183 2026/06/01T14:26:27z: f0:24:f9:c6:c8:85
 0h00:04.185 2026/06/01T14:26:27z: SSID: TEST-STA
1 BSEC warning code : 100

1 BSEC warning code : 100

1 BSEC warning code : 100

1 BSEC warning code : 100

 ets Jan  8 2013,rst cause:1, boot mode:(3,7)

load 0x4010f000, len 1384, room 16 
tail 8
chksum 0x2d
csum 0x2d
v8b899c12
~ld


7.04
 0h00:00.513 1970/01/01T08:00:00z: SPIFFS Active
 0h00:04.189 2026/06/01T14:50:07z: f0:24:f9:c6:c8:85
 0h00:04.191 2026/06/01T14:50:07z: SSID: TEST-STA
1 BSEC warning code : 100

 ets Jan  8 2013,rst cause:1, boot mode:(3,7)

load 0x4010f000, len 1384, room 16 
tail 8
chksum 0x2d
csum 0x2d
v8b899c12
~ld


7.04
 0h00:00.509 1970/01/01T08:00:00z: SPIFFS Active
 0h00:04.185 2026/06/01T15:09:48z: f0:24:f9:c6:c8:85
 0h00:04.187 2026/06/01T15:09:48z: SSID: TEST-STA
1 BSEC warning code : 100

 ets Jan  8 2013,rst cause:1, boot mode:(3,7)

load 0x4010f000, len 1384, room 16 
tail 8
chksum 0x2d
csum 0x2d
v8b899c12
~ld


7.04
 0h00:00.515 1970/01/01T08:00:00z: SPIFFS Active
 0h00:04.191 2026/06/01T15:29:29z: f0:24:f9:c6:c8:85
 0h00:04.193 2026/06/01T15:29:29z: SSID: TEST-STA
1 BSEC warning code : 100

 ets Jan  8 2013,rst cause:1, boot mode:(3,7)

load 0x4010f000, len 1384, room 16 
tail 8
chksum 0x2d
csum 0x2d
v8b899c12
~ld


7.04
 0h00:00.503 1970/01/01T08:00:00z: SPIFFS Active
 0h00:04.180 2026/06/01T15:49:09z: f0:24:f9:c6:c8:85
 0h00:04.181 2026/06/01T15:49:09z: SSID: TEST-STA
1 BSEC warning code : 100

1 BSEC warning code : 100

 ets Jan  8 2013,rst cause:1, boot mode:(3,7)

load 0x4010f000, len 1384, room 16 
tail 8
chksum 0x2d
csum 0x2d
v8b899c12
~ld


7.04
 0h00:00.510 1970/01/01T08:00:00z: SPIFFS Active
 0h00:04.186 2026/06/01T16:08:51z: f0:24:f9:c6:c8:85
 0h00:04.188 2026/06/01T16:08:51z: SSID: TEST-STA
1 BSEC warning code : 100

 ets Jan  8 2013,rst cause:1, boot mode:(3,7)

load 0x4010f000, len 1384, room 16 
tail 8
chksum 0x2d
csum 0x2d
v8b899c12
~ld


7.04
 0h00:00.602 1970/01/01T08:00:00z: SPIFFS Active
 0h00:04.278 2026/06/01T16:28:32z: f0:24:f9:c6:c8:85
 0h00:04.280 2026/06/01T16:28:32z: SSID: TEST-STA
1 BSEC warning code : 100

1 BSEC warning code : 100

 ets Jan  8 2013,rst cause:1, boot mode:(3,7)

load 0x4010f000, len 1384, room 16 
tail 8
chksum 0x2d
csum 0x2d
v8b899c12
~ld


7.04
 0h00:00.509 1970/01/01T08:00:00z: SPIFFS Active
 0h00:04.186 2026/06/01T16:48:12z: f0:24:f9:c6:c8:85
 0h00:04.188 2026/06/01T16:48:12z: SSID: TEST-STA
1 BSEC warning code : 100

 ets Jan  8 2013,rst cause:1, boot mode:(3,7)

load 0x4010f000, len 1384, room 16 
tail 8
chksum 0x2d
csum 0x2d
v8b899c12
~ld


7.04
 0h00:00.505 1970/01/01T08:00:00z: SPIFFS Active
 0h00:04.181 2026/06/01T17:07:53z: f0:24:f9:c6:c8:85
 0h00:04.183 2026/06/01T17:07:53z: SSID: TEST-STA
1 BSEC warning code : 100

1 BSEC warning code : 100

 ets Jan  8 2013,rst cause:1, boot mode:(3,7)

load 0x4010f000, len 1384, room 16 
tail 8
chksum 0x2d
csum 0x2d
v8b899c12
~ld


7.04
 0h00:00.543 1970/01/01T08:00:00z: SPIFFS Active
 0h00:04.220 2026/06/01T17:27:33z: f0:24:f9:c6:c8:85
 0h00:04.221 2026/06/01T17:27:33z: SSID: TEST-STA
1 BSEC warning code : 100

1 BSEC warning code : 100

 ets Jan  8 2013,rst cause:1, boot mode:(3,7)

load 0x4010f000, len 1384, room 16 
tail 8
chksum 0x2d
csum 0x2d
v8b899c12
~ld


7.04
 0h00:00.504 1970/01/01T08:00:00z: SPIFFS Active
 0h00:04.180 2026/06/01T17:47:14z: f0:24:f9:c6:c8:85
 0h00:04.182 2026/06/01T17:47:14z: SSID: TEST-STA
1 BSEC warning code : 100

 ets Jan  8 2013,rst cause:1, boot mode:(3,7)

load 0x4010f000, len 1384, room 16 
tail 8
chksum 0x2d
csum 0x2d
v8b899c12
~ld


7.04
 0h00:00.539 1970/01/01T08:00:00z: SPIFFS Active
 0h00:04.216 2026/06/01T18:06:55z: f0:24:f9:c6:c8:85
 0h00:04.217 2026/06/01T18:06:55z: SSID: TEST-STA
1 BSEC warning code : 100

1 BSEC warning code : 100

 ets Jan  8 2013,rst cause:1, boot mode:(3,7)

load 0x4010f000, len 1384, room 16 
tail 8
chksum 0x2d
csum 0x2d
v8b899c12
~ld


7.04
 0h00:00.543 1970/01/01T08:00:00z: SPIFFS Active
 0h00:04.219 2026/06/01T18:26:36z: f0:24:f9:c6:c8:85
 0h00:04.221 2026/06/01T18:26:36z: SSID: TEST-STA
1 BSEC warning code : 100

1 BSEC warning code : 100

 ets Jan  8 2013,rst cause:1, boot mode:(3,7)

load 0x4010f000, len 1384, room 16 
tail 8
chksum 0x2d
csum 0x2d
v8b899c12
~ld


7.04
 0h00:00.547 1970/01/01T08:00:00z: SPIFFS Active
 0h00:04.224 2026/06/01T18:46:17z: f0:24:f9:c6:c8:85
 0h00:04.226 2026/06/01T18:46:17z: SSID: TEST-STA
1 BSEC warning code : 100

 ets Jan  8 2013,rst cause:1, boot mode:(3,7)

load 0x4010f000, len 1384, room 16 
tail 8
chksum 0x2d
csum 0x2d
v8b899c12
~ld


7.04
 0h00:00.508 1970/01/01T08:00:00z: SPIFFS Active
 0h00:04.184 2026/06/01T19:05:58z: f0:24:f9:c6:c8:85
 0h00:04.186 2026/06/01T19:05:58z: SSID: TEST-STA
1 BSEC warning code : 100

1 BSEC warning code : 100

 ets Jan  8 2013,rst cause:1, boot mode:(3,7)

load 0x4010f000, len 1384, room 16 
tail 8
chksum 0x2d
csum 0x2d
v8b899c12
~ld


7.04
 0h00:00.502 1970/01/01T08:00:00z: SPIFFS Active
 0h00:04.178 2026/06/01T19:25:39z: f0:24:f9:c6:c8:85
 0h00:04.180 2026/06/01T19:25:39z: SSID: TEST-STA
1 BSEC warning code : 100
