
1 BSEC warning code : 100

 ets Jan  8 2013,rst cause:1, boot mode:(3,7)

load 0x4010f000, len 1384, room 16 
tail 8
chksum 0x2d
csum 0x2d
v8b899c12
~ld


7.04
 0h00:00.472 1970/01/01T08:00:00z: SPIFFS Active
 0h00:04.147 2026/04/28T15:06:47z: f0:24:f9:c6:29:9d
 0h00:04.149 2026/04/28T15:06:47z: SSID: TEST-STA
1 BSEC warning code : 100

 ets Jan  8 2013,rst cause:1, boot mode:(3,7)

load 0x4010f000, len 1384, room 16 
tail 8
chksum 0x2d
csum 0x2d
v8b899c12
~ld


7.04
 0h00:00.470 1970/01/01T08:00:00z: SPIFFS Active
 0h00:04.145 2026/04/28T15:26:27z: f0:24:f9:c6:29:9d
 0h00:04.146 2026/04/28T15:26:27z: SSID: TEST-STA
1 BSEC warning code : 100

1 BSEC warning code : 100

 ets Jan  8 2013,rst cause:1, boot mode:(3,7)

load 0x4010f000, len 1384, room 16 
tail 8
chksum 0x2d
csum 0x2d
v8b899c12
~ld


7.04
 0h00:00.503 1970/01/01T08:00:00z: SPIFFS Active
 0h00:04.178 2026/04/28T15:46:08z: f0:24:f9:c6:29:9d
 0h00:04.179 2026/04/28T15:46:08z: SSID: TEST-STA
 ets Jan  8 2013,rst cause:1, boot mode:(3,7)

load 0x4010f000, len 1384, room 16 
tail 8
chksum 0x2d
csum 0x2d
v8b899c12
~ld


7.04
 0h00:00.471 1970/01/01T08:00:00z: SPIFFS Active
 0h00:04.146 2026/04/28T16:05:48z: f0:24:f9:c6:29:9d
 0h00:04.147 2026/04/28T16:05:48z: SSID: TEST-STA
1 BSEC warning code : 100

 ets Jan  8 2013,rst cause:1, boot mode:(3,7)

load 0x4010f000, len 1384, room 16 
tail 8
chksum 0x2d
csum 0x2d
v8b899c12
~ld


7.04
 0h00:00.509 1970/01/01T08:00:00z: SPIFFS Active
 0h00:04.184 2026/04/28T16:25:28z: f0:24:f9:c6:29:9d
 0h00:04.186 2026/04/28T16:25:28z: SSID: TEST-STA
1 BSEC warning code : 100

1 BSEC warning code : 100

 ets Jan  8 2013,rst cause:1, boot mode:(3,7)

load 0x4010f000, len 1384, room 16 
tail 8
chksum 0x2d
csum 0x2d
v8b899c12
~ld


7.04
 0h00:00.469 1970/01/01T08:00:00z: SPIFFS Active
 0h00:04.144 2026/04/28T16:45:08z: f0:24:f9:c6:29:9d
 0h00:04.146 2026/04/28T16:45:08z: SSID: TEST-STA
1 BSEC warning code : 100

1 BSEC warning code : 100

1 BSEC warning code : 100

 ets Jan  8 2013,rst cause:1, boot mode:(3,6)

load 0x4010f000, len 1384, room 16 
tail 8
chksum 0x2d
csum 0x2d
v8b899c12
~ld


7.04
 0h00:00.481 1970/01/01T08:00:00z: SPIFFS Active
 0h00:04.157 2026/04/28T19:19:18z: f0:24:f9:c6:29:9d
 0h00:04.158 2026/04/28T19:19:18z: SSID: TEST-STA
1 BSEC warning code : 100

 ets Jan  8 2013,rst cause:1, boot mode:(3,6)

load 0x4010f000, len 1384, room 16 
tail 8
chksum 0x2d
csum 0x2d
v8b899c12
~ld


7.04
 0h00:00.485 1970/01/01T08:00:00z: SPIFFS Active
 0h00:04.160 2026/04/28T19:38:59z: f0:24:f9:c6:29:9d
 0h00:04.162 2026/04/28T19:38:59z: SSID: TEST-STA
1 BSEC warning code : 100

 ets Jan  8 2013,rst cause:1, boot mode:(3,6)

load 0x4010f000, len 1384, room 16 
tail 8
chksum 0x2d
csum 0x2d
v8b899c12
~ld


7.04
 0h00:00.485 1970/01/01T08:00:00z: SPIFFS Active
 0h00:04.161 2026/04/28T19:58:40z: f0:24:f9:c6:29:9d
 0h00:04.163 2026/04/28T19:58:40z: SSID: TEST-STA
1 BSEC warning code : 100

1 BSEC warning code : 100

 ets Jan  8 2013,rst cause:1, boot mode:(3,6)

load 0x4010f000, len 1384, room 16 
tail 8
chksum 0x2d
csum 0x2d
v8b899c12
~ld


7.04
 0h00:00.475 1970/01/01T08:00:00z: SPIFFS Active
 0h00:04.151 2026/04/28T20:18:20z: f0:24:f9:c6:29:9d
 0h00:04.152 2026/04/28T20:18:20z: SSID: TEST-STA
 ets Jan  8 2013,rst cause:1, boot mode:(3,6)

load 0x4010f000, len 1384, room 16 
tail 8
chksum 0x2d
csum 0x2d
v8b899c12
~ld


7.04
 0h00:00.476 1970/01/01T08:00:00z: SPIFFS Active
 0h00:04.151 2026/04/28T20:38:00z: f0:24:f9:c6:29:9d
 0h00:04.153 2026/04/28T20:38:00z: SSID: TEST-STA
1 BSEC warning code : 100

 ets Jan  8 2013,rst cause:1, boot mode:(3,6)

load 0x4010f000, len 1384, room 16 
tail 8
chksum 0x2d
csum 0x2d
v8b899c12
~ld


7.04
 0h00:00.472 1970/01/01T08:00:00z: SPIFFS Active
 0h00:04.148 2026/04/28T20:57:41z: f0:24:f9:c6:29:9d
 0h00:04.149 2026/04/28T20:57:41z: SSID: TEST-STA
1 BSEC warning code : 100

 ets Jan  8 2013,rst cause:1, boot mode:(3,6)

load 0x4010f000, len 1384, room 16 
tail 8
chksum 0x2d
csum 0x2d
v8b899c12
~ld


7.04
 0h00:00.474 1970/01/01T08:00:00z: SPIFFS Active
 0h00:04.150 2026/04/28T21:17:22z: f0:24:f9:c6:29:9d
 0h00:04.151 2026/04/28T21:17:22z: SSID: TEST-STA
1 BSEC warning code : 100

 ets Jan  8 2013,rst cause:1, boot mode:(3,6)

load 0x4010f000, len 1384, room 16 
tail 8
chksum 0x2d
csum 0x2d
v8b899c12
~ld


7.04
 0h00:00.480 1970/01/01T08:00:00z: SPIFFS Active
 0h00:04.156 2026/04/28T21:37:02z: f0:24:f9:c6:29:9d
 0h00:04.157 2026/04/28T21:37:02z: SSID: TEST-STA
1 BSEC warning code : 100

 ets Jan  8 2013,rst cause:1, boot mode:(3,6)

load 0x4010f000, len 1384, room 16 
tail 8
chksum 0x2d
csum 0x2d
v8b899c12
~ld


7.04
 0h00:00.512 1970/01/01T08:00:00z: SPIFFS Active
 0h00:04.188 2026/04/28T21:56:42z: f0:24:f9:c6:29:9d
 0h00:04.189 2026/04/28T21:56:42z: SSID: TEST-STA
1 BSEC warning code : 100

 ets Jan  8 2013,rst cause:1, boot mode:(3,6)

load 0x4010f000, len 1384, room 16 
tail 8
chksum 0x2d
csum 0x2d
v8b899c12
~ld


7.04
 0h00:00.470 1970/01/01T08:00:00z: SPIFFS Active
 0h00:04.146 2026/04/28T22:16:23z: f0:24:f9:c6:29:9d
 0h00:04.147 2026/04/28T22:16:23z: SSID: TEST-STA
1 BSEC warning code : 100

 ets Jan  8 2013,rst cause:1, boot mode:(3,6)

load 0x4010f000, len 1384, room 16 
tail 8
chksum 0x2d
csum 0x2d
v8b899c12
~ld


7.04
 0h00:00.515 1970/01/01T08:00:00z: SPIFFS Active
 0h00:04.191 2026/04/28T22:36:03z: f0:24:f9:c6:29:9d
 0h00:04.193 2026/04/28T22:36:03z: SSID: TEST-STA
1 BSEC warning code : 100

 ets Jan  8 2013,rst cause:1, boot mode:(3,6)

load 0x4010f000, len 1384, room 16 
tail 8
chksum 0x2d
csum 0x2d
v8b899c12
~ld


7.04
 0h00:00.479 1970/01/01T08:00:00z: SPIFFS Active
 0h00:04.155 2026/04/28T22:55:44z: f0:24:f9:c6:29:9d
 0h00:04.156 2026/04/28T22:55:44z: SSID: TEST-STA
1 BSEC warning code : 100

 ets Jan  8 2013,rst cause:1, boot mode:(3,6)

load 0x4010f000, len 1384, room 16 
tail 8
chksum 0x2d
csum 0x2d
v8b899c12
~ld


7.04
 0h00:00.479 1970/01/01T08:00:00z: SPIFFS Active
 0h00:04.154 2026/04/28T23:15:24z: f0:24:f9:c6:29:9d
 0h00:04.155 2026/04/28T23:15:24z: SSID: TEST-STA
1 BSEC warning code : 100

1 BSEC warning code : 100

 ets Jan  8 2013,rst cause:1, boot mode:(3,6)

load 0x4010f000, len 1384, room 16 
tail 8
chksum 0x2d
csum 0x2d
v8b899c12
~ld


7.04
 0h00:00.517 1970/01/01T08:00:00z: SPIFFS Active
 0h00:04.193 2026/04/28T23:35:04z: f0:24:f9:c6:29:9d
 0h00:04.194 2026/04/28T23:35:04z: SSID: TEST-STA
1 BSEC warning code : 100

 ets Jan  8 2013,rst cause:1, boot mode:(3,6)

load 0x4010f000, len 1384, room 16 
tail 8
chksum 0x2d
csum 0x2d
v8b899c12
~ld


7.04
 0h00:00.522 1970/01/01T08:00:00z: SPIFFS Active
 0h00:04.198 2026/04/28T23:54:45z: f0:24:f9:c6:29:9d
 0h00:04.199 2026/04/28T23:54:45z: SSID: TEST-STA
1 BSEC warning code : 100
