
1 BSEC warning code : 100

1 BSEC warning code : 100

1 BSEC warning code : 100

1 BSEC warning code : 100

1 BSEC warning code : 100

1 BSEC warning code : 100

1 BSEC warning code : 100

1 BSEC warning code : 100

Exception (29):
epc1=0x4022a6e2 epc2=0x00000000 epc3=0x00000000 excvaddr=0x00000004 depc=0x00000000

>>>stack>>>

ctx: cont
sp: 3ffffa00 end: 3fffffc0 offset: 01a0
3ffffba0:  3fff990c 3fff5bf4 3fffbf84 4023d088  
3ffffbb0:  00000104 4023ce8e 00007f10 00000fe2  
3ffffbc0:  00000042 0002a51e 4023d446 4023d1fe  
3ffffbd0:  00000040 00000082 3fffbf6c 4023d391  
3ffffbe0:  00800000 00000080 00000000 00000041  
3ffffbf0:  0002a51e 0000003f 3fffbf3c 00000041  
3ffffc00:  3fffb114 3fffbf6c 3fffbf3c 3fff565c  
3ffffc10:  3fff9a08 ffffffff 3fff5bf4 4023da0d  
3ffffc20:  00000040 3fff5bf4 3fffbf6c 3fff5bf4  
3ffffc30:  00000040 3fff5bf4 3fffbf6c 4023decb  
3ffffc40:  3fff5614 0000003f 418dce86 00000001  
3ffffc50:  3fff5bf4 3fffbf54 3fffbf6c 00000001  
3ffffc60:  00000010 3fff5bf4 0000000f 4023e11c  
3ffffc70:  3fffbf3c 3fff5644 0000000f 00000001  
3ffffc80:  00000001 3fffbf24 3fff65f1 4023cf34  
3ffffc90:  00000100 3fff55e4 3fff65ef 00000000  
3ffffca0:  00000100 3fff55e4 3fff65ef 4023f339  
3ffffcb0:  3ffffce0 00000000 000000d0 00000030  
3ffffcc0:  8f29822b 3fff652c 3fffacfc 00000004  
3ffffcd0:  3fff65e9 3fff5b1c 3fff65e9 40239e94  
3ffffce0:  fbcf0303 63ba2349 953afa39 ff98b0b0  
3ffffcf0:  f0fdae51 6deca5f5 7e9c9216 7dbef6de  
3ffffd00:  00d2b0f4 b1ba6ee3 a218d3be 822bb4c6  
3ffffd10:  3fff65e9 00000004 3fff5b1c 4023a38d  
3ffffd20:  33776954 a3f9d078 d3356fed 40236c98  
3ffffd30:  bef03834 0000056e 3fff626c 402327ba  
3ffffd40:  00000004 00000000 3fff532c 40210fce  
3ffffd50:  0000001e 00000000 00000064 40217c96  
3ffffd60:  00000000 00000020 00000027 00000004  
3ffffd70:  3fff65e9 00000004 3fff5b1c 00000004  
3ffffd80:  3fff65e9 00000004 3fff5b1c 40239c9c  
3ffffd90:  76d0e459 000004de 000004de 00000028  
3ffffda0:  0000005d 3fff65e9 3fff5b1c 4023a06c  
3ffffdb0:  00000011 3fff661c 000001f4 4021af18  
3ffffdc0:  3ffffe18 0000000e 00000010 3fffa50c  
3ffffdd0:  00000000 00000000 4bc6a7f0 01000000  
3ffffde0:  3ffffe18 00053006 3fff5b1c 40239e04  
3ffffdf0:  00000000 3fff5d0c 3ffffe10 3fffa50c  
3ffffe00:  3fff532c 00053006 3fff5df4 40211655  
3ffffe10:  3fff5b1c 3fff650c 40217bb4 3fffefa0  
3ffffe20:  00008ca0 00008ca0 00008ca0 40218893  
3ffffe30:  00000000 3fff532c 3fff0e40 000001bb  
3ffffe40:  000001bb 402712e2 3fff0e40 402118a3  
3ffffe50:  00000000 00000000 4bc6a7f0 000001bb  
3ffffe60:  000001bb 402712e2 3fff0e40 4021195a  
3ffffe70:  402213a8 79897d4a 402213a8 79897d4a  
3ffffe80:  3fff0cc8 3fff0e40 3fff0509 4020c83a  
3ffffe90:  3fff0509 3ffffea0 00000008 40229904  
3ffffea0:  4026397a 3fff0921 3fff10c4 00000003  
3ffffeb0:  4020f9e0 3ffffee8 3fff10c4 4022651d  
3ffffec0:  40271390 0000000a 3fffff68 3fffff6c  
3ffffed0:  3fffff70 3fff3d1c 00000001 40203fbf  
3ffffee0:  402213a8 00000000 402213a8 00000000  
3ffffef0:  402712e2 000001bb 3fff0921 40206605  
3fffff00:  3fffff74 402712e2 000001bb 00000001  
3fffff10:  3ffe8e05 3fff0509 00000200 00000000  
3fffff20:  3ffe8e05 00000001 3ffefd51 00000002  
3fffff30:  00000001 00000001 3ffe8e05 0000000a  
3fffff40:  7fffffff 3ffefd30 3ffefdb8 3fff226c  
3fffff50:  3fffdad0 3fff0c4b 3ffefd30 40208ec8  
3fffff60:  3ffe8e05 0000000a 00000000 4020983c  
3fffff70:  40205458 4020904c 40217bb4 3fffefa0  
3fffff80:  00000000 00000000 3fff0c82 40217c96  
3fffff90:  3fffdad0 00000000 3fff0c82 4020b8f8  
3fffffa0:  3fffdad0 00000000 3fff223c 40217c64  
3fffffb0:  feefeffe feefeffe 3ffe8704 40101ded  
<<<stack<<<

last failed alloc call: 4023CE8E(1024)

 ets Jan  8 2013,rst cause:1, boot mode:(3,7)

load 0x4010f000, len 1384, room 16 
tail 8
chksum 0x2d
csum 0x2d
v8b899c12
~ld


7.04
 0h00:00.465 1970/01/01T08:00:00z: SPIFFS Active
 0h00:04.141 2026/05/13T21:56:53z: f0:24:f9:c2:4b:b8
 0h00:04.143 2026/05/13T21:56:53z: SSID: that iPhone
1 BSEC warning code : 100

1 BME68X warning code : 2

1 BSEC warning code : 100

1 BSEC warning code : 100

1 BSEC warning code : 100

1 BSEC warning code : 100

1 BSEC warning code : 100

1 BSEC warning code : 100

1 BSEC warning code : 100

1 BSEC warning code : 100

1 BSEC warning code : 100

1 BSEC warning code : 100

1 BSEC warning code : 100

 ets Jan  8 2013,rst cause:1, boot mode:(3,7)

load 0x4010f000, len 1384, room 16 
tail 8
chksum 0x2d
csum 0x2d
v8b899c12
~ld


7.04
 0h00:00.519 1970/01/01T08:00:00z: SPIFFS Active
 0h00:04.194 2026/05/13T22:44:24z: f0:24:f9:c2:4b:b8
 0h00:04.195 2026/05/13T22:44:24z: SSID: that iPhone
1 BSEC warning code : 100

 ets Jan  8 2013,rst cause:1, boot mode:(3,7)

load 0x4010f000, len 1384, room 16 
tail 8
chksum 0x2d
csum 0x2d
v8b899c12
~ld


7.04
 0h00:00.504 1970/01/01T08:00:00z: SPIFFS Active
 0h00:04.180 2026/05/13T23:04:05z: f0:24:f9:c2:4b:b8
 0h00:04.182 2026/05/13T23:04:05z: SSID: that iPhone
1 BSEC warning code : 100

 ets Jan  8 2013,rst cause:1, boot mode:(3,7)

load 0x4010f000, len 1384, room 16 
tail 8
chksum 0x2d
csum 0x2d
v8b899c12
~ld


7.04
 0h00:00.537 1970/01/01T08:00:00z: SPIFFS Active
 0h00:04.214 2026/05/13T23:23:46z: f0:24:f9:c2:4b:b8
 0h00:04.215 2026/05/13T23:23:46z: SSID: that iPhone
1 BSEC warning code : 100

1 BSEC warning code : 100

 ets Jan  8 2013,rst cause:1, boot mode:(3,7)

load 0x4010f000, len 1384, room 16 
tail 8
chksum 0x2d
csum 0x2d
v8b899c12
~ld


7.04
 0h00:00.534 1970/01/01T08:00:00z: SPIFFS Active
 0h00:04.211 2026/05/13T23:43:26z: f0:24:f9:c2:4b:b8
 0h00:04.213 2026/05/13T23:43:26z: SSID: that iPhone
1 BSEC warning code : 100

1 BSEC warning code : 100
