
1 BSEC warning code : 100

 ets Jan  8 2013,rst cause:1, boot mode:(3,7)

load 0x4010f000, len 1384, room 16 
tail 8
chksum 0x2d
csum 0x2d
v8b899c12
~ld


7.04
 0h00:00.430 1970/01/01T08:00:00z: SPIFFS Active
 0h00:04.106 2026/05/26T00:03:27z: f0:24:f9:c6:c7:d9
 0h00:04.108 2026/05/26T00:03:27z: SSID: TEST-STA
1 BSEC warning code : 100

1 BSEC warning code : 100

 ets Jan  8 2013,rst cause:1, boot mode:(3,7)

load 0x4010f000, len 1384, room 16 
tail 8
chksum 0x2d
csum 0x2d
v8b899c12
~ld


7.04
 0h00:00.433 1970/01/01T08:00:00z: SPIFFS Active
 0h00:04.109 2026/05/26T00:23:07z: f0:24:f9:c6:c7:d9
 0h00:04.111 2026/05/26T00:23:07z: SSID: TEST-STA
1 BSEC warning code : 100

 ets Jan  8 2013,rst cause:1, boot mode:(3,7)

load 0x4010f000, len 1384, room 16 
tail 8
chksum 0x2d
csum 0x2d
v8b899c12
~ld


7.04
 0h00:00.463 1970/01/01T08:00:00z: SPIFFS Active
 0h00:04.139 2026/05/26T00:42:49z: f0:24:f9:c6:c7:d9
 0h00:04.141 2026/05/26T00:42:49z: SSID: TEST-STA
1 BSEC warning code : 100

1 BSEC warning code : 100

 ets Jan  8 2013,rst cause:1, boot mode:(3,7)

load 0x4010f000, len 1384, room 16 
tail 8
chksum 0x2d
csum 0x2d
v8b899c12
~ld


7.04
 0h00:00.478 1970/01/01T08:00:00z: SPIFFS Active
 0h00:04.154 2026/05/26T01:02:30z: f0:24:f9:c6:c7:d9
 0h00:04.156 2026/05/26T01:02:30z: SSID: TEST-STA
1 BSEC warning code : 100

 ets Jan  8 2013,rst cause:1, boot mode:(3,7)

load 0x4010f000, len 1384, room 16 
tail 8
chksum 0x2d
csum 0x2d
v8b899c12
~ld


7.04
 0h00:00.432 1970/01/01T08:00:00z: SPIFFS Active
 0h00:04.108 2026/05/26T01:22:10z: f0:24:f9:c6:c7:d9
 0h00:04.110 2026/05/26T01:22:10z: SSID: TEST-STA
1 BSEC warning code : 100

 ets Jan  8 2013,rst cause:1, boot mode:(3,7)

load 0x4010f000, len 1384, room 16 
tail 8
chksum 0x2d
csum 0x2d
v8b899c12
~ld


7.04
 0h00:00.426 1970/01/01T08:00:00z: SPIFFS Active
 0h00:04.102 2026/05/26T01:41:50z: f0:24:f9:c6:c7:d9
 0h00:04.104 2026/05/26T01:41:50z: SSID: TEST-STA
1 BSEC warning code : 100

1 BSEC warning code : 100

 ets Jan  8 2013,rst cause:1, boot mode:(3,7)

load 0x4010f000, len 1384, room 16 
tail 8
chksum 0x2d
csum 0x2d
v8b899c12
~ld


7.04
 0h00:00.422 1970/01/01T08:00:00z: SPIFFS Active
 0h00:04.098 2026/05/26T02:01:30z: f0:24:f9:c6:c7:d9
 0h00:04.099 2026/05/26T02:01:30z: SSID: TEST-STA
1 BSEC warning code : 100

 ets Jan  8 2013,rst cause:1, boot mode:(3,7)

load 0x4010f000, len 1384, room 16 
tail 8
chksum 0x2d
csum 0x2d
v8b899c12
~ld


7.04
 0h00:00.436 1970/01/01T08:00:00z: SPIFFS Active
 0h00:04.112 2026/05/26T02:21:11z: f0:24:f9:c6:c7:d9
 0h00:04.114 2026/05/26T02:21:11z: SSID: TEST-STA
1 BSEC warning code : 100

1 BSEC warning code : 100

 ets Jan  8 2013,rst cause:1, boot mode:(3,7)

load 0x4010f000, len 1384, room 16 
tail 8
chksum 0x2d
csum 0x2d
v8b899c12
~ld


7.04
 0h00:00.465 1970/01/01T08:00:00z: SPIFFS Active
 0h00:04.141 2026/05/26T02:40:51z: f0:24:f9:c6:c7:d9
 0h00:04.143 2026/05/26T02:40:51z: SSID: TEST-STA
1 BSEC warning code : 100

 ets Jan  8 2013,rst cause:1, boot mode:(3,7)

load 0x4010f000, len 1384, room 16 
tail 8
chksum 0x2d
csum 0x2d
v8b899c12
~ld


7.04
 0h00:00.434 1970/01/01T08:00:00z: SPIFFS Active
 0h00:04.110 2026/05/26T03:00:31z: f0:24:f9:c6:c7:d9
 0h00:04.112 2026/05/26T03:00:31z: SSID: TEST-STA
1 BSEC warning code : 100

 ets Jan  8 2013,rst cause:1, boot mode:(3,7)

load 0x4010f000, len 1384, room 16 
tail 8
chksum 0x2d
csum 0x2d
v8b899c12
~ld


7.04
 0h00:00.428 1970/01/01T08:00:00z: SPIFFS Active
 0h00:04.105 2026/05/26T03:20:11z: f0:24:f9:c6:c7:d9
 0h00:04.107 2026/05/26T03:20:11z: SSID: TEST-STA
1 BSEC warning code : 100

 ets Jan  8 2013,rst cause:1, boot mode:(3,7)

load 0x4010f000, len 1384, room 16 
tail 8
chksum 0x2d
csum 0x2d
v8b899c12
~ld


7.04
 0h00:00.432 1970/01/01T08:00:00z: SPIFFS Active
 0h00:04.109 2026/05/26T03:39:52z: f0:24:f9:c6:c7:d9
 0h00:04.110 2026/05/26T03:39:52z: SSID: TEST-STA
1 BSEC warning code : 100

1 BSEC warning code : 100

 ets Jan  8 2013,rst cause:1, boot mode:(3,7)

load 0x4010f000, len 1384, room 16 
tail 8
chksum 0x2d
csum 0x2d
v8b899c12
~ld


7.04
 0h00:00.465 1970/01/01T08:00:00z: SPIFFS Active
 0h00:04.141 2026/05/26T03:59:33z: f0:24:f9:c6:c7:d9
 0h00:04.143 2026/05/26T03:59:33z: SSID: TEST-STA
1 BSEC warning code : 100

1 BSEC warning code : 100

 ets Jan  8 2013,rst cause:1, boot mode:(3,7)

load 0x4010f000, len 1384, room 16 
tail 8
chksum 0x2d
csum 0x2d
v8b899c12
~ld


7.04
 0h00:00.426 1970/01/01T08:00:00z: SPIFFS Active
 0h00:04.103 2026/05/26T04:19:13z: f0:24:f9:c6:c7:d9
 0h00:04.104 2026/05/26T04:19:13z: SSID: TEST-STA
1 BSEC warning code : 100

 ets Jan  8 2013,rst cause:1, boot mode:(3,7)

load 0x4010f000, len 1384, room 16 
tail 8
chksum 0x2d
csum 0x2d
v8b899c12
~ld


7.04
 0h00:00.463 1970/01/01T08:00:00z: SPIFFS Active
 0h00:04.140 2026/05/26T04:38:53z: f0:24:f9:c6:c7:d9
 0h00:04.141 2026/05/26T04:38:53z: SSID: TEST-STA
1 BSEC warning code : 100

1 BSEC warning code : 100

 ets Jan  8 2013,rst cause:1, boot mode:(3,7)

load 0x4010f000, len 1384, room 16 
tail 8
chksum 0x2d
csum 0x2d
v8b899c12
~ld


7.04
 0h00:00.432 1970/01/01T08:00:00z: SPIFFS Active
 0h00:04.109 2026/05/26T04:58:34z: f0:24:f9:c6:c7:d9
 0h00:04.110 2026/05/26T04:58:34z: SSID: TEST-STA
1 BSEC warning code : 100

 ets Jan  8 2013,rst cause:1, boot mode:(3,7)

load 0x4010f000, len 1384, room 16 
tail 8
chksum 0x2d
csum 0x2d
v8b899c12
~ld


7.04
 0h00:00.435 1970/01/01T08:00:00z: SPIFFS Active
 0h00:04.112 2026/05/26T05:18:14z: f0:24:f9:c6:c7:d9
 0h00:04.113 2026/05/26T05:18:14z: SSID: TEST-STA
1 BSEC warning code : 100

1 BSEC warning code : 100

 ets Jan  8 2013,rst cause:1, boot mode:(3,7)

load 0x4010f000, len 1384, room 16 
tail 8
chksum 0x2d
csum 0x2d
v8b899c12
~ld


7.04
 0h00:00.430 1970/01/01T08:00:00z: SPIFFS Active
 0h00:04.107 2026/05/26T05:37:54z: f0:24:f9:c6:c7:d9
 0h00:04.108 2026/05/26T05:37:54z: SSID: TEST-STA
1 BSEC warning code : 100

1 BSEC warning code : 100

 ets Jan  8 2013,rst cause:1, boot mode:(3,7)

load 0x4010f000, len 1384, room 16 
tail 8
chksum 0x2d
csum 0x2d
v8b899c12
~ld


7.04
 0h00:00.459 1970/01/01T08:00:00z: SPIFFS Active
 0h00:04.136 2026/05/26T05:57:35z: f0:24:f9:c6:c7:d9
 0h00:04.137 2026/05/26T05:57:35z: SSID: TEST-STA
1 BSEC warning code : 100

 ets Jan  8 2013,rst cause:1, boot mode:(3,7)

load 0x4010f000, len 1384, room 16 
tail 8
chksum 0x2d
csum 0x2d
v8b899c12
~ld


7.04
 0h00:00.426 1970/01/01T08:00:00z: SPIFFS Active
 0h00:04.103 2026/05/26T06:17:15z: f0:24:f9:c6:c7:d9
 0h00:04.104 2026/05/26T06:17:15z: SSID: TEST-STA
1 BSEC warning code : 100

1 BSEC warning code : 100

 ets Jan  8 2013,rst cause:1, boot mode:(3,7)

load 0x4010f000, len 1384, room 16 
tail 8
chksum 0x2d
csum 0x2d
v8b899c12
~ld


7.04
 0h00:00.442 1970/01/01T08:00:00z: SPIFFS Active
 0h00:04.119 2026/05/26T06:36:56z: f0:24:f9:c6:c7:d9
 0h00:04.120 2026/05/26T06:36:56z: SSID: TEST-STA
1 BSEC warning code : 100

 ets Jan  8 2013,rst cause:1, boot mode:(3,7)

load 0x4010f000, len 1384, room 16 
tail 8
chksum 0x2d
csum 0x2d
v8b899c12
~ld


7.04
 0h00:00.429 1970/01/01T08:00:00z: SPIFFS Active
 0h00:04.106 2026/05/26T06:56:37z: f0:24:f9:c6:c7:d9
 0h00:04.108 2026/05/26T06:56:37z: SSID: TEST-STA
1 BSEC warning code : 100

1 BSEC warning code : 100

 ets Jan  8 2013,rst cause:1, boot mode:(3,7)

load 0x4010f000, len 1384, room 16 
tail 8
chksum 0x2d
csum 0x2d
v8b899c12
~ld


7.04
 0h00:00.435 1970/01/01T08:00:00z: SPIFFS Active
 0h00:04.112 2026/05/26T07:16:18z: f0:24:f9:c6:c7:d9
 0h00:04.114 2026/05/26T07:16:18z: SSID: TEST-STA
1 BSEC warning code : 100

 ets Jan  8 2013,rst cause:1, boot mode:(3,7)

load 0x4010f000, len 1384, room 16 
tail 8
chksum 0x2d
csum 0x2d
v8b899c12
~ld


7.04
 0h00:00.432 1970/01/01T08:00:00z: SPIFFS Active
 0h00:04.108 2026/05/26T07:35:58z: f0:24:f9:c6:c7:d9
 0h00:04.110 2026/05/26T07:35:58z: SSID: TEST-STA
1 BSEC warning code : 100

1 BSEC warning code : 100

 ets Jan  8 2013,rst cause:1, boot mode:(3,7)

load 0x4010f000, len 1384, room 16 
tail 8
chksum 0x2d
csum 0x2d
v8b899c12
~ld


7.04
 0h00:00.432 1970/01/01T08:00:00z: SPIFFS Active
 0h00:04.109 2026/05/26T07:55:38z: f0:24:f9:c6:c7:d9
 0h00:04.110 2026/05/26T07:55:38z: SSID: TEST-STA
1 BSEC warning code : 100

 ets Jan  8 2013,rst cause:1, boot mode:(3,7)

load 0x4010f000, len 1384, room 16 
tail 8
chksum 0x2d
csum 0x2d
v8b899c12
~ld


7.04
 0h00:00.432 1970/01/01T08:00:00z: SPIFFS Active
 0h00:04.109 2026/05/26T08:15:18z: f0:24:f9:c6:c7:d9
 0h00:04.110 2026/05/26T08:15:18z: SSID: TEST-STA
1 BSEC warning code : 100

1 BSEC warning code : 100

 ets Jan  8 2013,rst cause:1, boot mode:(3,7)

load 0x4010f000, len 1384, room 16 
tail 8
chksum 0x2d
csum 0x2d
v8b899c12
~ld


7.04
 0h00:00.455 1970/01/01T08:00:00z: SPIFFS Active
 0h00:04.131 2026/05/26T08:34:59z: f0:24:f9:c6:c7:d9
 0h00:04.133 2026/05/26T08:34:59z: SSID: TEST-STA
1 BSEC warning code : 100

 ets Jan  8 2013,rst cause:1, boot mode:(3,7)

load 0x4010f000, len 1384, room 16 
tail 8
chksum 0x2d
csum 0x2d
v8b899c12
~ld


7.04
 0h00:00.496 1970/01/01T08:00:00z: SPIFFS Active
 0h00:04.172 2026/05/26T08:54:40z: f0:24:f9:c6:c7:d9
 0h00:04.174 2026/05/26T08:54:40z: SSID: TEST-STA
1 BSEC warning code : 100

 ets Jan  8 2013,rst cause:1, boot mode:(3,7)

load 0x4010f000, len 1384, room 16 
tail 8
chksum 0x2d
csum 0x2d
v8b899c12
~ld


7.04
 0h00:00.431 1970/01/01T08:00:00z: SPIFFS Active
 0h00:04.108 2026/05/26T09:14:20z: f0:24:f9:c6:c7:d9
 0h00:04.109 2026/05/26T09:14:20z: SSID: TEST-STA
1 BSEC warning code : 100

1 BSEC warning code : 100

 ets Jan  8 2013,rst cause:1, boot mode:(3,7)

load 0x4010f000, len 1384, room 16 
tail 8
chksum 0x2d
csum 0x2d
v8b899c12
~ld


7.04
 0h00:00.473 1970/01/01T08:00:00z: SPIFFS Active
 0h00:04.150 2026/05/26T09:34:00z: f0:24:f9:c6:c7:d9
 0h00:04.152 2026/05/26T09:34:00z: SSID: TEST-STA
1 BSEC warning code : 100

 ets Jan  8 2013,rst cause:1, boot mode:(3,7)

load 0x4010f000, len 1384, room 16 
tail 8
chksum 0x2d
csum 0x2d
v8b899c12
~ld


7.04
 0h00:00.432 1970/01/01T08:00:00z: SPIFFS Active
 0h00:04.108 2026/05/26T09:53:40z: f0:24:f9:c6:c7:d9
 0h00:04.110 2026/05/26T09:53:40z: SSID: TEST-STA
1 BSEC warning code : 100

1 BSEC warning code : 100

 ets Jan  8 2013,rst cause:1, boot mode:(3,7)

load 0x4010f000, len 1384, room 16 
tail 8
chksum 0x2d
csum 0x2d
v8b899c12
~ld


7.04
 0h00:00.427 1970/01/01T08:00:00z: SPIFFS Active
 0h00:04.104 2026/05/26T10:13:21z: f0:24:f9:c6:c7:d9
 0h00:04.106 2026/05/26T10:13:21z: SSID: TEST-STA
1 BSEC warning code : 100

 ets Jan  8 2013,rst cause:1, boot mode:(3,7)

load 0x4010f000, len 1384, room 16 
tail 8
chksum 0x2d
csum 0x2d
v8b899c12
~ld


7.04
 0h00:00.432 1970/01/01T08:00:00z: SPIFFS Active
 0h00:04.108 2026/05/26T10:33:02z: f0:24:f9:c6:c7:d9
 0h00:04.110 2026/05/26T10:33:02z: SSID: TEST-STA
1 BSEC warning code : 100

 ets Jan  8 2013,rst cause:1, boot mode:(3,7)

load 0x4010f000, len 1384, room 16 
tail 8
chksum 0x2d
csum 0x2d
v8b899c12
~ld


7.04
 0h00:00.468 1970/01/01T08:00:00z: SPIFFS Active
 0h00:04.145 2026/05/26T10:52:42z: f0:24:f9:c6:c7:d9
 0h00:04.147 2026/05/26T10:52:42z: SSID: TEST-STA
1 BSEC warning code : 100

 ets Jan  8 2013,rst cause:1, boot mode:(3,7)

load 0x4010f000, len 1384, room 16 
tail 8
chksum 0x2d
csum 0x2d
v8b899c12
~ld


7.04
 0h00:00.430 1970/01/01T08:00:00z: SPIFFS Active
 0h00:04.107 2026/05/26T11:12:22z: f0:24:f9:c6:c7:d9
 0h00:04.109 2026/05/26T11:12:22z: SSID: TEST-STA
1 BSEC warning code : 100

 ets Jan  8 2013,rst cause:1, boot mode:(3,7)

load 0x4010f000, len 1384, room 16 
tail 8
chksum 0x2d
csum 0x2d
v8b899c12
~ld


7.04
 0h00:00.438 1970/01/01T08:00:00z: SPIFFS Active
 0h00:04.115 2026/05/26T11:32:03z: f0:24:f9:c6:c7:d9
 0h00:04.116 2026/05/26T11:32:03z: SSID: TEST-STA
1 BSEC warning code : 100

 ets Jan  8 2013,rst cause:1, boot mode:(3,7)

load 0x4010f000, len 1384, room 16 
tail 8
chksum 0x2d
csum 0x2d
v8b899c12
~ld


7.04
 0h00:00.435 1970/01/01T08:00:00z: SPIFFS Active
 0h00:04.112 2026/05/26T11:51:44z: f0:24:f9:c6:c7:d9
 0h00:04.113 2026/05/26T11:51:44z: SSID: TEST-STA
1 BSEC warning code : 100

 ets Jan  8 2013,rst cause:1, boot mode:(3,7)

load 0x4010f000, len 1384, room 16 
tail 8
chksum 0x2d
csum 0x2d
v8b899c12
~ld


7.04
 0h00:00.432 1970/01/01T08:00:00z: SPIFFS Active
 0h00:04.109 2026/05/26T12:11:23z: f0:24:f9:c6:c7:d9
 0h00:04.111 2026/05/26T12:11:23z: SSID: TEST-STA
1 BSEC warning code : 100

1 BSEC warning code : 100

 ets Jan  8 2013,rst cause:1, boot mode:(3,7)

load 0x4010f000, len 1384, room 16 
tail 8
chksum 0x2d
csum 0x2d
v8b899c12
~ld


7.04
 0h00:00.436 1970/01/01T08:00:00z: SPIFFS Active
 0h00:04.113 2026/05/26T12:31:04z: f0:24:f9:c6:c7:d9
 0h00:04.115 2026/05/26T12:31:04z: SSID: TEST-STA
1 BSEC warning code : 100

 ets Jan  8 2013,rst cause:1, boot mode:(3,7)

load 0x4010f000, len 1384, room 16 
tail 8
chksum 0x2d
csum 0x2d
v8b899c12
~ld


7.04
 0h00:00.516 1970/01/01T08:00:00z: SPIFFS Active
 0h00:04.194 2026/05/26T12:50:45z: f0:24:f9:c6:c7:d9
 0h00:04.195 2026/05/26T12:50:45z: SSID: TEST-STA
1 BSEC warning code : 100

 ets Jan  8 2013,rst cause:1, boot mode:(3,7)

load 0x4010f000, len 1384, room 16 
tail 8
chksum 0x2d
csum 0x2d
v8b899c12
~ld


7.04
 0h00:00.429 1970/01/01T08:00:00z: SPIFFS Active
 0h00:04.106 2026/05/26T13:10:26z: f0:24:f9:c6:c7:d9
 0h00:04.108 2026/05/26T13:10:26z: SSID: TEST-STA
1 BSEC warning code : 100

1 BSEC warning code : 100

 ets Jan  8 2013,rst cause:1, boot mode:(3,7)

load 0x4010f000, len 1384, room 16 
tail 8
chksum 0x2d
csum 0x2d
v8b899c12
~ld


7.04
 0h00:00.464 1970/01/01T08:00:00z: SPIFFS Active
 0h00:04.141 2026/05/26T13:30:07z: f0:24:f9:c6:c7:d9
 0h00:04.143 2026/05/26T13:30:07z: SSID: TEST-STA
1 BSEC warning code : 100

 ets Jan  8 2013,rst cause:1, boot mode:(3,7)

load 0x4010f000, len 1384, room 16 
tail 8
chksum 0x2d
csum 0x2d
v8b899c12
~ld


7.04
 0h00:00.449 1970/01/01T08:00:00z: SPIFFS Active
 0h00:04.127 2026/05/26T13:49:47z: f0:24:f9:c6:c7:d9
 0h00:04.128 2026/05/26T13:49:47z: SSID: TEST-STA
1 BSEC warning code : 100

1 BSEC warning code : 100

 ets Jan  8 2013,rst cause:1, boot mode:(3,7)

load 0x4010f000, len 1384, room 16 
tail 8
chksum 0x2d
csum 0x2d
v8b899c12
~ld


7.04
 0h00:00.433 1970/01/01T08:00:00z: SPIFFS Active
 0h00:04.111 2026/05/26T14:09:27z: f0:24:f9:c6:c7:d9
 0h00:04.112 2026/05/26T14:09:27z: SSID: TEST-STA
1 BSEC warning code : 100

 ets Jan  8 2013,rst cause:1, boot mode:(3,7)

load 0x4010f000, len 1384, room 16 
tail 8
chksum 0x2d
csum 0x2d
v8b899c12
~ld


7.04
 0h00:00.471 1970/01/01T08:00:00z: SPIFFS Active
 0h00:04.148 2026/05/26T14:29:08z: f0:24:f9:c6:c7:d9
 0h00:04.150 2026/05/26T14:29:08z: SSID: TEST-STA
1 BSEC warning code : 100

 ets Jan  8 2013,rst cause:1, boot mode:(3,7)

load 0x4010f000, len 1384, room 16 
tail 8
chksum 0x2d
csum 0x2d
v8b899c12
~ld


7.04
 0h00:00.473 1970/01/01T08:00:00z: SPIFFS Active
 0h00:04.150 2026/05/26T14:48:48z: f0:24:f9:c6:c7:d9
 0h00:04.152 2026/05/26T14:48:48z: SSID: TEST-STA
1 BSEC warning code : 100

1 BSEC warning code : 100

 ets Jan  8 2013,rst cause:1, boot mode:(3,7)

load 0x4010f000, len 1384, room 16 
tail 8
chksum 0x2d
csum 0x2d
v8b899c12
~ld


7.04
 0h00:00.497 1970/01/01T08:00:00z: SPIFFS Active
 0h00:04.175 2026/05/26T15:08:28z: f0:24:f9:c6:c7:d9
 0h00:04.176 2026/05/26T15:08:28z: SSID: TEST-STA
1 BSEC warning code : 100

1 BSEC warning code : 100

 ets Jan  8 2013,rst cause:1, boot mode:(3,7)

load 0x4010f000, len 1384, room 16 
tail 8
chksum 0x2d
csum 0x2d
v8b899c12
~ld


7.04
 0h00:00.473 1970/01/01T08:00:00z: SPIFFS Active
 0h00:04.149 2026/05/26T15:28:09z: f0:24:f9:c6:c7:d9
 0h00:04.150 2026/05/26T15:28:09z: SSID: TEST-STA
1 BSEC warning code : 100

 ets Jan  8 2013,rst cause:1, boot mode:(3,7)

load 0x4010f000, len 1384, room 16 
tail 8
chksum 0x2d
csum 0x2d
v8b899c12
~ld


7.04
 0h00:00.442 1970/01/01T08:00:00z: SPIFFS Active
 0h00:04.118 2026/05/26T15:47:50z: f0:24:f9:c6:c7:d9
 0h00:04.120 2026/05/26T15:47:50z: SSID: TEST-STA
1 BSEC warning code : 100

1 BSEC warning code : 100

 ets Jan  8 2013,rst cause:1, boot mode:(3,7)

load 0x4010f000, len 1384, room 16 
tail 8
chksum 0x2d
csum 0x2d
v8b899c12
~ld


7.04
 0h00:00.429 1970/01/01T08:00:00z: SPIFFS Active
 0h00:04.105 2026/05/26T16:07:30z: f0:24:f9:c6:c7:d9
 0h00:04.106 2026/05/26T16:07:30z: SSID: TEST-STA
1 BSEC warning code : 100

 ets Jan  8 2013,rst cause:1, boot mode:(3,7)

load 0x4010f000, len 1384, room 16 
tail 8
chksum 0x2d
csum 0x2d
v8b899c12
~ld


7.04
 0h00:00.429 1970/01/01T08:00:00z: SPIFFS Active
 0h00:04.106 2026/05/26T16:27:10z: f0:24:f9:c6:c7:d9
 0h00:04.108 2026/05/26T16:27:10z: SSID: TEST-STA
1 BSEC warning code : 100

1 BSEC warning code : 100

 ets Jan  8 2013,rst cause:1, boot mode:(3,7)

load 0x4010f000, len 1384, room 16 
tail 8
chksum 0x2d
csum 0x2d
v8b899c12
~ld


7.04
 0h00:00.425 1970/01/01T08:00:00z: SPIFFS Active
 0h00:04.103 2026/05/26T16:46:50z: f0:24:f9:c6:c7:d9
 0h00:04.105 2026/05/26T16:46:50z: SSID: TEST-STA
1 BSEC warning code : 100

1 BSEC warning code : 100

 ets Jan  8 2013,rst cause:1, boot mode:(3,7)

load 0x4010f000, len 1384, room 16 
tail 8
chksum 0x2d
csum 0x2d
v8b899c12
~ld


7.04
 0h00:00.510 1970/01/01T08:00:00z: SPIFFS Active
 0h00:04.186 2026/05/26T17:06:31z: f0:24:f9:c6:c7:d9
 0h00:04.187 2026/05/26T17:06:31z: SSID: TEST-STA
1 BSEC warning code : 100

1 BSEC warning code : 100

 ets Jan  8 2013,rst cause:1, boot mode:(3,7)

load 0x4010f000, len 1384, room 16 
tail 8
chksum 0x2d
csum 0x2d
v8b899c12
~ld


7.04
 0h00:00.439 1970/01/01T08:00:00z: SPIFFS Active
 0h00:04.115 2026/05/26T17:26:12z: f0:24:f9:c6:c7:d9
 0h00:04.116 2026/05/26T17:26:12z: SSID: TEST-STA
1 BSEC warning code : 100

 ets Jan  8 2013,rst cause:1, boot mode:(3,7)

load 0x4010f000, len 1384, room 16 
tail 8
chksum 0x2d
csum 0x2d
v8b899c12
~ld


7.04
 0h00:00.431 1970/01/01T08:00:00z: SPIFFS Active
 0h00:04.107 2026/05/26T17:45:53z: f0:24:f9:c6:c7:d9
 0h00:04.109 2026/05/26T17:45:53z: SSID: TEST-STA
1 BSEC warning code : 100

 ets Jan  8 2013,rst cause:1, boot mode:(3,7)

load 0x4010f000, len 1384, room 16 
tail 8
chksum 0x2d
csum 0x2d
v8b899c12
~ld


7.04
 0h00:00.474 1970/01/01T08:00:00z: SPIFFS Active
 0h00:04.149 2026/05/26T18:05:33z: f0:24:f9:c6:c7:d9
 0h00:04.151 2026/05/26T18:05:33z: SSID: TEST-STA
1 BSEC warning code : 100

1 BSEC warning code : 100

 ets Jan  8 2013,rst cause:1, boot mode:(3,7)

load 0x4010f000, len 1384, room 16 
tail 8
chksum 0x2d
csum 0x2d
v8b899c12
~ld


7.04
 0h00:00.467 1970/01/01T08:00:00z: SPIFFS Active
 0h00:04.142 2026/05/26T18:25:13z: f0:24:f9:c6:c7:d9
 0h00:04.144 2026/05/26T18:25:13z: SSID: TEST-STA
1 BSEC warning code : 100

 ets Jan  8 2013,rst cause:1, boot mode:(3,7)

load 0x4010f000, len 1384, room 16 
tail 8
chksum 0x2d
csum 0x2d
v8b899c12
~ld


7.04
 0h00:00.465 1970/01/01T08:00:00z: SPIFFS Active
 0h00:04.141 2026/05/26T18:44:53z: f0:24:f9:c6:c7:d9
 0h00:04.142 2026/05/26T18:44:53z: SSID: TEST-STA
1 BSEC warning code : 100

1 BSEC warning code : 100

 ets Jan  8 2013,rst cause:1, boot mode:(3,7)

load 0x4010f000, len 1384, room 16 
tail 8
chksum 0x2d
csum 0x2d
v8b899c12
~ld


7.04
 0h00:00.429 1970/01/01T08:00:00z: SPIFFS Active
 0h00:04.105 2026/05/26T19:04:33z: f0:24:f9:c6:c7:d9
 0h00:04.106 2026/05/26T19:04:33z: SSID: TEST-STA
1 BSEC warning code : 100

 ets Jan  8 2013,rst cause:1, boot mode:(3,7)

load 0x4010f000, len 1384, room 16 
tail 8
chksum 0x2d
csum 0x2d
v8b899c12
~ld


7.04
 0h00:00.445 1970/01/01T08:00:00z: SPIFFS Active
 0h00:04.121 2026/05/26T19:24:13z: f0:24:f9:c6:c7:d9
 0h00:04.122 2026/05/26T19:24:13z: SSID: TEST-STA
1 BSEC warning code : 100

1 BSEC warning code : 100

 ets Jan  8 2013,rst cause:1, boot mode:(3,7)

load 0x4010f000, len 1384, room 16 
tail 8
chksum 0x2d
csum 0x2d
v8b899c12
~ld


7.04
 0h00:00.427 1970/01/01T08:00:00z: SPIFFS Active
 0h00:04.103 2026/05/26T19:43:53z: f0:24:f9:c6:c7:d9
 0h00:04.104 2026/05/26T19:43:53z: SSID: TEST-STA
1 BSEC warning code : 100

 ets Jan  8 2013,rst cause:1, boot mode:(3,7)

load 0x4010f000, len 1384, room 16 
tail 8
chksum 0x2d
csum 0x2d
v8b899c12
~ld


7.04
 0h00:00.461 1970/01/01T08:00:00z: SPIFFS Active
 0h00:04.137 2026/05/26T20:03:33z: f0:24:f9:c6:c7:d9
 0h00:04.138 2026/05/26T20:03:33z: SSID: TEST-STA
1 BSEC warning code : 100

 ets Jan  8 2013,rst cause:1, boot mode:(3,7)

load 0x4010f000, len 1384, room 16 
tail 8
chksum 0x2d
csum 0x2d
v8b899c12
~ld


7.04
 0h00:00.462 1970/01/01T08:00:00z: SPIFFS Active
 0h00:04.138 2026/05/26T20:23:13z: f0:24:f9:c6:c7:d9
 0h00:04.140 2026/05/26T20:23:13z: SSID: TEST-STA
1 BSEC warning code : 100

 ets Jan  8 2013,rst cause:1, boot mode:(3,7)

load 0x4010f000, len 1384, room 16 
tail 8
chksum 0x2d
csum 0x2d
v8b899c12
~ld


7.04
 0h00:00.430 1970/01/01T08:00:00z: SPIFFS Active
 0h00:04.107 2026/05/26T20:42:53z: f0:24:f9:c6:c7:d9
 0h00:04.108 2026/05/26T20:42:53z: SSID: TEST-STA
1 BSEC warning code : 100

1 BSEC warning code : 100

 ets Jan  8 2013,rst cause:1, boot mode:(3,7)

load 0x4010f000, len 1384, room 16 
tail 8
chksum 0x2d
csum 0x2d
v8b899c12
~ld


7.04
 0h00:00.426 1970/01/01T08:00:00z: SPIFFS Active
 0h00:04.102 2026/05/26T21:02:34z: f0:24:f9:c6:c7:d9
 0h00:04.104 2026/05/26T21:02:34z: SSID: TEST-STA
1 BSEC warning code : 100

 ets Jan  8 2013,rst cause:1, boot mode:(3,7)

load 0x4010f000, len 1384, room 16 
tail 8
chksum 0x2d
csum 0x2d
v8b899c12
~ld


7.04
 0h00:00.423 1970/01/01T08:00:00z: SPIFFS Active
 0h00:04.099 2026/05/26T21:22:14z: f0:24:f9:c6:c7:d9
 0h00:04.100 2026/05/26T21:22:14z: SSID: TEST-STA
1 BSEC warning code : 100

 ets Jan  8 2013,rst cause:1, boot mode:(3,7)

load 0x4010f000, len 1384, room 16 
tail 8
chksum 0x2d
csum 0x2d
v8b899c12
~ld


7.04
 0h00:00.459 1970/01/01T08:00:00z: SPIFFS Active
 0h00:04.135 2026/05/26T21:41:54z: f0:24:f9:c6:c7:d9
 0h00:04.137 2026/05/26T21:41:54z: SSID: TEST-STA
1 BSEC warning code : 100

 ets Jan  8 2013,rst cause:1, boot mode:(3,7)

load 0x4010f000, len 1384, room 16 
tail 8
chksum 0x2d
csum 0x2d
v8b899c12
~ld


7.04
 0h00:00.461 1970/01/01T08:00:00z: SPIFFS Active
 0h00:04.138 2026/05/26T22:01:35z: f0:24:f9:c6:c7:d9
 0h00:04.139 2026/05/26T22:01:35z: SSID: TEST-STA
1 BSEC warning code : 100

 ets Jan  8 2013,rst cause:1, boot mode:(3,7)

load 0x4010f000, len 1384, room 16 
tail 8
chksum 0x2d
csum 0x2d
v8b899c12
~ld


7.04
 0h00:00.468 1970/01/01T08:00:00z: SPIFFS Active
 0h00:04.145 2026/05/26T22:21:15z: f0:24:f9:c6:c7:d9
 0h00:04.146 2026/05/26T22:21:15z: SSID: TEST-STA
1 BSEC warning code : 100

1 BSEC warning code : 100

 ets Jan  8 2013,rst cause:1, boot mode:(3,7)

load 0x4010f000, len 1384, room 16 
tail 8
chksum 0x2d
csum 0x2d
v8b899c12
~ld


7.04
 0h00:00.462 1970/01/01T08:00:00z: SPIFFS Active
 0h00:04.138 2026/05/26T22:40:55z: f0:24:f9:c6:c7:d9
 0h00:04.139 2026/05/26T22:40:55z: SSID: TEST-STA
1 BSEC warning code : 100

1 BSEC warning code : 100

 ets Jan  8 2013,rst cause:1, boot mode:(3,7)

load 0x4010f000, len 1384, room 16 
tail 8
chksum 0x2d
csum 0x2d
v8b899c12
~ld


7.04
 0h00:00.453 1970/01/01T08:00:00z: SPIFFS Active
 0h00:04.129 2026/05/26T23:00:35z: f0:24:f9:c6:c7:d9
 0h00:04.131 2026/05/26T23:00:35z: SSID: TEST-STA
1 BSEC warning code : 100

 ets Jan  8 2013,rst cause:1, boot mode:(3,7)

load 0x4010f000, len 1384, room 16 
tail 8
chksum 0x2d
csum 0x2d
v8b899c12
~ld


7.04
 0h00:00.433 1970/01/01T08:00:00z: SPIFFS Active
 0h00:04.109 2026/05/26T23:20:16z: f0:24:f9:c6:c7:d9
 0h00:04.111 2026/05/26T23:20:16z: SSID: TEST-STA
1 BSEC warning code : 100

 ets Jan  8 2013,rst cause:1, boot mode:(3,7)

load 0x4010f000, len 1384, room 16 
tail 8
chksum 0x2d
csum 0x2d
v8b899c12
~ld


7.04
 0h00:00.426 1970/01/01T08:00:00z: SPIFFS Active
 0h00:04.103 2026/05/26T23:39:56z: f0:24:f9:c6:c7:d9
 0h00:04.104 2026/05/26T23:39:56z: SSID: TEST-STA
1 BSEC warning code : 100

1 BSEC warning code : 100

 ets Jan  8 2013,rst cause:1, boot mode:(3,7)

load 0x4010f000, len 1384, room 16 
tail 8
chksum 0x2d
csum 0x2d
v8b899c12
~ld


7.04
 0h00:00.423 1970/01/01T08:00:00z: SPIFFS Active
 0h00:04.099 2026/05/26T23:59:37z: f0:24:f9:c6:c7:d9
 0h00:04.101 2026/05/26T23:59:37z: SSID: TEST-STA