
1 BSEC warning code : 100

 ets Jan  8 2013,rst cause:1, boot mode:(3,7)

load 0x4010f000, len 1384, room 16 
tail 8
chksum 0x2d
csum 0x2d
v8b899c12
~ld


7.04
 0h00:00.421 1970/01/01T08:00:00z: SPIFFS Active
 0h00:04.097 2026/05/25T00:07:08z: f0:24:f9:c6:c7:d9
 0h00:04.098 2026/05/25T00:07:08z: SSID: TEST-STA
1 BSEC warning code : 100

 ets Jan  8 2013,rst cause:1, boot mode:(3,7)

load 0x4010f000, len 1384, room 16 
tail 8
chksum 0x2d
csum 0x2d
v8b899c12
~ld


7.04
 0h00:00.418 1970/01/01T08:00:00z: SPIFFS Active
 0h00:04.095 2026/05/25T00:26:50z: f0:24:f9:c6:c7:d9
 0h00:04.096 2026/05/25T00:26:50z: SSID: TEST-STA
1 BSEC warning code : 100

1 BSEC warning code : 100

 ets Jan  8 2013,rst cause:1, boot mode:(3,7)

load 0x4010f000, len 1384, room 16 
tail 8
chksum 0x2d
csum 0x2d
v8b899c12
~ld


7.04
 0h00:00.428 1970/01/01T08:00:00z: SPIFFS Active
 0h00:04.104 2026/05/25T00:46:30z: f0:24:f9:c6:c7:d9
 0h00:04.106 2026/05/25T00:46:30z: SSID: TEST-STA
1 BSEC warning code : 100

1 BSEC warning code : 100

 ets Jan  8 2013,rst cause:1, boot mode:(3,7)

load 0x4010f000, len 1384, room 16 
tail 8
chksum 0x2d
csum 0x2d
v8b899c12
~ld


7.04
 0h00:00.450 1970/01/01T08:00:00z: SPIFFS Active
 0h00:04.126 2026/05/25T01:06:11z: f0:24:f9:c6:c7:d9
 0h00:04.128 2026/05/25T01:06:11z: SSID: TEST-STA
1 BSEC warning code : 100

 ets Jan  8 2013,rst cause:1, boot mode:(3,7)

load 0x4010f000, len 1384, room 16 
tail 8
chksum 0x2d
csum 0x2d
v8b899c12
~ld


7.04
 0h00:00.429 1970/01/01T08:00:00z: SPIFFS Active
 0h00:04.106 2026/05/25T01:25:51z: f0:24:f9:c6:c7:d9
 0h00:04.107 2026/05/25T01:25:51z: SSID: TEST-STA
1 BSEC warning code : 100

1 BSEC warning code : 100

 ets Jan  8 2013,rst cause:1, boot mode:(3,7)

load 0x4010f000, len 1384, room 16 
tail 8
chksum 0x2d
csum 0x2d
v8b899c12
~ld


7.04
 0h00:00.462 1970/01/01T08:00:00z: SPIFFS Active
 0h00:04.139 2026/05/25T01:45:32z: f0:24:f9:c6:c7:d9
 0h00:04.140 2026/05/25T01:45:32z: SSID: TEST-STA
1 BSEC warning code : 100

 ets Jan  8 2013,rst cause:1, boot mode:(3,7)

load 0x4010f000, len 1384, room 16 
tail 8
chksum 0x2d
csum 0x2d
v8b899c12
~ld


7.04
 0h00:00.413 1970/01/01T08:00:00z: SPIFFS Active
 0h00:04.089 2026/05/25T02:05:12z: f0:24:f9:c6:c7:d9
 0h00:04.091 2026/05/25T02:05:12z: SSID: TEST-STA
1 BSEC warning code : 100

1 BSEC warning code : 100

 ets Jan  8 2013,rst cause:1, boot mode:(3,7)

load 0x4010f000, len 1384, room 16 
tail 8
chksum 0x2d
csum 0x2d
v8b899c12
~ld


7.04
 0h00:00.427 1970/01/01T08:00:00z: SPIFFS Active
 0h00:04.104 2026/05/25T02:24:53z: f0:24:f9:c6:c7:d9
 0h00:04.105 2026/05/25T02:24:53z: SSID: TEST-STA
1 BSEC warning code : 100

1 BSEC warning code : 100

 ets Jan  8 2013,rst cause:1, boot mode:(3,7)

load 0x4010f000, len 1384, room 16 
tail 8
chksum 0x2d
csum 0x2d
v8b899c12
~ld


7.04
 0h00:00.427 1970/01/01T08:00:00z: SPIFFS Active
 0h00:04.104 2026/05/25T02:44:33z: f0:24:f9:c6:c7:d9
 0h00:04.105 2026/05/25T02:44:33z: SSID: TEST-STA
1 BSEC warning code : 100

 ets Jan  8 2013,rst cause:1, boot mode:(3,7)

load 0x4010f000, len 1384, room 16 
tail 8
chksum 0x2d
csum 0x2d
v8b899c12
~ld


7.04
 0h00:00.430 1970/01/01T08:00:00z: SPIFFS Active
 0h00:04.106 2026/05/25T03:04:13z: f0:24:f9:c6:c7:d9
 0h00:04.108 2026/05/25T03:04:13z: SSID: TEST-STA
1 BSEC warning code : 100

 ets Jan  8 2013,rst cause:1, boot mode:(3,7)

load 0x4010f000, len 1384, room 16 
tail 8
chksum 0x2d
csum 0x2d
v8b899c12
~ld


7.04
 0h00:00.419 1970/01/01T08:00:00z: SPIFFS Active
 0h00:04.096 2026/05/25T03:23:54z: f0:24:f9:c6:c7:d9
 0h00:04.097 2026/05/25T03:23:54z: SSID: TEST-STA
1 BSEC warning code : 100

 ets Jan  8 2013,rst cause:1, boot mode:(3,7)

load 0x4010f000, len 1384, room 16 
tail 8
chksum 0x2d
csum 0x2d
v8b899c12
~ld


7.04
 0h00:00.430 1970/01/01T08:00:00z: SPIFFS Active
 0h00:04.107 2026/05/25T03:43:34z: f0:24:f9:c6:c7:d9
 0h00:04.108 2026/05/25T03:43:34z: SSID: TEST-STA
1 BSEC warning code : 100

 ets Jan  8 2013,rst cause:1, boot mode:(3,7)

load 0x4010f000, len 1384, room 16 
tail 8
chksum 0x2d
csum 0x2d
v8b899c12
~ld


7.04
 0h00:00.422 1970/01/01T08:00:00z: SPIFFS Active
 0h00:04.099 2026/05/25T04:03:15z: f0:24:f9:c6:c7:d9
 0h00:04.100 2026/05/25T04:03:15z: SSID: TEST-STA
1 BSEC warning code : 100

 ets Jan  8 2013,rst cause:1, boot mode:(3,7)

load 0x4010f000, len 1384, room 16 
tail 8
chksum 0x2d
csum 0x2d
v8b899c12
~ld


7.04
 0h00:00.431 1970/01/01T08:00:00z: SPIFFS Active
 0h00:04.108 2026/05/25T04:22:55z: f0:24:f9:c6:c7:d9
 0h00:04.110 2026/05/25T04:22:55z: SSID: TEST-STA
1 BSEC warning code : 100

 ets Jan  8 2013,rst cause:1, boot mode:(3,7)

load 0x4010f000, len 1384, room 16 
tail 8
chksum 0x2d
csum 0x2d
v8b899c12
~ld


7.04
 0h00:00.430 1970/01/01T08:00:00z: SPIFFS Active
 0h00:04.107 2026/05/25T04:42:35z: f0:24:f9:c6:c7:d9
 0h00:04.109 2026/05/25T04:42:35z: SSID: TEST-STA
1 BSEC warning code : 100

 ets Jan  8 2013,rst cause:1, boot mode:(3,7)

load 0x4010f000, len 1384, room 16 
tail 8
chksum 0x2d
csum 0x2d
v8b899c12
~ld


7.04
 0h00:00.432 1970/01/01T08:00:00z: SPIFFS Active
 0h00:04.109 2026/05/25T05:02:15z: f0:24:f9:c6:c7:d9
 0h00:04.110 2026/05/25T05:02:15z: SSID: TEST-STA
1 BSEC warning code : 100

 ets Jan  8 2013,rst cause:1, boot mode:(3,7)

load 0x4010f000, len 1384, room 16 
tail 8
chksum 0x2d
csum 0x2d
v8b899c12
~ld


7.04
 0h00:00.429 1970/01/01T08:00:00z: SPIFFS Active
 0h00:04.106 2026/05/25T05:21:56z: f0:24:f9:c6:c7:d9
 0h00:04.108 2026/05/25T05:21:56z: SSID: TEST-STA
1 BSEC warning code : 100

 ets Jan  8 2013,rst cause:1, boot mode:(3,7)

load 0x4010f000, len 1384, room 16 
tail 8
chksum 0x2d
csum 0x2d
v8b899c12
~ld


7.04
 0h00:00.465 1970/01/01T08:00:00z: SPIFFS Active
 0h00:04.142 2026/05/25T05:41:36z: f0:24:f9:c6:c7:d9
 0h00:04.143 2026/05/25T05:41:36z: SSID: TEST-STA
1 BSEC warning code : 100

1 BSEC warning code : 100

 ets Jan  8 2013,rst cause:1, boot mode:(3,7)

load 0x4010f000, len 1384, room 16 
tail 8
chksum 0x2d
csum 0x2d
v8b899c12
~ld


7.04
 0h00:00.429 1970/01/01T08:00:00z: SPIFFS Active
 0h00:04.106 2026/05/25T06:01:17z: f0:24:f9:c6:c7:d9
 0h00:04.107 2026/05/25T06:01:17z: SSID: TEST-STA
1 BSEC warning code : 100

1 BSEC warning code : 100

 ets Jan  8 2013,rst cause:1, boot mode:(3,7)

load 0x4010f000, len 1384, room 16 
tail 8
chksum 0x2d
csum 0x2d
v8b899c12
~ld


7.04
 0h00:00.435 1970/01/01T08:00:00z: SPIFFS Active
 0h00:04.112 2026/05/25T06:20:57z: f0:24:f9:c6:c7:d9
 0h00:04.113 2026/05/25T06:20:57z: SSID: TEST-STA
1 BSEC warning code : 100

 ets Jan  8 2013,rst cause:1, boot mode:(3,7)

load 0x4010f000, len 1384, room 16 
tail 8
chksum 0x2d
csum 0x2d
v8b899c12
~ld


7.04
 0h00:00.430 1970/01/01T08:00:00z: SPIFFS Active
 0h00:04.107 2026/05/25T06:40:37z: f0:24:f9:c6:c7:d9
 0h00:04.109 2026/05/25T06:40:37z: SSID: TEST-STA
1 BSEC warning code : 100

 ets Jan  8 2013,rst cause:1, boot mode:(3,7)

load 0x4010f000, len 1384, room 16 
tail 8
chksum 0x2d
csum 0x2d
v8b899c12
~ld


7.04
 0h00:00.429 1970/01/01T08:00:00z: SPIFFS Active
 0h00:04.106 2026/05/25T07:00:17z: f0:24:f9:c6:c7:d9
 0h00:04.107 2026/05/25T07:00:17z: SSID: TEST-STA
1 BSEC warning code : 100

 ets Jan  8 2013,rst cause:1, boot mode:(3,7)

load 0x4010f000, len 1384, room 16 
tail 8
chksum 0x2d
csum 0x2d
v8b899c12
~ld


7.04
 0h00:00.426 1970/01/01T08:00:00z: SPIFFS Active
 0h00:04.103 2026/05/25T07:19:57z: f0:24:f9:c6:c7:d9
 0h00:04.105 2026/05/25T07:19:57z: SSID: TEST-STA
1 BSEC warning code : 100

1 BSEC warning code : 100

 ets Jan  8 2013,rst cause:1, boot mode:(3,7)

load 0x4010f000, len 1384, room 16 
tail 8
chksum 0x2d
csum 0x2d
v8b899c12
~ld


7.04
 0h00:00.461 1970/01/01T08:00:00z: SPIFFS Active
 0h00:04.138 2026/05/25T07:39:38z: f0:24:f9:c6:c7:d9
 0h00:04.140 2026/05/25T07:39:38z: SSID: TEST-STA
1 BSEC warning code : 100

 ets Jan  8 2013,rst cause:1, boot mode:(3,7)

load 0x4010f000, len 1384, room 16 
tail 8
chksum 0x2d
csum 0x2d
v8b899c12
~ld


7.04
 0h00:00.435 1970/01/01T08:00:00z: SPIFFS Active
 0h00:04.112 2026/05/25T07:59:19z: f0:24:f9:c6:c7:d9
 0h00:04.114 2026/05/25T07:59:19z: SSID: TEST-STA
1 BSEC warning code : 100

 ets Jan  8 2013,rst cause:1, boot mode:(3,7)

load 0x4010f000, len 1384, room 16 
tail 8
chksum 0x2d
csum 0x2d
v8b899c12
~ld


7.04
 0h00:00.470 1970/01/01T08:00:00z: SPIFFS Active
 0h00:04.147 2026/05/25T08:19:00z: f0:24:f9:c6:c7:d9
 0h00:04.149 2026/05/25T08:19:00z: SSID: TEST-STA
1 BSEC warning code : 100

1 BSEC warning code : 100

 ets Jan  8 2013,rst cause:1, boot mode:(3,7)

load 0x4010f000, len 1384, room 16 
tail 8
chksum 0x2d
csum 0x2d
v8b899c12
~ld


7.04
 0h00:00.496 1970/01/01T08:00:00z: SPIFFS Active
 0h00:04.172 2026/05/25T08:38:41z: f0:24:f9:c6:c7:d9
 0h00:04.174 2026/05/25T08:38:41z: SSID: TEST-STA
1 BSEC warning code : 100

1 BSEC warning code : 100

 ets Jan  8 2013,rst cause:1, boot mode:(3,7)

load 0x4010f000, len 1384, room 16 
tail 8
chksum 0x2d
csum 0x2d
v8b899c12
~ld


7.04
 0h00:00.430 1970/01/01T08:00:00z: SPIFFS Active
 0h00:04.107 2026/05/25T08:58:22z: f0:24:f9:c6:c7:d9
 0h00:04.108 2026/05/25T08:58:22z: SSID: TEST-STA
1 BSEC warning code : 100

 ets Jan  8 2013,rst cause:1, boot mode:(3,7)

load 0x4010f000, len 1384, room 16 
tail 8
chksum 0x2d
csum 0x2d
v8b899c12
~ld


7.04
 0h00:00.459 1970/01/01T08:00:00z: SPIFFS Active
 0h00:04.136 2026/05/25T09:18:03z: f0:24:f9:c6:c7:d9
 0h00:04.137 2026/05/25T09:18:03z: SSID: TEST-STA
1 BSEC warning code : 100

 ets Jan  8 2013,rst cause:1, boot mode:(3,7)

load 0x4010f000, len 1384, room 16 
tail 8
chksum 0x2d
csum 0x2d
v8b899c12
~ld


7.04
 0h00:00.418 1970/01/01T08:00:00z: SPIFFS Active
 0h00:04.095 2026/05/25T09:37:43z: f0:24:f9:c6:c7:d9
 0h00:04.096 2026/05/25T09:37:43z: SSID: TEST-STA
1 BSEC warning code : 100

 ets Jan  8 2013,rst cause:1, boot mode:(3,7)

load 0x4010f000, len 1384, room 16 
tail 8
chksum 0x2d
csum 0x2d
v8b899c12
~ld


7.04
 0h00:00.429 1970/01/01T08:00:00z: SPIFFS Active
 0h00:04.107 2026/05/25T09:57:23z: f0:24:f9:c6:c7:d9
 0h00:04.108 2026/05/25T09:57:23z: SSID: TEST-STA
1 BSEC warning code : 100

 ets Jan  8 2013,rst cause:1, boot mode:(3,7)

load 0x4010f000, len 1384, room 16 
tail 8
chksum 0x2d
csum 0x2d
v8b899c12
~ld


7.04
 0h00:00.454 1970/01/01T08:00:00z: SPIFFS Active
 0h00:04.131 2026/05/25T10:17:04z: f0:24:f9:c6:c7:d9
 0h00:04.132 2026/05/25T10:17:04z: SSID: TEST-STA
1 BSEC warning code : 100

 ets Jan  8 2013,rst cause:1, boot mode:(3,7)

load 0x4010f000, len 1384, room 16 
tail 8
chksum 0x2d
csum 0x2d
v8b899c12
~ld


7.04
 0h00:00.431 1970/01/01T08:00:00z: SPIFFS Active
 0h00:04.108 2026/05/25T10:36:44z: f0:24:f9:c6:c7:d9
 0h00:04.110 2026/05/25T10:36:44z: SSID: TEST-STA
1 BSEC warning code : 100

1 BSEC warning code : 100

 ets Jan  8 2013,rst cause:1, boot mode:(3,7)

load 0x4010f000, len 1384, room 16 
tail 8
chksum 0x2d
csum 0x2d
v8b899c12
~ld


7.04
 0h00:00.439 1970/01/01T08:00:00z: SPIFFS Active
 0h00:04.117 2026/05/25T10:56:24z: f0:24:f9:c6:c7:d9
 0h00:04.118 2026/05/25T10:56:24z: SSID: TEST-STA
1 BSEC warning code : 100

 ets Jan  8 2013,rst cause:1, boot mode:(3,7)

load 0x4010f000, len 1384, room 16 
tail 8
chksum 0x2d
csum 0x2d
v8b899c12
~ld


7.04
 0h00:00.430 1970/01/01T08:00:00z: SPIFFS Active
 0h00:04.108 2026/05/25T11:16:05z: f0:24:f9:c6:c7:d9
 0h00:04.109 2026/05/25T11:16:05z: SSID: TEST-STA
1 BSEC warning code : 100

 ets Jan  8 2013,rst cause:1, boot mode:(3,7)

load 0x4010f000, len 1384, room 16 
tail 8
chksum 0x2d
csum 0x2d
v8b899c12
~ld


7.04
 0h00:00.438 1970/01/01T08:00:00z: SPIFFS Active
 0h00:04.115 2026/05/25T11:35:46z: f0:24:f9:c6:c7:d9
 0h00:04.116 2026/05/25T11:35:46z: SSID: TEST-STA
1 BSEC warning code : 100

1 BSEC warning code : 100

 ets Jan  8 2013,rst cause:1, boot mode:(3,7)

load 0x4010f000, len 1384, room 16 
tail 8
chksum 0x2d
csum 0x2d
v8b899c12
~ld


7.04
 0h00:00.431 1970/01/01T08:00:00z: SPIFFS Active
 0h00:04.109 2026/05/25T11:55:26z: f0:24:f9:c6:c7:d9
 0h00:04.110 2026/05/25T11:55:26z: SSID: TEST-STA
1 BSEC warning code : 100

 ets Jan  8 2013,rst cause:1, boot mode:(3,7)

load 0x4010f000, len 1384, room 16 
tail 8
chksum 0x2d
csum 0x2d
v8b899c12
~ld


7.04
 0h00:00.475 1970/01/01T08:00:00z: SPIFFS Active
 0h00:04.153 2026/05/25T12:15:06z: f0:24:f9:c6:c7:d9
 0h00:04.154 2026/05/25T12:15:06z: SSID: TEST-STA
1 BSEC warning code : 100

1 BSEC warning code : 100

 ets Jan  8 2013,rst cause:1, boot mode:(3,7)

load 0x4010f000, len 1384, room 16 
tail 8
chksum 0x2d
csum 0x2d
v8b899c12
~ld


7.04
 0h00:00.434 1970/01/01T08:00:00z: SPIFFS Active
 0h00:04.111 2026/05/25T12:34:46z: f0:24:f9:c6:c7:d9
 0h00:04.112 2026/05/25T12:34:46z: SSID: TEST-STA
1 BSEC warning code : 100

1 BSEC warning code : 100

 ets Jan  8 2013,rst cause:1, boot mode:(3,7)

load 0x4010f000, len 1384, room 16 
tail 8
chksum 0x2d
csum 0x2d
v8b899c12
~ld


7.04
 0h00:00.434 1970/01/01T08:00:00z: SPIFFS Active
 0h00:04.111 2026/05/25T12:54:28z: f0:24:f9:c6:c7:d9
 0h00:04.113 2026/05/25T12:54:28z: SSID: TEST-STA
1 BSEC warning code : 100

 ets Jan  8 2013,rst cause:1, boot mode:(3,7)

load 0x4010f000, len 1384, room 16 
tail 8
chksum 0x2d
csum 0x2d
v8b899c12
~ld


7.04
 0h00:00.469 1970/01/01T08:00:00z: SPIFFS Active
 0h00:04.146 2026/05/25T13:14:08z: f0:24:f9:c6:c7:d9
 0h00:04.148 2026/05/25T13:14:08z: SSID: TEST-STA
1 BSEC warning code : 100

1 BSEC warning code : 100

 ets Jan  8 2013,rst cause:1, boot mode:(3,7)

load 0x4010f000, len 1384, room 16 
tail 8
chksum 0x2d
csum 0x2d
v8b899c12
~ld


7.04
 0h00:00.470 1970/01/01T08:00:00z: SPIFFS Active
 0h00:04.147 2026/05/25T13:33:49z: f0:24:f9:c6:c7:d9
 0h00:04.149 2026/05/25T13:33:49z: SSID: TEST-STA
1 BSEC warning code : 100

 ets Jan  8 2013,rst cause:1, boot mode:(3,7)

load 0x4010f000, len 1384, room 16 
tail 8
chksum 0x2d
csum 0x2d
v8b899c12
~ld


7.04
 0h00:00.434 1970/01/01T08:00:00z: SPIFFS Active
 0h00:04.111 2026/05/25T13:53:29z: f0:24:f9:c6:c7:d9
 0h00:04.113 2026/05/25T13:53:29z: SSID: TEST-STA
1 BSEC warning code : 100

1 BSEC warning code : 100

 ets Jan  8 2013,rst cause:1, boot mode:(3,7)

load 0x4010f000, len 1384, room 16 
tail 8
chksum 0x2d
csum 0x2d
v8b899c12
~ld


7.04
 0h00:00.481 1970/01/01T08:00:00z: SPIFFS Active
 0h00:04.156 2026/05/25T14:13:09z: f0:24:f9:c6:c7:d9
 0h00:04.158 2026/05/25T14:13:09z: SSID: TEST-STA
1 BSEC warning code : 100

 ets Jan  8 2013,rst cause:1, boot mode:(3,7)

load 0x4010f000, len 1384, room 16 
tail 8
chksum 0x2d
csum 0x2d
v8b899c12
~ld


7.04
 0h00:00.467 1970/01/01T08:00:00z: SPIFFS Active
 0h00:04.143 2026/05/25T14:32:49z: f0:24:f9:c6:c7:d9
 0h00:04.144 2026/05/25T14:32:49z: SSID: TEST-STA
1 BSEC warning code : 100

 ets Jan  8 2013,rst cause:1, boot mode:(3,7)

load 0x4010f000, len 1384, room 16 
tail 8
chksum 0x2d
csum 0x2d
v8b899c12
~ld


7.04
 0h00:00.465 1970/01/01T08:00:00z: SPIFFS Active
 0h00:04.141 2026/05/25T14:52:30z: f0:24:f9:c6:c7:d9
 0h00:04.142 2026/05/25T14:52:30z: SSID: TEST-STA
1 BSEC warning code : 100

1 BSEC warning code : 100

 ets Jan  8 2013,rst cause:1, boot mode:(3,7)

load 0x4010f000, len 1384, room 16 
tail 8
chksum 0x2d
csum 0x2d
v8b899c12
~ld


7.04
 0h00:00.467 1970/01/01T08:00:00z: SPIFFS Active
 0h00:04.143 2026/05/25T15:12:10z: f0:24:f9:c6:c7:d9
 0h00:04.145 2026/05/25T15:12:10z: SSID: TEST-STA
1 BSEC warning code : 100

 ets Jan  8 2013,rst cause:1, boot mode:(3,7)

load 0x4010f000, len 1384, room 16 
tail 8
chksum 0x2d
csum 0x2d
v8b899c12
~ld


7.04
 0h00:00.466 1970/01/01T08:00:00z: SPIFFS Active
 0h00:04.144 2026/05/25T15:31:50z: f0:24:f9:c6:c7:d9
 0h00:04.145 2026/05/25T15:31:50z: SSID: TEST-STA
1 BSEC warning code : 100

 ets Jan  8 2013,rst cause:1, boot mode:(3,7)

load 0x4010f000, len 1384, room 16 
tail 8
chksum 0x2d
csum 0x2d
v8b899c12
~ld


7.04
 0h00:00.429 1970/01/01T08:00:00z: SPIFFS Active
 0h00:04.106 2026/05/25T15:51:30z: f0:24:f9:c6:c7:d9
 0h00:04.108 2026/05/25T15:51:30z: SSID: TEST-STA
1 BSEC warning code : 100

1 BSEC warning code : 100

 ets Jan  8 2013,rst cause:1, boot mode:(3,7)

load 0x4010f000, len 1384, room 16 
tail 8
chksum 0x2d
csum 0x2d
v8b899c12
~ld


7.04
 0h00:00.435 1970/01/01T08:00:00z: SPIFFS Active
 0h00:04.113 2026/05/25T16:11:11z: f0:24:f9:c6:c7:d9
 0h00:04.114 2026/05/25T16:11:11z: SSID: TEST-STA
1 BSEC warning code : 100

 ets Jan  8 2013,rst cause:1, boot mode:(3,7)

load 0x4010f000, len 1384, room 16 
tail 8
chksum 0x2d
csum 0x2d
v8b899c12
~ld


7.04
 0h00:00.436 1970/01/01T08:00:00z: SPIFFS Active
 0h00:04.112 2026/05/25T16:30:52z: f0:24:f9:c6:c7:d9
 0h00:04.113 2026/05/25T16:30:52z: SSID: TEST-STA
1 BSEC warning code : 100

1 BSEC warning code : 100

 ets Jan  8 2013,rst cause:1, boot mode:(3,7)

load 0x4010f000, len 1384, room 16 
tail 8
chksum 0x2d
csum 0x2d
v8b899c12
~ld


7.04
 0h00:00.463 1970/01/01T08:00:00z: SPIFFS Active
 0h00:04.139 2026/05/25T16:50:33z: f0:24:f9:c6:c7:d9
 0h00:04.140 2026/05/25T16:50:33z: SSID: TEST-STA
1 BSEC warning code : 100

1 BSEC warning code : 100

 ets Jan  8 2013,rst cause:1, boot mode:(3,7)

load 0x4010f000, len 1384, room 16 
tail 8
chksum 0x2d
csum 0x2d
v8b899c12
~ld


7.04
 0h00:00.460 1970/01/01T08:00:00z: SPIFFS Active
 0h00:04.135 2026/05/25T17:10:14z: f0:24:f9:c6:c7:d9
 0h00:04.137 2026/05/25T17:10:14z: SSID: TEST-STA
1 BSEC warning code : 100

 ets Jan  8 2013,rst cause:1, boot mode:(3,7)

load 0x4010f000, len 1384, room 16 
tail 8
chksum 0x2d
csum 0x2d
v8b899c12
~ld


7.04
 0h00:00.435 1970/01/01T08:00:00z: SPIFFS Active
 0h00:04.111 2026/05/25T17:29:54z: f0:24:f9:c6:c7:d9
 0h00:04.112 2026/05/25T17:29:54z: SSID: TEST-STA
1 BSEC warning code : 100

 ets Jan  8 2013,rst cause:1, boot mode:(3,7)

load 0x4010f000, len 1384, room 16 
tail 8
chksum 0x2d
csum 0x2d
v8b899c12
~ld


7.04
 0h00:00.436 1970/01/01T08:00:00z: SPIFFS Active
 0h00:04.112 2026/05/25T17:49:35z: f0:24:f9:c6:c7:d9
 0h00:04.114 2026/05/25T17:49:35z: SSID: TEST-STA
1 BSEC warning code : 100

 ets Jan  8 2013,rst cause:1, boot mode:(3,7)

load 0x4010f000, len 1384, room 16 
tail 8
chksum 0x2d
csum 0x2d
v8b899c12
~ld


7.04
 0h00:00.461 1970/01/01T08:00:00z: SPIFFS Active
 0h00:04.137 2026/05/25T18:09:15z: f0:24:f9:c6:c7:d9
 0h00:04.138 2026/05/25T18:09:15z: SSID: TEST-STA
1 BSEC warning code : 100

 ets Jan  8 2013,rst cause:1, boot mode:(3,7)

load 0x4010f000, len 1384, room 16 
tail 8
chksum 0x2d
csum 0x2d
v8b899c12
~ld


7.04
 0h00:00.435 1970/01/01T08:00:00z: SPIFFS Active
 0h00:04.110 2026/05/25T18:28:55z: f0:24:f9:c6:c7:d9
 0h00:04.112 2026/05/25T18:28:55z: SSID: TEST-STA
1 BSEC warning code : 100

1 BSEC warning code : 100

 ets Jan  8 2013,rst cause:1, boot mode:(3,7)

load 0x4010f000, len 1384, room 16 
tail 8
chksum 0x2d
csum 0x2d
v8b899c12
~ld


7.04
 0h00:00.462 1970/01/01T08:00:00z: SPIFFS Active
 0h00:04.138 2026/05/25T18:48:35z: f0:24:f9:c6:c7:d9
 0h00:04.140 2026/05/25T18:48:35z: SSID: TEST-STA
1 BSEC warning code : 100

 ets Jan  8 2013,rst cause:1, boot mode:(3,7)

load 0x4010f000, len 1384, room 16 
tail 8
chksum 0x2d
csum 0x2d
v8b899c12
~ld


7.04
 0h00:00.473 1970/01/01T08:00:00z: SPIFFS Active
 0h00:04.149 2026/05/25T19:08:16z: f0:24:f9:c6:c7:d9
 0h00:04.150 2026/05/25T19:08:16z: SSID: TEST-STA
1 BSEC warning code : 100

 ets Jan  8 2013,rst cause:1, boot mode:(3,7)

load 0x4010f000, len 1384, room 16 
tail 8
chksum 0x2d
csum 0x2d
v8b899c12
~ld


7.04
 0h00:00.428 1970/01/01T08:00:00z: SPIFFS Active
 0h00:04.104 2026/05/25T19:27:57z: f0:24:f9:c6:c7:d9
 0h00:04.106 2026/05/25T19:27:57z: SSID: TEST-STA
1 BSEC warning code : 100

1 BSEC warning code : 100

 ets Jan  8 2013,rst cause:1, boot mode:(3,7)

load 0x4010f000, len 1384, room 16 
tail 8
chksum 0x2d
csum 0x2d
v8b899c12
~ld


7.04
 0h00:00.469 1970/01/01T08:00:00z: SPIFFS Active
 0h00:04.145 2026/05/25T19:47:38z: f0:24:f9:c6:c7:d9
 0h00:04.147 2026/05/25T19:47:38z: SSID: TEST-STA
1 BSEC warning code : 100

1 BSEC warning code : 100

 ets Jan  8 2013,rst cause:1, boot mode:(3,7)

load 0x4010f000, len 1384, room 16 
tail 8
chksum 0x2d
csum 0x2d
v8b899c12
~ld


7.04
 0h00:00.472 1970/01/01T08:00:00z: SPIFFS Active
 0h00:04.148 2026/05/25T20:07:19z: f0:24:f9:c6:c7:d9
 0h00:04.149 2026/05/25T20:07:19z: SSID: TEST-STA
1 BSEC warning code : 100

 ets Jan  8 2013,rst cause:1, boot mode:(3,7)

load 0x4010f000, len 1384, room 16 
tail 8
chksum 0x2d
csum 0x2d
v8b899c12
~ld


7.04
 0h00:00.432 1970/01/01T08:00:00z: SPIFFS Active
 0h00:04.108 2026/05/25T20:27:00z: f0:24:f9:c6:c7:d9
 0h00:04.109 2026/05/25T20:27:00z: SSID: TEST-STA
1 BSEC warning code : 100

1 BSEC warning code : 100

 ets Jan  8 2013,rst cause:1, boot mode:(3,7)

load 0x4010f000, len 1384, room 16 
tail 8
chksum 0x2d
csum 0x2d
v8b899c12
~ld


7.04
 0h00:00.471 1970/01/01T08:00:00z: SPIFFS Active
 0h00:04.147 2026/05/25T20:46:41z: f0:24:f9:c6:c7:d9
 0h00:04.149 2026/05/25T20:46:41z: SSID: TEST-STA
1 BSEC warning code : 100

 ets Jan  8 2013,rst cause:1, boot mode:(3,7)

load 0x4010f000, len 1384, room 16 
tail 8
chksum 0x2d
csum 0x2d
v8b899c12
~ld


7.04
 0h00:00.429 1970/01/01T08:00:00z: SPIFFS Active
 0h00:04.105 2026/05/25T21:06:22z: f0:24:f9:c6:c7:d9
 0h00:04.106 2026/05/25T21:06:22z: SSID: TEST-STA
1 BSEC warning code : 100

 ets Jan  8 2013,rst cause:1, boot mode:(3,7)

load 0x4010f000, len 1384, room 16 
tail 8
chksum 0x2d
csum 0x2d
v8b899c12
~ld


7.04
 0h00:00.426 1970/01/01T08:00:00z: SPIFFS Active
 0h00:04.102 2026/05/25T21:26:03z: f0:24:f9:c6:c7:d9
 0h00:04.104 2026/05/25T21:26:03z: SSID: TEST-STA
1 BSEC warning code : 100

1 BSEC warning code : 100

 ets Jan  8 2013,rst cause:1, boot mode:(3,7)

load 0x4010f000, len 1384, room 16 
tail 8
chksum 0x2d
csum 0x2d
v8b899c12
~ld


7.04
 0h00:00.469 1970/01/01T08:00:00z: SPIFFS Active
 0h00:04.145 2026/05/25T21:45:43z: f0:24:f9:c6:c7:d9
 0h00:04.147 2026/05/25T21:45:43z: SSID: TEST-STA
1 BSEC warning code : 100

 ets Jan  8 2013,rst cause:1, boot mode:(3,7)

load 0x4010f000, len 1384, room 16 
tail 8
chksum 0x2d
csum 0x2d
v8b899c12
~ld


7.04
 0h00:00.464 1970/01/01T08:00:00z: SPIFFS Active
 0h00:04.140 2026/05/25T22:05:23z: f0:24:f9:c6:c7:d9
 0h00:04.142 2026/05/25T22:05:23z: SSID: TEST-STA
1 BSEC warning code : 100

 ets Jan  8 2013,rst cause:1, boot mode:(3,7)

load 0x4010f000, len 1384, room 16 
tail 8
chksum 0x2d
csum 0x2d
v8b899c12
~ld


7.04
 0h00:00.472 1970/01/01T08:00:00z: SPIFFS Active
 0h00:04.148 2026/05/25T22:25:05z: f0:24:f9:c6:c7:d9
 0h00:04.150 2026/05/25T22:25:05z: SSID: TEST-STA
1 BSEC warning code : 100

 ets Jan  8 2013,rst cause:1, boot mode:(3,7)

load 0x4010f000, len 1384, room 16 
tail 8
chksum 0x2d
csum 0x2d
v8b899c12
~ld


7.04
 0h00:00.471 1970/01/01T08:00:00z: SPIFFS Active
 0h00:04.147 2026/05/25T22:44:45z: f0:24:f9:c6:c7:d9
 0h00:04.149 2026/05/25T22:44:45z: SSID: TEST-STA
1 BSEC warning code : 100

 ets Jan  8 2013,rst cause:1, boot mode:(3,7)

load 0x4010f000, len 1384, room 16 
tail 8
chksum 0x2d
csum 0x2d
v8b899c12
~ld


7.04
 0h00:00.431 1970/01/01T08:00:00z: SPIFFS Active
 0h00:04.107 2026/05/25T23:04:25z: f0:24:f9:c6:c7:d9
 0h00:04.109 2026/05/25T23:04:25z: SSID: TEST-STA
1 BSEC warning code : 100

 ets Jan  8 2013,rst cause:1, boot mode:(3,7)

load 0x4010f000, len 1384, room 16 
tail 8
chksum 0x2d
csum 0x2d
v8b899c12
~ld


7.04
 0h00:00.431 1970/01/01T08:00:00z: SPIFFS Active
 0h00:04.107 2026/05/25T23:24:06z: f0:24:f9:c6:c7:d9
 0h00:04.108 2026/05/25T23:24:06z: SSID: TEST-STA
1 BSEC warning code : 100

 ets Jan  8 2013,rst cause:1, boot mode:(3,7)

load 0x4010f000, len 1384, room 16 
tail 8
chksum 0x2d
csum 0x2d
v8b899c12
~ld


7.04
 0h00:00.468 1970/01/01T08:00:00z: SPIFFS Active
 0h00:04.144 2026/05/25T23:43:46z: f0:24:f9:c6:c7:d9
 0h00:04.146 2026/05/25T23:43:46z: SSID: TEST-STA
1 BSEC warning code : 100
