
1 BSEC warning code : 100

1 BSEC warning code : 100

 ets Jan  8 2013,rst cause:1, boot mode:(3,7)

load 0x4010f000, len 1384, room 16 
tail 8
chksum 0x2d
csum 0x2d
v8b899c12
~ld


7.04
 0h00:00.519 1970/01/01T08:00:00z: SPIFFS Active
 0h00:04.194 2026/05/20T20:46:26z: f0:24:f9:c6:91:c0
 0h00:04.196 2026/05/20T20:46:26z: SSID: TEST-STA
1 BSEC warning code : 100

 ets Jan  8 2013,rst cause:1, boot mode:(3,7)

load 0x4010f000, len 1384, room 16 
tail 8
chksum 0x2d
csum 0x2d
v8b899c12
~ld


7.04
 0h00:00.504 1970/01/01T08:00:00z: SPIFFS Active
 0h00:04.180 2026/05/20T22:37:21z: f0:24:f9:c6:91:c0
 0h00:04.181 2026/05/20T22:37:21z: SSID: TEST-STA
1 BSEC warning code : 100

 ets Jan  8 2013,rst cause:1, boot mode:(3,7)

load 0x4010f000, len 1384, room 16 
tail 8
chksum 0x2d
csum 0x2d
v8b899c12
~ld


7.04
 0h00:00.489 1970/01/01T08:00:00z: SPIFFS Active
 0h00:04.164 2026/05/20T22:57:01z: f0:24:f9:c6:91:c0
 0h00:04.165 2026/05/20T22:57:01z: SSID: TEST-STA
1 BSEC warning code : 100

 ets Jan  8 2013,rst cause:1, boot mode:(3,7)

load 0x4010f000, len 1384, room 16 
tail 8
chksum 0x2d
csum 0x2d
v8b899c12
~ld


7.04
 0h00:00.499 1970/01/01T08:00:00z: SPIFFS Active
 0h00:04.175 2026/05/20T23:16:41z: f0:24:f9:c6:91:c0
 0h00:04.176 2026/05/20T23:16:41z: SSID: TEST-STA
1 BSEC warning code : 100

 ets Jan  8 2013,rst cause:1, boot mode:(3,7)

load 0x4010f000, len 1384, room 16 
tail 8
chksum 0x2d
csum 0x2d
v8b899c12
~ld


7.04
 0h00:00.541 1970/01/01T08:00:00z: SPIFFS Active
 0h00:04.217 2026/05/20T23:36:22z: f0:24:f9:c6:91:c0
 0h00:04.218 2026/05/20T23:36:22z: SSID: TEST-STA
1 BSEC warning code : 100

1 BSEC warning code : 100

 ets Jan  8 2013,rst cause:1, boot mode:(3,7)

load 0x4010f000, len 1384, room 16 
tail 8
chksum 0x2d
csum 0x2d
v8b899c12
~ld


7.04
 0h00:00.492 1970/01/01T08:00:00z: SPIFFS Active
 0h00:04.168 2026/05/20T23:56:03z: f0:24:f9:c6:91:c0
 0h00:04.170 2026/05/20T23:56:03z: SSID: TEST-STA
1 BSEC warning code : 100
