
 ets Jan  8 2013,rst cause:1, boot mode:(3,7)

load 0x4010f000, len 1384, room 16 
tail 8
chksum 0x2d
csum 0x2d
v8b899c12
~ld


7.04
 0h00:00.486 1970/01/01T08:00:00z: SPIFFS Active
 0h00:04.162 2026/05/30T00:07:46z: f0:24:f9:c6:e3:c5
 0h00:04.163 2026/05/30T00:07:46z: SSID: TEST-STA
1 BSEC warning code : 100

 ets Jan  8 2013,rst cause:1, boot mode:(3,7)

load 0x4010f000, len 1384, room 16 
tail 8
chksum 0x2d
csum 0x2d
v8b899c12
~ld


7.04
 0h00:00.454 1970/01/01T08:00:00z: SPIFFS Active
 0h00:04.130 2026/05/30T00:27:27z: f0:24:f9:c6:e3:c5
 0h00:04.131 2026/05/30T00:27:27z: SSID: TEST-STA
1 BSEC warning code : 100

 ets Jan  8 2013,rst cause:1, boot mode:(3,7)

load 0x4010f000, len 1384, room 16 
tail 8
chksum 0x2d
csum 0x2d
v8b899c12
~ld


7.04
 0h00:00.515 1970/01/01T08:00:00z: SPIFFS Active
 0h00:04.191 2026/05/30T00:47:08z: f0:24:f9:c6:e3:c5
 0h00:04.192 2026/05/30T00:47:08z: SSID: TEST-STA
1 BSEC warning code : 100

1 BSEC warning code : 100

 ets Jan  8 2013,rst cause:1, boot mode:(3,7)

load 0x4010f000, len 1384, room 16 
tail 8
chksum 0x2d
csum 0x2d
v8b899c12
~ld


7.04
 0h00:00.456 1970/01/01T08:00:00z: SPIFFS Active
 0h00:04.132 2026/05/30T01:06:49z: f0:24:f9:c6:e3:c5
 0h00:04.134 2026/05/30T01:06:49z: SSID: TEST-STA
1 BSEC warning code : 100

 ets Jan  8 2013,rst cause:1, boot mode:(3,7)

load 0x4010f000, len 1384, room 16 
tail 8
chksum 0x2d
csum 0x2d
v8b899c12
~ld


7.04
 0h00:00.488 1970/01/01T08:00:00z: SPIFFS Active
 0h00:04.163 2026/05/30T01:26:30z: f0:24:f9:c6:e3:c5
 0h00:04.165 2026/05/30T01:26:30z: SSID: TEST-STA
1 BSEC warning code : 100

1 BSEC warning code : 100

 ets Jan  8 2013,rst cause:1, boot mode:(3,7)

load 0x4010f000, len 1384, room 16 
tail 8
chksum 0x2d
csum 0x2d
v8b899c12
~ld


7.04
 0h00:00.444 1970/01/01T08:00:00z: SPIFFS Active
 0h00:04.120 2026/05/30T01:46:11z: f0:24:f9:c6:e3:c5
 0h00:04.121 2026/05/30T01:46:11z: SSID: TEST-STA
1 BSEC warning code : 100

1 BSEC warning code : 100

 ets Jan  8 2013,rst cause:1, boot mode:(3,7)

load 0x4010f000, len 1384, room 16 
tail 8
chksum 0x2d
csum 0x2d
v8b899c12
~ld


7.04
 0h00:00.485 1970/01/01T08:00:00z: SPIFFS Active
 0h00:04.160 2026/05/30T02:05:51z: f0:24:f9:c6:e3:c5
 0h00:04.162 2026/05/30T02:05:51z: SSID: TEST-STA
1 BSEC warning code : 100

1 BSEC warning code : 100

 ets Jan  8 2013,rst cause:1, boot mode:(3,7)

load 0x4010f000, len 1384, room 16 
tail 8
chksum 0x2d
csum 0x2d
v8b899c12
~ld


7.04
 0h00:00.449 1970/01/01T08:00:00z: SPIFFS Active
 0h00:04.126 2026/05/30T02:25:33z: f0:24:f9:c6:e3:c5
 0h00:04.127 2026/05/30T02:25:33z: SSID: TEST-STA
1 BSEC warning code : 100

 ets Jan  8 2013,rst cause:1, boot mode:(3,7)

load 0x4010f000, len 1384, room 16 
tail 8
chksum 0x2d
csum 0x2d
v8b899c12
~ld


7.04
 0h00:00.453 1970/01/01T08:00:00z: SPIFFS Active
 0h00:04.131 2026/05/30T02:45:13z: f0:24:f9:c6:e3:c5
 0h00:04.132 2026/05/30T02:45:13z: SSID: TEST-STA
1 BSEC warning code : 100

 ets Jan  8 2013,rst cause:1, boot mode:(3,7)

load 0x4010f000, len 1384, room 16 
tail 8
chksum 0x2d
csum 0x2d
v8b899c12
~ld


7.04
 0h00:00.452 1970/01/01T08:00:00z: SPIFFS Active
 0h00:04.130 2026/05/30T03:04:54z: f0:24:f9:c6:e3:c5
 0h00:04.131 2026/05/30T03:04:54z: SSID: TEST-STA
1 BSEC warning code : 100

 ets Jan  8 2013,rst cause:1, boot mode:(3,7)

load 0x4010f000, len 1384, room 16 
tail 8
chksum 0x2d
csum 0x2d
v8b899c12
~ld


7.04
 0h00:00.452 1970/01/01T08:00:00z: SPIFFS Active
 0h00:04.130 2026/05/30T03:24:34z: f0:24:f9:c6:e3:c5
 0h00:04.131 2026/05/30T03:24:34z: SSID: TEST-STA
1 BSEC warning code : 100

 ets Jan  8 2013,rst cause:1, boot mode:(3,7)

load 0x4010f000, len 1384, room 16 
tail 8
chksum 0x2d
csum 0x2d
v8b899c12
~ld


7.04
 0h00:00.452 1970/01/01T08:00:00z: SPIFFS Active
 0h00:04.128 2026/05/30T03:44:14z: f0:24:f9:c6:e3:c5
 0h00:04.129 2026/05/30T03:44:14z: SSID: TEST-STA
1 BSEC warning code : 100

 ets Jan  8 2013,rst cause:1, boot mode:(3,7)

load 0x4010f000, len 1384, room 16 
tail 8
chksum 0x2d
csum 0x2d
v8b899c12
~ld


7.04
 0h00:00.445 1970/01/01T08:00:00z: SPIFFS Active
 0h00:04.121 2026/05/30T04:03:55z: f0:24:f9:c6:e3:c5
 0h00:04.122 2026/05/30T04:03:55z: SSID: TEST-STA
1 BSEC warning code : 100

1 BSEC warning code : 100

 ets Jan  8 2013,rst cause:1, boot mode:(3,7)

load 0x4010f000, len 1384, room 16 
tail 8
chksum 0x2d
csum 0x2d
v8b899c12
~ld


7.04
 0h00:00.491 1970/01/01T08:00:00z: SPIFFS Active
 0h00:04.166 2026/05/30T04:23:36z: f0:24:f9:c6:e3:c5
 0h00:04.168 2026/05/30T04:23:36z: SSID: TEST-STA
1 BSEC warning code : 100

 ets Jan  8 2013,rst cause:1, boot mode:(3,7)

load 0x4010f000, len 1384, room 16 
tail 8
chksum 0x2d
csum 0x2d
v8b899c12
~ld


7.04
 0h00:00.457 1970/01/01T08:00:00z: SPIFFS Active
 0h00:04.133 2026/05/30T04:43:17z: f0:24:f9:c6:e3:c5
 0h00:04.134 2026/05/30T04:43:17z: SSID: TEST-STA
1 BSEC warning code : 100

 ets Jan  8 2013,rst cause:1, boot mode:(3,7)

load 0x4010f000, len 1384, room 16 
tail 8
chksum 0x2d
csum 0x2d
v8b899c12
~ld


7.04
 0h00:00.447 1970/01/01T08:00:00z: SPIFFS Active
 0h00:04.123 2026/05/30T05:02:58z: f0:24:f9:c6:e3:c5
 0h00:04.125 2026/05/30T05:02:58z: SSID: TEST-STA
1 BSEC warning code : 100

 ets Jan  8 2013,rst cause:1, boot mode:(3,7)

load 0x4010f000, len 1384, room 16 
tail 8
chksum 0x2d
csum 0x2d
v8b899c12
~ld


7.04
 0h00:00.485 1970/01/01T08:00:00z: SPIFFS Active
 0h00:04.162 2026/05/30T05:22:38z: f0:24:f9:c6:e3:c5
 0h00:04.163 2026/05/30T05:22:38z: SSID: TEST-STA
1 BSEC warning code : 100

1 BSEC warning code : 100

 ets Jan  8 2013,rst cause:1, boot mode:(3,7)

load 0x4010f000, len 1384, room 16 
tail 8
chksum 0x2d
csum 0x2d
v8b899c12
~ld


7.04
 0h00:00.443 1970/01/01T08:00:00z: SPIFFS Active
 0h00:04.119 2026/05/30T05:42:19z: f0:24:f9:c6:e3:c5
 0h00:04.120 2026/05/30T05:42:19z: SSID: TEST-STA
1 BSEC warning code : 100

 ets Jan  8 2013,rst cause:1, boot mode:(3,7)

load 0x4010f000, len 1384, room 16 
tail 8
chksum 0x2d
csum 0x2d
v8b899c12
~ld


7.04
 0h00:00.444 1970/01/01T08:00:00z: SPIFFS Active
 0h00:04.120 2026/05/30T06:01:59z: f0:24:f9:c6:e3:c5
 0h00:04.121 2026/05/30T06:01:59z: SSID: TEST-STA
1 BSEC warning code : 100

 ets Jan  8 2013,rst cause:1, boot mode:(3,7)

load 0x4010f000, len 1384, room 16 
tail 8
chksum 0x2d
csum 0x2d
v8b899c12
~ld


7.04
 0h00:00.495 1970/01/01T08:00:00z: SPIFFS Active
 0h00:04.171 2026/05/30T06:21:40z: f0:24:f9:c6:e3:c5
 0h00:04.172 2026/05/30T06:21:40z: SSID: TEST-STA
1 BSEC warning code : 100

 ets Jan  8 2013,rst cause:1, boot mode:(3,7)

load 0x4010f000, len 1384, room 16 
tail 8
chksum 0x2d
csum 0x2d
v8b899c12
~ld


7.04
 0h00:00.454 1970/01/01T08:00:00z: SPIFFS Active
 0h00:04.130 2026/05/30T06:41:20z: f0:24:f9:c6:e3:c5
 0h00:04.132 2026/05/30T06:41:20z: SSID: TEST-STA
1 BSEC warning code : 100

 ets Jan  8 2013,rst cause:1, boot mode:(3,7)

load 0x4010f000, len 1384, room 16 
tail 8
chksum 0x2d
csum 0x2d
v8b899c12
~ld


7.04
 0h00:00.485 1970/01/01T08:00:00z: SPIFFS Active
 0h00:04.161 2026/05/30T07:01:01z: f0:24:f9:c6:e3:c5
 0h00:04.163 2026/05/30T07:01:01z: SSID: TEST-STA
1 BSEC warning code : 100

1 BSEC warning code : 100

 ets Jan  8 2013,rst cause:1, boot mode:(3,7)

load 0x4010f000, len 1384, room 16 
tail 8
chksum 0x2d
csum 0x2d
v8b899c12
~ld


7.04
 0h00:00.447 1970/01/01T08:00:00z: SPIFFS Active
 0h00:04.123 2026/05/30T07:20:42z: f0:24:f9:c6:e3:c5
 0h00:04.125 2026/05/30T07:20:42z: SSID: TEST-STA
1 BSEC warning code : 100

 ets Jan  8 2013,rst cause:1, boot mode:(3,7)

load 0x4010f000, len 1384, room 16 
tail 8
chksum 0x2d
csum 0x2d
v8b899c12
~ld


7.04
 0h00:00.443 1970/01/01T08:00:00z: SPIFFS Active
 0h00:04.119 2026/05/30T07:40:23z: f0:24:f9:c6:e3:c5
 0h00:04.121 2026/05/30T07:40:23z: SSID: TEST-STA
1 BSEC warning code : 100

 ets Jan  8 2013,rst cause:1, boot mode:(3,7)

load 0x4010f000, len 1384, room 16 
tail 8
chksum 0x2d
csum 0x2d
v8b899c12
~ld


7.04
 0h00:00.454 1970/01/01T08:00:00z: SPIFFS Active
 0h00:04.130 2026/05/30T08:00:03z: f0:24:f9:c6:e3:c5
 0h00:04.131 2026/05/30T08:00:03z: SSID: TEST-STA
1 BSEC warning code : 100

 ets Jan  8 2013,rst cause:1, boot mode:(3,7)

load 0x4010f000, len 1384, room 16 
tail 8
chksum 0x2d
csum 0x2d
v8b899c12
~ld


7.04
 0h00:00.486 1970/01/01T08:00:00z: SPIFFS Active
 0h00:04.162 2026/05/30T08:19:44z: f0:24:f9:c6:e3:c5
 0h00:04.163 2026/05/30T08:19:44z: SSID: TEST-STA
1 BSEC warning code : 100

1 BSEC warning code : 100

 ets Jan  8 2013,rst cause:1, boot mode:(3,7)

load 0x4010f000, len 1384, room 16 
tail 8
chksum 0x2d
csum 0x2d
v8b899c12
~ld


7.04
 0h00:00.491 1970/01/01T08:00:00z: SPIFFS Active
 0h00:04.167 2026/05/30T08:39:25z: f0:24:f9:c6:e3:c5
 0h00:04.169 2026/05/30T08:39:25z: SSID: TEST-STA
1 BSEC warning code : 100

 ets Jan  8 2013,rst cause:1, boot mode:(3,7)

load 0x4010f000, len 1384, room 16 
tail 8
chksum 0x2d
csum 0x2d
v8b899c12
~ld


7.04
 0h00:00.483 1970/01/01T08:00:00z: SPIFFS Active
 0h00:04.159 2026/05/30T08:59:06z: f0:24:f9:c6:e3:c5
 0h00:04.161 2026/05/30T08:59:06z: SSID: TEST-STA
1 BSEC warning code : 100

 ets Jan  8 2013,rst cause:1, boot mode:(3,7)

load 0x4010f000, len 1384, room 16 
tail 8
chksum 0x2d
csum 0x2d
v8b899c12
~ld


7.04
 0h00:00.444 1970/01/01T08:00:00z: SPIFFS Active
 0h00:04.120 2026/05/30T09:18:47z: f0:24:f9:c6:e3:c5
 0h00:04.122 2026/05/30T09:18:47z: SSID: TEST-STA
1 BSEC warning code : 100

 ets Jan  8 2013,rst cause:1, boot mode:(3,7)

load 0x4010f000, len 1384, room 16 
tail 8
chksum 0x2d
csum 0x2d
v8b899c12
~ld


7.04
 0h00:00.456 1970/01/01T08:00:00z: SPIFFS Active
 0h00:04.132 2026/05/30T09:38:28z: f0:24:f9:c6:e3:c5
 0h00:04.134 2026/05/30T09:38:28z: SSID: TEST-STA
1 BSEC warning code : 100

 ets Jan  8 2013,rst cause:1, boot mode:(3,7)

load 0x4010f000, len 1384, room 16 
tail 8
chksum 0x2d
csum 0x2d
v8b899c12
~ld


7.04
 0h00:00.478 1970/01/01T08:00:00z: SPIFFS Active
 0h00:04.154 2026/05/30T09:58:09z: f0:24:f9:c6:e3:c5
 0h00:04.156 2026/05/30T09:58:09z: SSID: TEST-STA
1 BSEC warning code : 100

 ets Jan  8 2013,rst cause:1, boot mode:(3,7)

load 0x4010f000, len 1384, room 16 
tail 8
chksum 0x2d
csum 0x2d
v8b899c12
~ld


7.04
 0h00:00.489 1970/01/01T08:00:00z: SPIFFS Active
 0h00:04.166 2026/05/30T10:17:49z: f0:24:f9:c6:e3:c5
 0h00:04.167 2026/05/30T10:17:49z: SSID: TEST-STA
1 BSEC warning code : 100

 ets Jan  8 2013,rst cause:1, boot mode:(3,7)

load 0x4010f000, len 1384, room 16 
tail 8
chksum 0x2d
csum 0x2d
v8b899c12
~ld


7.04
 0h00:00.453 1970/01/01T08:00:00z: SPIFFS Active
 0h00:04.130 2026/05/30T10:37:30z: f0:24:f9:c6:e3:c5
 0h00:04.131 2026/05/30T10:37:30z: SSID: TEST-STA
1 BSEC warning code : 100

 ets Jan  8 2013,rst cause:1, boot mode:(3,7)

load 0x4010f000, len 1384, room 16 
tail 8
chksum 0x2d
csum 0x2d
v8b899c12
~ld


7.04
 0h00:00.439 1970/01/01T08:00:00z: SPIFFS Active
 0h00:04.116 2026/05/30T10:57:10z: f0:24:f9:c6:e3:c5
 0h00:04.117 2026/05/30T10:57:10z: SSID: TEST-STA
1 BSEC warning code : 100

1 BSEC warning code : 100

 ets Jan  8 2013,rst cause:1, boot mode:(3,7)

load 0x4010f000, len 1384, room 16 
tail 8
chksum 0x2d
csum 0x2d
v8b899c12
~ld


7.04
 0h00:00.458 1970/01/01T08:00:00z: SPIFFS Active
 0h00:04.135 2026/05/30T11:16:50z: f0:24:f9:c6:e3:c5
 0h00:04.136 2026/05/30T11:16:50z: SSID: TEST-STA
1 BSEC warning code : 100

 ets Jan  8 2013,rst cause:1, boot mode:(3,7)

load 0x4010f000, len 1384, room 16 
tail 8
chksum 0x2d
csum 0x2d
v8b899c12
~ld


7.04
 0h00:00.565 1970/01/01T08:00:00z: SPIFFS Active
 0h00:04.242 2026/05/30T11:36:31z: f0:24:f9:c6:e3:c5
 0h00:04.243 2026/05/30T11:36:31z: SSID: TEST-STA
1 BSEC warning code : 100

 ets Jan  8 2013,rst cause:1, boot mode:(3,7)

load 0x4010f000, len 1384, room 16 
tail 8
chksum 0x2d
csum 0x2d
v8b899c12
~ld


7.04
 0h00:00.489 1970/01/01T08:00:00z: SPIFFS Active
 0h00:04.165 2026/05/30T11:56:11z: f0:24:f9:c6:e3:c5
 0h00:04.167 2026/05/30T11:56:11z: SSID: TEST-STA
1 BSEC warning code : 100

1 BSEC warning code : 100

 ets Jan  8 2013,rst cause:1, boot mode:(3,7)

load 0x4010f000, len 1384, room 16 
tail 8
chksum 0x2d
csum 0x2d
v8b899c12
~ld


7.04
 0h00:00.443 1970/01/01T08:00:00z: SPIFFS Active
 0h00:04.119 2026/05/30T12:15:51z: f0:24:f9:c6:e3:c5
 0h00:04.121 2026/05/30T12:15:51z: SSID: TEST-STA
1 BSEC warning code : 100

 ets Jan  8 2013,rst cause:1, boot mode:(3,7)

load 0x4010f000, len 1384, room 16 
tail 8
chksum 0x2d
csum 0x2d
v8b899c12
~ld


7.04
 0h00:00.439 1970/01/01T08:00:00z: SPIFFS Active
 0h00:04.116 2026/05/30T12:35:32z: f0:24:f9:c6:e3:c5
 0h00:04.117 2026/05/30T12:35:32z: SSID: TEST-STA
1 BSEC warning code : 100

1 BSEC warning code : 100

 ets Jan  8 2013,rst cause:1, boot mode:(3,7)

load 0x4010f000, len 1384, room 16 
tail 8
chksum 0x2d
csum 0x2d
v8b899c12
~ld


7.04
 0h00:00.448 1970/01/01T08:00:00z: SPIFFS Active
 0h00:04.124 2026/05/30T12:55:12z: f0:24:f9:c6:e3:c5
 0h00:04.126 2026/05/30T12:55:12z: SSID: TEST-STA
1 BSEC warning code : 100

1 BSEC warning code : 100

 ets Jan  8 2013,rst cause:1, boot mode:(3,7)

load 0x4010f000, len 1384, room 16 
tail 8
chksum 0x2d
csum 0x2d
v8b899c12
~ld


7.04
 0h00:00.449 1970/01/01T08:00:00z: SPIFFS Active
 0h00:04.125 2026/05/30T13:14:53z: f0:24:f9:c6:e3:c5
 0h00:04.127 2026/05/30T13:14:53z: SSID: TEST-STA
1 BSEC warning code : 100

1 BSEC warning code : 100

 ets Jan  8 2013,rst cause:1, boot mode:(3,7)

load 0x4010f000, len 1384, room 16 
tail 8
chksum 0x2d
csum 0x2d
v8b899c12
~ld


7.04
 0h00:00.438 1970/01/01T08:00:00z: SPIFFS Active
 0h00:04.114 2026/05/30T13:34:34z: f0:24:f9:c6:e3:c5
 0h00:04.116 2026/05/30T13:34:34z: SSID: TEST-STA
1 BSEC warning code : 100

 ets Jan  8 2013,rst cause:1, boot mode:(3,7)

load 0x4010f000, len 1384, room 16 
tail 8
chksum 0x2d
csum 0x2d
v8b899c12
~ld


7.04
 0h00:00.445 1970/01/01T08:00:00z: SPIFFS Active
 0h00:04.122 2026/05/30T13:54:15z: f0:24:f9:c6:e3:c5
 0h00:04.123 2026/05/30T13:54:15z: SSID: TEST-STA
1 BSEC warning code : 100

 ets Jan  8 2013,rst cause:1, boot mode:(3,7)

load 0x4010f000, len 1384, room 16 
tail 8
chksum 0x2d
csum 0x2d
v8b899c12
~ld


7.04
 0h00:00.451 1970/01/01T08:00:00z: SPIFFS Active
 0h00:04.128 2026/05/30T14:13:56z: f0:24:f9:c6:e3:c5
 0h00:04.129 2026/05/30T14:13:56z: SSID: TEST-STA
1 BSEC warning code : 100

 ets Jan  8 2013,rst cause:1, boot mode:(3,7)

load 0x4010f000, len 1384, room 16 
tail 8
chksum 0x2d
csum 0x2d
v8b899c12
~ld


7.04
 0h00:00.449 1970/01/01T08:00:00z: SPIFFS Active
 0h00:04.126 2026/05/30T14:33:37z: f0:24:f9:c6:e3:c5
 0h00:04.127 2026/05/30T14:33:37z: SSID: TEST-STA
1 BSEC warning code : 100

 ets Jan  8 2013,rst cause:1, boot mode:(3,7)

load 0x4010f000, len 1384, room 16 
tail 8
chksum 0x2d
csum 0x2d
v8b899c12
~ld


7.04
 0h00:00.444 1970/01/01T08:00:00z: SPIFFS Active
 0h00:04.121 2026/05/30T14:53:18z: f0:24:f9:c6:e3:c5
 0h00:04.122 2026/05/30T14:53:18z: SSID: TEST-STA
1 BSEC warning code : 100

1 BSEC warning code : 100

 ets Jan  8 2013,rst cause:1, boot mode:(3,7)

load 0x4010f000, len 1384, room 16 
tail 8
chksum 0x2d
csum 0x2d
v8b899c12
~ld


7.04
 0h00:00.439 1970/01/01T08:00:00z: SPIFFS Active
 0h00:04.115 2026/05/30T15:12:59z: f0:24:f9:c6:e3:c5
 0h00:04.117 2026/05/30T15:12:59z: SSID: TEST-STA
1 BSEC warning code : 100

 ets Jan  8 2013,rst cause:1, boot mode:(3,7)

load 0x4010f000, len 1384, room 16 
tail 8
chksum 0x2d
csum 0x2d
v8b899c12
~ld


7.04
 0h00:00.448 1970/01/01T08:00:00z: SPIFFS Active
 0h00:04.124 2026/05/30T15:32:40z: f0:24:f9:c6:e3:c5
 0h00:04.126 2026/05/30T15:32:40z: SSID: TEST-STA
1 BSEC warning code : 100

 ets Jan  8 2013,rst cause:1, boot mode:(3,7)

load 0x4010f000, len 1384, room 16 
tail 8
chksum 0x2d
csum 0x2d
v8b899c12
~ld


7.04
 0h00:00.441 1970/01/01T08:00:00z: SPIFFS Active
 0h00:04.118 2026/05/30T15:52:20z: f0:24:f9:c6:e3:c5
 0h00:04.119 2026/05/30T15:52:20z: SSID: TEST-STA
1 BSEC warning code : 100

 ets Jan  8 2013,rst cause:1, boot mode:(3,7)

load 0x4010f000, len 1384, room 16 
tail 8
chksum 0x2d
csum 0x2d
v8b899c12
~ld


7.04
 0h00:00.438 1970/01/01T08:00:00z: SPIFFS Active
 0h00:04.114 2026/05/30T16:12:00z: f0:24:f9:c6:e3:c5
 0h00:04.116 2026/05/30T16:12:00z: SSID: TEST-STA
1 BSEC warning code : 100

 ets Jan  8 2013,rst cause:1, boot mode:(3,7)

load 0x4010f000, len 1384, room 16 
tail 8
chksum 0x2d
csum 0x2d
v8b899c12
~ld


7.04
 0h00:00.444 1970/01/01T08:00:00z: SPIFFS Active
 0h00:04.121 2026/05/30T16:31:40z: f0:24:f9:c6:e3:c5
 0h00:04.122 2026/05/30T16:31:40z: SSID: TEST-STA
1 BSEC warning code : 100

 ets Jan  8 2013,rst cause:1, boot mode:(3,7)

load 0x4010f000, len 1384, room 16 
tail 8
chksum 0x2d
csum 0x2d
v8b899c12
~ld


7.04
 0h00:00.444 1970/01/01T08:00:00z: SPIFFS Active
 0h00:04.121 2026/05/30T16:51:21z: f0:24:f9:c6:e3:c5
 0h00:04.122 2026/05/30T16:51:21z: SSID: TEST-STA
1 BSEC warning code : 100

 ets Jan  8 2013,rst cause:1, boot mode:(3,7)

load 0x4010f000, len 1384, room 16 
tail 8
chksum 0x2d
csum 0x2d
v8b899c12
~ld


7.04
 0h00:00.444 1970/01/01T08:00:00z: SPIFFS Active
 0h00:04.121 2026/05/30T17:11:02z: f0:24:f9:c6:e3:c5
 0h00:04.122 2026/05/30T17:11:02z: SSID: TEST-STA
1 BSEC warning code : 100

 ets Jan  8 2013,rst cause:1, boot mode:(3,7)

load 0x4010f000, len 1384, room 16 
tail 8
chksum 0x2d
csum 0x2d
v8b899c12
~ld


7.04
 0h00:00.450 1970/01/01T08:00:00z: SPIFFS Active
 0h00:04.127 2026/05/30T17:30:42z: f0:24:f9:c6:e3:c5
 0h00:04.129 2026/05/30T17:30:42z: SSID: TEST-STA
1 BSEC warning code : 100

1 BSEC warning code : 100

 ets Jan  8 2013,rst cause:1, boot mode:(3,7)

load 0x4010f000, len 1384, room 16 
tail 8
chksum 0x2d
csum 0x2d
v8b899c12
~ld


7.04
 0h00:00.435 1970/01/01T08:00:00z: SPIFFS Active
 0h00:04.112 2026/05/30T17:50:23z: f0:24:f9:c6:e3:c5
 0h00:04.114 2026/05/30T17:50:23z: SSID: TEST-STA
1 BSEC warning code : 100

 ets Jan  8 2013,rst cause:1, boot mode:(3,7)

load 0x4010f000, len 1384, room 16 
tail 8
chksum 0x2d
csum 0x2d
v8b899c12
~ld


7.04
 0h00:00.444 1970/01/01T08:00:00z: SPIFFS Active
 0h00:04.121 2026/05/30T18:10:03z: f0:24:f9:c6:e3:c5
 0h00:04.123 2026/05/30T18:10:03z: SSID: TEST-STA
1 BSEC warning code : 100

 ets Jan  8 2013,rst cause:1, boot mode:(3,7)

load 0x4010f000, len 1384, room 16 
tail 8
chksum 0x2d
csum 0x2d
v8b899c12
~ld


7.04
 0h00:00.480 1970/01/01T08:00:00z: SPIFFS Active
 0h00:04.157 2026/05/30T18:29:43z: f0:24:f9:c6:e3:c5
 0h00:04.158 2026/05/30T18:29:43z: SSID: TEST-STA
1 BSEC warning code : 100

 ets Jan  8 2013,rst cause:1, boot mode:(3,7)

load 0x4010f000, len 1384, room 16 
tail 8
chksum 0x2d
csum 0x2d
v8b899c12
~ld


7.04
 0h00:00.483 1970/01/01T08:00:00z: SPIFFS Active
 0h00:04.160 2026/05/30T18:49:24z: f0:24:f9:c6:e3:c5
 0h00:04.161 2026/05/30T18:49:24z: SSID: TEST-STA
1 BSEC warning code : 100

1 BSEC warning code : 100

 ets Jan  8 2013,rst cause:1, boot mode:(3,7)

load 0x4010f000, len 1384, room 16 
tail 8
chksum 0x2d
csum 0x2d
v8b899c12
~ld


7.04
 0h00:00.446 1970/01/01T08:00:00z: SPIFFS Active
 0h00:04.123 2026/05/30T19:09:05z: f0:24:f9:c6:e3:c5
 0h00:04.125 2026/05/30T19:09:05z: SSID: TEST-STA
1 BSEC warning code : 100

 ets Jan  8 2013,rst cause:1, boot mode:(3,7)

load 0x4010f000, len 1384, room 16 
tail 8
chksum 0x2d
csum 0x2d
v8b899c12
~ld


7.04
 0h00:00.451 1970/01/01T08:00:00z: SPIFFS Active
 0h00:04.128 2026/05/30T19:28:45z: f0:24:f9:c6:e3:c5
 0h00:04.129 2026/05/30T19:28:45z: SSID: TEST-STA
1 BSEC warning code : 100

 ets Jan  8 2013,rst cause:1, boot mode:(3,7)

load 0x4010f000, len 1384, room 16 
tail 8
chksum 0x2d
csum 0x2d
v8b899c12
~ld


7.04
 0h00:00.451 1970/01/01T08:00:00z: SPIFFS Active
 0h00:04.128 2026/05/30T19:48:26z: f0:24:f9:c6:e3:c5
 0h00:04.130 2026/05/30T19:48:26z: SSID: TEST-STA
1 BSEC warning code : 100

1 BSEC warning code : 100

 ets Jan  8 2013,rst cause:1, boot mode:(3,7)

load 0x4010f000, len 1384, room 16 
tail 8
chksum 0x2d
csum 0x2d
v8b899c12
~ld


7.04
 0h00:00.437 1970/01/01T08:00:00z: SPIFFS Active
 0h00:04.114 2026/05/30T20:08:06z: f0:24:f9:c6:e3:c5
 0h00:04.115 2026/05/30T20:08:06z: SSID: TEST-STA
1 BSEC warning code : 100

 ets Jan  8 2013,rst cause:1, boot mode:(3,7)

load 0x4010f000, len 1384, room 16 
tail 8
chksum 0x2d
csum 0x2d
v8b899c12
~ld


7.04
 0h00:00.448 1970/01/01T08:00:00z: SPIFFS Active
 0h00:04.125 2026/05/30T20:27:47z: f0:24:f9:c6:e3:c5
 0h00:04.127 2026/05/30T20:27:47z: SSID: TEST-STA
1 BSEC warning code : 100

1 BSEC warning code : 100

 ets Jan  8 2013,rst cause:1, boot mode:(3,7)

load 0x4010f000, len 1384, room 16 
tail 8
chksum 0x2d
csum 0x2d
v8b899c12
~ld


7.04
 0h00:00.554 1970/01/01T08:00:00z: SPIFFS Active
 0h00:04.231 2026/05/30T20:47:28z: f0:24:f9:c6:e3:c5
 0h00:04.233 2026/05/30T20:47:28z: SSID: TEST-STA
1 BSEC warning code : 100

 ets Jan  8 2013,rst cause:1, boot mode:(3,7)

load 0x4010f000, len 1384, room 16 
tail 8
chksum 0x2d
csum 0x2d
v8b899c12
~ld


7.04
 0h00:00.490 1970/01/01T08:00:00z: SPIFFS Active
 0h00:04.167 2026/05/30T21:07:08z: f0:24:f9:c6:e3:c5
 0h00:04.169 2026/05/30T21:07:08z: SSID: TEST-STA
1 BSEC warning code : 100

1 BSEC warning code : 100

 ets Jan  8 2013,rst cause:1, boot mode:(3,7)

load 0x4010f000, len 1384, room 16 
tail 8
chksum 0x2d
csum 0x2d
v8b899c12
~ld


7.04
 0h00:00.440 1970/01/01T08:00:00z: SPIFFS Active
 0h00:04.118 2026/05/30T21:26:49z: f0:24:f9:c6:e3:c5
 0h00:04.120 2026/05/30T21:26:49z: SSID: TEST-STA
1 BSEC warning code : 100

 ets Jan  8 2013,rst cause:1, boot mode:(3,7)

load 0x4010f000, len 1384, room 16 
tail 8
chksum 0x2d
csum 0x2d
v8b899c12
~ld


7.04
 0h00:00.479 1970/01/01T08:00:00z: SPIFFS Active
 0h00:04.157 2026/05/30T21:46:29z: f0:24:f9:c6:e3:c5
 0h00:04.158 2026/05/30T21:46:29z: SSID: TEST-STA
1 BSEC warning code : 100

 ets Jan  8 2013,rst cause:1, boot mode:(3,7)

load 0x4010f000, len 1384, room 16 
tail 8
chksum 0x2d
csum 0x2d
v8b899c12
~ld


7.04
 0h00:00.523 1970/01/01T08:00:00z: SPIFFS Active
 0h00:04.198 2026/05/30T22:06:10z: f0:24:f9:c6:e3:c5
 0h00:04.200 2026/05/30T22:06:10z: SSID: TEST-STA
1 BSEC warning code : 100

1 BSEC warning code : 100

1 BSEC warning code : 100

 ets Jan  8 2013,rst cause:1, boot mode:(3,7)

load 0x4010f000, len 1384, room 16 
tail 8
chksum 0x2d
csum 0x2d
v8b899c12
~ld


7.04
 0h00:00.442 1970/01/01T08:00:00z: SPIFFS Active
 0h00:04.117 2026/05/30T22:25:50z: f0:24:f9:c6:e3:c5
 0h00:04.119 2026/05/30T22:25:50z: SSID: TEST-STA
1 BSEC warning code : 100

 ets Jan  8 2013,rst cause:1, boot mode:(3,7)

load 0x4010f000, len 1384, room 16 
tail 8
chksum 0x2d
csum 0x2d
v8b899c12
~ld


7.04
 0h00:00.438 1970/01/01T08:00:00z: SPIFFS Active
 0h00:04.113 2026/05/30T22:45:31z: f0:24:f9:c6:e3:c5
 0h00:04.115 2026/05/30T22:45:31z: SSID: TEST-STA
1 BSEC warning code : 100

1 BSEC warning code : 100

1 BSEC warning code : 100

 ets Jan  8 2013,rst cause:1, boot mode:(3,7)

load 0x4010f000, len 1384, room 16 
tail 8
chksum 0x2d
csum 0x2d
v8b899c12
~ld


7.04
 0h00:00.448 1970/01/01T08:00:00z: SPIFFS Active
 0h00:04.124 2026/05/30T23:05:12z: f0:24:f9:c6:e3:c5
 0h00:04.125 2026/05/30T23:05:12z: SSID: TEST-STA
1 BSEC warning code : 100

 ets Jan  8 2013,rst cause:1, boot mode:(3,7)

load 0x4010f000, len 1384, room 16 
tail 8
chksum 0x2d
csum 0x2d
v8b899c12
~ld


7.04
 0h00:00.435 1970/01/01T08:00:00z: SPIFFS Active
 0h00:04.110 2026/05/30T23:24:52z: f0:24:f9:c6:e3:c5
 0h00:04.112 2026/05/30T23:24:52z: SSID: TEST-STA
1 BSEC warning code : 100

 ets Jan  8 2013,rst cause:1, boot mode:(3,7)

load 0x4010f000, len 1384, room 16 
tail 8
chksum 0x2d
csum 0x2d
v8b899c12
~ld


7.04
 0h00:00.434 1970/01/01T08:00:00z: SPIFFS Active
 0h00:04.109 2026/05/30T23:44:32z: f0:24:f9:c6:e3:c5
 0h00:04.111 2026/05/30T23:44:32z: SSID: TEST-STA
1 BSEC warning code : 100
