
 ets Jan  8 2013,rst cause:1, boot mode:(3,7)

load 0x4010f000, len 1384, room 16 
tail 8
chksum 0x2d
csum 0x2d
v8b899c12
~ld


7.04
 0h00:00.446 1970/01/01T08:00:00z: SPIFFS Active
 0h00:04.122 2026/05/31T00:03:30z: f0:24:f9:c8:a5:51
 0h00:04.124 2026/05/31T00:03:30z: SSID: TEST-STA
1 BSEC warning code : 100

 ets Jan  8 2013,rst cause:1, boot mode:(3,7)

load 0x4010f000, len 1384, room 16 
tail 8
chksum 0x2d
csum 0x2d
v8b899c12
~ld


7.04
 0h00:00.503 1970/01/01T08:00:00z: SPIFFS Active
 0h00:04.179 2026/05/31T00:23:10z: f0:24:f9:c8:a5:51
 0h00:04.180 2026/05/31T00:23:10z: SSID: TEST-STA
1 BSEC warning code : 100

 ets Jan  8 2013,rst cause:1, boot mode:(3,7)

load 0x4010f000, len 1384, room 16 
tail 8
chksum 0x2d
csum 0x2d
v8b899c12
~ld


7.04
 0h00:00.501 1970/01/01T08:00:00z: SPIFFS Active
 0h00:04.177 2026/05/31T00:42:51z: f0:24:f9:c8:a5:51
 0h00:04.178 2026/05/31T00:42:51z: SSID: TEST-STA
1 BSEC warning code : 100

1 BSEC warning code : 100

 ets Jan  8 2013,rst cause:1, boot mode:(3,7)

load 0x4010f000, len 1384, room 16 
tail 8
chksum 0x2d
csum 0x2d
v8b899c12
~ld


7.04
 0h00:00.465 1970/01/01T08:00:00z: SPIFFS Active
 0h00:04.140 2026/05/31T01:02:31z: f0:24:f9:c8:a5:51
 0h00:04.142 2026/05/31T01:02:31z: SSID: TEST-STA
1 BSEC warning code : 100

 ets Jan  8 2013,rst cause:1, boot mode:(3,7)

load 0x4010f000, len 1384, room 16 
tail 8
chksum 0x2d
csum 0x2d
v8b899c12
~ld


7.04
 0h00:00.462 1970/01/01T08:00:00z: SPIFFS Active
 0h00:04.137 2026/05/31T01:22:12z: f0:24:f9:c8:a5:51
 0h00:04.139 2026/05/31T01:22:12z: SSID: TEST-STA
1 BSEC warning code : 100

 ets Jan  8 2013,rst cause:1, boot mode:(3,7)

load 0x4010f000, len 1384, room 16 
tail 8
chksum 0x2d
csum 0x2d
v8b899c12
~ld


7.04
 0h00:00.508 1970/01/01T08:00:00z: SPIFFS Active
 0h00:04.184 2026/05/31T01:41:53z: f0:24:f9:c8:a5:51
 0h00:04.185 2026/05/31T01:41:53z: SSID: TEST-STA
1 BSEC warning code : 100

 ets Jan  8 2013,rst cause:1, boot mode:(3,7)

load 0x4010f000, len 1384, room 16 
tail 8
chksum 0x2d
csum 0x2d
v8b899c12
~ld


7.04
 0h00:00.497 1970/01/01T08:00:00z: SPIFFS Active
 0h00:04.172 2026/05/31T02:01:33z: f0:24:f9:c8:a5:51
 0h00:04.174 2026/05/31T02:01:33z: SSID: TEST-STA
1 BSEC warning code : 100

 ets Jan  8 2013,rst cause:1, boot mode:(3,7)

load 0x4010f000, len 1384, room 16 
tail 8
chksum 0x2d
csum 0x2d
v8b899c12
~ld


7.04
 0h00:00.502 1970/01/01T08:00:00z: SPIFFS Active
 0h00:04.177 2026/05/31T02:21:14z: f0:24:f9:c8:a5:51
 0h00:04.179 2026/05/31T02:21:14z: SSID: TEST-STA
1 BSEC warning code : 100

1 BSEC warning code : 100

 ets Jan  8 2013,rst cause:1, boot mode:(3,7)

load 0x4010f000, len 1384, room 16 
tail 8
chksum 0x2d
csum 0x2d
v8b899c12
~ld


7.04
 0h00:00.497 1970/01/01T08:00:00z: SPIFFS Active
 0h00:04.172 2026/05/31T02:40:54z: f0:24:f9:c8:a5:51
 0h00:04.174 2026/05/31T02:40:54z: SSID: TEST-STA
1 BSEC warning code : 100

1 BSEC warning code : 100

 ets Jan  8 2013,rst cause:1, boot mode:(3,7)

load 0x4010f000, len 1384, room 16 
tail 8
chksum 0x2d
csum 0x2d
v8b899c12
~ld


7.04
 0h00:00.469 1970/01/01T08:00:00z: SPIFFS Active
 0h00:04.144 2026/05/31T03:00:35z: f0:24:f9:c8:a5:51
 0h00:04.146 2026/05/31T03:00:35z: SSID: TEST-STA
1 BSEC warning code : 100

 ets Jan  8 2013,rst cause:1, boot mode:(3,7)

load 0x4010f000, len 1384, room 16 
tail 8
chksum 0x2d
csum 0x2d
v8b899c12
~ld


7.04
 0h00:00.469 1970/01/01T08:00:00z: SPIFFS Active
 0h00:04.145 2026/05/31T03:20:15z: f0:24:f9:c8:a5:51
 0h00:04.146 2026/05/31T03:20:15z: SSID: TEST-STA
1 BSEC warning code : 100

 ets Jan  8 2013,rst cause:1, boot mode:(3,7)

load 0x4010f000, len 1384, room 16 
tail 8
chksum 0x2d
csum 0x2d
v8b899c12
~ld


7.04
 0h00:00.464 1970/01/01T08:00:00z: SPIFFS Active
 0h00:04.140 2026/05/31T03:39:56z: f0:24:f9:c8:a5:51
 0h00:04.141 2026/05/31T03:39:56z: SSID: TEST-STA
1 BSEC warning code : 100

 ets Jan  8 2013,rst cause:1, boot mode:(3,7)

load 0x4010f000, len 1384, room 16 
tail 8
chksum 0x2d
csum 0x2d
v8b899c12
~ld


7.04
 0h00:00.509 1970/01/01T08:00:00z: SPIFFS Active
 0h00:04.184 2026/05/31T03:59:37z: f0:24:f9:c8:a5:51
 0h00:04.186 2026/05/31T03:59:37z: SSID: TEST-STA
1 BSEC warning code : 100

 ets Jan  8 2013,rst cause:1, boot mode:(3,7)

load 0x4010f000, len 1384, room 16 
tail 8
chksum 0x2d
csum 0x2d
v8b899c12
~ld


7.04
 0h00:00.474 1970/01/01T08:00:00z: SPIFFS Active
 0h00:04.150 2026/05/31T04:19:17z: f0:24:f9:c8:a5:51
 0h00:04.151 2026/05/31T04:19:17z: SSID: TEST-STA
1 BSEC warning code : 100

1 BSEC warning code : 100

 ets Jan  8 2013,rst cause:1, boot mode:(3,7)

load 0x4010f000, len 1384, room 16 
tail 8
chksum 0x2d
csum 0x2d
v8b899c12
~ld


7.04
 0h00:00.495 1970/01/01T08:00:00z: SPIFFS Active
 0h00:04.171 2026/05/31T04:38:57z: f0:24:f9:c8:a5:51
 0h00:04.173 2026/05/31T04:38:57z: SSID: TEST-STA
1 BSEC warning code : 100

 ets Jan  8 2013,rst cause:1, boot mode:(3,7)

load 0x4010f000, len 1384, room 16 
tail 8
chksum 0x2d
csum 0x2d
v8b899c12
~ld


7.04
 0h00:00.508 1970/01/01T08:00:00z: SPIFFS Active
 0h00:04.184 2026/05/31T04:58:38z: f0:24:f9:c8:a5:51
 0h00:04.186 2026/05/31T04:58:38z: SSID: TEST-STA
1 BSEC warning code : 100

1 BSEC warning code : 100

 ets Jan  8 2013,rst cause:1, boot mode:(3,7)

load 0x4010f000, len 1384, room 16 
tail 8
chksum 0x2d
csum 0x2d
v8b899c12
~ld


7.04
 0h00:00.476 1970/01/01T08:00:00z: SPIFFS Active
 0h00:04.152 2026/05/31T05:18:19z: f0:24:f9:c8:a5:51
 0h00:04.154 2026/05/31T05:18:19z: SSID: TEST-STA
1 BSEC warning code : 100

1 BSEC warning code : 100

 ets Jan  8 2013,rst cause:1, boot mode:(3,7)

load 0x4010f000, len 1384, room 16 
tail 8
chksum 0x2d
csum 0x2d
v8b899c12
~ld


7.04
 0h00:00.551 1970/01/01T08:00:00z: SPIFFS Active
 0h00:04.227 2026/05/31T05:37:59z: f0:24:f9:c8:a5:51
 0h00:04.229 2026/05/31T05:37:59z: SSID: TEST-STA
1 BSEC warning code : 100

1 BSEC warning code : 100

 ets Jan  8 2013,rst cause:1, boot mode:(3,7)

load 0x4010f000, len 1384, room 16 
tail 8
chksum 0x2d
csum 0x2d
v8b899c12
~ld


7.04
 0h00:00.548 1970/01/01T08:00:00z: SPIFFS Active
 0h00:04.224 2026/05/31T05:57:40z: f0:24:f9:c8:a5:51
 0h00:04.225 2026/05/31T05:57:40z: SSID: TEST-STA
1 BSEC warning code : 100

 ets Jan  8 2013,rst cause:1, boot mode:(3,7)

load 0x4010f000, len 1384, room 16 
tail 8
chksum 0x2d
csum 0x2d
v8b899c12
~ld


7.04
 0h00:00.562 1970/01/01T08:00:00z: SPIFFS Active
 0h00:04.238 2026/05/31T06:17:21z: f0:24:f9:c8:a5:51
 0h00:04.240 2026/05/31T06:17:21z: SSID: TEST-STA
1 BSEC warning code : 100

 ets Jan  8 2013,rst cause:1, boot mode:(3,7)

load 0x4010f000, len 1384, room 16 
tail 8
chksum 0x2d
csum 0x2d
v8b899c12
~ld


7.04
 0h00:00.524 1970/01/01T08:00:00z: SPIFFS Active
 0h00:04.201 2026/05/31T06:37:01z: f0:24:f9:c8:a5:51
 0h00:04.202 2026/05/31T06:37:01z: SSID: TEST-STA
1 BSEC warning code : 100

 ets Jan  8 2013,rst cause:1, boot mode:(3,7)

load 0x4010f000, len 1384, room 16 
tail 8
chksum 0x2d
csum 0x2d
v8b899c12
~ld


7.04
 0h00:00.566 1970/01/01T08:00:00z: SPIFFS Active
 0h00:04.243 2026/05/31T06:56:41z: f0:24:f9:c8:a5:51
 0h00:04.245 2026/05/31T06:56:41z: SSID: TEST-STA
1 BSEC warning code : 100

 ets Jan  8 2013,rst cause:1, boot mode:(3,7)

load 0x4010f000, len 1384, room 16 
tail 8
chksum 0x2d
csum 0x2d
v8b899c12
~ld


7.04
 0h00:00.556 1970/01/01T08:00:00z: SPIFFS Active
 0h00:04.234 2026/05/31T07:16:22z: f0:24:f9:c8:a5:51
 0h00:04.235 2026/05/31T07:16:22z: SSID: TEST-STA
1 BSEC warning code : 100

1 BSEC warning code : 100

 ets Jan  8 2013,rst cause:1, boot mode:(3,7)

load 0x4010f000, len 1384, room 16 
tail 8
chksum 0x2d
csum 0x2d
v8b899c12
~ld


7.04
 0h00:00.516 1970/01/01T08:00:00z: SPIFFS Active
 0h00:04.193 2026/05/31T07:36:03z: f0:24:f9:c8:a5:51
 0h00:04.195 2026/05/31T07:36:03z: SSID: TEST-STA
1 BSEC warning code : 100

 ets Jan  8 2013,rst cause:1, boot mode:(3,7)

load 0x4010f000, len 1384, room 16 
tail 8
chksum 0x2d
csum 0x2d
v8b899c12
~ld


7.04
 0h00:00.520 1970/01/01T08:00:00z: SPIFFS Active
 0h00:04.196 2026/05/31T07:55:44z: f0:24:f9:c8:a5:51
 0h00:04.198 2026/05/31T07:55:44z: SSID: TEST-STA
1 BSEC warning code : 100

 ets Jan  8 2013,rst cause:1, boot mode:(3,7)

load 0x4010f000, len 1384, room 16 
tail 8
chksum 0x2d
csum 0x2d
v8b899c12
~ld


7.04
 0h00:00.526 1970/01/01T08:00:00z: SPIFFS Active
 0h00:04.202 2026/05/31T08:15:24z: f0:24:f9:c8:a5:51
 0h00:04.203 2026/05/31T08:15:24z: SSID: TEST-STA
1 BSEC warning code : 100

 ets Jan  8 2013,rst cause:1, boot mode:(3,7)

load 0x4010f000, len 1384, room 16 
tail 8
chksum 0x2d
csum 0x2d
v8b899c12
~ld


7.04
 0h00:00.513 1970/01/01T08:00:00z: SPIFFS Active
 0h00:04.189 2026/05/31T08:35:04z: f0:24:f9:c8:a5:51
 0h00:04.191 2026/05/31T08:35:04z: SSID: TEST-STA
1 BSEC warning code : 100

1 BSEC warning code : 100

 ets Jan  8 2013,rst cause:1, boot mode:(3,7)

load 0x4010f000, len 1384, room 16 
tail 8
chksum 0x2d
csum 0x2d
v8b899c12
~ld


7.04
 0h00:00.527 1970/01/01T08:00:00z: SPIFFS Active
 0h00:04.203 2026/05/31T08:54:45z: f0:24:f9:c8:a5:51
 0h00:04.204 2026/05/31T08:54:45z: SSID: TEST-STA
1 BSEC warning code : 100

 ets Jan  8 2013,rst cause:1, boot mode:(3,7)

load 0x4010f000, len 1384, room 16 
tail 8
chksum 0x2d
csum 0x2d
v8b899c12
~ld


7.04
 0h00:00.485 1970/01/01T08:00:00z: SPIFFS Active
 0h00:04.161 2026/05/31T09:14:25z: f0:24:f9:c8:a5:51
 0h00:04.163 2026/05/31T09:14:25z: SSID: TEST-STA
1 BSEC warning code : 100

1 BSEC warning code : 100

 ets Jan  8 2013,rst cause:1, boot mode:(3,7)

load 0x4010f000, len 1384, room 16 
tail 8
chksum 0x2d
csum 0x2d
v8b899c12
~ld


7.04
 0h00:00.478 1970/01/01T08:00:00z: SPIFFS Active
 0h00:04.154 2026/05/31T09:34:06z: f0:24:f9:c8:a5:51
 0h00:04.155 2026/05/31T09:34:06z: SSID: TEST-STA
1 BSEC warning code : 100

1 BSEC warning code : 100

 ets Jan  8 2013,rst cause:1, boot mode:(3,7)

load 0x4010f000, len 1384, room 16 
tail 8
chksum 0x2d
csum 0x2d
v8b899c12
~ld


7.04
 0h00:00.486 1970/01/01T08:00:00z: SPIFFS Active
 0h00:04.162 2026/05/31T09:53:46z: f0:24:f9:c8:a5:51
 0h00:04.164 2026/05/31T09:53:46z: SSID: TEST-STA
1 BSEC warning code : 100

1 BSEC warning code : 100

 ets Jan  8 2013,rst cause:1, boot mode:(3,7)

load 0x4010f000, len 1384, room 16 
tail 8
chksum 0x2d
csum 0x2d
v8b899c12
~ld


7.04
 0h00:00.526 1970/01/01T08:00:00z: SPIFFS Active
 0h00:04.202 2026/05/31T10:13:27z: f0:24:f9:c8:a5:51
 0h00:04.204 2026/05/31T10:13:27z: SSID: TEST-STA
1 BSEC warning code : 100

 ets Jan  8 2013,rst cause:1, boot mode:(3,7)

load 0x4010f000, len 1384, room 16 
tail 8
chksum 0x2d
csum 0x2d
v8b899c12
~ld


7.04
 0h00:00.481 1970/01/01T08:00:00z: SPIFFS Active
 0h00:04.157 2026/05/31T10:33:07z: f0:24:f9:c8:a5:51
 0h00:04.158 2026/05/31T10:33:07z: SSID: TEST-STA
1 BSEC warning code : 100

 ets Jan  8 2013,rst cause:1, boot mode:(3,7)

load 0x4010f000, len 1384, room 16 
tail 8
chksum 0x2d
csum 0x2d
v8b899c12
~ld


7.04
 0h00:00.481 1970/01/01T08:00:00z: SPIFFS Active
 0h00:04.157 2026/05/31T10:52:48z: f0:24:f9:c8:a5:51
 0h00:04.159 2026/05/31T10:52:48z: SSID: TEST-STA
1 BSEC warning code : 100

 ets Jan  8 2013,rst cause:1, boot mode:(3,7)

load 0x4010f000, len 1384, room 16 
tail 8
chksum 0x2d
csum 0x2d
v8b899c12
~ld


7.04
 0h00:00.522 1970/01/01T08:00:00z: SPIFFS Active
 0h00:04.198 2026/05/31T11:12:28z: f0:24:f9:c8:a5:51
 0h00:04.200 2026/05/31T11:12:28z: SSID: TEST-STA
1 BSEC warning code : 100

1 BSEC warning code : 100

 ets Jan  8 2013,rst cause:1, boot mode:(3,7)

load 0x4010f000, len 1384, room 16 
tail 8
chksum 0x2d
csum 0x2d
v8b899c12
~ld


7.04
 0h00:00.473 1970/01/01T08:00:00z: SPIFFS Active
 0h00:04.149 2026/05/31T11:32:09z: f0:24:f9:c8:a5:51
 0h00:04.151 2026/05/31T11:32:09z: SSID: TEST-STA
1 BSEC warning code : 100

 ets Jan  8 2013,rst cause:1, boot mode:(3,7)

load 0x4010f000, len 1384, room 16 
tail 8
chksum 0x2d
csum 0x2d
v8b899c12
~ld


7.04
 0h00:00.468 1970/01/01T08:00:00z: SPIFFS Active
 0h00:04.145 2026/05/31T11:51:49z: f0:24:f9:c8:a5:51
 0h00:04.146 2026/05/31T11:51:49z: SSID: TEST-STA
1 BSEC warning code : 100

1 BSEC warning code : 100

 ets Jan  8 2013,rst cause:1, boot mode:(3,7)

load 0x4010f000, len 1384, room 16 
tail 8
chksum 0x2d
csum 0x2d
v8b899c12
~ld


7.04
 0h00:00.468 1970/01/01T08:00:00z: SPIFFS Active
 0h00:04.144 2026/05/31T12:11:31z: f0:24:f9:c8:a5:51
 0h00:04.146 2026/05/31T12:11:31z: SSID: TEST-STA
1 BSEC warning code : 100

 ets Jan  8 2013,rst cause:1, boot mode:(3,7)

load 0x4010f000, len 1384, room 16 
tail 8
chksum 0x2d
csum 0x2d
v8b899c12
~ld


7.04
 0h00:00.476 1970/01/01T08:00:00z: SPIFFS Active
 0h00:04.153 2026/05/31T12:31:12z: f0:24:f9:c8:a5:51
 0h00:04.154 2026/05/31T12:31:12z: SSID: TEST-STA
1 BSEC warning code : 100

 ets Jan  8 2013,rst cause:1, boot mode:(3,7)

load 0x4010f000, len 1384, room 16 
tail 8
chksum 0x2d
csum 0x2d
v8b899c12
~ld


7.04
 0h00:00.479 1970/01/01T08:00:00z: SPIFFS Active
 0h00:04.155 2026/05/31T12:50:53z: f0:24:f9:c8:a5:51
 0h00:04.157 2026/05/31T12:50:53z: SSID: TEST-STA
1 BSEC warning code : 100

1 BSEC warning code : 100

 ets Jan  8 2013,rst cause:1, boot mode:(3,7)

load 0x4010f000, len 1384, room 16 
tail 8
chksum 0x2d
csum 0x2d
v8b899c12
~ld


7.04
 0h00:00.481 1970/01/01T08:00:00z: SPIFFS Active
 0h00:04.158 2026/05/31T13:10:33z: f0:24:f9:c8:a5:51
 0h00:04.160 2026/05/31T13:10:33z: SSID: TEST-STA
1 BSEC warning code : 100

1 BSEC warning code : 100

 ets Jan  8 2013,rst cause:1, boot mode:(3,7)

load 0x4010f000, len 1384, room 16 
tail 8
chksum 0x2d
csum 0x2d
v8b899c12
~ld


7.04
 0h00:00.476 1970/01/01T08:00:00z: SPIFFS Active
 0h00:04.153 2026/05/31T13:30:14z: f0:24:f9:c8:a5:51
 0h00:04.155 2026/05/31T13:30:14z: SSID: TEST-STA
1 BSEC warning code : 100

 ets Jan  8 2013,rst cause:1, boot mode:(3,7)

load 0x4010f000, len 1384, room 16 
tail 8
chksum 0x2d
csum 0x2d
v8b899c12
~ld


7.04
 0h00:00.475 1970/01/01T08:00:00z: SPIFFS Active
 0h00:04.152 2026/05/31T13:49:55z: f0:24:f9:c8:a5:51
 0h00:04.153 2026/05/31T13:49:55z: SSID: TEST-STA
1 BSEC warning code : 100

 ets Jan  8 2013,rst cause:1, boot mode:(3,7)

load 0x4010f000, len 1384, room 16 
tail 8
chksum 0x2d
csum 0x2d
v8b899c12
~ld


7.04
 0h00:00.490 1970/01/01T08:00:00z: SPIFFS Active
 0h00:04.167 2026/05/31T14:09:35z: f0:24:f9:c8:a5:51
 0h00:04.168 2026/05/31T14:09:35z: SSID: TEST-STA
1 BSEC warning code : 100

 ets Jan  8 2013,rst cause:1, boot mode:(3,7)

load 0x4010f000, len 1384, room 16 
tail 8
chksum 0x2d
csum 0x2d
v8b899c12
~ld


7.04
 0h00:00.527 1970/01/01T08:00:00z: SPIFFS Active
 0h00:04.204 2026/05/31T14:29:16z: f0:24:f9:c8:a5:51
 0h00:04.205 2026/05/31T14:29:16z: SSID: TEST-STA
1 BSEC warning code : 100

 ets Jan  8 2013,rst cause:1, boot mode:(3,7)

load 0x4010f000, len 1384, room 16 
tail 8
chksum 0x2d
csum 0x2d
v8b899c12
~ld


7.04
 0h00:00.476 1970/01/01T08:00:00z: SPIFFS Active
 0h00:04.153 2026/05/31T14:48:56z: f0:24:f9:c8:a5:51
 0h00:04.154 2026/05/31T14:48:56z: SSID: TEST-STA
1 BSEC warning code : 100

1 BSEC warning code : 100

 ets Jan  8 2013,rst cause:1, boot mode:(3,7)

load 0x4010f000, len 1384, room 16 
tail 8
chksum 0x2d
csum 0x2d
v8b899c12
~ld


7.04
 0h00:00.472 1970/01/01T08:00:00z: SPIFFS Active
 0h00:04.149 2026/05/31T15:08:37z: f0:24:f9:c8:a5:51
 0h00:04.150 2026/05/31T15:08:37z: SSID: TEST-STA
1 BSEC warning code : 100

1 BSEC warning code : 100

 ets Jan  8 2013,rst cause:1, boot mode:(3,7)

load 0x4010f000, len 1384, room 16 
tail 8
chksum 0x2d
csum 0x2d
v8b899c12
~ld


7.04
 0h00:00.511 1970/01/01T08:00:00z: SPIFFS Active
 0h00:04.188 2026/05/31T15:28:17z: f0:24:f9:c8:a5:51
 0h00:04.189 2026/05/31T15:28:17z: SSID: TEST-STA
1 BSEC warning code : 100

 ets Jan  8 2013,rst cause:1, boot mode:(3,7)

load 0x4010f000, len 1384, room 16 
tail 8
chksum 0x2d
csum 0x2d
v8b899c12
~ld


7.04
 0h00:00.499 1970/01/01T08:00:00z: SPIFFS Active
 0h00:04.175 2026/05/31T15:47:58z: f0:24:f9:c8:a5:51
 0h00:04.177 2026/05/31T15:47:58z: SSID: TEST-STA
1 BSEC warning code : 100

1 BSEC warning code : 100

 ets Jan  8 2013,rst cause:1, boot mode:(3,7)

load 0x4010f000, len 1384, room 16 
tail 8
chksum 0x2d
csum 0x2d
v8b899c12
~ld


7.04
 0h00:00.515 1970/01/01T08:00:00z: SPIFFS Active
 0h00:04.191 2026/05/31T16:07:38z: f0:24:f9:c8:a5:51
 0h00:04.193 2026/05/31T16:07:38z: SSID: TEST-STA
1 BSEC warning code : 100

1 BSEC warning code : 100

 ets Jan  8 2013,rst cause:1, boot mode:(3,7)

load 0x4010f000, len 1384, room 16 
tail 8
chksum 0x2d
csum 0x2d
v8b899c12
~ld


7.04
 0h00:00.498 1970/01/01T08:00:00z: SPIFFS Active
 0h00:04.175 2026/05/31T16:27:18z: f0:24:f9:c8:a5:51
 0h00:04.177 2026/05/31T16:27:18z: SSID: TEST-STA
1 BSEC warning code : 100

 ets Jan  8 2013,rst cause:1, boot mode:(3,7)

load 0x4010f000, len 1384, room 16 
tail 8
chksum 0x2d
csum 0x2d
v8b899c12
~ld


7.04
 0h00:00.517 1970/01/01T08:00:00z: SPIFFS Active
 0h00:04.193 2026/05/31T16:46:59z: f0:24:f9:c8:a5:51
 0h00:04.195 2026/05/31T16:46:59z: SSID: TEST-STA
1 BSEC warning code : 100

 ets Jan  8 2013,rst cause:1, boot mode:(3,7)

load 0x4010f000, len 1384, room 16 
tail 8
chksum 0x2d
csum 0x2d
v8b899c12
~ld


7.04
 0h00:00.468 1970/01/01T08:00:00z: SPIFFS Active
 0h00:04.144 2026/05/31T17:06:40z: f0:24:f9:c8:a5:51
 0h00:04.146 2026/05/31T17:06:40z: SSID: TEST-STA
1 BSEC warning code : 100

 ets Jan  8 2013,rst cause:1, boot mode:(3,7)

load 0x4010f000, len 1384, room 16 
tail 8
chksum 0x2d
csum 0x2d
v8b899c12
~ld


7.04
 0h00:00.504 1970/01/01T08:00:00z: SPIFFS Active
 0h00:04.181 2026/05/31T17:26:21z: f0:24:f9:c8:a5:51
 0h00:04.182 2026/05/31T17:26:21z: SSID: TEST-STA
1 BSEC warning code : 100

 ets Jan  8 2013,rst cause:1, boot mode:(3,7)

load 0x4010f000, len 1384, room 16 
tail 8
chksum 0x2d
csum 0x2d
v8b899c12
~ld


7.04
 0h00:00.467 1970/01/01T08:00:00z: SPIFFS Active
 0h00:04.143 2026/05/31T17:46:01z: f0:24:f9:c8:a5:51
 0h00:04.145 2026/05/31T17:46:01z: SSID: TEST-STA
1 BSEC warning code : 100

 ets Jan  8 2013,rst cause:1, boot mode:(3,7)

load 0x4010f000, len 1384, room 16 
tail 8
chksum 0x2d
csum 0x2d
v8b899c12
~ld


7.04
 0h00:00.511 1970/01/01T08:00:00z: SPIFFS Active
 0h00:04.188 2026/05/31T18:05:42z: f0:24:f9:c8:a5:51
 0h00:04.190 2026/05/31T18:05:42z: SSID: TEST-STA
1 BSEC warning code : 100

 ets Jan  8 2013,rst cause:1, boot mode:(3,7)

load 0x4010f000, len 1384, room 16 
tail 8
chksum 0x2d
csum 0x2d
v8b899c12
~ld


7.04
 0h00:00.492 1970/01/01T08:00:00z: SPIFFS Active
 0h00:04.170 2026/05/31T18:25:22z: f0:24:f9:c8:a5:51
 0h00:04.172 2026/05/31T18:25:22z: SSID: TEST-STA
1 BSEC warning code : 100

 ets Jan  8 2013,rst cause:1, boot mode:(3,7)

load 0x4010f000, len 1384, room 16 
tail 8
chksum 0x2d
csum 0x2d
v8b899c12
~ld


7.04
 0h00:00.582 1970/01/01T08:00:00z: SPIFFS Active
 0h00:04.259 2026/05/31T18:45:04z: f0:24:f9:c8:a5:51
 0h00:04.261 2026/05/31T18:45:04z: SSID: TEST-STA
1 BSEC warning code : 100

 ets Jan  8 2013,rst cause:1, boot mode:(3,7)

load 0x4010f000, len 1384, room 16 
tail 8
chksum 0x2d
csum 0x2d
v8b899c12
~ld


7.04
 0h00:00.469 1970/01/01T08:00:00z: SPIFFS Active
 0h00:04.146 2026/05/31T19:04:45z: f0:24:f9:c8:a5:51
 0h00:04.147 2026/05/31T19:04:45z: SSID: TEST-STA
1 BSEC warning code : 100

 ets Jan  8 2013,rst cause:1, boot mode:(3,7)

load 0x4010f000, len 1384, room 16 
tail 8
chksum 0x2d
csum 0x2d
v8b899c12
~ld


7.04
 0h00:00.497 1970/01/01T08:00:00z: SPIFFS Active
 0h00:04.174 2026/05/31T19:24:25z: f0:24:f9:c8:a5:51
 0h00:04.176 2026/05/31T19:24:25z: SSID: TEST-STA
1 BSEC warning code : 100

 ets Jan  8 2013,rst cause:1, boot mode:(3,7)

load 0x4010f000, len 1384, room 16 
tail 8
chksum 0x2d
csum 0x2d
v8b899c12
~ld


7.04
 0h00:00.469 1970/01/01T08:00:00z: SPIFFS Active
 0h00:04.146 2026/05/31T19:44:06z: f0:24:f9:c8:a5:51
 0h00:04.147 2026/05/31T19:44:06z: SSID: TEST-STA
1 BSEC warning code : 100

1 BSEC warning code : 100

 ets Jan  8 2013,rst cause:1, boot mode:(3,7)

load 0x4010f000, len 1384, room 16 
tail 8
chksum 0x2d
csum 0x2d
v8b899c12
~ld


7.04
 0h00:00.544 1970/01/01T08:00:00z: SPIFFS Active
 0h00:04.221 2026/05/31T20:03:47z: f0:24:f9:c8:a5:51
 0h00:04.222 2026/05/31T20:03:47z: SSID: TEST-STA
1 BSEC warning code : 100

 ets Jan  8 2013,rst cause:1, boot mode:(3,7)

load 0x4010f000, len 1384, room 16 
tail 8
chksum 0x2d
csum 0x2d
v8b899c12
~ld


7.04
 0h00:00.512 1970/01/01T08:00:00z: SPIFFS Active
 0h00:04.189 2026/05/31T20:23:27z: f0:24:f9:c8:a5:51
 0h00:04.190 2026/05/31T20:23:27z: SSID: TEST-STA
1 BSEC warning code : 100

 ets Jan  8 2013,rst cause:1, boot mode:(3,7)

load 0x4010f000, len 1384, room 16 
tail 8
chksum 0x2d
csum 0x2d
v8b899c12
~ld


7.04
 0h00:00.472 1970/01/01T08:00:00z: SPIFFS Active
 0h00:04.148 2026/05/31T20:43:08z: f0:24:f9:c8:a5:51
 0h00:04.150 2026/05/31T20:43:08z: SSID: TEST-STA
1 BSEC warning code : 100

1 BSEC warning code : 100

 ets Jan  8 2013,rst cause:1, boot mode:(3,7)

load 0x4010f000, len 1384, room 16 
tail 8
chksum 0x2d
csum 0x2d
v8b899c12
~ld


7.04
 0h00:00.469 1970/01/01T08:00:00z: SPIFFS Active
 0h00:04.146 2026/05/31T21:02:48z: f0:24:f9:c8:a5:51
 0h00:04.147 2026/05/31T21:02:48z: SSID: TEST-STA
1 BSEC warning code : 100

1 BSEC warning code : 100

 ets Jan  8 2013,rst cause:1, boot mode:(3,7)

load 0x4010f000, len 1384, room 16 
tail 8
chksum 0x2d
csum 0x2d
v8b899c12
~ld


7.04
 0h00:00.468 1970/01/01T08:00:00z: SPIFFS Active
 0h00:04.144 2026/05/31T21:22:29z: f0:24:f9:c8:a5:51
 0h00:04.146 2026/05/31T21:22:29z: SSID: TEST-STA
1 BSEC warning code : 100

1 BSEC warning code : 100

 ets Jan  8 2013,rst cause:1, boot mode:(3,7)

load 0x4010f000, len 1384, room 16 
tail 8
chksum 0x2d
csum 0x2d
v8b899c12
~ld


7.04
 0h00:00.465 1970/01/01T08:00:00z: SPIFFS Active
 0h00:04.142 2026/05/31T21:42:09z: f0:24:f9:c8:a5:51
 0h00:04.144 2026/05/31T21:42:09z: SSID: TEST-STA
1 BSEC warning code : 100

 ets Jan  8 2013,rst cause:1, boot mode:(3,7)

load 0x4010f000, len 1384, room 16 
tail 8
chksum 0x2d
csum 0x2d
v8b899c12
~ld


7.04
 0h00:00.546 1970/01/01T08:00:00z: SPIFFS Active
 0h00:04.223 2026/05/31T22:01:50z: f0:24:f9:c8:a5:51
 0h00:04.225 2026/05/31T22:01:50z: SSID: TEST-STA
1 BSEC warning code : 100

 ets Jan  8 2013,rst cause:1, boot mode:(3,7)

load 0x4010f000, len 1384, room 16 
tail 8
chksum 0x2d
csum 0x2d
v8b899c12
~ld


7.04
 0h00:00.465 1970/01/01T08:00:00z: SPIFFS Active
 0h00:04.143 2026/05/31T22:21:30z: f0:24:f9:c8:a5:51
 0h00:04.144 2026/05/31T22:21:30z: SSID: TEST-STA
1 BSEC warning code : 100

 ets Jan  8 2013,rst cause:1, boot mode:(3,7)

load 0x4010f000, len 1384, room 16 
tail 8
chksum 0x2d
csum 0x2d
v8b899c12
~ld


7.04
 0h00:00.505 1970/01/01T08:00:00z: SPIFFS Active
 0h00:04.182 2026/05/31T22:41:11z: f0:24:f9:c8:a5:51
 0h00:04.184 2026/05/31T22:41:11z: SSID: TEST-STA
1 BSEC warning code : 100

1 BSEC warning code : 100

 ets Jan  8 2013,rst cause:1, boot mode:(3,7)

load 0x4010f000, len 1384, room 16 
tail 8
chksum 0x2d
csum 0x2d
v8b899c12
~ld


7.04
 0h00:00.514 1970/01/01T08:00:00z: SPIFFS Active
 0h00:04.191 2026/05/31T23:00:51z: f0:24:f9:c8:a5:51
 0h00:04.193 2026/05/31T23:00:51z: SSID: TEST-STA
1 BSEC warning code : 100

1 BSEC warning code : 100

 ets Jan  8 2013,rst cause:1, boot mode:(3,7)

load 0x4010f000, len 1384, room 16 
tail 8
chksum 0x2d
csum 0x2d
v8b899c12
~ld


7.04
 0h00:00.472 1970/01/01T08:00:00z: SPIFFS Active
 0h00:04.149 2026/05/31T23:20:32z: f0:24:f9:c8:a5:51
 0h00:04.150 2026/05/31T23:20:32z: SSID: TEST-STA
1 BSEC warning code : 100

1 BSEC warning code : 100

 ets Jan  8 2013,rst cause:1, boot mode:(3,7)

load 0x4010f000, len 1384, room 16 
tail 8
chksum 0x2d
csum 0x2d
v8b899c12
~ld


7.04
 0h00:00.471 1970/01/01T08:00:00z: SPIFFS Active
 0h00:04.148 2026/05/31T23:40:13z: f0:24:f9:c8:a5:51
 0h00:04.149 2026/05/31T23:40:13z: SSID: TEST-STA
1 BSEC warning code : 100

 ets Jan  8 2013,rst cause:1, boot mode:(3,7)

load 0x4010f000, len 1384, room 16 
tail 8
chksum 0x2d
csum 0x2d
v8b899c12
~ld


7.04
 0h00:00.470 1970/01/01T08:00:00z: SPIFFS Active
 0h00:04.148 2026/05/31T23:59:54z: f0:24:f9:c8:a5:51
 0h00:04.149 2026/05/31T23:59:54z: SSID: TEST-STA