
1 BSEC warning code : 100

 ets Jan  8 2013,rst cause:1, boot mode:(3,7)

load 0x4010f000, len 1384, room 16 
tail 8
chksum 0x2d
csum 0x2d
v8b899c12
~ld


7.04
 0h00:00.491 1970/01/01T08:00:00z: SPIFFS Active
 0h00:04.168 2026/05/27T00:17:54z: f0:24:f9:c8:a5:51
 0h00:04.169 2026/05/27T00:17:54z: SSID: TEST-STA
1 BSEC warning code : 100

1 BSEC warning code : 100

 ets Jan  8 2013,rst cause:1, boot mode:(3,7)

load 0x4010f000, len 1384, room 16 
tail 8
chksum 0x2d
csum 0x2d
v8b899c12
~ld


7.04
 0h00:00.500 1970/01/01T08:00:00z: SPIFFS Active
 0h00:04.176 2026/05/27T00:37:34z: f0:24:f9:c8:a5:51
 0h00:04.178 2026/05/27T00:37:34z: SSID: TEST-STA
1 BSEC warning code : 100

 ets Jan  8 2013,rst cause:1, boot mode:(3,7)

load 0x4010f000, len 1384, room 16 
tail 8
chksum 0x2d
csum 0x2d
v8b899c12
~ld


7.04
 0h00:00.502 1970/01/01T08:00:00z: SPIFFS Active
 0h00:04.179 2026/05/27T00:57:14z: f0:24:f9:c8:a5:51
 0h00:04.180 2026/05/27T00:57:14z: SSID: TEST-STA
1 BSEC warning code : 100

 ets Jan  8 2013,rst cause:1, boot mode:(3,7)

load 0x4010f000, len 1384, room 16 
tail 8
chksum 0x2d
csum 0x2d
v8b899c12
~ld


7.04
 0h00:00.461 1970/01/01T08:00:00z: SPIFFS Active
 0h00:04.139 2026/05/27T01:16:55z: f0:24:f9:c8:a5:51
 0h00:04.141 2026/05/27T01:16:55z: SSID: TEST-STA
1 BSEC warning code : 100

 ets Jan  8 2013,rst cause:1, boot mode:(3,7)

load 0x4010f000, len 1384, room 16 
tail 8
chksum 0x2d
csum 0x2d
v8b899c12
~ld


7.04
 0h00:00.500 1970/01/01T08:00:00z: SPIFFS Active
 0h00:04.176 2026/05/27T01:36:35z: f0:24:f9:c8:a5:51
 0h00:04.178 2026/05/27T01:36:35z: SSID: TEST-STA
1 BSEC warning code : 100

 ets Jan  8 2013,rst cause:1, boot mode:(3,7)

load 0x4010f000, len 1384, room 16 
tail 8
chksum 0x2d
csum 0x2d
v8b899c12
~ld


7.04
 0h00:00.493 1970/01/01T08:00:00z: SPIFFS Active
 0h00:04.170 2026/05/27T01:56:16z: f0:24:f9:c8:a5:51
 0h00:04.171 2026/05/27T01:56:16z: SSID: TEST-STA
1 BSEC warning code : 100

 ets Jan  8 2013,rst cause:1, boot mode:(3,7)

load 0x4010f000, len 1384, room 16 
tail 8
chksum 0x2d
csum 0x2d
v8b899c12
~ld


7.04
 0h00:00.464 1970/01/01T08:00:00z: SPIFFS Active
 0h00:04.140 2026/05/27T02:15:56z: f0:24:f9:c8:a5:51
 0h00:04.142 2026/05/27T02:15:56z: SSID: TEST-STA
1 BSEC warning code : 100

 ets Jan  8 2013,rst cause:1, boot mode:(3,7)

load 0x4010f000, len 1384, room 16 
tail 8
chksum 0x2d
csum 0x2d
v8b899c12
~ld


7.04
 0h00:00.499 1970/01/01T08:00:00z: SPIFFS Active
 0h00:04.176 2026/05/27T02:35:37z: f0:24:f9:c8:a5:51
 0h00:04.178 2026/05/27T02:35:37z: SSID: TEST-STA
1 BSEC warning code : 100

 ets Jan  8 2013,rst cause:1, boot mode:(3,7)

load 0x4010f000, len 1384, room 16 
tail 8
chksum 0x2d
csum 0x2d
v8b899c12
~ld


7.04
 0h00:00.534 1970/01/01T08:00:00z: SPIFFS Active
 0h00:04.211 2026/05/27T02:55:18z: f0:24:f9:c8:a5:51
 0h00:04.212 2026/05/27T02:55:18z: SSID: TEST-STA
1 BSEC warning code : 100

 ets Jan  8 2013,rst cause:1, boot mode:(3,7)

load 0x4010f000, len 1384, room 16 
tail 8
chksum 0x2d
csum 0x2d
v8b899c12
~ld


7.04
 0h00:00.501 1970/01/01T08:00:00z: SPIFFS Active
 0h00:04.177 2026/05/27T03:14:58z: f0:24:f9:c8:a5:51
 0h00:04.179 2026/05/27T03:14:58z: SSID: TEST-STA
1 BSEC warning code : 100

 ets Jan  8 2013,rst cause:1, boot mode:(3,7)

load 0x4010f000, len 1384, room 16 
tail 8
chksum 0x2d
csum 0x2d
v8b899c12
~ld


7.04
 0h00:00.461 1970/01/01T08:00:00z: SPIFFS Active
 0h00:04.137 2026/05/27T03:34:39z: f0:24:f9:c8:a5:51
 0h00:04.139 2026/05/27T03:34:39z: SSID: TEST-STA
1 BSEC warning code : 100

 ets Jan  8 2013,rst cause:1, boot mode:(3,7)

load 0x4010f000, len 1384, room 16 
tail 8
chksum 0x2d
csum 0x2d
v8b899c12
~ld


7.04
 0h00:00.489 1970/01/01T08:00:00z: SPIFFS Active
 0h00:04.165 2026/05/27T03:54:20z: f0:24:f9:c8:a5:51
 0h00:04.167 2026/05/27T03:54:20z: SSID: TEST-STA
1 BSEC warning code : 100

 ets Jan  8 2013,rst cause:1, boot mode:(3,7)

load 0x4010f000, len 1384, room 16 
tail 8
chksum 0x2d
csum 0x2d
v8b899c12
~ld


7.04
 0h00:00.498 1970/01/01T08:00:00z: SPIFFS Active
 0h00:04.175 2026/05/27T04:14:01z: f0:24:f9:c8:a5:51
 0h00:04.177 2026/05/27T04:14:01z: SSID: TEST-STA
1 BSEC warning code : 100

1 BSEC warning code : 100

 ets Jan  8 2013,rst cause:1, boot mode:(3,7)

load 0x4010f000, len 1384, room 16 
tail 8
chksum 0x2d
csum 0x2d
v8b899c12
~ld


7.04
 0h00:00.467 1970/01/01T08:00:00z: SPIFFS Active
 0h00:04.144 2026/05/27T04:33:42z: f0:24:f9:c8:a5:51
 0h00:04.145 2026/05/27T04:33:42z: SSID: TEST-STA
1 BSEC warning code : 100

 ets Jan  8 2013,rst cause:1, boot mode:(3,7)

load 0x4010f000, len 1384, room 16 
tail 8
chksum 0x2d
csum 0x2d
v8b899c12
~ld


7.04
 0h00:00.503 1970/01/01T08:00:00z: SPIFFS Active
 0h00:04.180 2026/05/27T04:53:23z: f0:24:f9:c8:a5:51
 0h00:04.181 2026/05/27T04:53:23z: SSID: TEST-STA
1 BSEC warning code : 100

 ets Jan  8 2013,rst cause:1, boot mode:(3,7)

load 0x4010f000, len 1384, room 16 
tail 8
chksum 0x2d
csum 0x2d
v8b899c12
~ld


7.04
 0h00:00.507 1970/01/01T08:00:00z: SPIFFS Active
 0h00:04.184 2026/05/27T05:13:04z: f0:24:f9:c8:a5:51
 0h00:04.185 2026/05/27T05:13:04z: SSID: TEST-STA
1 BSEC warning code : 100

1 BSEC warning code : 100

 ets Jan  8 2013,rst cause:1, boot mode:(3,7)

load 0x4010f000, len 1384, room 16 
tail 8
chksum 0x2d
csum 0x2d
v8b899c12
~ld


7.04
 0h00:00.469 1970/01/01T08:00:00z: SPIFFS Active
 0h00:04.146 2026/05/27T05:32:44z: f0:24:f9:c8:a5:51
 0h00:04.147 2026/05/27T05:32:44z: SSID: TEST-STA
1 BSEC warning code : 100

 ets Jan  8 2013,rst cause:1, boot mode:(3,7)

load 0x4010f000, len 1384, room 16 
tail 8
chksum 0x2d
csum 0x2d
v8b899c12
~ld


7.04
 0h00:00.512 1970/01/01T08:00:00z: SPIFFS Active
 0h00:04.189 2026/05/27T05:52:25z: f0:24:f9:c8:a5:51
 0h00:04.190 2026/05/27T05:52:25z: SSID: TEST-STA
1 BSEC warning code : 100

 ets Jan  8 2013,rst cause:1, boot mode:(3,7)

load 0x4010f000, len 1384, room 16 
tail 8
chksum 0x2d
csum 0x2d
v8b899c12
~ld


7.04
 0h00:00.544 1970/01/01T08:00:00z: SPIFFS Active
 0h00:04.221 2026/05/27T06:12:05z: f0:24:f9:c8:a5:51
 0h00:04.222 2026/05/27T06:12:05z: SSID: TEST-STA
1 BSEC warning code : 100

 ets Jan  8 2013,rst cause:1, boot mode:(3,7)

load 0x4010f000, len 1384, room 16 
tail 8
chksum 0x2d
csum 0x2d
v8b899c12
~ld


7.04
 0h00:00.472 1970/01/01T08:00:00z: SPIFFS Active
 0h00:04.149 2026/05/27T06:31:46z: f0:24:f9:c8:a5:51
 0h00:04.150 2026/05/27T06:31:46z: SSID: TEST-STA
1 BSEC warning code : 100

 ets Jan  8 2013,rst cause:1, boot mode:(3,7)

load 0x4010f000, len 1384, room 16 
tail 8
chksum 0x2d
csum 0x2d
v8b899c12
~ld


7.04
 0h00:00.470 1970/01/01T08:00:00z: SPIFFS Active
 0h00:04.147 2026/05/27T06:51:27z: f0:24:f9:c8:a5:51
 0h00:04.149 2026/05/27T06:51:27z: SSID: TEST-STA
1 BSEC warning code : 100

 ets Jan  8 2013,rst cause:1, boot mode:(3,7)

load 0x4010f000, len 1384, room 16 
tail 8
chksum 0x2d
csum 0x2d
v8b899c12
~ld


7.04
 0h00:00.474 1970/01/01T08:00:00z: SPIFFS Active
 0h00:04.150 2026/05/27T07:11:08z: f0:24:f9:c8:a5:51
 0h00:04.152 2026/05/27T07:11:08z: SSID: TEST-STA
1 BSEC warning code : 100

1 BSEC warning code : 100

 ets Jan  8 2013,rst cause:1, boot mode:(3,7)

load 0x4010f000, len 1384, room 16 
tail 8
chksum 0x2d
csum 0x2d
v8b899c12
~ld


7.04
 0h00:00.453 1970/01/01T08:00:00z: SPIFFS Active
 0h00:04.130 2026/05/27T07:30:49z: f0:24:f9:c8:a5:51
 0h00:04.131 2026/05/27T07:30:49z: SSID: TEST-STA
1 BSEC warning code : 100

 ets Jan  8 2013,rst cause:1, boot mode:(3,7)

load 0x4010f000, len 1384, room 16 
tail 8
chksum 0x2d
csum 0x2d
v8b899c12
~ld


7.04
 0h00:00.472 1970/01/01T08:00:00z: SPIFFS Active
 0h00:04.148 2026/05/27T07:50:29z: f0:24:f9:c8:a5:51
 0h00:04.150 2026/05/27T07:50:29z: SSID: TEST-STA
1 BSEC warning code : 100

 ets Jan  8 2013,rst cause:1, boot mode:(3,7)

load 0x4010f000, len 1384, room 16 
tail 8
chksum 0x2d
csum 0x2d
v8b899c12
~ld


7.04
 0h00:00.472 1970/01/01T08:00:00z: SPIFFS Active
 0h00:04.149 2026/05/27T08:10:10z: f0:24:f9:c8:a5:51
 0h00:04.151 2026/05/27T08:10:10z: SSID: TEST-STA
1 BSEC warning code : 100

1 BSEC warning code : 100

 ets Jan  8 2013,rst cause:1, boot mode:(3,7)

load 0x4010f000, len 1384, room 16 
tail 8
chksum 0x2d
csum 0x2d
v8b899c12
~ld


7.04
 0h00:00.462 1970/01/01T08:00:00z: SPIFFS Active
 0h00:04.138 2026/05/27T08:29:51z: f0:24:f9:c8:a5:51
 0h00:04.140 2026/05/27T08:29:51z: SSID: TEST-STA
1 BSEC warning code : 100

1 BSEC warning code : 100

 ets Jan  8 2013,rst cause:1, boot mode:(3,7)

load 0x4010f000, len 1384, room 16 
tail 8
chksum 0x2d
csum 0x2d
v8b899c12
~ld


7.04
 0h00:00.471 1970/01/01T08:00:00z: SPIFFS Active
 0h00:04.148 2026/05/27T08:49:31z: f0:24:f9:c8:a5:51
 0h00:04.149 2026/05/27T08:49:31z: SSID: TEST-STA
1 BSEC warning code : 100

 ets Jan  8 2013,rst cause:1, boot mode:(3,7)

load 0x4010f000, len 1384, room 16 
tail 8
chksum 0x2d
csum 0x2d
v8b899c12
~ld


7.04
 0h00:00.501 1970/01/01T08:00:00z: SPIFFS Active
 0h00:04.178 2026/05/27T09:09:12z: f0:24:f9:c8:a5:51
 0h00:04.179 2026/05/27T09:09:12z: SSID: TEST-STA
1 BSEC warning code : 100

 ets Jan  8 2013,rst cause:1, boot mode:(3,7)

load 0x4010f000, len 1384, room 16 
tail 8
chksum 0x2d
csum 0x2d
v8b899c12
~ld


7.04
 0h00:00.454 1970/01/01T08:00:00z: SPIFFS Active
 0h00:04.131 2026/05/27T09:28:52z: f0:24:f9:c8:a5:51
 0h00:04.132 2026/05/27T09:28:52z: SSID: TEST-STA
1 BSEC warning code : 100

 ets Jan  8 2013,rst cause:1, boot mode:(3,7)

load 0x4010f000, len 1384, room 16 
tail 8
chksum 0x2d
csum 0x2d
v8b899c12
~ld


7.04
 0h00:00.503 1970/01/01T08:00:00z: SPIFFS Active
 0h00:04.179 2026/05/27T09:48:33z: f0:24:f9:c8:a5:51
 0h00:04.181 2026/05/27T09:48:33z: SSID: TEST-STA
1 BSEC warning code : 100

1 BSEC warning code : 100

 ets Jan  8 2013,rst cause:1, boot mode:(3,7)

load 0x4010f000, len 1384, room 16 
tail 8
chksum 0x2d
csum 0x2d
v8b899c12
~ld


7.04
 0h00:00.464 1970/01/01T08:00:00z: SPIFFS Active
 0h00:04.141 2026/05/27T10:08:13z: f0:24:f9:c8:a5:51
 0h00:04.142 2026/05/27T10:08:13z: SSID: TEST-STA
1 BSEC warning code : 100

 ets Jan  8 2013,rst cause:1, boot mode:(3,7)

load 0x4010f000, len 1384, room 16 
tail 8
chksum 0x2d
csum 0x2d
v8b899c12
~ld


7.04
 0h00:00.489 1970/01/01T08:00:00z: SPIFFS Active
 0h00:04.165 2026/05/27T10:27:54z: f0:24:f9:c8:a5:51
 0h00:04.167 2026/05/27T10:27:54z: SSID: TEST-STA
1 BSEC warning code : 100

 ets Jan  8 2013,rst cause:1, boot mode:(3,7)

load 0x4010f000, len 1384, room 16 
tail 8
chksum 0x2d
csum 0x2d
v8b899c12
~ld


7.04
 0h00:00.502 1970/01/01T08:00:00z: SPIFFS Active
 0h00:04.178 2026/05/27T10:47:34z: f0:24:f9:c8:a5:51
 0h00:04.180 2026/05/27T10:47:34z: SSID: TEST-STA
1 BSEC warning code : 100

 ets Jan  8 2013,rst cause:1, boot mode:(3,7)

load 0x4010f000, len 1384, room 16 
tail 8
chksum 0x2d
csum 0x2d
v8b899c12
~ld


7.04
 0h00:00.497 1970/01/01T08:00:00z: SPIFFS Active
 0h00:04.174 2026/05/27T11:07:15z: f0:24:f9:c8:a5:51
 0h00:04.175 2026/05/27T11:07:15z: SSID: TEST-STA
1 BSEC warning code : 100

 ets Jan  8 2013,rst cause:1, boot mode:(3,7)

load 0x4010f000, len 1384, room 16 
tail 8
chksum 0x2d
csum 0x2d
v8b899c12
~ld


7.04
 0h00:00.499 1970/01/01T08:00:00z: SPIFFS Active
 0h00:04.176 2026/05/27T11:26:55z: f0:24:f9:c8:a5:51
 0h00:04.177 2026/05/27T11:26:55z: SSID: TEST-STA
1 BSEC warning code : 100

 ets Jan  8 2013,rst cause:1, boot mode:(3,7)

load 0x4010f000, len 1384, room 16 
tail 8
chksum 0x2d
csum 0x2d
v8b899c12
~ld


7.04
 0h00:00.460 1970/01/01T08:00:00z: SPIFFS Active
 0h00:04.137 2026/05/27T11:46:36z: f0:24:f9:c8:a5:51
 0h00:04.139 2026/05/27T11:46:36z: SSID: TEST-STA
1 BSEC warning code : 100

 ets Jan  8 2013,rst cause:1, boot mode:(3,7)

load 0x4010f000, len 1384, room 16 
tail 8
chksum 0x2d
csum 0x2d
v8b899c12
~ld


7.04
 0h00:00.545 1970/01/01T08:00:00z: SPIFFS Active
 0h00:04.222 2026/05/27T12:06:16z: f0:24:f9:c8:a5:51
 0h00:04.224 2026/05/27T12:06:16z: SSID: TEST-STA
1 BSEC warning code : 100

 ets Jan  8 2013,rst cause:1, boot mode:(3,7)

load 0x4010f000, len 1384, room 16 
tail 8
chksum 0x2d
csum 0x2d
v8b899c12
~ld


7.04
 0h00:00.461 1970/01/01T08:00:00z: SPIFFS Active
 0h00:04.138 2026/05/27T12:25:57z: f0:24:f9:c8:a5:51
 0h00:04.139 2026/05/27T12:25:57z: SSID: TEST-STA
1 BSEC warning code : 100

1 BSEC warning code : 100

 ets Jan  8 2013,rst cause:1, boot mode:(3,7)

load 0x4010f000, len 1384, room 16 
tail 8
chksum 0x2d
csum 0x2d
v8b899c12
~ld


7.04
 0h00:00.454 1970/01/01T08:00:00z: SPIFFS Active
 0h00:04.131 2026/05/27T12:45:38z: f0:24:f9:c8:a5:51
 0h00:04.133 2026/05/27T12:45:38z: SSID: TEST-STA
1 BSEC warning code : 100

 ets Jan  8 2013,rst cause:1, boot mode:(3,7)

load 0x4010f000, len 1384, room 16 
tail 8
chksum 0x2d
csum 0x2d
v8b899c12
~ld


7.04
 0h00:00.454 1970/01/01T08:00:00z: SPIFFS Active
 0h00:04.131 2026/05/27T13:05:18z: f0:24:f9:c8:a5:51
 0h00:04.132 2026/05/27T13:05:18z: SSID: TEST-STA
1 BSEC warning code : 100

 ets Jan  8 2013,rst cause:1, boot mode:(3,7)

load 0x4010f000, len 1384, room 16 
tail 8
chksum 0x2d
csum 0x2d
v8b899c12
~ld


7.04
 0h00:00.459 1970/01/01T08:00:00z: SPIFFS Active
 0h00:04.137 2026/05/27T13:24:58z: f0:24:f9:c8:a5:51
 0h00:04.138 2026/05/27T13:24:58z: SSID: TEST-STA
1 BSEC warning code : 100

 ets Jan  8 2013,rst cause:1, boot mode:(3,7)

load 0x4010f000, len 1384, room 16 
tail 8
chksum 0x2d
csum 0x2d
v8b899c12
~ld


7.04
 0h00:00.499 1970/01/01T08:00:00z: SPIFFS Active
 0h00:04.177 2026/05/27T13:44:39z: f0:24:f9:c8:a5:51
 0h00:04.178 2026/05/27T13:44:39z: SSID: TEST-STA
1 BSEC warning code : 100

1 BSEC warning code : 100

 ets Jan  8 2013,rst cause:1, boot mode:(3,7)

load 0x4010f000, len 1384, room 16 
tail 8
chksum 0x2d
csum 0x2d
v8b899c12
~ld


7.04
 0h00:00.491 1970/01/01T08:00:00z: SPIFFS Active
 0h00:04.168 2026/05/27T14:04:20z: f0:24:f9:c8:a5:51
 0h00:04.170 2026/05/27T14:04:20z: SSID: TEST-STA
1 BSEC warning code : 100

 ets Jan  8 2013,rst cause:1, boot mode:(3,7)

load 0x4010f000, len 1384, room 16 
tail 8
chksum 0x2d
csum 0x2d
v8b899c12
~ld


7.04
 0h00:00.483 1970/01/01T08:00:00z: SPIFFS Active
 0h00:04.160 2026/05/27T14:23:59z: f0:24:f9:c8:a5:51
 0h00:04.162 2026/05/27T14:23:59z: SSID: TEST-STA
1 BSEC warning code : 100

 ets Jan  8 2013,rst cause:1, boot mode:(3,7)

load 0x4010f000, len 1384, room 16 
tail 8
chksum 0x2d
csum 0x2d
v8b899c12
~ld


7.04
 0h00:00.529 1970/01/01T08:00:00z: SPIFFS Active
 0h00:04.207 2026/05/27T14:43:41z: f0:24:f9:c8:a5:51
 0h00:04.208 2026/05/27T14:43:41z: SSID: TEST-STA
1 BSEC warning code : 100

1 BSEC warning code : 100

 ets Jan  8 2013,rst cause:1, boot mode:(3,7)

load 0x4010f000, len 1384, room 16 
tail 8
chksum 0x2d
csum 0x2d
v8b899c12
~ld


7.04
 0h00:00.522 1970/01/01T08:00:00z: SPIFFS Active
 0h00:04.199 2026/05/27T15:03:21z: f0:24:f9:c8:a5:51
 0h00:04.201 2026/05/27T15:03:21z: SSID: TEST-STA
1 BSEC warning code : 100

1 BSEC warning code : 100

 ets Jan  8 2013,rst cause:1, boot mode:(3,7)

load 0x4010f000, len 1384, room 16 
tail 8
chksum 0x2d
csum 0x2d
v8b899c12
~ld


7.04
 0h00:00.496 1970/01/01T08:00:00z: SPIFFS Active
 0h00:04.173 2026/05/27T15:23:02z: f0:24:f9:c8:a5:51
 0h00:04.175 2026/05/27T15:23:02z: SSID: TEST-STA
1 BSEC warning code : 100

 ets Jan  8 2013,rst cause:1, boot mode:(3,7)

load 0x4010f000, len 1384, room 16 
tail 8
chksum 0x2d
csum 0x2d
v8b899c12
~ld


7.04
 0h00:00.455 1970/01/01T08:00:00z: SPIFFS Active
 0h00:04.130 2026/05/27T15:42:43z: f0:24:f9:c8:a5:51
 0h00:04.132 2026/05/27T15:42:43z: SSID: TEST-STA
1 BSEC warning code : 100

 ets Jan  8 2013,rst cause:1, boot mode:(3,7)

load 0x4010f000, len 1384, room 16 
tail 8
chksum 0x2d
csum 0x2d
v8b899c12
~ld


7.04
 0h00:00.448 1970/01/01T08:00:00z: SPIFFS Active
 0h00:04.123 2026/05/27T16:02:23z: f0:24:f9:c8:a5:51
 0h00:04.125 2026/05/27T16:02:23z: SSID: TEST-STA
1 BSEC warning code : 100

 ets Jan  8 2013,rst cause:1, boot mode:(3,7)

load 0x4010f000, len 1384, room 16 
tail 8
chksum 0x2d
csum 0x2d
v8b899c12
~ld


7.04
 0h00:00.452 1970/01/01T08:00:00z: SPIFFS Active
 0h00:04.127 2026/05/27T16:22:04z: f0:24:f9:c8:a5:51
 0h00:04.129 2026/05/27T16:22:04z: SSID: TEST-STA
1 BSEC warning code : 100

1 BSEC warning code : 100

 ets Jan  8 2013,rst cause:1, boot mode:(3,7)

load 0x4010f000, len 1384, room 16 
tail 8
chksum 0x2d
csum 0x2d
v8b899c12
~ld


7.04
 0h00:00.488 1970/01/01T08:00:00z: SPIFFS Active
 0h00:04.163 2026/05/27T16:41:45z: f0:24:f9:c8:a5:51
 0h00:04.165 2026/05/27T16:41:45z: SSID: TEST-STA
1 BSEC warning code : 100

1 BSEC warning code : 100

 ets Jan  8 2013,rst cause:1, boot mode:(3,7)

load 0x4010f000, len 1384, room 16 
tail 8
chksum 0x2d
csum 0x2d
v8b899c12
~ld


7.04
 0h00:00.454 1970/01/01T08:00:00z: SPIFFS Active
 0h00:04.130 2026/05/27T17:01:25z: f0:24:f9:c8:a5:51
 0h00:04.131 2026/05/27T17:01:25z: SSID: TEST-STA
1 BSEC warning code : 100

 ets Jan  8 2013,rst cause:1, boot mode:(3,7)

load 0x4010f000, len 1384, room 16 
tail 8
chksum 0x2d
csum 0x2d
v8b899c12
~ld


7.04
 0h00:00.447 1970/01/01T08:00:00z: SPIFFS Active
 0h00:04.124 2026/05/27T17:21:06z: f0:24:f9:c8:a5:51
 0h00:04.126 2026/05/27T17:21:06z: SSID: TEST-STA
1 BSEC warning code : 100

 ets Jan  8 2013,rst cause:1, boot mode:(3,7)

load 0x4010f000, len 1384, room 16 
tail 8
chksum 0x2d
csum 0x2d
v8b899c12
~ld


7.04
 0h00:00.445 1970/01/01T08:00:00z: SPIFFS Active
 0h00:04.121 2026/05/27T17:40:46z: f0:24:f9:c8:a5:51
 0h00:04.122 2026/05/27T17:40:46z: SSID: TEST-STA
1 BSEC warning code : 100

 ets Jan  8 2013,rst cause:1, boot mode:(3,7)

load 0x4010f000, len 1384, room 16 
tail 8
chksum 0x2d
csum 0x2d
v8b899c12
~ld


7.04
 0h00:00.447 1970/01/01T08:00:00z: SPIFFS Active
 0h00:04.123 2026/05/27T18:00:27z: f0:24:f9:c8:a5:51
 0h00:04.125 2026/05/27T18:00:27z: SSID: TEST-STA
1 BSEC warning code : 100

 ets Jan  8 2013,rst cause:1, boot mode:(3,7)

load 0x4010f000, len 1384, room 16 
tail 8
chksum 0x2d
csum 0x2d
v8b899c12
~ld


7.04
 0h00:00.453 1970/01/01T08:00:00z: SPIFFS Active
 0h00:04.129 2026/05/27T18:20:07z: f0:24:f9:c8:a5:51
 0h00:04.131 2026/05/27T18:20:07z: SSID: TEST-STA
1 BSEC warning code : 100

 ets Jan  8 2013,rst cause:1, boot mode:(3,7)

load 0x4010f000, len 1384, room 16 
tail 8
chksum 0x2d
csum 0x2d
v8b899c12
~ld


7.04
 0h00:00.489 1970/01/01T08:00:00z: SPIFFS Active
 0h00:04.165 2026/05/27T18:39:48z: f0:24:f9:c8:a5:51
 0h00:04.167 2026/05/27T18:39:48z: SSID: TEST-STA
1 BSEC warning code : 100

 ets Jan  8 2013,rst cause:1, boot mode:(3,7)

load 0x4010f000, len 1384, room 16 
tail 8
chksum 0x2d
csum 0x2d
v8b899c12
~ld


7.04
 0h00:00.446 1970/01/01T08:00:00z: SPIFFS Active
 0h00:04.123 2026/05/27T18:59:28z: f0:24:f9:c8:a5:51
 0h00:04.125 2026/05/27T18:59:28z: SSID: TEST-STA
1 BSEC warning code : 100

 ets Jan  8 2013,rst cause:1, boot mode:(3,7)

load 0x4010f000, len 1384, room 16 
tail 8
chksum 0x2d
csum 0x2d
v8b899c12
~ld


7.04
 0h00:00.457 1970/01/01T08:00:00z: SPIFFS Active
 0h00:04.133 2026/05/27T19:19:09z: f0:24:f9:c8:a5:51
 0h00:04.135 2026/05/27T19:19:09z: SSID: TEST-STA
1 BSEC warning code : 100

1 BSEC warning code : 100

 ets Jan  8 2013,rst cause:1, boot mode:(3,7)

load 0x4010f000, len 1384, room 16 
tail 8
chksum 0x2d
csum 0x2d
v8b899c12
~ld


7.04
 0h00:00.449 1970/01/01T08:00:00z: SPIFFS Active
 0h00:04.125 2026/05/27T19:38:49z: f0:24:f9:c8:a5:51
 0h00:04.127 2026/05/27T19:38:49z: SSID: TEST-STA
1 BSEC warning code : 100

 ets Jan  8 2013,rst cause:1, boot mode:(3,7)

load 0x4010f000, len 1384, room 16 
tail 8
chksum 0x2d
csum 0x2d
v8b899c12
~ld


7.04
 0h00:00.489 1970/01/01T08:00:00z: SPIFFS Active
 0h00:04.165 2026/05/27T19:58:30z: f0:24:f9:c8:a5:51
 0h00:04.167 2026/05/27T19:58:30z: SSID: TEST-STA
1 BSEC warning code : 100

1 BSEC warning code : 100

 ets Jan  8 2013,rst cause:1, boot mode:(3,7)

load 0x4010f000, len 1384, room 16 
tail 8
chksum 0x2d
csum 0x2d
v8b899c12
~ld


7.04
 0h00:00.487 1970/01/01T08:00:00z: SPIFFS Active
 0h00:04.163 2026/05/27T20:18:10z: f0:24:f9:c8:a5:51
 0h00:04.165 2026/05/27T20:18:10z: SSID: TEST-STA
1 BSEC warning code : 100

1 BSEC warning code : 100

 ets Jan  8 2013,rst cause:1, boot mode:(3,7)

load 0x4010f000, len 1384, room 16 
tail 8
chksum 0x2d
csum 0x2d
v8b899c12
~ld


7.04
 0h00:00.448 1970/01/01T08:00:00z: SPIFFS Active
 0h00:04.124 2026/05/27T20:37:50z: f0:24:f9:c8:a5:51
 0h00:04.126 2026/05/27T20:37:50z: SSID: TEST-STA
1 BSEC warning code : 100

1 BSEC warning code : 100

 ets Jan  8 2013,rst cause:1, boot mode:(3,7)

load 0x4010f000, len 1384, room 16 
tail 8
chksum 0x2d
csum 0x2d
v8b899c12
~ld


7.04
 0h00:00.497 1970/01/01T08:00:00z: SPIFFS Active
 0h00:04.173 2026/05/27T20:57:31z: f0:24:f9:c8:a5:51
 0h00:04.174 2026/05/27T20:57:31z: SSID: TEST-STA
1 BSEC warning code : 100

1 BSEC warning code : 100

 ets Jan  8 2013,rst cause:1, boot mode:(3,7)

load 0x4010f000, len 1384, room 16 
tail 8
chksum 0x2d
csum 0x2d
v8b899c12
~ld


7.04
 0h00:00.448 1970/01/01T08:00:00z: SPIFFS Active
 0h00:04.124 2026/05/27T21:17:11z: f0:24:f9:c8:a5:51
 0h00:04.126 2026/05/27T21:17:11z: SSID: TEST-STA
1 BSEC warning code : 100

 ets Jan  8 2013,rst cause:1, boot mode:(3,7)

load 0x4010f000, len 1384, room 16 
tail 8
chksum 0x2d
csum 0x2d
v8b899c12
~ld


7.04
 0h00:00.491 1970/01/01T08:00:00z: SPIFFS Active
 0h00:04.168 2026/05/27T21:36:52z: f0:24:f9:c8:a5:51
 0h00:04.169 2026/05/27T21:36:52z: SSID: TEST-STA
1 BSEC warning code : 100

 ets Jan  8 2013,rst cause:1, boot mode:(3,7)

load 0x4010f000, len 1384, room 16 
tail 8
chksum 0x2d
csum 0x2d
v8b899c12
~ld


7.04
 0h00:00.455 1970/01/01T08:00:00z: SPIFFS Active
 0h00:04.131 2026/05/27T21:56:33z: f0:24:f9:c8:a5:51
 0h00:04.133 2026/05/27T21:56:33z: SSID: TEST-STA
1 BSEC warning code : 100

 ets Jan  8 2013,rst cause:1, boot mode:(3,7)

load 0x4010f000, len 1384, room 16 
tail 8
chksum 0x2d
csum 0x2d
v8b899c12
~ld


7.04
 0h00:00.459 1970/01/01T08:00:00z: SPIFFS Active
 0h00:04.135 2026/05/27T22:16:13z: f0:24:f9:c8:a5:51
 0h00:04.136 2026/05/27T22:16:13z: SSID: TEST-STA
1 BSEC warning code : 100

1 BSEC warning code : 100

 ets Jan  8 2013,rst cause:1, boot mode:(3,7)

load 0x4010f000, len 1384, room 16 
tail 8
chksum 0x2d
csum 0x2d
v8b899c12
~ld


7.04
 0h00:00.452 1970/01/01T08:00:00z: SPIFFS Active
 0h00:04.128 2026/05/27T22:35:54z: f0:24:f9:c8:a5:51
 0h00:04.129 2026/05/27T22:35:54z: SSID: TEST-STA
1 BSEC warning code : 100

1 BSEC warning code : 100

 ets Jan  8 2013,rst cause:1, boot mode:(3,7)

load 0x4010f000, len 1384, room 16 
tail 8
chksum 0x2d
csum 0x2d
v8b899c12
~ld


7.04
 0h00:00.457 1970/01/01T08:00:00z: SPIFFS Active
 0h00:04.133 2026/05/27T22:55:34z: f0:24:f9:c8:a5:51
 0h00:04.135 2026/05/27T22:55:34z: SSID: TEST-STA
1 BSEC warning code : 100

 ets Jan  8 2013,rst cause:1, boot mode:(3,7)

load 0x4010f000, len 1384, room 16 
tail 8
chksum 0x2d
csum 0x2d
v8b899c12
~ld


7.04
 0h00:00.495 1970/01/01T08:00:00z: SPIFFS Active
 0h00:04.171 2026/05/27T23:15:15z: f0:24:f9:c8:a5:51
 0h00:04.173 2026/05/27T23:15:15z: SSID: TEST-STA
1 BSEC warning code : 100

 ets Jan  8 2013,rst cause:1, boot mode:(3,7)

load 0x4010f000, len 1384, room 16 
tail 8
chksum 0x2d
csum 0x2d
v8b899c12
~ld


7.04
 0h00:00.459 1970/01/01T08:00:00z: SPIFFS Active
 0h00:04.136 2026/05/27T23:34:55z: f0:24:f9:c8:a5:51
 0h00:04.137 2026/05/27T23:34:55z: SSID: TEST-STA
1 BSEC warning code : 100

 ets Jan  8 2013,rst cause:1, boot mode:(3,7)

load 0x4010f000, len 1384, room 16 
tail 8
chksum 0x2d
csum 0x2d
v8b899c12
~ld


7.04
 0h00:00.455 1970/01/01T08:00:00z: SPIFFS Active
 0h00:04.131 2026/05/27T23:54:36z: f0:24:f9:c8:a5:51
 0h00:04.132 2026/05/27T23:54:36z: SSID: TEST-STA
1 BSEC warning code : 100
