
1 BSEC warning code : 100

1 BSEC warning code : 100

1 BSEC warning code : 100

1 BSEC warning code : 100

1 BSEC warning code : 100

1 BSEC warning code : 100

1 BSEC warning code : 100

1 BSEC warning code : 100

1 BSEC warning code : 100

1 BSEC warning code : 100

1 BSEC warning code : 100

1 BSEC warning code : 100

1 BSEC warning code : 100

1 BSEC warning code : 100

1 BSEC warning code : 100

1 BSEC warning code : 100

1 BSEC warning code : 100

1 BSEC warning code : 100

1 BSEC warning code : 100

1 BSEC warning code : 100

1 BSEC warning code : 100

Exception (29):
epc1=0x4022a6e2 epc2=0x00000000 epc3=0x00000000 excvaddr=0x00000004 depc=0x00000000

>>>stack>>>

ctx: cont
sp: 3ffffa00 end: 3fffffc0 offset: 01a0
3ffffba0:  3fff88bc 3fff6554 3fffa68c 4023d088  
3ffffbb0:  00000104 4023ce8e 000076f0 00000ede  
3ffffbc0:  00000042 000232fa 4023d446 4023d1fe  
3ffffbd0:  00000040 00000082 3fffa674 4023d391  
3ffffbe0:  00800000 00000080 00000000 00000041  
3ffffbf0:  000232fa 0000003f 3fffa644 00000041  
3ffffc00:  3fffbb64 3fffa674 3fffa644 3fff93ac  
3ffffc10:  3fff89b8 ffffffff 3fff6554 4023da0d  
3ffffc20:  00000040 3fff6554 3fffa674 3fff6554  
3ffffc30:  00000040 3fff6554 3fffa674 4023decb  
3ffffc40:  3fff8f4c 0000003f 6356281e 00000001  
3ffffc50:  3fff6554 3fffa65c 3fffa674 00000001  
3ffffc60:  00000010 3fff6554 0000000f 4023e11c  
3ffffc70:  3fffa644 3fff918c 0000000f 00000001  
3ffffc80:  00000001 3fff6184 3fff677b 4023cf34  
3ffffc90:  00000100 3fff65c4 3fff66e7 00000000  
3ffffca0:  00000100 3fff65c4 3fff66e7 4023f339  
3ffffcb0:  3ffffce0 00000000 000000d0 00000030  
3ffffcc0:  b5d66d40 3fff619c 3fff618c 00000004  
3ffffcd0:  3fff66e1 3fff63d4 3fff66e1 40239e94  
3ffffce0:  16ec0303 3c1e9e73 8d693369 8c683398  
3ffffcf0:  9451e2fb 442da348 c15b94f2 d74078d3  
3ffffd00:  faf6cc87 ca95af31 97e72933 6d4062ad  
3ffffd10:  3fff66e1 00000004 3fff63d4 4023a38d  
3ffffd20:  fb880d93 ac6cad0e 53abc575 40236c98  
3ffffd30:  063b9e98 00000000 3fff6094 402327ba  
3ffffd40:  00000004 00000000 3fff61dc 40210fce  
3ffffd50:  0000001e 00000000 00000064 40217c96  
3ffffd60:  00000000 00000020 00000027 00000004  
3ffffd70:  3fff66e1 00000004 3fff63d4 00000004  
3ffffd80:  3fff66e1 00000004 3fff63d4 40239c9c  
3ffffd90:  211dbe40 00000000 00000000 00000028  
3ffffda0:  0000005d 3fff66e1 3fff63d4 4023a06c  
3ffffdb0:  00000011 3fff6714 000001f4 4021af18  
3ffffdc0:  3ffffe18 0000000e 00000010 3fff571c  
3ffffdd0:  00000000 00000000 4bc6a7f0 01000000  
3ffffde0:  3ffffe18 000c8322 3fff63d4 40239e04  
3ffffdf0:  00000000 402712e2 3ffffe10 3fff571c  
3ffffe00:  3fff61dc 000c8322 3fff56f4 40211655  
3ffffe10:  3fff63d4 3fff616c 00000014 4022eed2  
3ffffe20:  00008ca0 3ffffe50 3fff0e58 40211694  
3ffffe30:  00000000 00000000 3fff0e40 000001bb  
3ffffe40:  000001bb 402712e2 3fff0e40 402118a3  
3ffffe50:  00000000 00000000 4bc6a7f0 000001bb  
3ffffe60:  000001bb 402712e2 3fff0e40 4021195a  
3ffffe70:  402213a8 7965fa8e 402213a8 7965fa8e  
3ffffe80:  3fff0cc8 3fff0e40 3fff0509 4020c83a  
3ffffe90:  3fff0509 3ffffea0 00000008 40229904  
3ffffea0:  4026397a 3fff0921 3fff10c4 00000003  
3ffffeb0:  4020f9e0 3ffffee8 3fff10c4 4022651d  
3ffffec0:  40271390 0000000a 3fffff68 3fffff6c  
3ffffed0:  3fffff70 3fff3d1c 00000001 40203fbf  
3ffffee0:  402213a8 00000000 402213a8 00000000  
3ffffef0:  402712e2 000001bb 3fff0921 40206605  
3fffff00:  3fffff74 402712e2 000001bb 00000001  
3fffff10:  3ffe8e05 3fff0509 00000200 00000000  
3fffff20:  3ffe8e05 00000001 3ffefd51 00000002  
3fffff30:  00000001 00000001 3ffe8e05 0000000a  
3fffff40:  7fffffff 3ffefd30 3ffefdb8 3fff226c  
3fffff50:  3fffdad0 3fff0c4b 3ffefd30 40208ec8  
3fffff60:  3ffe8e05 0000000a 00000000 4020983c  
3fffff70:  40205458 4020904c 40217bb4 3fffefa0  
3fffff80:  00000000 00000000 3fff0c82 40217c96  
3fffff90:  3fffdad0 00000000 3fff0c82 4020b8f8  
3fffffa0:  3fffdad0 00000000 3fff223c 40217c64  
3fffffb0:  feefeffe feefeffe 3ffe8704 40101ded  
<<<stack<<<

last failed alloc call: 4023CE8E(1024)

 ets Jan  8 2013,rst cause:1, boot mode:(3,7)

load 0x4010f000, len 1384, room 16 
tail 8
chksum 0x2d
csum 0x2d
v8b899c12
~ld


7.04
 0h00:00.485 1970/01/01T08:00:00z: SPIFFS Active
 0h00:04.162 2026/05/13T22:11:41z: f0:24:f9:c6:a2:fc
 0h00:04.163 2026/05/13T22:11:41z: SSID: that iPhone
1 BSEC warning code : 100

1 BSEC warning code : 100

1 BSEC warning code : 100

1 BSEC warning code : 100

1 BSEC warning code : 100

1 BSEC warning code : 100

1 BSEC warning code : 100

1 BSEC warning code : 100

1 BSEC warning code : 100

1 BSEC warning code : 100

1 BSEC warning code : 100

1 BSEC warning code : 100

1 BSEC warning code : 100

1 BSEC warning code : 100

Exception (29):
epc1=0x4022a6e2 epc2=0x00000000 epc3=0x00000000 excvaddr=0x00000004 depc=0x00000000

>>>stack>>>

ctx: cont
sp: 3ffffa00 end: 3fffffc0 offset: 01a0
3ffffba0:  3fffb9f4 3fff3b0c 3fff9124 4023d088  
3ffffbb0:  00000104 4023ce8e 000055b8 00000ab7  
3ffffbc0:  00000042 000297ca 4023d446 4023d1fe  
3ffffbd0:  00000040 00000082 3fff910c 4023d391  
3ffffbe0:  00800000 00000080 00000000 00000041  
3ffffbf0:  000297ca 0000003f 3fff9aa4 00000041  
3ffffc00:  3fff87bc 3fff910c 3fff9aa4 3fff86f4  
3ffffc10:  3fffbaf0 ffffffff 3fff3b0c 4023da0d  
3ffffc20:  00000040 3fff3b0c 3fff910c 3fff3b0c  
3ffffc30:  00000040 3fff3b0c 3fff910c 4023decb  
3ffffc40:  3fff581c 0000003f 69410a7e 00000001  
3ffffc50:  3fff3b0c 3fff9abc 3fff910c 00000001  
3ffffc60:  00000010 3fff3b0c 0000000f 4023e11c  
3ffffc70:  3fff9aa4 3fff84d4 0000000f 00000001  
3ffffc80:  00000001 3fff9a8c 3fff5929 4023cf34  
3ffffc90:  00000100 3fff73f4 3fff5927 00000000  
3ffffca0:  00000100 3fff73f4 3fff5927 4023f339  
3ffffcb0:  3ffffce0 00000000 000000d0 00000030  
3ffffcc0:  08cfa32a 3fff3c3c 3fff5344 00000004  
3ffffcd0:  3fff5921 3fff38e4 3fff5921 40239e94  
3ffffce0:  e2450303 33198821 0d031f9e d69502bd  
3ffffcf0:  75185a30 22037b5f 2e5ee38d 4afe1f0c  
3ffffd00:  099211b3 2222f07e bc5760ca a32a5d7d  
3ffffd10:  3fff5921 00000004 3fff38e4 4023a38d  
3ffffd20:  6262dbab adb7894d 84b0e69d 40236c98  
3ffffd30:  2314e145 0000056e 3fff383c 402327ba  
3ffffd40:  00000004 00000000 3fff58e4 40210fce  
3ffffd50:  0000001e 00000000 00000064 40217c96  
3ffffd60:  00000000 00000020 00000027 00000004  
3ffffd70:  3fff5921 00000004 3fff38e4 00000004  
3ffffd80:  3fff5921 00000004 3fff38e4 40239c9c  
3ffffd90:  bf253e73 000008c5 000008c5 00000028  
3ffffda0:  0000005d 3fff5921 3fff38e4 4023a06c  
3ffffdb0:  00000011 3fff5954 000001f4 4021af18  
3ffffdc0:  3ffffe18 0000000e 00000010 3fff8144  
3ffffdd0:  00000000 00000000 4bc6a7f0 01000000  
3ffffde0:  3ffffe18 00146ad6 3fff38e4 40239e04  
3ffffdf0:  00000000 3fff7c44 3ffffe10 3fff8144  
3ffffe00:  3fff58e4 00146ad6 3fff54c4 40211655  
3ffffe10:  3fff38e4 3fff5534 40217bb4 3fffefa0  
3ffffe20:  00008ca0 00008ca0 00008ca0 40218893  
3ffffe30:  00000000 3fff58e4 3fff0e40 000001bb  
3ffffe40:  000001bb 402712e2 3fff0e40 402118a3  
3ffffe50:  00000000 00000000 4bc6a7f0 000001bb  
3ffffe60:  000001bb 402712e2 3fff0e40 4021195a  
3ffffe70:  402213a8 79897d4a 402213a8 79897d4a  
3ffffe80:  3fff0cc8 3fff0e40 3fff0509 4020c83a  
3ffffe90:  3fff0509 3ffffea0 00000008 40229904  
3ffffea0:  4026397a 3fff0921 3fff10c4 00000003  
3ffffeb0:  4020f9e0 3ffffee8 3fff10c4 4022651d  
3ffffec0:  40271390 0000000a 3fffff68 3fffff6c  
3ffffed0:  3fffff70 3fff3d1c 00000001 40203fbf  
3ffffee0:  402213a8 00000000 402213a8 00000000  
3ffffef0:  402712e2 000001bb 3fff0921 40206605  
3fffff00:  3fffff74 402712e2 000001bb 00000001  
3fffff10:  3ffe8e05 3fff0509 00000200 00000000  
3fffff20:  3ffe8e05 00000001 3ffefd51 00000002  
3fffff30:  00000001 00000001 3ffe8e05 0000000a  
3fffff40:  7fffffff 3ffefd30 3ffefdb8 3fff226c  
3fffff50:  3fffdad0 3fff0c4b 3ffefd30 40208ec8  
3fffff60:  3ffe8e05 0000000a 00000000 4020983c  
3fffff70:  40205458 4020904c 40217bb4 3fffefa0  
3fffff80:  00000000 00000000 3fff0c82 40217c96  
3fffff90:  3fffdad0 00000000 3fff0c82 4020b8f8  
3fffffa0:  3fffdad0 00000000 3fff223c 40217c64  
3fffffb0:  feefeffe feefeffe 3ffe8704 40101ded  
<<<stack<<<

last failed alloc call: 4023CE8E(1024)

 ets Jan  8 2013,rst cause:1, boot mode:(3,6)

load 0x4010f000, len 1384, room 16 
tail 8
chksum 0x2d
csum 0x2d
v8b899c12
~ld


7.04
 0h00:00.483 1970/01/01T08:00:00z: SPIFFS Active
 0h00:04.159 2026/05/13T22:47:01z: f0:24:f9:c6:a2:fc
 0h00:04.160 2026/05/13T22:47:01z: SSID: that iPhone
1 BSEC warning code : 100

1 BSEC warning code : 100

 ets Jan  8 2013,rst cause:1, boot mode:(3,6)

load 0x4010f000, len 1384, room 16 
tail 8
chksum 0x2d
csum 0x2d
v8b899c12
~ld


7.04
 0h00:00.488 1970/01/01T08:00:00z: SPIFFS Active
 0h00:04.164 2026/05/13T23:06:43z: f0:24:f9:c6:a2:fc
 0h00:04.166 2026/05/13T23:06:43z: SSID: that iPhone
1 BSEC warning code : 100

 ets Jan  8 2013,rst cause:1, boot mode:(3,6)

load 0x4010f000, len 1384, room 16 
tail 8
chksum 0x2d
csum 0x2d
v8b899c12
~ld


7.04
 0h00:00.491 1970/01/01T08:00:00z: SPIFFS Active
 0h00:04.166 2026/05/13T23:26:23z: f0:24:f9:c6:a2:fc
 0h00:04.167 2026/05/13T23:26:23z: SSID: that iPhone
1 BSEC warning code : 100

 ets Jan  8 2013,rst cause:1, boot mode:(3,6)

load 0x4010f000, len 1384, room 16 
tail 8
chksum 0x2d
csum 0x2d
v8b899c12
~ld


7.04
 0h00:00.483 1970/01/01T08:00:00z: SPIFFS Active
 0h00:04.158 2026/05/13T23:46:04z: f0:24:f9:c6:a2:fc
 0h00:04.159 2026/05/13T23:46:04z: SSID: that iPhone
1 BSEC warning code : 100
