
1 BSEC warning code : 100

 ets Jan  8 2013,rst cause:1, boot mode:(3,6)

load 0x4010f000, len 1384, room 16 
tail 8
chksum 0x2d
csum 0x2d
v8b899c12
~ld


7.04
 0h00:00.512 1970/01/01T08:00:00z: SPIFFS Active
 0h00:04.188 2026/05/18T00:13:50z: f0:24:f9:c6:a2:fc
 0h00:04.189 2026/05/18T00:13:50z: SSID: that iPhone
1 BSEC warning code : 100

 ets Jan  8 2013,rst cause:1, boot mode:(3,6)

load 0x4010f000, len 1384, room 16 
tail 8
chksum 0x2d
csum 0x2d
v8b899c12
~ld


7.04
 0h00:00.520 1970/01/01T08:00:00z: SPIFFS Active
 0h00:04.196 2026/05/18T00:33:30z: f0:24:f9:c6:a2:fc
 0h00:04.198 2026/05/18T00:33:30z: SSID: that iPhone
1 BSEC warning code : 100

1 BSEC warning code : 100

 ets Jan  8 2013,rst cause:1, boot mode:(3,6)

load 0x4010f000, len 1384, room 16 
tail 8
chksum 0x2d
csum 0x2d
v8b899c12
~ld


7.04
 0h00:00.489 1970/01/01T08:00:00z: SPIFFS Active
 0h00:04.166 2026/05/18T00:53:11z: f0:24:f9:c6:a2:fc
 0h00:04.167 2026/05/18T00:53:11z: SSID: that iPhone
1 BSEC warning code : 100

1 BSEC warning code : 100

 ets Jan  8 2013,rst cause:1, boot mode:(3,6)

load 0x4010f000, len 1384, room 16 
tail 8
chksum 0x2d
csum 0x2d
v8b899c12
~ld


7.04
 0h00:00.529 1970/01/01T08:00:00z: SPIFFS Active
 0h00:04.206 2026/05/18T01:12:52z: f0:24:f9:c6:a2:fc
 0h00:04.207 2026/05/18T01:12:52z: SSID: that iPhone
1 BSEC warning code : 100

 ets Jan  8 2013,rst cause:1, boot mode:(3,6)

load 0x4010f000, len 1384, room 16 
tail 8
chksum 0x2d
csum 0x2d
v8b899c12
~ld


7.04
 0h00:00.485 1970/01/01T08:00:00z: SPIFFS Active
 0h00:04.161 2026/05/18T01:32:33z: f0:24:f9:c6:a2:fc
 0h00:04.163 2026/05/18T01:32:33z: SSID: that iPhone
1 BSEC warning code : 100

1 BSEC warning code : 100

 ets Jan  8 2013,rst cause:1, boot mode:(3,6)

load 0x4010f000, len 1384, room 16 
tail 8
chksum 0x2d
csum 0x2d
v8b899c12
~ld


7.04
 0h00:00.488 1970/01/01T08:00:00z: SPIFFS Active
 0h00:04.165 2026/05/18T01:52:13z: f0:24:f9:c6:a2:fc
 0h00:04.166 2026/05/18T01:52:13z: SSID: that iPhone
1 BSEC warning code : 100

 ets Jan  8 2013,rst cause:1, boot mode:(3,6)

load 0x4010f000, len 1384, room 16 
tail 8
chksum 0x2d
csum 0x2d
v8b899c12
~ld


7.04
 0h00:00.521 1970/01/01T08:00:00z: SPIFFS Active
 0h00:04.198 2026/05/18T02:11:54z: f0:24:f9:c6:a2:fc
 0h00:04.199 2026/05/18T02:11:54z: SSID: that iPhone
1 BSEC warning code : 100

1 BSEC warning code : 100

 ets Jan  8 2013,rst cause:1, boot mode:(3,6)

load 0x4010f000, len 1384, room 16 
tail 8
chksum 0x2d
csum 0x2d
v8b899c12
~ld


7.04
 0h00:00.517 1970/01/01T08:00:00z: SPIFFS Active
 0h00:04.193 2026/05/18T02:31:36z: f0:24:f9:c6:a2:fc
 0h00:04.194 2026/05/18T02:31:36z: SSID: that iPhone
1 BSEC warning code : 100

1 BSEC warning code : 100

 ets Jan  8 2013,rst cause:1, boot mode:(3,6)

load 0x4010f000, len 1384, room 16 
tail 8
chksum 0x2d
csum 0x2d
v8b899c12
~ld


7.04
 0h00:00.535 1970/01/01T08:00:00z: SPIFFS Active
 0h00:04.211 2026/05/18T02:51:16z: f0:24:f9:c6:a2:fc
 0h00:04.212 2026/05/18T02:51:16z: SSID: that iPhone
1 BSEC warning code : 100

 ets Jan  8 2013,rst cause:1, boot mode:(3,6)

load 0x4010f000, len 1384, room 16 
tail 8
chksum 0x2d
csum 0x2d
v8b899c12
~ld


7.04
 0h00:00.492 1970/01/01T08:00:00z: SPIFFS Active
 0h00:04.168 2026/05/18T03:10:57z: f0:24:f9:c6:a2:fc
 0h00:04.170 2026/05/18T03:10:57z: SSID: that iPhone
1 BSEC warning code : 100

 ets Jan  8 2013,rst cause:1, boot mode:(3,6)

load 0x4010f000, len 1384, room 16 
tail 8
chksum 0x2d
csum 0x2d
v8b899c12
~ld


7.04
 0h00:00.530 1970/01/01T08:00:00z: SPIFFS Active
 0h00:04.207 2026/05/18T03:30:37z: f0:24:f9:c6:a2:fc
 0h00:04.208 2026/05/18T03:30:37z: SSID: that iPhone
1 BSEC warning code : 100

1 BSEC warning code : 100

 ets Jan  8 2013,rst cause:1, boot mode:(3,6)

load 0x4010f000, len 1384, room 16 
tail 8
chksum 0x2d
csum 0x2d
v8b899c12
~ld


7.04
 0h00:00.479 1970/01/01T08:00:00z: SPIFFS Active
 0h00:04.155 2026/05/18T03:50:17z: f0:24:f9:c6:a2:fc
 0h00:04.156 2026/05/18T03:50:17z: SSID: that iPhone
1 BSEC warning code : 100

1 BSEC warning code : 100

 ets Jan  8 2013,rst cause:1, boot mode:(3,6)

load 0x4010f000, len 1384, room 16 
tail 8
chksum 0x2d
csum 0x2d
v8b899c12
~ld


7.04
 0h00:00.485 1970/01/01T08:00:00z: SPIFFS Active
 0h00:04.161 2026/05/18T04:09:58z: f0:24:f9:c6:a2:fc
 0h00:04.162 2026/05/18T04:09:58z: SSID: that iPhone
1 BSEC warning code : 100

1 BSEC warning code : 100

 ets Jan  8 2013,rst cause:1, boot mode:(3,6)

load 0x4010f000, len 1384, room 16 
tail 8
chksum 0x2d
csum 0x2d
v8b899c12
~ld


7.04
 0h00:00.527 1970/01/01T08:00:00z: SPIFFS Active
 0h00:04.203 2026/05/18T04:29:39z: f0:24:f9:c6:a2:fc
 0h00:04.205 2026/05/18T04:29:39z: SSID: that iPhone
1 BSEC warning code : 100

 ets Jan  8 2013,rst cause:1, boot mode:(3,6)

load 0x4010f000, len 1384, room 16 
tail 8
chksum 0x2d
csum 0x2d
v8b899c12
~ld


7.04
 0h00:00.490 1970/01/01T08:00:00z: SPIFFS Active
 0h00:04.166 2026/05/18T04:49:20z: f0:24:f9:c6:a2:fc
 0h00:04.168 2026/05/18T04:49:20z: SSID: that iPhone
1 BSEC warning code : 100

 ets Jan  8 2013,rst cause:1, boot mode:(3,6)

load 0x4010f000, len 1384, room 16 
tail 8
chksum 0x2d
csum 0x2d
v8b899c12
~ld


7.04
 0h00:00.524 1970/01/01T08:00:00z: SPIFFS Active
 0h00:04.201 2026/05/18T05:09:00z: f0:24:f9:c6:a2:fc
 0h00:04.203 2026/05/18T05:09:00z: SSID: that iPhone
1 BSEC warning code : 100

 ets Jan  8 2013,rst cause:1, boot mode:(3,6)

load 0x4010f000, len 1384, room 16 
tail 8
chksum 0x2d
csum 0x2d
v8b899c12
~ld


7.04
 0h00:00.529 1970/01/01T08:00:00z: SPIFFS Active
 0h00:04.206 2026/05/18T05:28:40z: f0:24:f9:c6:a2:fc
 0h00:04.208 2026/05/18T05:28:40z: SSID: that iPhone
1 BSEC warning code : 100

 ets Jan  8 2013,rst cause:1, boot mode:(3,6)

load 0x4010f000, len 1384, room 16 
tail 8
chksum 0x2d
csum 0x2d
v8b899c12
~ld


7.04
 0h00:00.529 1970/01/01T08:00:00z: SPIFFS Active
 0h00:04.206 2026/05/18T05:48:21z: f0:24:f9:c6:a2:fc
 0h00:04.207 2026/05/18T05:48:21z: SSID: that iPhone
1 BSEC warning code : 100

 ets Jan  8 2013,rst cause:1, boot mode:(3,6)

load 0x4010f000, len 1384, room 16 
tail 8
chksum 0x2d
csum 0x2d
v8b899c12
~ld


7.04
 0h00:00.529 1970/01/01T08:00:00z: SPIFFS Active
 0h00:04.206 2026/05/18T06:08:01z: f0:24:f9:c6:a2:fc
 0h00:04.207 2026/05/18T06:08:01z: SSID: that iPhone
1 BSEC warning code : 100

1 BSEC warning code : 100

 ets Jan  8 2013,rst cause:1, boot mode:(3,6)

load 0x4010f000, len 1384, room 16 
tail 8
chksum 0x2d
csum 0x2d
v8b899c12
~ld


7.04
 0h00:00.493 1970/01/01T08:00:00z: SPIFFS Active
 0h00:04.170 2026/05/18T06:27:41z: f0:24:f9:c6:a2:fc
 0h00:04.171 2026/05/18T06:27:41z: SSID: that iPhone
1 BSEC warning code : 100

1 BSEC warning code : 100

 ets Jan  8 2013,rst cause:1, boot mode:(3,6)

load 0x4010f000, len 1384, room 16 
tail 8
chksum 0x2d
csum 0x2d
v8b899c12
~ld


7.04
 0h00:00.500 1970/01/01T08:00:00z: SPIFFS Active
 0h00:04.177 2026/05/18T06:47:23z: f0:24:f9:c6:a2:fc
 0h00:04.178 2026/05/18T06:47:23z: SSID: that iPhone
1 BSEC warning code : 100

1 BSEC warning code : 100

 ets Jan  8 2013,rst cause:1, boot mode:(3,6)

load 0x4010f000, len 1384, room 16 
tail 8
chksum 0x2d
csum 0x2d
v8b899c12
~ld


7.04
 0h00:00.564 1970/01/01T08:00:00z: SPIFFS Active
 0h00:04.241 2026/05/18T07:07:03z: f0:24:f9:c6:a2:fc
 0h00:04.243 2026/05/18T07:07:03z: SSID: that iPhone
1 BSEC warning code : 100

 ets Jan  8 2013,rst cause:1, boot mode:(3,6)

load 0x4010f000, len 1384, room 16 
tail 8
chksum 0x2d
csum 0x2d
v8b899c12
~ld


7.04
 0h00:00.528 1970/01/01T08:00:00z: SPIFFS Active
 0h00:04.205 2026/05/18T07:26:43z: f0:24:f9:c6:a2:fc
 0h00:04.207 2026/05/18T07:26:43z: SSID: that iPhone
1 BSEC warning code : 100

 ets Jan  8 2013,rst cause:1, boot mode:(3,6)

load 0x4010f000, len 1384, room 16 
tail 8
chksum 0x2d
csum 0x2d
v8b899c12
~ld


7.04
 0h00:00.477 1970/01/01T08:00:00z: SPIFFS Active
 0h00:04.154 2026/05/18T07:46:24z: f0:24:f9:c6:a2:fc
 0h00:04.155 2026/05/18T07:46:24z: SSID: that iPhone
1 BSEC warning code : 100

 ets Jan  8 2013,rst cause:1, boot mode:(3,6)

load 0x4010f000, len 1384, room 16 
tail 8
chksum 0x2d
csum 0x2d
v8b899c12
~ld


7.04
 0h00:00.575 1970/01/01T08:00:00z: SPIFFS Active
 0h00:04.252 2026/05/18T08:06:05z: f0:24:f9:c6:a2:fc
 0h00:04.254 2026/05/18T08:06:05z: SSID: that iPhone
1 BSEC warning code : 100

 ets Jan  8 2013,rst cause:1, boot mode:(3,6)

load 0x4010f000, len 1384, room 16 
tail 8
chksum 0x2d
csum 0x2d
v8b899c12
~ld


7.04
 0h00:00.486 1970/01/01T08:00:00z: SPIFFS Active
 0h00:04.163 2026/05/18T08:25:45z: f0:24:f9:c6:a2:fc
 0h00:04.164 2026/05/18T08:25:45z: SSID: that iPhone
1 BSEC warning code : 100

 ets Jan  8 2013,rst cause:1, boot mode:(3,6)

load 0x4010f000, len 1384, room 16 
tail 8
chksum 0x2d
csum 0x2d
v8b899c12
~ld


7.04
 0h00:00.540 1970/01/01T08:00:00z: SPIFFS Active
 0h00:04.216 2026/05/18T08:45:26z: f0:24:f9:c6:a2:fc
 0h00:04.218 2026/05/18T08:45:26z: SSID: that iPhone
1 BSEC warning code : 100

1 BSEC warning code : 100

 ets Jan  8 2013,rst cause:1, boot mode:(3,6)

load 0x4010f000, len 1384, room 16 
tail 8
chksum 0x2d
csum 0x2d
v8b899c12
~ld


7.04
 0h00:00.524 1970/01/01T08:00:00z: SPIFFS Active
 0h00:04.201 2026/05/18T09:05:07z: f0:24:f9:c6:a2:fc
 0h00:04.202 2026/05/18T09:05:07z: SSID: that iPhone
1 BSEC warning code : 100

 ets Jan  8 2013,rst cause:1, boot mode:(3,6)

load 0x4010f000, len 1384, room 16 
tail 8
chksum 0x2d
csum 0x2d
v8b899c12
~ld


7.04
 0h00:00.537 1970/01/01T08:00:00z: SPIFFS Active
 0h00:04.214 2026/05/18T09:24:48z: f0:24:f9:c6:a2:fc
 0h00:04.216 2026/05/18T09:24:48z: SSID: that iPhone
1 BSEC warning code : 100

 ets Jan  8 2013,rst cause:1, boot mode:(3,6)

load 0x4010f000, len 1384, room 16 
tail 8
chksum 0x2d
csum 0x2d
v8b899c12
~ld


7.04
 0h00:00.530 1970/01/01T08:00:00z: SPIFFS Active
 0h00:04.205 2026/05/18T09:44:29z: f0:24:f9:c6:a2:fc
 0h00:04.207 2026/05/18T09:44:29z: SSID: that iPhone
1 BSEC warning code : 100

1 BSEC warning code : 100

 ets Jan  8 2013,rst cause:1, boot mode:(3,6)

load 0x4010f000, len 1384, room 16 
tail 8
chksum 0x2d
csum 0x2d
v8b899c12
~ld


7.04
 0h00:00.491 1970/01/01T08:00:00z: SPIFFS Active
 0h00:04.166 2026/05/18T10:04:10z: f0:24:f9:c6:a2:fc
 0h00:04.168 2026/05/18T10:04:10z: SSID: that iPhone
1 BSEC warning code : 100

1 BSEC warning code : 100

 ets Jan  8 2013,rst cause:1, boot mode:(3,6)

load 0x4010f000, len 1384, room 16 
tail 8
chksum 0x2d
csum 0x2d
v8b899c12
~ld


7.04
 0h00:00.576 1970/01/01T08:00:00z: SPIFFS Active
 0h00:04.252 2026/05/18T10:23:50z: f0:24:f9:c6:a2:fc
 0h00:04.253 2026/05/18T10:23:50z: SSID: that iPhone
1 BSEC warning code : 100

1 BSEC warning code : 100

 ets Jan  8 2013,rst cause:1, boot mode:(3,6)

load 0x4010f000, len 1384, room 16 
tail 8
chksum 0x2d
csum 0x2d
v8b899c12
~ld


7.04
 0h00:00.496 1970/01/01T08:00:00z: SPIFFS Active
 0h00:04.171 2026/05/18T10:43:31z: f0:24:f9:c6:a2:fc
 0h00:04.173 2026/05/18T10:43:31z: SSID: that iPhone
1 BSEC warning code : 100

 ets Jan  8 2013,rst cause:1, boot mode:(3,6)

load 0x4010f000, len 1384, room 16 
tail 8
chksum 0x2d
csum 0x2d
v8b899c12
~ld


7.04
 0h00:00.578 1970/01/01T08:00:00z: SPIFFS Active
 0h00:04.255 2026/05/18T11:03:11z: f0:24:f9:c6:a2:fc
 0h00:04.257 2026/05/18T11:03:11z: SSID: that iPhone
1 BSEC warning code : 100

1 BSEC warning code : 100

 ets Jan  8 2013,rst cause:1, boot mode:(3,6)

load 0x4010f000, len 1384, room 16 
tail 8
chksum 0x2d
csum 0x2d
v8b899c12
~ld


7.04
 0h00:00.488 1970/01/01T08:00:00z: SPIFFS Active
 0h00:04.165 2026/05/18T11:22:52z: f0:24:f9:c6:a2:fc
 0h00:04.166 2026/05/18T11:22:52z: SSID: that iPhone
1 BSEC warning code : 100

 ets Jan  8 2013,rst cause:1, boot mode:(3,6)

load 0x4010f000, len 1384, room 16 
tail 8
chksum 0x2d
csum 0x2d
v8b899c12
~ld


7.04
 0h00:00.528 1970/01/01T08:00:00z: SPIFFS Active
 0h00:04.204 2026/05/18T11:42:32z: f0:24:f9:c6:a2:fc
 0h00:04.206 2026/05/18T11:42:32z: SSID: that iPhone
1 BSEC warning code : 100

1 BSEC warning code : 100

 ets Jan  8 2013,rst cause:1, boot mode:(3,6)

load 0x4010f000, len 1384, room 16 
tail 8
chksum 0x2d
csum 0x2d
v8b899c12
~ld


7.04
 0h00:00.485 1970/01/01T08:00:00z: SPIFFS Active
 0h00:04.160 2026/05/18T12:02:12z: f0:24:f9:c6:a2:fc
 0h00:04.162 2026/05/18T12:02:12z: SSID: that iPhone
1 BSEC warning code : 100

 ets Jan  8 2013,rst cause:1, boot mode:(3,6)

load 0x4010f000, len 1384, room 16 
tail 8
chksum 0x2d
csum 0x2d
v8b899c12
~ld


7.04
 0h00:00.481 1970/01/01T08:00:00z: SPIFFS Active
 0h00:04.156 2026/05/18T12:21:52z: f0:24:f9:c6:a2:fc
 0h00:04.157 2026/05/18T12:21:52z: SSID: that iPhone
1 BSEC warning code : 100

 ets Jan  8 2013,rst cause:1, boot mode:(3,6)

load 0x4010f000, len 1384, room 16 
tail 8
chksum 0x2d
csum 0x2d
v8b899c12
~ld


7.04
 0h00:00.532 1970/01/01T08:00:00z: SPIFFS Active
 0h00:04.207 2026/05/18T12:41:33z: f0:24:f9:c6:a2:fc
 0h00:04.209 2026/05/18T12:41:33z: SSID: that iPhone
1 BSEC warning code : 100

 ets Jan  8 2013,rst cause:1, boot mode:(3,6)

load 0x4010f000, len 1384, room 16 
tail 8
chksum 0x2d
csum 0x2d
v8b899c12
~ld


7.04
 0h00:00.487 1970/01/01T08:00:00z: SPIFFS Active
 0h00:04.162 2026/05/18T13:01:14z: f0:24:f9:c6:a2:fc
 0h00:04.164 2026/05/18T13:01:14z: SSID: that iPhone
1 BSEC warning code : 100

 ets Jan  8 2013,rst cause:1, boot mode:(3,6)

load 0x4010f000, len 1384, room 16 
tail 8
chksum 0x2d
csum 0x2d
v8b899c12
~ld


7.04
 0h00:00.488 1970/01/01T08:00:00z: SPIFFS Active
 0h00:04.163 2026/05/18T13:20:54z: f0:24:f9:c6:a2:fc
 0h00:04.164 2026/05/18T13:20:54z: SSID: that iPhone
1 BSEC warning code : 100

 ets Jan  8 2013,rst cause:1, boot mode:(3,6)

load 0x4010f000, len 1384, room 16 
tail 8
chksum 0x2d
csum 0x2d
v8b899c12
~ld


7.04
 0h00:00.534 1970/01/01T08:00:00z: SPIFFS Active
 0h00:04.209 2026/05/18T13:40:35z: f0:24:f9:c6:a2:fc
 0h00:04.210 2026/05/18T13:40:35z: SSID: that iPhone
1 BSEC warning code : 100

1 BSEC warning code : 100

 ets Jan  8 2013,rst cause:1, boot mode:(3,6)

load 0x4010f000, len 1384, room 16 
tail 8
chksum 0x2d
csum 0x2d
v8b899c12
~ld


7.04
 0h00:00.532 1970/01/01T08:00:00z: SPIFFS Active
 0h00:04.207 2026/05/18T14:00:15z: f0:24:f9:c6:a2:fc
 0h00:04.209 2026/05/18T14:00:15z: SSID: that iPhone
1 BSEC warning code : 100

 ets Jan  8 2013,rst cause:1, boot mode:(3,6)

load 0x4010f000, len 1384, room 16 
tail 8
chksum 0x2d
csum 0x2d
v8b899c12
~ld


7.04
 0h00:00.537 1970/01/01T08:00:00z: SPIFFS Active
 0h00:04.212 2026/05/18T14:19:55z: f0:24:f9:c6:a2:fc
 0h00:04.214 2026/05/18T14:19:55z: SSID: that iPhone
1 BSEC warning code : 100

1 BSEC warning code : 100

 ets Jan  8 2013,rst cause:1, boot mode:(3,6)

load 0x4010f000, len 1384, room 16 
tail 8
chksum 0x2d
csum 0x2d
v8b899c12
~ld


7.04
 0h00:00.534 1970/01/01T08:00:00z: SPIFFS Active
 0h00:04.209 2026/05/18T14:39:36z: f0:24:f9:c6:a2:fc
 0h00:04.211 2026/05/18T14:39:36z: SSID: that iPhone
1 BSEC warning code : 100

 ets Jan  8 2013,rst cause:1, boot mode:(3,6)

load 0x4010f000, len 1384, room 16 
tail 8
chksum 0x2d
csum 0x2d
v8b899c12
~ld


7.04
 0h00:00.491 1970/01/01T08:00:00z: SPIFFS Active
 0h00:04.166 2026/05/18T14:59:16z: f0:24:f9:c6:a2:fc
 0h00:04.168 2026/05/18T14:59:16z: SSID: that iPhone
1 BSEC warning code : 100

1 BSEC warning code : 100

 ets Jan  8 2013,rst cause:1, boot mode:(3,6)

load 0x4010f000, len 1384, room 16 
tail 8
chksum 0x2d
csum 0x2d
v8b899c12
~ld


7.04
 0h00:00.483 1970/01/01T08:00:00z: SPIFFS Active
 0h00:04.158 2026/05/18T15:18:57z: f0:24:f9:c6:a2:fc
 0h00:04.159 2026/05/18T15:18:57z: SSID: that iPhone
1 BSEC warning code : 100

 ets Jan  8 2013,rst cause:1, boot mode:(3,6)

load 0x4010f000, len 1384, room 16 
tail 8
chksum 0x2d
csum 0x2d
v8b899c12
~ld


7.04
 0h00:00.482 1970/01/01T08:00:00z: SPIFFS Active
 0h00:04.158 2026/05/18T15:38:38z: f0:24:f9:c6:a2:fc
 0h00:04.159 2026/05/18T15:38:38z: SSID: that iPhone
1 BSEC warning code : 100

1 BSEC warning code : 100

 ets Jan  8 2013,rst cause:1, boot mode:(3,6)

load 0x4010f000, len 1384, room 16 
tail 8
chksum 0x2d
csum 0x2d
v8b899c12
~ld


7.04
 0h00:00.530 1970/01/01T08:00:00z: SPIFFS Active
 0h00:04.205 2026/05/18T15:58:18z: f0:24:f9:c6:a2:fc
 0h00:04.207 2026/05/18T15:58:18z: SSID: that iPhone
1 BSEC warning code : 100

1 BSEC warning code : 100

 ets Jan  8 2013,rst cause:1, boot mode:(3,6)

load 0x4010f000, len 1384, room 16 
tail 8
chksum 0x2d
csum 0x2d
v8b899c12
~ld


7.04
 0h00:00.483 1970/01/01T08:00:00z: SPIFFS Active
 0h00:04.159 2026/05/18T16:17:58z: f0:24:f9:c6:a2:fc
 0h00:04.160 2026/05/18T16:17:58z: SSID: that iPhone
1 BSEC warning code : 100

 ets Jan  8 2013,rst cause:1, boot mode:(3,6)

load 0x4010f000, len 1384, room 16 
tail 8
chksum 0x2d
csum 0x2d
v8b899c12
~ld


7.04
 0h00:00.536 1970/01/01T08:00:00z: SPIFFS Active
 0h00:04.211 2026/05/18T16:37:39z: f0:24:f9:c6:a2:fc
 0h00:04.213 2026/05/18T16:37:39z: SSID: that iPhone
1 BSEC warning code : 100

1 BSEC warning code : 100

 ets Jan  8 2013,rst cause:1, boot mode:(3,6)

load 0x4010f000, len 1384, room 16 
tail 8
chksum 0x2d
csum 0x2d
v8b899c12
~ld


7.04
 0h00:00.521 1970/01/01T08:00:00z: SPIFFS Active
 0h00:04.197 2026/05/18T16:57:20z: f0:24:f9:c6:a2:fc
 0h00:04.198 2026/05/18T16:57:20z: SSID: that iPhone
1 BSEC warning code : 100

 ets Jan  8 2013,rst cause:1, boot mode:(3,6)

load 0x4010f000, len 1384, room 16 
tail 8
chksum 0x2d
csum 0x2d
v8b899c12
~ld


7.04
 0h00:00.520 1970/01/01T08:00:00z: SPIFFS Active
 0h00:04.195 2026/05/18T17:17:00z: f0:24:f9:c6:a2:fc
 0h00:04.197 2026/05/18T17:17:00z: SSID: that iPhone
1 BSEC warning code : 100

1 BSEC warning code : 100

 ets Jan  8 2013,rst cause:1, boot mode:(3,6)

load 0x4010f000, len 1384, room 16 
tail 8
chksum 0x2d
csum 0x2d
v8b899c12
~ld


7.04
 0h00:00.530 1970/01/01T08:00:00z: SPIFFS Active
 0h00:04.206 2026/05/18T17:36:41z: f0:24:f9:c6:a2:fc
 0h00:04.207 2026/05/18T17:36:41z: SSID: that iPhone
1 BSEC warning code : 100

 ets Jan  8 2013,rst cause:1, boot mode:(3,6)

load 0x4010f000, len 1384, room 16 
tail 8
chksum 0x2d
csum 0x2d
v8b899c12
~ld


7.04
 0h00:00.537 1970/01/01T08:00:00z: SPIFFS Active
 0h00:04.213 2026/05/18T17:56:21z: f0:24:f9:c6:a2:fc
 0h00:04.214 2026/05/18T17:56:21z: SSID: that iPhone
1 BSEC warning code : 100

 ets Jan  8 2013,rst cause:1, boot mode:(3,6)

load 0x4010f000, len 1384, room 16 
tail 8
chksum 0x2d
csum 0x2d
v8b899c12
~ld


7.04
 0h00:00.529 1970/01/01T08:00:00z: SPIFFS Active
 0h00:04.205 2026/05/18T18:16:02z: f0:24:f9:c6:a2:fc
 0h00:04.206 2026/05/18T18:16:02z: SSID: that iPhone
1 BSEC warning code : 100

1 BSEC warning code : 100

 ets Jan  8 2013,rst cause:1, boot mode:(3,6)

load 0x4010f000, len 1384, room 16 
tail 8
chksum 0x2d
csum 0x2d
v8b899c12
~ld


7.04
 0h00:00.491 1970/01/01T08:00:00z: SPIFFS Active
 0h00:04.166 2026/05/18T18:35:42z: f0:24:f9:c6:a2:fc
 0h00:04.168 2026/05/18T18:35:42z: SSID: that iPhone
1 BSEC warning code : 100

1 BSEC warning code : 100

 ets Jan  8 2013,rst cause:1, boot mode:(3,6)

load 0x4010f000, len 1384, room 16 
tail 8
chksum 0x2d
csum 0x2d
v8b899c12
~ld


7.04
 0h00:00.496 1970/01/01T08:00:00z: SPIFFS Active
 0h00:04.171 2026/05/18T18:55:23z: f0:24:f9:c6:a2:fc
 0h00:04.173 2026/05/18T18:55:23z: SSID: that iPhone
1 BSEC warning code : 100

 ets Jan  8 2013,rst cause:1, boot mode:(3,6)

load 0x4010f000, len 1384, room 16 
tail 8
chksum 0x2d
csum 0x2d
v8b899c12
~ld


7.04
 0h00:00.487 1970/01/01T08:00:00z: SPIFFS Active
 0h00:04.163 2026/05/18T19:15:04z: f0:24:f9:c6:a2:fc
 0h00:04.164 2026/05/18T19:15:04z: SSID: that iPhone
1 BSEC warning code : 100

1 BSEC warning code : 100

 ets Jan  8 2013,rst cause:1, boot mode:(3,6)

load 0x4010f000, len 1384, room 16 
tail 8
chksum 0x2d
csum 0x2d
v8b899c12
~ld


7.04
 0h00:00.489 1970/01/01T08:00:00z: SPIFFS Active
 0h00:04.164 2026/05/18T19:34:44z: f0:24:f9:c6:a2:fc
 0h00:04.166 2026/05/18T19:34:44z: SSID: that iPhone
1 BSEC warning code : 100

1 BSEC warning code : 100

 ets Jan  8 2013,rst cause:1, boot mode:(3,6)

load 0x4010f000, len 1384, room 16 
tail 8
chksum 0x2d
csum 0x2d
v8b899c12
~ld


7.04
 0h00:00.483 1970/01/01T08:00:00z: SPIFFS Active
 0h00:04.158 2026/05/18T19:54:26z: f0:24:f9:c6:a2:fc
 0h00:04.160 2026/05/18T19:54:26z: SSID: that iPhone
1 BSEC warning code : 100

 ets Jan  8 2013,rst cause:1, boot mode:(3,6)

load 0x4010f000, len 1384, room 16 
tail 8
chksum 0x2d
csum 0x2d
v8b899c12
~ld


7.04
 0h00:00.471 1970/01/01T08:00:00z: SPIFFS Active
 0h00:04.147 2026/05/18T20:14:07z: f0:24:f9:c6:a2:fc
 0h00:04.149 2026/05/18T20:14:07z: SSID: that iPhone
1 BSEC warning code : 100

1 BSEC warning code : 100

 ets Jan  8 2013,rst cause:1, boot mode:(3,6)

load 0x4010f000, len 1384, room 16 
tail 8
chksum 0x2d
csum 0x2d
v8b899c12
~ld


7.04
 0h00:00.492 1970/01/01T08:00:00z: SPIFFS Active
 0h00:04.168 2026/05/18T20:33:48z: f0:24:f9:c6:a2:fc
 0h00:04.169 2026/05/18T20:33:48z: SSID: that iPhone
1 BSEC warning code : 100

 ets Jan  8 2013,rst cause:1, boot mode:(3,6)

load 0x4010f000, len 1384, room 16 
tail 8
chksum 0x2d
csum 0x2d
v8b899c12
~ld


7.04
 0h00:00.476 1970/01/01T08:00:00z: SPIFFS Active
 0h00:04.152 2026/05/18T20:53:28z: f0:24:f9:c6:a2:fc
 0h00:04.154 2026/05/18T20:53:28z: SSID: that iPhone
1 BSEC warning code : 100

1 BSEC warning code : 100

 ets Jan  8 2013,rst cause:1, boot mode:(3,6)

load 0x4010f000, len 1384, room 16 
tail 8
chksum 0x2d
csum 0x2d
v8b899c12
~ld


7.04
 0h00:00.528 1970/01/01T08:00:00z: SPIFFS Active
 0h00:04.204 2026/05/18T21:13:08z: f0:24:f9:c6:a2:fc
 0h00:04.206 2026/05/18T21:13:08z: SSID: that iPhone
1 BSEC warning code : 100

1 BSEC warning code : 100

 ets Jan  8 2013,rst cause:1, boot mode:(3,6)

load 0x4010f000, len 1384, room 16 
tail 8
chksum 0x2d
csum 0x2d
v8b899c12
~ld


7.04
 0h00:00.475 1970/01/01T08:00:00z: SPIFFS Active
 0h00:04.151 2026/05/18T21:32:49z: f0:24:f9:c6:a2:fc
 0h00:04.153 2026/05/18T21:32:49z: SSID: that iPhone
1 BSEC warning code : 100

 ets Jan  8 2013,rst cause:1, boot mode:(3,6)

load 0x4010f000, len 1384, room 16 
tail 8
chksum 0x2d
csum 0x2d
v8b899c12
~ld


7.04
 0h00:00.534 1970/01/01T08:00:00z: SPIFFS Active
 0h00:04.210 2026/05/18T21:52:29z: f0:24:f9:c6:a2:fc
 0h00:04.211 2026/05/18T21:52:29z: SSID: that iPhone
1 BSEC warning code : 100

1 BSEC warning code : 100

 ets Jan  8 2013,rst cause:1, boot mode:(3,6)

load 0x4010f000, len 1384, room 16 
tail 8
chksum 0x2d
csum 0x2d
v8b899c12
~ld


7.04
 0h00:00.489 1970/01/01T08:00:00z: SPIFFS Active
 0h00:04.166 2026/05/18T22:12:10z: f0:24:f9:c6:a2:fc
 0h00:04.167 2026/05/18T22:12:10z: SSID: that iPhone
1 BSEC warning code : 100

 ets Jan  8 2013,rst cause:1, boot mode:(3,6)

load 0x4010f000, len 1384, room 16 
tail 8
chksum 0x2d
csum 0x2d
v8b899c12
~ld


7.04
 0h00:00.573 1970/01/01T08:00:00z: SPIFFS Active
 0h00:04.249 2026/05/18T22:31:50z: f0:24:f9:c6:a2:fc
 0h00:04.250 2026/05/18T22:31:50z: SSID: that iPhone
1 BSEC warning code : 100

 ets Jan  8 2013,rst cause:1, boot mode:(3,6)

load 0x4010f000, len 1384, room 16 
tail 8
chksum 0x2d
csum 0x2d
v8b899c12
~ld


7.04
 0h00:00.488 1970/01/01T08:00:00z: SPIFFS Active
 0h00:04.164 2026/05/18T22:51:31z: f0:24:f9:c6:a2:fc
 0h00:04.165 2026/05/18T22:51:31z: SSID: that iPhone
1 BSEC warning code : 100

 ets Jan  8 2013,rst cause:1, boot mode:(3,6)

load 0x4010f000, len 1384, room 16 
tail 8
chksum 0x2d
csum 0x2d
v8b899c12
~ld


7.04
 0h00:00.528 1970/01/01T08:00:00z: SPIFFS Active
 0h00:04.204 2026/05/18T23:11:12z: f0:24:f9:c6:a2:fc
 0h00:04.205 2026/05/18T23:11:12z: SSID: that iPhone
1 BSEC warning code : 100

 ets Jan  8 2013,rst cause:1, boot mode:(3,6)

load 0x4010f000, len 1384, room 16 
tail 8
chksum 0x2d
csum 0x2d
v8b899c12
~ld


7.04
 0h00:00.486 1970/01/01T08:00:00z: SPIFFS Active
 0h00:04.162 2026/05/18T23:30:52z: f0:24:f9:c6:a2:fc
 0h00:04.163 2026/05/18T23:30:52z: SSID: that iPhone
1 BSEC warning code : 100

1 BSEC warning code : 100

 ets Jan  8 2013,rst cause:1, boot mode:(3,6)

load 0x4010f000, len 1384, room 16 
tail 8
chksum 0x2d
csum 0x2d
v8b899c12
~ld


7.04
 0h00:00.489 1970/01/01T08:00:00z: SPIFFS Active
 0h00:04.165 2026/05/18T23:50:34z: f0:24:f9:c6:a2:fc
 0h00:04.167 2026/05/18T23:50:34z: SSID: that iPhone
1 BSEC warning code : 100
