
1 BSEC warning code : 100

 ets Jan  8 2013,rst cause:1, boot mode:(3,7)

load 0x4010f000, len 1384, room 16 
tail 8
chksum 0x2d
csum 0x2d
v8b899c12
~ld


7.04
 0h00:00.553 1970/01/01T08:00:00z: SPIFFS Active
 0h00:04.230 2026/06/28T00:01:14z: f0:24:f9:c6:91:c0
 0h00:04.232 2026/06/28T00:01:14z: SSID: TEST-STA
1 BSEC warning code : 100

 ets Jan  8 2013,rst cause:1, boot mode:(3,7)

load 0x4010f000, len 1384, room 16 
tail 8
chksum 0x2d
csum 0x2d
v8b899c12
~ld


7.04
 0h00:00.544 1970/01/01T08:00:00z: SPIFFS Active
 0h00:04.221 2026/06/28T00:20:55z: f0:24:f9:c6:91:c0
 0h00:04.223 2026/06/28T00:20:55z: SSID: TEST-STA
1 BSEC warning code : 100

 ets Jan  8 2013,rst cause:1, boot mode:(3,7)

load 0x4010f000, len 1384, room 16 
tail 8
chksum 0x2d
csum 0x2d
v8b899c12
~ld


7.04
 0h00:00.501 1970/01/01T08:00:00z: SPIFFS Active
 0h00:04.178 2026/06/28T00:40:36z: f0:24:f9:c6:91:c0
 0h00:04.180 2026/06/28T00:40:36z: SSID: TEST-STA
1 BSEC warning code : 100

1 BSEC warning code : 100

 ets Jan  8 2013,rst cause:1, boot mode:(3,7)

load 0x4010f000, len 1384, room 16 
tail 8
chksum 0x2d
csum 0x2d
v8b899c12
~ld


7.04
 0h00:00.497 1970/01/01T08:00:00z: SPIFFS Active
 0h00:04.174 2026/06/28T01:00:17z: f0:24:f9:c6:91:c0
 0h00:04.176 2026/06/28T01:00:17z: SSID: TEST-STA
1 BSEC warning code : 100

 ets Jan  8 2013,rst cause:1, boot mode:(3,7)

load 0x4010f000, len 1384, room 16 
tail 8
chksum 0x2d
csum 0x2d
v8b899c12
~ld


7.04
 0h00:00.502 1970/01/01T08:00:00z: SPIFFS Active
 0h00:04.179 2026/06/28T01:19:58z: f0:24:f9:c6:91:c0
 0h00:04.181 2026/06/28T01:19:58z: SSID: TEST-STA
1 BSEC warning code : 100

 ets Jan  8 2013,rst cause:1, boot mode:(3,7)

load 0x4010f000, len 1384, room 16 
tail 8
chksum 0x2d
csum 0x2d
v8b899c12
~ld


7.04
 0h00:00.498 1970/01/01T08:00:00z: SPIFFS Active
 0h00:04.175 2026/06/28T01:39:39z: f0:24:f9:c6:91:c0
 0h00:04.177 2026/06/28T01:39:39z: SSID: TEST-STA
1 BSEC warning code : 100

1 BSEC warning code : 100

 ets Jan  8 2013,rst cause:1, boot mode:(3,7)

load 0x4010f000, len 1384, room 16 
tail 8
chksum 0x2d
csum 0x2d
v8b899c12
~ld


7.04
 0h00:00.502 1970/01/01T08:00:00z: SPIFFS Active
 0h00:04.179 2026/06/28T01:59:21z: f0:24:f9:c6:91:c0
 0h00:04.181 2026/06/28T01:59:21z: SSID: TEST-STA
1 BSEC warning code : 100

 ets Jan  8 2013,rst cause:1, boot mode:(3,7)

load 0x4010f000, len 1384, room 16 
tail 8
chksum 0x2d
csum 0x2d
v8b899c12
~ld


7.04
 0h00:00.498 1970/01/01T08:00:00z: SPIFFS Active
 0h00:04.176 2026/06/28T02:19:02z: f0:24:f9:c6:91:c0
 0h00:04.177 2026/06/28T02:19:02z: SSID: TEST-STA
1 BSEC warning code : 100

 ets Jan  8 2013,rst cause:1, boot mode:(3,7)

load 0x4010f000, len 1384, room 16 
tail 8
chksum 0x2d
csum 0x2d
v8b899c12
~ld


7.04
 0h00:00.501 1970/01/01T08:00:00z: SPIFFS Active
 0h00:04.178 2026/06/28T02:38:42z: f0:24:f9:c6:91:c0
 0h00:04.180 2026/06/28T02:38:42z: SSID: TEST-STA
1 BSEC warning code : 100

 ets Jan  8 2013,rst cause:1, boot mode:(3,7)

load 0x4010f000, len 1384, room 16 
tail 8
chksum 0x2d
csum 0x2d
v8b899c12
~ld


7.04
 0h00:00.552 1970/01/01T08:00:00z: SPIFFS Active
 0h00:04.229 2026/06/28T02:58:24z: f0:24:f9:c6:91:c0
 0h00:04.231 2026/06/28T02:58:24z: SSID: TEST-STA
1 BSEC warning code : 100

1 BSEC warning code : 100

 ets Jan  8 2013,rst cause:1, boot mode:(3,7)

load 0x4010f000, len 1384, room 16 
tail 8
chksum 0x2d
csum 0x2d
v8b899c12
~ld


7.04
 0h00:00.500 1970/01/01T08:00:00z: SPIFFS Active
 0h00:04.177 2026/06/28T03:18:05z: f0:24:f9:c6:91:c0
 0h00:04.179 2026/06/28T03:18:05z: SSID: TEST-STA
1 BSEC warning code : 100

 ets Jan  8 2013,rst cause:1, boot mode:(3,7)

load 0x4010f000, len 1384, room 16 
tail 8
chksum 0x2d
csum 0x2d
v8b899c12
~ld


7.04
 0h00:00.500 1970/01/01T08:00:00z: SPIFFS Active
 0h00:04.178 2026/06/28T03:37:45z: f0:24:f9:c6:91:c0
 0h00:04.180 2026/06/28T03:37:45z: SSID: TEST-STA
1 BSEC warning code : 100

1 BSEC warning code : 100

 ets Jan  8 2013,rst cause:1, boot mode:(3,7)

load 0x4010f000, len 1384, room 16 
tail 8
chksum 0x2d
csum 0x2d
v8b899c12
~ld


7.04
 0h00:00.554 1970/01/01T08:00:00z: SPIFFS Active
 0h00:04.229 2026/06/28T03:57:27z: f0:24:f9:c6:91:c0
 0h00:04.231 2026/06/28T03:57:27z: SSID: TEST-STA
1 BSEC warning code : 100

1 BSEC warning code : 100

 ets Jan  8 2013,rst cause:1, boot mode:(3,7)

load 0x4010f000, len 1384, room 16 
tail 8
chksum 0x2d
csum 0x2d
v8b899c12
~ld


7.04
 0h00:00.555 1970/01/01T08:00:00z: SPIFFS Active
 0h00:04.231 2026/06/28T04:17:08z: f0:24:f9:c6:91:c0
 0h00:04.232 2026/06/28T04:17:08z: SSID: TEST-STA
1 BSEC warning code : 100

 ets Jan  8 2013,rst cause:1, boot mode:(3,7)

load 0x4010f000, len 1384, room 16 
tail 8
chksum 0x2d
csum 0x2d
v8b899c12
~ld


7.04
 0h00:00.566 1970/01/01T08:00:00z: SPIFFS Active
 0h00:04.242 2026/06/28T04:36:49z: f0:24:f9:c6:91:c0
 0h00:04.243 2026/06/28T04:36:49z: SSID: TEST-STA
1 BSEC warning code : 100

 ets Jan  8 2013,rst cause:1, boot mode:(3,7)

load 0x4010f000, len 1384, room 16 
tail 8
chksum 0x2d
csum 0x2d
v8b899c12
~ld


7.04
 0h00:00.613 1970/01/01T08:00:00z: SPIFFS Active
 0h00:04.288 2026/06/28T04:56:30z: f0:24:f9:c6:91:c0
 0h00:04.290 2026/06/28T04:56:30z: SSID: TEST-STA
1 BSEC warning code : 100

1 BSEC warning code : 100

 ets Jan  8 2013,rst cause:1, boot mode:(3,7)

load 0x4010f000, len 1384, room 16 
tail 8
chksum 0x2d
csum 0x2d
v8b899c12
~ld


7.04
 0h00:00.556 1970/01/01T08:00:00z: SPIFFS Active
 0h00:04.231 2026/06/28T05:16:12z: f0:24:f9:c6:91:c0
 0h00:04.233 2026/06/28T05:16:12z: SSID: TEST-STA
1 BSEC warning code : 100

 ets Jan  8 2013,rst cause:1, boot mode:(3,7)

load 0x4010f000, len 1384, room 16 
tail 8
chksum 0x2d
csum 0x2d
v8b899c12
~ld


7.04
 0h00:00.514 1970/01/01T08:00:00z: SPIFFS Active
 0h00:04.190 2026/06/28T05:35:53z: f0:24:f9:c6:91:c0
 0h00:04.191 2026/06/28T05:35:53z: SSID: TEST-STA
1 BSEC warning code : 100

 ets Jan  8 2013,rst cause:1, boot mode:(3,7)

load 0x4010f000, len 1384, room 16 
tail 8
chksum 0x2d
csum 0x2d
v8b899c12
~ld


7.04
 0h00:00.554 1970/01/01T08:00:00z: SPIFFS Active
 0h00:04.229 2026/06/28T05:55:34z: f0:24:f9:c6:91:c0
 0h00:04.231 2026/06/28T05:55:34z: SSID: TEST-STA
1 BSEC warning code : 100

1 BSEC warning code : 100

 ets Jan  8 2013,rst cause:1, boot mode:(3,7)

load 0x4010f000, len 1384, room 16 
tail 8
chksum 0x2d
csum 0x2d
v8b899c12
~ld


7.04
 0h00:00.603 1970/01/01T08:00:00z: SPIFFS Active
 0h00:04.279 2026/06/28T06:15:15z: f0:24:f9:c6:91:c0
 0h00:04.281 2026/06/28T06:15:15z: SSID: TEST-STA
1 BSEC warning code : 100

1 BSEC warning code : 100

 ets Jan  8 2013,rst cause:1, boot mode:(3,7)

load 0x4010f000, len 1384, room 16 
tail 8
chksum 0x2d
csum 0x2d
v8b899c12
~ld


7.04
 0h00:00.500 1970/01/01T08:00:00z: SPIFFS Active
 0h00:04.175 2026/06/28T06:34:55z: f0:24:f9:c6:91:c0
 0h00:04.177 2026/06/28T06:34:55z: SSID: TEST-STA
1 BSEC warning code : 100

 ets Jan  8 2013,rst cause:1, boot mode:(3,7)

load 0x4010f000, len 1384, room 16 
tail 8
chksum 0x2d
csum 0x2d
v8b899c12
~ld


7.04
 0h00:00.637 1970/01/01T08:00:00z: SPIFFS Active
 0h00:04.312 2026/06/28T06:54:36z: f0:24:f9:c6:91:c0
 0h00:04.314 2026/06/28T06:54:36z: SSID: TEST-STA
1 BSEC warning code : 100

 ets Jan  8 2013,rst cause:1, boot mode:(3,7)

load 0x4010f000, len 1384, room 16 
tail 8
chksum 0x2d
csum 0x2d
v8b899c12
~ld


7.04
 0h00:00.548 1970/01/01T08:00:00z: SPIFFS Active
 0h00:04.224 2026/06/28T07:14:17z: f0:24:f9:c6:91:c0
 0h00:04.226 2026/06/28T07:14:17z: SSID: TEST-STA
1 BSEC warning code : 100

1 BSEC warning code : 100

 ets Jan  8 2013,rst cause:1, boot mode:(3,7)

load 0x4010f000, len 1384, room 16 
tail 8
chksum 0x2d
csum 0x2d
v8b899c12
~ld


7.04
 0h00:00.549 1970/01/01T08:00:00z: SPIFFS Active
 0h00:04.224 2026/06/28T07:33:59z: f0:24:f9:c6:91:c0
 0h00:04.226 2026/06/28T07:33:59z: SSID: TEST-STA
1 BSEC warning code : 100

1 BSEC warning code : 100

 ets Jan  8 2013,rst cause:1, boot mode:(3,7)

load 0x4010f000, len 1384, room 16 
tail 8
chksum 0x2d
csum 0x2d
v8b899c12
~ld


7.04
 0h00:00.553 1970/01/01T08:00:00z: SPIFFS Active
 0h00:04.228 2026/06/28T07:53:40z: f0:24:f9:c6:91:c0
 0h00:04.230 2026/06/28T07:53:40z: SSID: TEST-STA
1 BSEC warning code : 100

 ets Jan  8 2013,rst cause:1, boot mode:(3,7)

load 0x4010f000, len 1384, room 16 
tail 8
chksum 0x2d
csum 0x2d
v8b899c12
~ld


7.04
 0h00:00.599 1970/01/01T08:00:00z: SPIFFS Active
 0h00:04.275 2026/06/28T08:13:21z: f0:24:f9:c6:91:c0
 0h00:04.277 2026/06/28T08:13:21z: SSID: TEST-STA
1 BSEC warning code : 100

 ets Jan  8 2013,rst cause:1, boot mode:(3,7)

load 0x4010f000, len 1384, room 16 
tail 8
chksum 0x2d
csum 0x2d
v8b899c12
~ld


7.04
 0h00:00.551 1970/01/01T08:00:00z: SPIFFS Active
 0h00:04.227 2026/06/28T08:33:01z: f0:24:f9:c6:91:c0
 0h00:04.229 2026/06/28T08:33:01z: SSID: TEST-STA
1 BSEC warning code : 100

 ets Jan  8 2013,rst cause:1, boot mode:(3,7)

load 0x4010f000, len 1384, room 16 
tail 8
chksum 0x2d
csum 0x2d
v8b899c12
~ld


7.04
 0h00:00.598 1970/01/01T08:00:00z: SPIFFS Active
 0h00:04.274 2026/06/28T08:52:42z: f0:24:f9:c6:91:c0
 0h00:04.275 2026/06/28T08:52:42z: SSID: TEST-STA
1 BSEC warning code : 100

 ets Jan  8 2013,rst cause:1, boot mode:(3,7)

load 0x4010f000, len 1384, room 16 
tail 8
chksum 0x2d
csum 0x2d
v8b899c12
~ld


7.04
 0h00:00.553 1970/01/01T08:00:00z: SPIFFS Active
 0h00:04.229 2026/06/28T09:12:23z: f0:24:f9:c6:91:c0
 0h00:04.231 2026/06/28T09:12:23z: SSID: TEST-STA
1 BSEC warning code : 100

 ets Jan  8 2013,rst cause:1, boot mode:(3,7)

load 0x4010f000, len 1384, room 16 
tail 8
chksum 0x2d
csum 0x2d
v8b899c12
~ld


7.04
 0h00:00.553 1970/01/01T08:00:00z: SPIFFS Active
 0h00:04.229 2026/06/28T09:32:04z: f0:24:f9:c6:91:c0
 0h00:04.231 2026/06/28T09:32:04z: SSID: TEST-STA
1 BSEC warning code : 100

1 BSEC warning code : 100

 ets Jan  8 2013,rst cause:1, boot mode:(3,7)

load 0x4010f000, len 1384, room 16 
tail 8
chksum 0x2d
csum 0x2d
v8b899c12
~ld


7.04
 0h00:00.648 1970/01/01T08:00:00z: SPIFFS Active
 0h00:04.324 2026/06/28T09:51:45z: f0:24:f9:c6:91:c0
 0h00:04.326 2026/06/28T09:51:45z: SSID: TEST-STA
1 BSEC warning code : 100

1 BSEC warning code : 100

 ets Jan  8 2013,rst cause:1, boot mode:(3,7)

load 0x4010f000, len 1384, room 16 
tail 8
chksum 0x2d
csum 0x2d
v8b899c12
~ld


7.04
 0h00:00.595 1970/01/01T08:00:00z: SPIFFS Active
 0h00:04.271 2026/06/28T10:11:26z: f0:24:f9:c6:91:c0
 0h00:04.273 2026/06/28T10:11:26z: SSID: TEST-STA
1 BSEC warning code : 100

 ets Jan  8 2013,rst cause:1, boot mode:(3,7)

load 0x4010f000, len 1384, room 16 
tail 8
chksum 0x2d
csum 0x2d
v8b899c12
~ld


7.04
 0h00:00.598 1970/01/01T08:00:00z: SPIFFS Active
 0h00:04.274 2026/06/28T10:31:07z: f0:24:f9:c6:91:c0
 0h00:04.275 2026/06/28T10:31:07z: SSID: TEST-STA
1 BSEC warning code : 100

 ets Jan  8 2013,rst cause:1, boot mode:(3,7)

load 0x4010f000, len 1384, room 16 
tail 8
chksum 0x2d
csum 0x2d
v8b899c12
~ld


7.04
 0h00:00.518 1970/01/01T08:00:00z: SPIFFS Active
 0h00:04.194 2026/06/28T10:50:48z: f0:24:f9:c6:91:c0
 0h00:04.195 2026/06/28T10:50:48z: SSID: TEST-STA
1 BSEC warning code : 100

1 BSEC warning code : 100

 ets Jan  8 2013,rst cause:1, boot mode:(3,7)

load 0x4010f000, len 1384, room 16 
tail 8
chksum 0x2d
csum 0x2d
v8b899c12
~ld


7.04
 0h00:00.556 1970/01/01T08:00:00z: SPIFFS Active
 0h00:04.232 2026/06/28T11:10:30z: f0:24:f9:c6:91:c0
 0h00:04.233 2026/06/28T11:10:30z: SSID: TEST-STA
1 BSEC warning code : 100

 ets Jan  8 2013,rst cause:1, boot mode:(3,7)

load 0x4010f000, len 1384, room 16 
tail 8
chksum 0x2d
csum 0x2d
v8b899c12
~ld


7.04
 0h00:00.610 1970/01/01T08:00:00z: SPIFFS Active
 0h00:04.286 2026/06/28T11:30:10z: f0:24:f9:c6:91:c0
 0h00:04.287 2026/06/28T11:30:10z: SSID: TEST-STA
1 BSEC warning code : 100

 ets Jan  8 2013,rst cause:1, boot mode:(3,7)

load 0x4010f000, len 1384, room 16 
tail 8
chksum 0x2d
csum 0x2d
v8b899c12
~ld


7.04
 0h00:00.600 1970/01/01T08:00:00z: SPIFFS Active
 0h00:04.276 2026/06/28T11:49:52z: f0:24:f9:c6:91:c0
 0h00:04.278 2026/06/28T11:49:52z: SSID: TEST-STA
1 BSEC warning code : 100

1 BSEC warning code : 100

 ets Jan  8 2013,rst cause:1, boot mode:(3,7)

load 0x4010f000, len 1384, room 16 
tail 8
chksum 0x2d
csum 0x2d
v8b899c12
~ld


7.04
 0h00:00.560 1970/01/01T08:00:00z: SPIFFS Active
 0h00:04.236 2026/06/28T12:09:33z: f0:24:f9:c6:91:c0
 0h00:04.238 2026/06/28T12:09:33z: SSID: TEST-STA
1 BSEC warning code : 100

1 BSEC warning code : 100

 ets Jan  8 2013,rst cause:1, boot mode:(3,7)

load 0x4010f000, len 1384, room 16 
tail 8
chksum 0x2d
csum 0x2d
v8b899c12
~ld


7.04
 0h00:00.598 1970/01/01T08:00:00z: SPIFFS Active
 0h00:04.275 2026/06/28T12:29:14z: f0:24:f9:c6:91:c0
 0h00:04.276 2026/06/28T12:29:14z: SSID: TEST-STA
1 BSEC warning code : 100

 ets Jan  8 2013,rst cause:1, boot mode:(3,7)

load 0x4010f000, len 1384, room 16 
tail 8
chksum 0x2d
csum 0x2d
v8b899c12
~ld


7.04
 0h00:00.616 1970/01/01T08:00:00z: SPIFFS Active
 0h00:04.292 2026/06/28T12:48:55z: f0:24:f9:c6:91:c0
 0h00:04.293 2026/06/28T12:48:55z: SSID: TEST-STA
1 BSEC warning code : 100

 ets Jan  8 2013,rst cause:1, boot mode:(3,7)

load 0x4010f000, len 1384, room 16 
tail 8
chksum 0x2d
csum 0x2d
v8b899c12
~ld


7.04
 0h00:00.513 1970/01/01T08:00:00z: SPIFFS Active
 0h00:04.189 2026/06/28T13:08:35z: f0:24:f9:c6:91:c0
 0h00:04.191 2026/06/28T13:08:35z: SSID: TEST-STA
1 BSEC warning code : 100

 ets Jan  8 2013,rst cause:1, boot mode:(3,7)

load 0x4010f000, len 1384, room 16 
tail 8
chksum 0x2d
csum 0x2d
v8b899c12
~ld


7.04
 0h00:00.572 1970/01/01T08:00:00z: SPIFFS Active
 0h00:04.247 2026/06/28T13:28:16z: f0:24:f9:c6:91:c0
 0h00:04.249 2026/06/28T13:28:16z: SSID: TEST-STA
1 BSEC warning code : 100

 ets Jan  8 2013,rst cause:1, boot mode:(3,7)

load 0x4010f000, len 1384, room 16 
tail 8
chksum 0x2d
csum 0x2d
v8b899c12
~ld


7.04
 0h00:00.655 1970/01/01T08:00:00z: SPIFFS Active
 0h00:04.332 2026/06/28T13:47:58z: f0:24:f9:c6:91:c0
 0h00:04.333 2026/06/28T13:47:58z: SSID: TEST-STA
1 BSEC warning code : 100

1 BSEC warning code : 100

 ets Jan  8 2013,rst cause:1, boot mode:(3,7)

load 0x4010f000, len 1384, room 16 
tail 8
chksum 0x2d
csum 0x2d
v8b899c12
~ld


7.04
 0h00:00.551 1970/01/01T08:00:00z: SPIFFS Active
 0h00:04.227 2026/06/28T14:07:39z: f0:24:f9:c6:91:c0
 0h00:04.229 2026/06/28T14:07:39z: SSID: TEST-STA
1 BSEC warning code : 100

 ets Jan  8 2013,rst cause:1, boot mode:(3,7)

load 0x4010f000, len 1384, room 16 
tail 8
chksum 0x2d
csum 0x2d
v8b899c12
~ld


7.04
 0h00:00.557 1970/01/01T08:00:00z: SPIFFS Active
 0h00:04.233 2026/06/28T14:27:20z: f0:24:f9:c6:91:c0
 0h00:04.235 2026/06/28T14:27:20z: SSID: TEST-STA
1 BSEC warning code : 100

1 BSEC warning code : 100

 ets Jan  8 2013,rst cause:1, boot mode:(3,7)

load 0x4010f000, len 1384, room 16 
tail 8
chksum 0x2d
csum 0x2d
v8b899c12
~ld


7.04
 0h00:00.508 1970/01/01T08:00:00z: SPIFFS Active
 0h00:04.184 2026/06/28T14:47:00z: f0:24:f9:c6:91:c0
 0h00:04.185 2026/06/28T14:47:00z: SSID: TEST-STA
1 BSEC warning code : 100

1 BSEC warning code : 100

 ets Jan  8 2013,rst cause:1, boot mode:(3,7)

load 0x4010f000, len 1384, room 16 
tail 8
chksum 0x2d
csum 0x2d
v8b899c12
~ld


7.04
 0h00:00.510 1970/01/01T08:00:00z: SPIFFS Active
 0h00:04.187 2026/06/28T15:06:41z: f0:24:f9:c6:91:c0
 0h00:04.188 2026/06/28T15:06:41z: SSID: TEST-STA
1 BSEC warning code : 100

 ets Jan  8 2013,rst cause:1, boot mode:(3,7)

load 0x4010f000, len 1384, room 16 
tail 8
chksum 0x2d
csum 0x2d
v8b899c12
~ld


7.04
 0h00:00.602 1970/01/01T08:00:00z: SPIFFS Active
 0h00:04.278 2026/06/28T15:26:23z: f0:24:f9:c6:91:c0
 0h00:04.280 2026/06/28T15:26:23z: SSID: TEST-STA
1 BSEC warning code : 100

1 BSEC warning code : 100

 ets Jan  8 2013,rst cause:1, boot mode:(3,7)

load 0x4010f000, len 1384, room 16 
tail 8
chksum 0x2d
csum 0x2d
v8b899c12
~ld


7.04
 0h00:00.559 1970/01/01T08:00:00z: SPIFFS Active
 0h00:04.235 2026/06/28T15:46:03z: f0:24:f9:c6:91:c0
 0h00:04.237 2026/06/28T15:46:03z: SSID: TEST-STA
1 BSEC warning code : 100

 ets Jan  8 2013,rst cause:1, boot mode:(3,7)

load 0x4010f000, len 1384, room 16 
tail 8
chksum 0x2d
csum 0x2d
v8b899c12
~ld


7.04
 0h00:00.517 1970/01/01T08:00:00z: SPIFFS Active
 0h00:04.193 2026/06/28T16:05:44z: f0:24:f9:c6:91:c0
 0h00:04.195 2026/06/28T16:05:44z: SSID: TEST-STA
1 BSEC warning code : 100

 ets Jan  8 2013,rst cause:1, boot mode:(3,7)

load 0x4010f000, len 1384, room 16 
tail 8
chksum 0x2d
csum 0x2d
v8b899c12
~ld


7.04
 0h00:00.552 1970/01/01T08:00:00z: SPIFFS Active
 0h00:04.229 2026/06/28T16:25:26z: f0:24:f9:c6:91:c0
 0h00:04.230 2026/06/28T16:25:26z: SSID: TEST-STA
1 BSEC warning code : 100

 ets Jan  8 2013,rst cause:1, boot mode:(3,7)

load 0x4010f000, len 1384, room 16 
tail 8
chksum 0x2d
csum 0x2d
v8b899c12
~ld


7.04
 0h00:00.502 1970/01/01T08:00:00z: SPIFFS Active
 0h00:04.178 2026/06/28T16:45:06z: f0:24:f9:c6:91:c0
 0h00:04.180 2026/06/28T16:45:06z: SSID: TEST-STA
1 BSEC warning code : 100

1 BSEC warning code : 100

 ets Jan  8 2013,rst cause:1, boot mode:(3,7)

load 0x4010f000, len 1384, room 16 
tail 8
chksum 0x2d
csum 0x2d
v8b899c12
~ld


7.04
 0h00:00.498 1970/01/01T08:00:00z: SPIFFS Active
 0h00:04.175 2026/06/28T17:04:47z: f0:24:f9:c6:91:c0
 0h00:04.177 2026/06/28T17:04:47z: SSID: TEST-STA
1 BSEC warning code : 100

 ets Jan  8 2013,rst cause:1, boot mode:(3,7)

load 0x4010f000, len 1384, room 16 
tail 8
chksum 0x2d
csum 0x2d
v8b899c12
~ld


7.04
 0h00:00.506 1970/01/01T08:00:00z: SPIFFS Active
 0h00:04.183 2026/06/28T17:24:28z: f0:24:f9:c6:91:c0
 0h00:04.184 2026/06/28T17:24:28z: SSID: TEST-STA
1 BSEC warning code : 100

1 BSEC warning code : 100

 ets Jan  8 2013,rst cause:1, boot mode:(3,7)

load 0x4010f000, len 1384, room 16 
tail 8
chksum 0x2d
csum 0x2d
v8b899c12
~ld


7.04
 0h00:00.549 1970/01/01T08:00:00z: SPIFFS Active
 0h00:04.225 2026/06/28T17:44:10z: f0:24:f9:c6:91:c0
 0h00:04.227 2026/06/28T17:44:10z: SSID: TEST-STA
1 BSEC warning code : 100

 ets Jan  8 2013,rst cause:1, boot mode:(3,7)

load 0x4010f000, len 1384, room 16 
tail 8
chksum 0x2d
csum 0x2d
v8b899c12
~ld


7.04
 0h00:00.593 1970/01/01T08:00:00z: SPIFFS Active
 0h00:04.269 2026/06/28T18:03:50z: f0:24:f9:c6:91:c0
 0h00:04.271 2026/06/28T18:03:50z: SSID: TEST-STA
1 BSEC warning code : 100

 ets Jan  8 2013,rst cause:1, boot mode:(3,7)

load 0x4010f000, len 1384, room 16 
tail 8
chksum 0x2d
csum 0x2d
v8b899c12
~ld


7.04
 0h00:00.509 1970/01/01T08:00:00z: SPIFFS Active
 0h00:04.186 2026/06/28T18:23:30z: f0:24:f9:c6:91:c0
 0h00:04.187 2026/06/28T18:23:30z: SSID: TEST-STA
1 BSEC warning code : 100

1 BSEC warning code : 100

 ets Jan  8 2013,rst cause:1, boot mode:(3,7)

load 0x4010f000, len 1384, room 16 
tail 8
chksum 0x2d
csum 0x2d
v8b899c12
~ld


7.04
 0h00:00.600 1970/01/01T08:00:00z: SPIFFS Active
 0h00:04.277 2026/06/28T18:43:11z: f0:24:f9:c6:91:c0
 0h00:04.278 2026/06/28T18:43:11z: SSID: TEST-STA
1 BSEC warning code : 100

 ets Jan  8 2013,rst cause:1, boot mode:(3,7)

load 0x4010f000, len 1384, room 16 
tail 8
chksum 0x2d
csum 0x2d
v8b899c12
~ld


7.04
 0h00:00.561 1970/01/01T08:00:00z: SPIFFS Active
 0h00:04.237 2026/06/28T19:02:52z: f0:24:f9:c6:91:c0
 0h00:04.239 2026/06/28T19:02:52z: SSID: TEST-STA
1 BSEC warning code : 100

 ets Jan  8 2013,rst cause:1, boot mode:(3,7)

load 0x4010f000, len 1384, room 16 
tail 8
chksum 0x2d
csum 0x2d
v8b899c12
~ld


7.04
 0h00:00.600 1970/01/01T08:00:00z: SPIFFS Active
 0h00:04.277 2026/06/28T19:22:34z: f0:24:f9:c6:91:c0
 0h00:04.278 2026/06/28T19:22:34z: SSID: TEST-STA
1 BSEC warning code : 100

 ets Jan  8 2013,rst cause:1, boot mode:(3,7)

load 0x4010f000, len 1384, room 16 
tail 8
chksum 0x2d
csum 0x2d
v8b899c12
~ld


7.04
 0h00:00.559 1970/01/01T08:00:00z: SPIFFS Active
 0h00:04.235 2026/06/28T19:42:15z: f0:24:f9:c6:91:c0
 0h00:04.237 2026/06/28T19:42:15z: SSID: TEST-STA
1 BSEC warning code : 100

 ets Jan  8 2013,rst cause:1, boot mode:(3,7)

load 0x4010f000, len 1384, room 16 
tail 8
chksum 0x2d
csum 0x2d
v8b899c12
~ld


7.04
 0h00:00.603 1970/01/01T08:00:00z: SPIFFS Active
 0h00:04.279 2026/06/28T20:01:56z: f0:24:f9:c6:91:c0
 0h00:04.281 2026/06/28T20:01:56z: SSID: TEST-STA
1 BSEC warning code : 100

1 BSEC warning code : 100

 ets Jan  8 2013,rst cause:1, boot mode:(3,7)

load 0x4010f000, len 1384, room 16 
tail 8
chksum 0x2d
csum 0x2d
v8b899c12
~ld


7.04
 0h00:00.501 1970/01/01T08:00:00z: SPIFFS Active
 0h00:04.178 2026/06/28T20:21:36z: f0:24:f9:c6:91:c0
 0h00:04.179 2026/06/28T20:21:36z: SSID: TEST-STA
1 BSEC warning code : 100

 ets Jan  8 2013,rst cause:1, boot mode:(3,7)

load 0x4010f000, len 1384, room 16 
tail 8
chksum 0x2d
csum 0x2d
v8b899c12
~ld


7.04
 0h00:00.546 1970/01/01T08:00:00z: SPIFFS Active
 0h00:04.223 2026/06/28T20:41:17z: f0:24:f9:c6:91:c0
 0h00:04.224 2026/06/28T20:41:17z: SSID: TEST-STA
1 BSEC warning code : 100

1 BSEC warning code : 100

 ets Jan  8 2013,rst cause:1, boot mode:(3,7)

load 0x4010f000, len 1384, room 16 
tail 8
chksum 0x2d
csum 0x2d
v8b899c12
~ld


7.04
 0h00:00.600 1970/01/01T08:00:00z: SPIFFS Active
 0h00:04.276 2026/06/28T21:00:58z: f0:24:f9:c6:91:c0
 0h00:04.278 2026/06/28T21:00:58z: SSID: TEST-STA
1 BSEC warning code : 100

1 BSEC warning code : 100

 ets Jan  8 2013,rst cause:1, boot mode:(3,7)

load 0x4010f000, len 1384, room 16 
tail 8
chksum 0x2d
csum 0x2d
v8b899c12
~ld


7.04
 0h00:00.603 1970/01/01T08:00:00z: SPIFFS Active
 0h00:04.280 2026/06/28T21:20:39z: f0:24:f9:c6:91:c0
 0h00:04.282 2026/06/28T21:20:39z: SSID: TEST-STA
1 BSEC warning code : 100

 ets Jan  8 2013,rst cause:1, boot mode:(3,7)

load 0x4010f000, len 1384, room 16 
tail 8
chksum 0x2d
csum 0x2d
v8b899c12
~ld


7.04
 0h00:00.515 1970/01/01T08:00:00z: SPIFFS Active
 0h00:04.191 2026/06/28T21:40:20z: f0:24:f9:c6:91:c0
 0h00:04.193 2026/06/28T21:40:20z: SSID: TEST-STA
1 BSEC warning code : 100

 ets Jan  8 2013,rst cause:1, boot mode:(3,7)

load 0x4010f000, len 1384, room 16 
tail 8
chksum 0x2d
csum 0x2d
v8b899c12
~ld


7.04
 0h00:00.513 1970/01/01T08:00:00z: SPIFFS Active
 0h00:04.189 2026/06/28T22:00:02z: f0:24:f9:c6:91:c0
 0h00:04.191 2026/06/28T22:00:02z: SSID: TEST-STA
1 BSEC warning code : 100

 ets Jan  8 2013,rst cause:1, boot mode:(3,7)

load 0x4010f000, len 1384, room 16 
tail 8
chksum 0x2d
csum 0x2d
v8b899c12
~ld


7.04
 0h00:00.569 1970/01/01T08:00:00z: SPIFFS Active
 0h00:04.246 2026/06/28T22:19:42z: f0:24:f9:c6:91:c0
 0h00:04.248 2026/06/28T22:19:42z: SSID: TEST-STA
1 BSEC warning code : 100

 ets Jan  8 2013,rst cause:1, boot mode:(3,7)

load 0x4010f000, len 1384, room 16 
tail 8
chksum 0x2d
csum 0x2d
v8b899c12
~ld


7.04
 0h00:00.563 1970/01/01T08:00:00z: SPIFFS Active
 0h00:04.240 2026/06/28T22:39:23z: f0:24:f9:c6:91:c0
 0h00:04.241 2026/06/28T22:39:23z: SSID: TEST-STA
1 BSEC warning code : 100

 ets Jan  8 2013,rst cause:1, boot mode:(3,7)

load 0x4010f000, len 1384, room 16 
tail 8
chksum 0x2d
csum 0x2d
v8b899c12
~ld


7.04
 0h00:00.515 1970/01/01T08:00:00z: SPIFFS Active
 0h00:04.192 2026/06/28T22:59:04z: f0:24:f9:c6:91:c0
 0h00:04.194 2026/06/28T22:59:04z: SSID: TEST-STA
1 BSEC warning code : 100

1 BSEC warning code : 100

 ets Jan  8 2013,rst cause:1, boot mode:(3,7)

load 0x4010f000, len 1384, room 16 
tail 8
chksum 0x2d
csum 0x2d
v8b899c12
~ld


7.04
 0h00:00.614 1970/01/01T08:00:00z: SPIFFS Active
 0h00:04.291 2026/06/28T23:18:46z: f0:24:f9:c6:91:c0
 0h00:04.293 2026/06/28T23:18:46z: SSID: TEST-STA
1 BSEC warning code : 100

1 BSEC warning code : 100

 ets Jan  8 2013,rst cause:1, boot mode:(3,7)

load 0x4010f000, len 1384, room 16 
tail 8
chksum 0x2d
csum 0x2d
v8b899c12
~ld


7.04
 0h00:00.509 1970/01/01T08:00:00z: SPIFFS Active
 0h00:04.186 2026/06/28T23:38:26z: f0:24:f9:c6:91:c0
 0h00:04.187 2026/06/28T23:38:26z: SSID: TEST-STA
1 BSEC warning code : 100

 ets Jan  8 2013,rst cause:1, boot mode:(3,7)

load 0x4010f000, len 1384, room 16 
tail 8
chksum 0x2d
csum 0x2d
v8b899c12
~ld


7.04
 0h00:00.510 1970/01/01T08:00:00z: SPIFFS Active
 0h00:04.187 2026/06/28T23:58:07z: f0:24:f9:c6:91:c0
 0h00:04.188 2026/06/28T23:58:07z: SSID: TEST-STA
1 BSEC warning code : 100
