
 ets Jan  8 2013,rst cause:1, boot mode:(3,7)

load 0x4010f000, len 1384, room 16 
tail 8
chksum 0x2d
csum 0x2d
v8b899c12
~ld


7.04
 0h00:00.514 1970/01/01T08:00:00z: SPIFFS Active
 0h00:04.191 2026/06/22T00:05:08z: f0:24:f9:c6:c8:85
 0h00:04.193 2026/06/22T00:05:08z: SSID: TEST-STA
1 BSEC warning code : 100

 ets Jan  8 2013,rst cause:1, boot mode:(3,7)

load 0x4010f000, len 1384, room 16 
tail 8
chksum 0x2d
csum 0x2d
v8b899c12
~ld


7.04
 0h00:00.524 1970/01/01T08:00:00z: SPIFFS Active
 0h00:04.201 2026/06/22T00:24:49z: f0:24:f9:c6:c8:85
 0h00:04.203 2026/06/22T00:24:49z: SSID: TEST-STA
1 BSEC warning code : 100

1 BSEC warning code : 100

 ets Jan  8 2013,rst cause:1, boot mode:(3,7)

load 0x4010f000, len 1384, room 16 
tail 8
chksum 0x2d
csum 0x2d
v8b899c12
~ld


7.04
 0h00:00.618 1970/01/01T08:00:00z: SPIFFS Active
 0h00:04.296 2026/06/22T00:44:30z: f0:24:f9:c6:c8:85
 0h00:04.297 2026/06/22T00:44:30z: SSID: TEST-STA
1 BSEC warning code : 100

 ets Jan  8 2013,rst cause:1, boot mode:(3,7)

load 0x4010f000, len 1384, room 16 
tail 8
chksum 0x2d
csum 0x2d
v8b899c12
~ld


7.04
 0h00:00.618 1970/01/01T08:00:00z: SPIFFS Active
 0h00:04.296 2026/06/22T01:04:11z: f0:24:f9:c6:c8:85
 0h00:04.297 2026/06/22T01:04:11z: SSID: TEST-STA
1 BSEC warning code : 100

1 BSEC warning code : 100

 ets Jan  8 2013,rst cause:1, boot mode:(3,7)

load 0x4010f000, len 1384, room 16 
tail 8
chksum 0x2d
csum 0x2d
v8b899c12
~ld


7.04
 0h00:00.565 1970/01/01T08:00:00z: SPIFFS Active
 0h00:04.242 2026/06/22T01:23:52z: f0:24:f9:c6:c8:85
 0h00:04.243 2026/06/22T01:23:52z: SSID: TEST-STA
1 BSEC warning code : 100

 ets Jan  8 2013,rst cause:1, boot mode:(3,7)

load 0x4010f000, len 1384, room 16 
tail 8
chksum 0x2d
csum 0x2d
v8b899c12
~ld


7.04
 0h00:00.520 1970/01/01T08:00:00z: SPIFFS Active
 0h00:04.198 2026/06/22T01:43:33z: f0:24:f9:c6:c8:85
 0h00:04.199 2026/06/22T01:43:33z: SSID: TEST-STA
1 BSEC warning code : 100

 ets Jan  8 2013,rst cause:1, boot mode:(3,7)

load 0x4010f000, len 1384, room 16 
tail 8
chksum 0x2d
csum 0x2d
v8b899c12
~ld


7.04
 0h00:00.622 1970/01/01T08:00:00z: SPIFFS Active
 0h00:04.299 2026/06/22T02:03:14z: f0:24:f9:c6:c8:85
 0h00:04.300 2026/06/22T02:03:14z: SSID: TEST-STA
1 BSEC warning code : 100

 ets Jan  8 2013,rst cause:1, boot mode:(3,7)

load 0x4010f000, len 1384, room 16 
tail 8
chksum 0x2d
csum 0x2d
v8b899c12
~ld


7.04
 0h00:00.524 1970/01/01T08:00:00z: SPIFFS Active
 0h00:04.202 2026/06/22T02:22:55z: f0:24:f9:c6:c8:85
 0h00:04.203 2026/06/22T02:22:55z: SSID: TEST-STA
1 BSEC warning code : 100

1 BSEC warning code : 100

 ets Jan  8 2013,rst cause:1, boot mode:(3,7)

load 0x4010f000, len 1384, room 16 
tail 8
chksum 0x2d
csum 0x2d
v8b899c12
~ld


7.04
 0h00:00.619 1970/01/01T08:00:00z: SPIFFS Active
 0h00:04.296 2026/06/22T02:42:36z: f0:24:f9:c6:c8:85
 0h00:04.298 2026/06/22T02:42:36z: SSID: TEST-STA
1 BSEC warning code : 100

 ets Jan  8 2013,rst cause:1, boot mode:(3,7)

load 0x4010f000, len 1384, room 16 
tail 8
chksum 0x2d
csum 0x2d
v8b899c12
~ld


7.04
 0h00:00.658 1970/01/01T08:00:00z: SPIFFS Active
 0h00:04.335 2026/06/22T03:02:17z: f0:24:f9:c6:c8:85
 0h00:04.336 2026/06/22T03:02:17z: SSID: TEST-STA
1 BSEC warning code : 100

1 BSEC warning code : 100

 ets Jan  8 2013,rst cause:1, boot mode:(3,7)

load 0x4010f000, len 1384, room 16 
tail 8
chksum 0x2d
csum 0x2d
v8b899c12
~ld


7.04
 0h00:00.561 1970/01/01T08:00:00z: SPIFFS Active
 0h00:04.237 2026/06/22T03:21:59z: f0:24:f9:c6:c8:85
 0h00:04.238 2026/06/22T03:21:59z: SSID: TEST-STA
1 BSEC warning code : 100

1 BSEC warning code : 100

 ets Jan  8 2013,rst cause:1, boot mode:(3,7)

load 0x4010f000, len 1384, room 16 
tail 8
chksum 0x2d
csum 0x2d
v8b899c12
~ld


7.04
 0h00:00.614 1970/01/01T08:00:00z: SPIFFS Active
 0h00:04.289 2026/06/22T03:41:40z: f0:24:f9:c6:c8:85
 0h00:04.291 2026/06/22T03:41:40z: SSID: TEST-STA
1 BSEC warning code : 100

 ets Jan  8 2013,rst cause:1, boot mode:(3,7)

load 0x4010f000, len 1384, room 16 
tail 8
chksum 0x2d
csum 0x2d
v8b899c12
~ld


7.04
 0h00:00.665 1970/01/01T08:00:00z: SPIFFS Active
 0h00:04.340 2026/06/22T04:01:21z: f0:24:f9:c6:c8:85
 0h00:04.342 2026/06/22T04:01:21z: SSID: TEST-STA
1 BSEC warning code : 100

 ets Jan  8 2013,rst cause:1, boot mode:(3,7)

load 0x4010f000, len 1384, room 16 
tail 8
chksum 0x2d
csum 0x2d
v8b899c12
~ld


7.04
 0h00:00.603 1970/01/01T08:00:00z: SPIFFS Active
 0h00:04.279 2026/06/22T04:21:02z: f0:24:f9:c6:c8:85
 0h00:04.280 2026/06/22T04:21:02z: SSID: TEST-STA
1 BSEC warning code : 100

1 BSEC warning code : 100

 ets Jan  8 2013,rst cause:1, boot mode:(3,7)

load 0x4010f000, len 1384, room 16 
tail 8
chksum 0x2d
csum 0x2d
v8b899c12
~ld


7.04
 0h00:00.572 1970/01/01T08:00:00z: SPIFFS Active
 0h00:04.247 2026/06/22T04:40:43z: f0:24:f9:c6:c8:85
 0h00:04.249 2026/06/22T04:40:43z: SSID: TEST-STA
1 BSEC warning code : 100

 ets Jan  8 2013,rst cause:1, boot mode:(3,7)

load 0x4010f000, len 1384, room 16 
tail 8
chksum 0x2d
csum 0x2d
v8b899c12
~ld


7.04
 0h00:00.517 1970/01/01T08:00:00z: SPIFFS Active
 0h00:04.193 2026/06/22T05:00:24z: f0:24:f9:c6:c8:85
 0h00:04.194 2026/06/22T05:00:24z: SSID: TEST-STA
1 BSEC warning code : 100

 ets Jan  8 2013,rst cause:1, boot mode:(3,7)

load 0x4010f000, len 1384, room 16 
tail 8
chksum 0x2d
csum 0x2d
v8b899c12
~ld


7.04
 0h00:00.564 1970/01/01T08:00:00z: SPIFFS Active
 0h00:04.240 2026/06/22T05:20:05z: f0:24:f9:c6:c8:85
 0h00:04.241 2026/06/22T05:20:05z: SSID: TEST-STA
1 BSEC warning code : 100

 ets Jan  8 2013,rst cause:1, boot mode:(3,7)

load 0x4010f000, len 1384, room 16 
tail 8
chksum 0x2d
csum 0x2d
v8b899c12
~ld


7.04
 0h00:00.567 1970/01/01T08:00:00z: SPIFFS Active
 0h00:04.243 2026/06/22T05:39:46z: f0:24:f9:c6:c8:85
 0h00:04.244 2026/06/22T05:39:46z: SSID: TEST-STA
1 BSEC warning code : 100

1 BSEC warning code : 100

 ets Jan  8 2013,rst cause:1, boot mode:(3,7)

load 0x4010f000, len 1384, room 16 
tail 8
chksum 0x2d
csum 0x2d
v8b899c12
~ld


7.04
 0h00:00.571 1970/01/01T08:00:00z: SPIFFS Active
 0h00:04.246 2026/06/22T05:59:27z: f0:24:f9:c6:c8:85
 0h00:04.248 2026/06/22T05:59:27z: SSID: TEST-STA
1 BSEC warning code : 100

 ets Jan  8 2013,rst cause:1, boot mode:(3,7)

load 0x4010f000, len 1384, room 16 
tail 8
chksum 0x2d
csum 0x2d
v8b899c12
~ld


7.04
 0h00:00.568 1970/01/01T08:00:00z: SPIFFS Active
 0h00:04.244 2026/06/22T06:19:08z: f0:24:f9:c6:c8:85
 0h00:04.245 2026/06/22T06:19:08z: SSID: TEST-STA
1 BSEC warning code : 100

 ets Jan  8 2013,rst cause:1, boot mode:(3,7)

load 0x4010f000, len 1384, room 16 
tail 8
chksum 0x2d
csum 0x2d
v8b899c12
~ld


7.04
 0h00:00.571 1970/01/01T08:00:00z: SPIFFS Active
 0h00:04.246 2026/06/22T06:38:49z: f0:24:f9:c6:c8:85
 0h00:04.248 2026/06/22T06:38:49z: SSID: TEST-STA
1 BSEC warning code : 100

 ets Jan  8 2013,rst cause:1, boot mode:(3,7)

load 0x4010f000, len 1384, room 16 
tail 8
chksum 0x2d
csum 0x2d
v8b899c12
~ld


7.04
 0h00:00.618 1970/01/01T08:00:00z: SPIFFS Active
 0h00:04.293 2026/06/22T06:58:30z: f0:24:f9:c6:c8:85
 0h00:04.295 2026/06/22T06:58:30z: SSID: TEST-STA
1 BSEC warning code : 100

 ets Jan  8 2013,rst cause:1, boot mode:(3,7)

load 0x4010f000, len 1384, room 16 
tail 8
chksum 0x2d
csum 0x2d
v8b899c12
~ld


7.04
 0h00:00.563 1970/01/01T08:00:00z: SPIFFS Active
 0h00:04.239 2026/06/22T07:18:11z: f0:24:f9:c6:c8:85
 0h00:04.240 2026/06/22T07:18:11z: SSID: TEST-STA
1 BSEC warning code : 100

 ets Jan  8 2013,rst cause:1, boot mode:(3,7)

load 0x4010f000, len 1384, room 16 
tail 8
chksum 0x2d
csum 0x2d
v8b899c12
~ld


7.04
 0h00:00.561 1970/01/01T08:00:00z: SPIFFS Active
 0h00:04.237 2026/06/22T07:37:52z: f0:24:f9:c6:c8:85
 0h00:04.239 2026/06/22T07:37:52z: SSID: TEST-STA
1 BSEC warning code : 100

1 BSEC warning code : 100

 ets Jan  8 2013,rst cause:1, boot mode:(3,7)

load 0x4010f000, len 1384, room 16 
tail 8
chksum 0x2d
csum 0x2d
v8b899c12
~ld


7.04
 0h00:00.679 1970/01/01T08:00:00z: SPIFFS Active
 0h00:04.355 2026/06/22T07:57:34z: f0:24:f9:c6:c8:85
 0h00:04.356 2026/06/22T07:57:34z: SSID: TEST-STA
1 BSEC warning code : 100

 ets Jan  8 2013,rst cause:1, boot mode:(3,7)

load 0x4010f000, len 1384, room 16 
tail 8
chksum 0x2d
csum 0x2d
v8b899c12
~ld


7.04
 0h00:00.519 1970/01/01T08:00:00z: SPIFFS Active
 0h00:04.195 2026/06/22T08:17:15z: f0:24:f9:c6:c8:85
 0h00:04.197 2026/06/22T08:17:15z: SSID: TEST-STA
1 BSEC warning code : 100

 ets Jan  8 2013,rst cause:1, boot mode:(3,7)

load 0x4010f000, len 1384, room 16 
tail 8
chksum 0x2d
csum 0x2d
v8b899c12
~ld


7.04
 0h00:00.514 1970/01/01T08:00:00z: SPIFFS Active
 0h00:04.190 2026/06/22T08:36:56z: f0:24:f9:c6:c8:85
 0h00:04.192 2026/06/22T08:36:56z: SSID: TEST-STA
1 BSEC warning code : 100

1 BSEC warning code : 100

 ets Jan  8 2013,rst cause:1, boot mode:(3,7)

load 0x4010f000, len 1384, room 16 
tail 8
chksum 0x2d
csum 0x2d
v8b899c12
~ld


7.04
 0h00:00.568 1970/01/01T08:00:00z: SPIFFS Active
 0h00:04.244 2026/06/22T08:56:37z: f0:24:f9:c6:c8:85
 0h00:04.246 2026/06/22T08:56:37z: SSID: TEST-STA
1 BSEC warning code : 100

 ets Jan  8 2013,rst cause:1, boot mode:(3,7)

load 0x4010f000, len 1384, room 16 
tail 8
chksum 0x2d
csum 0x2d
v8b899c12
~ld


7.04
 0h00:00.643 1970/01/01T08:00:00z: SPIFFS Active
 0h00:04.319 2026/06/22T09:16:18z: f0:24:f9:c6:c8:85
 0h00:04.321 2026/06/22T09:16:18z: SSID: TEST-STA
1 BSEC warning code : 100

 ets Jan  8 2013,rst cause:1, boot mode:(3,7)

load 0x4010f000, len 1384, room 16 
tail 8
chksum 0x2d
csum 0x2d
v8b899c12
~ld


7.04
 0h00:00.568 1970/01/01T08:00:00z: SPIFFS Active
 0h00:04.244 2026/06/22T09:36:00z: f0:24:f9:c6:c8:85
 0h00:04.245 2026/06/22T09:36:00z: SSID: TEST-STA
1 BSEC warning code : 100

 ets Jan  8 2013,rst cause:1, boot mode:(3,7)

load 0x4010f000, len 1384, room 16 
tail 8
chksum 0x2d
csum 0x2d
v8b899c12
~ld


7.04
 0h00:00.528 1970/01/01T08:00:00z: SPIFFS Active
 0h00:04.204 2026/06/22T09:55:41z: f0:24:f9:c6:c8:85
 0h00:04.206 2026/06/22T09:55:41z: SSID: TEST-STA
1 BSEC warning code : 100

1 BSEC warning code : 100

 ets Jan  8 2013,rst cause:1, boot mode:(3,7)

load 0x4010f000, len 1384, room 16 
tail 8
chksum 0x2d
csum 0x2d
v8b899c12
~ld


7.04
 0h00:00.578 1970/01/01T08:00:00z: SPIFFS Active
 0h00:04.254 2026/06/22T10:15:22z: f0:24:f9:c6:c8:85
 0h00:04.256 2026/06/22T10:15:22z: SSID: TEST-STA
1 BSEC warning code : 100

 ets Jan  8 2013,rst cause:1, boot mode:(3,7)

load 0x4010f000, len 1384, room 16 
tail 8
chksum 0x2d
csum 0x2d
v8b899c12
~ld


7.04
 0h00:00.571 1970/01/01T08:00:00z: SPIFFS Active
 0h00:04.247 2026/06/22T10:35:03z: f0:24:f9:c6:c8:85
 0h00:04.248 2026/06/22T10:35:03z: SSID: TEST-STA
1 BSEC warning code : 100

 ets Jan  8 2013,rst cause:1, boot mode:(3,7)

load 0x4010f000, len 1384, room 16 
tail 8
chksum 0x2d
csum 0x2d
v8b899c12
~ld


7.04
 0h00:00.616 1970/01/01T08:00:00z: SPIFFS Active
 0h00:04.292 2026/06/22T10:54:44z: f0:24:f9:c6:c8:85
 0h00:04.294 2026/06/22T10:54:44z: SSID: TEST-STA
1 BSEC warning code : 100

 ets Jan  8 2013,rst cause:1, boot mode:(3,7)

load 0x4010f000, len 1384, room 16 
tail 8
chksum 0x2d
csum 0x2d
v8b899c12
~ld


7.04
 0h00:00.531 1970/01/01T08:00:00z: SPIFFS Active
 0h00:04.207 2026/06/22T11:14:24z: f0:24:f9:c6:c8:85
 0h00:04.208 2026/06/22T11:14:24z: SSID: TEST-STA
1 BSEC warning code : 100

 ets Jan  8 2013,rst cause:1, boot mode:(3,7)

load 0x4010f000, len 1384, room 16 
tail 8
chksum 0x2d
csum 0x2d
v8b899c12
~ld


7.04
 0h00:00.530 1970/01/01T08:00:00z: SPIFFS Active
 0h00:04.206 2026/06/22T11:34:06z: f0:24:f9:c6:c8:85
 0h00:04.208 2026/06/22T11:34:06z: SSID: TEST-STA
1 BSEC warning code : 100

 ets Jan  8 2013,rst cause:1, boot mode:(3,7)

load 0x4010f000, len 1384, room 16 
tail 8
chksum 0x2d
csum 0x2d
v8b899c12
~ld


7.04
 0h00:00.531 1970/01/01T08:00:00z: SPIFFS Active
 0h00:04.207 2026/06/22T11:53:47z: f0:24:f9:c6:c8:85
 0h00:04.209 2026/06/22T11:53:47z: SSID: TEST-STA
1 BSEC warning code : 100

 ets Jan  8 2013,rst cause:1, boot mode:(3,7)

load 0x4010f000, len 1384, room 16 
tail 8
chksum 0x2d
csum 0x2d
v8b899c12
~ld


7.04
 0h00:00.565 1970/01/01T08:00:00z: SPIFFS Active
 0h00:04.241 2026/06/22T12:13:28z: f0:24:f9:c6:c8:85
 0h00:04.243 2026/06/22T12:13:28z: SSID: TEST-STA
1 BSEC warning code : 100

1 BSEC warning code : 100

 ets Jan  8 2013,rst cause:1, boot mode:(3,7)

load 0x4010f000, len 1384, room 16 
tail 8
chksum 0x2d
csum 0x2d
v8b899c12
~ld


7.04
 0h00:00.537 1970/01/01T08:00:00z: SPIFFS Active
 0h00:04.213 2026/06/22T12:33:10z: f0:24:f9:c6:c8:85
 0h00:04.215 2026/06/22T12:33:10z: SSID: TEST-STA
1 BSEC warning code : 100

 ets Jan  8 2013,rst cause:1, boot mode:(3,7)

load 0x4010f000, len 1384, room 16 
tail 8
chksum 0x2d
csum 0x2d
v8b899c12
~ld


7.04
 0h00:00.574 1970/01/01T08:00:00z: SPIFFS Active
 0h00:04.249 2026/06/22T12:52:51z: f0:24:f9:c6:c8:85
 0h00:04.251 2026/06/22T12:52:51z: SSID: TEST-STA
1 BSEC warning code : 100

 ets Jan  8 2013,rst cause:1, boot mode:(3,7)

load 0x4010f000, len 1384, room 16 
tail 8
chksum 0x2d
csum 0x2d
v8b899c12
~ld


7.04
 0h00:00.627 1970/01/01T08:00:00z: SPIFFS Active
 0h00:04.303 2026/06/22T13:12:32z: f0:24:f9:c6:c8:85
 0h00:04.305 2026/06/22T13:12:32z: SSID: TEST-STA
1 BSEC warning code : 100

 ets Jan  8 2013,rst cause:1, boot mode:(3,7)

load 0x4010f000, len 1384, room 16 
tail 8
chksum 0x2d
csum 0x2d
v8b899c12
~ld


7.04
 0h00:00.526 1970/01/01T08:00:00z: SPIFFS Active
 0h00:04.202 2026/06/22T13:32:13z: f0:24:f9:c6:c8:85
 0h00:04.204 2026/06/22T13:32:13z: SSID: TEST-STA
1 BSEC warning code : 100

1 BSEC warning code : 100

 ets Jan  8 2013,rst cause:1, boot mode:(3,7)

load 0x4010f000, len 1384, room 16 
tail 8
chksum 0x2d
csum 0x2d
v8b899c12
~ld


7.04
 0h00:00.572 1970/01/01T08:00:00z: SPIFFS Active
 0h00:04.248 2026/06/22T13:51:54z: f0:24:f9:c6:c8:85
 0h00:04.249 2026/06/22T13:51:54z: SSID: TEST-STA
1 BSEC warning code : 100

 ets Jan  8 2013,rst cause:1, boot mode:(3,7)

load 0x4010f000, len 1384, room 16 
tail 8
chksum 0x2d
csum 0x2d
v8b899c12
~ld


7.04
 0h00:00.626 1970/01/01T08:00:00z: SPIFFS Active
 0h00:04.302 2026/06/22T14:11:35z: f0:24:f9:c6:c8:85
 0h00:04.303 2026/06/22T14:11:35z: SSID: TEST-STA
1 BSEC warning code : 100

 ets Jan  8 2013,rst cause:1, boot mode:(3,7)

load 0x4010f000, len 1384, room 16 
tail 8
chksum 0x2d
csum 0x2d
v8b899c12
~ld


7.04
 0h00:00.532 1970/01/01T08:00:00z: SPIFFS Active
 0h00:04.208 2026/06/22T14:31:16z: f0:24:f9:c6:c8:85
 0h00:04.210 2026/06/22T14:31:16z: SSID: TEST-STA
1 BSEC warning code : 100

1 BSEC warning code : 100

 ets Jan  8 2013,rst cause:1, boot mode:(3,7)

load 0x4010f000, len 1384, room 16 
tail 8
chksum 0x2d
csum 0x2d
v8b899c12
~ld


7.04
 0h00:00.527 1970/01/01T08:00:00z: SPIFFS Active
 0h00:04.204 2026/06/22T14:50:56z: f0:24:f9:c6:c8:85
 0h00:04.206 2026/06/22T14:50:56z: SSID: TEST-STA
1 BSEC warning code : 100

 ets Jan  8 2013,rst cause:1, boot mode:(3,7)

load 0x4010f000, len 1384, room 16 
tail 8
chksum 0x2d
csum 0x2d
v8b899c12
~ld


7.04
 0h00:00.577 1970/01/01T08:00:00z: SPIFFS Active
 0h00:04.253 2026/06/22T15:10:37z: f0:24:f9:c6:c8:85
 0h00:04.255 2026/06/22T15:10:37z: SSID: TEST-STA
1 BSEC warning code : 100

 ets Jan  8 2013,rst cause:1, boot mode:(3,7)

load 0x4010f000, len 1384, room 16 
tail 8
chksum 0x2d
csum 0x2d
v8b899c12
~ld


7.04
 0h00:00.618 1970/01/01T08:00:00z: SPIFFS Active
 0h00:04.294 2026/06/22T15:30:18z: f0:24:f9:c6:c8:85
 0h00:04.296 2026/06/22T15:30:18z: SSID: TEST-STA
1 BSEC warning code : 100

 ets Jan  8 2013,rst cause:1, boot mode:(3,7)

load 0x4010f000, len 1384, room 16 
tail 8
chksum 0x2d
csum 0x2d
v8b899c12
~ld


7.04
 0h00:00.562 1970/01/01T08:00:00z: SPIFFS Active
 0h00:04.239 2026/06/22T15:49:59z: f0:24:f9:c6:c8:85
 0h00:04.240 2026/06/22T15:49:59z: SSID: TEST-STA
1 BSEC warning code : 100

 ets Jan  8 2013,rst cause:1, boot mode:(3,7)

load 0x4010f000, len 1384, room 16 
tail 8
chksum 0x2d
csum 0x2d
v8b899c12
~ld


7.04
 0h00:00.523 1970/01/01T08:00:00z: SPIFFS Active
 0h00:04.199 2026/06/22T16:09:39z: f0:24:f9:c6:c8:85
 0h00:04.201 2026/06/22T16:09:39z: SSID: TEST-STA
1 BSEC warning code : 100

 ets Jan  8 2013,rst cause:1, boot mode:(3,7)

load 0x4010f000, len 1384, room 16 
tail 8
chksum 0x2d
csum 0x2d
v8b899c12
~ld


7.04
 0h00:00.568 1970/01/01T08:00:00z: SPIFFS Active
 0h00:04.244 2026/06/22T16:29:20z: f0:24:f9:c6:c8:85
 0h00:04.246 2026/06/22T16:29:20z: SSID: TEST-STA
1 BSEC warning code : 100

1 BSEC warning code : 100

 ets Jan  8 2013,rst cause:1, boot mode:(3,7)

load 0x4010f000, len 1384, room 16 
tail 8
chksum 0x2d
csum 0x2d
v8b899c12
~ld


7.04
 0h00:00.514 1970/01/01T08:00:00z: SPIFFS Active
 0h00:04.191 2026/06/22T16:49:01z: f0:24:f9:c6:c8:85
 0h00:04.192 2026/06/22T16:49:01z: SSID: TEST-STA
1 BSEC warning code : 100

1 BSEC warning code : 100

 ets Jan  8 2013,rst cause:1, boot mode:(3,7)

load 0x4010f000, len 1384, room 16 
tail 8
chksum 0x2d
csum 0x2d
v8b899c12
~ld


7.04
 0h00:00.562 1970/01/01T08:00:00z: SPIFFS Active
 0h00:04.239 2026/06/22T17:08:43z: f0:24:f9:c6:c8:85
 0h00:04.241 2026/06/22T17:08:43z: SSID: TEST-STA
1 BSEC warning code : 100

 ets Jan  8 2013,rst cause:1, boot mode:(3,7)

load 0x4010f000, len 1384, room 16 
tail 8
chksum 0x2d
csum 0x2d
v8b899c12
~ld


7.04
 0h00:00.523 1970/01/01T08:00:00z: SPIFFS Active
 0h00:04.200 2026/06/22T17:28:24z: f0:24:f9:c6:c8:85
 0h00:04.202 2026/06/22T17:28:24z: SSID: TEST-STA
1 BSEC warning code : 100

 ets Jan  8 2013,rst cause:1, boot mode:(3,7)

load 0x4010f000, len 1384, room 16 
tail 8
chksum 0x2d
csum 0x2d
v8b899c12
~ld


7.04
 0h00:00.517 1970/01/01T08:00:00z: SPIFFS Active
 0h00:04.193 2026/06/22T17:48:05z: f0:24:f9:c6:c8:85
 0h00:04.195 2026/06/22T17:48:05z: SSID: TEST-STA
1 BSEC warning code : 100

 ets Jan  8 2013,rst cause:1, boot mode:(3,7)

load 0x4010f000, len 1384, room 16 
tail 8
chksum 0x2d
csum 0x2d
v8b899c12
~ld


7.04
 0h00:00.662 1970/01/01T08:00:00z: SPIFFS Active
 0h00:04.338 2026/06/22T18:07:46z: f0:24:f9:c6:c8:85
 0h00:04.340 2026/06/22T18:07:46z: SSID: TEST-STA
1 BSEC warning code : 100

1 BSEC warning code : 100

 ets Jan  8 2013,rst cause:1, boot mode:(3,7)

load 0x4010f000, len 1384, room 16 
tail 8
chksum 0x2d
csum 0x2d
v8b899c12
~ld


7.04
 0h00:00.521 1970/01/01T08:00:00z: SPIFFS Active
 0h00:04.197 2026/06/22T18:27:26z: f0:24:f9:c6:c8:85
 0h00:04.199 2026/06/22T18:27:26z: SSID: TEST-STA
1 BSEC warning code : 100

 ets Jan  8 2013,rst cause:1, boot mode:(3,7)

load 0x4010f000, len 1384, room 16 
tail 8
chksum 0x2d
csum 0x2d
v8b899c12
~ld


7.04
 0h00:00.567 1970/01/01T08:00:00z: SPIFFS Active
 0h00:04.244 2026/06/22T18:47:07z: f0:24:f9:c6:c8:85
 0h00:04.245 2026/06/22T18:47:07z: SSID: TEST-STA
1 BSEC warning code : 100

 ets Jan  8 2013,rst cause:1, boot mode:(3,7)

load 0x4010f000, len 1384, room 16 
tail 8
chksum 0x2d
csum 0x2d
v8b899c12
~ld


7.04
 0h00:00.565 1970/01/01T08:00:00z: SPIFFS Active
 0h00:04.242 2026/06/22T19:06:49z: f0:24:f9:c6:c8:85
 0h00:04.243 2026/06/22T19:06:49z: SSID: TEST-STA
1 BSEC warning code : 100

1 BSEC warning code : 100

 ets Jan  8 2013,rst cause:1, boot mode:(3,7)

load 0x4010f000, len 1384, room 16 
tail 8
chksum 0x2d
csum 0x2d
v8b899c12
~ld


7.04
 0h00:00.533 1970/01/01T08:00:00z: SPIFFS Active
 0h00:04.210 2026/06/22T19:26:29z: f0:24:f9:c6:c8:85
 0h00:04.211 2026/06/22T19:26:29z: SSID: TEST-STA
1 BSEC warning code : 100

1 BSEC warning code : 100

 ets Jan  8 2013,rst cause:1, boot mode:(3,7)

load 0x4010f000, len 1384, room 16 
tail 8
chksum 0x2d
csum 0x2d
v8b899c12
~ld


7.04
 0h00:00.524 1970/01/01T08:00:00z: SPIFFS Active
 0h00:04.201 2026/06/22T19:46:10z: f0:24:f9:c6:c8:85
 0h00:04.203 2026/06/22T19:46:10z: SSID: TEST-STA
1 BSEC warning code : 100

 ets Jan  8 2013,rst cause:1, boot mode:(3,7)

load 0x4010f000, len 1384, room 16 
tail 8
chksum 0x2d
csum 0x2d
v8b899c12
~ld


7.04
 0h00:00.565 1970/01/01T08:00:00z: SPIFFS Active
 0h00:04.243 2026/06/22T20:05:51z: f0:24:f9:c6:c8:85
 0h00:04.244 2026/06/22T20:05:51z: SSID: TEST-STA
1 BSEC warning code : 100

 ets Jan  8 2013,rst cause:1, boot mode:(3,7)

load 0x4010f000, len 1384, room 16 
tail 8
chksum 0x2d
csum 0x2d
v8b899c12
~ld


7.04
 0h00:00.571 1970/01/01T08:00:00z: SPIFFS Active
 0h00:04.248 2026/06/22T20:25:32z: f0:24:f9:c6:c8:85
 0h00:04.250 2026/06/22T20:25:32z: SSID: TEST-STA
1 BSEC warning code : 100

 ets Jan  8 2013,rst cause:1, boot mode:(3,7)

load 0x4010f000, len 1384, room 16 
tail 8
chksum 0x2d
csum 0x2d
v8b899c12
~ld


7.04
 0h00:00.567 1970/01/01T08:00:00z: SPIFFS Active
 0h00:04.244 2026/06/22T20:45:13z: f0:24:f9:c6:c8:85
 0h00:04.245 2026/06/22T20:45:13z: SSID: TEST-STA
1 BSEC warning code : 100

 ets Jan  8 2013,rst cause:1, boot mode:(3,7)

load 0x4010f000, len 1384, room 16 
tail 8
chksum 0x2d
csum 0x2d
v8b899c12
~ld


7.04
 0h00:00.566 1970/01/01T08:00:00z: SPIFFS Active
 0h00:04.243 2026/06/22T21:04:54z: f0:24:f9:c6:c8:85
 0h00:04.244 2026/06/22T21:04:54z: SSID: TEST-STA
1 BSEC warning code : 100

 ets Jan  8 2013,rst cause:1, boot mode:(3,7)

load 0x4010f000, len 1384, room 16 
tail 8
chksum 0x2d
csum 0x2d
v8b899c12
~ld


7.04
 0h00:00.574 1970/01/01T08:00:00z: SPIFFS Active
 0h00:04.250 2026/06/22T21:24:34z: f0:24:f9:c6:c8:85
 0h00:04.252 2026/06/22T21:24:34z: SSID: TEST-STA
1 BSEC warning code : 100

1 BSEC warning code : 100

 ets Jan  8 2013,rst cause:1, boot mode:(3,7)

load 0x4010f000, len 1384, room 16 
tail 8
chksum 0x2d
csum 0x2d
v8b899c12
~ld


7.04
 0h00:00.520 1970/01/01T08:00:00z: SPIFFS Active
 0h00:04.196 2026/06/22T21:44:16z: f0:24:f9:c6:c8:85
 0h00:04.198 2026/06/22T21:44:16z: SSID: TEST-STA
1 BSEC warning code : 100

 ets Jan  8 2013,rst cause:1, boot mode:(3,7)

load 0x4010f000, len 1384, room 16 
tail 8
chksum 0x2d
csum 0x2d
v8b899c12
~ld


7.04
 0h00:00.610 1970/01/01T08:00:00z: SPIFFS Active
 0h00:04.287 2026/06/22T22:03:57z: f0:24:f9:c6:c8:85
 0h00:04.289 2026/06/22T22:03:57z: SSID: TEST-STA
1 BSEC warning code : 100

1 BSEC warning code : 100

 ets Jan  8 2013,rst cause:1, boot mode:(3,7)

load 0x4010f000, len 1384, room 16 
tail 8
chksum 0x2d
csum 0x2d
v8b899c12
~ld


7.04
 0h00:00.574 1970/01/01T08:00:00z: SPIFFS Active
 0h00:04.251 2026/06/22T22:23:38z: f0:24:f9:c6:c8:85
 0h00:04.252 2026/06/22T22:23:38z: SSID: TEST-STA
1 BSEC warning code : 100

 ets Jan  8 2013,rst cause:1, boot mode:(3,7)

load 0x4010f000, len 1384, room 16 
tail 8
chksum 0x2d
csum 0x2d
v8b899c12
~ld


7.04
 0h00:00.625 1970/01/01T08:00:00z: SPIFFS Active
 0h00:04.301 2026/06/22T22:43:19z: f0:24:f9:c6:c8:85
 0h00:04.303 2026/06/22T22:43:19z: SSID: TEST-STA
1 BSEC warning code : 100

1 BSEC warning code : 100

 ets Jan  8 2013,rst cause:1, boot mode:(3,7)

load 0x4010f000, len 1384, room 16 
tail 8
chksum 0x2d
csum 0x2d
v8b899c12
~ld


7.04
 0h00:00.612 1970/01/01T08:00:00z: SPIFFS Active
 0h00:04.288 2026/06/22T23:03:01z: f0:24:f9:c6:c8:85
 0h00:04.290 2026/06/22T23:03:01z: SSID: TEST-STA
1 BSEC warning code : 100

 ets Jan  8 2013,rst cause:1, boot mode:(3,7)

load 0x4010f000, len 1384, room 16 
tail 8
chksum 0x2d
csum 0x2d
v8b899c12
~ld


7.04
 0h00:00.532 1970/01/01T08:00:00z: SPIFFS Active
 0h00:04.209 2026/06/22T23:22:42z: f0:24:f9:c6:c8:85
 0h00:04.211 2026/06/22T23:22:42z: SSID: TEST-STA
1 BSEC warning code : 100

1 BSEC warning code : 100

 ets Jan  8 2013,rst cause:1, boot mode:(3,7)

load 0x4010f000, len 1384, room 16 
tail 8
chksum 0x2d
csum 0x2d
v8b899c12
~ld


7.04
 0h00:00.525 1970/01/01T08:00:00z: SPIFFS Active
 0h00:04.202 2026/06/22T23:42:23z: f0:24:f9:c6:c8:85
 0h00:04.204 2026/06/22T23:42:23z: SSID: TEST-STA
1 BSEC warning code : 100

1 BSEC warning code : 100
