
1 BSEC warning code : 100

1 BSEC warning code : 100

 ets Jan  8 2013,rst cause:1, boot mode:(3,7)

load 0x4010f000, len 1384, room 16 
tail 8
chksum 0x2d
csum 0x2d
v8b899c12
~ld


7.04
 0h00:00.529 1970/01/01T08:00:00z: SPIFFS Active
 0h00:04.205 2026/06/18T00:17:56z: f0:24:f9:c6:c8:85
 0h00:04.207 2026/06/18T00:17:56z: SSID: TEST-STA
1 BSEC warning code : 100

 ets Jan  8 2013,rst cause:1, boot mode:(3,7)

load 0x4010f000, len 1384, room 16 
tail 8
chksum 0x2d
csum 0x2d
v8b899c12
~ld


7.04
 0h00:00.530 1970/01/01T08:00:00z: SPIFFS Active
 0h00:04.206 2026/06/18T00:37:37z: f0:24:f9:c6:c8:85
 0h00:04.207 2026/06/18T00:37:37z: SSID: TEST-STA
1 BSEC warning code : 100

 ets Jan  8 2013,rst cause:1, boot mode:(3,7)

load 0x4010f000, len 1384, room 16 
tail 8
chksum 0x2d
csum 0x2d
v8b899c12
~ld


7.04
 0h00:00.567 1970/01/01T08:00:00z: SPIFFS Active
 0h00:04.243 2026/06/18T00:57:17z: f0:24:f9:c6:c8:85
 0h00:04.245 2026/06/18T00:57:17z: SSID: TEST-STA
1 BSEC warning code : 100

 ets Jan  8 2013,rst cause:1, boot mode:(3,7)

load 0x4010f000, len 1384, room 16 
tail 8
chksum 0x2d
csum 0x2d
v8b899c12
~ld


7.04
 0h00:00.565 1970/01/01T08:00:00z: SPIFFS Active
 0h00:04.241 2026/06/18T01:16:58z: f0:24:f9:c6:c8:85
 0h00:04.243 2026/06/18T01:16:58z: SSID: TEST-STA
1 BSEC warning code : 100

 ets Jan  8 2013,rst cause:1, boot mode:(3,7)

load 0x4010f000, len 1384, room 16 
tail 8
chksum 0x2d
csum 0x2d
v8b899c12
~ld


7.04
 0h00:00.564 1970/01/01T08:00:00z: SPIFFS Active
 0h00:04.240 2026/06/18T01:36:39z: f0:24:f9:c6:c8:85
 0h00:04.241 2026/06/18T01:36:39z: SSID: TEST-STA
1 BSEC warning code : 100

 ets Jan  8 2013,rst cause:1, boot mode:(3,7)

load 0x4010f000, len 1384, room 16 
tail 8
chksum 0x2d
csum 0x2d
v8b899c12
~ld


7.04
 0h00:00.612 1970/01/01T08:00:00z: SPIFFS Active
 0h00:04.288 2026/06/18T01:56:20z: f0:24:f9:c6:c8:85
 0h00:04.290 2026/06/18T01:56:20z: SSID: TEST-STA
1 BSEC warning code : 100

 ets Jan  8 2013,rst cause:1, boot mode:(3,7)

load 0x4010f000, len 1384, room 16 
tail 8
chksum 0x2d
csum 0x2d
v8b899c12
~ld


7.04
 0h00:00.563 1970/01/01T08:00:00z: SPIFFS Active
 0h00:04.239 2026/06/18T02:16:01z: f0:24:f9:c6:c8:85
 0h00:04.240 2026/06/18T02:16:01z: SSID: TEST-STA
1 BSEC warning code : 100

1 BSEC warning code : 100

 ets Jan  8 2013,rst cause:1, boot mode:(3,7)

load 0x4010f000, len 1384, room 16 
tail 8
chksum 0x2d
csum 0x2d
v8b899c12
~ld


7.04
 0h00:00.522 1970/01/01T08:00:00z: SPIFFS Active
 0h00:04.198 2026/06/18T02:35:42z: f0:24:f9:c6:c8:85
 0h00:04.199 2026/06/18T02:35:42z: SSID: TEST-STA
1 BSEC warning code : 100

 ets Jan  8 2013,rst cause:1, boot mode:(3,7)

load 0x4010f000, len 1384, room 16 
tail 8
chksum 0x2d
csum 0x2d
v8b899c12
~ld


7.04
 0h00:00.515 1970/01/01T08:00:00z: SPIFFS Active
 0h00:04.191 2026/06/18T02:55:23z: f0:24:f9:c6:c8:85
 0h00:04.193 2026/06/18T02:55:23z: SSID: TEST-STA
1 BSEC warning code : 100

 ets Jan  8 2013,rst cause:1, boot mode:(3,7)

load 0x4010f000, len 1384, room 16 
tail 8
chksum 0x2d
csum 0x2d
v8b899c12
~ld


7.04
 0h00:00.525 1970/01/01T08:00:00z: SPIFFS Active
 0h00:04.201 2026/06/18T03:15:04z: f0:24:f9:c6:c8:85
 0h00:04.202 2026/06/18T03:15:04z: SSID: TEST-STA
1 BSEC warning code : 100

 ets Jan  8 2013,rst cause:1, boot mode:(3,7)

load 0x4010f000, len 1384, room 16 
tail 8
chksum 0x2d
csum 0x2d
v8b899c12
~ld


7.04
 0h00:00.568 1970/01/01T08:00:00z: SPIFFS Active
 0h00:04.244 2026/06/18T03:34:44z: f0:24:f9:c6:c8:85
 0h00:04.246 2026/06/18T03:34:44z: SSID: TEST-STA
1 BSEC warning code : 100

1 BSEC warning code : 100

 ets Jan  8 2013,rst cause:1, boot mode:(3,7)

load 0x4010f000, len 1384, room 16 
tail 8
chksum 0x2d
csum 0x2d
v8b899c12
~ld


7.04
 0h00:00.524 1970/01/01T08:00:00z: SPIFFS Active
 0h00:04.200 2026/06/18T03:54:25z: f0:24:f9:c6:c8:85
 0h00:04.202 2026/06/18T03:54:25z: SSID: TEST-STA
1 BSEC warning code : 100

 ets Jan  8 2013,rst cause:1, boot mode:(3,7)

load 0x4010f000, len 1384, room 16 
tail 8
chksum 0x2d
csum 0x2d
v8b899c12
~ld


7.04
 0h00:00.568 1970/01/01T08:00:00z: SPIFFS Active
 0h00:04.244 2026/06/18T04:14:05z: f0:24:f9:c6:c8:85
 0h00:04.245 2026/06/18T04:14:05z: SSID: TEST-STA
1 BSEC warning code : 100

 ets Jan  8 2013,rst cause:1, boot mode:(3,7)

load 0x4010f000, len 1384, room 16 
tail 8
chksum 0x2d
csum 0x2d
v8b899c12
~ld


7.04
 0h00:00.569 1970/01/01T08:00:00z: SPIFFS Active
 0h00:04.245 2026/06/18T04:33:46z: f0:24:f9:c6:c8:85
 0h00:04.247 2026/06/18T04:33:46z: SSID: TEST-STA
1 BSEC warning code : 100

1 BSEC warning code : 100

 ets Jan  8 2013,rst cause:1, boot mode:(3,7)

load 0x4010f000, len 1384, room 16 
tail 8
chksum 0x2d
csum 0x2d
v8b899c12
~ld


7.04
 0h00:00.519 1970/01/01T08:00:00z: SPIFFS Active
 0h00:04.195 2026/06/18T04:53:27z: f0:24:f9:c6:c8:85
 0h00:04.197 2026/06/18T04:53:27z: SSID: TEST-STA
1 BSEC warning code : 100

1 BSEC warning code : 100

 ets Jan  8 2013,rst cause:1, boot mode:(3,7)

load 0x4010f000, len 1384, room 16 
tail 8
chksum 0x2d
csum 0x2d
v8b899c12
~ld


7.04
 0h00:00.568 1970/01/01T08:00:00z: SPIFFS Active
 0h00:04.244 2026/06/18T05:13:08z: f0:24:f9:c6:c8:85
 0h00:04.246 2026/06/18T05:13:08z: SSID: TEST-STA
1 BSEC warning code : 100

 ets Jan  8 2013,rst cause:1, boot mode:(3,7)

load 0x4010f000, len 1384, room 16 
tail 8
chksum 0x2d
csum 0x2d
v8b899c12
~ld


7.04
 0h00:00.576 1970/01/01T08:00:00z: SPIFFS Active
 0h00:04.253 2026/06/18T05:32:48z: f0:24:f9:c6:c8:85
 0h00:04.254 2026/06/18T05:32:48z: SSID: TEST-STA
1 BSEC warning code : 100

1 BSEC warning code : 100

 ets Jan  8 2013,rst cause:1, boot mode:(3,7)

load 0x4010f000, len 1384, room 16 
tail 8
chksum 0x2d
csum 0x2d
v8b899c12
~ld


7.04
 0h00:00.524 1970/01/01T08:00:00z: SPIFFS Active
 0h00:04.200 2026/06/18T05:52:30z: f0:24:f9:c6:c8:85
 0h00:04.202 2026/06/18T05:52:30z: SSID: TEST-STA
1 BSEC warning code : 100

 ets Jan  8 2013,rst cause:1, boot mode:(3,7)

load 0x4010f000, len 1384, room 16 
tail 8
chksum 0x2d
csum 0x2d
v8b899c12
~ld


7.04
 0h00:00.528 1970/01/01T08:00:00z: SPIFFS Active
 0h00:04.205 2026/06/18T06:12:11z: f0:24:f9:c6:c8:85
 0h00:04.206 2026/06/18T06:12:11z: SSID: TEST-STA
1 BSEC warning code : 100

 ets Jan  8 2013,rst cause:1, boot mode:(3,7)

load 0x4010f000, len 1384, room 16 
tail 8
chksum 0x2d
csum 0x2d
v8b899c12
~ld


7.04
 0h00:00.528 1970/01/01T08:00:00z: SPIFFS Active
 0h00:04.205 2026/06/18T06:31:52z: f0:24:f9:c6:c8:85
 0h00:04.207 2026/06/18T06:31:52z: SSID: TEST-STA
1 BSEC warning code : 100

 ets Jan  8 2013,rst cause:1, boot mode:(3,7)

load 0x4010f000, len 1384, room 16 
tail 8
chksum 0x2d
csum 0x2d
v8b899c12
~ld


7.04
 0h00:00.518 1970/01/01T08:00:00z: SPIFFS Active
 0h00:04.195 2026/06/18T06:51:33z: f0:24:f9:c6:c8:85
 0h00:04.197 2026/06/18T06:51:33z: SSID: TEST-STA
1 BSEC warning code : 100

1 BSEC warning code : 100

 ets Jan  8 2013,rst cause:1, boot mode:(3,7)

load 0x4010f000, len 1384, room 16 
tail 8
chksum 0x2d
csum 0x2d
v8b899c12
~ld


7.04
 0h00:00.563 1970/01/01T08:00:00z: SPIFFS Active
 0h00:04.241 2026/06/18T07:11:14z: f0:24:f9:c6:c8:85
 0h00:04.242 2026/06/18T07:11:14z: SSID: TEST-STA
1 BSEC warning code : 100

 ets Jan  8 2013,rst cause:1, boot mode:(3,7)

load 0x4010f000, len 1384, room 16 
tail 8
chksum 0x2d
csum 0x2d
v8b899c12
~ld


7.04
 0h00:00.556 1970/01/01T08:00:00z: SPIFFS Active
 0h00:04.233 2026/06/18T07:30:55z: f0:24:f9:c6:c8:85
 0h00:04.234 2026/06/18T07:30:55z: SSID: TEST-STA
1 BSEC warning code : 100

1 BSEC warning code : 100

 ets Jan  8 2013,rst cause:1, boot mode:(3,7)

load 0x4010f000, len 1384, room 16 
tail 8
chksum 0x2d
csum 0x2d
v8b899c12
~ld


7.04
 0h00:00.515 1970/01/01T08:00:00z: SPIFFS Active
 0h00:04.191 2026/06/18T07:50:36z: f0:24:f9:c6:c8:85
 0h00:04.192 2026/06/18T07:50:36z: SSID: TEST-STA
1 BSEC warning code : 100

 ets Jan  8 2013,rst cause:1, boot mode:(3,7)

load 0x4010f000, len 1384, room 16 
tail 8
chksum 0x2d
csum 0x2d
v8b899c12
~ld


7.04
 0h00:00.576 1970/01/01T08:00:00z: SPIFFS Active
 0h00:04.252 2026/06/18T08:10:17z: f0:24:f9:c6:c8:85
 0h00:04.254 2026/06/18T08:10:17z: SSID: TEST-STA
1 BSEC warning code : 100

1 BSEC warning code : 100

 ets Jan  8 2013,rst cause:1, boot mode:(3,7)

load 0x4010f000, len 1384, room 16 
tail 8
chksum 0x2d
csum 0x2d
v8b899c12
~ld


7.04
 0h00:00.562 1970/01/01T08:00:00z: SPIFFS Active
 0h00:04.238 2026/06/18T08:29:58z: f0:24:f9:c6:c8:85
 0h00:04.240 2026/06/18T08:29:58z: SSID: TEST-STA
1 BSEC warning code : 100

 ets Jan  8 2013,rst cause:1, boot mode:(3,7)

load 0x4010f000, len 1384, room 16 
tail 8
chksum 0x2d
csum 0x2d
v8b899c12
~ld


7.04
 0h00:00.527 1970/01/01T08:00:00z: SPIFFS Active
 0h00:04.203 2026/06/18T08:49:39z: f0:24:f9:c6:c8:85
 0h00:04.205 2026/06/18T08:49:39z: SSID: TEST-STA
1 BSEC warning code : 100

 ets Jan  8 2013,rst cause:1, boot mode:(3,7)

load 0x4010f000, len 1384, room 16 
tail 8
chksum 0x2d
csum 0x2d
v8b899c12
~ld


7.04
 0h00:00.571 1970/01/01T08:00:00z: SPIFFS Active
 0h00:04.247 2026/06/18T09:09:20z: f0:24:f9:c6:c8:85
 0h00:04.249 2026/06/18T09:09:20z: SSID: TEST-STA
1 BSEC warning code : 100

 ets Jan  8 2013,rst cause:1, boot mode:(3,7)

load 0x4010f000, len 1384, room 16 
tail 8
chksum 0x2d
csum 0x2d
v8b899c12
~ld


7.04
 0h00:00.519 1970/01/01T08:00:00z: SPIFFS Active
 0h00:04.196 2026/06/18T09:29:01z: f0:24:f9:c6:c8:85
 0h00:04.197 2026/06/18T09:29:01z: SSID: TEST-STA
1 BSEC warning code : 100

 ets Jan  8 2013,rst cause:1, boot mode:(3,7)

load 0x4010f000, len 1384, room 16 
tail 8
chksum 0x2d
csum 0x2d
v8b899c12
~ld


7.04
 0h00:00.574 1970/01/01T08:00:00z: SPIFFS Active
 0h00:04.250 2026/06/18T09:48:41z: f0:24:f9:c6:c8:85
 0h00:04.252 2026/06/18T09:48:41z: SSID: TEST-STA
1 BSEC warning code : 100

 ets Jan  8 2013,rst cause:1, boot mode:(3,7)

load 0x4010f000, len 1384, room 16 
tail 8
chksum 0x2d
csum 0x2d
v8b899c12
~ld


7.04
 0h00:00.565 1970/01/01T08:00:00z: SPIFFS Active
 0h00:04.241 2026/06/18T10:08:22z: f0:24:f9:c6:c8:85
 0h00:04.243 2026/06/18T10:08:22z: SSID: TEST-STA
1 BSEC warning code : 100

1 BSEC warning code : 100

 ets Jan  8 2013,rst cause:1, boot mode:(3,7)

load 0x4010f000, len 1384, room 16 
tail 8
chksum 0x2d
csum 0x2d
v8b899c12
~ld


7.04
 0h00:00.512 1970/01/01T08:00:00z: SPIFFS Active
 0h00:04.188 2026/06/18T10:28:03z: f0:24:f9:c6:c8:85
 0h00:04.190 2026/06/18T10:28:03z: SSID: TEST-STA
1 BSEC warning code : 100

 ets Jan  8 2013,rst cause:1, boot mode:(3,7)

load 0x4010f000, len 1384, room 16 
tail 8
chksum 0x2d
csum 0x2d
v8b899c12
~ld


7.04
 0h00:00.570 1970/01/01T08:00:00z: SPIFFS Active
 0h00:04.246 2026/06/18T10:47:43z: f0:24:f9:c6:c8:85
 0h00:04.248 2026/06/18T10:47:43z: SSID: TEST-STA
1 BSEC warning code : 100

 ets Jan  8 2013,rst cause:1, boot mode:(3,7)

load 0x4010f000, len 1384, room 16 
tail 8
chksum 0x2d
csum 0x2d
v8b899c12
~ld


7.04
 0h00:00.510 1970/01/01T08:00:00z: SPIFFS Active
 0h00:04.187 2026/06/18T11:07:24z: f0:24:f9:c6:c8:85
 0h00:04.188 2026/06/18T11:07:24z: SSID: TEST-STA
1 BSEC warning code : 100

1 BSEC warning code : 100

 ets Jan  8 2013,rst cause:1, boot mode:(3,7)

load 0x4010f000, len 1384, room 16 
tail 8
chksum 0x2d
csum 0x2d
v8b899c12
~ld


7.04
 0h00:00.525 1970/01/01T08:00:00z: SPIFFS Active
 0h00:04.202 2026/06/18T11:27:06z: f0:24:f9:c6:c8:85
 0h00:04.203 2026/06/18T11:27:06z: SSID: TEST-STA
1 BSEC warning code : 100

 ets Jan  8 2013,rst cause:1, boot mode:(3,7)

load 0x4010f000, len 1384, room 16 
tail 8
chksum 0x2d
csum 0x2d
v8b899c12
~ld


7.04
 0h00:00.562 1970/01/01T08:00:00z: SPIFFS Active
 0h00:04.238 2026/06/18T11:46:46z: f0:24:f9:c6:c8:85
 0h00:04.240 2026/06/18T11:46:46z: SSID: TEST-STA
1 BSEC warning code : 100

 ets Jan  8 2013,rst cause:1, boot mode:(3,7)

load 0x4010f000, len 1384, room 16 
tail 8
chksum 0x2d
csum 0x2d
v8b899c12
~ld


7.04
 0h00:00.574 1970/01/01T08:00:00z: SPIFFS Active
 0h00:04.250 2026/06/18T12:06:27z: f0:24:f9:c6:c8:85
 0h00:04.251 2026/06/18T12:06:27z: SSID: TEST-STA
1 BSEC warning code : 100

 ets Jan  8 2013,rst cause:1, boot mode:(3,7)

load 0x4010f000, len 1384, room 16 
tail 8
chksum 0x2d
csum 0x2d
v8b899c12
~ld


7.04
 0h00:00.514 1970/01/01T08:00:00z: SPIFFS Active
 0h00:04.190 2026/06/18T12:26:07z: f0:24:f9:c6:c8:85
 0h00:04.192 2026/06/18T12:26:07z: SSID: TEST-STA
1 BSEC warning code : 100

 ets Jan  8 2013,rst cause:1, boot mode:(3,7)

load 0x4010f000, len 1384, room 16 
tail 8
chksum 0x2d
csum 0x2d
v8b899c12
~ld


7.04
 0h00:00.616 1970/01/01T08:00:00z: SPIFFS Active
 0h00:04.293 2026/06/18T12:45:48z: f0:24:f9:c6:c8:85
 0h00:04.295 2026/06/18T12:45:48z: SSID: TEST-STA
1 BSEC warning code : 100

 ets Jan  8 2013,rst cause:1, boot mode:(3,7)

load 0x4010f000, len 1384, room 16 
tail 8
chksum 0x2d
csum 0x2d
v8b899c12
~ld


7.04
 0h00:00.513 1970/01/01T08:00:00z: SPIFFS Active
 0h00:04.189 2026/06/18T13:05:29z: f0:24:f9:c6:c8:85
 0h00:04.191 2026/06/18T13:05:29z: SSID: TEST-STA
1 BSEC warning code : 100

 ets Jan  8 2013,rst cause:1, boot mode:(3,7)

load 0x4010f000, len 1384, room 16 
tail 8
chksum 0x2d
csum 0x2d
v8b899c12
~ld


7.04
 0h00:00.565 1970/01/01T08:00:00z: SPIFFS Active
 0h00:04.241 2026/06/18T13:25:10z: f0:24:f9:c6:c8:85
 0h00:04.243 2026/06/18T13:25:10z: SSID: TEST-STA
1 BSEC warning code : 100

 ets Jan  8 2013,rst cause:1, boot mode:(3,7)

load 0x4010f000, len 1384, room 16 
tail 8
chksum 0x2d
csum 0x2d
v8b899c12
~ld


7.04
 0h00:00.585 1970/01/01T08:00:00z: SPIFFS Active
 0h00:04.262 2026/06/18T13:44:51z: f0:24:f9:c6:c8:85
 0h00:04.263 2026/06/18T13:44:51z: SSID: TEST-STA
1 BSEC warning code : 100

1 BSEC warning code : 100

 ets Jan  8 2013,rst cause:1, boot mode:(3,7)

load 0x4010f000, len 1384, room 16 
tail 8
chksum 0x2d
csum 0x2d
v8b899c12
~ld


7.04
 0h00:00.612 1970/01/01T08:00:00z: SPIFFS Active
 0h00:04.289 2026/06/18T14:04:32z: f0:24:f9:c6:c8:85
 0h00:04.291 2026/06/18T14:04:32z: SSID: TEST-STA
1 BSEC warning code : 100

 ets Jan  8 2013,rst cause:1, boot mode:(3,7)

load 0x4010f000, len 1384, room 16 
tail 8
chksum 0x2d
csum 0x2d
v8b899c12
~ld


7.04
 0h00:00.525 1970/01/01T08:00:00z: SPIFFS Active
 0h00:04.202 2026/06/18T14:24:14z: f0:24:f9:c6:c8:85
 0h00:04.204 2026/06/18T14:24:14z: SSID: TEST-STA
1 BSEC warning code : 100

 ets Jan  8 2013,rst cause:1, boot mode:(3,7)

load 0x4010f000, len 1384, room 16 
tail 8
chksum 0x2d
csum 0x2d
v8b899c12
~ld


7.04
 0h00:00.571 1970/01/01T08:00:00z: SPIFFS Active
 0h00:04.248 2026/06/18T14:43:55z: f0:24:f9:c6:c8:85
 0h00:04.249 2026/06/18T14:43:55z: SSID: TEST-STA
1 BSEC warning code : 100

 ets Jan  8 2013,rst cause:1, boot mode:(3,7)

load 0x4010f000, len 1384, room 16 
tail 8
chksum 0x2d
csum 0x2d
v8b899c12
~ld


7.04
 0h00:00.563 1970/01/01T08:00:00z: SPIFFS Active
 0h00:04.240 2026/06/18T15:03:36z: f0:24:f9:c6:c8:85
 0h00:04.242 2026/06/18T15:03:36z: SSID: TEST-STA
1 BSEC warning code : 100

 ets Jan  8 2013,rst cause:1, boot mode:(3,7)

load 0x4010f000, len 1384, room 16 
tail 8
chksum 0x2d
csum 0x2d
v8b899c12
~ld


7.04
 0h00:00.566 1970/01/01T08:00:00z: SPIFFS Active
 0h00:04.243 2026/06/18T15:23:18z: f0:24:f9:c6:c8:85
 0h00:04.244 2026/06/18T15:23:18z: SSID: TEST-STA
1 BSEC warning code : 100

 ets Jan  8 2013,rst cause:1, boot mode:(3,7)

load 0x4010f000, len 1384, room 16 
tail 8
chksum 0x2d
csum 0x2d
v8b899c12
~ld


7.04
 0h00:00.512 1970/01/01T08:00:00z: SPIFFS Active
 0h00:04.189 2026/06/18T15:42:59z: f0:24:f9:c6:c8:85
 0h00:04.191 2026/06/18T15:42:59z: SSID: TEST-STA
1 BSEC warning code : 100

 ets Jan  8 2013,rst cause:1, boot mode:(3,7)

load 0x4010f000, len 1384, room 16 
tail 8
chksum 0x2d
csum 0x2d
v8b899c12
~ld


7.04
 0h00:00.565 1970/01/01T08:00:00z: SPIFFS Active
 0h00:04.242 2026/06/18T16:02:39z: f0:24:f9:c6:c8:85
 0h00:04.243 2026/06/18T16:02:39z: SSID: TEST-STA
1 BSEC warning code : 100

1 BSEC warning code : 100

 ets Jan  8 2013,rst cause:1, boot mode:(3,7)

load 0x4010f000, len 1384, room 16 
tail 8
chksum 0x2d
csum 0x2d
v8b899c12
~ld


7.04
 0h00:00.519 1970/01/01T08:00:00z: SPIFFS Active
 0h00:04.196 2026/06/18T16:22:20z: f0:24:f9:c6:c8:85
 0h00:04.197 2026/06/18T16:22:20z: SSID: TEST-STA
1 BSEC warning code : 100

1 BSEC warning code : 100

 ets Jan  8 2013,rst cause:1, boot mode:(3,7)

load 0x4010f000, len 1384, room 16 
tail 8
chksum 0x2d
csum 0x2d
v8b899c12
~ld


7.04
 0h00:00.664 1970/01/01T08:00:00z: SPIFFS Active
 0h00:04.340 2026/06/18T16:42:01z: f0:24:f9:c6:c8:85
 0h00:04.342 2026/06/18T16:42:01z: SSID: TEST-STA
1 BSEC warning code : 100

1 BSEC warning code : 100

 ets Jan  8 2013,rst cause:1, boot mode:(3,7)

load 0x4010f000, len 1384, room 16 
tail 8
chksum 0x2d
csum 0x2d
v8b899c12
~ld


7.04
 0h00:00.572 1970/01/01T08:00:00z: SPIFFS Active
 0h00:04.248 2026/06/18T17:01:42z: f0:24:f9:c6:c8:85
 0h00:04.250 2026/06/18T17:01:42z: SSID: TEST-STA
1 BSEC warning code : 100

 ets Jan  8 2013,rst cause:1, boot mode:(3,7)

load 0x4010f000, len 1384, room 16 
tail 8
chksum 0x2d
csum 0x2d
v8b899c12
~ld


7.04
 0h00:00.516 1970/01/01T08:00:00z: SPIFFS Active
 0h00:04.193 2026/06/18T17:21:23z: f0:24:f9:c6:c8:85
 0h00:04.194 2026/06/18T17:21:23z: SSID: TEST-STA
1 BSEC warning code : 100

 ets Jan  8 2013,rst cause:1, boot mode:(3,7)

load 0x4010f000, len 1384, room 16 
tail 8
chksum 0x2d
csum 0x2d
v8b899c12
~ld


7.04
 0h00:00.518 1970/01/01T08:00:00z: SPIFFS Active
 0h00:04.194 2026/06/18T17:41:04z: f0:24:f9:c6:c8:85
 0h00:04.196 2026/06/18T17:41:04z: SSID: TEST-STA
1 BSEC warning code : 100

1 BSEC warning code : 100

 ets Jan  8 2013,rst cause:1, boot mode:(3,7)

load 0x4010f000, len 1384, room 16 
tail 8
chksum 0x2d
csum 0x2d
v8b899c12
~ld


7.04
 0h00:00.518 1970/01/01T08:00:00z: SPIFFS Active
 0h00:04.194 2026/06/18T18:00:45z: f0:24:f9:c6:c8:85
 0h00:04.196 2026/06/18T18:00:45z: SSID: TEST-STA
1 BSEC warning code : 100

1 BSEC warning code : 100

 ets Jan  8 2013,rst cause:1, boot mode:(3,7)

load 0x4010f000, len 1384, room 16 
tail 8
chksum 0x2d
csum 0x2d
v8b899c12
~ld


7.04
 0h00:00.560 1970/01/01T08:00:00z: SPIFFS Active
 0h00:04.237 2026/06/18T18:20:26z: f0:24:f9:c6:c8:85
 0h00:04.239 2026/06/18T18:20:26z: SSID: TEST-STA
1 BSEC warning code : 100

1 BSEC warning code : 100

 ets Jan  8 2013,rst cause:1, boot mode:(3,7)

load 0x4010f000, len 1384, room 16 
tail 8
chksum 0x2d
csum 0x2d
v8b899c12
~ld


7.04
 0h00:00.561 1970/01/01T08:00:00z: SPIFFS Active
 0h00:04.238 2026/06/18T18:40:07z: f0:24:f9:c6:c8:85
 0h00:04.239 2026/06/18T18:40:07z: SSID: TEST-STA
1 BSEC warning code : 100

 ets Jan  8 2013,rst cause:1, boot mode:(3,7)

load 0x4010f000, len 1384, room 16 
tail 8
chksum 0x2d
csum 0x2d
v8b899c12
~ld


7.04
 0h00:00.554 1970/01/01T08:00:00z: SPIFFS Active
 0h00:04.231 2026/06/18T18:59:48z: f0:24:f9:c6:c8:85
 0h00:04.232 2026/06/18T18:59:48z: SSID: TEST-STA
1 BSEC warning code : 100

 ets Jan  8 2013,rst cause:1, boot mode:(3,7)

load 0x4010f000, len 1384, room 16 
tail 8
chksum 0x2d
csum 0x2d
v8b899c12
~ld


7.04
 0h00:00.610 1970/01/01T08:00:00z: SPIFFS Active
 0h00:04.287 2026/06/18T19:19:29z: f0:24:f9:c6:c8:85
 0h00:04.289 2026/06/18T19:19:29z: SSID: TEST-STA
1 BSEC warning code : 100

1 BSEC warning code : 100

 ets Jan  8 2013,rst cause:1, boot mode:(3,7)

load 0x4010f000, len 1384, room 16 
tail 8
chksum 0x2d
csum 0x2d
v8b899c12
~ld


7.04
 0h00:00.555 1970/01/01T08:00:00z: SPIFFS Active
 0h00:04.232 2026/06/18T19:39:09z: f0:24:f9:c6:c8:85
 0h00:04.234 2026/06/18T19:39:09z: SSID: TEST-STA
1 BSEC warning code : 100

1 BSEC warning code : 100

 ets Jan  8 2013,rst cause:1, boot mode:(3,7)

load 0x4010f000, len 1384, room 16 
tail 8
chksum 0x2d
csum 0x2d
v8b899c12
~ld


7.04
 0h00:00.551 1970/01/01T08:00:00z: SPIFFS Active
 0h00:04.228 2026/06/18T19:58:50z: f0:24:f9:c6:c8:85
 0h00:04.229 2026/06/18T19:58:50z: SSID: TEST-STA
1 BSEC warning code : 100

 ets Jan  8 2013,rst cause:1, boot mode:(3,7)

load 0x4010f000, len 1384, room 16 
tail 8
chksum 0x2d
csum 0x2d
v8b899c12
~ld


7.04
 0h00:00.562 1970/01/01T08:00:00z: SPIFFS Active
 0h00:04.240 2026/06/18T20:18:31z: f0:24:f9:c6:c8:85
 0h00:04.241 2026/06/18T20:18:31z: SSID: TEST-STA
1 BSEC warning code : 100

 ets Jan  8 2013,rst cause:1, boot mode:(3,7)

load 0x4010f000, len 1384, room 16 
tail 8
chksum 0x2d
csum 0x2d
v8b899c12
~ld


7.04
 0h00:00.553 1970/01/01T08:00:00z: SPIFFS Active
 0h00:04.230 2026/06/18T20:38:12z: f0:24:f9:c6:c8:85
 0h00:04.232 2026/06/18T20:38:12z: SSID: TEST-STA
1 BSEC warning code : 100

1 BSEC warning code : 100

 ets Jan  8 2013,rst cause:1, boot mode:(3,7)

load 0x4010f000, len 1384, room 16 
tail 8
chksum 0x2d
csum 0x2d
v8b899c12
~ld


7.04
 0h00:00.561 1970/01/01T08:00:00z: SPIFFS Active
 0h00:04.239 2026/06/18T20:57:53z: f0:24:f9:c6:c8:85
 0h00:04.240 2026/06/18T20:57:53z: SSID: TEST-STA
1 BSEC warning code : 100

1 BSEC warning code : 100

 ets Jan  8 2013,rst cause:1, boot mode:(3,7)

load 0x4010f000, len 1384, room 16 
tail 8
chksum 0x2d
csum 0x2d
v8b899c12
~ld


7.04
 0h00:00.511 1970/01/01T08:00:00z: SPIFFS Active
 0h00:04.189 2026/06/18T21:17:34z: f0:24:f9:c6:c8:85
 0h00:04.190 2026/06/18T21:17:34z: SSID: TEST-STA
1 BSEC warning code : 100

 ets Jan  8 2013,rst cause:1, boot mode:(3,7)

load 0x4010f000, len 1384, room 16 
tail 8
chksum 0x2d
csum 0x2d
v8b899c12
~ld


7.04
 0h00:00.509 1970/01/01T08:00:00z: SPIFFS Active
 0h00:04.186 2026/06/18T21:37:14z: f0:24:f9:c6:c8:85
 0h00:04.188 2026/06/18T21:37:14z: SSID: TEST-STA
1 BSEC warning code : 100

1 BSEC warning code : 100

 ets Jan  8 2013,rst cause:1, boot mode:(3,7)

load 0x4010f000, len 1384, room 16 
tail 8
chksum 0x2d
csum 0x2d
v8b899c12
~ld


7.04
 0h00:00.557 1970/01/01T08:00:00z: SPIFFS Active
 0h00:04.233 2026/06/18T21:56:55z: f0:24:f9:c6:c8:85
 0h00:04.234 2026/06/18T21:56:55z: SSID: TEST-STA
1 BSEC warning code : 100

 ets Jan  8 2013,rst cause:1, boot mode:(3,7)

load 0x4010f000, len 1384, room 16 
tail 8
chksum 0x2d
csum 0x2d
v8b899c12
~ld


7.04
 0h00:00.514 1970/01/01T08:00:00z: SPIFFS Active
 0h00:04.189 2026/06/18T22:16:36z: f0:24:f9:c6:c8:85
 0h00:04.191 2026/06/18T22:16:36z: SSID: TEST-STA
1 BSEC warning code : 100

1 BSEC warning code : 100

 ets Jan  8 2013,rst cause:1, boot mode:(3,7)

load 0x4010f000, len 1384, room 16 
tail 8
chksum 0x2d
csum 0x2d
v8b899c12
~ld


7.04
 0h00:00.523 1970/01/01T08:00:00z: SPIFFS Active
 0h00:04.199 2026/06/18T22:36:17z: f0:24:f9:c6:c8:85
 0h00:04.201 2026/06/18T22:36:17z: SSID: TEST-STA
1 BSEC warning code : 100

 ets Jan  8 2013,rst cause:1, boot mode:(3,7)

load 0x4010f000, len 1384, room 16 
tail 8
chksum 0x2d
csum 0x2d
v8b899c12
~ld


7.04
 0h00:00.568 1970/01/01T08:00:00z: SPIFFS Active
 0h00:04.244 2026/06/18T22:55:58z: f0:24:f9:c6:c8:85
 0h00:04.246 2026/06/18T22:55:58z: SSID: TEST-STA
1 BSEC warning code : 100

1 BSEC warning code : 100

 ets Jan  8 2013,rst cause:1, boot mode:(3,7)

load 0x4010f000, len 1384, room 16 
tail 8
chksum 0x2d
csum 0x2d
v8b899c12
~ld


7.04
 0h00:00.522 1970/01/01T08:00:00z: SPIFFS Active
 0h00:04.198 2026/06/18T23:15:39z: f0:24:f9:c6:c8:85
 0h00:04.199 2026/06/18T23:15:39z: SSID: TEST-STA
1 BSEC warning code : 100

1 BSEC warning code : 100

 ets Jan  8 2013,rst cause:1, boot mode:(3,7)

load 0x4010f000, len 1384, room 16 
tail 8
chksum 0x2d
csum 0x2d
v8b899c12
~ld


7.04
 0h00:00.669 1970/01/01T08:00:00z: SPIFFS Active
 0h00:04.345 2026/06/18T23:35:19z: f0:24:f9:c6:c8:85
 0h00:04.346 2026/06/18T23:35:19z: SSID: TEST-STA
1 BSEC warning code : 100

1 BSEC warning code : 100

 ets Jan  8 2013,rst cause:1, boot mode:(3,7)

load 0x4010f000, len 1384, room 16 
tail 8
chksum 0x2d
csum 0x2d
v8b899c12
~ld


7.04
 0h00:00.559 1970/01/01T08:00:00z: SPIFFS Active
 0h00:04.235 2026/06/18T23:55:00z: f0:24:f9:c6:c8:85
 0h00:04.237 2026/06/18T23:55:00z: SSID: TEST-STA
1 BSEC warning code : 100
