
 ets Jan  8 2013,rst cause:1, boot mode:(3,7)

load 0x4010f000, len 1384, room 16 
tail 8
chksum 0x2d
csum 0x2d
v8b899c12
~ld


7.04
 0h00:00.463 1970/01/01T08:00:00z: SPIFFS Active
 0h00:04.140 2026/05/25T00:01:50z: f0:24:f9:c6:e4:9e
 0h00:04.141 2026/05/25T00:01:50z: SSID: TEST-STA
1 BSEC warning code : 100

 ets Jan  8 2013,rst cause:1, boot mode:(3,7)

load 0x4010f000, len 1384, room 16 
tail 8
chksum 0x2d
csum 0x2d
v8b899c12
~ld


7.04
 0h00:00.469 1970/01/01T08:00:00z: SPIFFS Active
 0h00:04.146 2026/05/25T00:21:31z: f0:24:f9:c6:e4:9e
 0h00:04.147 2026/05/25T00:21:31z: SSID: TEST-STA
1 BSEC warning code : 100

1 BSEC warning code : 100

 ets Jan  8 2013,rst cause:1, boot mode:(3,7)

load 0x4010f000, len 1384, room 16 
tail 8
chksum 0x2d
csum 0x2d
v8b899c12
~ld


7.04
 0h00:00.471 1970/01/01T08:00:00z: SPIFFS Active
 0h00:04.147 2026/05/25T00:41:12z: f0:24:f9:c6:e4:9e
 0h00:04.149 2026/05/25T00:41:12z: SSID: TEST-STA
1 BSEC warning code : 100

 ets Jan  8 2013,rst cause:1, boot mode:(3,7)

load 0x4010f000, len 1384, room 16 
tail 8
chksum 0x2d
csum 0x2d
v8b899c12
~ld


7.04
 0h00:00.476 1970/01/01T08:00:00z: SPIFFS Active
 0h00:04.152 2026/05/25T01:00:52z: f0:24:f9:c6:e4:9e
 0h00:04.154 2026/05/25T01:00:52z: SSID: TEST-STA
1 BSEC warning code : 100

1 BSEC warning code : 100

 ets Jan  8 2013,rst cause:1, boot mode:(3,7)

load 0x4010f000, len 1384, room 16 
tail 8
chksum 0x2d
csum 0x2d
v8b899c12
~ld


7.04
 0h00:00.461 1970/01/01T08:00:00z: SPIFFS Active
 0h00:04.137 2026/05/25T01:20:33z: f0:24:f9:c6:e4:9e
 0h00:04.139 2026/05/25T01:20:33z: SSID: TEST-STA
1 BSEC warning code : 100

1 BSEC warning code : 100

 ets Jan  8 2013,rst cause:1, boot mode:(3,7)

load 0x4010f000, len 1384, room 16 
tail 8
chksum 0x2d
csum 0x2d
v8b899c12
~ld


7.04
 0h00:00.468 1970/01/01T08:00:00z: SPIFFS Active
 0h00:04.144 2026/05/25T01:40:14z: f0:24:f9:c6:e4:9e
 0h00:04.146 2026/05/25T01:40:14z: SSID: TEST-STA
1 BSEC warning code : 100

 ets Jan  8 2013,rst cause:1, boot mode:(3,7)

load 0x4010f000, len 1384, room 16 
tail 8
chksum 0x2d
csum 0x2d
v8b899c12
~ld


7.04
 0h00:00.467 1970/01/01T08:00:00z: SPIFFS Active
 0h00:04.143 2026/05/25T01:59:54z: f0:24:f9:c6:e4:9e
 0h00:04.145 2026/05/25T01:59:54z: SSID: TEST-STA
1 BSEC warning code : 100

1 BSEC warning code : 100

 ets Jan  8 2013,rst cause:1, boot mode:(3,7)

load 0x4010f000, len 1384, room 16 
tail 8
chksum 0x2d
csum 0x2d
v8b899c12
~ld


7.04
 0h00:00.462 1970/01/01T08:00:00z: SPIFFS Active
 0h00:04.138 2026/05/25T02:19:35z: f0:24:f9:c6:e4:9e
 0h00:04.140 2026/05/25T02:19:35z: SSID: TEST-STA
1 BSEC warning code : 100

 ets Jan  8 2013,rst cause:1, boot mode:(3,7)

load 0x4010f000, len 1384, room 16 
tail 8
chksum 0x2d
csum 0x2d
v8b899c12
~ld


7.04
 0h00:00.460 1970/01/01T08:00:00z: SPIFFS Active
 0h00:04.137 2026/05/25T02:39:16z: f0:24:f9:c6:e4:9e
 0h00:04.138 2026/05/25T02:39:16z: SSID: TEST-STA
1 BSEC warning code : 100

 ets Jan  8 2013,rst cause:1, boot mode:(3,7)

load 0x4010f000, len 1384, room 16 
tail 8
chksum 0x2d
csum 0x2d
v8b899c12
~ld


7.04
 0h00:00.509 1970/01/01T08:00:00z: SPIFFS Active
 0h00:04.186 2026/05/25T02:58:55z: f0:24:f9:c6:e4:9e
 0h00:04.187 2026/05/25T02:58:55z: SSID: TEST-STA
1 BSEC warning code : 100

 ets Jan  8 2013,rst cause:1, boot mode:(3,7)

load 0x4010f000, len 1384, room 16 
tail 8
chksum 0x2d
csum 0x2d
v8b899c12
~ld


7.04
 0h00:00.467 1970/01/01T08:00:00z: SPIFFS Active
 0h00:04.143 2026/05/25T03:18:35z: f0:24:f9:c6:e4:9e
 0h00:04.145 2026/05/25T03:18:35z: SSID: TEST-STA
1 BSEC warning code : 100

 ets Jan  8 2013,rst cause:1, boot mode:(3,7)

load 0x4010f000, len 1384, room 16 
tail 8
chksum 0x2d
csum 0x2d
v8b899c12
~ld


7.04
 0h00:00.464 1970/01/01T08:00:00z: SPIFFS Active
 0h00:04.141 2026/05/25T03:38:16z: f0:24:f9:c6:e4:9e
 0h00:04.143 2026/05/25T03:38:16z: SSID: TEST-STA
1 BSEC warning code : 100

1 BSEC warning code : 100

 ets Jan  8 2013,rst cause:1, boot mode:(3,7)

load 0x4010f000, len 1384, room 16 
tail 8
chksum 0x2d
csum 0x2d
v8b899c12
~ld


7.04
 0h00:00.470 1970/01/01T08:00:00z: SPIFFS Active
 0h00:04.147 2026/05/25T03:57:57z: f0:24:f9:c6:e4:9e
 0h00:04.149 2026/05/25T03:57:57z: SSID: TEST-STA
1 BSEC warning code : 100

1 BSEC warning code : 100

 ets Jan  8 2013,rst cause:1, boot mode:(3,7)

load 0x4010f000, len 1384, room 16 
tail 8
chksum 0x2d
csum 0x2d
v8b899c12
~ld


7.04
 0h00:00.467 1970/01/01T08:00:00z: SPIFFS Active
 0h00:04.144 2026/05/25T04:17:37z: f0:24:f9:c6:e4:9e
 0h00:04.146 2026/05/25T04:17:37z: SSID: TEST-STA
1 BSEC warning code : 100

 ets Jan  8 2013,rst cause:1, boot mode:(3,7)

load 0x4010f000, len 1384, room 16 
tail 8
chksum 0x2d
csum 0x2d
v8b899c12
~ld


7.04
 0h00:00.467 1970/01/01T08:00:00z: SPIFFS Active
 0h00:04.144 2026/05/25T04:37:17z: f0:24:f9:c6:e4:9e
 0h00:04.146 2026/05/25T04:37:17z: SSID: TEST-STA
1 BSEC warning code : 100

 ets Jan  8 2013,rst cause:1, boot mode:(3,7)

load 0x4010f000, len 1384, room 16 
tail 8
chksum 0x2d
csum 0x2d
v8b899c12
~ld


7.04
 0h00:00.514 1970/01/01T08:00:00z: SPIFFS Active
 0h00:04.191 2026/05/25T04:56:57z: f0:24:f9:c6:e4:9e
 0h00:04.192 2026/05/25T04:56:57z: SSID: TEST-STA
1 BSEC warning code : 100

1 BSEC warning code : 100

 ets Jan  8 2013,rst cause:1, boot mode:(3,7)

load 0x4010f000, len 1384, room 16 
tail 8
chksum 0x2d
csum 0x2d
v8b899c12
~ld


7.04
 0h00:00.467 1970/01/01T08:00:00z: SPIFFS Active
 0h00:04.144 2026/05/25T05:16:37z: f0:24:f9:c6:e4:9e
 0h00:04.145 2026/05/25T05:16:37z: SSID: TEST-STA
1 BSEC warning code : 100

 ets Jan  8 2013,rst cause:1, boot mode:(3,7)

load 0x4010f000, len 1384, room 16 
tail 8
chksum 0x2d
csum 0x2d
v8b899c12
~ld


7.04
 0h00:00.466 1970/01/01T08:00:00z: SPIFFS Active
 0h00:04.143 2026/05/25T05:36:17z: f0:24:f9:c6:e4:9e
 0h00:04.144 2026/05/25T05:36:17z: SSID: TEST-STA
1 BSEC warning code : 100

1 BSEC warning code : 100

 ets Jan  8 2013,rst cause:1, boot mode:(3,7)

load 0x4010f000, len 1384, room 16 
tail 8
chksum 0x2d
csum 0x2d
v8b899c12
~ld


7.04
 0h00:00.549 1970/01/01T08:00:00z: SPIFFS Active
 0h00:04.226 2026/05/25T05:55:58z: f0:24:f9:c6:e4:9e
 0h00:04.227 2026/05/25T05:55:58z: SSID: TEST-STA
1 BSEC warning code : 100

 ets Jan  8 2013,rst cause:1, boot mode:(3,7)

load 0x4010f000, len 1384, room 16 
tail 8
chksum 0x2d
csum 0x2d
v8b899c12
~ld


7.04
 0h00:00.521 1970/01/01T08:00:00z: SPIFFS Active
 0h00:04.199 2026/05/25T06:15:38z: f0:24:f9:c6:e4:9e
 0h00:04.200 2026/05/25T06:15:38z: SSID: TEST-STA
1 BSEC warning code : 100

1 BSEC warning code : 100

 ets Jan  8 2013,rst cause:1, boot mode:(3,7)

load 0x4010f000, len 1384, room 16 
tail 8
chksum 0x2d
csum 0x2d
v8b899c12
~ld


7.04
 0h00:00.525 1970/01/01T08:00:00z: SPIFFS Active
 0h00:04.201 2026/05/25T06:35:19z: f0:24:f9:c6:e4:9e
 0h00:04.203 2026/05/25T06:35:19z: SSID: TEST-STA
1 BSEC warning code : 100

 ets Jan  8 2013,rst cause:1, boot mode:(3,7)

load 0x4010f000, len 1384, room 16 
tail 8
chksum 0x2d
csum 0x2d
v8b899c12
~ld


7.04
 0h00:00.547 1970/01/01T08:00:00z: SPIFFS Active
 0h00:04.224 2026/05/25T06:54:59z: f0:24:f9:c6:e4:9e
 0h00:04.225 2026/05/25T06:54:59z: SSID: TEST-STA
1 BSEC warning code : 100

 ets Jan  8 2013,rst cause:1, boot mode:(3,7)

load 0x4010f000, len 1384, room 16 
tail 8
chksum 0x2d
csum 0x2d
v8b899c12
~ld


7.04
 0h00:00.465 1970/01/01T08:00:00z: SPIFFS Active
 0h00:04.142 2026/05/25T07:14:40z: f0:24:f9:c6:e4:9e
 0h00:04.144 2026/05/25T07:14:40z: SSID: TEST-STA
1 BSEC warning code : 100

 ets Jan  8 2013,rst cause:1, boot mode:(3,7)

load 0x4010f000, len 1384, room 16 
tail 8
chksum 0x2d
csum 0x2d
v8b899c12
~ld


7.04
 0h00:00.548 1970/01/01T08:00:00z: SPIFFS Active
 0h00:04.225 2026/05/25T07:34:20z: f0:24:f9:c6:e4:9e
 0h00:04.227 2026/05/25T07:34:20z: SSID: TEST-STA
1 BSEC warning code : 100

 ets Jan  8 2013,rst cause:1, boot mode:(3,7)

load 0x4010f000, len 1384, room 16 
tail 8
chksum 0x2d
csum 0x2d
v8b899c12
~ld


7.04
 0h00:00.482 1970/01/01T08:00:00z: SPIFFS Active
 0h00:04.159 2026/05/25T07:54:02z: f0:24:f9:c6:e4:9e
 0h00:04.161 2026/05/25T07:54:02z: SSID: TEST-STA
1 BSEC warning code : 100

 ets Jan  8 2013,rst cause:1, boot mode:(3,7)

load 0x4010f000, len 1384, room 16 
tail 8
chksum 0x2d
csum 0x2d
v8b899c12
~ld


7.04
 0h00:00.477 1970/01/01T08:00:00z: SPIFFS Active
 0h00:04.154 2026/05/25T08:13:42z: f0:24:f9:c6:e4:9e
 0h00:04.155 2026/05/25T08:13:42z: SSID: TEST-STA
1 BSEC warning code : 100

1 BSEC warning code : 100

 ets Jan  8 2013,rst cause:1, boot mode:(3,7)

load 0x4010f000, len 1384, room 16 
tail 8
chksum 0x2d
csum 0x2d
v8b899c12
~ld


7.04
 0h00:00.475 1970/01/01T08:00:00z: SPIFFS Active
 0h00:04.152 2026/05/25T08:33:23z: f0:24:f9:c6:e4:9e
 0h00:04.153 2026/05/25T08:33:23z: SSID: TEST-STA
1 BSEC warning code : 100

1 BSEC warning code : 100

 ets Jan  8 2013,rst cause:1, boot mode:(3,7)

load 0x4010f000, len 1384, room 16 
tail 8
chksum 0x2d
csum 0x2d
v8b899c12
~ld


7.04
 0h00:00.509 1970/01/01T08:00:00z: SPIFFS Active
 0h00:04.187 2026/05/25T08:53:03z: f0:24:f9:c6:e4:9e
 0h00:04.189 2026/05/25T08:53:03z: SSID: TEST-STA
1 BSEC warning code : 100

1 BSEC warning code : 100

 ets Jan  8 2013,rst cause:1, boot mode:(3,7)

load 0x4010f000, len 1384, room 16 
tail 8
chksum 0x2d
csum 0x2d
v8b899c12
~ld


7.04
 0h00:00.469 1970/01/01T08:00:00z: SPIFFS Active
 0h00:04.146 2026/05/25T09:12:43z: f0:24:f9:c6:e4:9e
 0h00:04.147 2026/05/25T09:12:43z: SSID: TEST-STA
1 BSEC warning code : 100

1 BSEC warning code : 100

 ets Jan  8 2013,rst cause:1, boot mode:(3,7)

load 0x4010f000, len 1384, room 16 
tail 8
chksum 0x2d
csum 0x2d
v8b899c12
~ld


7.04
 0h00:00.513 1970/01/01T08:00:00z: SPIFFS Active
 0h00:04.190 2026/05/25T09:32:24z: f0:24:f9:c6:e4:9e
 0h00:04.192 2026/05/25T09:32:24z: SSID: TEST-STA
1 BSEC warning code : 100

 ets Jan  8 2013,rst cause:1, boot mode:(3,7)

load 0x4010f000, len 1384, room 16 
tail 8
chksum 0x2d
csum 0x2d
v8b899c12
~ld


7.04
 0h00:00.470 1970/01/01T08:00:00z: SPIFFS Active
 0h00:04.147 2026/05/25T09:52:05z: f0:24:f9:c6:e4:9e
 0h00:04.149 2026/05/25T09:52:05z: SSID: TEST-STA
1 BSEC warning code : 100

 ets Jan  8 2013,rst cause:1, boot mode:(3,7)

load 0x4010f000, len 1384, room 16 
tail 8
chksum 0x2d
csum 0x2d
v8b899c12
~ld


7.04
 0h00:00.476 1970/01/01T08:00:00z: SPIFFS Active
 0h00:04.153 2026/05/25T10:11:46z: f0:24:f9:c6:e4:9e
 0h00:04.155 2026/05/25T10:11:46z: SSID: TEST-STA
1 BSEC warning code : 100

1 BSEC warning code : 100

 ets Jan  8 2013,rst cause:1, boot mode:(3,7)

load 0x4010f000, len 1384, room 16 
tail 8
chksum 0x2d
csum 0x2d
v8b899c12
~ld


7.04
 0h00:00.473 1970/01/01T08:00:00z: SPIFFS Active
 0h00:04.150 2026/05/25T10:31:26z: f0:24:f9:c6:e4:9e
 0h00:04.152 2026/05/25T10:31:26z: SSID: TEST-STA
1 BSEC warning code : 100

 ets Jan  8 2013,rst cause:1, boot mode:(3,7)

load 0x4010f000, len 1384, room 16 
tail 8
chksum 0x2d
csum 0x2d
v8b899c12
~ld


7.04
 0h00:00.505 1970/01/01T08:00:00z: SPIFFS Active
 0h00:04.183 2026/05/25T10:51:07z: f0:24:f9:c6:e4:9e
 0h00:04.184 2026/05/25T10:51:07z: SSID: TEST-STA
1 BSEC warning code : 100

 ets Jan  8 2013,rst cause:1, boot mode:(3,7)

load 0x4010f000, len 1384, room 16 
tail 8
chksum 0x2d
csum 0x2d
v8b899c12
~ld


7.04
 0h00:00.481 1970/01/01T08:00:00z: SPIFFS Active
 0h00:04.159 2026/05/25T11:10:47z: f0:24:f9:c6:e4:9e
 0h00:04.160 2026/05/25T11:10:47z: SSID: TEST-STA
1 BSEC warning code : 100

 ets Jan  8 2013,rst cause:1, boot mode:(3,7)

load 0x4010f000, len 1384, room 16 
tail 8
chksum 0x2d
csum 0x2d
v8b899c12
~ld


7.04
 0h00:00.483 1970/01/01T08:00:00z: SPIFFS Active
 0h00:04.160 2026/05/25T11:30:29z: f0:24:f9:c6:e4:9e
 0h00:04.162 2026/05/25T11:30:29z: SSID: TEST-STA
1 BSEC warning code : 100

 ets Jan  8 2013,rst cause:1, boot mode:(3,7)

load 0x4010f000, len 1384, room 16 
tail 8
chksum 0x2d
csum 0x2d
v8b899c12
~ld


7.04
 0h00:00.477 1970/01/01T08:00:00z: SPIFFS Active
 0h00:04.154 2026/05/25T11:50:09z: f0:24:f9:c6:e4:9e
 0h00:04.155 2026/05/25T11:50:09z: SSID: TEST-STA
1 BSEC warning code : 100

 ets Jan  8 2013,rst cause:1, boot mode:(3,7)

load 0x4010f000, len 1384, room 16 
tail 8
chksum 0x2d
csum 0x2d
v8b899c12
~ld


7.04
 0h00:00.472 1970/01/01T08:00:00z: SPIFFS Active
 0h00:04.149 2026/05/25T12:09:49z: f0:24:f9:c6:e4:9e
 0h00:04.151 2026/05/25T12:09:49z: SSID: TEST-STA
1 BSEC warning code : 100

 ets Jan  8 2013,rst cause:1, boot mode:(3,7)

load 0x4010f000, len 1384, room 16 
tail 8
chksum 0x2d
csum 0x2d
v8b899c12
~ld


7.04
 0h00:00.475 1970/01/01T08:00:00z: SPIFFS Active
 0h00:04.152 2026/05/25T12:29:31z: f0:24:f9:c6:e4:9e
 0h00:04.153 2026/05/25T12:29:31z: SSID: TEST-STA
1 BSEC warning code : 100

 ets Jan  8 2013,rst cause:1, boot mode:(3,7)

load 0x4010f000, len 1384, room 16 
tail 8
chksum 0x2d
csum 0x2d
v8b899c12
~ld


7.04
 0h00:00.476 1970/01/01T08:00:00z: SPIFFS Active
 0h00:04.153 2026/05/25T12:49:11z: f0:24:f9:c6:e4:9e
 0h00:04.155 2026/05/25T12:49:11z: SSID: TEST-STA
1 BSEC warning code : 100

 ets Jan  8 2013,rst cause:1, boot mode:(3,7)

load 0x4010f000, len 1384, room 16 
tail 8
chksum 0x2d
csum 0x2d
v8b899c12
~ld


7.04
 0h00:00.518 1970/01/01T08:00:00z: SPIFFS Active
 0h00:04.195 2026/05/25T13:08:52z: f0:24:f9:c6:e4:9e
 0h00:04.197 2026/05/25T13:08:52z: SSID: TEST-STA
1 BSEC warning code : 100

 ets Jan  8 2013,rst cause:1, boot mode:(3,7)

load 0x4010f000, len 1384, room 16 
tail 8
chksum 0x2d
csum 0x2d
v8b899c12
~ld


7.04
 0h00:00.476 1970/01/01T08:00:00z: SPIFFS Active
 0h00:04.153 2026/05/25T13:28:32z: f0:24:f9:c6:e4:9e
 0h00:04.155 2026/05/25T13:28:32z: SSID: TEST-STA
1 BSEC warning code : 100

 ets Jan  8 2013,rst cause:1, boot mode:(3,7)

load 0x4010f000, len 1384, room 16 
tail 8
chksum 0x2d
csum 0x2d
v8b899c12
~ld


7.04
 0h00:00.477 1970/01/01T08:00:00z: SPIFFS Active
 0h00:04.154 2026/05/25T13:48:13z: f0:24:f9:c6:e4:9e
 0h00:04.156 2026/05/25T13:48:13z: SSID: TEST-STA
1 BSEC warning code : 100

1 BSEC warning code : 100

 ets Jan  8 2013,rst cause:1, boot mode:(3,7)

load 0x4010f000, len 1384, room 16 
tail 8
chksum 0x2d
csum 0x2d
v8b899c12
~ld


7.04
 0h00:00.482 1970/01/01T08:00:00z: SPIFFS Active
 0h00:04.157 2026/05/25T14:07:53z: f0:24:f9:c6:e4:9e
 0h00:04.159 2026/05/25T14:07:53z: SSID: TEST-STA
1 BSEC warning code : 100

 ets Jan  8 2013,rst cause:1, boot mode:(3,7)

load 0x4010f000, len 1384, room 16 
tail 8
chksum 0x2d
csum 0x2d
v8b899c12
~ld


7.04
 0h00:00.479 1970/01/01T08:00:00z: SPIFFS Active
 0h00:04.154 2026/05/25T14:27:33z: f0:24:f9:c6:e4:9e
 0h00:04.156 2026/05/25T14:27:33z: SSID: TEST-STA
1 BSEC warning code : 100

1 BSEC warning code : 100

 ets Jan  8 2013,rst cause:1, boot mode:(3,7)

load 0x4010f000, len 1384, room 16 
tail 8
chksum 0x2d
csum 0x2d
v8b899c12
~ld


7.04
 0h00:00.523 1970/01/01T08:00:00z: SPIFFS Active
 0h00:04.199 2026/05/25T14:47:14z: f0:24:f9:c6:e4:9e
 0h00:04.200 2026/05/25T14:47:14z: SSID: TEST-STA
1 BSEC warning code : 100

 ets Jan  8 2013,rst cause:1, boot mode:(3,7)

load 0x4010f000, len 1384, room 16 
tail 8
chksum 0x2d
csum 0x2d
v8b899c12
~ld


7.04
 0h00:00.479 1970/01/01T08:00:00z: SPIFFS Active
 0h00:04.155 2026/05/25T15:06:54z: f0:24:f9:c6:e4:9e
 0h00:04.156 2026/05/25T15:06:54z: SSID: TEST-STA
1 BSEC warning code : 100

 ets Jan  8 2013,rst cause:1, boot mode:(3,7)

load 0x4010f000, len 1384, room 16 
tail 8
chksum 0x2d
csum 0x2d
v8b899c12
~ld


7.04
 0h00:00.478 1970/01/01T08:00:00z: SPIFFS Active
 0h00:04.154 2026/05/25T15:26:35z: f0:24:f9:c6:e4:9e
 0h00:04.155 2026/05/25T15:26:35z: SSID: TEST-STA
1 BSEC warning code : 100

 ets Jan  8 2013,rst cause:1, boot mode:(3,7)

load 0x4010f000, len 1384, room 16 
tail 8
chksum 0x2d
csum 0x2d
v8b899c12
~ld


7.04
 0h00:00.480 1970/01/01T08:00:00z: SPIFFS Active
 0h00:04.156 2026/05/25T15:46:15z: f0:24:f9:c6:e4:9e
 0h00:04.158 2026/05/25T15:46:15z: SSID: TEST-STA
1 BSEC warning code : 100

 ets Jan  8 2013,rst cause:1, boot mode:(3,7)

load 0x4010f000, len 1384, room 16 
tail 8
chksum 0x2d
csum 0x2d
v8b899c12
~ld


7.04
 0h00:00.470 1970/01/01T08:00:00z: SPIFFS Active
 0h00:04.146 2026/05/25T16:05:55z: f0:24:f9:c6:e4:9e
 0h00:04.147 2026/05/25T16:05:55z: SSID: TEST-STA
1 BSEC warning code : 100

1 BSEC warning code : 100

 ets Jan  8 2013,rst cause:1, boot mode:(3,7)

load 0x4010f000, len 1384, room 16 
tail 8
chksum 0x2d
csum 0x2d
v8b899c12
~ld


7.04
 0h00:00.471 1970/01/01T08:00:00z: SPIFFS Active
 0h00:04.147 2026/05/25T16:25:36z: f0:24:f9:c6:e4:9e
 0h00:04.149 2026/05/25T16:25:36z: SSID: TEST-STA
1 BSEC warning code : 100

 ets Jan  8 2013,rst cause:1, boot mode:(3,7)

load 0x4010f000, len 1384, room 16 
tail 8
chksum 0x2d
csum 0x2d
v8b899c12
~ld


7.04
 0h00:00.481 1970/01/01T08:00:00z: SPIFFS Active
 0h00:04.156 2026/05/25T16:45:17z: f0:24:f9:c6:e4:9e
 0h00:04.158 2026/05/25T16:45:17z: SSID: TEST-STA
1 BSEC warning code : 100

 ets Jan  8 2013,rst cause:1, boot mode:(3,7)

load 0x4010f000, len 1384, room 16 
tail 8
chksum 0x2d
csum 0x2d
v8b899c12
~ld


7.04
 0h00:00.473 1970/01/01T08:00:00z: SPIFFS Active
 0h00:04.149 2026/05/25T17:04:57z: f0:24:f9:c6:e4:9e
 0h00:04.150 2026/05/25T17:04:57z: SSID: TEST-STA
1 BSEC warning code : 100

 ets Jan  8 2013,rst cause:1, boot mode:(3,7)

load 0x4010f000, len 1384, room 16 
tail 8
chksum 0x2d
csum 0x2d
v8b899c12
~ld


7.04
 0h00:00.476 1970/01/01T08:00:00z: SPIFFS Active
 0h00:04.151 2026/05/25T17:24:39z: f0:24:f9:c6:e4:9e
 0h00:04.153 2026/05/25T17:24:39z: SSID: TEST-STA
1 BSEC warning code : 100

 ets Jan  8 2013,rst cause:1, boot mode:(3,7)

load 0x4010f000, len 1384, room 16 
tail 8
chksum 0x2d
csum 0x2d
v8b899c12
~ld


7.04
 0h00:00.484 1970/01/01T08:00:00z: SPIFFS Active
 0h00:04.160 2026/05/25T17:44:20z: f0:24:f9:c6:e4:9e
 0h00:04.161 2026/05/25T17:44:20z: SSID: TEST-STA
1 BSEC warning code : 100

 ets Jan  8 2013,rst cause:1, boot mode:(3,7)

load 0x4010f000, len 1384, room 16 
tail 8
chksum 0x2d
csum 0x2d
v8b899c12
~ld


7.04
 0h00:00.480 1970/01/01T08:00:00z: SPIFFS Active
 0h00:04.156 2026/05/25T18:04:01z: f0:24:f9:c6:e4:9e
 0h00:04.158 2026/05/25T18:04:01z: SSID: TEST-STA
1 BSEC warning code : 100

 ets Jan  8 2013,rst cause:1, boot mode:(3,7)

load 0x4010f000, len 1384, room 16 
tail 8
chksum 0x2d
csum 0x2d
v8b899c12
~ld


7.04
 0h00:00.515 1970/01/01T08:00:00z: SPIFFS Active
 0h00:04.190 2026/05/25T18:23:41z: f0:24:f9:c6:e4:9e
 0h00:04.192 2026/05/25T18:23:41z: SSID: TEST-STA
1 BSEC warning code : 100

1 BSEC warning code : 100

 ets Jan  8 2013,rst cause:1, boot mode:(3,7)

load 0x4010f000, len 1384, room 16 
tail 8
chksum 0x2d
csum 0x2d
v8b899c12
~ld


7.04
 0h00:00.553 1970/01/01T08:00:00z: SPIFFS Active
 0h00:04.229 2026/05/25T18:43:22z: f0:24:f9:c6:e4:9e
 0h00:04.230 2026/05/25T18:43:22z: SSID: TEST-STA
1 BSEC warning code : 100

 ets Jan  8 2013,rst cause:1, boot mode:(3,7)

load 0x4010f000, len 1384, room 16 
tail 8
chksum 0x2d
csum 0x2d
v8b899c12
~ld


7.04
 0h00:00.483 1970/01/01T08:00:00z: SPIFFS Active
 0h00:04.159 2026/05/25T19:03:02z: f0:24:f9:c6:e4:9e
 0h00:04.161 2026/05/25T19:03:02z: SSID: TEST-STA
1 BSEC warning code : 100

 ets Jan  8 2013,rst cause:1, boot mode:(3,7)

load 0x4010f000, len 1384, room 16 
tail 8
chksum 0x2d
csum 0x2d
v8b899c12
~ld


7.04
 0h00:00.480 1970/01/01T08:00:00z: SPIFFS Active
 0h00:04.156 2026/05/25T19:22:43z: f0:24:f9:c6:e4:9e
 0h00:04.157 2026/05/25T19:22:43z: SSID: TEST-STA
1 BSEC warning code : 100

 ets Jan  8 2013,rst cause:1, boot mode:(3,7)

load 0x4010f000, len 1384, room 16 
tail 8
chksum 0x2d
csum 0x2d
v8b899c12
~ld


7.04
 0h00:00.478 1970/01/01T08:00:00z: SPIFFS Active
 0h00:04.154 2026/05/25T19:42:23z: f0:24:f9:c6:e4:9e
 0h00:04.156 2026/05/25T19:42:23z: SSID: TEST-STA
1 BSEC warning code : 100

1 BSEC warning code : 100

 ets Jan  8 2013,rst cause:1, boot mode:(3,7)

load 0x4010f000, len 1384, room 16 
tail 8
chksum 0x2d
csum 0x2d
v8b899c12
~ld


7.04
 0h00:00.531 1970/01/01T08:00:00z: SPIFFS Active
 0h00:04.207 2026/05/25T20:02:04z: f0:24:f9:c6:e4:9e
 0h00:04.209 2026/05/25T20:02:04z: SSID: TEST-STA
1 BSEC warning code : 100

1 BSEC warning code : 100

 ets Jan  8 2013,rst cause:1, boot mode:(3,7)

load 0x4010f000, len 1384, room 16 
tail 8
chksum 0x2d
csum 0x2d
v8b899c12
~ld


7.04
 0h00:00.472 1970/01/01T08:00:00z: SPIFFS Active
 0h00:04.148 2026/05/25T20:21:44z: f0:24:f9:c6:e4:9e
 0h00:04.150 2026/05/25T20:21:44z: SSID: TEST-STA
1 BSEC warning code : 100

 ets Jan  8 2013,rst cause:1, boot mode:(3,7)

load 0x4010f000, len 1384, room 16 
tail 8
chksum 0x2d
csum 0x2d
v8b899c12
~ld


7.04
 0h00:00.562 1970/01/01T08:00:00z: SPIFFS Active
 0h00:04.238 2026/05/25T20:41:24z: f0:24:f9:c6:e4:9e
 0h00:04.239 2026/05/25T20:41:24z: SSID: TEST-STA
1 BSEC warning code : 100

 ets Jan  8 2013,rst cause:1, boot mode:(3,7)

load 0x4010f000, len 1384, room 16 
tail 8
chksum 0x2d
csum 0x2d
v8b899c12
~ld


7.04
 0h00:00.473 1970/01/01T08:00:00z: SPIFFS Active
 0h00:04.150 2026/05/25T21:01:05z: f0:24:f9:c6:e4:9e
 0h00:04.151 2026/05/25T21:01:05z: SSID: TEST-STA
1 BSEC warning code : 100

1 BSEC warning code : 100

 ets Jan  8 2013,rst cause:1, boot mode:(3,7)

load 0x4010f000, len 1384, room 16 
tail 8
chksum 0x2d
csum 0x2d
v8b899c12
~ld


7.04
 0h00:00.481 1970/01/01T08:00:00z: SPIFFS Active
 0h00:04.157 2026/05/25T21:20:47z: f0:24:f9:c6:e4:9e
 0h00:04.159 2026/05/25T21:20:47z: SSID: TEST-STA
1 BSEC warning code : 100

 ets Jan  8 2013,rst cause:1, boot mode:(3,7)

load 0x4010f000, len 1384, room 16 
tail 8
chksum 0x2d
csum 0x2d
v8b899c12
~ld


7.04
 0h00:00.479 1970/01/01T08:00:00z: SPIFFS Active
 0h00:04.155 2026/05/25T21:40:27z: f0:24:f9:c6:e4:9e
 0h00:04.157 2026/05/25T21:40:27z: SSID: TEST-STA
1 BSEC warning code : 100

1 BSEC warning code : 100

 ets Jan  8 2013,rst cause:1, boot mode:(3,7)

load 0x4010f000, len 1384, room 16 
tail 8
chksum 0x2d
csum 0x2d
v8b899c12
~ld


7.04
 0h00:00.482 1970/01/01T08:00:00z: SPIFFS Active
 0h00:04.158 2026/05/25T22:00:07z: f0:24:f9:c6:e4:9e
 0h00:04.160 2026/05/25T22:00:07z: SSID: TEST-STA
1 BSEC warning code : 100

 ets Jan  8 2013,rst cause:1, boot mode:(3,7)

load 0x4010f000, len 1384, room 16 
tail 8
chksum 0x2d
csum 0x2d
v8b899c12
~ld


7.04
 0h00:00.475 1970/01/01T08:00:00z: SPIFFS Active
 0h00:04.151 2026/05/25T22:19:49z: f0:24:f9:c6:e4:9e
 0h00:04.153 2026/05/25T22:19:49z: SSID: TEST-STA
1 BSEC warning code : 100

1 BSEC warning code : 100

 ets Jan  8 2013,rst cause:1, boot mode:(3,7)

load 0x4010f000, len 1384, room 16 
tail 8
chksum 0x2d
csum 0x2d
v8b899c12
~ld


7.04
 0h00:00.487 1970/01/01T08:00:00z: SPIFFS Active
 0h00:04.163 2026/05/25T22:39:29z: f0:24:f9:c6:e4:9e
 0h00:04.165 2026/05/25T22:39:29z: SSID: TEST-STA
1 BSEC warning code : 100

1 BSEC warning code : 100

 ets Jan  8 2013,rst cause:1, boot mode:(3,7)

load 0x4010f000, len 1384, room 16 
tail 8
chksum 0x2d
csum 0x2d
v8b899c12
~ld


7.04
 0h00:00.476 1970/01/01T08:00:00z: SPIFFS Active
 0h00:04.152 2026/05/25T22:59:09z: f0:24:f9:c6:e4:9e
 0h00:04.154 2026/05/25T22:59:09z: SSID: TEST-STA
1 BSEC warning code : 100

 ets Jan  8 2013,rst cause:1, boot mode:(3,7)

load 0x4010f000, len 1384, room 16 
tail 8
chksum 0x2d
csum 0x2d
v8b899c12
~ld


7.04
 0h00:00.484 1970/01/01T08:00:00z: SPIFFS Active
 0h00:04.160 2026/05/25T23:18:50z: f0:24:f9:c6:e4:9e
 0h00:04.162 2026/05/25T23:18:50z: SSID: TEST-STA
1 BSEC warning code : 100

1 BSEC warning code : 100

 ets Jan  8 2013,rst cause:1, boot mode:(3,7)

load 0x4010f000, len 1384, room 16 
tail 8
chksum 0x2d
csum 0x2d
v8b899c12
~ld


7.04
 0h00:00.475 1970/01/01T08:00:00z: SPIFFS Active
 0h00:04.151 2026/05/25T23:38:31z: f0:24:f9:c6:e4:9e
 0h00:04.152 2026/05/25T23:38:31z: SSID: TEST-STA
1 BSEC warning code : 100

 ets Jan  8 2013,rst cause:1, boot mode:(3,7)

load 0x4010f000, len 1384, room 16 
tail 8
chksum 0x2d
csum 0x2d
v8b899c12
~ld


7.04
 0h00:00.475 1970/01/01T08:00:00z: SPIFFS Active
 0h00:04.151 2026/05/25T23:58:12z: f0:24:f9:c6:e4:9e
 0h00:04.152 2026/05/25T23:58:12z: SSID: TEST-STA
1 BSEC warning code : 100
