
1 BSEC warning code : 100

 ets Jan  8 2013,rst cause:1, boot mode:(3,7)

load 0x4010f000, len 1384, room 16 
tail 8
chksum 0x2d
csum 0x2d
v8b899c12
~ld


7.04
 0h00:00.507 1970/01/01T08:00:00z: SPIFFS Active
 0h00:04.183 2026/05/20T00:06:03z: f0:24:f9:c2:c2:ed
 0h00:04.184 2026/05/20T00:06:03z: SSID: that iPhone
1 BSEC warning code : 100

 ets Jan  8 2013,rst cause:1, boot mode:(3,7)

load 0x4010f000, len 1384, room 16 
tail 8
chksum 0x2d
csum 0x2d
v8b899c12
~ld


7.04
 0h00:00.510 1970/01/01T08:00:00z: SPIFFS Active
 0h00:04.186 2026/05/20T00:25:44z: f0:24:f9:c2:c2:ed
 0h00:04.188 2026/05/20T00:25:44z: SSID: that iPhone
1 BSEC warning code : 100

1 BSEC warning code : 100

 ets Jan  8 2013,rst cause:1, boot mode:(3,7)

load 0x4010f000, len 1384, room 16 
tail 8
chksum 0x2d
csum 0x2d
v8b899c12
~ld


7.04
 0h00:00.516 1970/01/01T08:00:00z: SPIFFS Active
 0h00:04.192 2026/05/20T00:45:25z: f0:24:f9:c2:c2:ed
 0h00:04.194 2026/05/20T00:45:25z: SSID: that iPhone
1 BSEC warning code : 100

 ets Jan  8 2013,rst cause:1, boot mode:(3,7)

load 0x4010f000, len 1384, room 16 
tail 8
chksum 0x2d
csum 0x2d
v8b899c12
~ld


7.04
 0h00:00.508 1970/01/01T08:00:00z: SPIFFS Active
 0h00:04.184 2026/05/20T01:05:05z: f0:24:f9:c2:c2:ed
 0h00:04.186 2026/05/20T01:05:05z: SSID: that iPhone
1 BSEC warning code : 100

 ets Jan  8 2013,rst cause:1, boot mode:(3,7)

load 0x4010f000, len 1384, room 16 
tail 8
chksum 0x2d
csum 0x2d
v8b899c12
~ld


7.04
 0h00:00.560 1970/01/01T08:00:00z: SPIFFS Active
 0h00:04.237 2026/05/20T01:24:46z: f0:24:f9:c2:c2:ed
 0h00:04.238 2026/05/20T01:24:46z: SSID: that iPhone
1 BSEC warning code : 100

1 BSEC warning code : 100

 ets Jan  8 2013,rst cause:1, boot mode:(3,7)

load 0x4010f000, len 1384, room 16 
tail 8
chksum 0x2d
csum 0x2d
v8b899c12
~ld


7.04
 0h00:00.503 1970/01/01T08:00:00z: SPIFFS Active
 0h00:04.179 2026/05/20T01:44:27z: f0:24:f9:c2:c2:ed
 0h00:04.181 2026/05/20T01:44:27z: SSID: that iPhone
1 BSEC warning code : 100

 ets Jan  8 2013,rst cause:1, boot mode:(3,7)

load 0x4010f000, len 1384, room 16 
tail 8
chksum 0x2d
csum 0x2d
v8b899c12
~ld


7.04
 0h00:00.502 1970/01/01T08:00:00z: SPIFFS Active
 0h00:04.179 2026/05/20T02:04:07z: f0:24:f9:c2:c2:ed
 0h00:04.180 2026/05/20T02:04:07z: SSID: that iPhone
1 BSEC warning code : 100

1 BSEC warning code : 100

 ets Jan  8 2013,rst cause:1, boot mode:(3,7)

load 0x4010f000, len 1384, room 16 
tail 8
chksum 0x2d
csum 0x2d
v8b899c12
~ld


7.04
 0h00:00.507 1970/01/01T08:00:00z: SPIFFS Active
 0h00:04.183 2026/05/20T02:23:48z: f0:24:f9:c2:c2:ed
 0h00:04.185 2026/05/20T02:23:48z: SSID: that iPhone
1 BSEC warning code : 100

1 BSEC warning code : 100

 ets Jan  8 2013,rst cause:1, boot mode:(3,7)

load 0x4010f000, len 1384, room 16 
tail 8
chksum 0x2d
csum 0x2d
v8b899c12
~ld


7.04
 0h00:00.511 1970/01/01T08:00:00z: SPIFFS Active
 0h00:04.188 2026/05/20T02:43:28z: f0:24:f9:c2:c2:ed
 0h00:04.190 2026/05/20T02:43:28z: SSID: that iPhone
1 BSEC warning code : 100

 ets Jan  8 2013,rst cause:1, boot mode:(3,7)

load 0x4010f000, len 1384, room 16 
tail 8
chksum 0x2d
csum 0x2d
v8b899c12
~ld


7.04
 0h00:00.507 1970/01/01T08:00:00z: SPIFFS Active
 0h00:04.183 2026/05/20T03:03:09z: f0:24:f9:c2:c2:ed
 0h00:04.185 2026/05/20T03:03:09z: SSID: that iPhone
1 BSEC warning code : 100

1 BSEC warning code : 100

 ets Jan  8 2013,rst cause:1, boot mode:(3,7)

load 0x4010f000, len 1384, room 16 
tail 8
chksum 0x2d
csum 0x2d
v8b899c12
~ld


7.04
 0h00:00.508 1970/01/01T08:00:00z: SPIFFS Active
 0h00:04.185 2026/05/20T03:22:49z: f0:24:f9:c2:c2:ed
 0h00:04.186 2026/05/20T03:22:49z: SSID: that iPhone
1 BSEC warning code : 100

 ets Jan  8 2013,rst cause:1, boot mode:(3,7)

load 0x4010f000, len 1384, room 16 
tail 8
chksum 0x2d
csum 0x2d
v8b899c12
~ld


7.04
 0h00:00.509 1970/01/01T08:00:00z: SPIFFS Active
 0h00:04.185 2026/05/20T03:42:30z: f0:24:f9:c2:c2:ed
 0h00:04.187 2026/05/20T03:42:30z: SSID: that iPhone
1 BSEC warning code : 100

1 BSEC warning code : 100

 ets Jan  8 2013,rst cause:1, boot mode:(3,7)

load 0x4010f000, len 1384, room 16 
tail 8
chksum 0x2d
csum 0x2d
v8b899c12
~ld


7.04
 0h00:00.508 1970/01/01T08:00:00z: SPIFFS Active
 0h00:04.185 2026/05/20T04:02:10z: f0:24:f9:c2:c2:ed
 0h00:04.187 2026/05/20T04:02:10z: SSID: that iPhone
1 BSEC warning code : 100

 ets Jan  8 2013,rst cause:1, boot mode:(3,7)

load 0x4010f000, len 1384, room 16 
tail 8
chksum 0x2d
csum 0x2d
v8b899c12
~ld


7.04
 0h00:00.514 1970/01/01T08:00:00z: SPIFFS Active
 0h00:04.191 2026/05/20T04:21:52z: f0:24:f9:c2:c2:ed
 0h00:04.193 2026/05/20T04:21:52z: SSID: that iPhone
1 BSEC warning code : 100

 ets Jan  8 2013,rst cause:1, boot mode:(3,7)

load 0x4010f000, len 1384, room 16 
tail 8
chksum 0x2d
csum 0x2d
v8b899c12
~ld


7.04
 0h00:00.551 1970/01/01T08:00:00z: SPIFFS Active
 0h00:04.228 2026/05/20T04:41:32z: f0:24:f9:c2:c2:ed
 0h00:04.229 2026/05/20T04:41:32z: SSID: that iPhone
1 BSEC warning code : 100

 ets Jan  8 2013,rst cause:1, boot mode:(3,7)

load 0x4010f000, len 1384, room 16 
tail 8
chksum 0x2d
csum 0x2d
v8b899c12
~ld


7.04
 0h00:00.503 1970/01/01T08:00:00z: SPIFFS Active
 0h00:04.180 2026/05/20T05:01:13z: f0:24:f9:c2:c2:ed
 0h00:04.182 2026/05/20T05:01:13z: SSID: that iPhone
1 BSEC warning code : 100

 ets Jan  8 2013,rst cause:1, boot mode:(3,7)

load 0x4010f000, len 1384, room 16 
tail 8
chksum 0x2d
csum 0x2d
v8b899c12
~ld


7.04
 0h00:00.512 1970/01/01T08:00:00z: SPIFFS Active
 0h00:04.189 2026/05/20T05:20:54z: f0:24:f9:c2:c2:ed
 0h00:04.191 2026/05/20T05:20:54z: SSID: that iPhone
1 BSEC warning code : 100

1 BSEC warning code : 100

 ets Jan  8 2013,rst cause:1, boot mode:(3,7)

load 0x4010f000, len 1384, room 16 
tail 8
chksum 0x2d
csum 0x2d
v8b899c12
~ld


7.04
 0h00:00.511 1970/01/01T08:00:00z: SPIFFS Active
 0h00:04.188 2026/05/20T05:40:34z: f0:24:f9:c2:c2:ed
 0h00:04.189 2026/05/20T05:40:34z: SSID: that iPhone
1 BSEC warning code : 100

1 BSEC warning code : 100

 ets Jan  8 2013,rst cause:1, boot mode:(3,7)

load 0x4010f000, len 1384, room 16 
tail 8
chksum 0x2d
csum 0x2d
v8b899c12
~ld


7.04
 0h00:00.509 1970/01/01T08:00:00z: SPIFFS Active
 0h00:04.184 2026/05/20T06:00:16z: f0:24:f9:c2:c2:ed
 0h00:04.186 2026/05/20T06:00:16z: SSID: that iPhone
1 BSEC warning code : 100

 ets Jan  8 2013,rst cause:1, boot mode:(3,7)

load 0x4010f000, len 1384, room 16 
tail 8
chksum 0x2d
csum 0x2d
v8b899c12
~ld


7.04
 0h00:00.512 1970/01/01T08:00:00z: SPIFFS Active
 0h00:04.187 2026/05/20T06:19:56z: f0:24:f9:c2:c2:ed
 0h00:04.189 2026/05/20T06:19:56z: SSID: that iPhone
1 BSEC warning code : 100

 ets Jan  8 2013,rst cause:1, boot mode:(3,7)

load 0x4010f000, len 1384, room 16 
tail 8
chksum 0x2d
csum 0x2d
v8b899c12
~ld


7.04
 0h00:00.517 1970/01/01T08:00:00z: SPIFFS Active
 0h00:04.192 2026/05/20T06:39:36z: f0:24:f9:c2:c2:ed
 0h00:04.193 2026/05/20T06:39:36z: SSID: that iPhone
1 BSEC warning code : 100

1 BSEC warning code : 100

 ets Jan  8 2013,rst cause:1, boot mode:(3,7)

load 0x4010f000, len 1384, room 16 
tail 8
chksum 0x2d
csum 0x2d
v8b899c12
~ld


7.04
 0h00:00.510 1970/01/01T08:00:00z: SPIFFS Active
 0h00:04.185 2026/05/20T06:59:17z: f0:24:f9:c2:c2:ed
 0h00:04.187 2026/05/20T06:59:17z: SSID: that iPhone
1 BSEC warning code : 100

 ets Jan  8 2013,rst cause:1, boot mode:(3,7)

load 0x4010f000, len 1384, room 16 
tail 8
chksum 0x2d
csum 0x2d
v8b899c12
~ld


7.04
 0h00:00.600 1970/01/01T08:00:00z: SPIFFS Active
 0h00:04.275 2026/05/20T07:18:58z: f0:24:f9:c2:c2:ed
 0h00:04.276 2026/05/20T07:18:58z: SSID: that iPhone
1 BSEC warning code : 100

 ets Jan  8 2013,rst cause:1, boot mode:(3,7)

load 0x4010f000, len 1384, room 16 
tail 8
chksum 0x2d
csum 0x2d
v8b899c12
~ld


7.04
 0h00:00.552 1970/01/01T08:00:00z: SPIFFS Active
 0h00:04.227 2026/05/20T07:38:38z: f0:24:f9:c2:c2:ed
 0h00:04.229 2026/05/20T07:38:38z: SSID: that iPhone
1 BSEC warning code : 100

 ets Jan  8 2013,rst cause:1, boot mode:(3,7)

load 0x4010f000, len 1384, room 16 
tail 8
chksum 0x2d
csum 0x2d
v8b899c12
~ld


7.04
 0h00:00.513 1970/01/01T08:00:00z: SPIFFS Active
 0h00:04.188 2026/05/20T07:58:18z: f0:24:f9:c2:c2:ed
 0h00:04.190 2026/05/20T07:58:18z: SSID: that iPhone
1 BSEC warning code : 100

 ets Jan  8 2013,rst cause:1, boot mode:(3,7)

load 0x4010f000, len 1384, room 16 
tail 8
chksum 0x2d
csum 0x2d
v8b899c12
~ld


7.04
 0h00:00.513 1970/01/01T08:00:00z: SPIFFS Active
 0h00:04.188 2026/05/20T08:17:59z: f0:24:f9:c2:c2:ed
 0h00:04.189 2026/05/20T08:17:59z: SSID: that iPhone
1 BSEC warning code : 100

 ets Jan  8 2013,rst cause:1, boot mode:(3,7)

load 0x4010f000, len 1384, room 16 
tail 8
chksum 0x2d
csum 0x2d
v8b899c12
~ld


7.04
 0h00:00.508 1970/01/01T08:00:00z: SPIFFS Active
 0h00:04.183 2026/05/20T08:37:40z: f0:24:f9:c2:c2:ed
 0h00:04.185 2026/05/20T08:37:40z: SSID: that iPhone
1 BSEC warning code : 100

 ets Jan  8 2013,rst cause:1, boot mode:(3,7)

load 0x4010f000, len 1384, room 16 
tail 8
chksum 0x2d
csum 0x2d
v8b899c12
~ld


7.04
 0h00:00.559 1970/01/01T08:00:00z: SPIFFS Active
 0h00:04.234 2026/05/20T08:57:21z: f0:24:f9:c2:c2:ed
 0h00:04.235 2026/05/20T08:57:21z: SSID: that iPhone
1 BSEC warning code : 100

 ets Jan  8 2013,rst cause:1, boot mode:(3,7)

load 0x4010f000, len 1384, room 16 
tail 8
chksum 0x2d
csum 0x2d
v8b899c12
~ld


7.04
 0h00:00.507 1970/01/01T08:00:00z: SPIFFS Active
 0h00:04.182 2026/05/20T09:17:02z: f0:24:f9:c2:c2:ed
 0h00:04.183 2026/05/20T09:17:02z: SSID: that iPhone
1 BSEC warning code : 100

1 BSEC warning code : 100

 ets Jan  8 2013,rst cause:1, boot mode:(3,7)

load 0x4010f000, len 1384, room 16 
tail 8
chksum 0x2d
csum 0x2d
v8b899c12
~ld


7.04
 0h00:00.500 1970/01/01T08:00:00z: SPIFFS Active
 0h00:04.176 2026/05/20T09:36:42z: f0:24:f9:c2:c2:ed
 0h00:04.178 2026/05/20T09:36:42z: SSID: that iPhone
1 BSEC warning code : 100

 ets Jan  8 2013,rst cause:1, boot mode:(3,7)

load 0x4010f000, len 1384, room 16 
tail 8
chksum 0x2d
csum 0x2d
v8b899c12
~ld


7.04
 0h00:00.510 1970/01/01T08:00:00z: SPIFFS Active
 0h00:04.187 2026/05/20T09:56:23z: f0:24:f9:c2:c2:ed
 0h00:04.188 2026/05/20T09:56:23z: SSID: that iPhone
1 BSEC warning code : 100

 ets Jan  8 2013,rst cause:1, boot mode:(3,7)

load 0x4010f000, len 1384, room 16 
tail 8
chksum 0x2d
csum 0x2d
v8b899c12
~ld


7.04
 0h00:00.507 1970/01/01T08:00:00z: SPIFFS Active
 0h00:04.183 2026/05/20T10:16:04z: f0:24:f9:c2:c2:ed
 0h00:04.185 2026/05/20T10:16:04z: SSID: that iPhone
1 BSEC warning code : 100

 ets Jan  8 2013,rst cause:1, boot mode:(3,7)

load 0x4010f000, len 1384, room 16 
tail 8
chksum 0x2d
csum 0x2d
v8b899c12
~ld


7.04
 0h00:00.496 1970/01/01T08:00:00z: SPIFFS Active
 0h00:04.173 2026/05/20T10:35:45z: f0:24:f9:c2:c2:ed
 0h00:04.175 2026/05/20T10:35:45z: SSID: that iPhone
1 BSEC warning code : 100

 ets Jan  8 2013,rst cause:1, boot mode:(3,7)

load 0x4010f000, len 1384, room 16 
tail 8
chksum 0x2d
csum 0x2d
v8b899c12
~ld


7.04
 0h00:00.505 1970/01/01T08:00:00z: SPIFFS Active
 0h00:04.180 2026/05/20T10:55:25z: f0:24:f9:c2:c2:ed
 0h00:04.182 2026/05/20T10:55:25z: SSID: that iPhone
1 BSEC warning code : 100

1 BSEC warning code : 100

 ets Jan  8 2013,rst cause:1, boot mode:(3,7)

load 0x4010f000, len 1384, room 16 
tail 8
chksum 0x2d
csum 0x2d
v8b899c12
~ld


7.04
 0h00:00.506 1970/01/01T08:00:00z: SPIFFS Active
 0h00:04.181 2026/05/20T11:15:06z: f0:24:f9:c2:c2:ed
 0h00:04.182 2026/05/20T11:15:06z: SSID: that iPhone
1 BSEC warning code : 100

 ets Jan  8 2013,rst cause:1, boot mode:(3,7)

load 0x4010f000, len 1384, room 16 
tail 8
chksum 0x2d
csum 0x2d
v8b899c12
~ld


7.04
 0h00:00.502 1970/01/01T08:00:00z: SPIFFS Active
 0h00:04.177 2026/05/20T11:34:46z: f0:24:f9:c2:c2:ed
 0h00:04.178 2026/05/20T11:34:46z: SSID: that iPhone
1 BSEC warning code : 100

 ets Jan  8 2013,rst cause:1, boot mode:(3,7)

load 0x4010f000, len 1384, room 16 
tail 8
chksum 0x2d
csum 0x2d
v8b899c12
~ld


7.04
 0h00:00.517 1970/01/01T08:00:00z: SPIFFS Active
 0h00:04.192 2026/05/20T11:54:26z: f0:24:f9:c2:c2:ed
 0h00:04.194 2026/05/20T11:54:26z: SSID: that iPhone
1 BSEC warning code : 100

 ets Jan  8 2013,rst cause:1, boot mode:(3,7)

load 0x4010f000, len 1384, room 16 
tail 8
chksum 0x2d
csum 0x2d
v8b899c12
~ld


7.04
 0h00:00.515 1970/01/01T08:00:00z: SPIFFS Active
 0h00:04.191 2026/05/20T12:14:07z: f0:24:f9:c2:c2:ed
 0h00:04.193 2026/05/20T12:14:07z: SSID: that iPhone
1 BSEC warning code : 100

 ets Jan  8 2013,rst cause:1, boot mode:(3,7)

load 0x4010f000, len 1384, room 16 
tail 8
chksum 0x2d
csum 0x2d
v8b899c12
~ld


7.04
 0h00:00.566 1970/01/01T08:00:00z: SPIFFS Active
 0h00:04.242 2026/05/20T12:33:48z: f0:24:f9:c2:c2:ed
 0h00:04.243 2026/05/20T12:33:48z: SSID: that iPhone
1 BSEC warning code : 100

 ets Jan  8 2013,rst cause:1, boot mode:(3,7)

load 0x4010f000, len 1384, room 16 
tail 8
chksum 0x2d
csum 0x2d
v8b899c12
~ld


7.04
 0h00:00.610 1970/01/01T08:00:00z: SPIFFS Active
 0h00:04.286 2026/05/20T12:53:29z: f0:24:f9:c2:c2:ed
 0h00:04.287 2026/05/20T12:53:29z: SSID: that iPhone
1 BSEC warning code : 100

1 BSEC warning code : 100

 ets Jan  8 2013,rst cause:1, boot mode:(3,7)

load 0x4010f000, len 1384, room 16 
tail 8
chksum 0x2d
csum 0x2d
v8b899c12
~ld


7.04
 0h00:00.505 1970/01/01T08:00:00z: SPIFFS Active
 0h00:04.181 2026/05/20T13:13:10z: f0:24:f9:c2:c2:ed
 0h00:04.182 2026/05/20T13:13:10z: SSID: that iPhone
1 BSEC warning code : 100

 ets Jan  8 2013,rst cause:1, boot mode:(3,7)

load 0x4010f000, len 1384, room 16 
tail 8
chksum 0x2d
csum 0x2d
v8b899c12
~ld


7.04
 0h00:00.565 1970/01/01T08:00:00z: SPIFFS Active
 0h00:04.240 2026/05/20T13:32:51z: f0:24:f9:c2:c2:ed
 0h00:04.242 2026/05/20T13:32:51z: SSID: that iPhone
1 BSEC warning code : 100

 ets Jan  8 2013,rst cause:1, boot mode:(3,7)

load 0x4010f000, len 1384, room 16 
tail 8
chksum 0x2d
csum 0x2d
v8b899c12
~ld


7.04
 0h00:00.548 1970/01/01T08:00:00z: SPIFFS Active
 0h00:04.224 2026/05/20T13:52:32z: f0:24:f9:c2:c2:ed
 0h00:04.225 2026/05/20T13:52:32z: SSID: that iPhone
1 BSEC warning code : 100

 ets Jan  8 2013,rst cause:1, boot mode:(3,7)

load 0x4010f000, len 1384, room 16 
tail 8
chksum 0x2d
csum 0x2d
v8b899c12
~ld


7.04
 0h00:00.555 1970/01/01T08:00:00z: SPIFFS Active
 0h00:04.230 2026/05/20T14:12:12z: f0:24:f9:c2:c2:ed
 0h00:04.232 2026/05/20T14:12:12z: SSID: that iPhone
1 BSEC warning code : 100

1 BSEC warning code : 100

 ets Jan  8 2013,rst cause:1, boot mode:(3,7)

load 0x4010f000, len 1384, room 16 
tail 8
chksum 0x2d
csum 0x2d
v8b899c12
~ld


7.04
 0h00:00.514 1970/01/01T08:00:00z: SPIFFS Active
 0h00:04.189 2026/05/20T14:31:53z: f0:24:f9:c2:c2:ed
 0h00:04.191 2026/05/20T14:31:53z: SSID: that iPhone
1 BSEC warning code : 100

 ets Jan  8 2013,rst cause:1, boot mode:(3,7)

load 0x4010f000, len 1384, room 16 
tail 8
chksum 0x2d
csum 0x2d
v8b899c12
~ld


7.04
 0h00:00.521 1970/01/01T08:00:00z: SPIFFS Active
 0h00:04.197 2026/05/20T14:51:34z: f0:24:f9:c2:c2:ed
 0h00:04.198 2026/05/20T14:51:34z: SSID: that iPhone
1 BSEC warning code : 100

 ets Jan  8 2013,rst cause:1, boot mode:(3,7)

load 0x4010f000, len 1384, room 16 
tail 8
chksum 0x2d
csum 0x2d
v8b899c12
~ld


7.04
 0h00:00.521 1970/01/01T08:00:00z: SPIFFS Active
 0h00:04.196 2026/05/20T15:11:15z: f0:24:f9:c2:c2:ed
 0h00:04.198 2026/05/20T15:11:15z: SSID: that iPhone
1 BSEC warning code : 100

1 BSEC warning code : 100

 ets Jan  8 2013,rst cause:1, boot mode:(3,7)

load 0x4010f000, len 1384, room 16 
tail 8
chksum 0x2d
csum 0x2d
v8b899c12
~ld


7.04
 0h00:00.520 1970/01/01T08:00:00z: SPIFFS Active
 0h00:04.195 2026/05/20T15:30:55z: f0:24:f9:c2:c2:ed
 0h00:04.197 2026/05/20T15:30:55z: SSID: that iPhone
1 BSEC warning code : 100

1 BSEC warning code : 100

 ets Jan  8 2013,rst cause:1, boot mode:(3,7)

load 0x4010f000, len 1384, room 16 
tail 8
chksum 0x2d
csum 0x2d
v8b899c12
~ld


7.04
 0h00:00.561 1970/01/01T08:00:00z: SPIFFS Active
 0h00:04.237 2026/05/20T15:50:36z: f0:24:f9:c2:c2:ed
 0h00:04.238 2026/05/20T15:50:36z: SSID: that iPhone
1 BSEC warning code : 100

 ets Jan  8 2013,rst cause:1, boot mode:(3,7)

load 0x4010f000, len 1384, room 16 
tail 8
chksum 0x2d
csum 0x2d
v8b899c12
~ld


7.04
 0h00:00.525 1970/01/01T08:00:00z: SPIFFS Active
 0h00:04.201 2026/05/20T16:10:16z: f0:24:f9:c2:c2:ed
 0h00:04.202 2026/05/20T16:10:16z: SSID: that iPhone
1 BSEC warning code : 100

1 BSEC warning code : 100

 ets Jan  8 2013,rst cause:1, boot mode:(3,7)

load 0x4010f000, len 1384, room 16 
tail 8
chksum 0x2d
csum 0x2d
v8b899c12
~ld


7.04
 0h00:00.515 1970/01/01T08:00:00z: SPIFFS Active
 0h00:04.190 2026/05/20T16:29:58z: f0:24:f9:c2:c2:ed
 0h00:04.192 2026/05/20T16:29:58z: SSID: that iPhone
1 BSEC warning code : 100

1 BSEC warning code : 100

 ets Jan  8 2013,rst cause:1, boot mode:(3,7)

load 0x4010f000, len 1384, room 16 
tail 8
chksum 0x2d
csum 0x2d
v8b899c12
~ld


7.04
 0h00:00.512 1970/01/01T08:00:00z: SPIFFS Active
 0h00:04.188 2026/05/20T16:49:39z: f0:24:f9:c2:c2:ed
 0h00:04.189 2026/05/20T16:49:39z: SSID: that iPhone
1 BSEC warning code : 100

1 BSEC warning code : 100

 ets Jan  8 2013,rst cause:1, boot mode:(3,7)

load 0x4010f000, len 1384, room 16 
tail 8
chksum 0x2d
csum 0x2d
v8b899c12
~ld


7.04
 0h00:00.555 1970/01/01T08:00:00z: SPIFFS Active
 0h00:04.231 2026/05/20T17:09:19z: f0:24:f9:c2:c2:ed
 0h00:04.232 2026/05/20T17:09:19z: SSID: that iPhone
1 BSEC warning code : 100

1 BSEC warning code : 100

 ets Jan  8 2013,rst cause:1, boot mode:(3,7)

load 0x4010f000, len 1384, room 16 
tail 8
chksum 0x2d
csum 0x2d
v8b899c12
~ld


7.04
 0h00:00.548 1970/01/01T08:00:00z: SPIFFS Active
 0h00:04.224 2026/05/20T17:28:59z: f0:24:f9:c2:c2:ed
 0h00:04.226 2026/05/20T17:28:59z: SSID: that iPhone
1 BSEC warning code : 100

 ets Jan  8 2013,rst cause:1, boot mode:(3,7)

load 0x4010f000, len 1384, room 16 
tail 8
chksum 0x2d
csum 0x2d
v8b899c12
~ld


7.04
 0h00:00.560 1970/01/01T08:00:00z: SPIFFS Active
 0h00:04.236 2026/05/20T17:48:40z: f0:24:f9:c2:c2:ed
 0h00:04.238 2026/05/20T17:48:40z: SSID: that iPhone
1 BSEC warning code : 100

 ets Jan  8 2013,rst cause:1, boot mode:(3,7)

load 0x4010f000, len 1384, room 16 
tail 8
chksum 0x2d
csum 0x2d
v8b899c12
~ld


7.04
 0h00:00.507 1970/01/01T08:00:00z: SPIFFS Active
 0h00:04.183 2026/05/20T18:08:21z: f0:24:f9:c2:c2:ed
 0h00:04.185 2026/05/20T18:08:21z: SSID: that iPhone
1 BSEC warning code : 100

1 BSEC warning code : 100

 ets Jan  8 2013,rst cause:1, boot mode:(3,7)

load 0x4010f000, len 1384, room 16 
tail 8
chksum 0x2d
csum 0x2d
v8b899c12
~ld


7.04
 0h00:00.569 1970/01/01T08:00:00z: SPIFFS Active
 0h00:04.245 2026/05/20T18:28:01z: f0:24:f9:c2:c2:ed
 0h00:04.247 2026/05/20T18:28:01z: SSID: that iPhone
1 BSEC warning code : 100

 ets Jan  8 2013,rst cause:1, boot mode:(3,7)

load 0x4010f000, len 1384, room 16 
tail 8
chksum 0x2d
csum 0x2d
v8b899c12
~ld


7.04
 0h00:00.613 1970/01/01T08:00:00z: SPIFFS Active
 0h00:04.289 2026/05/20T18:47:41z: f0:24:f9:c2:c2:ed
 0h00:04.290 2026/05/20T18:47:41z: SSID: that iPhone
1 BSEC warning code : 100

1 BSEC warning code : 100

 ets Jan  8 2013,rst cause:1, boot mode:(3,7)

load 0x4010f000, len 1384, room 16 
tail 8
chksum 0x2d
csum 0x2d
v8b899c12
~ld


7.04
 0h00:00.522 1970/01/01T08:00:00z: SPIFFS Active
 0h00:04.198 2026/05/20T19:07:22z: f0:24:f9:c2:c2:ed
 0h00:04.199 2026/05/20T19:07:22z: SSID: that iPhone
1 BSEC warning code : 100

1 BSEC warning code : 100

 ets Jan  8 2013,rst cause:1, boot mode:(3,7)

load 0x4010f000, len 1384, room 16 
tail 8
chksum 0x2d
csum 0x2d
v8b899c12
~ld


7.04
 0h00:00.557 1970/01/01T08:00:00z: SPIFFS Active
 0h00:04.233 2026/05/20T19:27:03z: f0:24:f9:c2:c2:ed
 0h00:04.235 2026/05/20T19:27:03z: SSID: that iPhone
1 BSEC warning code : 100

1 BSEC warning code : 100

 ets Jan  8 2013,rst cause:1, boot mode:(3,7)

load 0x4010f000, len 1384, room 16 
tail 8
chksum 0x2d
csum 0x2d
v8b899c12
~ld


7.04
 0h00:00.505 1970/01/01T08:00:00z: SPIFFS Active
 0h00:04.181 2026/05/20T19:46:43z: f0:24:f9:c2:c2:ed
 0h00:04.182 2026/05/20T19:46:43z: SSID: that iPhone
1 BSEC warning code : 100

1 BSEC warning code : 100

 ets Jan  8 2013,rst cause:1, boot mode:(3,7)

load 0x4010f000, len 1384, room 16 
tail 8
chksum 0x2d
csum 0x2d
v8b899c12
~ld


7.04
 0h00:00.517 1970/01/01T08:00:00z: SPIFFS Active
 0h00:04.194 2026/05/20T20:06:24z: f0:24:f9:c2:c2:ed
 0h00:04.195 2026/05/20T20:06:24z: SSID: that iPhone
1 BSEC warning code : 100

 ets Jan  8 2013,rst cause:1, boot mode:(3,7)

load 0x4010f000, len 1384, room 16 
tail 8
chksum 0x2d
csum 0x2d
v8b899c12
~ld


7.04
 0h00:00.514 1970/01/01T08:00:00z: SPIFFS Active
 0h00:04.190 2026/05/20T20:26:04z: f0:24:f9:c2:c2:ed
 0h00:04.192 2026/05/20T20:26:04z: SSID: that iPhone
1 BSEC warning code : 100

1 BSEC warning code : 100

 ets Jan  8 2013,rst cause:1, boot mode:(3,7)

load 0x4010f000, len 1384, room 16 
tail 8
chksum 0x2d
csum 0x2d
v8b899c12
~ld


7.04
 0h00:00.556 1970/01/01T08:00:00z: SPIFFS Active
 0h00:04.232 2026/05/20T20:45:45z: f0:24:f9:c2:c2:ed
 0h00:04.233 2026/05/20T20:45:45z: SSID: that iPhone
1 BSEC warning code : 100

1 BSEC warning code : 100

 ets Jan  8 2013,rst cause:1, boot mode:(3,7)

load 0x4010f000, len 1384, room 16 
tail 8
chksum 0x2d
csum 0x2d
v8b899c12
~ld


7.04
 0h00:00.510 1970/01/01T08:00:00z: SPIFFS Active
 0h00:04.186 2026/05/20T21:05:26z: f0:24:f9:c2:c2:ed
 0h00:04.187 2026/05/20T21:05:26z: SSID: that iPhone
1 BSEC warning code : 100

 ets Jan  8 2013,rst cause:1, boot mode:(3,7)

load 0x4010f000, len 1384, room 16 
tail 8
chksum 0x2d
csum 0x2d
v8b899c12
~ld


7.04
 0h00:00.559 1970/01/01T08:00:00z: SPIFFS Active
 0h00:04.235 2026/05/20T21:25:07z: f0:24:f9:c2:c2:ed
 0h00:04.236 2026/05/20T21:25:07z: SSID: that iPhone
1 BSEC warning code : 100

1 BSEC warning code : 100

 ets Jan  8 2013,rst cause:1, boot mode:(3,7)

load 0x4010f000, len 1384, room 16 
tail 8
chksum 0x2d
csum 0x2d
v8b899c12
~ld


7.04
 0h00:00.507 1970/01/01T08:00:00z: SPIFFS Active
 0h00:04.184 2026/05/20T21:44:47z: f0:24:f9:c2:c2:ed
 0h00:04.185 2026/05/20T21:44:47z: SSID: that iPhone
1 BSEC warning code : 100

 ets Jan  8 2013,rst cause:1, boot mode:(3,7)

load 0x4010f000, len 1384, room 16 
tail 8
chksum 0x2d
csum 0x2d
v8b899c12
~ld


7.04
 0h00:00.509 1970/01/01T08:00:00z: SPIFFS Active
 0h00:04.185 2026/05/20T22:04:27z: f0:24:f9:c2:c2:ed
 0h00:04.187 2026/05/20T22:04:27z: SSID: that iPhone
1 BSEC warning code : 100

1 BSEC warning code : 100
