
 ets Jan  8 2013,rst cause:1, boot mode:(3,7)

load 0x4010f000, len 1384, room 16 
tail 8
chksum 0x2d
csum 0x2d
v8b899c12
~ld


7.04
 0h00:00.523 1970/01/01T08:00:00z: SPIFFS Active
 0h00:04.199 2026/05/16T00:16:19z: f0:24:f9:c2:c2:ed
 0h00:04.200 2026/05/16T00:16:19z: SSID: that iPhone
1 BSEC warning code : 100

1 BSEC warning code : 100

 ets Jan  8 2013,rst cause:1, boot mode:(3,7)

load 0x4010f000, len 1384, room 16 
tail 8
chksum 0x2d
csum 0x2d
v8b899c12
~ld


7.04
 0h00:00.513 1970/01/01T08:00:00z: SPIFFS Active
 0h00:04.188 2026/05/16T00:36:00z: f0:24:f9:c2:c2:ed
 0h00:04.190 2026/05/16T00:36:00z: SSID: that iPhone
1 BSEC warning code : 100

 ets Jan  8 2013,rst cause:1, boot mode:(3,7)

load 0x4010f000, len 1384, room 16 
tail 8
chksum 0x2d
csum 0x2d
v8b899c12
~ld


7.04
 0h00:00.513 1970/01/01T08:00:00z: SPIFFS Active
 0h00:04.189 2026/05/16T00:55:41z: f0:24:f9:c2:c2:ed
 0h00:04.191 2026/05/16T00:55:41z: SSID: that iPhone
1 BSEC warning code : 100

1 BSEC warning code : 100

 ets Jan  8 2013,rst cause:1, boot mode:(3,7)

load 0x4010f000, len 1384, room 16 
tail 8
chksum 0x2d
csum 0x2d
v8b899c12
~ld


7.04
 0h00:00.499 1970/01/01T08:00:00z: SPIFFS Active
 0h00:04.175 2026/05/16T01:15:22z: f0:24:f9:c2:c2:ed
 0h00:04.177 2026/05/16T01:15:22z: SSID: that iPhone
1 BSEC warning code : 100

 ets Jan  8 2013,rst cause:1, boot mode:(3,7)

load 0x4010f000, len 1384, room 16 
tail 8
chksum 0x2d
csum 0x2d
v8b899c12
~ld


7.04
 0h00:00.607 1970/01/01T08:00:00z: SPIFFS Active
 0h00:04.283 2026/05/16T01:35:02z: f0:24:f9:c2:c2:ed
 0h00:04.285 2026/05/16T01:35:02z: SSID: that iPhone
1 BSEC warning code : 100

1 BSEC warning code : 100

 ets Jan  8 2013,rst cause:1, boot mode:(3,7)

load 0x4010f000, len 1384, room 16 
tail 8
chksum 0x2d
csum 0x2d
v8b899c12
~ld


7.04
 0h00:00.514 1970/01/01T08:00:00z: SPIFFS Active
 0h00:04.190 2026/05/16T01:54:42z: f0:24:f9:c2:c2:ed
 0h00:04.192 2026/05/16T01:54:42z: SSID: that iPhone
1 BSEC warning code : 100

 ets Jan  8 2013,rst cause:1, boot mode:(3,7)

load 0x4010f000, len 1384, room 16 
tail 8
chksum 0x2d
csum 0x2d
v8b899c12
~ld


7.04
 0h00:00.518 1970/01/01T08:00:00z: SPIFFS Active
 0h00:04.194 2026/05/16T02:14:23z: f0:24:f9:c2:c2:ed
 0h00:04.195 2026/05/16T02:14:23z: SSID: that iPhone
1 BSEC warning code : 100

1 BSEC warning code : 100

 ets Jan  8 2013,rst cause:1, boot mode:(3,7)

load 0x4010f000, len 1384, room 16 
tail 8
chksum 0x2d
csum 0x2d
v8b899c12
~ld


7.04
 0h00:00.505 1970/01/01T08:00:00z: SPIFFS Active
 0h00:04.181 2026/05/16T02:34:04z: f0:24:f9:c2:c2:ed
 0h00:04.183 2026/05/16T02:34:04z: SSID: that iPhone
1 BSEC warning code : 100

 ets Jan  8 2013,rst cause:1, boot mode:(3,7)

load 0x4010f000, len 1384, room 16 
tail 8
chksum 0x2d
csum 0x2d
v8b899c12
~ld


7.04
 0h00:00.557 1970/01/01T08:00:00z: SPIFFS Active
 0h00:04.233 2026/05/16T02:53:45z: f0:24:f9:c2:c2:ed
 0h00:04.235 2026/05/16T02:53:45z: SSID: that iPhone
 0h00:12.994 2026/05/16T02:53:53z: PMSX003-A (1346ms)
 0h00:14.653 2026/05/16T02:53:55z: PMSX003-B (1657ms)
 0h00:14.654 2026/05/16T02:53:55z: 3.0+RV3028+BME68X+KX122+PMSX003-A+PMSX003-B
 0h00:15.676 2026/05/16T02:53:56z: p:1018.57 gasR:2152956.75 iaq:63.40(0) T:10.35(13.35) H:87.76(50.95) sIaq:69.19(0) Stabilization:1 Run in:0
 0h00:16.421 2026/05/16T02:53:57z: DATA A(2),50,87,46,1018.57,4.92,26432,0,16,1,2,2,1,2,2,8,8,264,75,16,2,0,0,69.19
 0h00:16.676 2026/05/16T02:53:57z: p:1018.59 gasR:2164904.75 iaq:63.40(0) T:10.64(16.25) H:86.08(51.58) sIaq:69.19(0) Stabilization:1 Run in:0
 0h00:17.256 2026/05/16T02:53:58z: DATA A(3),51,86,46,1018.59,4.92,26432,0,17,1,2,2,1,2,2,8,8,264,75,16,2,0,0,69.19
 0h00:17.676 2026/05/16T02:53:58z: p:1018.68 gasR:2173520.75 iaq:63.40(0) T:11.16(16.77) H:82.27(51.48) sIaq:69.19(0) Stabilization:1 Run in:0
 0h00:18.163 2026/05/16T02:53:58z: DATA A(4),52,82,46,1018.68,4.89,26432,0,18,1,2,2,1,2,2,8,8,279,87,16,2,0,0,69.19
 0h00:18.676 2026/05/16T02:53:59z: p:1018.71 gasR:2180463.25 iaq:63.40(0) T:11.38(16.98) H:80.03(51.15) sIaq:69.19(0) Stabilization:1 Run in:0
 0h00:18.998 2026/05/16T02:53:59z: DATA A(5),52,80,46,1018.71,4.90,26432,0,19,1,2,2,1,2,2,8,8,279,87,16,2,0,0,69.19
 0h00:19.676 2026/05/16T02:54:00z: p:1018.70 gasR:2158061.00 iaq:63.40(0) T:11.51(17.11) H:78.25(50.75) sIaq:69.19(0) Stabilization:1 Run in:0
 0h00:19.834 2026/05/16T02:54:00z: DATA A(6),52,78,45,1018.70,4.90,26432,0,19,1,2,2,1,2,2,8,8,279,87,16,2,0,0,69.19
 0h00:20.676 2026/05/16T02:54:01z: p:1018.66 gasR:2187450.00 iaq:63.40(0) T:11.59(17.19) H:76.84(50.35) sIaq:69.19(0) Stabilization:1 Run in:0
 0h00:21.554 2026/05/16T02:54:02z: DATA B(2),52,76,44,1018.66,4.92,26432,0,21,1,1,1,1,1,1,4,4,282,77,6,1,0,0,69.19
 0h00:21.676 2026/05/16T02:54:02z: p:1018.64 gasR:2196246.75 iaq:63.40(0) T:11.65(17.25) H:75.62(49.96) sIaq:69.19(0) Stabilization:1 Run in:0
 0h00:22.388 2026/05/16T02:54:03z: DATA B(3),52,75,44,1018.64,4.91,26432,0,22,1,1,1,1,1,1,4,4,282,77,6,1,0,0,69.19
 0h00:22.676 2026/05/16T02:54:03z: p:1018.63 gasR:2196246.75 iaq:63.40(0) T:11.70(17.30) H:74.56(49.62) sIaq:69.19(0) Stabilization:1 Run in:0
 0h00:23.293 2026/05/16T02:54:04z: DATA B(4),53,74,45,1018.63,4.92,26432,0,23,0,1,1,0,1,1,4,4,246,66,6,2,0,0,69.19
 0h00:23.676 2026/05/16T02:54:04z: p:1018.64 gasR:2206896.50 iaq:63.21(0) T:11.75(17.36) H:73.60(49.31) sIaq:68.92(0) Stabilization:1 Run in:0
 0h00:24.128 2026/05/16T02:54:04z: DATA B(5),53,73,44,1018.64,4.93,26432,0,24,0,1,1,0,1,1,4,4,246,66,6,2,0,0,68.92
 0h00:24.677 2026/05/16T02:54:05z: p:1018.60 gasR:2196246.75 iaq:63.11(0) T:11.80(17.39) H:72.77(49.03) sIaq:68.77(0) Stabilization:1 Run in:0
 0h00:24.962 2026/05/16T02:54:05z: DATA B(6),53,72,44,1018.60,4.93,26120,0,24,0,1,1,0,1,1,4,4,246,66,6,2,0,0,68.77
 0h00:25.676 2026/05/16T02:54:06z: p:1018.63 gasR:2194481.75 iaq:63.03(0) T:11.84(17.44) H:72.03(48.77) sIaq:68.66(0) Stabilization:1 Run in:0
 0h00:25.894 2026/05/16T02:54:06z: DATA A(7),53,72,44,1018.63,4.92,26432,0,25,1,2,2,1,2,2,8,8,279,87,14,2,0,0,68.66
 0h00:26.676 2026/05/16T02:54:07z: p:1018.56 gasR:2196246.75 iaq:62.95(0) T:11.88(17.48) H:71.34(48.53) sIaq:68.54(0) Stabilization:1 Run in:0
 0h00:26.730 2026/05/16T02:54:07z: DATA A(8),53,71,43,1018.56,4.93,26432,0,26,1,2,2,1,2,2,8,8,279,87,14,2,0,0,68.54
 0h00:27.566 2026/05/16T02:54:08z: DATA A(9),53,71,43,1018.56,4.91,26432,0,27,1,2,2,1,2,2,8,8,279,87,14,2,0,0,68.54
 0h00:27.676 2026/05/16T02:54:08z: p:1018.56 gasR:2196246.75 iaq:62.88(0) T:11.91(17.51) H:70.77(48.34) sIaq:68.44(0) Stabilization:1 Run in:0
 0h00:28.477 2026/05/16T02:54:09z: DATA A(10),53,70,43,1018.56,4.91,26432,0,28,1,2,2,1,2,2,8,8,258,79,11,2,0,0,68.44
 0h00:28.676 2026/05/16T02:54:09z: p:1018.61 gasR:2198014.50 iaq:62.80(0) T:11.93(17.53) H:70.33(48.15) sIaq:68.34(0) Stabilization:1 Run in:0
 0h00:29.307 2026/05/16T02:54:10z: DATA A(11),53,70,43,1018.61,4.91,26432,0,29,1,2,2,1,2,2,8,8,258,79,11,2,0,0,68.34
 0h00:29.676 2026/05/16T02:54:10z: p:1018.67 gasR:2201558.75 iaq:62.72(0) T:11.94(17.54) H:69.93(47.98) sIaq:68.21(0) Stabilization:1 Run in:0
 0h00:30.676 2026/05/16T02:54:11z: p:1018.66 gasR:2201558.75 iaq:62.64(0) T:11.96(17.56) H:69.48(47.79) sIaq:68.10(0) Stabilization:1 Run in:0
 0h00:31.676 2026/05/16T02:54:12z: p:1018.62 gasR:2201558.75 iaq:62.58(0) T:11.96(17.57) H:69.20(47.66) sIaq:68.01(0) Stabilization:1 Run in:0
 0h00:31.849 2026/05/16T02:54:12z: DATA B(7),53,69,43,1018.62,4.90,26432,0,31,0,1,1,0,1,1,4,4,228,59,6,2,0,0,68.01
 0h00:32.677 2026/05/16T02:54:13z: p:1018.63 gasR:2203335.25 iaq:62.51(0) T:11.97(17.57) H:68.95(47.54) sIaq:67.91(0) Stabilization:1 Run in:0
 0h00:32.693 2026/05/16T02:54:13z: DATA B(8),53,68,43,1018.63,4.92,26432,0,32,0,1,1,0,1,1,4,4,228,59,6,2,0,0,67.91
 0h00:33.588 2026/05/16T02:54:14z: DATA B(9),53,68,43,1018.63,4.91,26432,0,33,0,1,1,0,1,1,4,4,201,54,6,2,0,0,67.91
 0h00:33.677 2026/05/16T02:54:14z: p:1018.60 gasR:2210469.50 iaq:62.40(0) T:11.96(17.57) H:68.70(47.40) sIaq:67.75(0) Stabilization:1 Run in:0
 0h00:34.423 2026/05/16T02:54:15z: DATA B(10),53,68,42,1018.60,4.91,26432,0,34,0,1,1,0,1,1,4,4,201,54,6,2,0,0,67.75
 0h00:34.676 2026/05/16T02:54:15z: p:1018.66 gasR:2210469.50 iaq:62.30(0) T:11.98(17.58) H:68.42(47.29) sIaq:67.62(0) Stabilization:1 Run in:0
 0h00:35.676 2026/05/16T02:54:16z: p:1018.66 gasR:2206896.50 iaq:62.25(0) T:12.01(17.61) H:68.11(47.18) sIaq:67.54(0) Stabilization:1 Run in:0
 0h00:36.204 2026/05/16T02:54:16z: DATA A(12),53,68,42,1018.66,4.92,26432,0,36,1,2,2,1,2,2,8,8,279,85,11,2,0,0,67.54
 0h00:36.676 2026/05/16T02:54:17z: p:1018.65 gasR:2226692.00 iaq:62.05(0) T:12.00(17.61) H:67.93(47.07) sIaq:67.26(0) Stabilization:1 Run in:0
 0h00:37.039 2026/05/16T02:54:17z: DATA A(13),53,67,42,1018.65,4.90,26432,0,37,1,2,2,1,2,2,8,8,279,85,11,2,0,0,67.26
 0h00:37.677 2026/05/16T02:54:18z: p:1018.63 gasR:2214054.00 iaq:61.98(0) T:12.02(17.62) H:67.75(47.01) sIaq:67.15(0) Stabilization:1 Run in:0
 0h00:37.877 2026/05/16T02:54:18z: DATA A(14),53,67,42,1018.63,4.90,26432,0,37,1,2,2,1,2,2,8,8,279,85,11,2,0,0,67.15
 0h00:38.676 2026/05/16T02:54:19z: p:1018.64 gasR:2219452.75 iaq:61.87(0) T:12.04(17.64) H:67.56(46.95) sIaq:67.00(0) Stabilization:1 Run in:0
 0h00:38.781 2026/05/16T02:54:19z: DATA A(15),53,67,42,1018.64,4.91,26432,0,38,1,2,2,1,2,2,8,8,273,82,10,1,0,0,67.00
 0h00:39.616 2026/05/16T02:54:20z: DATA A(16),53,67,42,1018.64,4.92,26432,0,39,1,2,2,1,2,2,8,8,273,82,10,1,0,0,67.00
 0h00:39.676 2026/05/16T02:54:20z: p:1018.70 gasR:2205114.50 iaq:61.89(0) T:12.06(17.66) H:67.37(46.89) sIaq:67.03(0) Stabilization:1 Run in:0
 0h00:40.676 2026/05/16T02:54:21z: p:1018.68 gasR:2217650.25 iaq:61.81(0) T:12.07(17.67) H:67.21(46.82) sIaq:66.92(0) Stabilization:1 Run in:0
 0h00:41.310 2026/05/16T02:54:22z: DATA B(11),53,67,42,1018.68,4.89,26432,0,41,0,1,1,0,1,1,4,4,234,59,11,3,0,0,66.92
 0h00:41.676 2026/05/16T02:54:22z: p:1018.69 gasR:2217650.25 iaq:61.75(0) T:12.08(17.68) H:67.11(46.77) sIaq:66.82(0) Stabilization:1 Run in:0
 0h00:42.145 2026/05/16T02:54:22z: DATA B(12),53,67,42,1018.69,4.90,26432,0,42,0,1,1,0,1,1,4,4,234,59,11,3,0,0,66.82
 0h00:42.677 2026/05/16T02:54:23z: p:1018.69 gasR:2201558.75 iaq:61.81(0) T:12.09(17.69) H:67.02(46.76) sIaq:66.92(0) Stabilization:1 Run in:0
 0h00:42.979 2026/05/16T02:54:23z: DATA B(13),53,67,42,1018.69,4.91,26432,0,42,0,1,1,0,1,1,4,4,234,59,11,3,0,0,66.92
 0h00:43.676 2026/05/16T02:54:24z: p:1018.69 gasR:2219452.75 iaq:61.74(0) T:12.11(17.71) H:66.89(46.70) sIaq:66.81(0) Stabilization:1 Run in:0
 0h00:43.884 2026/05/16T02:54:24z: DATA B(14),53,66,42,1018.69,4.91,26432,0,43,0,1,1,0,1,1,4,4,201,52,8,3,0,0,66.81
 0h00:44.677 2026/05/16T02:54:25z: p:1018.71 gasR:2203335.25 iaq:61.79(0) T:12.13(17.73) H:66.78(46.68) sIaq:66.89(0) Stabilization:1 Run in:0
 0h00:44.719 2026/05/16T02:54:25z: DATA B(15),53,66,42,1018.71,4.93,26432,0,44,0,1,1,0,1,1,4,4,201,52,8,3,0,0,66.89
 0h00:45.676 2026/05/16T02:54:26z: p:1018.70 gasR:2215850.75 iaq:61.75(0) T:12.15(17.75) H:66.70(46.68) sIaq:66.83(0) Stabilization:1 Run in:0
 0h00:46.513 2026/05/16T02:54:27z: DATA A(17),53,66,42,1018.70,4.92,26432,0,46,1,1,1,1,1,1,4,4,252,69,11,2,0,0,66.83
 0h00:46.676 2026/05/16T02:54:27z: p:1018.69 gasR:2208681.50 iaq:61.77(0) T:12.17(17.77) H:66.61(46.65) sIaq:66.85(0) Stabilization:1 Run in:0
 0h00:47.349 2026/05/16T02:54:28z: DATA A(18),53,66,42,1018.69,4.91,26432,0,47,1,1,1,1,1,1,4,4,252,69,11,2,0,0,66.85
 0h00:47.676 2026/05/16T02:54:28z: p:1018.71 gasR:2210469.50 iaq:61.77(0) T:12.18(17.79) H:66.54(46.64) sIaq:66.85(0) Stabilization:1 Run in:0
 0h00:48.184 2026/05/16T02:54:28z: DATA A(19),53,66,42,1018.71,4.93,26432,0,48,1,1,1,1,1,1,4,4,252,69,11,2,0,0,66.85
 0h00:48.676 2026/05/16T02:54:29z: p:1018.72 gasR:2203335.25 iaq:61.82(0) T:12.21(17.81) H:66.43(46.61) sIaq:66.93(0) Stabilization:1 Run in:0
 0h00:49.090 2026/05/16T02:54:29z: DATA A(20),53,66,42,1018.72,4.90,26432,0,49,1,2,2,1,2,2,8,8,267,76,16,2,0,0,66.93
 0h00:49.676 2026/05/16T02:54:30z: p:1018.69 gasR:2201558.75 iaq:61.89(0) T:12.23(17.83) H:66.39(46.63) sIaq:67.03(0) Stabilization:1 Run in:0
 0h00:49.926 2026/05/16T02:54:30z: DATA A(21),54,66,43,1018.69,4.90,26432,0,49,1,2,2,1,2,2,8,8,267,76,16,2,0,0,67.03
 0h00:50.677 2026/05/16T02:54:31z: p:1018.67 gasR:2201558.75 iaq:61.95(0) T:12.24(17.84) H:66.36(46.60) sIaq:67.11(0) Stabilization:1 Run in:0
 0h00:51.606 2026/05/16T02:54:32z: DATA B(16),54,66,43,1018.67,4.89,26432,0,51,0,1,1,0,1,1,4,4,225,58,8,2,1,0,67.11
 0h00:51.677 2026/05/16T02:54:32z: p:1018.70 gasR:2212260.25 iaq:61.92(0) T:12.27(17.87) H:66.26(46.59) sIaq:67.06(0) Stabilization:1 Run in:0
 0h00:52.441 2026/05/16T02:54:33z: DATA B(17),54,66,43,1018.70,4.93,26432,0,52,0,1,1,0,1,1,4,4,225,58,8,2,1,0,67.06
 0h00:52.676 2026/05/16T02:54:33z: p:1018.72 gasR:2208681.50 iaq:61.92(0) T:12.28(17.88) H:66.25(46.60) sIaq:67.06(0) Stabilization:1 Run in:0
 0h00:53.277 2026/05/16T02:54:34z: DATA B(18),54,66,42,1018.72,4.90,26432,0,53,0,1,1,0,1,1,4,4,225,58,8,2,1,0,67.06
 0h00:53.676 2026/05/16T02:54:34z: p:1018.71 gasR:2221258.25 iaq:61.82(0) T:12.30(17.90) H:66.20(46.59) sIaq:66.93(0) Stabilization:1 Run in:0
 0h00:54.180 2026/05/16T02:54:34z: DATA B(19),54,66,42,1018.71,4.89,26432,0,54,0,1,2,0,1,2,4,4,216,60,10,3,1,0,66.93
 0h00:54.676 2026/05/16T02:54:35z: p:1018.68 gasR:2205114.50 iaq:61.86(0) T:12.31(17.91) H:66.18(46.57) sIaq:66.98(0) Stabilization:1 Run in:0
 0h00:55.015 2026/05/16T02:54:35z: DATA B(20),54,66,42,1018.68,4.90,26432,0,55,0,1,2,0,1,2,4,4,216,60,10,3,1,0,66.98
 0h00:55.676 2026/05/16T02:54:36z: p:1018.68 gasR:2199785.25 iaq:61.94(0) T:12.33(17.93) H:66.17(46.59) sIaq:67.09(0) Stabilization:1 Run in:0
 0h00:56.676 2026/05/16T02:54:37z: p:1018.67 gasR:2208681.50 iaq:61.94(0) T:12.33(17.94) H:66.19(46.58) sIaq:67.09(0) Stabilization:1 Run in:0
 0h00:56.822 2026/05/16T02:54:37z: DATA A(22),54,66,42,1018.67,4.93,26432,0,56,1,2,2,1,2,2,8,8,246,75,13,2,0,0,67.09
 0h00:57.658 2026/05/16T02:54:38z: DATA A(23),54,66,42,1018.67,4.90,26432,0,57,1,2,2,1,2,2,8,8,246,75,13,2,0,0,67.09
 0h00:57.684 2026/05/16T02:54:38z: p:1018.65 gasR:2205114.50 iaq:61.96(0) T:12.39(17.94) H:65.97(46.57) sIaq:67.13(0) Stabilization:1 Run in:0
 0h00:58.494 2026/05/16T02:54:39z: DATA A(24),54,65,42,1018.65,4.93,26432,0,58,1,2,2,1,2,2,8,8,246,75,13,2,0,0,67.13
 0h00:58.683 2026/05/16T02:54:39z: p:1018.69 gasR:2208681.50 iaq:61.96(0) T:12.30(17.91) H:66.38(46.57) sIaq:67.13(0) Stabilization:1 Run in:0
 0h00:59.400 2026/05/16T02:54:40z: DATA A(25),54,66,43,1018.69,4.93,26432,0,59,1,1,1,1,1,1,4,4,255,75,10,1,0,0,67.13
 0h00:59.683 2026/05/16T02:54:40z: p:1018.69 gasR:2210469.50 iaq:61.94(0) T:12.38(17.98) H:66.13(46.59) sIaq:67.11(0) Stabilization:1 Run in:0
 0h01:00.235 2026/05/16T02:54:41z: DATA A(26),54,66,42,1018.69,4.90,26432,0,60,1,1,1,1,1,1,4,4,255,75,10,1,0,0,67.11
 0h01:00.683 2026/05/16T02:54:41z: p:1018.68 gasR:2206896.50 iaq:61.96(0) T:12.38(17.99) H:66.14(46.57) sIaq:67.12(0) Stabilization:1 Run in:0
 0h01:01.683 2026/05/16T02:54:42z: p:1018.69 gasR:2206896.50 iaq:61.97(0) T:12.39(17.99) H:66.17(46.57) sIaq:67.14(0) Stabilization:1 Run in:0
 0h01:01.902 2026/05/16T02:54:42z: DATA B(21),54,66,42,1018.69,4.89,26432,0,61,0,1,2,0,1,2,4,4,285,81,11,2,1,0,67.14
 0h01:02.683 2026/05/16T02:54:43z: p:1018.69 gasR:2198014.50 iaq:62.05(0) T:12.41(18.01) H:66.14(46.57) sIaq:67.25(0) Stabilization:1 Run in:0
 0h01:02.737 2026/05/16T02:54:43z: DATA B(22),54,66,42,1018.69,4.92,26432,0,62,0,1,2,0,1,2,4,4,285,81,11,2,1,0,67.25
 0h01:03.577 2026/05/16T02:54:44z: DATA B(23),54,66,42,1018.69,4.90,26432,0,63,0,1,2,0,1,2,4,4,285,81,11,2,1,0,67.25
 0h01:03.683 2026/05/16T02:54:44z: p:1018.67 gasR:2215850.75 iaq:61.98(0) T:12.41(18.02) H:66.15(46.57) sIaq:67.15(0) Stabilization:1 Run in:0
 0h01:04.477 2026/05/16T02:54:45z: DATA B(24),54,66,42,1018.67,4.89,26432,0,64,0,1,2,0,1,2,4,4,279,77,10,2,1,0,67.15
 0h01:04.683 2026/05/16T02:54:45z: p:1018.70 gasR:2214054.00 iaq:61.93(0) T:12.42(18.03) H:66.17(46.58) sIaq:67.09(0) Stabilization:1 Run in:0
 0h01:05.311 2026/05/16T02:54:46z: DATA B(25),54,66,42,1018.70,4.91,26432,0,65,0,1,2,0,1,2,4,4,279,77,10,2,1,0,67.09
 0h01:05.683 2026/05/16T02:54:46z: p:1018.72 gasR:2189203.75 iaq:62.08(0) T:12.42(18.02) H:66.23(46.57) sIaq:67.30(0) Stabilization:1 Run in:0
 0h01:06.683 2026/05/16T02:54:47z: p:1018.68 gasR:2201558.75 iaq:62.12(0) T:12.44(18.04) H:66.18(46.57) sIaq:67.36(0) Stabilization:1 Run in:0
 0h01:07.132 2026/05/16T02:54:47z: DATA A(27),54,66,42,1018.68,4.90,26432,0,67,1,2,2,1,2,2,8,8,276,82,12,1,0,0,67.36
 0h01:07.683 2026/05/16T02:54:48z: p:1018.67 gasR:2208681.50 iaq:62.10(0) T:12.44(18.04) H:66.23(46.57) sIaq:67.33(0) Stabilization:1 Run in:0
 0h01:07.968 2026/05/16T02:54:48z: DATA A(28),54,66,42,1018.67,4.92,26432,0,67,1,2,2,1,2,2,8,8,276,82,12,1,0,0,67.33
 0h01:08.683 2026/05/16T02:54:49z: p:1018.67 gasR:2212260.25 iaq:62.05(0) T:12.44(18.04) H:66.24(46.56) sIaq:67.26(0) Stabilization:1 Run in:0
 0h01:08.803 2026/05/16T02:54:49z: DATA A(29),54,66,42,1018.67,4.90,26432,0,68,1,2,2,1,2,2,8,8,276,82,12,1,0,0,67.26
 0h01:09.684 2026/05/16T02:54:50z: p:1018.61 gasR:2206896.50 iaq:62.05(0) T:12.44(18.04) H:66.28(46.56) sIaq:67.26(0) Stabilization:1 Run in:0
 0h01:09.710 2026/05/16T02:54:50z: DATA A(30),54,66,43,1018.61,4.92,26432,0,69,1,1,1,1,1,1,4,4,252,76,10,0,0,0,67.26
 0h01:10.545 2026/05/16T02:54:51z: DATA A(31),54,66,43,1018.61,4.91,26432,0,70,1,1,1,1,1,1,4,4,252,76,10,0,0,0,67.26
 0h01:10.683 2026/05/16T02:54:51z: p:1018.66 gasR:2217650.25 iaq:61.97(0) T:12.45(18.05) H:66.25(46.54) sIaq:67.14(0) Stabilization:1 Run in:0
 0h01:11.683 2026/05/16T02:54:52z: p:1018.64 gasR:2201558.75 iaq:62.02(0) T:12.45(18.05) H:66.28(46.55) sIaq:67.22(0) Stabilization:1 Run in:0
 0h01:12.199 2026/05/16T02:54:52z: DATA B(26),54,66,43,1018.64,4.90,26432,0,72,0,1,2,0,1,2,4,4,219,65,11,2,1,0,67.22
 0h01:12.683 2026/05/16T02:54:53z: p:1018.68 gasR:2221258.25 iaq:61.92(0) T:12.46(18.06) H:66.30(46.57) sIaq:67.07(0) Stabilization:1 Run in:0
 0h01:13.033 2026/05/16T02:54:53z: DATA B(27),54,66,43,1018.68,4.92,26432,0,73,0,1,2,0,1,2,4,4,219,65,11,2,1,0,67.07
 0h01:13.684 2026/05/16T02:54:54z: p:1018.65 gasR:2201558.75 iaq:61.97(0) T:12.46(18.06) H:66.34(46.58) sIaq:67.15(0) Stabilization:1 Run in:0
 0h01:13.868 2026/05/16T02:54:54z: DATA B(28),54,66,43,1018.65,4.90,26432,0,73,0,1,2,0,1,2,4,4,219,65,11,2,1,0,67.15
 0h01:14.683 2026/05/16T02:54:55z: p:1018.66 gasR:2201558.75 iaq:62.02(0) T:12.47(18.07) H:66.30(46.55) sIaq:67.22(0) Stabilization:1 Run in:0
 0h01:14.777 2026/05/16T02:54:55z: DATA B(29),54,66,43,1018.66,4.89,26432,0,74,0,1,1,0,1,1,4,4,195,57,10,1,0,0,67.22
 0h01:15.607 2026/05/16T02:54:56z: DATA B(30),54,66,43,1018.66,4.92,26432,0,75,0,1,1,0,1,1,4,4,195,57,10,1,0,0,67.22
 0h01:15.683 2026/05/16T02:54:56z: p:1018.59 gasR:2219452.75 iaq:61.93(0) T:12.47(18.07) H:66.32(46.55) sIaq:67.09(0) Stabilization:1 Run in:0
 0h01:16.683 2026/05/16T02:54:57z: p:1018.64 gasR:2208681.50 iaq:61.93(0) T:12.46(18.06) H:66.40(46.54) sIaq:67.09(0) Stabilization:1 Run in:0
 0h01:17.442 2026/05/16T02:54:58z: DATA A(32),54,66,43,1018.64,4.90,26432,0,77,1,1,1,1,1,1,4,4,258,79,4,0,0,0,67.09
 0h01:17.683 2026/05/16T02:54:58z: p:1018.69 gasR:2208681.50 iaq:61.93(0) T:12.46(18.06) H:66.41(46.55) sIaq:67.09(0) Stabilization:1 Run in:0
 0h01:18.277 2026/05/16T02:54:59z: DATA A(33),54,66,43,1018.69,4.91,26432,0,78,1,1,1,1,1,1,4,4,258,79,4,0,0,0,67.09
 0h01:18.683 2026/05/16T02:54:59z: p:1018.68 gasR:2205114.50 iaq:61.96(0) T:12.46(18.06) H:66.40(46.52) sIaq:67.13(0) Stabilization:1 Run in:0
 0h01:19.113 2026/05/16T02:54:59z: DATA A(34),54,66,43,1018.68,4.93,26432,0,79,1,1,1,1,1,1,4,4,258,79,4,0,0,0,67.13
 0h01:19.683 2026/05/16T02:55:00z: p:1018.67 gasR:2223066.50 iaq:61.85(0) T:12.45(18.05) H:66.41(46.49) sIaq:66.97(0) Stabilization:1 Run in:0
 0h01:20.019 2026/05/16T02:55:00z: DATA A(35),54,66,43,1018.67,4.91,26432,0,80,1,1,1,1,1,1,4,4,240,73,8,0,0,0,66.97
 0h01:20.683 2026/05/16T02:55:01z: p:1018.66 gasR:2210469.50 iaq:61.85(0) T:12.46(18.06) H:66.37(46.48) sIaq:66.97(0) Stabilization:1 Run in:0
 0h01:20.854 2026/05/16T02:55:01z: DATA A(36),54,66,43,1018.66,4.90,26432,0,80,1,1,1,1,1,1,4,4,240,73,8,0,0,0,66.97
 0h01:21.683 2026/05/16T02:55:02z: p:1018.58 gasR:2223066.50 iaq:61.75(0) T:12.47(18.07) H:66.39(46.50) sIaq:66.83(0) Stabilization:1 Run in:0
 0h01:22.495 2026/05/16T02:55:03z: DATA B(31),54,66,43,1018.58,4.90,26432,0,82,0,1,2,0,1,2,4,4,243,65,11,3,1,0,66.83
 0h01:22.683 2026/05/16T02:55:03z: p:1018.61 gasR:2215850.75 iaq:61.72(0) T:12.45(18.06) H:66.42(46.47) sIaq:66.79(0) Stabilization:1 Run in:0
 0h01:23.329 2026/05/16T02:55:04z: DATA B(32),54,66,43,1018.61,4.90,26432,0,83,0,1,2,0,1,2,4,4,243,65,11,3,1,0,66.79
 0h01:23.683 2026/05/16T02:55:04z: p:1018.63 gasR:2212260.25 iaq:61.72(0) T:12.45(18.05) H:66.45(46.46) sIaq:66.79(0) Stabilization:1 Run in:0
 0h01:24.164 2026/05/16T02:55:04z: DATA B(33),54,66,43,1018.63,4.90,26432,0,84,0,1,2,0,1,2,4,4,243,65,11,3,1,0,66.79
 0h01:24.683 2026/05/16T02:55:05z: p:1018.65 gasR:2206896.50 iaq:61.77(0) T:12.44(18.04) H:66.43(46.43) sIaq:66.85(0) Stabilization:1 Run in:0
 0h01:25.069 2026/05/16T02:55:05z: DATA B(34),54,66,43,1018.65,4.89,26432,0,85,0,1,1,0,1,1,4,4,234,59,9,3,1,0,66.85
 0h01:25.683 2026/05/16T02:55:06z: p:1018.66 gasR:2198014.50 iaq:61.87(0) T:12.44(18.04) H:66.44(46.42) sIaq:67.01(0) Stabilization:1 Run in:0
 0h01:25.903 2026/05/16T02:55:06z: DATA B(35),54,66,43,1018.66,4.92,26432,0,85,0,1,1,0,1,1,4,4,234,59,9,3,1,0,67.01
 0h01:26.683 2026/05/16T02:55:07z: p:1018.64 gasR:2210469.50 iaq:61.87(0) T:12.44(18.04) H:66.42(46.41) sIaq:67.00(0) Stabilization:1 Run in:0
 0h01:27.683 2026/05/16T02:55:08z: p:1018.66 gasR:2206896.50 iaq:61.90(0) T:12.43(18.03) H:66.43(46.37) sIaq:67.05(0) Stabilization:1 Run in:0
 0h01:27.751 2026/05/16T02:55:08z: DATA A(37),54,66,43,1018.66,4.90,26432,0,87,1,1,2,1,1,2,4,4,258,82,14,1,0,0,67.05
 0h01:28.587 2026/05/16T02:55:09z: DATA A(38),54,66,43,1018.66,4.93,26432,0,88,1,1,2,1,1,2,4,4,258,82,14,1,0,0,67.05
 0h01:28.683 2026/05/16T02:55:09z: p:1018.66 gasR:2212260.25 iaq:61.89(0) T:12.42(18.02) H:66.45(46.36) sIaq:67.02(0) Stabilization:1 Run in:0
 0h01:29.422 2026/05/16T02:55:10z: DATA A(39),54,66,43,1018.66,4.91,26432,0,89,1,1,2,1,1,2,4,4,258,82,14,1,0,0,67.02
 0h01:29.683 2026/05/16T02:55:10z: p:1018.66 gasR:2208681.50 iaq:61.90(0) T:12.42(18.02) H:66.42(46.35) sIaq:67.04(0) Stabilization:1 Run in:0
 0h01:30.328 2026/05/16T02:55:11z: DATA A(40),54,66,43,1018.66,4.90,26432,0,90,1,1,1,1,1,1,4,4,237,75,14,1,0,0,67.04
 0h01:30.683 2026/05/16T02:55:11z: p:1018.70 gasR:2224877.75 iaq:61.79(0) T:12.43(18.03) H:66.32(46.31) sIaq:66.89(0) Stabilization:1 Run in:0
 0h01:31.164 2026/05/16T02:55:11z: DATA A(41),54,66,43,1018.70,4.92,26432,0,91,1,1,1,1,1,1,4,4,237,75,14,1,0,0,66.89
 0h01:31.683 2026/05/16T02:55:12z: p:1018.68 gasR:2224877.75 iaq:61.69(0) T:12.43(18.04) H:66.29(46.30) sIaq:66.75(0) Stabilization:1 Run in:0
 0h01:32.683 2026/05/16T02:55:13z: p:1018.66 gasR:2226692.00 iaq:61.59(0) T:12.46(18.06) H:66.23(46.32) sIaq:66.60(0) Stabilization:1 Run in:0
 0h01:32.791 2026/05/16T02:55:13z: DATA B(36),54,66,42,1018.66,4.89,26432,0,92,0,1,2,0,1,2,4,4,207,54,11,4,1,0,66.60
 0h01:33.625 2026/05/16T02:55:14z: DATA B(37),54,66,42,1018.66,4.92,26432,0,93,0,1,2,0,1,2,4,4,207,54,11,4,1,0,66.60
 0h01:33.683 2026/05/16T02:55:14z: p:1018.66 gasR:2217650.25 iaq:61.58(0) T:12.47(18.07) H:66.17(46.30) sIaq:66.58(0) Stabilization:1 Run in:0
 0h01:34.460 2026/05/16T02:55:15z: DATA B(38),54,66,42,1018.66,4.90,26432,0,94,0,1,2,0,1,2,4,4,207,54,11,4,1,0,66.58
 0h01:34.683 2026/05/16T02:55:15z: p:1018.59 gasR:2212260.25 iaq:61.60(0) T:12.48(18.08) H:66.13(46.31) sIaq:66.61(0) Stabilization:1 Run in:0
 0h01:35.365 2026/05/16T02:55:16z: DATA B(39),54,66,42,1018.59,4.86,26432,0,95,0,1,2,0,1,2,4,4,237,62,11,4,1,0,66.61
 0h01:35.683 2026/05/16T02:55:16z: p:1018.62 gasR:2208681.50 iaq:61.65(0) T:12.48(18.08) H:66.17(46.30) sIaq:66.68(0) Stabilization:1 Run in:0
 0h01:36.199 2026/05/16T02:55:16z: DATA B(40),54,66,42,1018.62,4.90,26432,0,96,0,1,2,0,1,2,4,4,237,62,11,4,1,0,66.68
 0h01:36.684 2026/05/16T02:55:17z: p:1018.63 gasR:2212260.25 iaq:61.67(0) T:12.46(18.06) H:66.24(46.30) sIaq:66.71(0) Stabilization:1 Run in:0
 0h01:37.683 2026/05/16T02:55:18z: p:1018.63 gasR:2205114.50 iaq:61.74(0) T:12.44(18.04) H:66.30(46.28) sIaq:66.81(0) Stabilization:1 Run in:0
 0h01:38.061 2026/05/16T02:55:18z: DATA A(42),54,66,43,1018.63,4.90,26432,0,98,1,2,2,1,2,2,8,8,270,81,19,2,0,0,66.81
 0h01:38.683 2026/05/16T02:55:19z: p:1018.67 gasR:2208681.50 iaq:61.77(0) T:12.43(18.03) H:66.33(46.27) sIaq:66.86(0) Stabilization:1 Run in:0
 0h01:38.896 2026/05/16T02:55:19z: DATA A(43),54,66,43,1018.67,4.90,26432,0,98,1,2,2,1,2,2,8,8,270,81,19,2,0,0,66.86
 0h01:39.683 2026/05/16T02:55:20z: p:1018.65 gasR:2230329.50 iaq:61.64(0) T:12.42(18.02) H:66.37(46.26) sIaq:66.67(0) Stabilization:1 Run in:0
 0h01:39.732 2026/05/16T02:55:20z: DATA A(44),54,66,43,1018.65,4.93,26432,0,99,1,2,2,1,2,2,8,8,270,81,19,2,0,0,66.67
 0h01:40.638 2026/05/16T02:55:21z: DATA A(45),54,66,43,1018.65,4.89,26432,0,100,1,2,2,1,2,2,8,8,255,74,19,2,0,0,66.67
 0h01:40.683 2026/05/16T02:55:21z: p:1018.64 gasR:2214054.00 iaq:61.65(0) T:12.42(18.02) H:66.34(46.25) sIaq:66.69(0) Stabilization:1 Run in:0
 0h01:41.683 2026/05/16T02:55:22z: p:1018.64 gasR:2230329.50 iaq:61.54(0) T:12.42(18.02) H:66.31(46.24) sIaq:66.52(0) Stabilization:1 Run in:0
 0h01:42.683 2026/05/16T02:55:23z: p:1018.61 gasR:2212260.25 iaq:61.57(0) T:12.43(18.04) H:66.21(46.21) sIaq:66.57(0) Stabilization:1 Run in:0
 0h01:43.087 2026/05/16T02:55:23z: DATA B(41),54,66,42,1018.61,4.89,26120,0,103,0,1,1,0,1,1,4,4,246,66,11,2,0,0,66.57
 0h01:43.683 2026/05/16T02:55:24z: p:1018.60 gasR:2215850.75 iaq:61.58(0) T:12.42(18.02) H:66.27(46.20) sIaq:66.58(0) Stabilization:1 Run in:0
 0h01:43.921 2026/05/16T02:55:24z: DATA B(42),54,66,43,1018.60,4.91,26432,0,103,0,1,1,0,1,1,4,4,246,66,11,2,0,0,66.58
{"SensorId":"f0:24:f9:c2:c2:ed","DateTime":"2026/05/16T02:55:25z","Geo":"PurpleAir-c2ed","Mem":26432,"memfrag":2,"memfb":25968,"memcs":800,"Id":1,"lat":0.000000,"lon":0.000000,"Adc":"nan","loggingrate":15,"place":"","version":"7.04","uptime":104,"rssi":0,"period":104,"httpsuccess":0,"httpsends":0,"hardwareversion":"3.0","hardwarediscovered":"3.0+RV3028+BME68X+KX122+PMSX003-A+PMSX003-B","current_temp_f":54,"current_humidity":66,"current_dewpoint_f":43,"pressure":1018.60,"current_temp_f_680":54,"current_humidity_680":66,"current_dewpoint_f_680":43,"pressure_680":1018.60,"gas_680":"nan","p25aqic_b":"rgb(0,228,0)","pm2.5_aqi_b":4,"pm1_0_cf_1_b":0.07,"p_0_3_um_b":235.43,"pm2_5_cf_1_b":1.00,"p_0_5_um_b":63.45,"pm10_0_cf_1_b":1.43,"p_1_0_um_b":9.24,"pm1_0_atm_b":0.07,"p_2_5_um_b":2.38,"pm2_5_atm_b":1.00,"p_5_0_um_b":0.55,"pm10_0_atm_b":1.43,"p_10_0_um_b":0.00,"p25aqic":"rgb(1,228,0)","pm2.5_aqi":7,"pm1_0_cf_1":1.00,"p_0_3_um":262.37,"pm2_5_cf_1":1.63,"p_0_5_um":78.87,"pm10_0_cf_1":1.70,"p_1_0_um":12.78,"pm1_0_atm":1.00,"p_2_5_um":1.46,"pm2_5_atm":1.63,"p_5_0_um":0.00,"pm10_0_atm":1.70,"p_10_0_um":0.00,"wlstate":"No SSID","status_0":0,"status_1":0,"status_2":0,"status_3":0,"status_4":2}
 0h01:44.800 2026/05/16T02:55:25z: update.purpleair.com:80/firmware/2mb/update.asp
 0h01:44.807 2026/05/16T02:55:25z: Error: -1
 0h01:44.825 2026/05/16T02:55:25z: DATA B(1),54,66,43,1018.60,4.91,26432,0,104,0,1,1,0,1,1,4,4,246,66,11,2,0,0,66.58
1 BSEC warning code : 100

UTCDateTime,mac_address,firmware_ver,hardware,current_temp_f,current_humidity,current_dewpoint_f,pressure,adc,mem,rssi,uptime,pm1_0_cf_1,pm2_5_cf_1,pm10_0_cf_1,pm1_0_atm,pm2_5_atm,pm10_0_atm,pm2.5_aqi_cf_1,pm2.5_aqi_atm,p_0_3_um,p_0_5_um,p_1_0_um,p_2_5_um,p_5_0_um,p_10_0_um,pm1_0_cf_1_b,pm2_5_cf_1_b,pm10_0_cf_1_b,pm1_0_atm_b,pm2_5_atm_b,pm10_0_atm_b,pm2.5_aqi_cf_1_b,pm2.5_aqi_atm_b,p_0_3_um_b,p_0_5_um_b,p_1_0_um_b,p_2_5_um_b,p_5_0_um_b,p_10_0_um_b,gas
2026/05/16T02:55:25z,f0:24:f9:c2:c2:ed,7.04,3.0+RV3028+BME68X+KX122+PMSX003-A+PMSX003-B,54,66,43,1018.60,nan,26432,0,104,1.00,1.63,1.70,1.00,1.63,1.70,7,7,262.37,78.87,12.78,1.46,0.00,0.00,0.07,1.00,1.43,0.07,1.00,1.43,4,4,235.43,63.45,9.24,2.38,0.55,0.00,nan
1 BSEC warning code : 100

1 BSEC warning code : 100

 ets Jan  8 2013,rst cause:1, boot mode:(3,7)

load 0x4010f000, len 1384, room 16 
tail 8
chksum 0x2d
csum 0x2d
v8b899c12
~ld


7.04
 0h00:00.509 1970/01/01T08:00:00z: SPIFFS Active
 0h00:04.185 2026/05/16T03:52:54z: f0:24:f9:c2:c2:ed
 0h00:04.186 2026/05/16T03:52:54z: SSID: that iPhone
 0h00:13.116 2026/05/16T03:53:03z: PMSX003-A (1519ms)
 0h00:14.621 2026/05/16T03:53:05z: PMSX003-B (1503ms)
 0h00:14.622 2026/05/16T03:53:05z: 3.0+RV3028+BME68X+KX122+PMSX003-A+PMSX003-B
 0h00:15.637 2026/05/16T03:53:06z: p:1018.31 gasR:1985458.12 iaq:74.40(0) T:10.60(13.59) H:84.65(50.87) sIaq:84.94(0) Stabilization:1 Run in:0
 0h00:15.706 2026/05/16T03:53:06z: DATA A(2),51,84,46,1018.31,4.89,26336,0,15,1,1,1,1,1,1,4,4,276,80,10,2,0,0,84.94
 0h00:16.545 2026/05/16T03:53:06z: DATA A(3),51,84,46,1018.31,4.92,26336,0,16,1,1,1,1,1,1,4,4,276,80,10,2,0,0,84.94
 0h00:16.637 2026/05/16T03:53:07z: p:1018.46 gasR:1979700.38 iaq:74.40(0) T:10.94(16.54) H:83.00(51.51) sIaq:84.94(0) Stabilization:1 Run in:0
 0h00:17.447 2026/05/16T03:53:07z: DATA A(4),51,82,46,1018.46,4.92,26336,0,17,1,1,1,1,1,1,4,4,270,79,13,2,0,0,84.94
 0h00:17.637 2026/05/16T03:53:08z: p:1018.47 gasR:1985458.12 iaq:74.40(0) T:11.42(17.02) H:79.67(51.37) sIaq:84.94(0) Stabilization:1 Run in:0
 0h00:18.283 2026/05/16T03:53:08z: DATA A(5),52,79,45,1018.47,4.92,26336,0,18,1,1,1,1,1,1,4,4,270,79,13,2,0,0,84.94
 0h00:18.636 2026/05/16T03:53:09z: p:1018.49 gasR:1986902.75 iaq:74.40(0) T:11.63(17.24) H:77.60(50.99) sIaq:84.94(0) Stabilization:1 Run in:0
 0h00:19.118 2026/05/16T03:53:09z: DATA A(6),52,77,45,1018.49,4.93,26336,0,19,1,1,1,1,1,1,4,4,270,79,13,2,0,0,84.94
 0h00:19.637 2026/05/16T03:53:10z: p:1018.45 gasR:1986902.75 iaq:74.40(0) T:11.75(17.36) H:76.08(50.59) sIaq:84.94(0) Stabilization:1 Run in:0
 0h00:20.637 2026/05/16T03:53:11z: p:1018.45 gasR:1997074.62 iaq:74.40(0) T:11.83(17.43) H:74.82(50.16) sIaq:84.94(0) Stabilization:1 Run in:0
 0h00:21.522 2026/05/16T03:53:11z: DATA B(2),53,74,45,1018.45,4.91,26336,0,21,1,1,1,1,1,1,4,4,273,75,13,0,0,0,84.94
 0h00:21.636 2026/05/16T03:53:12z: p:1018.46 gasR:2017734.00 iaq:74.40(0) T:11.90(17.50) H:73.74(49.78) sIaq:84.94(0) Stabilization:1 Run in:0
 0h00:22.356 2026/05/16T03:53:12z: DATA B(3),53,73,44,1018.46,4.89,26336,0,22,1,1,1,1,1,1,4,4,273,75,13,0,0,0,84.94
 0h00:22.637 2026/05/16T03:53:13z: p:1018.46 gasR:2013271.12 iaq:74.40(0) T:11.95(17.55) H:72.76(49.40) sIaq:84.94(0) Stabilization:1 Run in:0
 0h00:23.261 2026/05/16T03:53:13z: DATA B(4),53,72,44,1018.46,4.92,26336,0,23,1,1,1,1,1,1,4,4,246,68,12,0,0,0,84.94
 0h00:23.637 2026/05/16T03:53:14z: p:1018.47 gasR:2002934.00 iaq:74.40(0) T:12.00(17.60) H:71.95(49.10) sIaq:84.94(0) Stabilization:1 Run in:0
 0h00:24.095 2026/05/16T03:53:14z: DATA B(5),53,71,44,1018.47,4.90,26336,0,24,1,1,1,1,1,1,4,4,246,68,12,0,0,0,84.94
 0h00:24.637 2026/05/16T03:53:15z: p:1018.47 gasR:1998536.25 iaq:74.40(0) T:12.06(17.66) H:71.10(48.77) sIaq:84.94(0) Stabilization:1 Run in:0
 0h00:24.930 2026/05/16T03:53:15z: DATA B(6),53,71,43,1018.47,4.89,26336,0,24,1,1,1,1,1,1,4,4,246,68,12,0,0,0,84.94
 0h00:25.637 2026/05/16T03:53:16z: p:1018.47 gasR:2007351.12 iaq:74.40(0) T:12.11(17.71) H:70.43(48.52) sIaq:84.94(0) Stabilization:1 Run in:0
 0h00:26.015 2026/05/16T03:53:16z: DATA A(7),53,70,43,1018.47,4.90,26336,0,26,1,1,1,1,1,1,4,4,261,70,16,1,0,0,84.94
 0h00:26.637 2026/05/16T03:53:17z: p:1018.44 gasR:2004404.25 iaq:74.40(0) T:12.14(17.75) H:69.86(48.28) sIaq:84.94(0) Stabilization:1 Run in:0
 0h00:26.850 2026/05/16T03:53:17z: DATA A(8),53,69,43,1018.44,4.90,26336,0,26,1,1,1,1,1,1,4,4,261,70,16,1,0,0,84.94
 0h00:27.637 2026/05/16T03:53:18z: p:1018.46 gasR:2001465.88 iaq:74.40(0) T:12.18(17.79) H:69.35(48.07) sIaq:84.94(0) Stabilization:1 Run in:0
 0h00:27.756 2026/05/16T03:53:18z: DATA A(9),53,69,43,1018.46,4.90,26336,0,27,0,1,1,0,1,1,4,4,231,62,15,1,0,0,84.94
 0h00:28.592 2026/05/16T03:53:18z: DATA A(10),53,69,43,1018.46,4.91,26336,0,28,0,1,1,0,1,1,4,4,231,62,15,1,0,0,84.94
 0h00:28.637 2026/05/16T03:53:19z: p:1018.47 gasR:2002934.00 iaq:74.40(0) T:12.23(17.84) H:68.83(47.88) sIaq:84.94(0) Stabilization:1 Run in:0
 0h00:29.427 2026/05/16T03:53:19z: DATA A(11),54,68,43,1018.47,4.91,26336,0,29,0,1,1,0,1,1,4,4,231,62,15,1,0,0,84.94
 0h00:29.637 2026/05/16T03:53:20z: p:1018.46 gasR:2011787.88 iaq:74.40(0) T:12.26(17.87) H:68.42(47.69) sIaq:84.94(0) Stabilization:1 Run in:0
 0h00:30.637 2026/05/16T03:53:21z: p:1018.43 gasR:2004404.25 iaq:74.40(0) T:12.30(17.90) H:68.12(47.58) sIaq:84.94(0) Stabilization:1 Run in:0
 0h00:30.983 2026/05/16T03:53:21z: DATA B(7),54,68,43,1018.43,4.90,26336,0,30,1,1,1,1,1,1,4,4,288,81,13,0,0,0,84.94
 0h00:31.637 2026/05/16T03:53:22z: p:1018.43 gasR:2008827.88 iaq:74.40(0) T:12.32(17.93) H:67.84(47.46) sIaq:84.94(0) Stabilization:1 Run in:0
 0h00:31.817 2026/05/16T03:53:22z: DATA B(8),54,67,43,1018.43,4.91,26336,0,31,1,1,1,1,1,1,4,4,288,81,13,0,0,0,84.94
 0h00:32.637 2026/05/16T03:53:23z: p:1018.43 gasR:1989798.38 iaq:74.40(0) T:12.35(17.95) H:67.57(47.34) sIaq:84.95(0) Stabilization:1 Run in:0
 0h00:32.661 2026/05/16T03:53:23z: DATA B(9),54,67,43,1018.43,4.89,26336,0,32,1,1,1,1,1,1,4,4,288,81,13,0,0,0,84.95
 0h00:33.557 2026/05/16T03:53:23z: DATA B(10),54,67,43,1018.43,4.93,26336,0,33,1,1,1,1,1,1,4,4,273,79,12,0,0,0,84.95
 0h00:33.637 2026/05/16T03:53:24z: p:1018.44 gasR:2013271.12 iaq:74.40(0) T:12.37(17.98) H:67.36(47.25) sIaq:84.95(0) Stabilization:1 Run in:0
 0h00:34.391 2026/05/16T03:53:24z: DATA B(11),54,67,43,1018.44,4.92,26336,0,34,1,1,1,1,1,1,4,4,273,79,12,0,0,0,84.95
 0h00:34.637 2026/05/16T03:53:25z: p:1018.46 gasR:2008827.88 iaq:74.40(0) T:12.39(17.99) H:67.19(47.15) sIaq:84.95(0) Stabilization:1 Run in:0
 0h00:35.636 2026/05/16T03:53:26z: p:1018.45 gasR:1984015.50 iaq:74.40(0) T:12.41(18.01) H:67.03(47.07) sIaq:84.95(0) Stabilization:1 Run in:0
 0h00:36.323 2026/05/16T03:53:26z: DATA A(12),54,67,43,1018.45,4.91,26336,0,36,0,1,1,0,1,1,4,4,216,56,10,0,0,0,84.95
 0h00:36.636 2026/05/16T03:53:27z: p:1018.44 gasR:1986902.75 iaq:74.41(0) T:12.42(18.02) H:66.90(46.98) sIaq:84.95(0) Stabilization:1 Run in:0
 0h00:37.158 2026/05/16T03:53:27z: DATA A(13),54,66,43,1018.44,4.90,26336,0,37,0,1,1,0,1,1,4,4,216,56,10,0,0,0,84.95
 0h00:37.637 2026/05/16T03:53:28z: p:1018.44 gasR:1991249.38 iaq:74.41(0) T:12.44(18.04) H:66.71(46.90) sIaq:84.95(0) Stabilization:1 Run in:0
 0h00:38.064 2026/05/16T03:53:28z: DATA A(14),54,66,43,1018.44,4.92,26336,0,38,0,1,1,0,1,1,4,4,201,54,11,0,0,0,84.95
 0h00:38.636 2026/05/16T03:53:29z: p:1018.44 gasR:1984015.50 iaq:74.41(0) T:12.45(18.05) H:66.61(46.83) sIaq:84.95(0) Stabilization:1 Run in:0
 0h00:38.900 2026/05/16T03:53:29z: DATA A(15),54,66,43,1018.44,4.90,26336,0,38,0,1,1,0,1,1,4,4,201,54,11,0,0,0,84.95
 0h00:39.636 2026/05/16T03:53:30z: p:1018.47 gasR:1984015.50 iaq:74.41(0) T:12.46(18.07) H:66.49(46.75) sIaq:84.96(0) Stabilization:1 Run in:0
 0h00:39.735 2026/05/16T03:53:30z: DATA A(16),54,66,43,1018.47,4.92,26336,0,39,0,1,1,0,1,1,4,4,201,54,11,0,0,0,84.96
 0h00:40.637 2026/05/16T03:53:31z: p:1018.45 gasR:1966866.75 iaq:74.41(0) T:12.46(18.07) H:66.45(46.70) sIaq:84.96(0) Stabilization:1 Run in:0
 0h00:41.279 2026/05/16T03:53:31z: DATA B(12),54,66,43,1018.45,4.90,26336,0,41,1,1,1,1,1,1,4,4,234,68,7,0,0,0,84.96
 0h00:41.637 2026/05/16T03:53:32z: p:1018.44 gasR:1978266.12 iaq:74.41(0) T:12.47(18.08) H:66.33(46.62) sIaq:84.96(0) Stabilization:1 Run in:0
 0h00:42.113 2026/05/16T03:53:32z: DATA B(13),54,66,43,1018.44,4.90,26336,0,42,1,1,1,1,1,1,4,4,234,68,7,0,0,0,84.96
 0h00:42.637 2026/05/16T03:53:33z: p:1018.46 gasR:1981136.62 iaq:74.42(0) T:12.49(18.09) H:66.25(46.58) sIaq:84.97(0) Stabilization:1 Run in:0
 0h00:42.948 2026/05/16T03:53:33z: DATA B(14),54,66,42,1018.46,4.89,26336,0,42,1,1,1,1,1,1,4,4,234,68,7,0,0,0,84.97
 0h00:43.636 2026/05/16T03:53:34z: p:1018.44 gasR:1972550.00 iaq:74.42(0) T:12.49(18.09) H:66.21(46.54) sIaq:84.97(0) Stabilization:1 Run in:0
 0h00:43.853 2026/05/16T03:53:34z: DATA B(15),54,66,42,1018.44,4.90,26336,0,43,1,1,1,1,1,1,4,4,267,74,6,0,0,0,84.97
 0h00:44.637 2026/05/16T03:53:35z: p:1018.45 gasR:1959808.62 iaq:74.42(0) T:12.51(18.11) H:66.08(46.48) sIaq:84.98(0) Stabilization:1 Run in:0
 0h00:44.687 2026/05/16T03:53:35z: DATA B(16),54,66,42,1018.45,4.91,26152,0,44,1,1,1,1,1,1,4,4,267,74,6,0,0,0,84.98
 0h00:45.636 2026/05/16T03:53:36z: p:1018.46 gasR:1956999.50 iaq:74.43(0) T:12.54(18.14) H:65.95(46.43) sIaq:84.98(0) Stabilization:1 Run in:0
 0h00:46.632 2026/05/16T03:53:37z: DATA A(17),54,65,42,1018.46,4.92,26336,0,46,0,1,1,0,1,1,4,4,219,61,11,0,0,0,84.98
 0h00:46.659 2026/05/16T03:53:37z: p:1018.47 gasR:1965451.00 iaq:74.43(0) T:12.72(18.16) H:65.18(46.40) sIaq:84.99(0) Stabilization:1 Run in:0
 0h00:47.467 2026/05/16T03:53:37z: DATA A(18),54,65,42,1018.47,4.91,26336,0,47,0,1,1,0,1,1,4,4,219,61,11,0,0,0,84.99
 0h00:47.658 2026/05/16T03:53:38z: p:1018.44 gasR:1936185.25 iaq:74.44(0) T:12.39(17.99) H:66.49(46.33) sIaq:85.00(0) Stabilization:1 Run in:0
 0h00:48.373 2026/05/16T03:53:38z: DATA A(19),54,66,43,1018.44,4.92,26336,0,48,0,1,1,0,1,1,4,4,222,66,10,0,0,0,85.00
 0h00:48.658 2026/05/16T03:53:39z: p:1018.43 gasR:1947230.75 iaq:74.44(0) T:12.56(18.16) H:65.82(46.34) sIaq:85.00(0) Stabilization:1 Run in:0
 0h00:49.209 2026/05/16T03:53:39z: DATA A(20),54,65,42,1018.43,4.90,26336,0,49,0,1,1,0,1,1,4,4,222,66,10,0,0,0,85.00
 0h00:49.660 2026/05/16T03:53:40z: p:1018.44 gasR:1930709.38 iaq:74.45(0) T:12.59(18.18) H:65.67(46.30) sIaq:85.01(0) Stabilization:1 Run in:0
 0h00:50.045 2026/05/16T03:53:40z: DATA A(21),54,65,42,1018.44,4.90,26336,0,50,0,1,1,0,1,1,4,4,222,66,10,0,0,0,85.01
 0h00:50.660 2026/05/16T03:53:41z: p:1018.45 gasR:1936185.25 iaq:74.46(0) T:12.60(18.20) H:65.63(46.26) sIaq:85.02(0) Stabilization:1 Run in:0
 0h00:51.575 2026/05/16T03:53:41z: DATA B(17),54,65,42,1018.45,4.90,26336,0,51,1,1,1,1,1,1,4,4,249,67,3,0,0,0,85.02
 0h00:51.660 2026/05/16T03:53:42z: p:1018.44 gasR:1929345.25 iaq:74.46(0) T:12.61(18.21) H:65.58(46.23) sIaq:85.03(0) Stabilization:1 Run in:0
 0h00:52.409 2026/05/16T03:53:42z: DATA B(18),54,65,42,1018.44,4.91,26336,0,52,1,1,1,1,1,1,4,4,249,67,3,0,0,0,85.03
 0h00:52.660 2026/05/16T03:53:43z: p:1018.44 gasR:1922553.38 iaq:74.47(0) T:12.64(18.24) H:65.51(46.22) sIaq:85.05(0) Stabilization:1 Run in:0
 0h00:53.245 2026/05/16T03:53:43z: DATA B(19),54,65,42,1018.44,4.89,26336,0,53,1,1,1,1,1,1,4,4,249,67,3,0,0,0,85.05
 0h00:53.660 2026/05/16T03:53:44z: p:1018.43 gasR:1918501.12 iaq:74.48(0) T:12.65(18.25) H:65.46(46.17) sIaq:85.06(0) Stabilization:1 Run in:0
 0h00:54.149 2026/05/16T03:53:44z: DATA B(20),54,65,42,1018.43,4.92,26336,0,54,1,1,1,1,1,1,4,4,249,65,3,1,0,0,85.06
 0h00:54.660 2026/05/16T03:53:45z: p:1018.44 gasR:1898493.62 iaq:74.49(0) T:12.66(18.26) H:65.43(46.16) sIaq:85.08(0) Stabilization:1 Run in:0
 0h00:54.983 2026/05/16T03:53:45z: DATA B(21),54,65,42,1018.44,4.92,26336,0,54,1,1,1,1,1,1,4,4,249,65,3,1,0,0,85.08
 0h00:55.660 2026/05/16T03:53:46z: p:1018.43 gasR:1906446.38 iaq:74.51(0) T:12.68(18.29) H:65.40(46.17) sIaq:85.09(0) Stabilization:1 Run in:0
 0h00:56.660 2026/05/16T03:53:47z: p:1018.46 gasR:1877607.12 iaq:74.52(0) T:12.70(18.31) H:65.35(46.15) sIaq:85.11(0) Stabilization:1 Run in:0
 0h00:56.945 2026/05/16T03:53:47z: DATA A(22),54,65,42,1018.46,4.92,26336,0,56,0,1,1,0,1,1,4,4,237,68,7,0,0,0,85.11
 0h00:57.659 2026/05/16T03:53:48z: p:1018.46 gasR:1869892.75 iaq:74.54(0) T:12.70(18.30) H:65.40(46.13) sIaq:85.14(0) Stabilization:1 Run in:0
 0h00:57.776 2026/05/16T03:53:48z: DATA A(23),54,65,42,1018.46,4.92,26336,0,57,0,1,1,0,1,1,4,4,237,68,7,0,0,0,85.14
 0h00:58.660 2026/05/16T03:53:49z: p:1018.46 gasR:1872457.12 iaq:74.55(0) T:12.72(18.32) H:65.41(46.15) sIaq:85.16(0) Stabilization:1 Run in:0
 0h00:58.682 2026/05/16T03:53:49z: DATA A(24),54,65,42,1018.46,4.92,26336,0,58,0,1,1,0,1,1,4,4,225,64,8,0,0,0,85.16
 0h00:59.518 2026/05/16T03:53:49z: DATA A(25),54,65,42,1018.46,4.91,26336,0,59,0,1,1,0,1,1,4,4,225,64,8,0,0,0,85.16
 0h00:59.660 2026/05/16T03:53:50z: p:1018.46 gasR:1872457.12 iaq:74.57(0) T:12.73(18.33) H:65.39(46.13) sIaq:85.19(0) Stabilization:1 Run in:0
 0h01:00.353 2026/05/16T03:53:50z: DATA A(26),54,65,42,1018.46,4.90,26336,0,60,0,1,1,0,1,1,4,4,225,64,8,0,0,0,85.19
 0h01:00.659 2026/05/16T03:53:51z: p:1018.46 gasR:1849627.50 iaq:74.59(0) T:12.72(18.33) H:65.43(46.11) sIaq:85.22(0) Stabilization:1 Run in:0
 0h01:01.660 2026/05/16T03:53:52z: p:1018.47 gasR:1847125.12 iaq:74.61(0) T:12.73(18.33) H:65.46(46.11) sIaq:85.25(0) Stabilization:1 Run in:0
 0h01:01.870 2026/05/16T03:53:52z: DATA B(22),54,65,42,1018.47,4.90,26336,0,61,0,0,0,0,0,0,0,0,234,59,3,1,0,0,85.25
 0h01:02.660 2026/05/16T03:53:53z: p:1018.44 gasR:1831023.75 iaq:74.64(0) T:12.72(18.32) H:65.48(46.08) sIaq:85.28(0) Stabilization:1 Run in:0
 0h01:02.705 2026/05/16T03:53:53z: DATA B(23),54,65,42,1018.44,4.93,26336,0,62,0,0,0,0,0,0,0,0,234,59,3,1,0,0,85.28
 0h01:03.545 2026/05/16T03:53:53z: DATA B(24),54,65,42,1018.44,4.89,26336,0,63,0,0,0,0,0,0,0,0,234,59,3,1,0,0,85.28
 0h01:03.659 2026/05/16T03:53:54z: p:1018.46 gasR:1837183.25 iaq:74.66(0) T:12.73(18.33) H:65.48(46.08) sIaq:85.31(0) Stabilization:1 Run in:0
 0h01:04.445 2026/05/16T03:53:54z: DATA B(25),54,65,42,1018.46,4.90,26336,0,64,0,0,0,0,0,0,0,0,243,63,3,1,0,0,85.31
 0h01:04.660 2026/05/16T03:53:55z: p:1018.46 gasR:1839658.62 iaq:74.68(0) T:12.72(18.32) H:65.50(46.05) sIaq:85.34(0) Stabilization:1 Run in:0
 0h01:05.279 2026/05/16T03:53:55z: DATA B(26),54,65,42,1018.46,4.91,26336,0,65,0,0,0,0,0,0,0,0,243,63,3,1,0,0,85.34
 0h01:05.660 2026/05/16T03:53:56z: p:1018.46 gasR:1839658.62 iaq:74.70(0) T:12.71(18.31) H:65.51(45.99) sIaq:85.37(0) Stabilization:1 Run in:0
 0h01:06.659 2026/05/16T03:53:57z: p:1018.47 gasR:1837183.25 iaq:74.72(0) T:12.70(18.31) H:65.53(45.97) sIaq:85.41(0) Stabilization:1 Run in:0
 0h01:07.249 2026/05/16T03:53:57z: DATA A(27),54,65,42,1018.47,4.92,26336,0,67,0,1,2,0,1,2,4,4,249,70,13,1,1,0,85.41
 0h01:07.660 2026/05/16T03:53:58z: p:1018.46 gasR:1824905.38 iaq:74.75(0) T:12.69(18.30) H:65.55(45.94) sIaq:85.44(0) Stabilization:1 Run in:0
 0h01:08.085 2026/05/16T03:53:58z: DATA A(28),54,65,42,1018.46,4.90,26336,0,68,0,1,2,0,1,2,4,4,249,70,13,1,1,0,85.44
 0h01:08.660 2026/05/16T03:53:59z: p:1018.47 gasR:1818827.75 iaq:74.78(0) T:12.70(18.30) H:65.52(45.92) sIaq:85.48(0) Stabilization:1 Run in:0
 0h01:08.991 2026/05/16T03:53:59z: DATA A(29),54,65,42,1018.47,4.89,26336,0,68,0,1,1,0,1,1,4,4,234,62,10,1,1,0,85.48
 0h01:09.659 2026/05/16T03:54:00z: p:1018.47 gasR:1833482.50 iaq:74.80(0) T:12.70(18.30) H:65.52(45.91) sIaq:85.51(0) Stabilization:1 Run in:0
 0h01:09.826 2026/05/16T03:54:00z: DATA A(30),54,65,42,1018.47,4.90,26336,0,69,0,1,1,0,1,1,4,4,234,62,10,1,1,0,85.51
 0h01:10.660 2026/05/16T03:54:01z: p:1018.46 gasR:1831023.75 iaq:74.82(0) T:12.69(18.30) H:65.51(45.88) sIaq:85.55(0) Stabilization:1 Run in:0
 0h01:10.676 2026/05/16T03:54:01z: DATA A(31),54,65,42,1018.46,4.93,26336,0,70,0,1,1,0,1,1,4,4,234,62,10,1,1,0,85.55
 0h01:11.659 2026/05/16T03:54:02z: p:1018.47 gasR:1817617.00 iaq:74.85(0) T:12.71(18.31) H:65.43(45.86) sIaq:85.58(0) Stabilization:1 Run in:0
 0h01:12.167 2026/05/16T03:54:02z: DATA B(27),54,65,42,1018.47,4.91,26336,0,72,0,1,1,0,1,1,4,4,219,64,6,1,0,0,85.58
 0h01:12.659 2026/05/16T03:54:03z: p:1018.44 gasR:1809187.25 iaq:74.88(0) T:12.70(18.31) H:65.43(45.83) sIaq:85.63(0) Stabilization:1 Run in:0
 0h01:13.001 2026/05/16T03:54:03z: DATA B(28),54,65,42,1018.44,4.90,26336,0,73,0,1,1,0,1,1,4,4,219,64,6,1,0,0,85.63
 0h01:13.660 2026/05/16T03:54:04z: p:1018.45 gasR:1806793.12 iaq:74.91(0) T:12.73(18.33) H:65.33(45.82) sIaq:85.67(0) Stabilization:1 Run in:0
 0h01:13.836 2026/05/16T03:54:04z: DATA B(29),54,65,42,1018.45,4.89,26336,0,73,0,1,1,0,1,1,4,4,219,64,6,1,0,0,85.67
 0h01:14.660 2026/05/16T03:54:05z: p:1018.44 gasR:1816408.00 iaq:74.93(0) T:12.73(18.33) H:65.33(45.81) sIaq:85.71(0) Stabilization:1 Run in:0
 0h01:14.745 2026/05/16T03:54:05z: DATA B(30),54,65,42,1018.44,4.91,26336,0,74,1,1,1,1,1,1,4,4,219,64,5,1,0,0,85.71
 0h01:15.575 2026/05/16T03:54:05z: DATA B(31),54,65,42,1018.44,4.90,26336,0,75,1,1,1,1,1,1,4,4,219,64,5,1,0,0,85.71
 0h01:15.659 2026/05/16T03:54:06z: p:1018.46 gasR:1818827.75 iaq:74.96(0) T:12.73(18.33) H:65.32(45.78) sIaq:85.74(0) Stabilization:1 Run in:0
 0h01:16.659 2026/05/16T03:54:07z: p:1018.44 gasR:1831023.75 iaq:74.98(0) T:12.74(18.34) H:65.28(45.77) sIaq:85.77(0) Stabilization:1 Run in:0
 0h01:17.557 2026/05/16T03:54:07z: DATA A(32),54,65,42,1018.44,4.90,26336,0,77,1,1,1,1,1,1,4,4,261,73,8,1,1,0,85.77
 0h01:17.660 2026/05/16T03:54:08z: p:1018.44 gasR:1805598.38 iaq:75.01(0) T:12.74(18.34) H:65.26(45.75) sIaq:85.82(0) Stabilization:1 Run in:0
 0h01:18.393 2026/05/16T03:54:08z: DATA A(33),54,65,42,1018.44,4.92,26336,0,78,1,1,1,1,1,1,4,4,261,73,8,1,1,0,85.82
 0h01:18.659 2026/05/16T03:54:09z: p:1018.45 gasR:1791384.25 iaq:75.05(0) T:12.75(18.35) H:65.19(45.72) sIaq:85.87(0) Stabilization:1 Run in:0
 0h01:19.299 2026/05/16T03:54:09z: DATA A(34),54,65,42,1018.45,4.89,26336,0,79,1,1,2,1,1,2,4,4,279,78,9,1,1,0,85.87
 0h01:19.660 2026/05/16T03:54:10z: p:1018.45 gasR:1793737.62 iaq:75.08(0) T:12.74(18.34) H:65.20(45.69) sIaq:85.92(0) Stabilization:1 Run in:0
 0h01:20.135 2026/05/16T03:54:10z: DATA A(35),54,65,42,1018.45,4.91,26336,0,80,1,1,2,1,1,2,4,4,279,78,9,1,1,0,85.92
 0h01:20.659 2026/05/16T03:54:11z: p:1018.45 gasR:1810386.75 iaq:75.11(0) T:12.74(18.34) H:65.19(45.67) sIaq:85.96(0) Stabilization:1 Run in:0
 0h01:20.970 2026/05/16T03:54:11z: DATA A(36),54,65,42,1018.45,4.90,26336,0,80,1,1,2,1,1,2,4,4,279,78,9,1,1,0,85.96
 0h01:21.660 2026/05/16T03:54:12z: p:1018.46 gasR:1804405.25 iaq:75.14(0) T:12.74(18.34) H:65.21(45.67) sIaq:86.00(0) Stabilization:1 Run in:0
 0h01:22.463 2026/05/16T03:54:12z: DATA B(32),54,65,42,1018.46,4.92,26336,0,82,1,1,1,1,1,1,4,4,240,67,7,0,0,0,86.00
 0h01:22.660 2026/05/16T03:54:13z: p:1018.44 gasR:1800835.38 iaq:75.17(0) T:12.75(18.35) H:65.15(45.65) sIaq:86.04(0) Stabilization:1 Run in:0
 0h01:23.297 2026/05/16T03:54:13z: DATA B(33),54,65,42,1018.44,4.90,26336,0,83,1,1,1,1,1,1,4,4,240,67,7,0,0,0,86.04
 0h01:23.659 2026/05/16T03:54:14z: p:1018.45 gasR:1797279.50 iaq:75.20(0) T:12.76(18.36) H:65.10(45.63) sIaq:86.09(0) Stabilization:1 Run in:0
 0h01:24.132 2026/05/16T03:54:14z: DATA B(34),54,65,42,1018.45,4.90,26336,0,84,1,1,1,1,1,1,4,4,240,67,7,0,0,0,86.09
 0h01:24.659 2026/05/16T03:54:15z: p:1018.47 gasR:1790209.75 iaq:75.24(0) T:12.77(18.38) H:65.05(45.62) sIaq:86.14(0) Stabilization:1 Run in:0
 0h01:25.037 2026/05/16T03:54:15z: DATA B(35),54,65,42,1018.47,4.90,26336,0,85,1,1,1,1,1,1,4,4,258,74,6,0,0,0,86.14
 0h01:25.660 2026/05/16T03:54:16z: p:1018.45 gasR:1793737.62 iaq:75.27(0) T:12.78(18.39) H:65.03(45.62) sIaq:86.19(0) Stabilization:1 Run in:0
 0h01:25.872 2026/05/16T03:54:16z: DATA B(36),55,65,43,1018.45,4.91,26336,0,85,1,1,1,1,1,1,4,4,258,74,6,0,0,0,86.19
 0h01:26.660 2026/05/16T03:54:17z: p:1018.45 gasR:1800835.38 iaq:75.30(0) T:12.79(18.39) H:65.00(45.59) sIaq:86.23(0) Stabilization:1 Run in:0
 0h01:27.659 2026/05/16T03:54:18z: p:1018.44 gasR:1791384.25 iaq:75.34(0) T:12.79(18.40) H:64.97(45.58) sIaq:86.28(0) Stabilization:1 Run in:0
 0h01:27.866 2026/05/16T03:54:18z: DATA A(37),55,64,43,1018.44,4.91,26336,0,87,1,1,1,1,1,1,4,4,282,76,9,1,1,0,86.28
 0h01:28.660 2026/05/16T03:54:19z: p:1018.46 gasR:1784360.75 iaq:75.38(0) T:12.81(18.42) H:64.94(45.59) sIaq:86.34(0) Stabilization:1 Run in:0
 0h01:28.701 2026/05/16T03:54:19z: DATA A(38),55,64,43,1018.46,4.92,26336,0,88,1,1,1,1,1,1,4,4,282,76,9,1,1,0,86.34
 0h01:29.607 2026/05/16T03:54:20z: DATA A(39),55,64,43,1018.46,4.87,26336,0,89,1,1,1,1,1,1,4,4,282,76,10,1,1,0,86.34
 0h01:29.659 2026/05/16T03:54:20z: p:1018.44 gasR:1786695.75 iaq:75.41(0) T:12.82(18.43) H:64.92(45.60) sIaq:86.39(0) Stabilization:1 Run in:0
 0h01:30.445 2026/05/16T03:54:20z: DATA A(40),55,64,43,1018.44,4.90,26336,0,90,1,1,1,1,1,1,4,4,282,76,10,1,1,0,86.39
 0h01:30.660 2026/05/16T03:54:21z: p:1018.43 gasR:1780869.62 iaq:75.45(0) T:12.83(18.43) H:64.90(45.58) sIaq:86.45(0) Stabilization:1 Run in:0
 0h01:31.659 2026/05/16T03:54:22z: p:1018.44 gasR:1809187.25 iaq:75.47(0) T:12.84(18.44) H:64.90(45.58) sIaq:86.48(0) Stabilization:1 Run in:0
 0h01:32.659 2026/05/16T03:54:23z: p:1018.45 gasR:1811587.75 iaq:75.50(0) T:12.86(18.46) H:64.86(45.59) sIaq:86.51(0) Stabilization:1 Run in:0
 0h01:32.759 2026/05/16T03:54:23z: DATA B(37),55,64,43,1018.45,4.90,26336,0,92,1,1,1,1,1,1,4,4,249,69,7,0,0,0,86.51
 0h01:33.594 2026/05/16T03:54:23z: DATA B(38),55,64,43,1018.45,4.92,26336,0,93,1,1,1,1,1,1,4,4,249,69,7,0,0,0,86.51
 0h01:33.660 2026/05/16T03:54:24z: p:1018.45 gasR:1807989.38 iaq:75.52(0) T:12.87(18.47) H:64.83(45.58) sIaq:86.55(0) Stabilization:1 Run in:0
 0h01:34.429 2026/05/16T03:54:24z: DATA B(39),55,64,43,1018.45,4.89,26336,0,94,1,1,1,1,1,1,4,4,249,69,7,0,0,0,86.55
 0h01:34.660 2026/05/16T03:54:25z: p:1018.43 gasR:1779708.88 iaq:75.57(0) T:12.88(18.48) H:64.80(45.56) sIaq:86.61(0) Stabilization:1 Run in:0
 0h01:35.333 2026/05/16T03:54:25z: DATA B(40),55,64,43,1018.43,4.91,26336,0,95,0,1,1,0,1,1,4,4,225,63,10,0,0,0,86.61
 0h01:35.660 2026/05/16T03:54:26z: p:1018.44 gasR:1776235.88 iaq:75.61(0) T:12.89(18.49) H:64.79(45.56) sIaq:86.68(0) Stabilization:1 Run in:0
 0h01:36.168 2026/05/16T03:54:26z: DATA B(41),55,64,43,1018.44,4.91,26336,0,96,0,1,1,0,1,1,4,4,225,63,10,0,0,0,86.68
 0h01:36.659 2026/05/16T03:54:27z: p:1018.44 gasR:1778549.75 iaq:75.65(0) T:12.89(18.49) H:64.80(45.56) sIaq:86.74(0) Stabilization:1 Run in:0
 0h01:37.345 2026/05/16T03:54:27z: DATA A(41),55,64,43,1018.44,4.89,26336,0,97,1,1,1,1,1,1,4,4,300,84,8,0,0,0,86.74
 0h01:37.660 2026/05/16T03:54:28z: p:1018.43 gasR:1773928.12 iaq:75.70(0) T:12.90(18.50) H:64.78(45.55) sIaq:86.80(0) Stabilization:1 Run in:0
 0h01:38.174 2026/05/16T03:54:28z: DATA A(42),55,64,43,1018.43,4.90,26336,0,98,1,1,1,1,1,1,4,4,300,84,8,0,0,0,86.80
 0h01:38.660 2026/05/16T03:54:29z: p:1018.43 gasR:1780869.62 iaq:75.74(0) T:12.90(18.50) H:64.82(45.55) sIaq:86.86(0) Stabilization:1 Run in:0
 0h01:39.010 2026/05/16T03:54:29z: DATA A(43),55,64,43,1018.43,4.92,26336,0,99,1,1,1,1,1,1,4,4,300,84,8,0,0,0,86.86
 0h01:39.660 2026/05/16T03:54:30z: p:1018.44 gasR:1772776.50 iaq:75.79(0) T:12.91(18.51) H:64.77(45.53) sIaq:86.93(0) Stabilization:1 Run in:0
 0h01:39.916 2026/05/16T03:54:30z: DATA A(44),55,64,43,1018.44,4.88,26336,0,99,1,1,1,1,1,1,4,4,273,79,8,0,0,0,86.93
 0h01:40.660 2026/05/16T03:54:31z: p:1018.46 gasR:1780869.62 iaq:75.83(0) T:12.91(18.52) H:64.79(45.53) sIaq:86.98(0) Stabilization:1 Run in:0
 0h01:40.752 2026/05/16T03:54:31z: DATA A(45),55,64,43,1018.46,4.91,26336,0,100,1,1,1,1,1,1,4,4,273,79,8,0,0,0,86.98
 0h01:41.659 2026/05/16T03:54:32z: p:1018.45 gasR:1762478.50 iaq:75.88(0) T:12.91(18.51) H:64.84(45.54) sIaq:87.06(0) Stabilization:1 Run in:0
 0h01:42.659 2026/05/16T03:54:33z: p:1018.46 gasR:1804405.25 iaq:75.90(0) T:12.92(18.52) H:64.81(45.52) sIaq:87.09(0) Stabilization:1 Run in:0
 0h01:43.055 2026/05/16T03:54:33z: DATA B(42),55,64,43,1018.46,4.91,26336,0,103,0,1,1,0,1,1,4,4,180,51,8,1,0,0,87.09
 0h01:43.660 2026/05/16T03:54:34z: p:1018.43 gasR:1757939.88 iaq:75.96(0) T:12.91(18.51) H:64.86(45.52) sIaq:87.17(0) Stabilization:1 Run in:0
 0h01:43.890 2026/05/16T03:54:34z: DATA B(43),55,64,43,1018.43,4.90,26336,0,103,0,1,1,0,1,1,4,4,180,51,8,1,0,0,87.17
{"SensorId":"f0:24:f9:c2:c2:ed","DateTime":"2026/05/16T03:54:35z","Geo":"PurpleAir-c2ed","Mem":26336,"memfrag":2,"memfb":25968,"memcs":800,"Id":1,"lat":0.000000,"lon":0.000000,"Adc":"nan","loggingrate":15,"place":"","version":"7.04","uptime":104,"rssi":0,"period":104,"httpsuccess":0,"httpsends":0,"hardwareversion":"3.0","hardwarediscovered":"3.0+RV3028+BME68X+KX122+PMSX003-A+PMSX003-B","current_temp_f":55,"current_humidity":64,"current_dewpoint_f":43,"pressure":1018.43,"current_temp_f_680":55,"current_humidity_680":64,"current_dewpoint_f_680":43,"pressure_680":1018.43,"gas_680":"nan","p25aqic_b":"rgb(0,228,0)","pm2.5_aqi_b":4,"pm1_0_cf_1_b":0.72,"p_0_3_um_b":244.19,"pm2_5_cf_1_b":0.88,"p_0_5_um_b":67.77,"pm10_0_cf_1_b":0.88,"p_1_0_um_b":7.21,"pm1_0_atm_b":0.72,"p_2_5_um_b":0.33,"pm2_5_atm_b":0.88,"p_5_0_um_b":0.00,"pm10_0_atm_b":0.88,"p_10_0_um_b":0.00,"p25aqic":"rgb(0,228,0)","pm2.5_aqi":4,"pm1_0_cf_1":0.49,"p_0_3_um":250.53,"pm2_5_cf_1":1.00,"p_0_5_um":69.73,"pm10_0_cf_1":1.11,"p_1_0_um":10.36,"pm1_0_atm":0.49,"p_2_5_um":0.69,"pm2_5_atm":1.00,"p_5_0_um":0.31,"pm10_0_atm":1.11,"p_10_0_um":0.00,"wlstate":"No SSID","status_0":0,"status_1":0,"status_2":0,"status_3":0,"status_4":2}
 0h01:44.766 2026/05/16T03:54:35z: update.purpleair.com:80/firmware/2mb/update.asp
 0h01:44.773 2026/05/16T03:54:35z: Error: -1
 0h01:44.791 2026/05/16T03:54:35z: DATA B(1),55,64,43,1018.43,4.91,26336,0,104,0,1,1,0,1,1,4,4,180,51,8,1,0,0,87.17
1 BSEC warning code : 100

UTCDateTime,mac_address,firmware_ver,hardware,current_temp_f,current_humidity,current_dewpoint_f,pressure,adc,mem,rssi,uptime,pm1_0_cf_1,pm2_5_cf_1,pm10_0_cf_1,pm1_0_atm,pm2_5_atm,pm10_0_atm,pm2.5_aqi_cf_1,pm2.5_aqi_atm,p_0_3_um,p_0_5_um,p_1_0_um,p_2_5_um,p_5_0_um,p_10_0_um,pm1_0_cf_1_b,pm2_5_cf_1_b,pm10_0_cf_1_b,pm1_0_atm_b,pm2_5_atm_b,pm10_0_atm_b,pm2.5_aqi_cf_1_b,pm2.5_aqi_atm_b,p_0_3_um_b,p_0_5_um_b,p_1_0_um_b,p_2_5_um_b,p_5_0_um_b,p_10_0_um_b,gas
2026/05/16T03:54:35z,f0:24:f9:c2:c2:ed,7.04,3.0+RV3028+BME68X+KX122+PMSX003-A+PMSX003-B,55,64,43,1018.43,nan,26336,0,104,0.49,1.00,1.11,0.49,1.00,1.11,4,4,250.53,69.73,10.36,0.69,0.31,0.00,0.72,0.88,0.88,0.72,0.88,0.88,4,4,244.19,67.77,7.21,0.33,0.00,0.00,nan
1 BSEC warning code : 100

 ets Jan  8 2013,rst cause:1, boot mode:(3,7)

load 0x4010f000, len 1384, room 16 
tail 8
chksum 0x2d
csum 0x2d
v8b899c12
~ld


7.04
 0h00:00.505 1970/01/01T08:00:00z: SPIFFS Active
 0h00:04.182 2026/05/16T14:04:44z: f0:24:f9:c2:c2:ed
 0h00:04.184 2026/05/16T14:04:44z: SSID: that iPhone
1 BSEC warning code : 100

1 BSEC warning code : 100

 ets Jan  8 2013,rst cause:1, boot mode:(3,7)

load 0x4010f000, len 1384, room 16 
tail 8
chksum 0x2d
csum 0x2d
v8b899c12
~ld


7.04
 0h00:00.566 1970/01/01T08:00:00z: SPIFFS Active
 0h00:04.243 2026/05/16T14:24:24z: f0:24:f9:c2:c2:ed
 0h00:04.244 2026/05/16T14:24:24z: SSID: that iPhone
 ets Jan  8 2013,rst cause:1, boot mode:(3,7)

load 0x4010f000, len 1384, room 16 
tail 8
chksum 0x2d
csum 0x2d
v8b899c12
~ld


7.04
 0h00:00.565 1970/01/01T08:00:00z: SPIFFS Active
 0h00:04.242 2026/05/16T14:44:05z: f0:24:f9:c2:c2:ed
 0h00:04.243 2026/05/16T14:44:05z: SSID: that iPhone
1 BSEC warning code : 100

 ets Jan  8 2013,rst cause:1, boot mode:(3,7)

load 0x4010f000, len 1384, room 16 
tail 8
chksum 0x2d
csum 0x2d
v8b899c12
~ld


7.04
 0h00:00.513 1970/01/01T08:00:00z: SPIFFS Active
 0h00:04.189 2026/05/16T15:03:45z: f0:24:f9:c2:c2:ed
 0h00:04.191 2026/05/16T15:03:45z: SSID: that iPhone
1 BSEC warning code : 100

1 BSEC warning code : 100

 ets Jan  8 2013,rst cause:1, boot mode:(3,7)

load 0x4010f000, len 1384, room 16 
tail 8
chksum 0x2d
csum 0x2d
v8b899c12
~ld


7.04
 0h00:00.554 1970/01/01T08:00:00z: SPIFFS Active
 0h00:04.231 2026/05/16T15:23:26z: f0:24:f9:c2:c2:ed
 0h00:04.232 2026/05/16T15:23:26z: SSID: that iPhone
1 BSEC warning code : 100

 ets Jan  8 2013,rst cause:1, boot mode:(3,7)

load 0x4010f000, len 1384, room 16 
tail 8
chksum 0x2d
csum 0x2d
v8b899c12
~ld


7.04
 0h00:00.546 1970/01/01T08:00:00z: SPIFFS Active
 0h00:04.222 2026/05/16T15:43:07z: f0:24:f9:c2:c2:ed
 0h00:04.224 2026/05/16T15:43:07z: SSID: that iPhone
1 BSEC warning code : 100

 ets Jan  8 2013,rst cause:1, boot mode:(3,7)

load 0x4010f000, len 1384, room 16 
tail 8
chksum 0x2d
csum 0x2d
v8b899c12
~ld


7.04
 0h00:00.508 1970/01/01T08:00:00z: SPIFFS Active
 0h00:04.184 2026/05/16T16:02:48z: f0:24:f9:c2:c2:ed
 0h00:04.186 2026/05/16T16:02:48z: SSID: that iPhone
1 BSEC warning code : 100

1 BSEC warning code : 100

 ets Jan  8 2013,rst cause:1, boot mode:(3,7)

load 0x4010f000, len 1384, room 16 
tail 8
chksum 0x2d
csum 0x2d
v8b899c12
~ld


7.04
 0h00:00.506 1970/01/01T08:00:00z: SPIFFS Active
 0h00:04.181 2026/05/16T16:22:28z: f0:24:f9:c2:c2:ed
 0h00:04.182 2026/05/16T16:22:28z: SSID: that iPhone
1 BSEC warning code : 100

 ets Jan  8 2013,rst cause:1, boot mode:(3,7)

load 0x4010f000, len 1384, room 16 
tail 8
chksum 0x2d
csum 0x2d
v8b899c12
~ld


7.04
 0h00:00.503 1970/01/01T08:00:00z: SPIFFS Active
 0h00:04.178 2026/05/16T16:42:09z: f0:24:f9:c2:c2:ed
 0h00:04.179 2026/05/16T16:42:09z: SSID: that iPhone
1 BSEC warning code : 100

 ets Jan  8 2013,rst cause:1, boot mode:(3,7)

load 0x4010f000, len 1384, room 16 
tail 8
chksum 0x2d
csum 0x2d
v8b899c12
~ld


7.04
 0h00:00.548 1970/01/01T08:00:00z: SPIFFS Active
 0h00:04.223 2026/05/16T17:01:50z: f0:24:f9:c2:c2:ed
 0h00:04.225 2026/05/16T17:01:50z: SSID: that iPhone
1 BSEC warning code : 100

1 BSEC warning code : 100

 ets Jan  8 2013,rst cause:1, boot mode:(3,7)

load 0x4010f000, len 1384, room 16 
tail 8
chksum 0x2d
csum 0x2d
v8b899c12
~ld


7.04
 0h00:00.555 1970/01/01T08:00:00z: SPIFFS Active
 0h00:04.231 2026/05/16T17:21:31z: f0:24:f9:c2:c2:ed
 0h00:04.232 2026/05/16T17:21:31z: SSID: that iPhone
1 BSEC warning code : 100

 ets Jan  8 2013,rst cause:1, boot mode:(3,7)

load 0x4010f000, len 1384, room 16 
tail 8
chksum 0x2d
csum 0x2d
v8b899c12
~ld


7.04
 0h00:00.507 1970/01/01T08:00:00z: SPIFFS Active
 0h00:04.184 2026/05/16T17:41:12z: f0:24:f9:c2:c2:ed
 0h00:04.186 2026/05/16T17:41:12z: SSID: that iPhone
1 BSEC warning code : 100

 ets Jan  8 2013,rst cause:1, boot mode:(3,7)

load 0x4010f000, len 1384, room 16 
tail 8
chksum 0x2d
csum 0x2d
v8b899c12
~ld


7.04
 0h00:00.554 1970/01/01T08:00:00z: SPIFFS Active
 0h00:04.231 2026/05/16T18:00:52z: f0:24:f9:c2:c2:ed
 0h00:04.232 2026/05/16T18:00:52z: SSID: that iPhone
1 BSEC warning code : 100

1 BSEC warning code : 100

 ets Jan  8 2013,rst cause:1, boot mode:(3,7)

load 0x4010f000, len 1384, room 16 
tail 8
chksum 0x2d
csum 0x2d
v8b899c12
~ld


7.04
 0h00:00.507 1970/01/01T08:00:00z: SPIFFS Active
 0h00:04.184 2026/05/16T18:20:33z: f0:24:f9:c2:c2:ed
 0h00:04.185 2026/05/16T18:20:33z: SSID: that iPhone
1 BSEC warning code : 100

 ets Jan  8 2013,rst cause:1, boot mode:(3,7)

load 0x4010f000, len 1384, room 16 
tail 8
chksum 0x2d
csum 0x2d
v8b899c12
~ld


7.04
 0h00:00.504 1970/01/01T08:00:00z: SPIFFS Active
 0h00:04.179 2026/05/16T18:40:14z: f0:24:f9:c2:c2:ed
 0h00:04.181 2026/05/16T18:40:14z: SSID: that iPhone
1 BSEC warning code : 100

 ets Jan  8 2013,rst cause:1, boot mode:(3,7)

load 0x4010f000, len 1384, room 16 
tail 8
chksum 0x2d
csum 0x2d
v8b899c12
~ld


7.04
 0h00:00.553 1970/01/01T08:00:00z: SPIFFS Active
 0h00:04.228 2026/05/16T18:59:55z: f0:24:f9:c2:c2:ed
 0h00:04.229 2026/05/16T18:59:55z: SSID: that iPhone
1 BSEC warning code : 100

 ets Jan  8 2013,rst cause:1, boot mode:(3,7)

load 0x4010f000, len 1384, room 16 
tail 8
chksum 0x2d
csum 0x2d
v8b899c12
~ld


7.04
 0h00:00.499 1970/01/01T08:00:00z: SPIFFS Active
 0h00:04.174 2026/05/16T19:19:36z: f0:24:f9:c2:c2:ed
 0h00:04.176 2026/05/16T19:19:36z: SSID: that iPhone
1 BSEC warning code : 100

 ets Jan  8 2013,rst cause:1, boot mode:(3,7)

load 0x4010f000, len 1384, room 16 
tail 8
chksum 0x2d
csum 0x2d
v8b899c12
~ld


7.04
 0h00:00.500 1970/01/01T08:00:00z: SPIFFS Active
 0h00:04.175 2026/05/16T19:39:17z: f0:24:f9:c2:c2:ed
 0h00:04.177 2026/05/16T19:39:17z: SSID: that iPhone
1 BSEC warning code : 100

 ets Jan  8 2013,rst cause:1, boot mode:(3,7)

load 0x4010f000, len 1384, room 16 
tail 8
chksum 0x2d
csum 0x2d
v8b899c12
~ld


7.04
 0h00:00.503 1970/01/01T08:00:00z: SPIFFS Active
 0h00:04.178 2026/05/16T19:58:58z: f0:24:f9:c2:c2:ed
 0h00:04.179 2026/05/16T19:58:58z: SSID: that iPhone
1 BSEC warning code : 100

 ets Jan  8 2013,rst cause:1, boot mode:(3,7)

load 0x4010f000, len 1384, room 16 
tail 8
chksum 0x2d
csum 0x2d
v8b899c12
~ld


7.04
 0h00:00.501 1970/01/01T08:00:00z: SPIFFS Active
 0h00:04.176 2026/05/16T20:18:39z: f0:24:f9:c2:c2:ed
 0h00:04.177 2026/05/16T20:18:39z: SSID: that iPhone
1 BSEC warning code : 100

 ets Jan  8 2013,rst cause:1, boot mode:(3,7)

load 0x4010f000, len 1384, room 16 
tail 8
chksum 0x2d
csum 0x2d
v8b899c12
~ld


7.04
 0h00:00.541 1970/01/01T08:00:00z: SPIFFS Active
 0h00:04.216 2026/05/16T20:38:19z: f0:24:f9:c2:c2:ed
 0h00:04.217 2026/05/16T20:38:19z: SSID: that iPhone
1 BSEC warning code : 100

 ets Jan  8 2013,rst cause:1, boot mode:(3,7)

load 0x4010f000, len 1384, room 16 
tail 8
chksum 0x2d
csum 0x2d
v8b899c12
~ld


7.04
 0h00:00.547 1970/01/01T08:00:00z: SPIFFS Active
 0h00:04.222 2026/05/16T20:58:00z: f0:24:f9:c2:c2:ed
 0h00:04.223 2026/05/16T20:58:00z: SSID: that iPhone
1 BSEC warning code : 100

 ets Jan  8 2013,rst cause:1, boot mode:(3,7)

load 0x4010f000, len 1384, room 16 
tail 8
chksum 0x2d
csum 0x2d
v8b899c12
~ld


7.04
 0h00:00.550 1970/01/01T08:00:00z: SPIFFS Active
 0h00:04.225 2026/05/16T21:17:41z: f0:24:f9:c2:c2:ed
 0h00:04.226 2026/05/16T21:17:41z: SSID: that iPhone
1 BSEC warning code : 100

 ets Jan  8 2013,rst cause:1, boot mode:(3,7)

load 0x4010f000, len 1384, room 16 
tail 8
chksum 0x2d
csum 0x2d
v8b899c12
~ld


7.04
 0h00:00.513 1970/01/01T08:00:00z: SPIFFS Active
 0h00:04.188 2026/05/16T21:37:22z: f0:24:f9:c2:c2:ed
 0h00:04.190 2026/05/16T21:37:22z: SSID: that iPhone
1 BSEC warning code : 100

 ets Jan  8 2013,rst cause:1, boot mode:(3,7)

load 0x4010f000, len 1384, room 16 
tail 8
chksum 0x2d
csum 0x2d
v8b899c12
~ld


7.04
 0h00:00.504 1970/01/01T08:00:00z: SPIFFS Active
 0h00:04.179 2026/05/16T21:57:02z: f0:24:f9:c2:c2:ed
 0h00:04.181 2026/05/16T21:57:02z: SSID: that iPhone
1 BSEC warning code : 100

 ets Jan  8 2013,rst cause:1, boot mode:(3,7)

load 0x4010f000, len 1384, room 16 
tail 8
chksum 0x2d
csum 0x2d
v8b899c12
~ld


7.04
 0h00:00.502 1970/01/01T08:00:00z: SPIFFS Active
 0h00:04.177 2026/05/16T22:16:43z: f0:24:f9:c2:c2:ed
 0h00:04.178 2026/05/16T22:16:43z: SSID: that iPhone
1 BSEC warning code : 100

 ets Jan  8 2013,rst cause:1, boot mode:(3,7)

load 0x4010f000, len 1384, room 16 
tail 8
chksum 0x2d
csum 0x2d
v8b899c12
~ld


7.04
 0h00:00.510 1970/01/01T08:00:00z: SPIFFS Active
 0h00:04.185 2026/05/16T22:36:23z: f0:24:f9:c2:c2:ed
 0h00:04.186 2026/05/16T22:36:23z: SSID: that iPhone
1 BSEC warning code : 100

 ets Jan  8 2013,rst cause:1, boot mode:(3,7)

load 0x4010f000, len 1384, room 16 
tail 8
chksum 0x2d
csum 0x2d
v8b899c12
~ld


7.04
 0h00:00.510 1970/01/01T08:00:00z: SPIFFS Active
 0h00:04.186 2026/05/16T22:56:03z: f0:24:f9:c2:c2:ed
 0h00:04.187 2026/05/16T22:56:03z: SSID: that iPhone
1 BSEC warning code : 100

1 BSEC warning code : 100

 ets Jan  8 2013,rst cause:1, boot mode:(3,7)

load 0x4010f000, len 1384, room 16 
tail 8
chksum 0x2d
csum 0x2d
v8b899c12
~ld


7.04
 0h00:00.504 1970/01/01T08:00:00z: SPIFFS Active
 0h00:04.179 2026/05/16T23:15:44z: f0:24:f9:c2:c2:ed
 0h00:04.181 2026/05/16T23:15:44z: SSID: that iPhone
1 BSEC warning code : 100

 ets Jan  8 2013,rst cause:1, boot mode:(3,7)

load 0x4010f000, len 1384, room 16 
tail 8
chksum 0x2d
csum 0x2d
v8b899c12
~ld


7.04
 0h00:00.508 1970/01/01T08:00:00z: SPIFFS Active
 0h00:04.184 2026/05/16T23:35:24z: f0:24:f9:c2:c2:ed
 0h00:04.185 2026/05/16T23:35:24z: SSID: that iPhone
1 BSEC warning code : 100

1 BSEC warning code : 100

 ets Jan  8 2013,rst cause:1, boot mode:(3,7)

load 0x4010f000, len 1384, room 16 
tail 8
chksum 0x2d
csum 0x2d
v8b899c12
~ld


7.04
 0h00:00.509 1970/01/01T08:00:00z: SPIFFS Active
 0h00:04.185 2026/05/16T23:55:05z: f0:24:f9:c2:c2:ed
 0h00:04.186 2026/05/16T23:55:05z: SSID: that iPhone
1 BSEC warning code : 100
