
1 BSEC warning code : 100

1 BSEC warning code : 100

 ets Jan  8 2013,rst cause:1, boot mode:(3,7)

load 0x4010f000, len 1384, room 16 
tail 8
chksum 0x2d
csum 0x2d
v8b899c12
~ld


7.04
 0h00:00.498 1970/01/01T08:00:00z: SPIFFS Active
 0h00:04.174 2026/05/20T22:42:42z: f0:24:f9:c6:7c:56
 0h00:04.176 2026/05/20T22:42:42z: SSID: TEST-STA
1 BSEC warning code : 100

 ets Jan  8 2013,rst cause:1, boot mode:(3,7)

load 0x4010f000, len 1384, room 16 
tail 8
chksum 0x2d
csum 0x2d
v8b899c12
~ld


7.04
 0h00:00.508 1970/01/01T08:00:00z: SPIFFS Active
 0h00:04.184 2026/05/20T23:02:23z: f0:24:f9:c6:7c:56
 0h00:04.186 2026/05/20T23:02:23z: SSID: TEST-STA
 ets Jan  8 2013,rst cause:1, boot mode:(3,7)

load 0x4010f000, len 1384, room 16 
tail 8
chksum 0x2d
csum 0x2d
v8b899c12
~ld


7.04
 0h00:00.507 1970/01/01T08:00:00z: SPIFFS Active
 0h00:04.184 2026/05/20T23:22:03z: f0:24:f9:c6:7c:56
 0h00:04.185 2026/05/20T23:22:03z: SSID: TEST-STA
 ets Jan  8 2013,rst cause:1, boot mode:(3,7)

load 0x4010f000, len 1384, room 16 
tail 8
chksum 0x2d
csum 0x2d
v8b899c12
~ld


7.04
 0h00:00.592 1970/01/01T08:00:00z: SPIFFS Active
 0h00:04.268 2026/05/20T23:41:43z: f0:24:f9:c6:7c:56
 0h00:04.270 2026/05/20T23:41:43z: SSID: TEST-STA
1 BSEC warning code : 100

1 BSEC warning code : 100
