
1 BSEC warning code : 100

1 BSEC warning code : 100

 ets Jan  8 2013,rst cause:1, boot mode:(3,2)

load 0x4010f000, len 1384, room 16 
tail 8
chksum 0x2d
csum 0x2d
v8b899c12
~ld


7.04
 0h00:00.492 1970/01/01T08:00:00z: SPIFFS Active
 0h00:04.168 2026/05/03T00:02:28z: f0:24:f9:c6:e5:d3
 0h00:04.170 2026/05/03T00:02:28z: SSID: TEST-STA
1 BSEC warning code : 100

 ets Jan  8 2013,rst cause:1, boot mode:(3,2)

load 0x4010f000, len 1384, room 16 
tail 8
chksum 0x2d
csum 0x2d
v8b899c12
~ld


7.04
 0h00:00.582 1970/01/01T08:00:00z: SPIFFS Active
 0h00:04.259 2026/05/03T00:22:09z: f0:24:f9:c6:e5:d3
 0h00:04.260 2026/05/03T00:22:09z: SSID: TEST-STA
1 BSEC warning code : 100

 ets Jan  8 2013,rst cause:1, boot mode:(3,2)

load 0x4010f000, len 1384, room 16 
tail 8
chksum 0x2d
csum 0x2d
v8b899c12
~ld


7.04
 0h00:00.585 1970/01/01T08:00:00z: SPIFFS Active
 0h00:04.261 2026/05/03T00:41:50z: f0:24:f9:c6:e5:d3
 0h00:04.263 2026/05/03T00:41:50z: SSID: TEST-STA
1 BSEC warning code : 100

1 BSEC warning code : 100

 ets Jan  8 2013,rst cause:1, boot mode:(3,2)

load 0x4010f000, len 1384, room 16 
tail 8
chksum 0x2d
csum 0x2d
v8b899c12
~ld


7.04
 0h00:00.538 1970/01/01T08:00:00z: SPIFFS Active
 0h00:04.214 2026/05/03T01:01:31z: f0:24:f9:c6:e5:d3
 0h00:04.215 2026/05/03T01:01:31z: SSID: TEST-STA
1 BSEC warning code : 100

 ets Jan  8 2013,rst cause:1, boot mode:(3,2)

load 0x4010f000, len 1384, room 16 
tail 8
chksum 0x2d
csum 0x2d
v8b899c12
~ld


7.04
 0h00:00.493 1970/01/01T08:00:00z: SPIFFS Active
 0h00:04.169 2026/05/03T01:21:11z: f0:24:f9:c6:e5:d3
 0h00:04.171 2026/05/03T01:21:11z: SSID: TEST-STA
1 BSEC warning code : 100

 ets Jan  8 2013,rst cause:1, boot mode:(3,2)

load 0x4010f000, len 1384, room 16 
tail 8
chksum 0x2d
csum 0x2d
v8b899c12
~ld


7.04
 0h00:00.505 1970/01/01T08:00:00z: SPIFFS Active
 0h00:04.182 2026/05/03T01:40:52z: f0:24:f9:c6:e5:d3
 0h00:04.183 2026/05/03T01:40:52z: SSID: TEST-STA
1 BSEC warning code : 100

1 BSEC warning code : 100

 ets Jan  8 2013,rst cause:1, boot mode:(3,2)

load 0x4010f000, len 1384, room 16 
tail 8
chksum 0x2d
csum 0x2d
v8b899c12
~ld


7.04
 0h00:00.554 1970/01/01T08:00:00z: SPIFFS Active
 0h00:04.230 2026/05/03T02:00:33z: f0:24:f9:c6:e5:d3
 0h00:04.232 2026/05/03T02:00:33z: SSID: TEST-STA
1 BSEC warning code : 100

 ets Jan  8 2013,rst cause:1, boot mode:(3,2)

load 0x4010f000, len 1384, room 16 
tail 8
chksum 0x2d
csum 0x2d
v8b899c12
~ld


7.04
 0h00:00.501 1970/01/01T08:00:00z: SPIFFS Active
 0h00:04.177 2026/05/03T02:20:14z: f0:24:f9:c6:e5:d3
 0h00:04.179 2026/05/03T02:20:14z: SSID: TEST-STA
1 BSEC warning code : 100

 ets Jan  8 2013,rst cause:1, boot mode:(3,2)

load 0x4010f000, len 1384, room 16 
tail 8
chksum 0x2d
csum 0x2d
v8b899c12
~ld


7.04
 0h00:00.551 1970/01/01T08:00:00z: SPIFFS Active
 0h00:04.228 2026/05/03T02:39:54z: f0:24:f9:c6:e5:d3
 0h00:04.229 2026/05/03T02:39:54z: SSID: TEST-STA
1 BSEC warning code : 100

1 BSEC warning code : 100

 ets Jan  8 2013,rst cause:1, boot mode:(3,2)

load 0x4010f000, len 1384, room 16 
tail 8
chksum 0x2d
csum 0x2d
v8b899c12
~ld


7.04
 0h00:00.596 1970/01/01T08:00:00z: SPIFFS Active
 0h00:04.272 2026/05/03T02:59:36z: f0:24:f9:c6:e5:d3
 0h00:04.274 2026/05/03T02:59:36z: SSID: TEST-STA
1 BSEC warning code : 100

 ets Jan  8 2013,rst cause:1, boot mode:(3,2)

load 0x4010f000, len 1384, room 16 
tail 8
chksum 0x2d
csum 0x2d
v8b899c12
~ld


7.04
 0h00:00.514 1970/01/01T08:00:00z: SPIFFS Active
 0h00:04.191 2026/05/03T03:19:17z: f0:24:f9:c6:e5:d3
 0h00:04.192 2026/05/03T03:19:17z: SSID: TEST-STA
1 BSEC warning code : 100

 ets Jan  8 2013,rst cause:1, boot mode:(3,2)

load 0x4010f000, len 1384, room 16 
tail 8
chksum 0x2d
csum 0x2d
v8b899c12
~ld


7.04
 0h00:00.560 1970/01/01T08:00:00z: SPIFFS Active
 0h00:04.237 2026/05/03T03:38:58z: f0:24:f9:c6:e5:d3
 0h00:04.238 2026/05/03T03:38:58z: SSID: TEST-STA
1 BSEC warning code : 100

1 BSEC warning code : 100

 ets Jan  8 2013,rst cause:1, boot mode:(3,2)

load 0x4010f000, len 1384, room 16 
tail 8
chksum 0x2d
csum 0x2d
v8b899c12
~ld


7.04
 0h00:00.593 1970/01/01T08:00:00z: SPIFFS Active
 0h00:04.269 2026/05/03T03:58:39z: f0:24:f9:c6:e5:d3
 0h00:04.271 2026/05/03T03:58:39z: SSID: TEST-STA
1 BSEC warning code : 100

 ets Jan  8 2013,rst cause:1, boot mode:(3,2)

load 0x4010f000, len 1384, room 16 
tail 8
chksum 0x2d
csum 0x2d
v8b899c12
~ld


7.04
 0h00:00.535 1970/01/01T08:00:00z: SPIFFS Active
 0h00:04.212 2026/05/03T04:18:20z: f0:24:f9:c6:e5:d3
 0h00:04.213 2026/05/03T04:18:20z: SSID: TEST-STA
1 BSEC warning code : 100

 ets Jan  8 2013,rst cause:1, boot mode:(3,2)

load 0x4010f000, len 1384, room 16 
tail 8
chksum 0x2d
csum 0x2d
v8b899c12
~ld


7.04
 0h00:00.539 1970/01/01T08:00:00z: SPIFFS Active
 0h00:04.216 2026/05/03T04:38:00z: f0:24:f9:c6:e5:d3
 0h00:04.217 2026/05/03T04:38:00z: SSID: TEST-STA
1 BSEC warning code : 100

1 BSEC warning code : 100

 ets Jan  8 2013,rst cause:1, boot mode:(3,2)

load 0x4010f000, len 1384, room 16 
tail 8
chksum 0x2d
csum 0x2d
v8b899c12
~ld


7.04
 0h00:00.503 1970/01/01T08:00:00z: SPIFFS Active
 0h00:04.179 2026/05/03T04:57:40z: f0:24:f9:c6:e5:d3
 0h00:04.181 2026/05/03T04:57:40z: SSID: TEST-STA
1 BSEC warning code : 100

 ets Jan  8 2013,rst cause:1, boot mode:(3,2)

load 0x4010f000, len 1384, room 16 
tail 8
chksum 0x2d
csum 0x2d
v8b899c12
~ld


7.04
 0h00:00.502 1970/01/01T08:00:00z: SPIFFS Active
 0h00:04.179 2026/05/03T05:17:21z: f0:24:f9:c6:e5:d3
 0h00:04.180 2026/05/03T05:17:21z: SSID: TEST-STA
1 BSEC warning code : 100

1 BSEC warning code : 100

 ets Jan  8 2013,rst cause:1, boot mode:(3,2)

load 0x4010f000, len 1384, room 16 
tail 8
chksum 0x2d
csum 0x2d
v8b899c12
~ld


7.04
 0h00:00.502 1970/01/01T08:00:00z: SPIFFS Active
 0h00:04.179 2026/05/03T05:37:01z: f0:24:f9:c6:e5:d3
 0h00:04.181 2026/05/03T05:37:01z: SSID: TEST-STA
1 BSEC warning code : 100

 ets Jan  8 2013,rst cause:1, boot mode:(3,2)

load 0x4010f000, len 1384, room 16 
tail 8
chksum 0x2d
csum 0x2d
v8b899c12
~ld


7.04
 0h00:00.500 1970/01/01T08:00:00z: SPIFFS Active
 0h00:04.177 2026/05/03T05:56:42z: f0:24:f9:c6:e5:d3
 0h00:04.179 2026/05/03T05:56:42z: SSID: TEST-STA
1 BSEC warning code : 100

 ets Jan  8 2013,rst cause:1, boot mode:(3,2)

load 0x4010f000, len 1384, room 16 
tail 8
chksum 0x2d
csum 0x2d
v8b899c12
~ld


7.04
 0h00:00.549 1970/01/01T08:00:00z: SPIFFS Active
 0h00:04.226 2026/05/03T06:16:23z: f0:24:f9:c6:e5:d3
 0h00:04.227 2026/05/03T06:16:23z: SSID: TEST-STA
1 BSEC warning code : 100

1 BSEC warning code : 100

 ets Jan  8 2013,rst cause:1, boot mode:(3,2)

load 0x4010f000, len 1384, room 16 
tail 8
chksum 0x2d
csum 0x2d
v8b899c12
~ld


7.04
 0h00:00.542 1970/01/01T08:00:00z: SPIFFS Active
 0h00:04.219 2026/05/03T06:36:04z: f0:24:f9:c6:e5:d3
 0h00:04.221 2026/05/03T06:36:04z: SSID: TEST-STA
1 BSEC warning code : 100

 ets Jan  8 2013,rst cause:1, boot mode:(3,2)

load 0x4010f000, len 1384, room 16 
tail 8
chksum 0x2d
csum 0x2d
v8b899c12
~ld


7.04
 0h00:00.507 1970/01/01T08:00:00z: SPIFFS Active
 0h00:04.184 2026/05/03T06:55:44z: f0:24:f9:c6:e5:d3
 0h00:04.186 2026/05/03T06:55:44z: SSID: TEST-STA
1 BSEC warning code : 100

1 BSEC warning code : 100

 ets Jan  8 2013,rst cause:1, boot mode:(3,2)

load 0x4010f000, len 1384, room 16 
tail 8
chksum 0x2d
csum 0x2d
v8b899c12
~ld


7.04
 0h00:00.509 1970/01/01T08:00:00z: SPIFFS Active
 0h00:04.186 2026/05/03T07:15:25z: f0:24:f9:c6:e5:d3
 0h00:04.188 2026/05/03T07:15:25z: SSID: TEST-STA
1 BSEC warning code : 100

 ets Jan  8 2013,rst cause:1, boot mode:(3,2)

load 0x4010f000, len 1384, room 16 
tail 8
chksum 0x2d
csum 0x2d
v8b899c12
~ld


7.04
 0h00:00.504 1970/01/01T08:00:00z: SPIFFS Active
 0h00:04.181 2026/05/03T07:35:05z: f0:24:f9:c6:e5:d3
 0h00:04.182 2026/05/03T07:35:05z: SSID: TEST-STA
1 BSEC warning code : 100

 ets Jan  8 2013,rst cause:1, boot mode:(3,2)

load 0x4010f000, len 1384, room 16 
tail 8
chksum 0x2d
csum 0x2d
v8b899c12
~ld


7.04
 0h00:00.499 1970/01/01T08:00:00z: SPIFFS Active
 0h00:04.176 2026/05/03T07:54:47z: f0:24:f9:c6:e5:d3
 0h00:04.177 2026/05/03T07:54:47z: SSID: TEST-STA
1 BSEC warning code : 100

1 BSEC warning code : 100

 ets Jan  8 2013,rst cause:1, boot mode:(3,2)

load 0x4010f000, len 1384, room 16 
tail 8
chksum 0x2d
csum 0x2d
v8b899c12
~ld


7.04
 0h00:00.487 1970/01/01T08:00:00z: SPIFFS Active
 0h00:04.164 2026/05/03T08:14:27z: f0:24:f9:c6:e5:d3
 0h00:04.165 2026/05/03T08:14:27z: SSID: TEST-STA
1 BSEC warning code : 100

 ets Jan  8 2013,rst cause:1, boot mode:(3,2)

load 0x4010f000, len 1384, room 16 
tail 8
chksum 0x2d
csum 0x2d
v8b899c12
~ld


7.04
 0h00:00.544 1970/01/01T08:00:00z: SPIFFS Active
 0h00:04.219 2026/05/03T08:34:08z: f0:24:f9:c6:e5:d3
 0h00:04.221 2026/05/03T08:34:08z: SSID: TEST-STA
1 BSEC warning code : 100

 ets Jan  8 2013,rst cause:1, boot mode:(3,2)

load 0x4010f000, len 1384, room 16 
tail 8
chksum 0x2d
csum 0x2d
v8b899c12
~ld


7.04
 0h00:00.543 1970/01/01T08:00:00z: SPIFFS Active
 0h00:04.218 2026/05/03T08:53:48z: f0:24:f9:c6:e5:d3
 0h00:04.220 2026/05/03T08:53:48z: SSID: TEST-STA
1 BSEC warning code : 100

1 BSEC warning code : 100

 ets Jan  8 2013,rst cause:1, boot mode:(3,2)

load 0x4010f000, len 1384, room 16 
tail 8
chksum 0x2d
csum 0x2d
v8b899c12
~ld


7.04
 0h00:00.502 1970/01/01T08:00:00z: SPIFFS Active
 0h00:04.176 2026/05/03T09:13:29z: f0:24:f9:c6:e5:d3
 0h00:04.178 2026/05/03T09:13:29z: SSID: TEST-STA
1 BSEC warning code : 100

 ets Jan  8 2013,rst cause:1, boot mode:(3,2)

load 0x4010f000, len 1384, room 16 
tail 8
chksum 0x2d
csum 0x2d
v8b899c12
~ld


7.04
 0h00:00.542 1970/01/01T08:00:00z: SPIFFS Active
 0h00:04.217 2026/05/03T09:33:10z: f0:24:f9:c6:e5:d3
 0h00:04.218 2026/05/03T09:33:10z: SSID: TEST-STA
1 BSEC warning code : 100

 ets Jan  8 2013,rst cause:1, boot mode:(3,2)

load 0x4010f000, len 1384, room 16 
tail 8
chksum 0x2d
csum 0x2d
v8b899c12
~ld


7.04
 0h00:00.587 1970/01/01T08:00:00z: SPIFFS Active
 0h00:04.264 2026/05/03T09:52:50z: f0:24:f9:c6:e5:d3
 0h00:04.265 2026/05/03T09:52:50z: SSID: TEST-STA
1 BSEC warning code : 100

1 BSEC warning code : 100

 ets Jan  8 2013,rst cause:1, boot mode:(3,2)

load 0x4010f000, len 1384, room 16 
tail 8
chksum 0x2d
csum 0x2d
v8b899c12
~ld


7.04
 0h00:00.551 1970/01/01T08:00:00z: SPIFFS Active
 0h00:04.227 2026/05/03T10:12:30z: f0:24:f9:c6:e5:d3
 0h00:04.229 2026/05/03T10:12:30z: SSID: TEST-STA
1 BSEC warning code : 100

 ets Jan  8 2013,rst cause:1, boot mode:(3,2)

load 0x4010f000, len 1384, room 16 
tail 8
chksum 0x2d
csum 0x2d
v8b899c12
~ld


7.04
 0h00:00.500 1970/01/01T08:00:00z: SPIFFS Active
 0h00:04.177 2026/05/03T10:32:11z: f0:24:f9:c6:e5:d3
 0h00:04.178 2026/05/03T10:32:11z: SSID: TEST-STA
1 BSEC warning code : 100

 ets Jan  8 2013,rst cause:1, boot mode:(3,2)

load 0x4010f000, len 1384, room 16 
tail 8
chksum 0x2d
csum 0x2d
v8b899c12
~ld


7.04
 0h00:00.543 1970/01/01T08:00:00z: SPIFFS Active
 0h00:04.218 2026/05/03T10:51:52z: f0:24:f9:c6:e5:d3
 0h00:04.219 2026/05/03T10:51:52z: SSID: TEST-STA
1 BSEC warning code : 100

1 BSEC warning code : 100

 ets Jan  8 2013,rst cause:1, boot mode:(3,2)

load 0x4010f000, len 1384, room 16 
tail 8
chksum 0x2d
csum 0x2d
v8b899c12
~ld


7.04
 0h00:00.502 1970/01/01T08:00:00z: SPIFFS Active
 0h00:04.177 2026/05/03T11:11:32z: f0:24:f9:c6:e5:d3
 0h00:04.179 2026/05/03T11:11:32z: SSID: TEST-STA
1 BSEC warning code : 100

1 BSEC warning code : 100

 ets Jan  8 2013,rst cause:1, boot mode:(3,2)

load 0x4010f000, len 1384, room 16 
tail 8
chksum 0x2d
csum 0x2d
v8b899c12
~ld


7.04
 0h00:00.508 1970/01/01T08:00:00z: SPIFFS Active
 0h00:04.183 2026/05/03T11:31:14z: f0:24:f9:c6:e5:d3
 0h00:04.185 2026/05/03T11:31:14z: SSID: TEST-STA
1 BSEC warning code : 100

1 BSEC warning code : 100

 ets Jan  8 2013,rst cause:1, boot mode:(3,2)

load 0x4010f000, len 1384, room 16 
tail 8
chksum 0x2d
csum 0x2d
v8b899c12
~ld


7.04
 0h00:00.549 1970/01/01T08:00:00z: SPIFFS Active
 0h00:04.224 2026/05/03T11:50:55z: f0:24:f9:c6:e5:d3
 0h00:04.225 2026/05/03T11:50:55z: SSID: TEST-STA
1 BSEC warning code : 100

 ets Jan  8 2013,rst cause:1, boot mode:(3,2)

load 0x4010f000, len 1384, room 16 
tail 8
chksum 0x2d
csum 0x2d
v8b899c12
~ld


7.04
 0h00:00.491 1970/01/01T08:00:00z: SPIFFS Active
 0h00:04.166 2026/05/03T12:10:35z: f0:24:f9:c6:e5:d3
 0h00:04.167 2026/05/03T12:10:35z: SSID: TEST-STA
1 BSEC warning code : 100

 ets Jan  8 2013,rst cause:1, boot mode:(3,2)

load 0x4010f000, len 1384, room 16 
tail 8
chksum 0x2d
csum 0x2d
v8b899c12
~ld


7.04
 0h00:00.550 1970/01/01T08:00:00z: SPIFFS Active
 0h00:04.226 2026/05/03T12:30:16z: f0:24:f9:c6:e5:d3
 0h00:04.227 2026/05/03T12:30:16z: SSID: TEST-STA
1 BSEC warning code : 100

1 BSEC warning code : 100

 ets Jan  8 2013,rst cause:1, boot mode:(3,2)

load 0x4010f000, len 1384, room 16 
tail 8
chksum 0x2d
csum 0x2d
v8b899c12
~ld


7.04
 0h00:00.537 1970/01/01T08:00:00z: SPIFFS Active
 0h00:04.212 2026/05/03T12:49:57z: f0:24:f9:c6:e5:d3
 0h00:04.213 2026/05/03T12:49:57z: SSID: TEST-STA
1 BSEC warning code : 100

 ets Jan  8 2013,rst cause:1, boot mode:(3,2)

load 0x4010f000, len 1384, room 16 
tail 8
chksum 0x2d
csum 0x2d
v8b899c12
~ld


7.04
 0h00:00.494 1970/01/01T08:00:00z: SPIFFS Active
 0h00:04.169 2026/05/03T13:09:38z: f0:24:f9:c6:e5:d3
 0h00:04.171 2026/05/03T13:09:38z: SSID: TEST-STA
1 BSEC warning code : 100

 ets Jan  8 2013,rst cause:1, boot mode:(3,2)

load 0x4010f000, len 1384, room 16 
tail 8
chksum 0x2d
csum 0x2d
v8b899c12
~ld


7.04
 0h00:00.546 1970/01/01T08:00:00z: SPIFFS Active
 0h00:04.221 2026/05/03T13:29:18z: f0:24:f9:c6:e5:d3
 0h00:04.222 2026/05/03T13:29:18z: SSID: TEST-STA
1 BSEC warning code : 100

1 BSEC warning code : 100

 ets Jan  8 2013,rst cause:1, boot mode:(3,2)

load 0x4010f000, len 1384, room 16 
tail 8
chksum 0x2d
csum 0x2d
v8b899c12
~ld


7.04
 0h00:00.554 1970/01/01T08:00:00z: SPIFFS Active
 0h00:04.229 2026/05/03T13:48:59z: f0:24:f9:c6:e5:d3
 0h00:04.231 2026/05/03T13:48:59z: SSID: TEST-STA
1 BSEC warning code : 100

 ets Jan  8 2013,rst cause:1, boot mode:(3,2)

load 0x4010f000, len 1384, room 16 
tail 8
chksum 0x2d
csum 0x2d
v8b899c12
~ld


7.04
 0h00:00.507 1970/01/01T08:00:00z: SPIFFS Active
 0h00:04.183 2026/05/03T14:08:40z: f0:24:f9:c6:e5:d3
 0h00:04.184 2026/05/03T14:08:40z: SSID: TEST-STA
1 BSEC warning code : 100

 ets Jan  8 2013,rst cause:1, boot mode:(3,2)

load 0x4010f000, len 1384, room 16 
tail 8
chksum 0x2d
csum 0x2d
v8b899c12
~ld


7.04
 0h00:00.546 1970/01/01T08:00:00z: SPIFFS Active
 0h00:04.222 2026/05/03T14:28:21z: f0:24:f9:c6:e5:d3
 0h00:04.223 2026/05/03T14:28:21z: SSID: TEST-STA
1 BSEC warning code : 100

1 BSEC warning code : 100

 ets Jan  8 2013,rst cause:1, boot mode:(3,2)

load 0x4010f000, len 1384, room 16 
tail 8
chksum 0x2d
csum 0x2d
v8b899c12
~ld


7.04
 0h00:00.542 1970/01/01T08:00:00z: SPIFFS Active
 0h00:04.217 2026/05/03T14:48:01z: f0:24:f9:c6:e5:d3
 0h00:04.218 2026/05/03T14:48:01z: SSID: TEST-STA
1 BSEC warning code : 100

 ets Jan  8 2013,rst cause:1, boot mode:(3,2)

load 0x4010f000, len 1384, room 16 
tail 8
chksum 0x2d
csum 0x2d
v8b899c12
~ld


7.04
 0h00:00.541 1970/01/01T08:00:00z: SPIFFS Active
 0h00:04.216 2026/05/03T15:07:42z: f0:24:f9:c6:e5:d3
 0h00:04.218 2026/05/03T15:07:42z: SSID: TEST-STA
1 BSEC warning code : 100

 ets Jan  8 2013,rst cause:1, boot mode:(3,2)

load 0x4010f000, len 1384, room 16 
tail 8
chksum 0x2d
csum 0x2d
v8b899c12
~ld


7.04
 0h00:00.553 1970/01/01T08:00:00z: SPIFFS Active
 0h00:04.228 2026/05/03T15:27:23z: f0:24:f9:c6:e5:d3
 0h00:04.230 2026/05/03T15:27:23z: SSID: TEST-STA
1 BSEC warning code : 100

1 BSEC warning code : 100

 ets Jan  8 2013,rst cause:1, boot mode:(3,2)

load 0x4010f000, len 1384, room 16 
tail 8
chksum 0x2d
csum 0x2d
v8b899c12
~ld


7.04
 0h00:00.490 1970/01/01T08:00:00z: SPIFFS Active
 0h00:04.166 2026/05/03T15:47:05z: f0:24:f9:c6:e5:d3
 0h00:04.167 2026/05/03T15:47:05z: SSID: TEST-STA
1 BSEC warning code : 100

 ets Jan  8 2013,rst cause:1, boot mode:(3,2)

load 0x4010f000, len 1384, room 16 
tail 8
chksum 0x2d
csum 0x2d
v8b899c12
~ld


7.04
 0h00:00.491 1970/01/01T08:00:00z: SPIFFS Active
 0h00:04.167 2026/05/03T16:06:46z: f0:24:f9:c6:e5:d3
 0h00:04.168 2026/05/03T16:06:46z: SSID: TEST-STA
1 BSEC warning code : 100

 ets Jan  8 2013,rst cause:1, boot mode:(3,2)

load 0x4010f000, len 1384, room 16 
tail 8
chksum 0x2d
csum 0x2d
v8b899c12
~ld


7.04
 0h00:00.530 1970/01/01T08:00:00z: SPIFFS Active
 0h00:04.205 2026/05/03T16:26:26z: f0:24:f9:c6:e5:d3
 0h00:04.207 2026/05/03T16:26:26z: SSID: TEST-STA
1 BSEC warning code : 100

 ets Jan  8 2013,rst cause:1, boot mode:(3,2)

load 0x4010f000, len 1384, room 16 
tail 8
chksum 0x2d
csum 0x2d
v8b899c12
~ld


7.04
 0h00:00.576 1970/01/01T08:00:00z: SPIFFS Active
 0h00:04.252 2026/05/03T16:46:07z: f0:24:f9:c6:e5:d3
 0h00:04.253 2026/05/03T16:46:07z: SSID: TEST-STA
1 BSEC warning code : 100

1 BSEC warning code : 100

 ets Jan  8 2013,rst cause:1, boot mode:(3,2)

load 0x4010f000, len 1384, room 16 
tail 8
chksum 0x2d
csum 0x2d
v8b899c12
~ld


7.04
 0h00:00.498 1970/01/01T08:00:00z: SPIFFS Active
 0h00:04.174 2026/05/03T17:05:48z: f0:24:f9:c6:e5:d3
 0h00:04.175 2026/05/03T17:05:48z: SSID: TEST-STA
1 BSEC warning code : 100

 ets Jan  8 2013,rst cause:1, boot mode:(3,2)

load 0x4010f000, len 1384, room 16 
tail 8
chksum 0x2d
csum 0x2d
v8b899c12
~ld


7.04
 0h00:00.549 1970/01/01T08:00:00z: SPIFFS Active
 0h00:04.224 2026/05/03T17:25:28z: f0:24:f9:c6:e5:d3
 0h00:04.226 2026/05/03T17:25:28z: SSID: TEST-STA
1 BSEC warning code : 100

 ets Jan  8 2013,rst cause:1, boot mode:(3,2)

load 0x4010f000, len 1384, room 16 
tail 8
chksum 0x2d
csum 0x2d
v8b899c12
~ld


7.04
 0h00:00.551 1970/01/01T08:00:00z: SPIFFS Active
 0h00:04.227 2026/05/03T17:45:09z: f0:24:f9:c6:e5:d3
 0h00:04.228 2026/05/03T17:45:09z: SSID: TEST-STA
1 BSEC warning code : 100

1 BSEC warning code : 100

 ets Jan  8 2013,rst cause:1, boot mode:(3,2)

load 0x4010f000, len 1384, room 16 
tail 8
chksum 0x2d
csum 0x2d
v8b899c12
~ld


7.04
 0h00:00.540 1970/01/01T08:00:00z: SPIFFS Active
 0h00:04.215 2026/05/03T18:04:50z: f0:24:f9:c6:e5:d3
 0h00:04.217 2026/05/03T18:04:50z: SSID: TEST-STA
1 BSEC warning code : 100

1 BSEC warning code : 100

 ets Jan  8 2013,rst cause:1, boot mode:(3,2)

load 0x4010f000, len 1384, room 16 
tail 8
chksum 0x2d
csum 0x2d
v8b899c12
~ld


7.04
 0h00:00.551 1970/01/01T08:00:00z: SPIFFS Active
 0h00:04.226 2026/05/03T18:24:31z: f0:24:f9:c6:e5:d3
 0h00:04.228 2026/05/03T18:24:31z: SSID: TEST-STA
1 BSEC warning code : 100

 ets Jan  8 2013,rst cause:1, boot mode:(3,2)

load 0x4010f000, len 1384, room 16 
tail 8
chksum 0x2d
csum 0x2d
v8b899c12
~ld


7.04
 0h00:00.544 1970/01/01T08:00:00z: SPIFFS Active
 0h00:04.220 2026/05/03T18:44:12z: f0:24:f9:c6:e5:d3
 0h00:04.221 2026/05/03T18:44:12z: SSID: TEST-STA
1 BSEC warning code : 100

1 BSEC warning code : 100

 ets Jan  8 2013,rst cause:1, boot mode:(3,2)

load 0x4010f000, len 1384, room 16 
tail 8
chksum 0x2d
csum 0x2d
v8b899c12
~ld


7.04
 0h00:00.598 1970/01/01T08:00:00z: SPIFFS Active
 0h00:04.274 2026/05/03T19:03:53z: f0:24:f9:c6:e5:d3
 0h00:04.275 2026/05/03T19:03:53z: SSID: TEST-STA
1 BSEC warning code : 100

 ets Jan  8 2013,rst cause:1, boot mode:(3,2)

load 0x4010f000, len 1384, room 16 
tail 8
chksum 0x2d
csum 0x2d
v8b899c12
~ld


7.04
 0h00:00.533 1970/01/01T08:00:00z: SPIFFS Active
 0h00:04.209 2026/05/03T19:23:33z: f0:24:f9:c6:e5:d3
 0h00:04.211 2026/05/03T19:23:33z: SSID: TEST-STA
1 BSEC warning code : 100

 ets Jan  8 2013,rst cause:1, boot mode:(3,2)

load 0x4010f000, len 1384, room 16 
tail 8
chksum 0x2d
csum 0x2d
v8b899c12
~ld


7.04
 0h00:00.492 1970/01/01T08:00:00z: SPIFFS Active
 0h00:04.168 2026/05/03T19:43:13z: f0:24:f9:c6:e5:d3
 0h00:04.169 2026/05/03T19:43:13z: SSID: TEST-STA
1 BSEC warning code : 100

1 BSEC warning code : 100

 ets Jan  8 2013,rst cause:1, boot mode:(3,2)

load 0x4010f000, len 1384, room 16 
tail 8
chksum 0x2d
csum 0x2d
v8b899c12
~ld


7.04
 0h00:00.497 1970/01/01T08:00:00z: SPIFFS Active
 0h00:04.173 2026/05/03T20:02:54z: f0:24:f9:c6:e5:d3
 0h00:04.175 2026/05/03T20:02:54z: SSID: TEST-STA
1 BSEC warning code : 100

 ets Jan  8 2013,rst cause:1, boot mode:(3,2)

load 0x4010f000, len 1384, room 16 
tail 8
chksum 0x2d
csum 0x2d
v8b899c12
~ld


7.04
 0h00:00.538 1970/01/01T08:00:00z: SPIFFS Active
 0h00:04.214 2026/05/03T20:22:34z: f0:24:f9:c6:e5:d3
 0h00:04.215 2026/05/03T20:22:34z: SSID: TEST-STA
1 BSEC warning code : 100

 ets Jan  8 2013,rst cause:1, boot mode:(3,2)

load 0x4010f000, len 1384, room 16 
tail 8
chksum 0x2d
csum 0x2d
v8b899c12
~ld


7.04
 0h00:00.542 1970/01/01T08:00:00z: SPIFFS Active
 0h00:04.218 2026/05/03T20:42:15z: f0:24:f9:c6:e5:d3
 0h00:04.219 2026/05/03T20:42:15z: SSID: TEST-STA
1 BSEC warning code : 100

 ets Jan  8 2013,rst cause:1, boot mode:(3,2)

load 0x4010f000, len 1384, room 16 
tail 8
chksum 0x2d
csum 0x2d
v8b899c12
~ld


7.04
 0h00:00.545 1970/01/01T08:00:00z: SPIFFS Active
 0h00:04.221 2026/05/03T21:01:55z: f0:24:f9:c6:e5:d3
 0h00:04.222 2026/05/03T21:01:55z: SSID: TEST-STA
1 BSEC warning code : 100

 ets Jan  8 2013,rst cause:1, boot mode:(3,2)

load 0x4010f000, len 1384, room 16 
tail 8
chksum 0x2d
csum 0x2d
v8b899c12
~ld


7.04
 0h00:00.538 1970/01/01T08:00:00z: SPIFFS Active
 0h00:04.214 2026/05/03T21:21:36z: f0:24:f9:c6:e5:d3
 0h00:04.215 2026/05/03T21:21:36z: SSID: TEST-STA
1 BSEC warning code : 100

 ets Jan  8 2013,rst cause:1, boot mode:(3,2)

load 0x4010f000, len 1384, room 16 
tail 8
chksum 0x2d
csum 0x2d
v8b899c12
~ld


7.04
 0h00:00.540 1970/01/01T08:00:00z: SPIFFS Active
 0h00:04.216 2026/05/03T21:41:17z: f0:24:f9:c6:e5:d3
 0h00:04.218 2026/05/03T21:41:17z: SSID: TEST-STA
1 BSEC warning code : 100

 ets Jan  8 2013,rst cause:1, boot mode:(3,2)

load 0x4010f000, len 1384, room 16 
tail 8
chksum 0x2d
csum 0x2d
v8b899c12
~ld


7.04
 0h00:00.535 1970/01/01T08:00:00z: SPIFFS Active
 0h00:04.211 2026/05/03T22:00:58z: f0:24:f9:c6:e5:d3
 0h00:04.213 2026/05/03T22:00:58z: SSID: TEST-STA
1 BSEC warning code : 100

 ets Jan  8 2013,rst cause:1, boot mode:(3,2)

load 0x4010f000, len 1384, room 16 
tail 8
chksum 0x2d
csum 0x2d
v8b899c12
~ld


7.04
 0h00:00.493 1970/01/01T08:00:00z: SPIFFS Active
 0h00:04.169 2026/05/03T22:20:38z: f0:24:f9:c6:e5:d3
 0h00:04.170 2026/05/03T22:20:38z: SSID: TEST-STA
1 BSEC warning code : 100

 ets Jan  8 2013,rst cause:1, boot mode:(3,2)

load 0x4010f000, len 1384, room 16 
tail 8
chksum 0x2d
csum 0x2d
v8b899c12
~ld


7.04
 0h00:00.575 1970/01/01T08:00:00z: SPIFFS Active
 0h00:04.251 2026/05/03T22:40:18z: f0:24:f9:c6:e5:d3
 0h00:04.252 2026/05/03T22:40:18z: SSID: TEST-STA
1 BSEC warning code : 100

 ets Jan  8 2013,rst cause:1, boot mode:(3,2)

load 0x4010f000, len 1384, room 16 
tail 8
chksum 0x2d
csum 0x2d
v8b899c12
~ld


7.04
 0h00:00.625 1970/01/01T08:00:00z: SPIFFS Active
 0h00:04.301 2026/05/03T22:59:59z: f0:24:f9:c6:e5:d3
 0h00:04.303 2026/05/03T22:59:59z: SSID: TEST-STA
1 BSEC warning code : 100

 ets Jan  8 2013,rst cause:1, boot mode:(3,2)

load 0x4010f000, len 1384, room 16 
tail 8
chksum 0x2d
csum 0x2d
v8b899c12
~ld


7.04
 0h00:00.491 1970/01/01T08:00:00z: SPIFFS Active
 0h00:04.167 2026/05/03T23:19:39z: f0:24:f9:c6:e5:d3
 0h00:04.168 2026/05/03T23:19:39z: SSID: TEST-STA
1 BSEC warning code : 100

1 BSEC warning code : 100

1 BSEC warning code : 100

1 BSEC warning code : 100

1 BSEC warning code : 100

 ets Jan  8 2013,rst cause:1, boot mode:(3,2)

load 0x4010f000, len 1384, room 16 
tail 8
chksum 0x2d
csum 0x2d
v8b899c12
~ld


7.04
 0h00:00.539 1970/01/01T08:00:00z: SPIFFS Active
 0h00:04.215 2026/05/03T23:39:20z: f0:24:f9:c6:e5:d3
 0h00:04.216 2026/05/03T23:39:20z: SSID: TEST-STA
1 BSEC warning code : 100

 ets Jan  8 2013,rst cause:1, boot mode:(3,2)

load 0x4010f000, len 1384, room 16 
tail 8
chksum 0x2d
csum 0x2d
v8b899c12
~ld


7.04
 0h00:00.563 1970/01/01T08:00:00z: SPIFFS Active
 0h00:04.239 2026/05/03T23:59:00z: f0:24:f9:c6:e5:d3
 0h00:04.241 2026/05/03T23:59:00z: SSID: TEST-STA