
1 BSEC warning code : 100

1 BSEC warning code : 100

 ets Jan  8 2013,rst cause:4, boot mode:(3,1)

wdt reset
load 0x4010f000, len 1384, room 16 
tail 8
chksum 0x2d
csum 0x2d
v8b899c12
~ld


7.04
 0h00:00.468 1970/01/01T08:00:00z: SPIFFS Active
 0h00:04.144 2026/05/11T00:09:35z: f0:24:f9:c6:6b:d7
 0h00:04.145 2026/05/11T00:09:35z: SSID: wifi
1 BSEC warning code : 100

 ets Jan  8 2013,rst cause:4, boot mode:(3,1)

wdt reset
load 0x4010f000, len 1384, room 16 
tail 8
chksum 0x2d
csum 0x2d
v8b899c12
~ld


7.04
 0h00:00.442 1970/01/01T08:00:00z: SPIFFS Active
 0h00:04.118 2026/05/11T00:29:16z: f0:24:f9:c6:6b:d7
 0h00:04.119 2026/05/11T00:29:16z: SSID: wifi
1 BSEC warning code : 100

1 BSEC warning code : 100

 ets Jan  8 2013,rst cause:4, boot mode:(3,1)

wdt reset
load 0x4010f000, len 1384, room 16 
tail 8
chksum 0x2d
csum 0x2d
v8b899c12
~ld


7.04
 0h00:00.474 1970/01/01T08:00:00z: SPIFFS Active
 0h00:04.149 2026/05/11T00:48:57z: f0:24:f9:c6:6b:d7
 0h00:04.151 2026/05/11T00:48:57z: SSID: wifi
1 BSEC warning code : 100

 ets Jan  8 2013,rst cause:4, boot mode:(3,1)

wdt reset
load 0x4010f000, len 1384, room 16 
tail 8
chksum 0x2d
csum 0x2d
v8b899c12
~ld


7.04
 0h00:00.478 1970/01/01T08:00:00z: SPIFFS Active
 0h00:04.154 2026/05/11T01:08:37z: f0:24:f9:c6:6b:d7
 0h00:04.155 2026/05/11T01:08:37z: SSID: wifi
1 BSEC warning code : 100

 ets Jan  8 2013,rst cause:4, boot mode:(3,1)

wdt reset
load 0x4010f000, len 1384, room 16 
tail 8
chksum 0x2d
csum 0x2d
v8b899c12
~ld


7.04
 0h00:00.442 1970/01/01T08:00:00z: SPIFFS Active
 0h00:04.117 2026/05/11T01:28:18z: f0:24:f9:c6:6b:d7
 0h00:04.119 2026/05/11T01:28:18z: SSID: wifi
1 BSEC warning code : 100

 ets Jan  8 2013,rst cause:4, boot mode:(3,1)

wdt reset
load 0x4010f000, len 1384, room 16 
tail 8
chksum 0x2d
csum 0x2d
v8b899c12
~ld


7.04
 0h00:00.441 1970/01/01T08:00:00z: SPIFFS Active
 0h00:04.117 2026/05/11T01:48:00z: f0:24:f9:c6:6b:d7
 0h00:04.119 2026/05/11T01:48:00z: SSID: wifi
1 BSEC warning code : 100

 ets Jan  8 2013,rst cause:4, boot mode:(3,1)

wdt reset
load 0x4010f000, len 1384, room 16 
tail 8
chksum 0x2d
csum 0x2d
v8b899c12
~ld


7.04
 0h00:00.446 1970/01/01T08:00:00z: SPIFFS Active
 0h00:04.122 2026/05/11T02:07:40z: f0:24:f9:c6:6b:d7
 0h00:04.124 2026/05/11T02:07:40z: SSID: wifi
1 BSEC warning code : 100

 ets Jan  8 2013,rst cause:4, boot mode:(3,1)

wdt reset
load 0x4010f000, len 1384, room 16 
tail 8
chksum 0x2d
csum 0x2d
v8b899c12
~ld


7.04
 0h00:00.485 1970/01/01T08:00:00z: SPIFFS Active
 0h00:04.162 2026/05/11T02:27:22z: f0:24:f9:c6:6b:d7
 0h00:04.164 2026/05/11T02:27:22z: SSID: wifi
1 BSEC warning code : 100

1 BSEC warning code : 100

 ets Jan  8 2013,rst cause:4, boot mode:(3,1)

wdt reset
load 0x4010f000, len 1384, room 16 
tail 8
chksum 0x2d
csum 0x2d
v8b899c12
~ld


7.04
 0h00:00.435 1970/01/01T08:00:00z: SPIFFS Active
 0h00:04.112 2026/05/11T02:47:02z: f0:24:f9:c6:6b:d7
 0h00:04.113 2026/05/11T02:47:02z: SSID: wifi
1 BSEC warning code : 100

1 BSEC warning code : 100

 ets Jan  8 2013,rst cause:4, boot mode:(3,1)

wdt reset
load 0x4010f000, len 1384, room 16 
tail 8
chksum 0x2d
csum 0x2d
v8b899c12
~ld


7.04
 0h00:00.441 1970/01/01T08:00:00z: SPIFFS Active
 0h00:04.116 2026/05/11T03:06:43z: f0:24:f9:c6:6b:d7
 0h00:04.118 2026/05/11T03:06:43z: SSID: wifi
1 BSEC warning code : 100

1 BSEC warning code : 100

 ets Jan  8 2013,rst cause:4, boot mode:(3,1)

wdt reset
load 0x4010f000, len 1384, room 16 
tail 8
chksum 0x2d
csum 0x2d
v8b899c12
~ld


7.04
 0h00:00.478 1970/01/01T08:00:00z: SPIFFS Active
 0h00:04.153 2026/05/11T03:26:23z: f0:24:f9:c6:6b:d7
 0h00:04.155 2026/05/11T03:26:23z: SSID: wifi
1 BSEC warning code : 100

1 BSEC warning code : 100

 ets Jan  8 2013,rst cause:4, boot mode:(3,1)

wdt reset
load 0x4010f000, len 1384, room 16 
tail 8
chksum 0x2d
csum 0x2d
v8b899c12
~ld


7.04
 0h00:00.477 1970/01/01T08:00:00z: SPIFFS Active
 0h00:04.153 2026/05/11T03:46:05z: f0:24:f9:c6:6b:d7
 0h00:04.154 2026/05/11T03:46:05z: SSID: wifi
1 BSEC warning code : 100

 ets Jan  8 2013,rst cause:4, boot mode:(3,1)

wdt reset
load 0x4010f000, len 1384, room 16 
tail 8
chksum 0x2d
csum 0x2d
v8b899c12
~ld


7.04
 0h00:00.445 1970/01/01T08:00:00z: SPIFFS Active
 0h00:04.120 2026/05/11T04:05:46z: f0:24:f9:c6:6b:d7
 0h00:04.122 2026/05/11T04:05:46z: SSID: wifi
1 BSEC warning code : 100

1 BSEC warning code : 100

 ets Jan  8 2013,rst cause:4, boot mode:(3,1)

wdt reset
load 0x4010f000, len 1384, room 16 
tail 8
chksum 0x2d
csum 0x2d
v8b899c12
~ld


7.04
 0h00:00.433 1970/01/01T08:00:00z: SPIFFS Active
 0h00:04.109 2026/05/11T04:25:26z: f0:24:f9:c6:6b:d7
 0h00:04.111 2026/05/11T04:25:26z: SSID: wifi
1 BSEC warning code : 100

 ets Jan  8 2013,rst cause:4, boot mode:(3,1)

wdt reset
load 0x4010f000, len 1384, room 16 
tail 8
chksum 0x2d
csum 0x2d
v8b899c12
~ld


7.04
 0h00:00.484 1970/01/01T08:00:00z: SPIFFS Active
 0h00:04.159 2026/05/11T04:45:06z: f0:24:f9:c6:6b:d7
 0h00:04.161 2026/05/11T04:45:06z: SSID: wifi
1 BSEC warning code : 100

1 BSEC warning code : 100

 ets Jan  8 2013,rst cause:4, boot mode:(3,1)

wdt reset
load 0x4010f000, len 1384, room 16 
tail 8
chksum 0x2d
csum 0x2d
v8b899c12
~ld


7.04
 0h00:00.441 1970/01/01T08:00:00z: SPIFFS Active
 0h00:04.117 2026/05/11T05:04:46z: f0:24:f9:c6:6b:d7
 0h00:04.119 2026/05/11T05:04:46z: SSID: wifi
1 BSEC warning code : 100

 ets Jan  8 2013,rst cause:4, boot mode:(3,1)

wdt reset
load 0x4010f000, len 1384, room 16 
tail 8
chksum 0x2d
csum 0x2d
v8b899c12
~ld


7.04
 0h00:00.485 1970/01/01T08:00:00z: SPIFFS Active
 0h00:04.161 2026/05/11T05:24:28z: f0:24:f9:c6:6b:d7
 0h00:04.162 2026/05/11T05:24:28z: SSID: wifi
1 BSEC warning code : 100

1 BSEC warning code : 100

 ets Jan  8 2013,rst cause:4, boot mode:(3,1)

wdt reset
load 0x4010f000, len 1384, room 16 
tail 8
chksum 0x2d
csum 0x2d
v8b899c12
~ld


7.04
 0h00:00.484 1970/01/01T08:00:00z: SPIFFS Active
 0h00:04.159 2026/05/11T05:44:09z: f0:24:f9:c6:6b:d7
 0h00:04.161 2026/05/11T05:44:09z: SSID: wifi
1 BSEC warning code : 100

 ets Jan  8 2013,rst cause:4, boot mode:(3,1)

wdt reset
load 0x4010f000, len 1384, room 16 
tail 8
chksum 0x2d
csum 0x2d
v8b899c12
~ld


7.04
 0h00:00.450 1970/01/01T08:00:00z: SPIFFS Active
 0h00:04.126 2026/05/11T06:03:50z: f0:24:f9:c6:6b:d7
 0h00:04.128 2026/05/11T06:03:50z: SSID: wifi
1 BSEC warning code : 100

 ets Jan  8 2013,rst cause:4, boot mode:(3,1)

wdt reset
load 0x4010f000, len 1384, room 16 
tail 8
chksum 0x2d
csum 0x2d
v8b899c12
~ld


7.04
 0h00:00.488 1970/01/01T08:00:00z: SPIFFS Active
 0h00:04.163 2026/05/11T06:23:31z: f0:24:f9:c6:6b:d7
 0h00:04.165 2026/05/11T06:23:31z: SSID: wifi
1 BSEC warning code : 100

 ets Jan  8 2013,rst cause:4, boot mode:(3,1)

wdt reset
load 0x4010f000, len 1384, room 16 
tail 8
chksum 0x2d
csum 0x2d
v8b899c12
~ld


7.04
 0h00:00.478 1970/01/01T08:00:00z: SPIFFS Active
 0h00:04.154 2026/05/11T06:43:11z: f0:24:f9:c6:6b:d7
 0h00:04.156 2026/05/11T06:43:11z: SSID: wifi
1 BSEC warning code : 100

 ets Jan  8 2013,rst cause:4, boot mode:(3,1)

wdt reset
load 0x4010f000, len 1384, room 16 
tail 8
chksum 0x2d
csum 0x2d
v8b899c12
~ld


7.04
 0h00:00.451 1970/01/01T08:00:00z: SPIFFS Active
 0h00:04.127 2026/05/11T07:02:52z: f0:24:f9:c6:6b:d7
 0h00:04.128 2026/05/11T07:02:52z: SSID: wifi
1 BSEC warning code : 100

1 BSEC warning code : 100

1 BSEC warning code : 100

 ets Jan  8 2013,rst cause:4, boot mode:(3,1)

wdt reset
load 0x4010f000, len 1384, room 16 
tail 8
chksum 0x2d
csum 0x2d
v8b899c12
~ld


7.04
 0h00:00.483 1970/01/01T08:00:00z: SPIFFS Active
 0h00:04.159 2026/05/11T07:22:34z: f0:24:f9:c6:6b:d7
 0h00:04.161 2026/05/11T07:22:34z: SSID: wifi
1 BSEC warning code : 100

1 BSEC warning code : 100

 ets Jan  8 2013,rst cause:4, boot mode:(3,1)

wdt reset
load 0x4010f000, len 1384, room 16 
tail 8
chksum 0x2d
csum 0x2d
v8b899c12
~ld


7.04
 0h00:00.526 1970/01/01T08:00:00z: SPIFFS Active
 0h00:04.202 2026/05/11T07:42:14z: f0:24:f9:c6:6b:d7
 0h00:04.203 2026/05/11T07:42:14z: SSID: wifi
1 BSEC warning code : 100

1 BSEC warning code : 100

 ets Jan  8 2013,rst cause:4, boot mode:(3,1)

wdt reset
load 0x4010f000, len 1384, room 16 
tail 8
chksum 0x2d
csum 0x2d
v8b899c12
~ld


7.04
 0h00:00.490 1970/01/01T08:00:00z: SPIFFS Active
 0h00:04.166 2026/05/11T08:01:55z: f0:24:f9:c6:6b:d7
 0h00:04.168 2026/05/11T08:01:55z: SSID: wifi
1 BSEC warning code : 100

 ets Jan  8 2013,rst cause:4, boot mode:(3,1)

wdt reset
load 0x4010f000, len 1384, room 16 
tail 8
chksum 0x2d
csum 0x2d
v8b899c12
~ld


7.04
 0h00:00.485 1970/01/01T08:00:00z: SPIFFS Active
 0h00:04.160 2026/05/11T08:21:36z: f0:24:f9:c6:6b:d7
 0h00:04.162 2026/05/11T08:21:36z: SSID: wifi
1 BSEC warning code : 100

 ets Jan  8 2013,rst cause:4, boot mode:(3,1)

wdt reset
load 0x4010f000, len 1384, room 16 
tail 8
chksum 0x2d
csum 0x2d
v8b899c12
~ld


7.04
 0h00:00.446 1970/01/01T08:00:00z: SPIFFS Active
 0h00:04.122 2026/05/11T08:41:16z: f0:24:f9:c6:6b:d7
 0h00:04.124 2026/05/11T08:41:16z: SSID: wifi
1 BSEC warning code : 100

 ets Jan  8 2013,rst cause:4, boot mode:(3,1)

wdt reset
load 0x4010f000, len 1384, room 16 
tail 8
chksum 0x2d
csum 0x2d
v8b899c12
~ld


7.04
 0h00:00.447 1970/01/01T08:00:00z: SPIFFS Active
 0h00:04.123 2026/05/11T09:00:57z: f0:24:f9:c6:6b:d7
 0h00:04.125 2026/05/11T09:00:57z: SSID: wifi
1 BSEC warning code : 100

 ets Jan  8 2013,rst cause:4, boot mode:(3,1)

wdt reset
load 0x4010f000, len 1384, room 16 
tail 8
chksum 0x2d
csum 0x2d
v8b899c12
~ld


7.04
 0h00:00.435 1970/01/01T08:00:00z: SPIFFS Active
 0h00:04.111 2026/05/11T09:20:38z: f0:24:f9:c6:6b:d7
 0h00:04.113 2026/05/11T09:20:38z: SSID: wifi
1 BSEC warning code : 100

1 BSEC warning code : 100

 ets Jan  8 2013,rst cause:4, boot mode:(3,1)

wdt reset
load 0x4010f000, len 1384, room 16 
tail 8
chksum 0x2d
csum 0x2d
v8b899c12
~ld


7.04
 0h00:00.484 1970/01/01T08:00:00z: SPIFFS Active
 0h00:04.160 2026/05/11T09:40:19z: f0:24:f9:c6:6b:d7
 0h00:04.162 2026/05/11T09:40:19z: SSID: wifi
1 BSEC warning code : 100

1 BSEC warning code : 100

 ets Jan  8 2013,rst cause:4, boot mode:(3,1)

wdt reset
load 0x4010f000, len 1384, room 16 
tail 8
chksum 0x2d
csum 0x2d
v8b899c12
~ld


7.04
 0h00:00.480 1970/01/01T08:00:00z: SPIFFS Active
 0h00:04.156 2026/05/11T10:00:00z: f0:24:f9:c6:6b:d7
 0h00:04.157 2026/05/11T10:00:00z: SSID: wifi
1 BSEC warning code : 100

1 BSEC warning code : 100

 ets Jan  8 2013,rst cause:4, boot mode:(3,1)

wdt reset
load 0x4010f000, len 1384, room 16 
tail 8
chksum 0x2d
csum 0x2d
v8b899c12
~ld


7.04
 0h00:00.440 1970/01/01T08:00:00z: SPIFFS Active
 0h00:04.116 2026/05/11T10:19:41z: f0:24:f9:c6:6b:d7
 0h00:04.118 2026/05/11T10:19:41z: SSID: wifi
1 BSEC warning code : 100

1 BSEC warning code : 100

 ets Jan  8 2013,rst cause:4, boot mode:(3,1)

wdt reset
load 0x4010f000, len 1384, room 16 
tail 8
chksum 0x2d
csum 0x2d
v8b899c12
~ld


7.04
 0h00:00.442 1970/01/01T08:00:00z: SPIFFS Active
 0h00:04.118 2026/05/11T10:39:22z: f0:24:f9:c6:6b:d7
 0h00:04.119 2026/05/11T10:39:22z: SSID: wifi
1 BSEC warning code : 100

 ets Jan  8 2013,rst cause:4, boot mode:(3,1)

wdt reset
load 0x4010f000, len 1384, room 16 
tail 8
chksum 0x2d
csum 0x2d
v8b899c12
~ld


7.04
 0h00:00.444 1970/01/01T08:00:00z: SPIFFS Active
 0h00:04.120 2026/05/11T10:59:02z: f0:24:f9:c6:6b:d7
 0h00:04.121 2026/05/11T10:59:02z: SSID: wifi
1 BSEC warning code : 100

1 BSEC warning code : 100

 ets Jan  8 2013,rst cause:4, boot mode:(3,1)

wdt reset
load 0x4010f000, len 1384, room 16 
tail 8
chksum 0x2d
csum 0x2d
v8b899c12
~ld


7.04
 0h00:00.444 1970/01/01T08:00:00z: SPIFFS Active
 0h00:04.120 2026/05/11T11:18:42z: f0:24:f9:c6:6b:d7
 0h00:04.122 2026/05/11T11:18:42z: SSID: wifi
1 BSEC warning code : 100

1 BSEC warning code : 100

 ets Jan  8 2013,rst cause:4, boot mode:(3,1)

wdt reset
load 0x4010f000, len 1384, room 16 
tail 8
chksum 0x2d
csum 0x2d
v8b899c12
~ld


7.04
 0h00:00.435 1970/01/01T08:00:00z: SPIFFS Active
 0h00:04.111 2026/05/11T11:38:23z: f0:24:f9:c6:6b:d7
 0h00:04.113 2026/05/11T11:38:23z: SSID: wifi
1 BSEC warning code : 100

 ets Jan  8 2013,rst cause:4, boot mode:(3,1)

wdt reset
load 0x4010f000, len 1384, room 16 
tail 8
chksum 0x2d
csum 0x2d
v8b899c12
~ld


7.04
 0h00:00.442 1970/01/01T08:00:00z: SPIFFS Active
 0h00:04.118 2026/05/11T11:58:04z: f0:24:f9:c6:6b:d7
 0h00:04.120 2026/05/11T11:58:04z: SSID: wifi
1 BSEC warning code : 100

1 BSEC warning code : 100

 ets Jan  8 2013,rst cause:4, boot mode:(3,1)

wdt reset
load 0x4010f000, len 1384, room 16 
tail 8
chksum 0x2d
csum 0x2d
v8b899c12
~ld


7.04
 0h00:00.481 1970/01/01T08:00:00z: SPIFFS Active
 0h00:04.157 2026/05/11T12:17:45z: f0:24:f9:c6:6b:d7
 0h00:04.159 2026/05/11T12:17:45z: SSID: wifi
1 BSEC warning code : 100

 ets Jan  8 2013,rst cause:4, boot mode:(3,1)

wdt reset
load 0x4010f000, len 1384, room 16 
tail 8
chksum 0x2d
csum 0x2d
v8b899c12
~ld


7.04
 0h00:00.485 1970/01/01T08:00:00z: SPIFFS Active
 0h00:04.161 2026/05/11T12:37:25z: f0:24:f9:c6:6b:d7
 0h00:04.162 2026/05/11T12:37:25z: SSID: wifi
1 BSEC warning code : 100

1 BSEC warning code : 100

 ets Jan  8 2013,rst cause:4, boot mode:(3,1)

wdt reset
load 0x4010f000, len 1384, room 16 
tail 8
chksum 0x2d
csum 0x2d
v8b899c12
~ld


7.04
 0h00:00.442 1970/01/01T08:00:00z: SPIFFS Active
 0h00:04.119 2026/05/11T12:57:06z: f0:24:f9:c6:6b:d7
 0h00:04.120 2026/05/11T12:57:06z: SSID: wifi
1 BSEC warning code : 100

1 BSEC warning code : 100

 ets Jan  8 2013,rst cause:4, boot mode:(3,1)

wdt reset
load 0x4010f000, len 1384, room 16 
tail 8
chksum 0x2d
csum 0x2d
v8b899c12
~ld


7.04
 0h00:00.439 1970/01/01T08:00:00z: SPIFFS Active
 0h00:04.116 2026/05/11T13:16:47z: f0:24:f9:c6:6b:d7
 0h00:04.117 2026/05/11T13:16:47z: SSID: wifi
1 BSEC warning code : 100

1 BSEC warning code : 100

 ets Jan  8 2013,rst cause:4, boot mode:(3,1)

wdt reset
load 0x4010f000, len 1384, room 16 
tail 8
chksum 0x2d
csum 0x2d
v8b899c12
~ld


7.04
 0h00:00.440 1970/01/01T08:00:00z: SPIFFS Active
 0h00:04.117 2026/05/11T13:36:28z: f0:24:f9:c6:6b:d7
 0h00:04.119 2026/05/11T13:36:28z: SSID: wifi
1 BSEC warning code : 100

1 BSEC warning code : 100

 ets Jan  8 2013,rst cause:4, boot mode:(3,1)

wdt reset
load 0x4010f000, len 1384, room 16 
tail 8
chksum 0x2d
csum 0x2d
v8b899c12
~ld


7.04
 0h00:00.470 1970/01/01T08:00:00z: SPIFFS Active
 0h00:04.147 2026/05/11T13:56:09z: f0:24:f9:c6:6b:d7
 0h00:04.148 2026/05/11T13:56:09z: SSID: wifi
1 BSEC warning code : 100

 ets Jan  8 2013,rst cause:4, boot mode:(3,1)

wdt reset
load 0x4010f000, len 1384, room 16 
tail 8
chksum 0x2d
csum 0x2d
v8b899c12
~ld


7.04
 0h00:00.475 1970/01/01T08:00:00z: SPIFFS Active
 0h00:04.151 2026/05/11T14:15:49z: f0:24:f9:c6:6b:d7
 0h00:04.153 2026/05/11T14:15:49z: SSID: wifi
1 BSEC warning code : 100

 ets Jan  8 2013,rst cause:4, boot mode:(3,1)

wdt reset
load 0x4010f000, len 1384, room 16 
tail 8
chksum 0x2d
csum 0x2d
v8b899c12
~ld


7.04
 0h00:00.451 1970/01/01T08:00:00z: SPIFFS Active
 0h00:04.127 2026/05/11T14:35:29z: f0:24:f9:c6:6b:d7
 0h00:04.129 2026/05/11T14:35:29z: SSID: wifi
1 BSEC warning code : 100

1 BSEC warning code : 100

 ets Jan  8 2013,rst cause:4, boot mode:(3,1)

wdt reset
load 0x4010f000, len 1384, room 16 
tail 8
chksum 0x2d
csum 0x2d
v8b899c12
~ld


7.04
 0h00:00.447 1970/01/01T08:00:00z: SPIFFS Active
 0h00:04.123 2026/05/11T14:55:11z: f0:24:f9:c6:6b:d7
 0h00:04.125 2026/05/11T14:55:11z: SSID: wifi
1 BSEC warning code : 100

 ets Jan  8 2013,rst cause:4, boot mode:(3,1)

wdt reset
load 0x4010f000, len 1384, room 16 
tail 8
chksum 0x2d
csum 0x2d
v8b899c12
~ld


7.04
 0h00:00.452 1970/01/01T08:00:00z: SPIFFS Active
 0h00:04.129 2026/05/11T15:14:51z: f0:24:f9:c6:6b:d7
 0h00:04.130 2026/05/11T15:14:51z: SSID: wifi
1 BSEC warning code : 100

1 BSEC warning code : 100

 ets Jan  8 2013,rst cause:4, boot mode:(3,1)

wdt reset
load 0x4010f000, len 1384, room 16 
tail 8
chksum 0x2d
csum 0x2d
v8b899c12
~ld


7.04
 0h00:00.448 1970/01/01T08:00:00z: SPIFFS Active
 0h00:04.124 2026/05/11T15:34:32z: f0:24:f9:c6:6b:d7
 0h00:04.126 2026/05/11T15:34:32z: SSID: wifi
1 BSEC warning code : 100

1 BSEC warning code : 100

 ets Jan  8 2013,rst cause:4, boot mode:(3,1)

wdt reset
load 0x4010f000, len 1384, room 16 
tail 8
chksum 0x2d
csum 0x2d
v8b899c12
~ld


7.04
 0h00:00.451 1970/01/01T08:00:00z: SPIFFS Active
 0h00:04.127 2026/05/11T15:54:13z: f0:24:f9:c6:6b:d7
 0h00:04.129 2026/05/11T15:54:13z: SSID: wifi
1 BSEC warning code : 100

 ets Jan  8 2013,rst cause:4, boot mode:(3,1)

wdt reset
load 0x4010f000, len 1384, room 16 
tail 8
chksum 0x2d
csum 0x2d
v8b899c12
~ld


7.04
 0h00:00.443 1970/01/01T08:00:00z: SPIFFS Active
 0h00:04.120 2026/05/11T16:13:54z: f0:24:f9:c6:6b:d7
 0h00:04.122 2026/05/11T16:13:54z: SSID: wifi
1 BSEC warning code : 100

1 BSEC warning code : 100

 ets Jan  8 2013,rst cause:4, boot mode:(3,1)

wdt reset
load 0x4010f000, len 1384, room 16 
tail 8
chksum 0x2d
csum 0x2d
v8b899c12
~ld


7.04
 0h00:00.493 1970/01/01T08:00:00z: SPIFFS Active
 0h00:04.169 2026/05/11T16:33:34z: f0:24:f9:c6:6b:d7
 0h00:04.171 2026/05/11T16:33:34z: SSID: wifi
1 BSEC warning code : 100

 ets Jan  8 2013,rst cause:4, boot mode:(3,1)

wdt reset
load 0x4010f000, len 1384, room 16 
tail 8
chksum 0x2d
csum 0x2d
v8b899c12
~ld


7.04
 0h00:00.489 1970/01/01T08:00:00z: SPIFFS Active
 0h00:04.166 2026/05/11T16:53:15z: f0:24:f9:c6:6b:d7
 0h00:04.167 2026/05/11T16:53:15z: SSID: wifi
1 BSEC warning code : 100

 ets Jan  8 2013,rst cause:4, boot mode:(3,1)

wdt reset
load 0x4010f000, len 1384, room 16 
tail 8
chksum 0x2d
csum 0x2d
v8b899c12
~ld


7.04
 0h00:00.494 1970/01/01T08:00:00z: SPIFFS Active
 0h00:04.170 2026/05/11T17:12:56z: f0:24:f9:c6:6b:d7
 0h00:04.172 2026/05/11T17:12:56z: SSID: wifi
1 BSEC warning code : 100

1 BSEC warning code : 100

 ets Jan  8 2013,rst cause:4, boot mode:(3,1)

wdt reset
load 0x4010f000, len 1384, room 16 
tail 8
chksum 0x2d
csum 0x2d
v8b899c12
~ld


7.04
 0h00:00.445 1970/01/01T08:00:00z: SPIFFS Active
 0h00:04.121 2026/05/11T17:32:36z: f0:24:f9:c6:6b:d7
 0h00:04.123 2026/05/11T17:32:36z: SSID: wifi
1 BSEC warning code : 100

 ets Jan  8 2013,rst cause:4, boot mode:(3,1)

wdt reset
load 0x4010f000, len 1384, room 16 
tail 8
chksum 0x2d
csum 0x2d
v8b899c12
~ld


7.04
 0h00:00.446 1970/01/01T08:00:00z: SPIFFS Active
 0h00:04.123 2026/05/11T17:52:17z: f0:24:f9:c6:6b:d7
 0h00:04.124 2026/05/11T17:52:17z: SSID: wifi
1 BSEC warning code : 100

 ets Jan  8 2013,rst cause:4, boot mode:(3,1)

wdt reset
load 0x4010f000, len 1384, room 16 
tail 8
chksum 0x2d
csum 0x2d
v8b899c12
~ld


7.04
 0h00:00.445 1970/01/01T08:00:00z: SPIFFS Active
 0h00:04.121 2026/05/11T18:11:58z: f0:24:f9:c6:6b:d7
 0h00:04.123 2026/05/11T18:11:58z: SSID: wifi
1 BSEC warning code : 100

1 BSEC warning code : 100

 ets Jan  8 2013,rst cause:4, boot mode:(3,1)

wdt reset
load 0x4010f000, len 1384, room 16 
tail 8
chksum 0x2d
csum 0x2d
v8b899c12
~ld


7.04
 0h00:00.487 1970/01/01T08:00:00z: SPIFFS Active
 0h00:04.163 2026/05/11T18:31:38z: f0:24:f9:c6:6b:d7
 0h00:04.165 2026/05/11T18:31:38z: SSID: wifi
1 BSEC warning code : 100

 ets Jan  8 2013,rst cause:4, boot mode:(3,1)

wdt reset
load 0x4010f000, len 1384, room 16 
tail 8
chksum 0x2d
csum 0x2d
v8b899c12
~ld


7.04
 0h00:00.446 1970/01/01T08:00:00z: SPIFFS Active
 0h00:04.123 2026/05/11T18:51:19z: f0:24:f9:c6:6b:d7
 0h00:04.125 2026/05/11T18:51:19z: SSID: wifi
1 BSEC warning code : 100

1 BSEC warning code : 100

 ets Jan  8 2013,rst cause:4, boot mode:(3,1)

wdt reset
load 0x4010f000, len 1384, room 16 
tail 8
chksum 0x2d
csum 0x2d
v8b899c12
~ld


7.04
 0h00:00.433 1970/01/01T08:00:00z: SPIFFS Active
 0h00:04.110 2026/05/11T19:10:59z: f0:24:f9:c6:6b:d7
 0h00:04.112 2026/05/11T19:10:59z: SSID: wifi
1 BSEC warning code : 100

 ets Jan  8 2013,rst cause:4, boot mode:(3,1)

wdt reset
load 0x4010f000, len 1384, room 16 
tail 8
chksum 0x2d
csum 0x2d
v8b899c12
~ld


7.04
 0h00:00.484 1970/01/01T08:00:00z: SPIFFS Active
 0h00:04.161 2026/05/11T19:30:39z: f0:24:f9:c6:6b:d7
 0h00:04.163 2026/05/11T19:30:39z: SSID: wifi
1 BSEC warning code : 100

 ets Jan  8 2013,rst cause:4, boot mode:(3,1)

wdt reset
load 0x4010f000, len 1384, room 16 
tail 8
chksum 0x2d
csum 0x2d
v8b899c12
~ld


7.04
 0h00:00.480 1970/01/01T08:00:00z: SPIFFS Active
 0h00:04.157 2026/05/11T19:50:19z: f0:24:f9:c6:6b:d7
 0h00:04.158 2026/05/11T19:50:19z: SSID: wifi
1 BSEC warning code : 100

1 BSEC warning code : 100

 ets Jan  8 2013,rst cause:4, boot mode:(3,1)

wdt reset
load 0x4010f000, len 1384, room 16 
tail 8
chksum 0x2d
csum 0x2d
v8b899c12
~ld


7.04
 0h00:00.426 1970/01/01T08:00:00z: SPIFFS Active
 0h00:04.103 2026/05/11T20:10:00z: f0:24:f9:c6:6b:d7
 0h00:04.104 2026/05/11T20:10:00z: SSID: wifi
1 BSEC warning code : 100

 ets Jan  8 2013,rst cause:4, boot mode:(3,1)

wdt reset
load 0x4010f000, len 1384, room 16 
tail 8
chksum 0x2d
csum 0x2d
v8b899c12
~ld


7.04
 0h00:00.436 1970/01/01T08:00:00z: SPIFFS Active
 0h00:04.113 2026/05/11T20:29:41z: f0:24:f9:c6:6b:d7
 0h00:04.115 2026/05/11T20:29:41z: SSID: wifi
1 BSEC warning code : 100

1 BSEC warning code : 100

 ets Jan  8 2013,rst cause:4, boot mode:(3,1)

wdt reset
load 0x4010f000, len 1384, room 16 
tail 8
chksum 0x2d
csum 0x2d
v8b899c12
~ld


7.04
 0h00:00.440 1970/01/01T08:00:00z: SPIFFS Active
 0h00:04.117 2026/05/11T20:49:22z: f0:24:f9:c6:6b:d7
 0h00:04.119 2026/05/11T20:49:22z: SSID: wifi
1 BSEC warning code : 100

1 BSEC warning code : 100

 ets Jan  8 2013,rst cause:4, boot mode:(3,1)

wdt reset
load 0x4010f000, len 1384, room 16 
tail 8
chksum 0x2d
csum 0x2d
v8b899c12
~ld


7.04
 0h00:00.437 1970/01/01T08:00:00z: SPIFFS Active
 0h00:04.113 2026/05/11T21:09:02z: f0:24:f9:c6:6b:d7
 0h00:04.115 2026/05/11T21:09:02z: SSID: wifi
1 BSEC warning code : 100

 ets Jan  8 2013,rst cause:4, boot mode:(3,1)

wdt reset
load 0x4010f000, len 1384, room 16 
tail 8
chksum 0x2d
csum 0x2d
v8b899c12
~ld


7.04
 0h00:00.425 1970/01/01T08:00:00z: SPIFFS Active
 0h00:04.102 2026/05/11T21:28:42z: f0:24:f9:c6:6b:d7
 0h00:04.104 2026/05/11T21:28:42z: SSID: wifi
1 BSEC warning code : 100

 ets Jan  8 2013,rst cause:4, boot mode:(3,1)

wdt reset
load 0x4010f000, len 1384, room 16 
tail 8
chksum 0x2d
csum 0x2d
v8b899c12
~ld


7.04
 0h00:00.439 1970/01/01T08:00:00z: SPIFFS Active
 0h00:04.115 2026/05/11T21:48:23z: f0:24:f9:c6:6b:d7
 0h00:04.116 2026/05/11T21:48:23z: SSID: wifi
1 BSEC warning code : 100

1 BSEC warning code : 100

 ets Jan  8 2013,rst cause:4, boot mode:(3,1)

wdt reset
load 0x4010f000, len 1384, room 16 
tail 8
chksum 0x2d
csum 0x2d
v8b899c12
~ld


7.04
 0h00:00.429 1970/01/01T08:00:00z: SPIFFS Active
 0h00:04.104 2026/05/11T22:08:04z: f0:24:f9:c6:6b:d7
 0h00:04.106 2026/05/11T22:08:04z: SSID: wifi
1 BSEC warning code : 100

 ets Jan  8 2013,rst cause:4, boot mode:(3,1)

wdt reset
load 0x4010f000, len 1384, room 16 
tail 8
chksum 0x2d
csum 0x2d
v8b899c12
~ld


7.04
 0h00:00.443 1970/01/01T08:00:00z: SPIFFS Active
 0h00:04.118 2026/05/11T22:27:44z: f0:24:f9:c6:6b:d7
 0h00:04.120 2026/05/11T22:27:44z: SSID: wifi
1 BSEC warning code : 100

 ets Jan  8 2013,rst cause:4, boot mode:(3,1)

wdt reset
load 0x4010f000, len 1384, room 16 
tail 8
chksum 0x2d
csum 0x2d
v8b899c12
~ld


7.04
 0h00:00.481 1970/01/01T08:00:00z: SPIFFS Active
 0h00:04.156 2026/05/11T22:47:24z: f0:24:f9:c6:6b:d7
 0h00:04.157 2026/05/11T22:47:24z: SSID: wifi
1 BSEC warning code : 100

1 BSEC warning code : 100

 ets Jan  8 2013,rst cause:4, boot mode:(3,1)

wdt reset
load 0x4010f000, len 1384, room 16 
tail 8
chksum 0x2d
csum 0x2d
v8b899c12
~ld


7.04
 0h00:00.489 1970/01/01T08:00:00z: SPIFFS Active
 0h00:04.164 2026/05/11T23:07:05z: f0:24:f9:c6:6b:d7
 0h00:04.166 2026/05/11T23:07:05z: SSID: wifi
1 BSEC warning code : 100

 ets Jan  8 2013,rst cause:4, boot mode:(3,1)

wdt reset
load 0x4010f000, len 1384, room 16 
tail 8
chksum 0x2d
csum 0x2d
v8b899c12
~ld


7.04
 0h00:00.441 1970/01/01T08:00:00z: SPIFFS Active
 0h00:04.116 2026/05/11T23:26:46z: f0:24:f9:c6:6b:d7
 0h00:04.117 2026/05/11T23:26:46z: SSID: wifi
1 BSEC warning code : 100

 ets Jan  8 2013,rst cause:4, boot mode:(3,1)

wdt reset
load 0x4010f000, len 1384, room 16 
tail 8
chksum 0x2d
csum 0x2d
v8b899c12
~ld


7.04
 0h00:00.445 1970/01/01T08:00:00z: SPIFFS Active
 0h00:04.120 2026/05/11T23:46:26z: f0:24:f9:c6:6b:d7
 0h00:04.121 2026/05/11T23:46:26z: SSID: wifi
1 BSEC warning code : 100
