
1 BSEC warning code : 100

 ets Jan  8 2013,rst cause:1, boot mode:(3,1)

load 0x4010f000, len 1384, room 16 
tail 8
chksum 0x2d
csum 0x2d
v8b899c12
~ld


7.04
 0h00:00.497 1970/01/01T08:00:00z: SPIFFS Active
 0h00:04.174 2026/04/29T00:14:13z: f0:24:f9:c6:6b:d7
 0h00:04.175 2026/04/29T00:14:13z: SSID: wifi
1 BSEC warning code : 100

1 BSEC warning code : 100

 ets Jan  8 2013,rst cause:1, boot mode:(3,1)

load 0x4010f000, len 1384, room 16 
tail 8
chksum 0x2d
csum 0x2d
v8b899c12
~ld


7.04
 0h00:00.459 1970/01/01T08:00:00z: SPIFFS Active
 0h00:04.136 2026/04/29T00:33:54z: f0:24:f9:c6:6b:d7
 0h00:04.137 2026/04/29T00:33:54z: SSID: wifi
1 BSEC warning code : 100

 ets Jan  8 2013,rst cause:1, boot mode:(3,1)

load 0x4010f000, len 1384, room 16 
tail 8
chksum 0x2d
csum 0x2d
v8b899c12
~ld


7.04
 0h00:00.503 1970/01/01T08:00:00z: SPIFFS Active
 0h00:04.179 2026/04/29T00:53:34z: f0:24:f9:c6:6b:d7
 0h00:04.181 2026/04/29T00:53:34z: SSID: wifi
1 BSEC warning code : 100

1 BSEC warning code : 100

 ets Jan  8 2013,rst cause:1, boot mode:(3,1)

load 0x4010f000, len 1384, room 16 
tail 8
chksum 0x2d
csum 0x2d
v8b899c12
~ld


7.04
 0h00:00.462 1970/01/01T08:00:00z: SPIFFS Active
 0h00:04.139 2026/04/29T01:13:14z: f0:24:f9:c6:6b:d7
 0h00:04.140 2026/04/29T01:13:14z: SSID: wifi
1 BSEC warning code : 100

 ets Jan  8 2013,rst cause:1, boot mode:(3,1)

load 0x4010f000, len 1384, room 16 
tail 8
chksum 0x2d
csum 0x2d
v8b899c12
~ld


7.04
 0h00:00.505 1970/01/01T08:00:00z: SPIFFS Active
 0h00:04.181 2026/04/29T01:32:54z: f0:24:f9:c6:6b:d7
 0h00:04.183 2026/04/29T01:32:54z: SSID: wifi
1 BSEC warning code : 100

1 BSEC warning code : 100

 ets Jan  8 2013,rst cause:1, boot mode:(3,1)

load 0x4010f000, len 1384, room 16 
tail 8
chksum 0x2d
csum 0x2d
v8b899c12
~ld


7.04
 0h00:00.464 1970/01/01T08:00:00z: SPIFFS Active
 0h00:04.140 2026/04/29T01:52:35z: f0:24:f9:c6:6b:d7
 0h00:04.142 2026/04/29T01:52:35z: SSID: wifi
1 BSEC warning code : 100

1 BSEC warning code : 100

 ets Jan  8 2013,rst cause:1, boot mode:(3,1)

load 0x4010f000, len 1384, room 16 
tail 8
chksum 0x2d
csum 0x2d
v8b899c12
~ld


7.04
 0h00:00.500 1970/01/01T08:00:00z: SPIFFS Active
 0h00:04.177 2026/04/29T02:12:15z: f0:24:f9:c6:6b:d7
 0h00:04.179 2026/04/29T02:12:15z: SSID: wifi
1 BSEC warning code : 100

 ets Jan  8 2013,rst cause:1, boot mode:(3,1)

load 0x4010f000, len 1384, room 16 
tail 8
chksum 0x2d
csum 0x2d
v8b899c12
~ld


7.04
 0h00:00.455 1970/01/01T08:00:00z: SPIFFS Active
 0h00:04.130 2026/04/29T02:31:57z: f0:24:f9:c6:6b:d7
 0h00:04.132 2026/04/29T02:31:57z: SSID: wifi
1 BSEC warning code : 100

1 BSEC warning code : 100

 ets Jan  8 2013,rst cause:1, boot mode:(3,1)

load 0x4010f000, len 1384, room 16 
tail 8
chksum 0x2d
csum 0x2d
v8b899c12
~ld


7.04
 0h00:00.471 1970/01/01T08:00:00z: SPIFFS Active
 0h00:04.146 2026/04/29T02:51:37z: f0:24:f9:c6:6b:d7
 0h00:04.147 2026/04/29T02:51:37z: SSID: wifi
1 BSEC warning code : 100

 ets Jan  8 2013,rst cause:1, boot mode:(3,1)

load 0x4010f000, len 1384, room 16 
tail 8
chksum 0x2d
csum 0x2d
v8b899c12
~ld


7.04
 0h00:00.457 1970/01/01T08:00:00z: SPIFFS Active
 0h00:04.132 2026/04/29T03:11:17z: f0:24:f9:c6:6b:d7
 0h00:04.134 2026/04/29T03:11:17z: SSID: wifi
1 BSEC warning code : 100

 ets Jan  8 2013,rst cause:1, boot mode:(3,1)

load 0x4010f000, len 1384, room 16 
tail 8
chksum 0x2d
csum 0x2d
v8b899c12
~ld


7.04
 0h00:00.499 1970/01/01T08:00:00z: SPIFFS Active
 0h00:04.174 2026/04/29T03:30:58z: f0:24:f9:c6:6b:d7
 0h00:04.175 2026/04/29T03:30:58z: SSID: wifi
1 BSEC warning code : 100

1 BSEC warning code : 100

 ets Jan  8 2013,rst cause:1, boot mode:(3,1)

load 0x4010f000, len 1384, room 16 
tail 8
chksum 0x2d
csum 0x2d
v8b899c12
~ld


7.04
 0h00:00.508 1970/01/01T08:00:00z: SPIFFS Active
 0h00:04.184 2026/04/29T03:50:38z: f0:24:f9:c6:6b:d7
 0h00:04.186 2026/04/29T03:50:38z: SSID: wifi
1 BSEC warning code : 100

 ets Jan  8 2013,rst cause:1, boot mode:(3,1)

load 0x4010f000, len 1384, room 16 
tail 8
chksum 0x2d
csum 0x2d
v8b899c12
~ld


7.04
 0h00:00.473 1970/01/01T08:00:00z: SPIFFS Active
 0h00:04.148 2026/04/29T04:10:19z: f0:24:f9:c6:6b:d7
 0h00:04.149 2026/04/29T04:10:19z: SSID: wifi
1 BSEC warning code : 100

 ets Jan  8 2013,rst cause:1, boot mode:(3,1)

load 0x4010f000, len 1384, room 16 
tail 8
chksum 0x2d
csum 0x2d
v8b899c12
~ld


7.04
 0h00:00.504 1970/01/01T08:00:00z: SPIFFS Active
 0h00:04.179 2026/04/29T04:30:00z: f0:24:f9:c6:6b:d7
 0h00:04.181 2026/04/29T04:30:00z: SSID: wifi
1 BSEC warning code : 100

1 BSEC warning code : 100

 ets Jan  8 2013,rst cause:1, boot mode:(3,1)

load 0x4010f000, len 1384, room 16 
tail 8
chksum 0x2d
csum 0x2d
v8b899c12
~ld


7.04
 0h00:00.470 1970/01/01T08:00:00z: SPIFFS Active
 0h00:04.145 2026/04/29T04:49:40z: f0:24:f9:c6:6b:d7
 0h00:04.146 2026/04/29T04:49:40z: SSID: wifi
1 BSEC warning code : 100

 ets Jan  8 2013,rst cause:1, boot mode:(3,1)

load 0x4010f000, len 1384, room 16 
tail 8
chksum 0x2d
csum 0x2d
v8b899c12
~ld


7.04
 0h00:00.466 1970/01/01T08:00:00z: SPIFFS Active
 0h00:04.141 2026/04/29T05:09:21z: f0:24:f9:c6:6b:d7
 0h00:04.143 2026/04/29T05:09:21z: SSID: wifi
1 BSEC warning code : 100

1 BSEC warning code : 100

 ets Jan  8 2013,rst cause:1, boot mode:(3,1)

load 0x4010f000, len 1384, room 16 
tail 8
chksum 0x2d
csum 0x2d
v8b899c12
~ld


7.04
 0h00:00.461 1970/01/01T08:00:00z: SPIFFS Active
 0h00:04.136 2026/04/29T05:29:01z: f0:24:f9:c6:6b:d7
 0h00:04.137 2026/04/29T05:29:01z: SSID: wifi
1 BSEC warning code : 100

 ets Jan  8 2013,rst cause:1, boot mode:(3,1)

load 0x4010f000, len 1384, room 16 
tail 8
chksum 0x2d
csum 0x2d
v8b899c12
~ld


7.04
 0h00:00.467 1970/01/01T08:00:00z: SPIFFS Active
 0h00:04.142 2026/04/29T05:48:42z: f0:24:f9:c6:6b:d7
 0h00:04.143 2026/04/29T05:48:42z: SSID: wifi
1 BSEC warning code : 100

 ets Jan  8 2013,rst cause:1, boot mode:(3,1)

load 0x4010f000, len 1384, room 16 
tail 8
chksum 0x2d
csum 0x2d
v8b899c12
~ld


7.04
 0h00:00.507 1970/01/01T08:00:00z: SPIFFS Active
 0h00:04.182 2026/04/29T06:08:23z: f0:24:f9:c6:6b:d7
 0h00:04.183 2026/04/29T06:08:23z: SSID: wifi
1 BSEC warning code : 100

1 BSEC warning code : 100

 ets Jan  8 2013,rst cause:1, boot mode:(3,1)

load 0x4010f000, len 1384, room 16 
tail 8
chksum 0x2d
csum 0x2d
v8b899c12
~ld


7.04
 0h00:00.471 1970/01/01T08:00:00z: SPIFFS Active
 0h00:04.147 2026/04/29T06:28:03z: f0:24:f9:c6:6b:d7
 0h00:04.148 2026/04/29T06:28:03z: SSID: wifi
1 BSEC warning code : 100

 ets Jan  8 2013,rst cause:1, boot mode:(3,1)

load 0x4010f000, len 1384, room 16 
tail 8
chksum 0x2d
csum 0x2d
v8b899c12
~ld


7.04
 0h00:00.467 1970/01/01T08:00:00z: SPIFFS Active
 0h00:04.142 2026/04/29T06:47:44z: f0:24:f9:c6:6b:d7
 0h00:04.143 2026/04/29T06:47:44z: SSID: wifi
1 BSEC warning code : 100

 ets Jan  8 2013,rst cause:1, boot mode:(3,1)

load 0x4010f000, len 1384, room 16 
tail 8
chksum 0x2d
csum 0x2d
v8b899c12
~ld


7.04
 0h00:00.515 1970/01/01T08:00:00z: SPIFFS Active
 0h00:04.190 2026/04/29T07:07:24z: f0:24:f9:c6:6b:d7
 0h00:04.192 2026/04/29T07:07:24z: SSID: wifi
1 BSEC warning code : 100

1 BSEC warning code : 100

 ets Jan  8 2013,rst cause:1, boot mode:(3,1)

load 0x4010f000, len 1384, room 16 
tail 8
chksum 0x2d
csum 0x2d
v8b899c12
~ld


7.04
 0h00:00.475 1970/01/01T08:00:00z: SPIFFS Active
 0h00:04.150 2026/04/29T07:27:04z: f0:24:f9:c6:6b:d7
 0h00:04.152 2026/04/29T07:27:04z: SSID: wifi
1 BSEC warning code : 100

 ets Jan  8 2013,rst cause:1, boot mode:(3,1)

load 0x4010f000, len 1384, room 16 
tail 8
chksum 0x2d
csum 0x2d
v8b899c12
~ld


7.04
 0h00:00.471 1970/01/01T08:00:00z: SPIFFS Active
 0h00:04.146 2026/04/29T07:46:45z: f0:24:f9:c6:6b:d7
 0h00:04.148 2026/04/29T07:46:45z: SSID: wifi
1 BSEC warning code : 100

 ets Jan  8 2013,rst cause:1, boot mode:(3,1)

load 0x4010f000, len 1384, room 16 
tail 8
chksum 0x2d
csum 0x2d
v8b899c12
~ld


7.04
 0h00:00.467 1970/01/01T08:00:00z: SPIFFS Active
 0h00:04.143 2026/04/29T08:06:25z: f0:24:f9:c6:6b:d7
 0h00:04.144 2026/04/29T08:06:25z: SSID: wifi
1 BSEC warning code : 100

1 BSEC warning code : 100

 ets Jan  8 2013,rst cause:1, boot mode:(3,1)

load 0x4010f000, len 1384, room 16 
tail 8
chksum 0x2d
csum 0x2d
v8b899c12
~ld


7.04
 0h00:00.512 1970/01/01T08:00:00z: SPIFFS Active
 0h00:04.187 2026/04/29T08:26:06z: f0:24:f9:c6:6b:d7
 0h00:04.189 2026/04/29T08:26:06z: SSID: wifi
1 BSEC warning code : 100

1 BSEC warning code : 100

 ets Jan  8 2013,rst cause:1, boot mode:(3,1)

load 0x4010f000, len 1384, room 16 
tail 8
chksum 0x2d
csum 0x2d
v8b899c12
~ld


7.04
 0h00:00.512 1970/01/01T08:00:00z: SPIFFS Active
 0h00:04.187 2026/04/29T08:45:46z: f0:24:f9:c6:6b:d7
 0h00:04.189 2026/04/29T08:45:46z: SSID: wifi
1 BSEC warning code : 100

 ets Jan  8 2013,rst cause:1, boot mode:(3,1)

load 0x4010f000, len 1384, room 16 
tail 8
chksum 0x2d
csum 0x2d
v8b899c12
~ld


7.04
 0h00:00.508 1970/01/01T08:00:00z: SPIFFS Active
 0h00:04.184 2026/04/29T09:05:27z: f0:24:f9:c6:6b:d7
 0h00:04.186 2026/04/29T09:05:27z: SSID: wifi
1 BSEC warning code : 100

 ets Jan  8 2013,rst cause:1, boot mode:(3,1)

load 0x4010f000, len 1384, room 16 
tail 8
chksum 0x2d
csum 0x2d
v8b899c12
~ld


7.04
 0h00:00.509 1970/01/01T08:00:00z: SPIFFS Active
 0h00:04.184 2026/04/29T09:25:08z: f0:24:f9:c6:6b:d7
 0h00:04.186 2026/04/29T09:25:08z: SSID: wifi
1 BSEC warning code : 100

1 BSEC warning code : 100

 ets Jan  8 2013,rst cause:1, boot mode:(3,1)

load 0x4010f000, len 1384, room 16 
tail 8
chksum 0x2d
csum 0x2d
v8b899c12
~ld


7.04
 0h00:00.501 1970/01/01T08:00:00z: SPIFFS Active
 0h00:04.177 2026/04/29T09:44:49z: f0:24:f9:c6:6b:d7
 0h00:04.178 2026/04/29T09:44:49z: SSID: wifi
1 BSEC warning code : 100

 ets Jan  8 2013,rst cause:1, boot mode:(3,1)

load 0x4010f000, len 1384, room 16 
tail 8
chksum 0x2d
csum 0x2d
v8b899c12
~ld


7.04
 0h00:00.464 1970/01/01T08:00:00z: SPIFFS Active
 0h00:04.139 2026/04/29T10:04:29z: f0:24:f9:c6:6b:d7
 0h00:04.140 2026/04/29T10:04:29z: SSID: wifi
1 BSEC warning code : 100

1 BSEC warning code : 100

 ets Jan  8 2013,rst cause:1, boot mode:(3,1)

load 0x4010f000, len 1384, room 16 
tail 8
chksum 0x2d
csum 0x2d
v8b899c12
~ld


7.04
 0h00:00.463 1970/01/01T08:00:00z: SPIFFS Active
 0h00:04.139 2026/04/29T10:24:10z: f0:24:f9:c6:6b:d7
 0h00:04.140 2026/04/29T10:24:10z: SSID: wifi
1 BSEC warning code : 100

1 BSEC warning code : 100

 ets Jan  8 2013,rst cause:1, boot mode:(3,1)

load 0x4010f000, len 1384, room 16 
tail 8
chksum 0x2d
csum 0x2d
v8b899c12
~ld


7.04
 0h00:00.499 1970/01/01T08:00:00z: SPIFFS Active
 0h00:04.175 2026/04/29T10:43:50z: f0:24:f9:c6:6b:d7
 0h00:04.176 2026/04/29T10:43:50z: SSID: wifi
1 BSEC warning code : 100

 ets Jan  8 2013,rst cause:1, boot mode:(3,1)

load 0x4010f000, len 1384, room 16 
tail 8
chksum 0x2d
csum 0x2d
v8b899c12
~ld


7.04
 0h00:00.506 1970/01/01T08:00:00z: SPIFFS Active
 0h00:04.181 2026/04/29T11:03:31z: f0:24:f9:c6:6b:d7
 0h00:04.183 2026/04/29T11:03:31z: SSID: wifi
1 BSEC warning code : 100

 ets Jan  8 2013,rst cause:1, boot mode:(3,1)

load 0x4010f000, len 1384, room 16 
tail 8
chksum 0x2d
csum 0x2d
v8b899c12
~ld


7.04
 0h00:00.463 1970/01/01T08:00:00z: SPIFFS Active
 0h00:04.138 2026/04/29T11:23:12z: f0:24:f9:c6:6b:d7
 0h00:04.140 2026/04/29T11:23:12z: SSID: wifi
1 BSEC warning code : 100

 ets Jan  8 2013,rst cause:1, boot mode:(3,1)

load 0x4010f000, len 1384, room 16 
tail 8
chksum 0x2d
csum 0x2d
v8b899c12
~ld


7.04
 0h00:00.452 1970/01/01T08:00:00z: SPIFFS Active
 0h00:04.128 2026/04/29T11:42:53z: f0:24:f9:c6:6b:d7
 0h00:04.129 2026/04/29T11:42:53z: SSID: wifi
1 BSEC warning code : 100

1 BSEC warning code : 100

 ets Jan  8 2013,rst cause:1, boot mode:(3,1)

load 0x4010f000, len 1384, room 16 
tail 8
chksum 0x2d
csum 0x2d
v8b899c12
~ld


7.04
 0h00:00.543 1970/01/01T08:00:00z: SPIFFS Active
 0h00:04.219 2026/04/29T12:02:33z: f0:24:f9:c6:6b:d7
 0h00:04.220 2026/04/29T12:02:33z: SSID: wifi
1 BSEC warning code : 100

 ets Jan  8 2013,rst cause:1, boot mode:(3,1)

load 0x4010f000, len 1384, room 16 
tail 8
chksum 0x2d
csum 0x2d
v8b899c12
~ld


7.04
 0h00:00.468 1970/01/01T08:00:00z: SPIFFS Active
 0h00:04.143 2026/04/29T12:22:13z: f0:24:f9:c6:6b:d7
 0h00:04.145 2026/04/29T12:22:13z: SSID: wifi
1 BSEC warning code : 100

1 BSEC warning code : 100

 ets Jan  8 2013,rst cause:1, boot mode:(3,1)

load 0x4010f000, len 1384, room 16 
tail 8
chksum 0x2d
csum 0x2d
v8b899c12
~ld


7.04
 0h00:00.469 1970/01/01T08:00:00z: SPIFFS Active
 0h00:04.145 2026/04/29T12:41:54z: f0:24:f9:c6:6b:d7
 0h00:04.146 2026/04/29T12:41:54z: SSID: wifi
 0h00:13.134 2026/04/29T12:42:03z: PMSX003-A (1643ms)
 0h00:14.702 2026/04/29T12:42:05z: PMSX003-B (1566ms)
 0h00:14.703 2026/04/29T12:42:05z: 3.0+RV3028+BME68X+KX122+PMSX003-A+PMSX003-B
 0h00:15.718 2026/04/29T12:42:06z: p:1025.77 gasR:1843384.38 iaq:87.03(0) T:10.21(13.20) H:72.84(44.54) sIaq:77.97(0) Stabilization:1 Run in:0
 0h00:15.744 2026/04/29T12:42:06z: DATA A(2),50,72,41,1025.77,4.95,26336,0,15,7,12,15,7,12,15,50,50,1353,392,86,12,4,0,77.97
 0h00:16.631 2026/04/29T12:42:06z: DATA A(3),50,72,41,1025.77,4.94,26336,0,16,7,12,15,7,12,15,50,50,1374,403,86,13,5,0,77.97
 0h00:16.718 2026/04/29T12:42:07z: p:1025.92 gasR:1850881.12 iaq:87.03(0) T:10.65(16.25) H:71.05(45.08) sIaq:77.97(0) Stabilization:1 Run in:0
 0h00:17.467 2026/04/29T12:42:07z: DATA A(4),51,71,41,1025.92,4.95,26336,0,17,7,12,15,7,12,15,50,50,1374,403,86,13,5,0,77.97
 0h00:17.718 2026/04/29T12:42:08z: p:1025.93 gasR:1872457.12 iaq:87.03(0) T:11.16(16.76) H:68.06(44.87) sIaq:77.97(0) Stabilization:1 Run in:0
 0h00:18.302 2026/04/29T12:42:08z: DATA A(5),52,68,41,1025.93,4.95,26336,0,18,7,12,15,7,12,15,50,50,1374,403,86,13,5,0,77.97
 0h00:18.718 2026/04/29T12:42:09z: p:1025.95 gasR:1872457.12 iaq:87.03(0) T:11.39(16.99) H:66.27(44.49) sIaq:77.97(0) Stabilization:1 Run in:0
 0h00:19.209 2026/04/29T12:42:09z: DATA A(6),52,66,41,1025.95,4.95,26336,0,19,8,12,15,8,12,15,50,50,1386,407,84,11,5,0,77.97
 0h00:19.718 2026/04/29T12:42:10z: p:1025.93 gasR:1878899.12 iaq:87.03(0) T:11.52(17.13) H:64.93(44.07) sIaq:77.97(0) Stabilization:1 Run in:0
 0h00:20.718 2026/04/29T12:42:11z: p:1025.90 gasR:1901137.12 iaq:87.03(0) T:11.61(17.21) H:63.85(43.66) sIaq:77.97(0) Stabilization:1 Run in:0
 0h00:21.605 2026/04/29T12:42:11z: DATA B(2),52,63,40,1025.90,4.94,26336,0,21,7,11,13,7,11,13,46,46,1266,373,56,11,4,1,77.97
 0h00:21.718 2026/04/29T12:42:12z: p:1025.93 gasR:1884084.62 iaq:87.03(0) T:11.70(17.30) H:62.91(43.31) sIaq:77.97(0) Stabilization:1 Run in:0
 0h00:22.440 2026/04/29T12:42:12z: DATA B(3),53,62,40,1025.93,4.94,26336,0,22,7,11,13,7,11,13,46,46,1266,373,56,11,4,1,77.97
 0h00:22.718 2026/04/29T12:42:13z: p:1025.91 gasR:1886688.12 iaq:87.03(0) T:11.76(17.36) H:62.15(42.98) sIaq:77.97(0) Stabilization:1 Run in:0
 0h00:23.345 2026/04/29T12:42:13z: DATA B(4),53,62,40,1025.91,4.95,26336,0,23,7,11,15,7,11,15,46,46,1299,381,58,15,7,1,77.97
 0h00:23.718 2026/04/29T12:42:14z: p:1025.91 gasR:1891916.88 iaq:87.03(0) T:11.80(17.41) H:61.57(42.72) sIaq:77.97(0) Stabilization:1 Run in:0
 0h00:24.180 2026/04/29T12:42:14z: DATA B(5),53,61,40,1025.91,4.93,26336,0,24,7,11,15,7,11,15,46,46,1299,381,58,15,7,1,77.97
 0h00:24.718 2026/04/29T12:42:15z: p:1025.93 gasR:1902461.62 iaq:87.03(0) T:11.86(17.46) H:61.04(42.50) sIaq:77.97(0) Stabilization:1 Run in:0
 0h00:25.014 2026/04/29T12:42:15z: DATA B(6),53,61,39,1025.93,4.95,26336,0,25,7,11,15,7,11,15,46,46,1299,381,58,15,7,1,77.97
 0h00:25.718 2026/04/29T12:42:16z: p:1025.91 gasR:1905116.25 iaq:87.03(0) T:11.89(17.50) H:60.60(42.29) sIaq:77.97(0) Stabilization:1 Run in:0
 0h00:26.036 2026/04/29T12:42:16z: DATA A(7),53,60,39,1025.91,4.97,26336,0,26,6,11,13,6,11,13,46,46,1179,349,76,11,4,0,77.97
 0h00:26.718 2026/04/29T12:42:17z: p:1025.95 gasR:1894542.12 iaq:87.03(0) T:11.93(17.54) H:60.18(42.10) sIaq:77.97(0) Stabilization:1 Run in:0
 0h00:26.943 2026/04/29T12:42:17z: DATA A(8),53,60,39,1025.95,4.95,26336,0,26,7,10,13,7,10,13,42,42,1167,349,72,10,4,0,77.97
 0h00:27.717 2026/04/29T12:42:18z: p:1025.91 gasR:1895857.50 iaq:87.03(0) T:11.96(17.56) H:59.83(41.91) sIaq:77.97(0) Stabilization:1 Run in:0
 0h00:27.778 2026/04/29T12:42:18z: DATA A(9),53,59,39,1025.91,4.96,26336,0,27,7,10,13,7,10,13,42,42,1167,349,72,10,4,0,77.97
 0h00:28.614 2026/04/29T12:42:18z: DATA A(10),53,59,39,1025.91,4.95,26336,0,28,7,10,13,7,10,13,42,42,1167,349,72,10,4,0,77.97
 0h00:28.718 2026/04/29T12:42:19z: p:1025.90 gasR:1898493.62 iaq:87.03(0) T:11.99(17.59) H:59.58(41.79) sIaq:77.97(0) Stabilization:1 Run in:0
 0h00:29.526 2026/04/29T12:42:19z: DATA A(11),53,59,39,1025.90,4.95,26336,0,29,7,10,12,7,10,12,42,42,1218,362,68,7,4,0,77.97
 0h00:29.718 2026/04/29T12:42:20z: p:1025.90 gasR:1894542.12 iaq:87.03(0) T:12.02(17.62) H:59.34(41.68) sIaq:77.97(0) Stabilization:1 Run in:0
 0h00:30.718 2026/04/29T12:42:21z: p:1025.89 gasR:1895857.50 iaq:87.04(0) T:12.04(17.65) H:59.14(41.58) sIaq:77.97(0) Stabilization:1 Run in:0
 0h00:31.071 2026/04/29T12:42:21z: DATA B(7),53,59,39,1025.89,4.95,26336,0,31,7,13,18,7,13,18,53,53,1326,400,68,22,10,1,77.97
 0h00:31.718 2026/04/29T12:42:22z: p:1025.90 gasR:1894542.12 iaq:87.04(0) T:12.06(17.67) H:58.98(41.49) sIaq:77.98(0) Stabilization:1 Run in:0
 0h00:31.904 2026/04/29T12:42:22z: DATA B(8),53,58,39,1025.90,4.93,26336,0,31,7,13,18,7,13,18,53,53,1326,400,68,22,10,1,77.98
 0h00:32.718 2026/04/29T12:42:23z: p:1025.92 gasR:1901137.12 iaq:87.04(0) T:12.09(17.69) H:58.77(41.38) sIaq:77.98(0) Stabilization:1 Run in:0
 0h00:32.743 2026/04/29T12:42:23z: DATA B(9),53,58,38,1025.92,4.95,26336,0,32,7,13,18,7,13,18,53,53,1326,400,68,22,10,1,77.98
 0h00:33.644 2026/04/29T12:42:23z: DATA B(10),53,58,38,1025.92,4.95,26336,0,33,8,13,17,8,13,17,53,53,1332,403,67,18,7,0,77.98
 0h00:33.717 2026/04/29T12:42:24z: p:1025.91 gasR:1895857.50 iaq:87.04(0) T:12.11(17.71) H:58.68(41.32) sIaq:77.98(0) Stabilization:1 Run in:0
 0h00:34.479 2026/04/29T12:42:24z: DATA B(11),53,58,38,1025.91,4.93,26336,0,34,8,13,17,8,13,17,53,53,1332,403,67,18,7,0,77.98
 0h00:34.717 2026/04/29T12:42:25z: p:1025.90 gasR:1895857.50 iaq:87.04(0) T:12.12(17.72) H:58.56(41.25) sIaq:77.98(0) Stabilization:1 Run in:0
 0h00:35.718 2026/04/29T12:42:26z: p:1025.88 gasR:1898493.62 iaq:87.04(0) T:12.13(17.73) H:58.54(41.23) sIaq:77.98(0) Stabilization:1 Run in:0
 0h00:36.348 2026/04/29T12:42:26z: DATA A(12),53,58,38,1025.88,4.97,26336,0,36,7,10,12,7,10,12,42,42,1302,375,66,6,5,0,77.98
 0h00:36.718 2026/04/29T12:42:27z: p:1025.90 gasR:1893228.62 iaq:87.04(0) T:12.14(17.75) H:58.43(41.15) sIaq:77.98(0) Stabilization:1 Run in:0
 0h00:37.255 2026/04/29T12:42:27z: DATA A(13),53,58,38,1025.90,4.97,26336,0,37,7,10,13,7,10,13,42,42,1308,377,72,7,5,0,77.98
 0h00:37.718 2026/04/29T12:42:28z: p:1025.90 gasR:1898493.62 iaq:87.04(0) T:12.17(17.77) H:58.34(41.11) sIaq:77.98(0) Stabilization:1 Run in:0
 0h00:38.090 2026/04/29T12:42:28z: DATA A(14),53,58,38,1025.90,4.95,26336,0,38,7,10,13,7,10,13,42,42,1308,377,72,7,5,0,77.98
 0h00:38.718 2026/04/29T12:42:29z: p:1025.89 gasR:1898493.62 iaq:87.04(0) T:12.17(17.77) H:58.31(41.07) sIaq:77.98(0) Stabilization:1 Run in:0
 0h00:38.926 2026/04/29T12:42:29z: DATA A(15),53,58,38,1025.89,4.93,26336,0,38,7,10,13,7,10,13,42,42,1308,377,72,7,5,0,77.98
 0h00:39.718 2026/04/29T12:42:30z: p:1025.89 gasR:1897174.62 iaq:87.05(0) T:12.18(17.78) H:58.30(41.06) sIaq:77.98(0) Stabilization:1 Run in:0
 0h00:39.833 2026/04/29T12:42:30z: DATA A(16),53,58,38,1025.89,4.96,26336,0,39,8,11,14,8,11,14,46,46,1365,394,78,8,5,0,77.98
 0h00:40.718 2026/04/29T12:42:31z: p:1025.89 gasR:1897174.62 iaq:87.05(0) T:12.19(17.79) H:58.24(41.01) sIaq:77.98(0) Stabilization:1 Run in:0
 0h00:41.368 2026/04/29T12:42:31z: DATA B(12),53,58,38,1025.89,4.96,26336,0,41,8,13,18,8,13,18,53,53,1338,410,71,19,9,0,77.98
 0h00:41.718 2026/04/29T12:42:32z: p:1025.89 gasR:1894542.12 iaq:87.05(0) T:12.19(17.80) H:58.20(40.96) sIaq:77.98(0) Stabilization:1 Run in:0
 0h00:42.203 2026/04/29T12:42:32z: DATA B(13),53,58,38,1025.89,4.93,26336,0,42,8,13,18,8,13,18,53,53,1338,410,71,19,9,0,77.98
 0h00:42.718 2026/04/29T12:42:33z: p:1025.90 gasR:1906446.38 iaq:87.05(0) T:12.21(17.81) H:58.19(40.96) sIaq:77.98(0) Stabilization:1 Run in:0
 0h00:43.038 2026/04/29T12:42:33z: DATA B(14),53,58,38,1025.90,4.95,26336,0,43,8,13,18,8,13,18,53,53,1338,410,71,19,9,0,77.98
 0h00:43.725 2026/04/29T12:42:34z: p:1025.89 gasR:1893228.62 iaq:87.05(0) T:12.27(17.82) H:57.98(40.94) sIaq:77.99(0) Stabilization:1 Run in:0
 0h00:43.943 2026/04/29T12:42:34z: DATA B(15),54,57,39,1025.89,4.95,26336,0,43,8,13,18,8,13,18,53,53,1332,410,79,19,9,0,77.99
 0h00:44.725 2026/04/29T12:42:35z: p:1025.91 gasR:1887992.62 iaq:87.05(0) T:12.18(17.78) H:58.30(40.92) sIaq:77.99(0) Stabilization:1 Run in:0
 0h00:44.778 2026/04/29T12:42:35z: DATA B(16),53,58,38,1025.91,4.93,26336,0,44,8,13,18,8,13,18,53,53,1332,410,79,19,9,0,77.99
 0h00:45.725 2026/04/29T12:42:36z: p:1025.92 gasR:1887992.62 iaq:87.06(0) T:12.23(17.83) H:58.12(40.89) sIaq:77.99(0) Stabilization:1 Run in:0
 0h00:46.660 2026/04/29T12:42:36z: DATA A(17),54,58,39,1025.92,4.96,26336,0,46,8,11,13,8,11,13,46,46,1392,394,76,6,3,0,77.99
 0h00:46.725 2026/04/29T12:42:37z: p:1025.88 gasR:1887992.62 iaq:87.06(0) T:12.24(17.85) H:58.06(40.85) sIaq:77.99(0) Stabilization:1 Run in:0
 0h00:47.566 2026/04/29T12:42:37z: DATA A(18),54,58,39,1025.88,4.97,26336,0,47,9,11,13,9,11,13,46,46,1443,415,72,6,3,0,77.99
 0h00:47.725 2026/04/29T12:42:38z: p:1025.91 gasR:1882785.62 iaq:87.07(0) T:12.25(17.85) H:58.10(40.86) sIaq:78.00(0) Stabilization:1 Run in:0
 0h00:48.402 2026/04/29T12:42:38z: DATA A(19),54,58,39,1025.91,4.95,26336,0,48,9,11,13,9,11,13,46,46,1443,415,72,6,3,0,78.00
 0h00:48.725 2026/04/29T12:42:39z: p:1025.91 gasR:1894542.12 iaq:87.07(0) T:12.27(17.87) H:58.02(40.83) sIaq:78.00(0) Stabilization:1 Run in:0
 0h00:49.238 2026/04/29T12:42:39z: DATA A(20),54,58,39,1025.91,4.94,26336,0,49,9,11,13,9,11,13,46,46,1443,415,72,6,3,0,78.00
 0h00:49.726 2026/04/29T12:42:40z: p:1025.89 gasR:1886688.12 iaq:87.07(0) T:12.27(17.87) H:58.05(40.83) sIaq:78.00(0) Stabilization:1 Run in:0
 0h00:50.144 2026/04/29T12:42:40z: DATA A(21),54,58,39,1025.89,4.94,26336,0,50,9,13,15,9,13,15,53,53,1575,453,87,7,3,0,78.00
 0h00:50.725 2026/04/29T12:42:41z: p:1025.90 gasR:1898493.62 iaq:87.07(0) T:12.27(17.87) H:58.08(40.83) sIaq:78.00(0) Stabilization:1 Run in:0
 0h00:51.667 2026/04/29T12:42:42z: DATA B(17),54,58,39,1025.90,4.95,26336,0,51,7,13,16,7,13,16,53,53,1284,388,77,16,7,0,78.00
 0h00:51.725 2026/04/29T12:42:42z: p:1025.89 gasR:1898493.62 iaq:87.07(0) T:12.28(17.88) H:58.04(40.81) sIaq:78.00(0) Stabilization:1 Run in:0
 0h00:52.502 2026/04/29T12:42:42z: DATA B(18),54,58,39,1025.89,4.93,26336,0,52,7,13,16,7,13,16,53,53,1284,388,77,16,7,0,78.00
 0h00:52.725 2026/04/29T12:42:43z: p:1025.90 gasR:1884084.62 iaq:87.08(0) T:12.29(17.89) H:57.99(40.76) sIaq:78.01(0) Stabilization:1 Run in:0
 0h00:53.337 2026/04/29T12:42:43z: DATA B(19),54,57,39,1025.90,4.95,26336,0,53,7,13,16,7,13,16,53,53,1284,388,77,16,7,0,78.01
 0h00:53.725 2026/04/29T12:42:44z: p:1025.91 gasR:1898493.62 iaq:87.08(0) T:12.30(17.90) H:58.03(40.80) sIaq:78.01(0) Stabilization:1 Run in:0
 0h00:54.242 2026/04/29T12:42:44z: DATA B(20),54,58,39,1025.91,4.96,26336,0,54,7,13,15,7,13,15,53,53,1305,396,73,13,5,0,78.01
 0h00:54.725 2026/04/29T12:42:45z: p:1025.90 gasR:1898493.62 iaq:87.08(0) T:12.30(17.91) H:58.03(40.78) sIaq:78.01(0) Stabilization:1 Run in:0
 0h00:55.077 2026/04/29T12:42:45z: DATA B(21),54,58,39,1025.90,4.93,26336,0,55,7,13,15,7,13,15,53,53,1305,396,73,13,5,0,78.01
 0h00:55.725 2026/04/29T12:42:46z: p:1025.88 gasR:1885385.50 iaq:87.09(0) T:12.31(17.91) H:58.02(40.77) sIaq:78.01(0) Stabilization:1 Run in:0
 0h00:56.726 2026/04/29T12:42:47z: p:1025.90 gasR:1886688.12 iaq:87.09(0) T:12.34(17.93) H:57.89(40.72) sIaq:78.02(0) Stabilization:1 Run in:0
 0h00:56.972 2026/04/29T12:42:47z: DATA A(22),54,57,39,1025.90,4.94,26336,0,56,9,13,15,9,13,15,53,53,1539,450,91,8,4,0,78.02
 0h00:57.725 2026/04/29T12:42:48z: p:1025.88 gasR:1899814.50 iaq:87.10(0) T:12.33(17.93) H:57.93(40.71) sIaq:78.02(0) Stabilization:1 Run in:0
 0h00:57.878 2026/04/29T12:42:48z: DATA A(23),54,57,39,1025.88,4.95,26336,0,57,9,13,16,9,13,16,53,53,1476,435,89,11,5,0,78.02
 0h00:58.714 2026/04/29T12:42:49z: DATA A(24),54,57,39,1025.88,4.95,26336,0,58,9,13,16,9,13,16,53,53,1476,435,89,11,5,0,78.02
 0h00:58.742 2026/04/29T12:42:49z: p:1025.90 gasR:1884084.62 iaq:87.10(0) T:12.47(17.96) H:57.44(40.72) sIaq:78.02(0) Stabilization:1 Run in:0
 0h00:59.550 2026/04/29T12:42:49z: DATA A(25),54,57,39,1025.90,4.95,26336,0,59,9,13,16,9,13,16,53,53,1476,435,89,11,5,0,78.02
 0h00:59.742 2026/04/29T12:42:50z: p:1025.90 gasR:1887992.62 iaq:87.11(0) T:12.25(17.85) H:58.28(40.69) sIaq:78.03(0) Stabilization:1 Run in:0
 0h01:00.456 2026/04/29T12:42:50z: DATA A(26),54,58,39,1025.90,4.97,26336,0,60,9,13,15,9,13,15,53,53,1482,450,87,9,3,0,78.03
 0h01:00.742 2026/04/29T12:42:51z: p:1025.90 gasR:1884084.62 iaq:87.11(0) T:12.36(17.96) H:57.90(40.70) sIaq:78.03(0) Stabilization:1 Run in:0
 0h01:01.742 2026/04/29T12:42:52z: p:1025.90 gasR:1898493.62 iaq:87.11(0) T:12.37(17.98) H:57.87(40.70) sIaq:78.03(0) Stabilization:1 Run in:0
 0h01:01.966 2026/04/29T12:42:52z: DATA B(22),54,57,39,1025.90,4.96,26336,0,61,6,12,16,6,12,16,50,50,1182,353,75,17,8,0,78.03
 0h01:02.741 2026/04/29T12:42:53z: p:1025.91 gasR:1899814.50 iaq:87.12(0) T:12.38(17.99) H:57.81(40.66) sIaq:78.03(0) Stabilization:1 Run in:0
 0h01:02.801 2026/04/29T12:42:53z: DATA B(23),54,57,39,1025.91,4.94,26336,0,62,6,12,16,6,12,16,50,50,1182,353,75,17,8,0,78.03
 0h01:03.636 2026/04/29T12:42:53z: DATA B(24),54,57,39,1025.91,4.95,26336,0,63,6,12,16,6,12,16,50,50,1182,353,75,17,8,0,78.03
 0h01:03.741 2026/04/29T12:42:54z: p:1025.90 gasR:1885385.50 iaq:87.12(0) T:12.40(18.00) H:57.85(40.69) sIaq:78.04(0) Stabilization:1 Run in:0
 0h01:04.541 2026/04/29T12:42:54z: DATA B(25),54,57,39,1025.90,4.96,26336,0,64,6,12,17,6,12,17,50,50,1173,350,82,17,8,0,78.04
 0h01:04.742 2026/04/29T12:42:55z: p:1025.91 gasR:1898493.62 iaq:87.12(0) T:12.41(18.01) H:57.79(40.65) sIaq:78.04(0) Stabilization:1 Run in:0
 0h01:05.376 2026/04/29T12:42:55z: DATA B(26),54,57,39,1025.91,4.95,26336,0,65,6,12,17,6,12,17,50,50,1173,350,82,17,8,0,78.04
 0h01:05.741 2026/04/29T12:42:56z: p:1025.89 gasR:1895857.50 iaq:87.13(0) T:12.41(18.01) H:57.84(40.67) sIaq:78.04(0) Stabilization:1 Run in:0
 0h01:06.742 2026/04/29T12:42:57z: p:1025.91 gasR:1902461.62 iaq:87.13(0) T:12.42(18.03) H:57.82(40.67) sIaq:78.04(0) Stabilization:1 Run in:0
 0h01:07.284 2026/04/29T12:42:57z: DATA A(27),54,57,39,1025.91,4.96,26336,0,67,9,12,14,9,12,14,50,50,1473,438,83,8,4,0,78.04
 0h01:07.742 2026/04/29T12:42:58z: p:1025.91 gasR:1902461.62 iaq:87.13(0) T:12.43(18.03) H:57.81(40.66) sIaq:78.04(0) Stabilization:1 Run in:0
 0h01:08.191 2026/04/29T12:42:58z: DATA A(28),54,57,39,1025.91,4.93,26336,0,68,9,12,15,9,12,15,50,50,1542,456,79,8,4,0,78.04
 0h01:08.742 2026/04/29T12:42:59z: p:1025.89 gasR:1897174.62 iaq:87.13(0) T:12.44(18.04) H:57.81(40.65) sIaq:78.04(0) Stabilization:1 Run in:0
 0h01:09.026 2026/04/29T12:42:59z: DATA A(29),54,57,39,1025.89,4.94,26336,0,69,9,12,15,9,12,15,50,50,1542,456,79,8,4,0,78.04
 0h01:09.741 2026/04/29T12:43:00z: p:1025.90 gasR:1881488.25 iaq:87.14(0) T:12.44(18.05) H:57.80(40.63) sIaq:78.05(0) Stabilization:1 Run in:0
 0h01:09.862 2026/04/29T12:43:00z: DATA A(30),54,57,39,1025.90,4.95,26336,0,69,9,12,15,9,12,15,50,50,1542,456,79,8,4,0,78.05
 0h01:10.742 2026/04/29T12:43:01z: p:1025.89 gasR:1895857.50 iaq:87.14(0) T:12.45(18.05) H:57.76(40.59) sIaq:78.06(0) Stabilization:1 Run in:0
 0h01:10.768 2026/04/29T12:43:01z: DATA A(31),54,57,39,1025.89,4.96,26336,0,70,9,12,14,9,12,14,50,50,1515,438,83,9,4,0,78.06
 0h01:11.742 2026/04/29T12:43:02z: p:1025.88 gasR:1901137.12 iaq:87.14(0) T:12.46(18.07) H:57.75(40.61) sIaq:78.06(0) Stabilization:1 Run in:0
 0h01:12.265 2026/04/29T12:43:02z: DATA B(27),54,57,39,1025.88,4.95,26336,0,72,6,11,16,6,11,16,46,46,1206,366,68,13,7,0,78.06
 0h01:12.742 2026/04/29T12:43:03z: p:1025.89 gasR:1898493.62 iaq:87.15(0) T:12.48(18.08) H:57.70(40.58) sIaq:78.06(0) Stabilization:1 Run in:0
 0h01:13.100 2026/04/29T12:43:03z: DATA B(28),54,57,39,1025.89,4.93,26336,0,73,6,11,16,6,11,16,46,46,1206,366,68,13,7,0,78.06
 0h01:13.741 2026/04/29T12:43:04z: p:1025.89 gasR:1899814.50 iaq:87.15(0) T:12.48(18.08) H:57.71(40.58) sIaq:78.06(0) Stabilization:1 Run in:0
 0h01:13.934 2026/04/29T12:43:04z: DATA B(29),54,57,39,1025.89,4.95,26336,0,73,6,11,16,6,11,16,46,46,1206,366,68,13,7,0,78.06
 0h01:14.742 2026/04/29T12:43:05z: p:1025.91 gasR:1886688.12 iaq:87.16(0) T:12.51(18.11) H:57.70(40.60) sIaq:78.07(0) Stabilization:1 Run in:0
 0h01:14.840 2026/04/29T12:43:05z: DATA B(30),54,57,39,1025.91,4.96,26336,0,74,7,12,16,7,12,16,50,50,1245,385,69,14,7,0,78.07
 0h01:15.675 2026/04/29T12:43:06z: DATA B(31),54,57,39,1025.91,4.95,26336,0,75,7,12,16,7,12,16,50,50,1245,385,69,14,7,0,78.07
 0h01:15.742 2026/04/29T12:43:06z: p:1025.90 gasR:1906446.38 iaq:87.15(0) T:12.50(18.10) H:57.71(40.57) sIaq:78.06(0) Stabilization:1 Run in:0
 0h01:16.742 2026/04/29T12:43:07z: p:1025.89 gasR:1907778.25 iaq:87.15(0) T:12.50(18.10) H:57.76(40.57) sIaq:78.06(0) Stabilization:1 Run in:0
 0h01:17.596 2026/04/29T12:43:07z: DATA A(32),54,57,39,1025.89,4.97,26336,0,77,9,11,13,9,11,13,46,46,1458,418,76,7,4,0,78.06
 0h01:17.741 2026/04/29T12:43:08z: p:1025.89 gasR:1903788.00 iaq:87.15(0) T:12.51(18.11) H:57.78(40.59) sIaq:78.06(0) Stabilization:1 Run in:0
 0h01:18.503 2026/04/29T12:43:08z: DATA A(33),54,57,39,1025.89,4.94,26336,0,78,9,11,13,9,11,13,46,46,1473,423,80,6,3,0,78.06
 0h01:18.742 2026/04/29T12:43:09z: p:1025.90 gasR:1909112.12 iaq:87.15(0) T:12.52(18.12) H:57.76(40.58) sIaq:78.06(0) Stabilization:1 Run in:0
 0h01:19.338 2026/04/29T12:43:09z: DATA A(34),54,57,39,1025.90,4.95,26336,0,79,9,11,13,9,11,13,46,46,1473,423,80,6,3,0,78.06
 0h01:19.741 2026/04/29T12:43:10z: p:1025.91 gasR:1903788.00 iaq:87.15(0) T:12.53(18.13) H:57.73(40.57) sIaq:78.06(0) Stabilization:1 Run in:0
 0h01:20.174 2026/04/29T12:43:10z: DATA A(35),54,57,39,1025.91,4.95,26336,0,80,9,11,13,9,11,13,46,46,1473,423,80,6,3,0,78.06
 0h01:20.741 2026/04/29T12:43:11z: p:1025.90 gasR:1905116.25 iaq:87.15(0) T:12.53(18.13) H:57.75(40.58) sIaq:78.06(0) Stabilization:1 Run in:0
 0h01:21.080 2026/04/29T12:43:11z: DATA A(36),54,57,39,1025.90,4.95,26336,0,81,8,11,12,8,11,12,46,46,1398,399,74,6,3,0,78.06
 0h01:21.741 2026/04/29T12:43:12z: p:1025.90 gasR:1910447.75 iaq:87.14(0) T:12.54(18.14) H:57.74(40.57) sIaq:78.05(0) Stabilization:1 Run in:0
 0h01:22.564 2026/04/29T12:43:12z: DATA B(32),54,57,39,1025.90,4.95,26336,0,82,7,11,13,7,11,13,46,46,1275,380,68,6,2,0,78.05
 0h01:22.742 2026/04/29T12:43:13z: p:1025.91 gasR:1897174.62 iaq:87.15(0) T:12.54(18.14) H:57.72(40.54) sIaq:78.06(0) Stabilization:1 Run in:0
 0h01:23.399 2026/04/29T12:43:13z: DATA B(33),54,57,39,1025.91,4.93,26336,0,83,7,11,13,7,11,13,46,46,1275,380,68,6,2,0,78.06
 0h01:23.742 2026/04/29T12:43:14z: p:1025.92 gasR:1909112.12 iaq:87.15(0) T:12.54(18.15) H:57.80(40.58) sIaq:78.06(0) Stabilization:1 Run in:0
 0h01:24.233 2026/04/29T12:43:14z: DATA B(34),54,57,39,1025.92,4.95,26336,0,84,7,11,13,7,11,13,46,46,1275,380,68,6,2,0,78.06
 0h01:24.741 2026/04/29T12:43:15z: p:1025.90 gasR:1907778.25 iaq:87.14(0) T:12.54(18.14) H:57.84(40.59) sIaq:78.06(0) Stabilization:1 Run in:0
 0h01:25.139 2026/04/29T12:43:15z: DATA B(35),54,57,39,1025.90,4.96,26336,0,85,7,11,13,7,11,13,46,46,1275,380,70,6,2,0,78.06
 0h01:25.742 2026/04/29T12:43:16z: p:1025.90 gasR:1913124.75 iaq:87.14(0) T:12.54(18.14) H:57.84(40.57) sIaq:78.05(0) Stabilization:1 Run in:0
 0h01:25.973 2026/04/29T12:43:16z: DATA B(36),54,57,39,1025.90,4.93,26336,0,85,7,11,13,7,11,13,46,46,1275,380,70,6,2,0,78.05
 0h01:26.742 2026/04/29T12:43:17z: p:1025.90 gasR:1918501.12 iaq:87.13(0) T:12.54(18.14) H:57.90(40.58) sIaq:78.04(0) Stabilization:1 Run in:0
 0h01:27.072 2026/04/29T12:43:17z: DATA A(37),54,57,39,1025.90,4.96,26336,0,87,8,10,11,8,10,11,42,42,1413,395,70,2,1,0,78.04
 0h01:27.741 2026/04/29T12:43:18z: p:1025.89 gasR:1914466.00 iaq:87.12(0) T:12.54(18.14) H:57.91(40.58) sIaq:78.04(0) Stabilization:1 Run in:0
 0h01:27.908 2026/04/29T12:43:18z: DATA A(38),54,57,39,1025.89,4.96,26336,0,87,8,10,11,8,10,11,42,42,1413,395,70,2,1,0,78.04
 0h01:28.741 2026/04/29T12:43:19z: p:1025.91 gasR:1913124.75 iaq:87.12(0) T:12.53(18.14) H:57.97(40.61) sIaq:78.04(0) Stabilization:1 Run in:0
 0h01:28.814 2026/04/29T12:43:19z: DATA A(39),54,57,39,1025.91,4.94,26336,0,88,8,10,11,8,10,11,42,42,1446,405,72,2,1,0,78.04
 0h01:29.650 2026/04/29T12:43:19z: DATA A(40),54,57,39,1025.91,4.95,26336,0,89,8,10,11,8,10,11,42,42,1446,405,72,2,1,0,78.04
 0h01:29.741 2026/04/29T12:43:20z: p:1025.91 gasR:1917154.25 iaq:87.11(0) T:12.53(18.13) H:58.00(40.60) sIaq:78.03(0) Stabilization:1 Run in:0
 0h01:30.486 2026/04/29T12:43:20z: DATA A(41),54,58,39,1025.91,4.96,26336,0,90,8,10,11,8,10,11,42,42,1446,405,72,2,1,0,78.03
 0h01:30.741 2026/04/29T12:43:21z: p:1025.91 gasR:1921200.75 iaq:87.10(0) T:12.52(18.12) H:57.99(40.57) sIaq:78.02(0) Stabilization:1 Run in:0
 0h01:31.741 2026/04/29T12:43:22z: p:1025.90 gasR:1921200.75 iaq:87.09(0) T:12.52(18.12) H:58.03(40.59) sIaq:78.02(0) Stabilization:1 Run in:0
 0h01:32.741 2026/04/29T12:43:23z: p:1025.91 gasR:1919850.00 iaq:87.08(0) T:12.51(18.12) H:58.07(40.59) sIaq:78.01(0) Stabilization:1 Run in:0
 0h01:32.863 2026/04/29T12:43:23z: DATA B(37),54,58,39,1025.91,4.95,26336,0,92,7,9,11,7,9,11,38,38,1260,374,61,2,0,0,78.01
 0h01:33.697 2026/04/29T12:43:24z: DATA B(38),54,58,39,1025.91,4.93,26336,0,93,7,9,11,7,9,11,38,38,1260,374,61,2,0,0,78.01
 0h01:33.741 2026/04/29T12:43:24z: p:1025.89 gasR:1919850.00 iaq:87.08(0) T:12.51(18.11) H:58.08(40.58) sIaq:78.01(0) Stabilization:1 Run in:0
 0h01:34.532 2026/04/29T12:43:24z: DATA B(39),54,58,39,1025.89,4.96,26336,0,94,7,9,11,7,9,11,38,38,1260,374,61,2,0,0,78.01
 0h01:34.742 2026/04/29T12:43:25z: p:1025.91 gasR:1922553.38 iaq:87.07(0) T:12.51(18.11) H:58.09(40.58) sIaq:78.00(0) Stabilization:1 Run in:0
 0h01:35.437 2026/04/29T12:43:25z: DATA B(40),54,58,39,1025.91,4.98,26336,0,95,7,9,11,7,9,11,38,38,1293,377,59,2,0,0,78.00
 0h01:35.741 2026/04/29T12:43:26z: p:1025.91 gasR:1923908.00 iaq:87.06(0) T:12.49(18.10) H:58.12(40.57) sIaq:77.99(0) Stabilization:1 Run in:0
 0h01:36.272 2026/04/29T12:43:26z: DATA B(41),54,58,39,1025.91,4.93,26336,0,96,7,9,11,7,9,11,38,38,1293,377,59,2,0,0,77.99
 0h01:36.742 2026/04/29T12:43:27z: p:1025.89 gasR:1922553.38 iaq:87.05(0) T:12.48(18.08) H:58.14(40.56) sIaq:77.99(0) Stabilization:1 Run in:0
 0h01:37.384 2026/04/29T12:43:27z: DATA A(42),54,58,39,1025.89,4.94,26336,0,97,7,10,11,7,10,11,42,42,1332,383,74,2,1,0,77.99
 0h01:37.742 2026/04/29T12:43:28z: p:1025.90 gasR:1925264.38 iaq:87.04(0) T:12.48(18.08) H:58.14(40.55) sIaq:77.98(0) Stabilization:1 Run in:0
 0h01:38.226 2026/04/29T12:43:28z: DATA A(43),54,58,39,1025.90,4.99,26336,0,98,7,10,11,7,10,11,42,42,1332,383,74,2,1,0,77.98
 0h01:38.741 2026/04/29T12:43:29z: p:1025.92 gasR:1913124.75 iaq:87.05(0) T:12.47(18.07) H:58.16(40.55) sIaq:77.98(0) Stabilization:1 Run in:0
 0h01:39.126 2026/04/29T12:43:29z: DATA A(44),54,58,39,1025.92,4.98,26336,0,99,7,10,11,7,10,11,42,42,1299,376,68,3,2,0,77.98
 0h01:39.742 2026/04/29T12:43:30z: p:1025.89 gasR:1925264.38 iaq:87.04(0) T:12.47(18.07) H:58.15(40.54) sIaq:77.98(0) Stabilization:1 Run in:0
 0h01:39.962 2026/04/29T12:43:30z: DATA A(45),54,58,39,1025.89,4.94,26336,0,99,7,10,11,7,10,11,42,42,1299,376,68,3,2,0,77.98
 0h01:40.741 2026/04/29T12:43:31z: p:1025.90 gasR:1929345.25 iaq:86.95(0) T:12.47(18.07) H:58.15(40.54) sIaq:77.91(0) Stabilization:1 Run in:0
 0h01:40.798 2026/04/29T12:43:31z: DATA A(46),54,58,39,1025.90,4.98,26336,0,100,7,10,11,7,10,11,42,42,1299,376,68,3,2,0,77.91
 0h01:41.741 2026/04/29T12:43:32z: p:1025.89 gasR:1923908.00 iaq:86.88(0) T:12.47(18.07) H:58.16(40.55) sIaq:77.86(0) Stabilization:1 Run in:0
 0h01:42.741 2026/04/29T12:43:33z: p:1025.89 gasR:1926622.75 iaq:86.78(0) T:12.46(18.06) H:58.17(40.55) sIaq:77.78(0) Stabilization:1 Run in:0
 0h01:43.162 2026/04/29T12:43:33z: DATA B(42),54,58,39,1025.89,4.95,26336,0,103,7,12,12,7,12,12,50,50,1371,393,73,5,1,0,77.78
 0h01:43.742 2026/04/29T12:43:34z: p:1025.90 gasR:1925264.38 iaq:86.70(0) T:12.46(18.07) H:58.14(40.54) sIaq:77.72(0) Stabilization:1 Run in:0
 0h01:43.996 2026/04/29T12:43:34z: DATA B(43),54,58,39,1025.90,4.93,26336,0,104,7,12,12,7,12,12,50,50,1371,393,73,5,1,0,77.72
{"SensorId":"f0:24:f9:c6:6b:d7","DateTime":"2026/04/29T12:43:35z","Geo":"PurpleAir-6bd7","Mem":26336,"memfrag":2,"memfb":25968,"memcs":800,"Id":1,"lat":0.000000,"lon":0.000000,"Adc":"nan","loggingrate":15,"place":"","version":"7.04","uptime":104,"rssi":0,"period":104,"httpsuccess":0,"httpsends":0,"hardwareversion":"3.0","hardwarediscovered":"3.0+RV3028+BME68X+KX122+PMSX003-A+PMSX003-B","current_temp_f":54,"current_humidity":58,"current_dewpoint_f":39,"pressure":1025.90,"current_temp_f_680":54,"current_humidity_680":58,"current_dewpoint_f_680":39,"pressure_680":1025.90,"gas_680":"nan","p25aqic_b":"rgb(240,253,0)","pm2.5_aqi_b":49,"pm1_0_cf_1_b":6.98,"p_0_3_um_b":1277.37,"pm2_5_cf_1_b":11.65,"p_0_5_um_b":382.56,"pm10_0_cf_1_b":15.00,"p_1_0_um_b":68.56,"pm1_0_atm_b":6.98,"p_2_5_um_b":12.70,"pm2_5_atm_b":11.65,"p_5_0_um_b":5.58,"pm10_0_atm_b":15.00,"p_10_0_um_b":0.21,"p25aqic":"rgb(199,249,0)","pm2.5_aqi":46,"pm1_0_cf_1":7.98,"p_0_3_um":1393.30,"pm2_5_cf_1":11.13,"p_0_5_um":404.33,"pm10_0_cf_1":13.30,"p_1_0_um":77.59,"pm1_0_atm":7.98,"p_2_5_um":7.26,"pm2_5_atm":11.13,"p_5_0_um":3.48,"pm10_0_atm":13.30,"p_10_0_um":0.00,"wlstate":"No SSID","status_0":0,"status_1":0,"status_2":0,"status_3":0,"status_4":2}
 0h01:44.848 2026/04/29T12:43:35z: update.purpleair.com:80/firmware/2mb/update.asp
 0h01:44.855 2026/04/29T12:43:35z: Error: -1
 0h01:44.873 2026/04/29T12:43:35z: DATA B(1),54,58,39,1025.90,4.96,26336,0,104,7,12,12,7,12,12,50,50,1371,393,73,5,1,0,77.72
1 BSEC warning code : 100

UTCDateTime,mac_address,firmware_ver,hardware,current_temp_f,current_humidity,current_dewpoint_f,pressure,adc,mem,rssi,uptime,pm1_0_cf_1,pm2_5_cf_1,pm10_0_cf_1,pm1_0_atm,pm2_5_atm,pm10_0_atm,pm2.5_aqi_cf_1,pm2.5_aqi_atm,p_0_3_um,p_0_5_um,p_1_0_um,p_2_5_um,p_5_0_um,p_10_0_um,pm1_0_cf_1_b,pm2_5_cf_1_b,pm10_0_cf_1_b,pm1_0_atm_b,pm2_5_atm_b,pm10_0_atm_b,pm2.5_aqi_cf_1_b,pm2.5_aqi_atm_b,p_0_3_um_b,p_0_5_um_b,p_1_0_um_b,p_2_5_um_b,p_5_0_um_b,p_10_0_um_b,gas
2026/04/29T12:43:35z,f0:24:f9:c6:6b:d7,7.04,3.0+RV3028+BME68X+KX122+PMSX003-A+PMSX003-B,54,58,39,1025.90,nan,26336,0,104,7.98,11.13,13.30,7.98,11.13,13.30,46,46,1393.30,404.33,77.59,7.26,3.48,0.00,6.98,11.65,15.00,6.98,11.65,15.00,49,49,1277.37,382.56,68.56,12.70,5.58,0.21,nan
1 BSEC warning code : 100

1 BSEC warning code : 100

 ets Jan  8 2013,rst cause:1, boot mode:(3,1)

load 0x4010f000, len 1384, room 16 
tail 8
chksum 0x2d
csum 0x2d
v8b899c12
~ld


7.04
 0h00:00.503 1970/01/01T08:00:00z: SPIFFS Active
 0h00:04.179 2026/04/29T14:00:48z: f0:24:f9:c6:6b:d7
 0h00:04.181 2026/04/29T14:00:48z: SSID: wifi
1 BSEC warning code : 100

 ets Jan  8 2013,rst cause:1, boot mode:(3,1)

load 0x4010f000, len 1384, room 16 
tail 8
chksum 0x2d
csum 0x2d
v8b899c12
~ld


7.04
 0h00:00.471 1970/01/01T08:00:00z: SPIFFS Active
 0h00:04.147 2026/04/29T14:20:28z: f0:24:f9:c6:6b:d7
 0h00:04.148 2026/04/29T14:20:28z: SSID: wifi
1 BSEC warning code : 100

 ets Jan  8 2013,rst cause:1, boot mode:(3,1)

load 0x4010f000, len 1384, room 16 
tail 8
chksum 0x2d
csum 0x2d
v8b899c12
~ld


7.04
 0h00:00.463 1970/01/01T08:00:00z: SPIFFS Active
 0h00:04.139 2026/04/29T14:40:09z: f0:24:f9:c6:6b:d7
 0h00:04.140 2026/04/29T14:40:09z: SSID: wifi
1 BSEC warning code : 100

 ets Jan  8 2013,rst cause:1, boot mode:(3,1)

load 0x4010f000, len 1384, room 16 
tail 8
chksum 0x2d
csum 0x2d
v8b899c12
~ld


7.04
 0h00:00.467 1970/01/01T08:00:00z: SPIFFS Active
 0h00:04.143 2026/04/29T14:59:49z: f0:24:f9:c6:6b:d7
 0h00:04.144 2026/04/29T14:59:49z: SSID: wifi
1 BSEC warning code : 100

 ets Jan  8 2013,rst cause:1, boot mode:(3,1)

load 0x4010f000, len 1384, room 16 
tail 8
chksum 0x2d
csum 0x2d
v8b899c12
~ld


7.04
 0h00:00.505 1970/01/01T08:00:00z: SPIFFS Active
 0h00:04.182 2026/04/29T15:19:29z: f0:24:f9:c6:6b:d7
 0h00:04.183 2026/04/29T15:19:29z: SSID: wifi
1 BSEC warning code : 100

 ets Jan  8 2013,rst cause:1, boot mode:(3,1)

load 0x4010f000, len 1384, room 16 
tail 8
chksum 0x2d
csum 0x2d
v8b899c12
~ld


7.04
 0h00:00.504 1970/01/01T08:00:00z: SPIFFS Active
 0h00:04.181 2026/04/29T15:39:10z: f0:24:f9:c6:6b:d7
 0h00:04.183 2026/04/29T15:39:10z: SSID: wifi
1 BSEC warning code : 100

1 BSEC warning code : 100

 ets Jan  8 2013,rst cause:1, boot mode:(3,1)

load 0x4010f000, len 1384, room 16 
tail 8
chksum 0x2d
csum 0x2d
v8b899c12
~ld


7.04
 0h00:00.466 1970/01/01T08:00:00z: SPIFFS Active
 0h00:04.143 2026/04/29T15:58:50z: f0:24:f9:c6:6b:d7
 0h00:04.144 2026/04/29T15:58:50z: SSID: wifi
1 BSEC warning code : 100

 ets Jan  8 2013,rst cause:1, boot mode:(3,1)

load 0x4010f000, len 1384, room 16 
tail 8
chksum 0x2d
csum 0x2d
v8b899c12
~ld


7.04
 0h00:00.508 1970/01/01T08:00:00z: SPIFFS Active
 0h00:04.184 2026/04/29T16:18:31z: f0:24:f9:c6:6b:d7
 0h00:04.185 2026/04/29T16:18:31z: SSID: wifi
1 BSEC warning code : 100

 ets Jan  8 2013,rst cause:1, boot mode:(3,1)

load 0x4010f000, len 1384, room 16 
tail 8
chksum 0x2d
csum 0x2d
v8b899c12
~ld


7.04
 0h00:00.458 1970/01/01T08:00:00z: SPIFFS Active
 0h00:04.134 2026/04/29T16:38:11z: f0:24:f9:c6:6b:d7
 0h00:04.135 2026/04/29T16:38:11z: SSID: wifi
1 BSEC warning code : 100

 ets Jan  8 2013,rst cause:1, boot mode:(3,1)

load 0x4010f000, len 1384, room 16 
tail 8
chksum 0x2d
csum 0x2d
v8b899c12
~ld


7.04
 0h00:00.470 1970/01/01T08:00:00z: SPIFFS Active
 0h00:04.146 2026/04/29T16:57:52z: f0:24:f9:c6:6b:d7
 0h00:04.147 2026/04/29T16:57:52z: SSID: wifi
1 BSEC warning code : 100

 ets Jan  8 2013,rst cause:1, boot mode:(3,1)

load 0x4010f000, len 1384, room 16 
tail 8
chksum 0x2d
csum 0x2d
v8b899c12
~ld


7.04
 0h00:00.467 1970/01/01T08:00:00z: SPIFFS Active
 0h00:04.143 2026/04/29T17:17:33z: f0:24:f9:c6:6b:d7
 0h00:04.145 2026/04/29T17:17:33z: SSID: wifi
1 BSEC warning code : 100

 ets Jan  8 2013,rst cause:1, boot mode:(3,1)

load 0x4010f000, len 1384, room 16 
tail 8
chksum 0x2d
csum 0x2d
v8b899c12
~ld


7.04
 0h00:00.468 1970/01/01T08:00:00z: SPIFFS Active
 0h00:04.144 2026/04/29T17:37:13z: f0:24:f9:c6:6b:d7
 0h00:04.145 2026/04/29T17:37:13z: SSID: wifi
1 BSEC warning code : 100

 ets Jan  8 2013,rst cause:1, boot mode:(3,1)

load 0x4010f000, len 1384, room 16 
tail 8
chksum 0x2d
csum 0x2d
v8b899c12
~ld


7.04
 0h00:00.467 1970/01/01T08:00:00z: SPIFFS Active
 0h00:04.143 2026/04/29T17:56:54z: f0:24:f9:c6:6b:d7
 0h00:04.144 2026/04/29T17:56:54z: SSID: wifi
1 BSEC warning code : 100

 ets Jan  8 2013,rst cause:1, boot mode:(3,1)

load 0x4010f000, len 1384, room 16 
tail 8
chksum 0x2d
csum 0x2d
v8b899c12
~ld


7.04
 0h00:00.461 1970/01/01T08:00:00z: SPIFFS Active
 0h00:04.137 2026/04/29T18:16:34z: f0:24:f9:c6:6b:d7
 0h00:04.139 2026/04/29T18:16:34z: SSID: wifi
1 BSEC warning code : 100

 ets Jan  8 2013,rst cause:1, boot mode:(3,1)

load 0x4010f000, len 1384, room 16 
tail 8
chksum 0x2d
csum 0x2d
v8b899c12
~ld


7.04
 0h00:00.462 1970/01/01T08:00:00z: SPIFFS Active
 0h00:04.138 2026/04/29T18:36:15z: f0:24:f9:c6:6b:d7
 0h00:04.139 2026/04/29T18:36:15z: SSID: wifi
1 BSEC warning code : 100

1 BSEC warning code : 100

 ets Jan  8 2013,rst cause:1, boot mode:(3,1)

load 0x4010f000, len 1384, room 16 
tail 8
chksum 0x2d
csum 0x2d
v8b899c12
~ld


7.04
 0h00:00.459 1970/01/01T08:00:00z: SPIFFS Active
 0h00:04.135 2026/04/29T18:55:55z: f0:24:f9:c6:6b:d7
 0h00:04.136 2026/04/29T18:55:55z: SSID: wifi
1 BSEC warning code : 100

 ets Jan  8 2013,rst cause:1, boot mode:(3,1)

load 0x4010f000, len 1384, room 16 
tail 8
chksum 0x2d
csum 0x2d
v8b899c12
~ld


7.04
 0h00:00.453 1970/01/01T08:00:00z: SPIFFS Active
 0h00:04.129 2026/04/29T19:15:36z: f0:24:f9:c6:6b:d7
 0h00:04.130 2026/04/29T19:15:36z: SSID: wifi
1 BSEC warning code : 100

1 BSEC warning code : 100

 ets Jan  8 2013,rst cause:1, boot mode:(3,1)

load 0x4010f000, len 1384, room 16 
tail 8
chksum 0x2d
csum 0x2d
v8b899c12
~ld


7.04
 0h00:00.492 1970/01/01T08:00:00z: SPIFFS Active
 0h00:04.168 2026/04/29T19:35:17z: f0:24:f9:c6:6b:d7
 0h00:04.170 2026/04/29T19:35:17z: SSID: wifi
1 BSEC warning code : 100

 ets Jan  8 2013,rst cause:1, boot mode:(3,1)

load 0x4010f000, len 1384, room 16 
tail 8
chksum 0x2d
csum 0x2d
v8b899c12
~ld


7.04
 0h00:00.450 1970/01/01T08:00:00z: SPIFFS Active
 0h00:04.127 2026/04/29T19:54:57z: f0:24:f9:c6:6b:d7
 0h00:04.128 2026/04/29T19:54:57z: SSID: wifi
1 BSEC warning code : 100

 ets Jan  8 2013,rst cause:1, boot mode:(3,1)

load 0x4010f000, len 1384, room 16 
tail 8
chksum 0x2d
csum 0x2d
v8b899c12
~ld


7.04
 0h00:00.459 1970/01/01T08:00:00z: SPIFFS Active
 0h00:04.135 2026/04/29T20:14:37z: f0:24:f9:c6:6b:d7
 0h00:04.137 2026/04/29T20:14:37z: SSID: wifi
1 BSEC warning code : 100

 ets Jan  8 2013,rst cause:1, boot mode:(3,1)

load 0x4010f000, len 1384, room 16 
tail 8
chksum 0x2d
csum 0x2d
v8b899c12
~ld


7.04
 0h00:00.455 1970/01/01T08:00:00z: SPIFFS Active
 0h00:04.131 2026/04/29T20:34:18z: f0:24:f9:c6:6b:d7
 0h00:04.133 2026/04/29T20:34:18z: SSID: wifi
1 BSEC warning code : 100

1 BSEC warning code : 100

 ets Jan  8 2013,rst cause:1, boot mode:(3,1)

load 0x4010f000, len 1384, room 16 
tail 8
chksum 0x2d
csum 0x2d
v8b899c12
~ld


7.04
 0h00:00.461 1970/01/01T08:00:00z: SPIFFS Active
 0h00:04.138 2026/04/29T20:53:59z: f0:24:f9:c6:6b:d7
 0h00:04.139 2026/04/29T20:53:59z: SSID: wifi
1 BSEC warning code : 100

 ets Jan  8 2013,rst cause:1, boot mode:(3,1)

load 0x4010f000, len 1384, room 16 
tail 8
chksum 0x2d
csum 0x2d
v8b899c12
~ld


7.04
 0h00:00.497 1970/01/01T08:00:00z: SPIFFS Active
 0h00:04.173 2026/04/29T21:13:40z: f0:24:f9:c6:6b:d7
 0h00:04.175 2026/04/29T21:13:40z: SSID: wifi
1 BSEC warning code : 100

 ets Jan  8 2013,rst cause:1, boot mode:(3,1)

load 0x4010f000, len 1384, room 16 
tail 8
chksum 0x2d
csum 0x2d
v8b899c12
~ld


7.04
 0h00:00.465 1970/01/01T08:00:00z: SPIFFS Active
 0h00:04.141 2026/04/29T21:33:20z: f0:24:f9:c6:6b:d7
 0h00:04.142 2026/04/29T21:33:20z: SSID: wifi
1 BSEC warning code : 100

 ets Jan  8 2013,rst cause:1, boot mode:(3,1)

load 0x4010f000, len 1384, room 16 
tail 8
chksum 0x2d
csum 0x2d
v8b899c12
~ld


7.04
 0h00:00.502 1970/01/01T08:00:00z: SPIFFS Active
 0h00:04.179 2026/04/29T21:53:00z: f0:24:f9:c6:6b:d7
 0h00:04.180 2026/04/29T21:53:00z: SSID: wifi
1 BSEC warning code : 100

 ets Jan  8 2013,rst cause:1, boot mode:(3,1)

load 0x4010f000, len 1384, room 16 
tail 8
chksum 0x2d
csum 0x2d
v8b899c12
~ld


7.04
 0h00:00.495 1970/01/01T08:00:00z: SPIFFS Active
 0h00:04.172 2026/04/29T22:12:40z: f0:24:f9:c6:6b:d7
 0h00:04.173 2026/04/29T22:12:40z: SSID: wifi
1 BSEC warning code : 100

 ets Jan  8 2013,rst cause:1, boot mode:(3,1)

load 0x4010f000, len 1384, room 16 
tail 8
chksum 0x2d
csum 0x2d
v8b899c12
~ld


7.04
 0h00:00.507 1970/01/01T08:00:00z: SPIFFS Active
 0h00:04.183 2026/04/29T22:32:20z: f0:24:f9:c6:6b:d7
 0h00:04.184 2026/04/29T22:32:20z: SSID: wifi
1 BSEC warning code : 100

 ets Jan  8 2013,rst cause:1, boot mode:(3,1)

load 0x4010f000, len 1384, room 16 
tail 8
chksum 0x2d
csum 0x2d
v8b899c12
~ld


7.04
 0h00:00.511 1970/01/01T08:00:00z: SPIFFS Active
 0h00:04.187 2026/04/29T22:52:00z: f0:24:f9:c6:6b:d7
 0h00:04.189 2026/04/29T22:52:00z: SSID: wifi
1 BSEC warning code : 100

1 BSEC warning code : 100

 ets Jan  8 2013,rst cause:1, boot mode:(3,1)

load 0x4010f000, len 1384, room 16 
tail 8
chksum 0x2d
csum 0x2d
v8b899c12
~ld


7.04
 0h00:00.508 1970/01/01T08:00:00z: SPIFFS Active
 0h00:04.185 2026/04/29T23:11:41z: f0:24:f9:c6:6b:d7
 0h00:04.186 2026/04/29T23:11:41z: SSID: wifi
1 BSEC warning code : 100

 ets Jan  8 2013,rst cause:1, boot mode:(3,1)

load 0x4010f000, len 1384, room 16 
tail 8
chksum 0x2d
csum 0x2d
v8b899c12
~ld


7.04
 0h00:00.461 1970/01/01T08:00:00z: SPIFFS Active
 0h00:04.138 2026/04/29T23:31:21z: f0:24:f9:c6:6b:d7
 0h00:04.139 2026/04/29T23:31:21z: SSID: wifi
1 BSEC warning code : 100

1 BSEC warning code : 100

 ets Jan  8 2013,rst cause:1, boot mode:(3,1)

load 0x4010f000, len 1384, room 16 
tail 8
chksum 0x2d
csum 0x2d
v8b899c12
~ld


7.04
 0h00:00.461 1970/01/01T08:00:00z: SPIFFS Active
 0h00:04.137 2026/04/29T23:51:01z: f0:24:f9:c6:6b:d7
 0h00:04.139 2026/04/29T23:51:01z: SSID: wifi
1 BSEC warning code : 100
