
 ets Jan  8 2013,rst cause:1, boot mode:(3,7)

load 0x4010f000, len 1384, room 16 
tail 8
chksum 0x2d
csum 0x2d
v8b899c12
~ld


7.04
 0h00:00.467 1970/01/01T08:00:00z: SPIFFS Active
 0h00:04.143 2026/05/29T00:11:46z: f0:24:f9:c6:c7:d9
 0h00:04.144 2026/05/29T00:11:46z: SSID: TEST-STA
1 BSEC warning code : 100

 ets Jan  8 2013,rst cause:1, boot mode:(3,7)

load 0x4010f000, len 1384, room 16 
tail 8
chksum 0x2d
csum 0x2d
v8b899c12
~ld


7.04
 0h00:00.434 1970/01/01T08:00:00z: SPIFFS Active
 0h00:04.109 2026/05/29T00:31:27z: f0:24:f9:c6:c7:d9
 0h00:04.111 2026/05/29T00:31:27z: SSID: TEST-STA
1 BSEC warning code : 100

1 BSEC warning code : 100

 ets Jan  8 2013,rst cause:1, boot mode:(3,7)

load 0x4010f000, len 1384, room 16 
tail 8
chksum 0x2d
csum 0x2d
v8b899c12
~ld


7.04
 0h00:00.432 1970/01/01T08:00:00z: SPIFFS Active
 0h00:04.108 2026/05/29T00:51:07z: f0:24:f9:c6:c7:d9
 0h00:04.110 2026/05/29T00:51:07z: SSID: TEST-STA
1 BSEC warning code : 100

1 BSEC warning code : 100

 ets Jan  8 2013,rst cause:1, boot mode:(3,7)

load 0x4010f000, len 1384, room 16 
tail 8
chksum 0x2d
csum 0x2d
v8b899c12
~ld


7.04
 0h00:00.465 1970/01/01T08:00:00z: SPIFFS Active
 0h00:04.141 2026/05/29T01:10:48z: f0:24:f9:c6:c7:d9
 0h00:04.143 2026/05/29T01:10:48z: SSID: TEST-STA
1 BSEC warning code : 100

1 BSEC warning code : 100

 ets Jan  8 2013,rst cause:1, boot mode:(3,7)

load 0x4010f000, len 1384, room 16 
tail 8
chksum 0x2d
csum 0x2d
v8b899c12
~ld


7.04
 0h00:00.421 1970/01/01T08:00:00z: SPIFFS Active
 0h00:04.097 2026/05/29T01:30:28z: f0:24:f9:c6:c7:d9
 0h00:04.099 2026/05/29T01:30:28z: SSID: TEST-STA
1 BSEC warning code : 100

1 BSEC warning code : 100

 ets Jan  8 2013,rst cause:1, boot mode:(3,7)

load 0x4010f000, len 1384, room 16 
tail 8
chksum 0x2d
csum 0x2d
v8b899c12
~ld


7.04
 0h00:00.464 1970/01/01T08:00:00z: SPIFFS Active
 0h00:04.140 2026/05/29T01:50:09z: f0:24:f9:c6:c7:d9
 0h00:04.142 2026/05/29T01:50:09z: SSID: TEST-STA
1 BSEC warning code : 100

1 BSEC warning code : 100

 ets Jan  8 2013,rst cause:1, boot mode:(3,7)

load 0x4010f000, len 1384, room 16 
tail 8
chksum 0x2d
csum 0x2d
v8b899c12
~ld


7.04
 0h00:00.429 1970/01/01T08:00:00z: SPIFFS Active
 0h00:04.105 2026/05/29T02:09:50z: f0:24:f9:c6:c7:d9
 0h00:04.106 2026/05/29T02:09:50z: SSID: TEST-STA
1 BSEC warning code : 100

 ets Jan  8 2013,rst cause:1, boot mode:(3,7)

load 0x4010f000, len 1384, room 16 
tail 8
chksum 0x2d
csum 0x2d
v8b899c12
~ld


7.04
 0h00:00.433 1970/01/01T08:00:00z: SPIFFS Active
 0h00:04.109 2026/05/29T02:29:30z: f0:24:f9:c6:c7:d9
 0h00:04.111 2026/05/29T02:29:30z: SSID: TEST-STA
1 BSEC warning code : 100

1 BSEC warning code : 100

 ets Jan  8 2013,rst cause:1, boot mode:(3,7)

load 0x4010f000, len 1384, room 16 
tail 8
chksum 0x2d
csum 0x2d
v8b899c12
~ld


7.04
 0h00:00.428 1970/01/01T08:00:00z: SPIFFS Active
 0h00:04.105 2026/05/29T02:49:10z: f0:24:f9:c6:c7:d9
 0h00:04.106 2026/05/29T02:49:10z: SSID: TEST-STA
1 BSEC warning code : 100

 ets Jan  8 2013,rst cause:1, boot mode:(3,7)

load 0x4010f000, len 1384, room 16 
tail 8
chksum 0x2d
csum 0x2d
v8b899c12
~ld


7.04
 0h00:00.436 1970/01/01T08:00:00z: SPIFFS Active
 0h00:04.113 2026/05/29T03:08:50z: f0:24:f9:c6:c7:d9
 0h00:04.114 2026/05/29T03:08:50z: SSID: TEST-STA
1 BSEC warning code : 100

1 BSEC warning code : 100

 ets Jan  8 2013,rst cause:1, boot mode:(3,7)

load 0x4010f000, len 1384, room 16 
tail 8
chksum 0x2d
csum 0x2d
v8b899c12
~ld


7.04
 0h00:00.472 1970/01/01T08:00:00z: SPIFFS Active
 0h00:04.148 2026/05/29T03:28:31z: f0:24:f9:c6:c7:d9
 0h00:04.150 2026/05/29T03:28:31z: SSID: TEST-STA
1 BSEC warning code : 100

 ets Jan  8 2013,rst cause:1, boot mode:(3,7)

load 0x4010f000, len 1384, room 16 
tail 8
chksum 0x2d
csum 0x2d
v8b899c12
~ld


7.04
 0h00:00.428 1970/01/01T08:00:00z: SPIFFS Active
 0h00:04.105 2026/05/29T03:48:12z: f0:24:f9:c6:c7:d9
 0h00:04.106 2026/05/29T03:48:12z: SSID: TEST-STA
1 BSEC warning code : 100

 ets Jan  8 2013,rst cause:1, boot mode:(3,7)

load 0x4010f000, len 1384, room 16 
tail 8
chksum 0x2d
csum 0x2d
v8b899c12
~ld


7.04
 0h00:00.430 1970/01/01T08:00:00z: SPIFFS Active
 0h00:04.107 2026/05/29T04:07:53z: f0:24:f9:c6:c7:d9
 0h00:04.108 2026/05/29T04:07:53z: SSID: TEST-STA
1 BSEC warning code : 100

 ets Jan  8 2013,rst cause:1, boot mode:(3,7)

load 0x4010f000, len 1384, room 16 
tail 8
chksum 0x2d
csum 0x2d
v8b899c12
~ld


7.04
 0h00:00.433 1970/01/01T08:00:00z: SPIFFS Active
 0h00:04.109 2026/05/29T04:27:33z: f0:24:f9:c6:c7:d9
 0h00:04.111 2026/05/29T04:27:33z: SSID: TEST-STA
1 BSEC warning code : 100

1 BSEC warning code : 100

 ets Jan  8 2013,rst cause:1, boot mode:(3,7)

load 0x4010f000, len 1384, room 16 
tail 8
chksum 0x2d
csum 0x2d
v8b899c12
~ld


7.04
 0h00:00.461 1970/01/01T08:00:00z: SPIFFS Active
 0h00:04.138 2026/05/29T04:47:14z: f0:24:f9:c6:c7:d9
 0h00:04.140 2026/05/29T04:47:14z: SSID: TEST-STA
1 BSEC warning code : 100

 ets Jan  8 2013,rst cause:1, boot mode:(3,7)

load 0x4010f000, len 1384, room 16 
tail 8
chksum 0x2d
csum 0x2d
v8b899c12
~ld


7.04
 0h00:00.442 1970/01/01T08:00:00z: SPIFFS Active
 0h00:04.119 2026/05/29T05:06:54z: f0:24:f9:c6:c7:d9
 0h00:04.120 2026/05/29T05:06:54z: SSID: TEST-STA
1 BSEC warning code : 100

 ets Jan  8 2013,rst cause:1, boot mode:(3,7)

load 0x4010f000, len 1384, room 16 
tail 8
chksum 0x2d
csum 0x2d
v8b899c12
~ld


7.04
 0h00:00.434 1970/01/01T08:00:00z: SPIFFS Active
 0h00:04.110 2026/05/29T05:26:35z: f0:24:f9:c6:c7:d9
 0h00:04.112 2026/05/29T05:26:35z: SSID: TEST-STA
1 BSEC warning code : 100

1 BSEC warning code : 100

 ets Jan  8 2013,rst cause:1, boot mode:(3,7)

load 0x4010f000, len 1384, room 16 
tail 8
chksum 0x2d
csum 0x2d
v8b899c12
~ld


7.04
 0h00:00.437 1970/01/01T08:00:00z: SPIFFS Active
 0h00:04.113 2026/05/29T05:46:15z: f0:24:f9:c6:c7:d9
 0h00:04.115 2026/05/29T05:46:15z: SSID: TEST-STA
1 BSEC warning code : 100

 ets Jan  8 2013,rst cause:1, boot mode:(3,7)

load 0x4010f000, len 1384, room 16 
tail 8
chksum 0x2d
csum 0x2d
v8b899c12
~ld


7.04
 0h00:00.445 1970/01/01T08:00:00z: SPIFFS Active
 0h00:04.121 2026/05/29T06:05:55z: f0:24:f9:c6:c7:d9
 0h00:04.123 2026/05/29T06:05:55z: SSID: TEST-STA
1 BSEC warning code : 100

1 BSEC warning code : 100

 ets Jan  8 2013,rst cause:1, boot mode:(3,7)

load 0x4010f000, len 1384, room 16 
tail 8
chksum 0x2d
csum 0x2d
v8b899c12
~ld


7.04
 0h00:00.440 1970/01/01T08:00:00z: SPIFFS Active
 0h00:04.117 2026/05/29T06:25:36z: f0:24:f9:c6:c7:d9
 0h00:04.118 2026/05/29T06:25:36z: SSID: TEST-STA
1 BSEC warning code : 100

 ets Jan  8 2013,rst cause:1, boot mode:(3,7)

load 0x4010f000, len 1384, room 16 
tail 8
chksum 0x2d
csum 0x2d
v8b899c12
~ld


7.04
 0h00:00.468 1970/01/01T08:00:00z: SPIFFS Active
 0h00:04.144 2026/05/29T06:45:17z: f0:24:f9:c6:c7:d9
 0h00:04.146 2026/05/29T06:45:17z: SSID: TEST-STA
1 BSEC warning code : 100

1 BSEC warning code : 100

 ets Jan  8 2013,rst cause:1, boot mode:(3,7)

load 0x4010f000, len 1384, room 16 
tail 8
chksum 0x2d
csum 0x2d
v8b899c12
~ld


7.04
 0h00:00.478 1970/01/01T08:00:00z: SPIFFS Active
 0h00:04.154 2026/05/29T07:04:57z: f0:24:f9:c6:c7:d9
 0h00:04.156 2026/05/29T07:04:57z: SSID: TEST-STA
1 BSEC warning code : 100

 ets Jan  8 2013,rst cause:1, boot mode:(3,7)

load 0x4010f000, len 1384, room 16 
tail 8
chksum 0x2d
csum 0x2d
v8b899c12
~ld


7.04
 0h00:00.442 1970/01/01T08:00:00z: SPIFFS Active
 0h00:04.119 2026/05/29T07:24:38z: f0:24:f9:c6:c7:d9
 0h00:04.121 2026/05/29T07:24:38z: SSID: TEST-STA
1 BSEC warning code : 100

1 BSEC warning code : 100

 ets Jan  8 2013,rst cause:1, boot mode:(3,7)

load 0x4010f000, len 1384, room 16 
tail 8
chksum 0x2d
csum 0x2d
v8b899c12
~ld


7.04
 0h00:00.435 1970/01/01T08:00:00z: SPIFFS Active
 0h00:04.112 2026/05/29T07:44:19z: f0:24:f9:c6:c7:d9
 0h00:04.113 2026/05/29T07:44:19z: SSID: TEST-STA
1 BSEC warning code : 100

1 BSEC warning code : 100

 ets Jan  8 2013,rst cause:1, boot mode:(3,7)

load 0x4010f000, len 1384, room 16 
tail 8
chksum 0x2d
csum 0x2d
v8b899c12
~ld


7.04
 0h00:00.439 1970/01/01T08:00:00z: SPIFFS Active
 0h00:04.116 2026/05/29T08:04:00z: f0:24:f9:c6:c7:d9
 0h00:04.117 2026/05/29T08:04:00z: SSID: TEST-STA
1 BSEC warning code : 100

 ets Jan  8 2013,rst cause:1, boot mode:(3,7)

load 0x4010f000, len 1384, room 16 
tail 8
chksum 0x2d
csum 0x2d
v8b899c12
~ld


7.04
 0h00:00.473 1970/01/01T08:00:00z: SPIFFS Active
 0h00:04.149 2026/05/29T08:23:41z: f0:24:f9:c6:c7:d9
 0h00:04.151 2026/05/29T08:23:41z: SSID: TEST-STA
1 BSEC warning code : 100

1 BSEC warning code : 100

 ets Jan  8 2013,rst cause:1, boot mode:(3,7)

load 0x4010f000, len 1384, room 16 
tail 8
chksum 0x2d
csum 0x2d
v8b899c12
~ld


7.04
 0h00:00.432 1970/01/01T08:00:00z: SPIFFS Active
 0h00:04.109 2026/05/29T08:43:22z: f0:24:f9:c6:c7:d9
 0h00:04.111 2026/05/29T08:43:22z: SSID: TEST-STA
1 BSEC warning code : 100

 ets Jan  8 2013,rst cause:1, boot mode:(3,7)

load 0x4010f000, len 1384, room 16 
tail 8
chksum 0x2d
csum 0x2d
v8b899c12
~ld


7.04
 0h00:00.436 1970/01/01T08:00:00z: SPIFFS Active
 0h00:04.113 2026/05/29T09:03:02z: f0:24:f9:c6:c7:d9
 0h00:04.114 2026/05/29T09:03:02z: SSID: TEST-STA
1 BSEC warning code : 100

1 BSEC warning code : 100

 ets Jan  8 2013,rst cause:1, boot mode:(3,7)

load 0x4010f000, len 1384, room 16 
tail 8
chksum 0x2d
csum 0x2d
v8b899c12
~ld


7.04
 0h00:00.472 1970/01/01T08:00:00z: SPIFFS Active
 0h00:04.148 2026/05/29T09:22:43z: f0:24:f9:c6:c7:d9
 0h00:04.150 2026/05/29T09:22:43z: SSID: TEST-STA
1 BSEC warning code : 100

1 BSEC warning code : 100

 ets Jan  8 2013,rst cause:1, boot mode:(3,7)

load 0x4010f000, len 1384, room 16 
tail 8
chksum 0x2d
csum 0x2d
v8b899c12
~ld


7.04
 0h00:00.435 1970/01/01T08:00:00z: SPIFFS Active
 0h00:04.111 2026/05/29T09:42:23z: f0:24:f9:c6:c7:d9
 0h00:04.113 2026/05/29T09:42:23z: SSID: TEST-STA
1 BSEC warning code : 100

1 BSEC warning code : 100

 ets Jan  8 2013,rst cause:1, boot mode:(3,7)

load 0x4010f000, len 1384, room 16 
tail 8
chksum 0x2d
csum 0x2d
v8b899c12
~ld


7.04
 0h00:00.446 1970/01/01T08:00:00z: SPIFFS Active
 0h00:04.122 2026/05/29T10:02:03z: f0:24:f9:c6:c7:d9
 0h00:04.124 2026/05/29T10:02:03z: SSID: TEST-STA
1 BSEC warning code : 100

 ets Jan  8 2013,rst cause:1, boot mode:(3,7)

load 0x4010f000, len 1384, room 16 
tail 8
chksum 0x2d
csum 0x2d
v8b899c12
~ld


7.04
 0h00:00.453 1970/01/01T08:00:00z: SPIFFS Active
 0h00:04.130 2026/05/29T10:21:43z: f0:24:f9:c6:c7:d9
 0h00:04.131 2026/05/29T10:21:43z: SSID: TEST-STA
1 BSEC warning code : 100

 ets Jan  8 2013,rst cause:1, boot mode:(3,7)

load 0x4010f000, len 1384, room 16 
tail 8
chksum 0x2d
csum 0x2d
v8b899c12
~ld


7.04
 0h00:00.441 1970/01/01T08:00:00z: SPIFFS Active
 0h00:04.117 2026/05/29T10:41:24z: f0:24:f9:c6:c7:d9
 0h00:04.119 2026/05/29T10:41:24z: SSID: TEST-STA
1 BSEC warning code : 100

1 BSEC warning code : 100

 ets Jan  8 2013,rst cause:1, boot mode:(3,7)

load 0x4010f000, len 1384, room 16 
tail 8
chksum 0x2d
csum 0x2d
v8b899c12
~ld


7.04
 0h00:00.446 1970/01/01T08:00:00z: SPIFFS Active
 0h00:04.123 2026/05/29T11:01:04z: f0:24:f9:c6:c7:d9
 0h00:04.124 2026/05/29T11:01:04z: SSID: TEST-STA
1 BSEC warning code : 100

1 BSEC warning code : 100

 ets Jan  8 2013,rst cause:1, boot mode:(3,7)

load 0x4010f000, len 1384, room 16 
tail 8
chksum 0x2d
csum 0x2d
v8b899c12
~ld


7.04
 0h00:00.446 1970/01/01T08:00:00z: SPIFFS Active
 0h00:04.123 2026/05/29T11:20:45z: f0:24:f9:c6:c7:d9
 0h00:04.125 2026/05/29T11:20:45z: SSID: TEST-STA
1 BSEC warning code : 100

 ets Jan  8 2013,rst cause:1, boot mode:(3,7)

load 0x4010f000, len 1384, room 16 
tail 8
chksum 0x2d
csum 0x2d
v8b899c12
~ld


7.04
 0h00:00.481 1970/01/01T08:00:00z: SPIFFS Active
 0h00:04.158 2026/05/29T11:40:25z: f0:24:f9:c6:c7:d9
 0h00:04.160 2026/05/29T11:40:25z: SSID: TEST-STA
1 BSEC warning code : 100

 ets Jan  8 2013,rst cause:1, boot mode:(3,7)

load 0x4010f000, len 1384, room 16 
tail 8
chksum 0x2d
csum 0x2d
v8b899c12
~ld


7.04
 0h00:00.438 1970/01/01T08:00:00z: SPIFFS Active
 0h00:04.115 2026/05/29T12:00:05z: f0:24:f9:c6:c7:d9
 0h00:04.116 2026/05/29T12:00:05z: SSID: TEST-STA
1 BSEC warning code : 100

1 BSEC warning code : 100

 ets Jan  8 2013,rst cause:1, boot mode:(3,7)

load 0x4010f000, len 1384, room 16 
tail 8
chksum 0x2d
csum 0x2d
v8b899c12
~ld


7.04
 0h00:00.483 1970/01/01T08:00:00z: SPIFFS Active
 0h00:04.160 2026/05/29T12:19:46z: f0:24:f9:c6:c7:d9
 0h00:04.162 2026/05/29T12:19:46z: SSID: TEST-STA
1 BSEC warning code : 100

 ets Jan  8 2013,rst cause:1, boot mode:(3,7)

load 0x4010f000, len 1384, room 16 
tail 8
chksum 0x2d
csum 0x2d
v8b899c12
~ld


7.04
 0h00:00.428 1970/01/01T08:00:00z: SPIFFS Active
 0h00:04.105 2026/05/29T12:39:26z: f0:24:f9:c6:c7:d9
 0h00:04.107 2026/05/29T12:39:26z: SSID: TEST-STA
1 BSEC warning code : 100

 ets Jan  8 2013,rst cause:1, boot mode:(3,7)

load 0x4010f000, len 1384, room 16 
tail 8
chksum 0x2d
csum 0x2d
v8b899c12
~ld


7.04
 0h00:00.466 1970/01/01T08:00:00z: SPIFFS Active
 0h00:04.143 2026/05/29T12:59:06z: f0:24:f9:c6:c7:d9
 0h00:04.144 2026/05/29T12:59:06z: SSID: TEST-STA
1 BSEC warning code : 100

1 BSEC warning code : 100

 ets Jan  8 2013,rst cause:1, boot mode:(3,7)

load 0x4010f000, len 1384, room 16 
tail 8
chksum 0x2d
csum 0x2d
v8b899c12
~ld


7.04
 0h00:00.433 1970/01/01T08:00:00z: SPIFFS Active
 0h00:04.110 2026/05/29T13:18:46z: f0:24:f9:c6:c7:d9
 0h00:04.112 2026/05/29T13:18:46z: SSID: TEST-STA
1 BSEC warning code : 100

 ets Jan  8 2013,rst cause:1, boot mode:(3,7)

load 0x4010f000, len 1384, room 16 
tail 8
chksum 0x2d
csum 0x2d
v8b899c12
~ld


7.04
 0h00:00.443 1970/01/01T08:00:00z: SPIFFS Active
 0h00:04.120 2026/05/29T13:38:27z: f0:24:f9:c6:c7:d9
 0h00:04.121 2026/05/29T13:38:27z: SSID: TEST-STA
1 BSEC warning code : 100

1 BSEC warning code : 100

 ets Jan  8 2013,rst cause:1, boot mode:(3,7)

load 0x4010f000, len 1384, room 16 
tail 8
chksum 0x2d
csum 0x2d
v8b899c12
~ld


7.04
 0h00:00.449 1970/01/01T08:00:00z: SPIFFS Active
 0h00:04.127 2026/05/29T13:58:08z: f0:24:f9:c6:c7:d9
 0h00:04.128 2026/05/29T13:58:08z: SSID: TEST-STA
1 BSEC warning code : 100

 ets Jan  8 2013,rst cause:1, boot mode:(3,7)

load 0x4010f000, len 1384, room 16 
tail 8
chksum 0x2d
csum 0x2d
v8b899c12
~ld


7.04
 0h00:00.441 1970/01/01T08:00:00z: SPIFFS Active
 0h00:04.119 2026/05/29T14:17:48z: f0:24:f9:c6:c7:d9
 0h00:04.120 2026/05/29T14:17:48z: SSID: TEST-STA
1 BSEC warning code : 100

 ets Jan  8 2013,rst cause:1, boot mode:(3,7)

load 0x4010f000, len 1384, room 16 
tail 8
chksum 0x2d
csum 0x2d
v8b899c12
~ld


7.04
 0h00:00.438 1970/01/01T08:00:00z: SPIFFS Active
 0h00:04.115 2026/05/29T14:37:29z: f0:24:f9:c6:c7:d9
 0h00:04.116 2026/05/29T14:37:29z: SSID: TEST-STA
1 BSEC warning code : 100

1 BSEC warning code : 100

 ets Jan  8 2013,rst cause:1, boot mode:(3,7)

load 0x4010f000, len 1384, room 16 
tail 8
chksum 0x2d
csum 0x2d
v8b899c12
~ld


7.04
 0h00:00.445 1970/01/01T08:00:00z: SPIFFS Active
 0h00:04.122 2026/05/29T14:57:09z: f0:24:f9:c6:c7:d9
 0h00:04.123 2026/05/29T14:57:09z: SSID: TEST-STA
1 BSEC warning code : 100

 ets Jan  8 2013,rst cause:1, boot mode:(3,7)

load 0x4010f000, len 1384, room 16 
tail 8
chksum 0x2d
csum 0x2d
v8b899c12
~ld


7.04
 0h00:00.476 1970/01/01T08:00:00z: SPIFFS Active
 0h00:04.153 2026/05/29T15:16:49z: f0:24:f9:c6:c7:d9
 0h00:04.155 2026/05/29T15:16:49z: SSID: TEST-STA
1 BSEC warning code : 100

1 BSEC warning code : 100

 ets Jan  8 2013,rst cause:1, boot mode:(3,7)

load 0x4010f000, len 1384, room 16 
tail 8
chksum 0x2d
csum 0x2d
v8b899c12
~ld


7.04
 0h00:00.447 1970/01/01T08:00:00z: SPIFFS Active
 0h00:04.124 2026/05/29T15:36:29z: f0:24:f9:c6:c7:d9
 0h00:04.126 2026/05/29T15:36:29z: SSID: TEST-STA
1 BSEC warning code : 100

1 BSEC warning code : 100

 ets Jan  8 2013,rst cause:1, boot mode:(3,7)

load 0x4010f000, len 1384, room 16 
tail 8
chksum 0x2d
csum 0x2d
v8b899c12
~ld


7.04
 0h00:00.449 1970/01/01T08:00:00z: SPIFFS Active
 0h00:04.126 2026/05/29T15:56:10z: f0:24:f9:c6:c7:d9
 0h00:04.128 2026/05/29T15:56:10z: SSID: TEST-STA
1 BSEC warning code : 100

1 BSEC warning code : 100

 ets Jan  8 2013,rst cause:1, boot mode:(3,7)

load 0x4010f000, len 1384, room 16 
tail 8
chksum 0x2d
csum 0x2d
v8b899c12
~ld


7.04
 0h00:00.479 1970/01/01T08:00:00z: SPIFFS Active
 0h00:04.156 2026/05/29T16:15:50z: f0:24:f9:c6:c7:d9
 0h00:04.157 2026/05/29T16:15:50z: SSID: TEST-STA
1 BSEC warning code : 100

1 BSEC warning code : 100

 ets Jan  8 2013,rst cause:1, boot mode:(3,7)

load 0x4010f000, len 1384, room 16 
tail 8
chksum 0x2d
csum 0x2d
v8b899c12
~ld


7.04
 0h00:00.449 1970/01/01T08:00:00z: SPIFFS Active
 0h00:04.126 2026/05/29T16:35:30z: f0:24:f9:c6:c7:d9
 0h00:04.128 2026/05/29T16:35:30z: SSID: TEST-STA
1 BSEC warning code : 100

 ets Jan  8 2013,rst cause:1, boot mode:(3,7)

load 0x4010f000, len 1384, room 16 
tail 8
chksum 0x2d
csum 0x2d
v8b899c12
~ld


7.04
 0h00:00.445 1970/01/01T08:00:00z: SPIFFS Active
 0h00:04.122 2026/05/29T16:55:10z: f0:24:f9:c6:c7:d9
 0h00:04.124 2026/05/29T16:55:10z: SSID: TEST-STA
1 BSEC warning code : 100

1 BSEC warning code : 100

 ets Jan  8 2013,rst cause:1, boot mode:(3,7)

load 0x4010f000, len 1384, room 16 
tail 8
chksum 0x2d
csum 0x2d
v8b899c12
~ld


7.04
 0h00:00.438 1970/01/01T08:00:00z: SPIFFS Active
 0h00:04.116 2026/05/29T17:14:51z: f0:24:f9:c6:c7:d9
 0h00:04.117 2026/05/29T17:14:51z: SSID: TEST-STA
1 BSEC warning code : 100

 ets Jan  8 2013,rst cause:1, boot mode:(3,7)

load 0x4010f000, len 1384, room 16 
tail 8
chksum 0x2d
csum 0x2d
v8b899c12
~ld


7.04
 0h00:00.511 1970/01/01T08:00:00z: SPIFFS Active
 0h00:04.188 2026/05/29T17:34:32z: f0:24:f9:c6:c7:d9
 0h00:04.190 2026/05/29T17:34:32z: SSID: TEST-STA
1 BSEC warning code : 100

1 BSEC warning code : 100

 ets Jan  8 2013,rst cause:1, boot mode:(3,7)

load 0x4010f000, len 1384, room 16 
tail 8
chksum 0x2d
csum 0x2d
v8b899c12
~ld


7.04
 0h00:00.482 1970/01/01T08:00:00z: SPIFFS Active
 0h00:04.160 2026/05/29T17:54:13z: f0:24:f9:c6:c7:d9
 0h00:04.161 2026/05/29T17:54:13z: SSID: TEST-STA
1 BSEC warning code : 100

 ets Jan  8 2013,rst cause:1, boot mode:(3,7)

load 0x4010f000, len 1384, room 16 
tail 8
chksum 0x2d
csum 0x2d
v8b899c12
~ld


7.04
 0h00:00.438 1970/01/01T08:00:00z: SPIFFS Active
 0h00:04.115 2026/05/29T18:13:53z: f0:24:f9:c6:c7:d9
 0h00:04.117 2026/05/29T18:13:53z: SSID: TEST-STA
1 BSEC warning code : 100

1 BSEC warning code : 100

 ets Jan  8 2013,rst cause:1, boot mode:(3,7)

load 0x4010f000, len 1384, room 16 
tail 8
chksum 0x2d
csum 0x2d
v8b899c12
~ld


7.04
 0h00:00.443 1970/01/01T08:00:00z: SPIFFS Active
 0h00:04.121 2026/05/29T18:33:34z: f0:24:f9:c6:c7:d9
 0h00:04.123 2026/05/29T18:33:34z: SSID: TEST-STA
1 BSEC warning code : 100

 ets Jan  8 2013,rst cause:1, boot mode:(3,7)

load 0x4010f000, len 1384, room 16 
tail 8
chksum 0x2d
csum 0x2d
v8b899c12
~ld


7.04
 0h00:00.439 1970/01/01T08:00:00z: SPIFFS Active
 0h00:04.116 2026/05/29T18:53:14z: f0:24:f9:c6:c7:d9
 0h00:04.118 2026/05/29T18:53:14z: SSID: TEST-STA
1 BSEC warning code : 100

 ets Jan  8 2013,rst cause:1, boot mode:(3,7)

load 0x4010f000, len 1384, room 16 
tail 8
chksum 0x2d
csum 0x2d
v8b899c12
~ld


7.04
 0h00:00.452 1970/01/01T08:00:00z: SPIFFS Active
 0h00:04.130 2026/05/29T19:12:55z: f0:24:f9:c6:c7:d9
 0h00:04.131 2026/05/29T19:12:55z: SSID: TEST-STA
1 BSEC warning code : 100

 ets Jan  8 2013,rst cause:1, boot mode:(3,7)

load 0x4010f000, len 1384, room 16 
tail 8
chksum 0x2d
csum 0x2d
v8b899c12
~ld


7.04
 0h00:00.479 1970/01/01T08:00:00z: SPIFFS Active
 0h00:04.156 2026/05/29T19:32:35z: f0:24:f9:c6:c7:d9
 0h00:04.157 2026/05/29T19:32:35z: SSID: TEST-STA
1 BSEC warning code : 100

1 BSEC warning code : 100

 ets Jan  8 2013,rst cause:1, boot mode:(3,7)

load 0x4010f000, len 1384, room 16 
tail 8
chksum 0x2d
csum 0x2d
v8b899c12
~ld


7.04
 0h00:00.446 1970/01/01T08:00:00z: SPIFFS Active
 0h00:04.123 2026/05/29T19:52:16z: f0:24:f9:c6:c7:d9
 0h00:04.125 2026/05/29T19:52:16z: SSID: TEST-STA
1 BSEC warning code : 100

1 BSEC warning code : 100

 ets Jan  8 2013,rst cause:1, boot mode:(3,7)

load 0x4010f000, len 1384, room 16 
tail 8
chksum 0x2d
csum 0x2d
v8b899c12
~ld


7.04
 0h00:00.440 1970/01/01T08:00:00z: SPIFFS Active
 0h00:04.116 2026/05/29T20:11:56z: f0:24:f9:c6:c7:d9
 0h00:04.117 2026/05/29T20:11:56z: SSID: TEST-STA
1 BSEC warning code : 100

1 BSEC warning code : 100

 ets Jan  8 2013,rst cause:1, boot mode:(3,7)

load 0x4010f000, len 1384, room 16 
tail 8
chksum 0x2d
csum 0x2d
v8b899c12
~ld


7.04
 0h00:00.443 1970/01/01T08:00:00z: SPIFFS Active
 0h00:04.118 2026/05/29T20:31:37z: f0:24:f9:c6:c7:d9
 0h00:04.120 2026/05/29T20:31:37z: SSID: TEST-STA
1 BSEC warning code : 100

1 BSEC warning code : 100

 ets Jan  8 2013,rst cause:1, boot mode:(3,7)

load 0x4010f000, len 1384, room 16 
tail 8
chksum 0x2d
csum 0x2d
v8b899c12
~ld


7.04
 0h00:00.426 1970/01/01T08:00:00z: SPIFFS Active
 0h00:04.102 2026/05/29T20:51:18z: f0:24:f9:c6:c7:d9
 0h00:04.103 2026/05/29T20:51:18z: SSID: TEST-STA
1 BSEC warning code : 100

1 BSEC warning code : 100

 ets Jan  8 2013,rst cause:1, boot mode:(3,7)

load 0x4010f000, len 1384, room 16 
tail 8
chksum 0x2d
csum 0x2d
v8b899c12
~ld


7.04
 0h00:00.438 1970/01/01T08:00:00z: SPIFFS Active
 0h00:04.114 2026/05/29T21:10:59z: f0:24:f9:c6:c7:d9
 0h00:04.115 2026/05/29T21:10:59z: SSID: TEST-STA
1 BSEC warning code : 100

 ets Jan  8 2013,rst cause:1, boot mode:(3,7)

load 0x4010f000, len 1384, room 16 
tail 8
chksum 0x2d
csum 0x2d
v8b899c12
~ld


7.04
 0h00:00.439 1970/01/01T08:00:00z: SPIFFS Active
 0h00:04.114 2026/05/29T21:30:40z: f0:24:f9:c6:c7:d9
 0h00:04.116 2026/05/29T21:30:40z: SSID: TEST-STA
1 BSEC warning code : 100

 ets Jan  8 2013,rst cause:1, boot mode:(3,7)

load 0x4010f000, len 1384, room 16 
tail 8
chksum 0x2d
csum 0x2d
v8b899c12
~ld


7.04
 0h00:00.439 1970/01/01T08:00:00z: SPIFFS Active
 0h00:04.114 2026/05/29T21:50:20z: f0:24:f9:c6:c7:d9
 0h00:04.116 2026/05/29T21:50:20z: SSID: TEST-STA
1 BSEC warning code : 100

 ets Jan  8 2013,rst cause:1, boot mode:(3,7)

load 0x4010f000, len 1384, room 16 
tail 8
chksum 0x2d
csum 0x2d
v8b899c12
~ld


7.04
 0h00:00.448 1970/01/01T08:00:00z: SPIFFS Active
 0h00:04.124 2026/05/29T22:10:01z: f0:24:f9:c6:c7:d9
 0h00:04.126 2026/05/29T22:10:01z: SSID: TEST-STA
1 BSEC warning code : 100

 ets Jan  8 2013,rst cause:1, boot mode:(3,7)

load 0x4010f000, len 1384, room 16 
tail 8
chksum 0x2d
csum 0x2d
v8b899c12
~ld


7.04
 0h00:00.440 1970/01/01T08:00:00z: SPIFFS Active
 0h00:04.116 2026/05/29T22:29:41z: f0:24:f9:c6:c7:d9
 0h00:04.118 2026/05/29T22:29:41z: SSID: TEST-STA
1 BSEC warning code : 100

1 BSEC warning code : 100

 ets Jan  8 2013,rst cause:1, boot mode:(3,7)

load 0x4010f000, len 1384, room 16 
tail 8
chksum 0x2d
csum 0x2d
v8b899c12
~ld


7.04
 0h00:00.442 1970/01/01T08:00:00z: SPIFFS Active
 0h00:04.118 2026/05/29T22:49:22z: f0:24:f9:c6:c7:d9
 0h00:04.119 2026/05/29T22:49:22z: SSID: TEST-STA
1 BSEC warning code : 100

 ets Jan  8 2013,rst cause:1, boot mode:(3,7)

load 0x4010f000, len 1384, room 16 
tail 8
chksum 0x2d
csum 0x2d
v8b899c12
~ld


7.04
 0h00:00.437 1970/01/01T08:00:00z: SPIFFS Active
 0h00:04.112 2026/05/29T23:09:03z: f0:24:f9:c6:c7:d9
 0h00:04.114 2026/05/29T23:09:03z: SSID: TEST-STA
1 BSEC warning code : 100

1 BSEC warning code : 100

 ets Jan  8 2013,rst cause:1, boot mode:(3,7)

load 0x4010f000, len 1384, room 16 
tail 8
chksum 0x2d
csum 0x2d
v8b899c12
~ld


7.04
 0h00:00.436 1970/01/01T08:00:00z: SPIFFS Active
 0h00:04.112 2026/05/29T23:28:44z: f0:24:f9:c6:c7:d9
 0h00:04.113 2026/05/29T23:28:44z: SSID: TEST-STA
1 BSEC warning code : 100

 ets Jan  8 2013,rst cause:1, boot mode:(3,7)

load 0x4010f000, len 1384, room 16 
tail 8
chksum 0x2d
csum 0x2d
v8b899c12
~ld


7.04
 0h00:00.444 1970/01/01T08:00:00z: SPIFFS Active
 0h00:04.120 2026/05/29T23:48:24z: f0:24:f9:c6:c7:d9
 0h00:04.122 2026/05/29T23:48:24z: SSID: TEST-STA
1 BSEC warning code : 100
