
1 BSEC warning code : 100

1 BSEC warning code : 100

1 BSEC warning code : 100

1 BSEC warning code : 100

1 BSEC warning code : 100

Exception (29):
epc1=0x4022a6e2 epc2=0x00000000 epc3=0x00000000 excvaddr=0x00000004 depc=0x00000000

>>>stack>>>

ctx: cont
sp: 3ffffa00 end: 3fffffc0 offset: 01a0
3ffffba0:  3fff8ef4 3fff5fa4 3fff60dc 4023d088  
3ffffbb0:  00000104 4023ce8e 000058d8 00000b1b  
3ffffbc0:  00000042 0002424b 4023d446 4023d1fe  
3ffffbd0:  00000040 00000082 3fffa66c 4023d391  
3ffffbe0:  00800000 00000080 00000000 00000041  
3ffffbf0:  0002424b 0000003f 3fffa114 00000041  
3ffffc00:  3fffbb94 3fffa66c 3fffa114 3fff8ebc  
3ffffc10:  3fff8ff0 ffffffff 3fff5fa4 4023da0d  
3ffffc20:  00000040 3fff5fa4 3fffa66c 3fff5fa4  
3ffffc30:  00000040 3fff5fa4 3fffa66c 4023decb  
3ffffc40:  3fff6014 0000003f 0c6542c7 00000001  
3ffffc50:  3fff5fa4 3fffa654 3fffa66c 00000001  
3ffffc60:  00000010 3fff5fa4 0000000f 4023e11c  
3ffffc70:  3fffa114 3fff8c9c 0000000f 00000001  
3ffffc80:  00000001 3fff5edc 3fff682b 4023cf34  
3ffffc90:  00000100 3fff8a44 3fff6767 00000000  
3ffffca0:  00000100 3fff8a44 3fff6767 4023f339  
3ffffcb0:  3ffffce0 00000000 000000d0 00000030  
3ffffcc0:  ae4a8c1b 3fff5ef4 3fff5ee4 00000004  
3ffffcd0:  3fff6761 3fff5d94 3fff6761 40239e94  
3ffffce0:  9cf30303 efa1a265 c10628c2 86e55f0f  
3ffffcf0:  bead16ef 4775d03c abade594 6c5b91c7  
3ffffd00:  879516d3 7b6e7d73 cf36ae07 8c1b18b5  
3ffffd10:  3fff6761 00000004 3fff5d94 4023a38d  
3ffffd20:  9d2c07d3 79ffb0e6 c712aa57 40236c98  
3ffffd30:  d073f6fd 00000578 3fff648c 402327ba  
3ffffd40:  00000004 00000000 3fff532c 40210fce  
3ffffd50:  0000001e 00000000 00000064 40217c96  
3ffffd60:  00000000 00000020 00000027 00000004  
3ffffd70:  3fff6761 00000004 3fff5d94 00000004  
3ffffd80:  3fff6761 00000004 3fff5d94 40239c9c  
3ffffd90:  7a335cdd 00000000 00000000 00000028  
3ffffda0:  0000005d 3fff6761 3fff5d94 4023a06c  
3ffffdb0:  00000011 3fff6794 000001f4 4021af18  
3ffffdc0:  3ffffe18 0000000e 00000010 3fff62c4  
3ffffdd0:  00000000 00000000 4bc6a7f0 01000000  
3ffffde0:  3ffffe18 00035add 3fff5d94 40239e04  
3ffffdf0:  00000000 402712e2 3ffffe10 3fff62c4  
3ffffe00:  3fff532c 00035add 3fff614c 40211655  
3ffffe10:  3fff5d94 3fff62ec 00000014 4022eed2  
3ffffe20:  00008ca0 3ffffe50 3fff0e58 40211694  
3ffffe30:  00000000 00000000 3fff0e40 000001bb  
3ffffe40:  000001bb 402712e2 3fff0e40 402118a3  
3ffffe50:  00000000 00000000 4bc6a7f0 000001bb  
3ffffe60:  000001bb 402712e2 3fff0e40 4021195a  
3ffffe70:  402213a8 79897d4a 402213a8 79897d4a  
3ffffe80:  3fff0cc8 3fff0e40 3fff0509 4020c83a  
3ffffe90:  4021a4a2 00000001 3fff3d04 40229904  
3ffffea0:  4026397a 3fff0921 3fff10c4 00000003  
3ffffeb0:  4020f9e0 3ffffee8 3fff10c4 4022651d  
3ffffec0:  40271390 0000000a 3fffff68 3fffff6c  
3ffffed0:  3fffff70 3fff3d1c 00000001 40203fbf  
3ffffee0:  402213a8 00000000 402213a8 00000000  
3ffffef0:  402712e2 000001bb 3fff0921 40206605  
3fffff00:  3fffff74 402712e2 000001bb 00000001  
3fffff10:  3ffe8e05 3fff0509 00000200 00000000  
3fffff20:  3ffe8e05 00000001 3ffefd51 00000002  
3fffff30:  00000001 00000001 3ffe8e05 0000000a  
3fffff40:  7fffffff 3ffefd30 3ffefdb8 3fff226c  
3fffff50:  3fffdad0 3fff0c4b 3ffefd30 40208ec8  
3fffff60:  3ffe8e05 0000000a 00000000 4020983c  
3fffff70:  40205458 4020904c 40217bb4 3fffefa0  
3fffff80:  00000000 00000000 3fff0c82 40217c96  
3fffff90:  3fffdad0 00000000 3fff0c82 4020b8f8  
3fffffa0:  3fffdad0 00000000 3fff223c 40217c64  
3fffffb0:  feefeffe feefeffe 3ffe8704 40101ded  
<<<stack<<<

last failed alloc call: 4023CE8E(1024)

 ets Jan  8 2013,rst cause:1, boot mode:(3,7)

load 0x4010f000, len 1384, room 16 
tail 8
chksum 0x2d
csum 0x2d
v8b899c12
~ld


7.04
 0h00:00.466 1970/01/01T08:00:00z: SPIFFS Active
 0h00:04.142 2026/05/13T22:00:03z: f0:24:f9:c2:51:b
 0h00:04.143 2026/05/13T22:00:03z: SSID: that iPhone
1 BSEC warning code : 100

1 BME68X warning code : 2

1 BSEC warning code : 100

1 BSEC warning code : 100

1 BSEC warning code : 100

1 BSEC warning code : 100

1 BSEC warning code : 100

1 BSEC warning code : 100

Exception (29):
epc1=0x4022a6e2 epc2=0x00000000 epc3=0x00000000 excvaddr=0x00000004 depc=0x00000000

>>>stack>>>

ctx: cont
sp: 3ffffa00 end: 3fffffc0 offset: 01a0
3ffffba0:  3fff9a6c 3fff5764 3fffb4fc 4023d088  
3ffffbb0:  00000104 4023ce8e 00006450 00000c8a  
3ffffbc0:  00000042 0002d485 4023d446 4023d1fe  
3ffffbd0:  00000040 00000082 3fffb4e4 4023d391  
3ffffbe0:  00800000 00000080 00000000 00000041  
3ffffbf0:  0002d485 0000003f 3fffb4b4 00000041  
3ffffc00:  3fff8f24 3fffb4e4 3fffb4b4 3fff7df4  
3ffffc10:  3fff9b68 ffffffff 3fff5764 4023da0d  
3ffffc20:  00000040 3fff5764 3fffb4e4 3fff5764  
3ffffc30:  00000040 3fff5764 3fffb4e4 4023decb  
3ffffc40:  3fff5dfc 0000003f 220ed12e 00000001  
3ffffc50:  3fff5764 3fffb4cc 3fffb4e4 00000001  
3ffffc60:  00000010 3fff5764 0000000f 4023e11c  
3ffffc70:  3fffb4b4 3fff7ddc 0000000f 00000001  
3ffffc80:  00000001 3fff95ac 3fff6126 4023cf34  
3ffffc90:  00000100 3fff5dcc 3fff60b7 00000000  
3ffffca0:  00000100 3fff5dcc 3fff60b7 4023f339  
3ffffcb0:  3ffffce0 00000000 000000d0 00000030  
3ffffcc0:  0de47b37 3fff5e3c 3fff421c 00000004  
3ffffcd0:  3fff60b1 3fff568c 3fff60b1 40239e94  
3ffffce0:  34510303 d8c579b3 b1159a0d 65af89d3  
3ffffcf0:  5ce1515d 00c1b4cb 24b9c74f 58bb5980  
3ffffd00:  0489c606 379a9f85 704184d1 7b378224  
3ffffd10:  3fff60b1 00000004 3fff568c 4023a38d  
3ffffd20:  d47533a8 ac3ced1e c1e1e197 40236c98  
3ffffd30:  8df43bfd 00000578 3fff5a14 402327ba  
3ffffd40:  00000004 00000000 3fff5ccc 40210fce  
3ffffd50:  0000001e 00000000 00000064 40217c96  
3ffffd60:  00000000 00000020 00000027 00000004  
3ffffd70:  3fff60b1 00000004 3fff568c 00000004  
3ffffd80:  3fff60b1 00000004 3fff568c 40239c9c  
3ffffd90:  232a97cf 000009ac 000009ac 00000028  
3ffffda0:  0000005d 3fff60b1 3fff568c 4023a06c  
3ffffdb0:  00000011 3fff60e4 000001f4 4021af18  
3ffffdc0:  3ffffe18 0000000e 00000010 3fff3714  
3ffffdd0:  00000000 00000000 4bc6a7f0 01000000  
3ffffde0:  3ffffe18 00035fb8 3fff568c 40239e04  
3ffffdf0:  00000000 3fff837c 3ffffe10 3fff3714  
3ffffe00:  3fff5ccc 00035fb8 3fff5d04 40211655  
3ffffe10:  3fff568c 3fffae8c 40217bb4 3fffefa0  
3ffffe20:  00008ca0 00008ca0 00008ca0 40218893  
3ffffe30:  00000000 3fff5ccc 3fff0e40 000001bb  
3ffffe40:  000001bb 402712e2 3fff0e40 402118a3  
3ffffe50:  00000000 00000000 4bc6a7f0 000001bb  
3ffffe60:  000001bb 402712e2 3fff0e40 4021195a  
3ffffe70:  402213a8 7965fa8e 402213a8 7965fa8e  
3ffffe80:  3fff0cc8 3fff0e40 3fff0509 4020c83a  
3ffffe90:  3fff0509 3ffffea0 00000008 40229904  
3ffffea0:  4026397a 3fff0921 3fff10c4 00000003  
3ffffeb0:  4020f9e0 3ffffee8 3fff10c4 4022651d  
3ffffec0:  40271390 0000000a 3fffff68 3fffff6c  
3ffffed0:  3fffff70 3fff42fc 00000001 40203fbf  
3ffffee0:  402213a8 00000000 402213a8 00000000  
3ffffef0:  402712e2 000001bb 3fff0921 40206605  
3fffff00:  3fffff74 402712e2 000001bb 00000001  
3fffff10:  3ffe8e05 3fff0509 00000200 00000000  
3fffff20:  3ffe8e05 00000001 3ffefd51 00000002  
3fffff30:  00000001 00000001 3ffe8e05 0000000a  
3fffff40:  7fffffff 3ffefd30 3ffefdb8 3fff226c  
3fffff50:  3fffdad0 3fff0c4b 3ffefd30 40208ec8  
3fffff60:  3ffe8e05 0000000a 00000000 4020983c  
3fffff70:  40205458 4020904c 40217bb4 3fffefa0  
3fffff80:  00000000 00000000 3fff0c82 40217c96  
3fffff90:  3fffdad0 00000000 3fff0c82 4020b8f8  
3fffffa0:  3fffdad0 00000000 3fff223c 40217c64  
3fffffb0:  feefeffe feefeffe 3ffe8704 40101ded  
<<<stack<<<

last failed alloc call: 4023CE8E(1024)

 ets Jan  8 2013,rst cause:1, boot mode:(3,7)

load 0x4010f000, len 1384, room 16 
tail 8
chksum 0x2d
csum 0x2d
v8b899c12
~ld


7.04
 0h00:00.469 1970/01/01T08:00:00z: SPIFFS Active
 0h00:04.145 2026/05/13T22:03:44z: f0:24:f9:c2:51:b
 0h00:04.146 2026/05/13T22:03:44z: SSID: that iPhone
1 BSEC warning code : 100

1 BSEC warning code : 100

1 BSEC warning code : 100

1 BSEC warning code : 100

1 BSEC warning code : 100

1 BSEC warning code : 100

1 BSEC warning code : 100

1 BSEC warning code : 100

1 BSEC warning code : 100

1 BSEC warning code : 100

 ets Jan  8 2013,rst cause:1, boot mode:(3,7)

load 0x4010f000, len 1384, room 16 
tail 8
chksum 0x2d
csum 0x2d
v8b899c12
~ld


7.04
 0h00:00.462 1970/01/01T08:00:00z: SPIFFS Active
 0h00:04.137 2026/05/13T22:44:22z: f0:24:f9:c2:51:b
 0h00:04.138 2026/05/13T22:44:22z: SSID: that iPhone
1 BSEC warning code : 100

1 BSEC warning code : 100

 ets Jan  8 2013,rst cause:1, boot mode:(3,7)

load 0x4010f000, len 1384, room 16 
tail 8
chksum 0x2d
csum 0x2d
v8b899c12
~ld


7.04
 0h00:00.468 1970/01/01T08:00:00z: SPIFFS Active
 0h00:04.143 2026/05/13T23:04:02z: f0:24:f9:c2:51:b
 0h00:04.145 2026/05/13T23:04:02z: SSID: that iPhone
1 BSEC warning code : 100

 ets Jan  8 2013,rst cause:1, boot mode:(3,7)

load 0x4010f000, len 1384, room 16 
tail 8
chksum 0x2d
csum 0x2d
v8b899c12
~ld


7.04
 0h00:00.468 1970/01/01T08:00:00z: SPIFFS Active
 0h00:04.143 2026/05/13T23:23:43z: f0:24:f9:c2:51:b
 0h00:04.144 2026/05/13T23:23:43z: SSID: that iPhone
1 BSEC warning code : 100

1 BSEC warning code : 100

 ets Jan  8 2013,rst cause:1, boot mode:(3,7)

load 0x4010f000, len 1384, room 16 
tail 8
chksum 0x2d
csum 0x2d
v8b899c12
~ld


7.04
 0h00:00.469 1970/01/01T08:00:00z: SPIFFS Active
 0h00:04.145 2026/05/13T23:43:23z: f0:24:f9:c2:51:b
 0h00:04.147 2026/05/13T23:43:23z: SSID: that iPhone
1 BSEC warning code : 100

1 BSEC warning code : 100
