
 ets Jan  8 2013,rst cause:1, boot mode:(3,7)

load 0x4010f000, len 1384, room 16 
tail 8
chksum 0x2d
csum 0x2d
v8b899c12
~ld


7.04
 0h00:00.471 1970/01/01T08:00:00z: SPIFFS Active
 0h00:04.146 2026/05/31T00:03:45z: f0:24:f9:c6:8d:8a
 0h00:04.148 2026/05/31T00:03:45z: SSID: TEST-STA
1 BSEC warning code : 100

 ets Jan  8 2013,rst cause:1, boot mode:(3,7)

load 0x4010f000, len 1384, room 16 
tail 8
chksum 0x2d
csum 0x2d
v8b899c12
~ld


7.04
 0h00:00.508 1970/01/01T08:00:00z: SPIFFS Active
 0h00:04.184 2026/05/31T00:23:26z: f0:24:f9:c6:8d:8a
 0h00:04.185 2026/05/31T00:23:26z: SSID: TEST-STA
1 BSEC warning code : 100

1 BSEC warning code : 100

 ets Jan  8 2013,rst cause:1, boot mode:(3,7)

load 0x4010f000, len 1384, room 16 
tail 8
chksum 0x2d
csum 0x2d
v8b899c12
~ld


7.04
 0h00:00.505 1970/01/01T08:00:00z: SPIFFS Active
 0h00:04.181 2026/05/31T00:43:06z: f0:24:f9:c6:8d:8a
 0h00:04.182 2026/05/31T00:43:06z: SSID: TEST-STA
1 BSEC warning code : 100

 ets Jan  8 2013,rst cause:1, boot mode:(3,7)

load 0x4010f000, len 1384, room 16 
tail 8
chksum 0x2d
csum 0x2d
v8b899c12
~ld


7.04
 0h00:00.471 1970/01/01T08:00:00z: SPIFFS Active
 0h00:04.147 2026/05/31T01:02:47z: f0:24:f9:c6:8d:8a
 0h00:04.148 2026/05/31T01:02:47z: SSID: TEST-STA
1 BSEC warning code : 100

 ets Jan  8 2013,rst cause:1, boot mode:(3,7)

load 0x4010f000, len 1384, room 16 
tail 8
chksum 0x2d
csum 0x2d
v8b899c12
~ld


7.04
 0h00:00.555 1970/01/01T08:00:00z: SPIFFS Active
 0h00:04.231 2026/05/31T01:22:27z: f0:24:f9:c6:8d:8a
 0h00:04.232 2026/05/31T01:22:27z: SSID: TEST-STA
1 BSEC warning code : 100

 ets Jan  8 2013,rst cause:1, boot mode:(3,7)

load 0x4010f000, len 1384, room 16 
tail 8
chksum 0x2d
csum 0x2d
v8b899c12
~ld


7.04
 0h00:00.511 1970/01/01T08:00:00z: SPIFFS Active
 0h00:04.187 2026/05/31T01:42:09z: f0:24:f9:c6:8d:8a
 0h00:04.189 2026/05/31T01:42:09z: SSID: TEST-STA
1 BSEC warning code : 100

 ets Jan  8 2013,rst cause:1, boot mode:(3,7)

load 0x4010f000, len 1384, room 16 
tail 8
chksum 0x2d
csum 0x2d
v8b899c12
~ld


7.04
 0h00:00.472 1970/01/01T08:00:00z: SPIFFS Active
 0h00:04.148 2026/05/31T02:01:49z: f0:24:f9:c6:8d:8a
 0h00:04.150 2026/05/31T02:01:49z: SSID: TEST-STA
1 BSEC warning code : 100

1 BSEC warning code : 100

 ets Jan  8 2013,rst cause:1, boot mode:(3,7)

load 0x4010f000, len 1384, room 16 
tail 8
chksum 0x2d
csum 0x2d
v8b899c12
~ld


7.04
 0h00:00.471 1970/01/01T08:00:00z: SPIFFS Active
 0h00:04.147 2026/05/31T02:21:30z: f0:24:f9:c6:8d:8a
 0h00:04.148 2026/05/31T02:21:30z: SSID: TEST-STA
1 BSEC warning code : 100

 ets Jan  8 2013,rst cause:1, boot mode:(3,7)

load 0x4010f000, len 1384, room 16 
tail 8
chksum 0x2d
csum 0x2d
v8b899c12
~ld


7.04
 0h00:00.471 1970/01/01T08:00:00z: SPIFFS Active
 0h00:04.146 2026/05/31T02:41:10z: f0:24:f9:c6:8d:8a
 0h00:04.148 2026/05/31T02:41:10z: SSID: TEST-STA
1 BSEC warning code : 100

1 BSEC warning code : 100

 ets Jan  8 2013,rst cause:1, boot mode:(3,7)

load 0x4010f000, len 1384, room 16 
tail 8
chksum 0x2d
csum 0x2d
v8b899c12
~ld


7.04
 0h00:00.467 1970/01/01T08:00:00z: SPIFFS Active
 0h00:04.143 2026/05/31T03:00:51z: f0:24:f9:c6:8d:8a
 0h00:04.144 2026/05/31T03:00:51z: SSID: TEST-STA
1 BSEC warning code : 100

 ets Jan  8 2013,rst cause:1, boot mode:(3,7)

load 0x4010f000, len 1384, room 16 
tail 8
chksum 0x2d
csum 0x2d
v8b899c12
~ld


7.04
 0h00:00.486 1970/01/01T08:00:00z: SPIFFS Active
 0h00:04.162 2026/05/31T03:20:32z: f0:24:f9:c6:8d:8a
 0h00:04.163 2026/05/31T03:20:32z: SSID: TEST-STA
1 BSEC warning code : 100

1 BSEC warning code : 100

 ets Jan  8 2013,rst cause:1, boot mode:(3,7)

load 0x4010f000, len 1384, room 16 
tail 8
chksum 0x2d
csum 0x2d
v8b899c12
~ld


7.04
 0h00:00.553 1970/01/01T08:00:00z: SPIFFS Active
 0h00:04.229 2026/05/31T03:40:13z: f0:24:f9:c6:8d:8a
 0h00:04.230 2026/05/31T03:40:13z: SSID: TEST-STA
1 BSEC warning code : 100

 ets Jan  8 2013,rst cause:1, boot mode:(3,7)

load 0x4010f000, len 1384, room 16 
tail 8
chksum 0x2d
csum 0x2d
v8b899c12
~ld


7.04
 0h00:00.472 1970/01/01T08:00:00z: SPIFFS Active
 0h00:04.148 2026/05/31T03:59:54z: f0:24:f9:c6:8d:8a
 0h00:04.150 2026/05/31T03:59:54z: SSID: TEST-STA
1 BSEC warning code : 100

1 BSEC warning code : 100

 ets Jan  8 2013,rst cause:1, boot mode:(3,7)

load 0x4010f000, len 1384, room 16 
tail 8
chksum 0x2d
csum 0x2d
v8b899c12
~ld


7.04
 0h00:00.522 1970/01/01T08:00:00z: SPIFFS Active
 0h00:04.198 2026/05/31T04:19:34z: f0:24:f9:c6:8d:8a
 0h00:04.200 2026/05/31T04:19:34z: SSID: TEST-STA
1 BSEC warning code : 100

 ets Jan  8 2013,rst cause:1, boot mode:(3,7)

load 0x4010f000, len 1384, room 16 
tail 8
chksum 0x2d
csum 0x2d
v8b899c12
~ld


7.04
 0h00:00.481 1970/01/01T08:00:00z: SPIFFS Active
 0h00:04.158 2026/05/31T04:39:14z: f0:24:f9:c6:8d:8a
 0h00:04.160 2026/05/31T04:39:14z: SSID: TEST-STA
1 BSEC warning code : 100

 ets Jan  8 2013,rst cause:1, boot mode:(3,7)

load 0x4010f000, len 1384, room 16 
tail 8
chksum 0x2d
csum 0x2d
v8b899c12
~ld


7.04
 0h00:00.482 1970/01/01T08:00:00z: SPIFFS Active
 0h00:04.160 2026/05/31T04:58:55z: f0:24:f9:c6:8d:8a
 0h00:04.161 2026/05/31T04:58:55z: SSID: TEST-STA
1 BSEC warning code : 100

1 BSEC warning code : 100

 ets Jan  8 2013,rst cause:1, boot mode:(3,7)

load 0x4010f000, len 1384, room 16 
tail 8
chksum 0x2d
csum 0x2d
v8b899c12
~ld


7.04
 0h00:00.472 1970/01/01T08:00:00z: SPIFFS Active
 0h00:04.150 2026/05/31T05:18:36z: f0:24:f9:c6:8d:8a
 0h00:04.151 2026/05/31T05:18:36z: SSID: TEST-STA
1 BSEC warning code : 100

 ets Jan  8 2013,rst cause:1, boot mode:(3,7)

load 0x4010f000, len 1384, room 16 
tail 8
chksum 0x2d
csum 0x2d
v8b899c12
~ld


7.04
 0h00:00.515 1970/01/01T08:00:00z: SPIFFS Active
 0h00:04.193 2026/05/31T05:38:17z: f0:24:f9:c6:8d:8a
 0h00:04.194 2026/05/31T05:38:17z: SSID: TEST-STA
1 BSEC warning code : 100

1 BSEC warning code : 100

 ets Jan  8 2013,rst cause:1, boot mode:(3,7)

load 0x4010f000, len 1384, room 16 
tail 8
chksum 0x2d
csum 0x2d
v8b899c12
~ld


7.04
 0h00:00.493 1970/01/01T08:00:00z: SPIFFS Active
 0h00:04.169 2026/05/31T05:57:58z: f0:24:f9:c6:8d:8a
 0h00:04.171 2026/05/31T05:57:58z: SSID: TEST-STA
1 BSEC warning code : 100

1 BSEC warning code : 100

 ets Jan  8 2013,rst cause:1, boot mode:(3,7)

load 0x4010f000, len 1384, room 16 
tail 8
chksum 0x2d
csum 0x2d
v8b899c12
~ld


7.04
 0h00:00.485 1970/01/01T08:00:00z: SPIFFS Active
 0h00:04.161 2026/05/31T06:17:38z: f0:24:f9:c6:8d:8a
 0h00:04.163 2026/05/31T06:17:38z: SSID: TEST-STA
1 BSEC warning code : 100

 ets Jan  8 2013,rst cause:1, boot mode:(3,7)

load 0x4010f000, len 1384, room 16 
tail 8
chksum 0x2d
csum 0x2d
v8b899c12
~ld


7.04
 0h00:00.485 1970/01/01T08:00:00z: SPIFFS Active
 0h00:04.161 2026/05/31T06:37:19z: f0:24:f9:c6:8d:8a
 0h00:04.163 2026/05/31T06:37:19z: SSID: TEST-STA
1 BSEC warning code : 100

1 BSEC warning code : 100

 ets Jan  8 2013,rst cause:1, boot mode:(3,7)

load 0x4010f000, len 1384, room 16 
tail 8
chksum 0x2d
csum 0x2d
v8b899c12
~ld


7.04
 0h00:00.496 1970/01/01T08:00:00z: SPIFFS Active
 0h00:04.172 2026/05/31T06:57:00z: f0:24:f9:c6:8d:8a
 0h00:04.174 2026/05/31T06:57:00z: SSID: TEST-STA
1 BSEC warning code : 100

 ets Jan  8 2013,rst cause:1, boot mode:(3,7)

load 0x4010f000, len 1384, room 16 
tail 8
chksum 0x2d
csum 0x2d
v8b899c12
~ld


7.04
 0h00:00.489 1970/01/01T08:00:00z: SPIFFS Active
 0h00:04.165 2026/05/31T07:16:41z: f0:24:f9:c6:8d:8a
 0h00:04.166 2026/05/31T07:16:41z: SSID: TEST-STA
1 BSEC warning code : 100

 ets Jan  8 2013,rst cause:1, boot mode:(3,7)

load 0x4010f000, len 1384, room 16 
tail 8
chksum 0x2d
csum 0x2d
v8b899c12
~ld


7.04
 0h00:00.482 1970/01/01T08:00:00z: SPIFFS Active
 0h00:04.158 2026/05/31T07:36:22z: f0:24:f9:c6:8d:8a
 0h00:04.159 2026/05/31T07:36:22z: SSID: TEST-STA
1 BSEC warning code : 100

1 BSEC warning code : 100

 ets Jan  8 2013,rst cause:1, boot mode:(3,7)

load 0x4010f000, len 1384, room 16 
tail 8
chksum 0x2d
csum 0x2d
v8b899c12
~ld


7.04
 0h00:00.481 1970/01/01T08:00:00z: SPIFFS Active
 0h00:04.157 2026/05/31T07:56:02z: f0:24:f9:c6:8d:8a
 0h00:04.159 2026/05/31T07:56:02z: SSID: TEST-STA
1 BSEC warning code : 100

 ets Jan  8 2013,rst cause:1, boot mode:(3,7)

load 0x4010f000, len 1384, room 16 
tail 8
chksum 0x2d
csum 0x2d
v8b899c12
~ld


7.04
 0h00:00.527 1970/01/01T08:00:00z: SPIFFS Active
 0h00:04.203 2026/05/31T08:15:43z: f0:24:f9:c6:8d:8a
 0h00:04.204 2026/05/31T08:15:43z: SSID: TEST-STA
1 BSEC warning code : 100

1 BSEC warning code : 100

 ets Jan  8 2013,rst cause:1, boot mode:(3,7)

load 0x4010f000, len 1384, room 16 
tail 8
chksum 0x2d
csum 0x2d
v8b899c12
~ld


7.04
 0h00:00.518 1970/01/01T08:00:00z: SPIFFS Active
 0h00:04.194 2026/05/31T08:35:23z: f0:24:f9:c6:8d:8a
 0h00:04.195 2026/05/31T08:35:23z: SSID: TEST-STA
1 BSEC warning code : 100

1 BSEC warning code : 100

 ets Jan  8 2013,rst cause:1, boot mode:(3,7)

load 0x4010f000, len 1384, room 16 
tail 8
chksum 0x2d
csum 0x2d
v8b899c12
~ld


7.04
 0h00:00.477 1970/01/01T08:00:00z: SPIFFS Active
 0h00:04.152 2026/05/31T08:55:05z: f0:24:f9:c6:8d:8a
 0h00:04.154 2026/05/31T08:55:05z: SSID: TEST-STA
1 BSEC warning code : 100

 ets Jan  8 2013,rst cause:1, boot mode:(3,7)

load 0x4010f000, len 1384, room 16 
tail 8
chksum 0x2d
csum 0x2d
v8b899c12
~ld


7.04
 0h00:00.486 1970/01/01T08:00:00z: SPIFFS Active
 0h00:04.162 2026/05/31T09:14:45z: f0:24:f9:c6:8d:8a
 0h00:04.163 2026/05/31T09:14:45z: SSID: TEST-STA
1 BSEC warning code : 100

1 BSEC warning code : 100

 ets Jan  8 2013,rst cause:1, boot mode:(3,7)

load 0x4010f000, len 1384, room 16 
tail 8
chksum 0x2d
csum 0x2d
v8b899c12
~ld


7.04
 0h00:00.524 1970/01/01T08:00:00z: SPIFFS Active
 0h00:04.200 2026/05/31T09:34:26z: f0:24:f9:c6:8d:8a
 0h00:04.202 2026/05/31T09:34:26z: SSID: TEST-STA
1 BSEC warning code : 100

 ets Jan  8 2013,rst cause:1, boot mode:(3,7)

load 0x4010f000, len 1384, room 16 
tail 8
chksum 0x2d
csum 0x2d
v8b899c12
~ld


7.04
 0h00:00.480 1970/01/01T08:00:00z: SPIFFS Active
 0h00:04.157 2026/05/31T09:54:07z: f0:24:f9:c6:8d:8a
 0h00:04.158 2026/05/31T09:54:07z: SSID: TEST-STA
1 BSEC warning code : 100

 ets Jan  8 2013,rst cause:1, boot mode:(3,7)

load 0x4010f000, len 1384, room 16 
tail 8
chksum 0x2d
csum 0x2d
v8b899c12
~ld


7.04
 0h00:00.478 1970/01/01T08:00:00z: SPIFFS Active
 0h00:04.155 2026/05/31T10:13:47z: f0:24:f9:c6:8d:8a
 0h00:04.156 2026/05/31T10:13:47z: SSID: TEST-STA
1 BSEC warning code : 100

 ets Jan  8 2013,rst cause:1, boot mode:(3,7)

load 0x4010f000, len 1384, room 16 
tail 8
chksum 0x2d
csum 0x2d
v8b899c12
~ld


7.04
 0h00:00.476 1970/01/01T08:00:00z: SPIFFS Active
 0h00:04.152 2026/05/31T10:33:28z: f0:24:f9:c6:8d:8a
 0h00:04.154 2026/05/31T10:33:28z: SSID: TEST-STA
1 BSEC warning code : 100

 ets Jan  8 2013,rst cause:1, boot mode:(3,7)

load 0x4010f000, len 1384, room 16 
tail 8
chksum 0x2d
csum 0x2d
v8b899c12
~ld


7.04
 0h00:00.517 1970/01/01T08:00:00z: SPIFFS Active
 0h00:04.193 2026/05/31T10:53:08z: f0:24:f9:c6:8d:8a
 0h00:04.194 2026/05/31T10:53:08z: SSID: TEST-STA
1 BSEC warning code : 100

1 BSEC warning code : 100

 ets Jan  8 2013,rst cause:1, boot mode:(3,7)

load 0x4010f000, len 1384, room 16 
tail 8
chksum 0x2d
csum 0x2d
v8b899c12
~ld


7.04
 0h00:00.484 1970/01/01T08:00:00z: SPIFFS Active
 0h00:04.160 2026/05/31T11:12:50z: f0:24:f9:c6:8d:8a
 0h00:04.162 2026/05/31T11:12:50z: SSID: TEST-STA
1 BSEC warning code : 100

 ets Jan  8 2013,rst cause:1, boot mode:(3,7)

load 0x4010f000, len 1384, room 16 
tail 8
chksum 0x2d
csum 0x2d
v8b899c12
~ld


7.04
 0h00:00.480 1970/01/01T08:00:00z: SPIFFS Active
 0h00:04.157 2026/05/31T11:32:31z: f0:24:f9:c6:8d:8a
 0h00:04.158 2026/05/31T11:32:31z: SSID: TEST-STA
1 BSEC warning code : 100

1 BSEC warning code : 100

 ets Jan  8 2013,rst cause:1, boot mode:(3,7)

load 0x4010f000, len 1384, room 16 
tail 8
chksum 0x2d
csum 0x2d
v8b899c12
~ld


7.04
 0h00:00.475 1970/01/01T08:00:00z: SPIFFS Active
 0h00:04.151 2026/05/31T11:52:12z: f0:24:f9:c6:8d:8a
 0h00:04.153 2026/05/31T11:52:12z: SSID: TEST-STA
1 BSEC warning code : 100

 ets Jan  8 2013,rst cause:1, boot mode:(3,7)

load 0x4010f000, len 1384, room 16 
tail 8
chksum 0x2d
csum 0x2d
v8b899c12
~ld


7.04
 0h00:00.475 1970/01/01T08:00:00z: SPIFFS Active
 0h00:04.152 2026/05/31T12:11:52z: f0:24:f9:c6:8d:8a
 0h00:04.154 2026/05/31T12:11:52z: SSID: TEST-STA
1 BSEC warning code : 100

1 BSEC warning code : 100

 ets Jan  8 2013,rst cause:1, boot mode:(3,7)

load 0x4010f000, len 1384, room 16 
tail 8
chksum 0x2d
csum 0x2d
v8b899c12
~ld


7.04
 0h00:00.513 1970/01/01T08:00:00z: SPIFFS Active
 0h00:04.189 2026/05/31T12:31:34z: f0:24:f9:c6:8d:8a
 0h00:04.191 2026/05/31T12:31:34z: SSID: TEST-STA
1 BSEC warning code : 100

 ets Jan  8 2013,rst cause:1, boot mode:(3,7)

load 0x4010f000, len 1384, room 16 
tail 8
chksum 0x2d
csum 0x2d
v8b899c12
~ld


7.04
 0h00:00.600 1970/01/01T08:00:00z: SPIFFS Active
 0h00:04.276 2026/05/31T12:51:15z: f0:24:f9:c6:8d:8a
 0h00:04.278 2026/05/31T12:51:15z: SSID: TEST-STA
1 BSEC warning code : 100

1 BSEC warning code : 100

 ets Jan  8 2013,rst cause:1, boot mode:(3,7)

load 0x4010f000, len 1384, room 16 
tail 8
chksum 0x2d
csum 0x2d
v8b899c12
~ld


7.04
 0h00:00.486 1970/01/01T08:00:00z: SPIFFS Active
 0h00:04.163 2026/05/31T13:10:55z: f0:24:f9:c6:8d:8a
 0h00:04.164 2026/05/31T13:10:55z: SSID: TEST-STA
1 BSEC warning code : 100

1 BSEC warning code : 100

 ets Jan  8 2013,rst cause:1, boot mode:(3,7)

load 0x4010f000, len 1384, room 16 
tail 8
chksum 0x2d
csum 0x2d
v8b899c12
~ld


7.04
 0h00:00.515 1970/01/01T08:00:00z: SPIFFS Active
 0h00:04.192 2026/05/31T13:30:36z: f0:24:f9:c6:8d:8a
 0h00:04.193 2026/05/31T13:30:36z: SSID: TEST-STA
1 BSEC warning code : 100

 ets Jan  8 2013,rst cause:1, boot mode:(3,7)

load 0x4010f000, len 1384, room 16 
tail 8
chksum 0x2d
csum 0x2d
v8b899c12
~ld


7.04
 0h00:00.477 1970/01/01T08:00:00z: SPIFFS Active
 0h00:04.154 2026/05/31T13:50:16z: f0:24:f9:c6:8d:8a
 0h00:04.155 2026/05/31T13:50:16z: SSID: TEST-STA
1 BSEC warning code : 100

1 BSEC warning code : 100

 ets Jan  8 2013,rst cause:1, boot mode:(3,7)

load 0x4010f000, len 1384, room 16 
tail 8
chksum 0x2d
csum 0x2d
v8b899c12
~ld


7.04
 0h00:00.472 1970/01/01T08:00:00z: SPIFFS Active
 0h00:04.149 2026/05/31T14:09:56z: f0:24:f9:c6:8d:8a
 0h00:04.150 2026/05/31T14:09:56z: SSID: TEST-STA
1 BSEC warning code : 100

 ets Jan  8 2013,rst cause:1, boot mode:(3,7)

load 0x4010f000, len 1384, room 16 
tail 8
chksum 0x2d
csum 0x2d
v8b899c12
~ld


7.04
 0h00:00.467 1970/01/01T08:00:00z: SPIFFS Active
 0h00:04.143 2026/05/31T14:29:37z: f0:24:f9:c6:8d:8a
 0h00:04.145 2026/05/31T14:29:37z: SSID: TEST-STA
1 BSEC warning code : 100

1 BSEC warning code : 100

 ets Jan  8 2013,rst cause:1, boot mode:(3,7)

load 0x4010f000, len 1384, room 16 
tail 8
chksum 0x2d
csum 0x2d
v8b899c12
~ld


7.04
 0h00:00.479 1970/01/01T08:00:00z: SPIFFS Active
 0h00:04.156 2026/05/31T14:49:19z: f0:24:f9:c6:8d:8a
 0h00:04.157 2026/05/31T14:49:19z: SSID: TEST-STA
1 BSEC warning code : 100

1 BSEC warning code : 100

 ets Jan  8 2013,rst cause:1, boot mode:(3,7)

load 0x4010f000, len 1384, room 16 
tail 8
chksum 0x2d
csum 0x2d
v8b899c12
~ld


7.04
 0h00:00.474 1970/01/01T08:00:00z: SPIFFS Active
 0h00:04.151 2026/05/31T15:08:59z: f0:24:f9:c6:8d:8a
 0h00:04.152 2026/05/31T15:08:59z: SSID: TEST-STA
1 BSEC warning code : 100

 ets Jan  8 2013,rst cause:1, boot mode:(3,7)

load 0x4010f000, len 1384, room 16 
tail 8
chksum 0x2d
csum 0x2d
v8b899c12
~ld


7.04
 0h00:00.471 1970/01/01T08:00:00z: SPIFFS Active
 0h00:04.147 2026/05/31T15:28:40z: f0:24:f9:c6:8d:8a
 0h00:04.149 2026/05/31T15:28:40z: SSID: TEST-STA
1 BSEC warning code : 100

 ets Jan  8 2013,rst cause:1, boot mode:(3,7)

load 0x4010f000, len 1384, room 16 
tail 8
chksum 0x2d
csum 0x2d
v8b899c12
~ld


7.04
 0h00:00.472 1970/01/01T08:00:00z: SPIFFS Active
 0h00:04.148 2026/05/31T15:48:21z: f0:24:f9:c6:8d:8a
 0h00:04.150 2026/05/31T15:48:21z: SSID: TEST-STA
1 BSEC warning code : 100

1 BSEC warning code : 100

 ets Jan  8 2013,rst cause:1, boot mode:(3,7)

load 0x4010f000, len 1384, room 16 
tail 8
chksum 0x2d
csum 0x2d
v8b899c12
~ld


7.04
 0h00:00.469 1970/01/01T08:00:00z: SPIFFS Active
 0h00:04.145 2026/05/31T16:08:00z: f0:24:f9:c6:8d:8a
 0h00:04.147 2026/05/31T16:08:00z: SSID: TEST-STA
1 BSEC warning code : 100

1 BSEC warning code : 100

 ets Jan  8 2013,rst cause:1, boot mode:(3,7)

load 0x4010f000, len 1384, room 16 
tail 8
chksum 0x2d
csum 0x2d
v8b899c12
~ld


7.04
 0h00:00.505 1970/01/01T08:00:00z: SPIFFS Active
 0h00:04.182 2026/05/31T16:27:42z: f0:24:f9:c6:8d:8a
 0h00:04.183 2026/05/31T16:27:42z: SSID: TEST-STA
1 BSEC warning code : 100

1 BSEC warning code : 100

 ets Jan  8 2013,rst cause:1, boot mode:(3,7)

load 0x4010f000, len 1384, room 16 
tail 8
chksum 0x2d
csum 0x2d
v8b899c12
~ld


7.04
 0h00:00.464 1970/01/01T08:00:00z: SPIFFS Active
 0h00:04.141 2026/05/31T16:47:23z: f0:24:f9:c6:8d:8a
 0h00:04.143 2026/05/31T16:47:23z: SSID: TEST-STA
1 BSEC warning code : 100

 ets Jan  8 2013,rst cause:1, boot mode:(3,7)

load 0x4010f000, len 1384, room 16 
tail 8
chksum 0x2d
csum 0x2d
v8b899c12
~ld


7.04
 0h00:00.506 1970/01/01T08:00:00z: SPIFFS Active
 0h00:04.182 2026/05/31T17:07:03z: f0:24:f9:c6:8d:8a
 0h00:04.184 2026/05/31T17:07:03z: SSID: TEST-STA
1 BSEC warning code : 100

 ets Jan  8 2013,rst cause:1, boot mode:(3,7)

load 0x4010f000, len 1384, room 16 
tail 8
chksum 0x2d
csum 0x2d
v8b899c12
~ld


7.04
 0h00:00.512 1970/01/01T08:00:00z: SPIFFS Active
 0h00:04.189 2026/05/31T17:26:44z: f0:24:f9:c6:8d:8a
 0h00:04.191 2026/05/31T17:26:44z: SSID: TEST-STA
1 BSEC warning code : 100

 ets Jan  8 2013,rst cause:1, boot mode:(3,7)

load 0x4010f000, len 1384, room 16 
tail 8
chksum 0x2d
csum 0x2d
v8b899c12
~ld


7.04
 0h00:00.544 1970/01/01T08:00:00z: SPIFFS Active
 0h00:04.221 2026/05/31T17:46:25z: f0:24:f9:c6:8d:8a
 0h00:04.222 2026/05/31T17:46:25z: SSID: TEST-STA
1 BSEC warning code : 100

 ets Jan  8 2013,rst cause:1, boot mode:(3,7)

load 0x4010f000, len 1384, room 16 
tail 8
chksum 0x2d
csum 0x2d
v8b899c12
~ld


7.04
 0h00:00.474 1970/01/01T08:00:00z: SPIFFS Active
 0h00:04.151 2026/05/31T18:06:05z: f0:24:f9:c6:8d:8a
 0h00:04.152 2026/05/31T18:06:05z: SSID: TEST-STA
1 BSEC warning code : 100

 ets Jan  8 2013,rst cause:1, boot mode:(3,7)

load 0x4010f000, len 1384, room 16 
tail 8
chksum 0x2d
csum 0x2d
v8b899c12
~ld


7.04
 0h00:00.462 1970/01/01T08:00:00z: SPIFFS Active
 0h00:04.139 2026/05/31T18:25:46z: f0:24:f9:c6:8d:8a
 0h00:04.140 2026/05/31T18:25:46z: SSID: TEST-STA
1 BSEC warning code : 100

1 BSEC warning code : 100

 ets Jan  8 2013,rst cause:1, boot mode:(3,7)

load 0x4010f000, len 1384, room 16 
tail 8
chksum 0x2d
csum 0x2d
v8b899c12
~ld


7.04
 0h00:00.512 1970/01/01T08:00:00z: SPIFFS Active
 0h00:04.190 2026/05/31T18:45:27z: f0:24:f9:c6:8d:8a
 0h00:04.191 2026/05/31T18:45:27z: SSID: TEST-STA
1 BSEC warning code : 100

 ets Jan  8 2013,rst cause:1, boot mode:(3,7)

load 0x4010f000, len 1384, room 16 
tail 8
chksum 0x2d
csum 0x2d
v8b899c12
~ld


7.04
 0h00:00.508 1970/01/01T08:00:00z: SPIFFS Active
 0h00:04.186 2026/05/31T19:05:07z: f0:24:f9:c6:8d:8a
 0h00:04.187 2026/05/31T19:05:07z: SSID: TEST-STA
1 BSEC warning code : 100

 ets Jan  8 2013,rst cause:1, boot mode:(3,7)

load 0x4010f000, len 1384, room 16 
tail 8
chksum 0x2d
csum 0x2d
v8b899c12
~ld


7.04
 0h00:00.464 1970/01/01T08:00:00z: SPIFFS Active
 0h00:04.141 2026/05/31T19:24:48z: f0:24:f9:c6:8d:8a
 0h00:04.142 2026/05/31T19:24:48z: SSID: TEST-STA
1 BSEC warning code : 100

 ets Jan  8 2013,rst cause:1, boot mode:(3,7)

load 0x4010f000, len 1384, room 16 
tail 8
chksum 0x2d
csum 0x2d
v8b899c12
~ld


7.04
 0h00:00.492 1970/01/01T08:00:00z: SPIFFS Active
 0h00:04.169 2026/05/31T19:44:29z: f0:24:f9:c6:8d:8a
 0h00:04.170 2026/05/31T19:44:29z: SSID: TEST-STA
1 BSEC warning code : 100

 ets Jan  8 2013,rst cause:1, boot mode:(3,7)

load 0x4010f000, len 1384, room 16 
tail 8
chksum 0x2d
csum 0x2d
v8b899c12
~ld


7.04
 0h00:00.467 1970/01/01T08:00:00z: SPIFFS Active
 0h00:04.144 2026/05/31T20:04:09z: f0:24:f9:c6:8d:8a
 0h00:04.146 2026/05/31T20:04:09z: SSID: TEST-STA
1 BSEC warning code : 100

 ets Jan  8 2013,rst cause:1, boot mode:(3,7)

load 0x4010f000, len 1384, room 16 
tail 8
chksum 0x2d
csum 0x2d
v8b899c12
~ld


7.04
 0h00:00.489 1970/01/01T08:00:00z: SPIFFS Active
 0h00:04.166 2026/05/31T20:23:50z: f0:24:f9:c6:8d:8a
 0h00:04.168 2026/05/31T20:23:50z: SSID: TEST-STA
1 BSEC warning code : 100

1 BSEC warning code : 100

 ets Jan  8 2013,rst cause:1, boot mode:(3,7)

load 0x4010f000, len 1384, room 16 
tail 8
chksum 0x2d
csum 0x2d
v8b899c12
~ld


7.04
 0h00:00.495 1970/01/01T08:00:00z: SPIFFS Active
 0h00:04.172 2026/05/31T20:43:31z: f0:24:f9:c6:8d:8a
 0h00:04.174 2026/05/31T20:43:31z: SSID: TEST-STA
1 BSEC warning code : 100

 ets Jan  8 2013,rst cause:1, boot mode:(3,7)

load 0x4010f000, len 1384, room 16 
tail 8
chksum 0x2d
csum 0x2d
v8b899c12
~ld


7.04
 0h00:00.465 1970/01/01T08:00:00z: SPIFFS Active
 0h00:04.142 2026/05/31T21:03:12z: f0:24:f9:c6:8d:8a
 0h00:04.144 2026/05/31T21:03:12z: SSID: TEST-STA
1 BSEC warning code : 100

 ets Jan  8 2013,rst cause:1, boot mode:(3,7)

load 0x4010f000, len 1384, room 16 
tail 8
chksum 0x2d
csum 0x2d
v8b899c12
~ld


7.04
 0h00:00.495 1970/01/01T08:00:00z: SPIFFS Active
 0h00:04.173 2026/05/31T21:22:53z: f0:24:f9:c6:8d:8a
 0h00:04.174 2026/05/31T21:22:53z: SSID: TEST-STA
1 BSEC warning code : 100

 ets Jan  8 2013,rst cause:1, boot mode:(3,7)

load 0x4010f000, len 1384, room 16 
tail 8
chksum 0x2d
csum 0x2d
v8b899c12
~ld


7.04
 0h00:00.466 1970/01/01T08:00:00z: SPIFFS Active
 0h00:04.143 2026/05/31T21:42:33z: f0:24:f9:c6:8d:8a
 0h00:04.144 2026/05/31T21:42:33z: SSID: TEST-STA
1 BSEC warning code : 100

1 BSEC warning code : 100

 ets Jan  8 2013,rst cause:1, boot mode:(3,7)

load 0x4010f000, len 1384, room 16 
tail 8
chksum 0x2d
csum 0x2d
v8b899c12
~ld


7.04
 0h00:00.465 1970/01/01T08:00:00z: SPIFFS Active
 0h00:04.142 2026/05/31T22:02:14z: f0:24:f9:c6:8d:8a
 0h00:04.144 2026/05/31T22:02:14z: SSID: TEST-STA
1 BSEC warning code : 100

1 BSEC warning code : 100

 ets Jan  8 2013,rst cause:1, boot mode:(3,7)

load 0x4010f000, len 1384, room 16 
tail 8
chksum 0x2d
csum 0x2d
v8b899c12
~ld


7.04
 0h00:00.498 1970/01/01T08:00:00z: SPIFFS Active
 0h00:04.175 2026/05/31T22:21:54z: f0:24:f9:c6:8d:8a
 0h00:04.177 2026/05/31T22:21:54z: SSID: TEST-STA
1 BSEC warning code : 100

1 BSEC warning code : 100

 ets Jan  8 2013,rst cause:1, boot mode:(3,7)

load 0x4010f000, len 1384, room 16 
tail 8
chksum 0x2d
csum 0x2d
v8b899c12
~ld


7.04
 0h00:00.503 1970/01/01T08:00:00z: SPIFFS Active
 0h00:04.180 2026/05/31T22:41:35z: f0:24:f9:c6:8d:8a
 0h00:04.181 2026/05/31T22:41:35z: SSID: TEST-STA
1 BSEC warning code : 100

 ets Jan  8 2013,rst cause:1, boot mode:(3,7)

load 0x4010f000, len 1384, room 16 
tail 8
chksum 0x2d
csum 0x2d
v8b899c12
~ld


7.04
 0h00:00.496 1970/01/01T08:00:00z: SPIFFS Active
 0h00:04.173 2026/05/31T23:01:16z: f0:24:f9:c6:8d:8a
 0h00:04.175 2026/05/31T23:01:16z: SSID: TEST-STA
1 BSEC warning code : 100

 ets Jan  8 2013,rst cause:1, boot mode:(3,7)

load 0x4010f000, len 1384, room 16 
tail 8
chksum 0x2d
csum 0x2d
v8b899c12
~ld


7.04
 0h00:00.467 1970/01/01T08:00:00z: SPIFFS Active
 0h00:04.144 2026/05/31T23:20:56z: f0:24:f9:c6:8d:8a
 0h00:04.146 2026/05/31T23:20:56z: SSID: TEST-STA
1 BSEC warning code : 100

 ets Jan  8 2013,rst cause:1, boot mode:(3,7)

load 0x4010f000, len 1384, room 16 
tail 8
chksum 0x2d
csum 0x2d
v8b899c12
~ld


7.04
 0h00:00.456 1970/01/01T08:00:00z: SPIFFS Active
 0h00:04.134 2026/05/31T23:40:37z: f0:24:f9:c6:8d:8a
 0h00:04.135 2026/05/31T23:40:37z: SSID: TEST-STA
1 BSEC warning code : 100

1 BSEC warning code : 100
