
1 BSEC warning code : 100

 ets Jan  8 2013,rst cause:1, boot mode:(3,7)

load 0x4010f000, len 1384, room 16 
tail 8
chksum 0x2d
csum 0x2d
v8b899c12
~ld


7.04
 0h00:00.507 1970/01/01T08:00:00z: SPIFFS Active
 0h00:04.183 2026/05/16T00:17:56z: f0:24:f9:c6:bd:e0
 0h00:04.184 2026/05/16T00:17:56z: SSID: that iPhone
1 BSEC warning code : 100

1 BSEC warning code : 100

 ets Jan  8 2013,rst cause:1, boot mode:(3,7)

load 0x4010f000, len 1384, room 16 
tail 8
chksum 0x2d
csum 0x2d
v8b899c12
~ld


7.04
 0h00:00.516 1970/01/01T08:00:00z: SPIFFS Active
 0h00:04.191 2026/05/16T00:37:37z: f0:24:f9:c6:bd:e0
 0h00:04.193 2026/05/16T00:37:37z: SSID: that iPhone
1 BSEC warning code : 100

 ets Jan  8 2013,rst cause:1, boot mode:(3,7)

load 0x4010f000, len 1384, room 16 
tail 8
chksum 0x2d
csum 0x2d
v8b899c12
~ld


7.04
 0h00:00.511 1970/01/01T08:00:00z: SPIFFS Active
 0h00:04.187 2026/05/16T00:57:18z: f0:24:f9:c6:bd:e0
 0h00:04.188 2026/05/16T00:57:18z: SSID: that iPhone
1 BSEC warning code : 100

 ets Jan  8 2013,rst cause:1, boot mode:(3,7)

load 0x4010f000, len 1384, room 16 
tail 8
chksum 0x2d
csum 0x2d
v8b899c12
~ld


7.04
 0h00:00.594 1970/01/01T08:00:00z: SPIFFS Active
 0h00:04.270 2026/05/16T01:16:59z: f0:24:f9:c6:bd:e0
 0h00:04.272 2026/05/16T01:16:59z: SSID: that iPhone
1 BSEC warning code : 100

 ets Jan  8 2013,rst cause:1, boot mode:(3,7)

load 0x4010f000, len 1384, room 16 
tail 8
chksum 0x2d
csum 0x2d
v8b899c12
~ld


7.04
 0h00:00.552 1970/01/01T08:00:00z: SPIFFS Active
 0h00:04.228 2026/05/16T01:36:39z: f0:24:f9:c6:bd:e0
 0h00:04.229 2026/05/16T01:36:39z: SSID: that iPhone
1 BSEC warning code : 100

 ets Jan  8 2013,rst cause:1, boot mode:(3,7)

load 0x4010f000, len 1384, room 16 
tail 8
chksum 0x2d
csum 0x2d
v8b899c12
~ld


7.04
 0h00:00.499 1970/01/01T08:00:00z: SPIFFS Active
 0h00:04.174 2026/05/16T01:56:20z: f0:24:f9:c6:bd:e0
 0h00:04.176 2026/05/16T01:56:20z: SSID: that iPhone
1 BSEC warning code : 100

1 BSEC warning code : 100

 ets Jan  8 2013,rst cause:1, boot mode:(3,7)

load 0x4010f000, len 1384, room 16 
tail 8
chksum 0x2d
csum 0x2d
v8b899c12
~ld


7.04
 0h00:00.655 1970/01/01T08:00:00z: SPIFFS Active
 0h00:04.331 2026/05/16T02:16:01z: f0:24:f9:c6:bd:e0
 0h00:04.332 2026/05/16T02:16:01z: SSID: that iPhone
1 BSEC warning code : 100

 ets Jan  8 2013,rst cause:1, boot mode:(3,7)

load 0x4010f000, len 1384, room 16 
tail 8
chksum 0x2d
csum 0x2d
v8b899c12
~ld


7.04
 0h00:00.510 1970/01/01T08:00:00z: SPIFFS Active
 0h00:04.186 2026/05/16T02:35:41z: f0:24:f9:c6:bd:e0
 0h00:04.187 2026/05/16T02:35:41z: SSID: that iPhone
1 BSEC warning code : 100

1 BSEC warning code : 100

 ets Jan  8 2013,rst cause:1, boot mode:(3,7)

load 0x4010f000, len 1384, room 16 
tail 8
chksum 0x2d
csum 0x2d
v8b899c12
~ld


7.04
 0h00:00.503 1970/01/01T08:00:00z: SPIFFS Active
 0h00:04.179 2026/05/16T02:55:21z: f0:24:f9:c6:bd:e0
 0h00:04.180 2026/05/16T02:55:21z: SSID: that iPhone
1 BSEC warning code : 100

 ets Jan  8 2013,rst cause:1, boot mode:(3,7)

load 0x4010f000, len 1384, room 16 
tail 8
chksum 0x2d
csum 0x2d
v8b899c12
~ld


7.04
 0h00:00.507 1970/01/01T08:00:00z: SPIFFS Active
 0h00:04.182 2026/05/16T03:15:02z: f0:24:f9:c6:bd:e0
 0h00:04.184 2026/05/16T03:15:02z: SSID: that iPhone
1 BSEC warning code : 100

1 BSEC warning code : 100

 ets Jan  8 2013,rst cause:1, boot mode:(3,7)

load 0x4010f000, len 1384, room 16 
tail 8
chksum 0x2d
csum 0x2d
v8b899c12
~ld


7.04
 0h00:00.550 1970/01/01T08:00:00z: SPIFFS Active
 0h00:04.225 2026/05/16T03:34:43z: f0:24:f9:c6:bd:e0
 0h00:04.226 2026/05/16T03:34:43z: SSID: that iPhone
1 BSEC warning code : 100

1 BSEC warning code : 100

 ets Jan  8 2013,rst cause:1, boot mode:(3,7)

load 0x4010f000, len 1384, room 16 
tail 8
chksum 0x2d
csum 0x2d
v8b899c12
~ld


7.04
 0h00:00.505 1970/01/01T08:00:00z: SPIFFS Active
 0h00:04.180 2026/05/16T03:54:24z: f0:24:f9:c6:bd:e0
 0h00:04.182 2026/05/16T03:54:24z: SSID: that iPhone
1 BSEC warning code : 100

 ets Jan  8 2013,rst cause:1, boot mode:(3,7)

load 0x4010f000, len 1384, room 16 
tail 8
chksum 0x2d
csum 0x2d
v8b899c12
~ld


7.04
 0h00:00.553 1970/01/01T08:00:00z: SPIFFS Active
 0h00:04.229 2026/05/16T04:14:04z: f0:24:f9:c6:bd:e0
 0h00:04.230 2026/05/16T04:14:04z: SSID: that iPhone
1 BSEC warning code : 100

1 BSEC warning code : 100

 ets Jan  8 2013,rst cause:1, boot mode:(3,7)

load 0x4010f000, len 1384, room 16 
tail 8
chksum 0x2d
csum 0x2d
v8b899c12
~ld


7.04
 0h00:00.507 1970/01/01T08:00:00z: SPIFFS Active
 0h00:04.183 2026/05/16T04:33:45z: f0:24:f9:c6:bd:e0
 0h00:04.184 2026/05/16T04:33:45z: SSID: that iPhone
1 BSEC warning code : 100

 ets Jan  8 2013,rst cause:1, boot mode:(3,7)

load 0x4010f000, len 1384, room 16 
tail 8
chksum 0x2d
csum 0x2d
v8b899c12
~ld


7.04
 0h00:00.505 1970/01/01T08:00:00z: SPIFFS Active
 0h00:04.181 2026/05/16T04:53:26z: f0:24:f9:c6:bd:e0
 0h00:04.182 2026/05/16T04:53:26z: SSID: that iPhone
1 BSEC warning code : 100

 ets Jan  8 2013,rst cause:1, boot mode:(3,7)

load 0x4010f000, len 1384, room 16 
tail 8
chksum 0x2d
csum 0x2d
v8b899c12
~ld


7.04
 0h00:00.500 1970/01/01T08:00:00z: SPIFFS Active
 0h00:04.176 2026/05/16T05:13:07z: f0:24:f9:c6:bd:e0
 0h00:04.178 2026/05/16T05:13:07z: SSID: that iPhone
1 BSEC warning code : 100

1 BSEC warning code : 100

 ets Jan  8 2013,rst cause:1, boot mode:(3,7)

load 0x4010f000, len 1384, room 16 
tail 8
chksum 0x2d
csum 0x2d
v8b899c12
~ld


7.04
 0h00:00.506 1970/01/01T08:00:00z: SPIFFS Active
 0h00:04.182 2026/05/16T05:32:47z: f0:24:f9:c6:bd:e0
 0h00:04.183 2026/05/16T05:32:47z: SSID: that iPhone
1 BSEC warning code : 100

 ets Jan  8 2013,rst cause:1, boot mode:(3,7)

load 0x4010f000, len 1384, room 16 
tail 8
chksum 0x2d
csum 0x2d
v8b899c12
~ld


7.04
 0h00:00.543 1970/01/01T08:00:00z: SPIFFS Active
 0h00:04.219 2026/05/16T05:52:28z: f0:24:f9:c6:bd:e0
 0h00:04.221 2026/05/16T05:52:28z: SSID: that iPhone
1 BSEC warning code : 100

 ets Jan  8 2013,rst cause:1, boot mode:(3,7)

load 0x4010f000, len 1384, room 16 
tail 8
chksum 0x2d
csum 0x2d
v8b899c12
~ld


7.04
 0h00:00.504 1970/01/01T08:00:00z: SPIFFS Active
 0h00:04.180 2026/05/16T06:12:09z: f0:24:f9:c6:bd:e0
 0h00:04.182 2026/05/16T06:12:09z: SSID: that iPhone
1 BSEC warning code : 100

1 BSEC warning code : 100

 ets Jan  8 2013,rst cause:1, boot mode:(3,7)

load 0x4010f000, len 1384, room 16 
tail 8
chksum 0x2d
csum 0x2d
v8b899c12
~ld


7.04
 0h00:00.506 1970/01/01T08:00:00z: SPIFFS Active
 0h00:04.182 2026/05/16T06:31:49z: f0:24:f9:c6:bd:e0
 0h00:04.183 2026/05/16T06:31:49z: SSID: that iPhone
1 BSEC warning code : 100

1 BSEC warning code : 100

 ets Jan  8 2013,rst cause:1, boot mode:(3,7)

load 0x4010f000, len 1384, room 16 
tail 8
chksum 0x2d
csum 0x2d
v8b899c12
~ld


7.04
 0h00:00.511 1970/01/01T08:00:00z: SPIFFS Active
 0h00:04.187 2026/05/16T06:51:30z: f0:24:f9:c6:bd:e0
 0h00:04.189 2026/05/16T06:51:30z: SSID: that iPhone
1 BSEC warning code : 100

 ets Jan  8 2013,rst cause:1, boot mode:(3,7)

load 0x4010f000, len 1384, room 16 
tail 8
chksum 0x2d
csum 0x2d
v8b899c12
~ld


7.04
 0h00:00.509 1970/01/01T08:00:00z: SPIFFS Active
 0h00:04.185 2026/05/16T07:11:11z: f0:24:f9:c6:bd:e0
 0h00:04.186 2026/05/16T07:11:11z: SSID: that iPhone
1 BSEC warning code : 100

 ets Jan  8 2013,rst cause:1, boot mode:(3,7)

load 0x4010f000, len 1384, room 16 
tail 8
chksum 0x2d
csum 0x2d
v8b899c12
~ld


7.04
 0h00:00.503 1970/01/01T08:00:00z: SPIFFS Active
 0h00:04.179 2026/05/16T07:30:51z: f0:24:f9:c6:bd:e0
 0h00:04.181 2026/05/16T07:30:51z: SSID: that iPhone
1 BSEC warning code : 100

 ets Jan  8 2013,rst cause:1, boot mode:(3,7)

load 0x4010f000, len 1384, room 16 
tail 8
chksum 0x2d
csum 0x2d
v8b899c12
~ld


7.04
 0h00:00.512 1970/01/01T08:00:00z: SPIFFS Active
 0h00:04.188 2026/05/16T07:50:31z: f0:24:f9:c6:bd:e0
 0h00:04.190 2026/05/16T07:50:31z: SSID: that iPhone
1 BSEC warning code : 100

1 BSEC warning code : 100

 ets Jan  8 2013,rst cause:1, boot mode:(3,7)

load 0x4010f000, len 1384, room 16 
tail 8
chksum 0x2d
csum 0x2d
v8b899c12
~ld


7.04
 0h00:00.507 1970/01/01T08:00:00z: SPIFFS Active
 0h00:04.183 2026/05/16T08:10:12z: f0:24:f9:c6:bd:e0
 0h00:04.184 2026/05/16T08:10:12z: SSID: that iPhone
 0h00:12.999 2026/05/16T08:10:21z: PMSX003-A (1422ms)
 0h00:14.250 2026/05/16T08:10:23z: PMSX003-B (1249ms)
 0h00:14.252 2026/05/16T08:10:23z: 3.0+RV3028+BME68X+KX122+PMSX003-A+PMSX003-B
 0h00:15.274 2026/05/16T08:10:24z: p:1017.93 gasR:2235807.75 iaq:73.25(0) T:9.21(12.20) H:79.86(46.91) sIaq:82.77(0) Stabilization:1 Run in:0
 0h00:15.591 2026/05/16T08:10:24z: DATA A(2),48,79,42,1017.93,4.83,26432,0,15,0,2,2,0,2,2,8,8,249,72,15,3,0,0,82.77
 0h00:16.273 2026/05/16T08:10:25z: p:1018.06 gasR:2259862.00 iaq:73.25(0) T:9.56(15.16) H:78.01(47.41) sIaq:82.77(0) Stabilization:1 Run in:0
 0h00:16.426 2026/05/16T08:10:25z: DATA A(3),49,78,42,1018.06,4.83,26432,0,16,0,2,2,0,2,2,8,8,249,72,15,3,0,0,82.77
 0h00:17.274 2026/05/16T08:10:26z: p:1018.06 gasR:2252405.75 iaq:73.25(0) T:10.12(15.72) H:74.32(47.26) sIaq:82.77(0) Stabilization:1 Run in:0
 0h00:17.333 2026/05/16T08:10:26z: DATA A(4),50,74,42,1018.06,4.83,26432,0,17,0,2,2,0,2,2,8,8,234,69,16,4,0,0,82.77
 0h00:18.174 2026/05/16T08:10:26z: DATA A(5),50,74,42,1018.06,4.84,26432,0,18,0,2,2,0,2,2,8,8,234,69,16,4,0,0,82.77
 0h00:18.273 2026/05/16T08:10:27z: p:1018.14 gasR:2274923.75 iaq:73.25(0) T:10.33(15.93) H:72.24(46.84) sIaq:82.77(0) Stabilization:1 Run in:0
 0h00:19.004 2026/05/16T08:10:27z: DATA A(6),50,72,41,1018.14,4.84,26432,0,19,0,2,2,0,2,2,8,8,234,69,16,4,0,0,82.77
 0h00:19.274 2026/05/16T08:10:28z: p:1018.11 gasR:2265486.75 iaq:73.25(0) T:10.47(16.07) H:70.64(46.44) sIaq:82.77(0) Stabilization:1 Run in:0
 0h00:20.274 2026/05/16T08:10:29z: p:1017.95 gasR:2256127.75 iaq:73.25(0) T:10.56(16.16) H:69.35(46.03) sIaq:82.77(0) Stabilization:1 Run in:0
 0h00:21.148 2026/05/16T08:10:29z: DATA B(2),51,69,41,1017.95,4.84,26432,0,21,0,0,2,0,0,2,0,0,216,59,7,2,2,2,82.77
 0h00:21.273 2026/05/16T08:10:30z: p:1018.08 gasR:2263608.75 iaq:73.25(0) T:10.63(16.23) H:68.31(45.69) sIaq:82.77(0) Stabilization:1 Run in:0
 0h00:21.982 2026/05/16T08:10:30z: DATA B(3),51,68,40,1018.08,4.84,26432,0,21,0,0,2,0,0,2,0,0,216,59,7,2,2,2,82.77
 0h00:22.273 2026/05/16T08:10:31z: p:1018.12 gasR:2280623.50 iaq:73.25(0) T:10.67(16.27) H:67.46(45.37) sIaq:82.77(0) Stabilization:1 Run in:0
 0h00:22.887 2026/05/16T08:10:31z: DATA B(4),51,67,40,1018.12,4.84,26432,0,22,1,1,2,1,1,2,4,4,291,76,8,2,2,2,82.77
 0h00:23.273 2026/05/16T08:10:32z: p:1018.12 gasR:2273030.00 iaq:73.25(0) T:10.71(16.31) H:66.73(45.10) sIaq:82.77(0) Stabilization:1 Run in:0
 0h00:23.722 2026/05/16T08:10:32z: DATA B(5),51,66,40,1018.12,4.83,26432,0,23,1,1,2,1,1,2,4,4,291,76,8,2,2,2,82.77
 0h00:24.275 2026/05/16T08:10:33z: p:1018.04 gasR:2278720.50 iaq:73.25(0) T:10.73(16.33) H:66.12(44.85) sIaq:82.77(0) Stabilization:1 Run in:0
 0h00:24.556 2026/05/16T08:10:33z: DATA B(6),51,66,40,1018.04,4.84,26432,0,24,1,1,2,1,1,2,4,4,291,76,8,2,2,2,82.77
 0h00:25.274 2026/05/16T08:10:34z: p:1018.05 gasR:2274923.75 iaq:73.25(0) T:10.75(16.35) H:65.63(44.64) sIaq:82.77(0) Stabilization:1 Run in:0
 0h00:25.902 2026/05/16T08:10:34z: DATA A(7),51,65,39,1018.05,4.84,26248,0,25,0,2,2,0,2,2,8,8,198,59,15,4,0,0,82.77
 0h00:26.274 2026/05/16T08:10:35z: p:1018.06 gasR:2286352.25 iaq:73.25(0) T:10.79(16.39) H:65.12(44.47) sIaq:82.77(0) Stabilization:1 Run in:0
 0h00:26.737 2026/05/16T08:10:35z: DATA A(8),51,65,39,1018.06,4.82,26432,0,26,0,2,2,0,2,2,8,8,198,59,15,4,0,0,82.77
 0h00:27.274 2026/05/16T08:10:36z: p:1018.10 gasR:2284439.50 iaq:73.25(0) T:10.81(16.41) H:64.69(44.30) sIaq:82.77(0) Stabilization:1 Run in:0
 0h00:27.644 2026/05/16T08:10:36z: DATA A(9),51,64,39,1018.10,4.79,26432,0,27,0,1,1,0,1,1,4,4,192,56,15,3,0,0,82.77
 0h00:28.274 2026/05/16T08:10:37z: p:1018.10 gasR:2297896.25 iaq:73.25(0) T:10.83(16.43) H:64.34(44.16) sIaq:82.77(0) Stabilization:1 Run in:0
 0h00:28.479 2026/05/16T08:10:37z: DATA A(10),51,64,39,1018.10,4.83,26432,0,28,0,1,1,0,1,1,4,4,192,56,15,3,0,0,82.77
 0h00:29.275 2026/05/16T08:10:38z: p:1018.12 gasR:2295964.25 iaq:73.25(0) T:10.86(16.46) H:63.99(44.04) sIaq:82.77(0) Stabilization:1 Run in:0
 0h00:29.315 2026/05/16T08:10:38z: DATA A(11),51,63,39,1018.12,4.85,26432,0,29,0,1,1,0,1,1,4,4,192,56,15,3,0,0,82.77
 0h00:29.683 2026/05/16T08:10:38z: DATA B(7),51,63,39,1018.12,4.81,26432,0,29,0,2,2,1,1,2,8,4,291,76,8,2,2,2,82.77
 0h00:30.274 2026/05/16T08:10:39z: p:1018.10 gasR:2276820.50 iaq:73.25(0) T:10.88(16.48) H:63.73(43.94) sIaq:82.77(0) Stabilization:1 Run in:0
 0h00:30.606 2026/05/16T08:10:39z: DATA B(8),51,63,39,1018.10,4.82,26432,0,30,0,1,2,0,1,2,4,4,243,65,7,2,2,2,82.77
 0h00:31.275 2026/05/16T08:10:40z: p:1018.10 gasR:2303712.00 iaq:73.25(0) T:10.92(16.52) H:63.40(43.86) sIaq:82.77(0) Stabilization:1 Run in:0
 0h00:31.441 2026/05/16T08:10:40z: DATA B(9),51,63,39,1018.10,4.84,26432,0,31,0,1,2,0,1,2,4,4,243,65,7,2,2,2,82.77
 0h00:32.275 2026/05/16T08:10:41z: DATA B(10),51,63,39,1018.10,4.84,26432,0,32,0,1,2,0,1,2,4,4,243,65,7,2,2,2,82.77
 0h00:32.294 2026/05/16T08:10:41z: p:1018.11 gasR:2286352.25 iaq:73.25(0) T:11.09(16.56) H:62.52(43.75) sIaq:82.77(0) Stabilization:1 Run in:0
 0h00:33.180 2026/05/16T08:10:41z: DATA B(11),51,62,38,1018.11,4.84,26432,0,33,0,1,2,0,1,2,4,4,252,68,6,2,2,2,82.77
 0h00:33.294 2026/05/16T08:10:42z: p:1018.12 gasR:2282530.00 iaq:73.26(0) T:10.84(16.44) H:63.40(43.66) sIaq:82.77(0) Stabilization:1 Run in:0
 0h00:34.014 2026/05/16T08:10:42z: DATA B(12),51,63,39,1018.12,4.83,26432,0,34,0,1,2,0,1,2,4,4,252,68,6,2,2,2,82.77
 0h00:34.293 2026/05/16T08:10:43z: p:1018.07 gasR:2284439.50 iaq:73.26(0) T:10.97(16.58) H:62.76(43.62) sIaq:82.78(0) Stabilization:1 Run in:0
 0h00:35.293 2026/05/16T08:10:44z: p:1018.09 gasR:2290187.25 iaq:73.26(0) T:11.02(16.62) H:62.53(43.58) sIaq:82.78(0) Stabilization:1 Run in:0
 0h00:36.213 2026/05/16T08:10:45z: DATA A(12),51,62,38,1018.09,4.84,26432,0,36,0,1,2,0,1,2,4,4,207,58,18,3,1,1,82.78
 0h00:36.293 2026/05/16T08:10:45z: p:1018.07 gasR:2301770.25 iaq:73.26(0) T:11.03(16.63) H:62.42(43.51) sIaq:82.78(0) Stabilization:1 Run in:0
 0h00:37.048 2026/05/16T08:10:45z: DATA A(13),51,62,38,1018.07,4.83,26432,0,37,0,1,2,0,1,2,4,4,207,58,18,3,1,1,82.78
 0h00:37.293 2026/05/16T08:10:46z: p:1018.08 gasR:2299831.50 iaq:73.26(0) T:11.05(16.65) H:62.28(43.46) sIaq:82.78(0) Stabilization:1 Run in:0
 0h00:37.955 2026/05/16T08:10:46z: DATA A(14),51,62,38,1018.08,4.81,26432,0,37,0,1,2,0,1,2,4,4,234,68,19,3,1,1,82.78
 0h00:38.293 2026/05/16T08:10:47z: p:1018.11 gasR:2294035.25 iaq:73.26(0) T:11.07(16.67) H:62.17(43.42) sIaq:82.78(0) Stabilization:1 Run in:0
 0h00:38.791 2026/05/16T08:10:47z: DATA A(15),51,62,38,1018.11,4.84,26432,0,38,0,1,2,0,1,2,4,4,234,68,19,3,1,1,82.78
 0h00:39.293 2026/05/16T08:10:48z: p:1018.08 gasR:2295964.25 iaq:73.26(0) T:11.08(16.68) H:62.10(43.38) sIaq:82.78(0) Stabilization:1 Run in:0
 0h00:39.626 2026/05/16T08:10:48z: DATA A(16),51,62,38,1018.08,4.82,26432,0,39,0,1,2,0,1,2,4,4,234,68,19,3,1,1,82.78
 0h00:40.293 2026/05/16T08:10:49z: p:1018.09 gasR:2284439.50 iaq:73.26(0) T:11.08(16.68) H:62.05(43.35) sIaq:82.78(0) Stabilization:1 Run in:0
 0h00:40.899 2026/05/16T08:10:49z: DATA B(13),51,62,38,1018.09,4.84,26432,0,40,0,1,2,0,1,2,4,4,270,75,6,1,1,1,82.78
 0h00:41.293 2026/05/16T08:10:50z: p:1018.07 gasR:2299831.50 iaq:73.26(0) T:11.08(16.69) H:62.01(43.31) sIaq:82.78(0) Stabilization:1 Run in:0
 0h00:41.733 2026/05/16T08:10:50z: DATA B(14),51,62,38,1018.07,4.84,26432,0,41,0,1,2,0,1,2,4,4,270,75,6,1,1,1,82.78
 0h00:42.293 2026/05/16T08:10:51z: p:1018.09 gasR:2294035.25 iaq:73.26(0) T:11.09(16.69) H:61.95(43.26) sIaq:82.78(0) Stabilization:1 Run in:0
 0h00:42.574 2026/05/16T08:10:51z: DATA B(15),51,61,38,1018.09,4.82,26432,0,42,0,1,2,0,1,2,4,4,270,75,6,1,1,1,82.78
 0h00:43.293 2026/05/16T08:10:52z: p:1018.10 gasR:2294035.25 iaq:73.26(0) T:11.09(16.70) H:61.89(43.23) sIaq:82.78(0) Stabilization:1 Run in:0
 0h00:43.474 2026/05/16T08:10:52z: DATA B(16),51,61,38,1018.10,4.84,25808,0,43,1,1,1,1,1,1,4,4,297,81,10,1,0,0,82.78
 0h00:44.294 2026/05/16T08:10:53z: p:1018.12 gasR:2292109.75 iaq:73.26(0) T:11.11(16.71) H:61.79(43.18) sIaq:82.79(0) Stabilization:1 Run in:0
 0h00:44.311 2026/05/16T08:10:53z: DATA B(17),51,61,38,1018.12,4.84,26432,0,44,1,1,1,1,1,1,4,4,297,81,10,1,0,0,82.79
 0h00:45.293 2026/05/16T08:10:54z: p:1018.10 gasR:2297896.25 iaq:73.26(0) T:11.12(16.72) H:61.72(43.14) sIaq:82.79(0) Stabilization:1 Run in:0
 0h00:46.293 2026/05/16T08:10:55z: p:1018.12 gasR:2290187.25 iaq:73.26(0) T:11.12(16.72) H:61.70(43.12) sIaq:82.79(0) Stabilization:1 Run in:0
 0h00:46.524 2026/05/16T08:10:55z: DATA A(17),52,61,39,1018.12,4.83,26432,0,46,0,0,1,0,0,1,0,0,219,57,11,1,1,1,82.79
 0h00:47.293 2026/05/16T08:10:56z: p:1018.06 gasR:2292109.75 iaq:73.27(0) T:11.15(16.75) H:61.55(43.06) sIaq:82.79(0) Stabilization:1 Run in:0
 0h00:47.360 2026/05/16T08:10:56z: DATA A(18),52,61,39,1018.06,4.84,26432,0,47,0,0,1,0,0,1,0,0,219,57,11,1,1,1,82.79
 0h00:48.266 2026/05/16T08:10:57z: DATA A(19),52,61,39,1018.06,4.82,26432,0,48,0,0,1,0,0,1,0,0,225,59,8,1,1,1,82.79
 0h00:48.293 2026/05/16T08:10:57z: p:1018.09 gasR:2288268.25 iaq:73.27(0) T:11.16(16.76) H:61.53(43.05) sIaq:82.79(0) Stabilization:1 Run in:0
 0h00:49.102 2026/05/16T08:10:57z: DATA A(20),52,61,39,1018.09,4.84,26248,0,49,0,0,1,0,0,1,0,0,225,59,8,1,1,1,82.79
 0h00:49.293 2026/05/16T08:10:58z: p:1018.11 gasR:2303712.00 iaq:73.27(0) T:11.15(16.76) H:61.50(43.01) sIaq:82.79(0) Stabilization:1 Run in:0
 0h00:49.937 2026/05/16T08:10:58z: DATA A(21),52,61,39,1018.11,4.82,26432,0,49,0,0,1,0,0,1,0,0,225,59,8,1,1,1,82.79
 0h00:50.293 2026/05/16T08:10:59z: p:1018.09 gasR:2282530.00 iaq:73.27(0) T:11.16(16.77) H:61.44(42.97) sIaq:82.80(0) Stabilization:1 Run in:0
 0h00:51.192 2026/05/16T08:10:59z: DATA B(18),52,61,39,1018.09,4.85,26432,0,51,1,1,1,1,1,1,4,4,288,81,10,1,0,0,82.80
 0h00:51.293 2026/05/16T08:11:00z: p:1018.12 gasR:2299831.50 iaq:73.27(0) T:11.19(16.79) H:61.34(42.94) sIaq:82.80(0) Stabilization:1 Run in:0
 0h00:52.026 2026/05/16T08:11:00z: DATA B(19),52,61,39,1018.12,4.83,26432,0,52,1,1,1,1,1,1,4,4,288,81,10,1,0,0,82.80
 0h00:52.293 2026/05/16T08:11:01z: p:1018.14 gasR:2301770.25 iaq:73.27(0) T:11.20(16.80) H:61.34(42.96) sIaq:82.80(0) Stabilization:1 Run in:0
 0h00:52.860 2026/05/16T08:11:01z: DATA B(20),52,61,39,1018.14,4.86,26432,0,52,1,1,1,1,1,1,4,4,288,81,10,1,0,0,82.80
 0h00:53.293 2026/05/16T08:11:02z: p:1018.13 gasR:2301770.25 iaq:73.27(0) T:11.20(16.81) H:61.34(42.94) sIaq:82.80(0) Stabilization:1 Run in:0
 0h00:53.765 2026/05/16T08:11:02z: DATA B(21),52,61,39,1018.13,4.83,26432,0,53,0,1,1,0,1,1,4,4,276,76,9,1,0,0,82.80
 0h00:54.294 2026/05/16T08:11:03z: p:1018.12 gasR:2297896.25 iaq:73.27(0) T:11.22(16.82) H:61.26(42.92) sIaq:82.80(0) Stabilization:1 Run in:0
 0h00:54.599 2026/05/16T08:11:03z: DATA B(22),52,61,39,1018.12,4.84,26432,0,54,0,1,1,0,1,1,4,4,276,76,9,1,0,0,82.80
 0h00:55.293 2026/05/16T08:11:04z: p:1018.13 gasR:2295964.25 iaq:73.28(0) T:11.24(16.84) H:61.25(42.92) sIaq:82.80(0) Stabilization:1 Run in:0
 0h00:56.293 2026/05/16T08:11:05z: p:1018.11 gasR:2297896.25 iaq:73.28(0) T:11.25(16.86) H:61.23(42.93) sIaq:82.80(0) Stabilization:1 Run in:0
 0h00:56.835 2026/05/16T08:11:05z: DATA A(22),52,61,39,1018.11,4.84,26432,0,56,0,1,2,0,1,2,4,4,252,69,9,2,2,2,82.80
 0h00:57.293 2026/05/16T08:11:06z: p:1018.13 gasR:2288268.25 iaq:73.28(0) T:11.27(16.87) H:61.18(42.91) sIaq:82.81(0) Stabilization:1 Run in:0
 0h00:57.674 2026/05/16T08:11:06z: DATA A(23),52,61,39,1018.13,4.83,26432,0,57,0,1,2,0,1,2,4,4,252,69,9,2,2,2,82.81
 0h00:58.294 2026/05/16T08:11:07z: p:1018.14 gasR:2309557.25 iaq:73.28(0) T:11.28(16.88) H:61.19(42.91) sIaq:82.81(0) Stabilization:1 Run in:0
 0h00:58.577 2026/05/16T08:11:07z: DATA A(24),52,61,39,1018.14,4.82,26432,0,58,0,1,1,0,1,1,4,4,252,69,9,1,1,1,82.81
 0h00:59.294 2026/05/16T08:11:08z: p:1018.12 gasR:2317397.50 iaq:73.28(0) T:11.28(16.89) H:61.17(42.89) sIaq:82.81(0) Stabilization:1 Run in:0
 0h00:59.413 2026/05/16T08:11:08z: DATA A(25),52,61,39,1018.12,4.84,26368,0,59,0,1,1,0,1,1,4,4,252,69,9,1,1,1,82.81
 0h01:00.249 2026/05/16T08:11:09z: DATA A(26),52,61,39,1018.12,4.84,26368,0,60,0,1,1,0,1,1,4,4,252,69,9,1,1,1,82.81
 0h01:00.293 2026/05/16T08:11:09z: p:1018.12 gasR:2301770.25 iaq:73.28(0) T:11.31(16.91) H:61.13(42.89) sIaq:82.81(0) Stabilization:1 Run in:0
 0h01:01.293 2026/05/16T08:11:10z: p:1018.11 gasR:2301770.25 iaq:73.28(0) T:11.32(16.92) H:61.16(42.91) sIaq:82.81(0) Stabilization:1 Run in:0
 0h01:01.484 2026/05/16T08:11:10z: DATA B(23),52,61,39,1018.11,4.84,26368,0,61,0,1,1,0,1,1,4,4,273,77,10,1,0,0,82.81
 0h01:02.294 2026/05/16T08:11:11z: p:1018.11 gasR:2303712.00 iaq:73.28(0) T:11.32(16.92) H:61.16(42.90) sIaq:82.81(0) Stabilization:1 Run in:0
 0h01:02.318 2026/05/16T08:11:11z: DATA B(24),52,61,39,1018.11,4.84,26368,0,62,0,1,1,0,1,1,4,4,273,77,10,1,0,0,82.81
 0h01:03.152 2026/05/16T08:11:11z: DATA B(25),52,61,39,1018.11,4.84,26368,0,63,0,1,1,0,1,1,4,4,273,77,10,1,0,0,82.81
 0h01:03.294 2026/05/16T08:11:12z: p:1018.11 gasR:2292109.75 iaq:73.28(0) T:11.33(16.93) H:61.17(42.90) sIaq:82.82(0) Stabilization:1 Run in:0
 0h01:04.057 2026/05/16T08:11:12z: DATA B(26),52,61,39,1018.11,4.81,26368,0,64,1,1,2,1,1,2,4,4,276,80,11,2,1,0,82.82
 0h01:04.293 2026/05/16T08:11:13z: p:1018.11 gasR:2305657.25 iaq:73.28(0) T:11.34(16.95) H:61.16(42.90) sIaq:82.82(0) Stabilization:1 Run in:0
 0h01:04.891 2026/05/16T08:11:13z: DATA B(27),52,61,39,1018.11,4.83,26368,0,64,1,1,2,1,1,2,4,4,276,80,11,2,1,0,82.82
 0h01:05.293 2026/05/16T08:11:14z: p:1018.13 gasR:2290187.25 iaq:73.29(0) T:11.36(16.96) H:61.19(42.93) sIaq:82.82(0) Stabilization:1 Run in:0
 0h01:06.294 2026/05/16T08:11:15z: p:1018.11 gasR:2294035.25 iaq:73.29(0) T:11.37(16.97) H:61.13(42.90) sIaq:82.83(0) Stabilization:1 Run in:0
 0h01:06.311 2026/05/16T08:11:15z: DATA A(27),52,61,39,1018.11,4.82,26368,0,66,0,1,2,0,1,2,4,4,255,72,9,1,1,1,82.83
 0h01:07.146 2026/05/16T08:11:15z: DATA A(28),52,61,39,1018.11,4.84,26368,0,67,0,1,2,0,1,2,4,4,255,72,9,1,1,1,82.83
 0h01:07.293 2026/05/16T08:11:16z: p:1018.12 gasR:2274923.75 iaq:73.30(0) T:11.39(16.99) H:61.15(42.93) sIaq:82.84(0) Stabilization:1 Run in:0
 0h01:07.982 2026/05/16T08:11:16z: DATA A(29),52,61,39,1018.12,4.84,26368,0,67,0,1,2,0,1,2,4,4,255,72,9,1,1,1,82.84
 0h01:08.293 2026/05/16T08:11:17z: p:1018.11 gasR:2294035.25 iaq:73.30(0) T:11.41(17.01) H:61.13(42.94) sIaq:82.84(0) Stabilization:1 Run in:0
 0h01:08.888 2026/05/16T08:11:17z: DATA A(30),52,61,39,1018.11,4.82,26368,0,68,0,1,2,0,1,2,4,4,222,65,8,1,1,1,82.84
 0h01:09.293 2026/05/16T08:11:18z: p:1018.11 gasR:2288268.25 iaq:73.31(0) T:11.43(17.03) H:61.15(42.97) sIaq:82.85(0) Stabilization:1 Run in:0
 0h01:09.724 2026/05/16T08:11:18z: DATA A(31),52,61,39,1018.11,4.82,26368,0,69,0,1,2,0,1,2,4,4,222,65,8,1,1,1,82.85
 0h01:10.293 2026/05/16T08:11:19z: p:1018.11 gasR:2295964.25 iaq:73.31(0) T:11.44(17.04) H:61.15(42.98) sIaq:82.85(0) Stabilization:1 Run in:0
 0h01:11.293 2026/05/16T08:11:20z: p:1018.12 gasR:2294035.25 iaq:73.31(0) T:11.46(17.06) H:61.15(43.00) sIaq:82.85(0) Stabilization:1 Run in:0
 0h01:11.777 2026/05/16T08:11:20z: DATA B(28),52,61,39,1018.12,4.83,26368,0,71,1,1,2,1,1,2,4,4,264,79,9,1,1,0,82.85
 0h01:12.294 2026/05/16T08:11:21z: p:1018.10 gasR:2295964.25 iaq:73.31(0) T:11.47(17.08) H:61.16(43.01) sIaq:82.86(0) Stabilization:1 Run in:0
 0h01:12.611 2026/05/16T08:11:21z: DATA B(29),52,61,39,1018.10,4.84,26368,0,72,1,1,2,1,1,2,4,4,264,79,9,1,1,0,82.86
 0h01:13.293 2026/05/16T08:11:22z: p:1018.10 gasR:2299831.50 iaq:73.31(0) T:11.47(17.08) H:61.24(43.03) sIaq:82.86(0) Stabilization:1 Run in:0
 0h01:13.445 2026/05/16T08:11:22z: DATA B(30),52,61,39,1018.10,4.82,26368,0,73,1,1,2,1,1,2,4,4,264,79,9,1,1,0,82.86
 0h01:14.293 2026/05/16T08:11:23z: p:1018.11 gasR:2295964.25 iaq:73.32(0) T:11.48(17.08) H:61.26(43.02) sIaq:82.86(0) Stabilization:1 Run in:0
 0h01:14.350 2026/05/16T08:11:23z: DATA B(31),52,61,39,1018.11,4.84,26368,0,74,1,1,2,1,1,2,4,4,264,79,8,1,1,0,82.86
 0h01:15.184 2026/05/16T08:11:23z: DATA B(32),52,61,39,1018.11,4.85,26368,0,75,1,1,2,1,1,2,4,4,264,79,8,1,1,0,82.86
 0h01:15.293 2026/05/16T08:11:24z: p:1018.10 gasR:2290187.25 iaq:73.32(0) T:11.47(17.07) H:61.32(43.02) sIaq:82.87(0) Stabilization:1 Run in:0
 0h01:16.293 2026/05/16T08:11:25z: p:1018.10 gasR:2297896.25 iaq:73.32(0) T:11.48(17.08) H:61.40(43.06) sIaq:82.87(0) Stabilization:1 Run in:0
 0h01:16.622 2026/05/16T08:11:25z: DATA A(32),52,61,39,1018.10,4.83,26368,0,76,1,1,2,1,1,2,4,4,273,77,10,1,1,0,82.87
 0h01:17.293 2026/05/16T08:11:26z: p:1018.10 gasR:2294035.25 iaq:73.33(0) T:11.48(17.08) H:61.41(43.06) sIaq:82.87(0) Stabilization:1 Run in:0
 0h01:17.457 2026/05/16T08:11:26z: DATA A(33),52,61,39,1018.10,4.84,26368,0,77,1,1,2,1,1,2,4,4,273,77,10,1,1,0,82.87
 0h01:18.293 2026/05/16T08:11:27z: DATA A(34),52,61,39,1018.10,4.85,26368,0,78,1,1,2,1,1,2,4,4,273,77,10,1,1,0,82.87
 0h01:18.312 2026/05/16T08:11:27z: p:1018.12 gasR:2305657.25 iaq:73.32(0) T:11.62(17.09) H:60.87(43.05) sIaq:82.87(0) Stabilization:1 Run in:0
 0h01:19.199 2026/05/16T08:11:27z: DATA A(35),52,60,38,1018.12,4.82,26368,0,79,1,1,2,1,1,2,4,4,264,74,10,1,1,0,82.87
 0h01:19.311 2026/05/16T08:11:28z: p:1018.14 gasR:2292109.75 iaq:73.33(0) T:11.38(16.98) H:61.85(43.05) sIaq:82.88(0) Stabilization:1 Run in:0
 0h01:20.035 2026/05/16T08:11:28z: DATA A(36),52,61,39,1018.14,4.84,26368,0,80,1,1,2,1,1,2,4,4,264,74,10,1,1,0,82.88
 0h01:20.311 2026/05/16T08:11:29z: p:1018.10 gasR:2307605.75 iaq:73.33(0) T:11.50(17.11) H:61.43(43.09) sIaq:82.88(0) Stabilization:1 Run in:0
 0h01:21.311 2026/05/16T08:11:30z: p:1018.11 gasR:2288268.25 iaq:73.33(0) T:11.52(17.12) H:61.38(43.08) sIaq:82.89(0) Stabilization:1 Run in:0
 0h01:22.075 2026/05/16T08:11:30z: DATA B(33),52,61,39,1018.11,4.85,26368,0,82,0,2,3,0,2,3,8,8,249,81,15,4,2,0,82.89
 0h01:22.311 2026/05/16T08:11:31z: p:1018.09 gasR:2307605.75 iaq:73.33(0) T:11.53(17.13) H:61.42(43.09) sIaq:82.88(0) Stabilization:1 Run in:0
 0h01:22.903 2026/05/16T08:11:31z: DATA B(34),52,61,39,1018.09,4.84,26368,0,82,0,2,3,0,2,3,8,8,249,81,15,4,2,0,82.88
 0h01:23.311 2026/05/16T08:11:32z: p:1018.12 gasR:2294035.25 iaq:73.34(0) T:11.55(17.15) H:61.41(43.11) sIaq:82.89(0) Stabilization:1 Run in:0
 0h01:23.738 2026/05/16T08:11:32z: DATA B(35),52,61,39,1018.12,4.84,26368,0,83,0,2,3,0,2,3,8,8,249,81,15,4,2,0,82.89
 0h01:24.311 2026/05/16T08:11:33z: p:1018.09 gasR:2288268.25 iaq:73.34(0) T:11.55(17.16) H:61.46(43.13) sIaq:82.90(0) Stabilization:1 Run in:0
 0h01:24.642 2026/05/16T08:11:33z: DATA B(36),52,61,39,1018.09,4.82,26368,0,84,1,2,3,1,2,3,8,8,249,81,16,4,2,0,82.90
 0h01:25.311 2026/05/16T08:11:34z: p:1018.10 gasR:2290187.25 iaq:73.35(0) T:11.57(17.17) H:61.42(43.11) sIaq:82.90(0) Stabilization:1 Run in:0
 0h01:25.477 2026/05/16T08:11:34z: DATA B(37),52,61,39,1018.10,4.84,26368,0,85,1,2,3,1,2,3,8,8,249,81,16,4,2,0,82.90
 0h01:26.311 2026/05/16T08:11:35z: p:1018.11 gasR:2290187.25 iaq:73.35(0) T:11.57(17.18) H:61.47(43.14) sIaq:82.91(0) Stabilization:1 Run in:0
 0h01:26.933 2026/05/16T08:11:35z: DATA A(37),52,61,39,1018.11,4.82,26368,0,86,1,2,2,1,2,2,8,8,252,73,13,3,1,0,82.91
 0h01:27.311 2026/05/16T08:11:36z: p:1018.14 gasR:2297896.25 iaq:73.35(0) T:11.59(17.20) H:61.41(43.13) sIaq:82.91(0) Stabilization:1 Run in:0
 0h01:27.774 2026/05/16T08:11:36z: DATA A(38),52,61,39,1018.14,4.84,26368,0,87,1,2,2,1,2,2,8,8,252,73,13,3,1,0,82.91
 0h01:28.312 2026/05/16T08:11:37z: p:1018.11 gasR:2295964.25 iaq:73.36(0) T:11.59(17.20) H:61.45(43.13) sIaq:82.92(0) Stabilization:1 Run in:0
 0h01:28.604 2026/05/16T08:11:37z: DATA A(39),52,61,39,1018.11,4.84,26368,0,88,1,2,2,1,2,2,8,8,252,73,13,3,1,0,82.92
 0h01:29.312 2026/05/16T08:11:38z: p:1018.12 gasR:2309557.25 iaq:73.35(0) T:11.60(17.20) H:61.45(43.12) sIaq:82.91(0) Stabilization:1 Run in:0
 0h01:29.511 2026/05/16T08:11:38z: DATA A(40),52,61,39,1018.12,4.82,26368,0,89,1,1,2,1,1,2,4,4,252,69,11,3,1,0,82.91
 0h01:30.312 2026/05/16T08:11:39z: p:1018.12 gasR:2286352.25 iaq:73.36(0) T:11.62(17.22) H:61.45(43.15) sIaq:82.92(0) Stabilization:1 Run in:0
 0h01:30.346 2026/05/16T08:11:39z: DATA A(41),52,61,39,1018.12,4.87,26368,0,90,1,1,2,1,1,2,4,4,252,69,11,3,1,0,82.92
 0h01:31.311 2026/05/16T08:11:40z: p:1018.10 gasR:2295964.25 iaq:73.36(0) T:11.63(17.23) H:61.49(43.15) sIaq:82.93(0) Stabilization:1 Run in:0
 0h01:32.311 2026/05/16T08:11:41z: p:1018.11 gasR:2301770.25 iaq:73.36(0) T:11.64(17.24) H:61.47(43.15) sIaq:82.93(0) Stabilization:1 Run in:0
 0h01:32.362 2026/05/16T08:11:41z: DATA B(38),52,61,39,1018.11,4.84,26368,0,92,1,2,2,1,2,2,8,8,282,87,14,3,1,0,82.93
 0h01:33.197 2026/05/16T08:11:41z: DATA B(39),52,61,39,1018.11,4.82,26368,0,93,1,2,2,1,2,2,8,8,282,87,14,3,1,0,82.93
 0h01:33.311 2026/05/16T08:11:42z: p:1018.10 gasR:2301770.25 iaq:73.36(0) T:11.64(17.24) H:61.48(43.14) sIaq:82.93(0) Stabilization:1 Run in:0
 0h01:34.031 2026/05/16T08:11:42z: DATA B(40),52,61,39,1018.10,4.84,26368,0,94,1,2,2,1,2,2,8,8,282,87,14,3,1,0,82.93
 0h01:34.311 2026/05/16T08:11:43z: p:1018.10 gasR:2284439.50 iaq:73.37(0) T:11.65(17.25) H:61.50(43.14) sIaq:82.94(0) Stabilization:1 Run in:0
 0h01:34.936 2026/05/16T08:11:43z: DATA B(41),52,61,39,1018.10,4.82,26368,0,94,1,2,2,1,2,2,8,8,297,90,17,3,1,0,82.94
 0h01:35.311 2026/05/16T08:11:44z: p:1018.08 gasR:2292109.75 iaq:73.38(0) T:11.64(17.24) H:61.54(43.12) sIaq:82.95(0) Stabilization:1 Run in:0
 0h01:35.774 2026/05/16T08:11:44z: DATA B(42),52,61,39,1018.08,4.85,26368,0,95,1,2,2,1,2,2,8,8,297,90,17,3,1,0,82.95
 0h01:36.312 2026/05/16T08:11:45z: p:1018.12 gasR:2294035.25 iaq:73.38(0) T:11.64(17.24) H:61.56(43.12) sIaq:82.95(0) Stabilization:1 Run in:0
 0h01:37.244 2026/05/16T08:11:46z: DATA A(42),52,61,39,1018.12,4.81,26368,0,97,0,1,2,0,1,2,4,4,243,62,10,4,1,0,82.95
 0h01:37.312 2026/05/16T08:11:46z: p:1018.11 gasR:2292109.75 iaq:73.39(0) T:11.63(17.24) H:61.62(43.13) sIaq:82.96(0) Stabilization:1 Run in:0
 0h01:38.079 2026/05/16T08:11:46z: DATA A(43),52,61,39,1018.11,4.83,26368,0,98,0,1,2,0,1,2,4,4,243,62,10,4,1,0,82.96
 0h01:38.311 2026/05/16T08:11:47z: p:1018.09 gasR:2297896.25 iaq:73.39(0) T:11.63(17.23) H:61.63(43.11) sIaq:82.96(0) Stabilization:1 Run in:0
 0h01:38.915 2026/05/16T08:11:47z: DATA A(44),52,61,39,1018.09,4.84,26368,0,98,0,1,2,0,1,2,4,4,243,62,10,4,1,0,82.96
 0h01:39.312 2026/05/16T08:11:48z: p:1018.10 gasR:2294035.25 iaq:73.39(0) T:11.63(17.23) H:61.66(43.12) sIaq:82.97(0) Stabilization:1 Run in:0
 0h01:39.822 2026/05/16T08:11:48z: DATA A(45),52,61,39,1018.10,4.84,26368,0,99,0,1,2,0,1,2,4,4,246,68,11,4,1,0,82.97
 0h01:40.312 2026/05/16T08:11:49z: p:1018.11 gasR:2290187.25 iaq:73.40(0) T:11.63(17.23) H:61.66(43.10) sIaq:82.98(0) Stabilization:1 Run in:0
 0h01:40.657 2026/05/16T08:11:49z: DATA A(46),52,61,39,1018.11,4.84,26368,0,100,0,1,2,0,1,2,4,4,246,68,11,4,1,0,82.98
 0h01:41.311 2026/05/16T08:11:50z: p:1018.11 gasR:2288268.25 iaq:73.41(0) T:11.62(17.22) H:61.69(43.09) sIaq:82.99(0) Stabilization:1 Run in:0
 0h01:42.311 2026/05/16T08:11:51z: p:1018.11 gasR:2299831.50 iaq:73.41(0) T:11.63(17.23) H:61.65(43.07) sIaq:82.99(0) Stabilization:1 Run in:0
 0h01:42.655 2026/05/16T08:11:51z: DATA B(43),52,61,39,1018.11,4.83,26368,0,102,1,2,3,1,2,3,8,8,345,99,18,4,2,0,82.99
 0h01:43.311 2026/05/16T08:11:52z: p:1018.11 gasR:2301770.25 iaq:73.41(0) T:11.64(17.25) H:61.62(43.08) sIaq:82.99(0) Stabilization:1 Run in:0
 0h01:43.490 2026/05/16T08:11:52z: DATA B(44),52,61,39,1018.11,4.85,26368,0,103,1,2,3,1,2,3,8,8,345,99,18,4,2,0,82.99
{"SensorId":"f0:24:f9:c6:bd:e0","DateTime":"2026/05/16T08:11:53z","Geo":"PurpleAir-bde0","Mem":26368,"memfrag":2,"memfb":25968,"memcs":800,"Id":1,"lat":0.000000,"lon":0.000000,"Adc":"nan","loggingrate":15,"place":"","version":"7.04","uptime":104,"rssi":0,"period":104,"httpsuccess":0,"httpsends":0,"hardwareversion":"3.0","hardwarediscovered":"3.0+RV3028+BME68X+KX122+PMSX003-A+PMSX003-B","current_temp_f":52,"current_humidity":61,"current_dewpoint_f":39,"pressure":1018.11,"current_temp_f_680":52,"current_humidity_680":61,"current_dewpoint_f_680":39,"pressure_680":1018.11,"gas_680":"nan","p25aqic_b":"rgb(0,228,0)","pm2.5_aqi_b":5,"pm1_0_cf_1_b":0.57,"p_0_3_um_b":265.77,"pm2_5_cf_1_b":1.25,"p_0_5_um_b":76.45,"pm10_0_cf_1_b":1.91,"p_1_0_um_b":10.18,"pm1_0_atm_b":0.59,"p_2_5_um_b":1.93,"pm2_5_atm_b":1.23,"p_5_0_um_b":1.11,"pm10_0_atm_b":1.91,"p_10_0_um_b":0.52,"p25aqic":"rgb(0,228,0)","pm2.5_aqi":5,"pm1_0_cf_1":0.22,"p_0_3_um":237.26,"pm2_5_cf_1":1.11,"p_0_5_um":66.48,"pm10_0_cf_1":1.74,"p_1_0_um":12.04,"pm1_0_atm":0.22,"p_2_5_um":2.39,"pm2_5_atm":1.11,"p_5_0_um":0.80,"pm10_0_atm":1.74,"p_10_0_um":0.48,"wlstate":"No SSID","status_0":0,"status_1":0,"status_2":0,"status_3":0,"status_4":2}
 0h01:44.396 2026/05/16T08:11:53z: update.purpleair.com:80/firmware/2mb/update.asp
 0h01:44.403 2026/05/16T08:11:53z: Error: -1
 0h01:44.421 2026/05/16T08:11:53z: DATA B(1),52,61,39,1018.11,4.83,26368,0,104,1,2,3,1,2,3,8,8,345,99,18,4,2,0,82.99
1 BSEC warning code : 100

UTCDateTime,mac_address,firmware_ver,hardware,current_temp_f,current_humidity,current_dewpoint_f,pressure,adc,mem,rssi,uptime,pm1_0_cf_1,pm2_5_cf_1,pm10_0_cf_1,pm1_0_atm,pm2_5_atm,pm10_0_atm,pm2.5_aqi_cf_1,pm2.5_aqi_atm,p_0_3_um,p_0_5_um,p_1_0_um,p_2_5_um,p_5_0_um,p_10_0_um,pm1_0_cf_1_b,pm2_5_cf_1_b,pm10_0_cf_1_b,pm1_0_atm_b,pm2_5_atm_b,pm10_0_atm_b,pm2.5_aqi_cf_1_b,pm2.5_aqi_atm_b,p_0_3_um_b,p_0_5_um_b,p_1_0_um_b,p_2_5_um_b,p_5_0_um_b,p_10_0_um_b,gas
2026/05/16T08:11:53z,f0:24:f9:c6:bd:e0,7.04,3.0+RV3028+BME68X+KX122+PMSX003-A+PMSX003-B,52,61,39,1018.11,nan,26368,0,104,0.22,1.11,1.74,0.22,1.11,1.74,5,5,237.26,66.48,12.04,2.39,0.80,0.48,0.57,1.25,1.91,0.59,1.23,1.91,5,5,265.77,76.45,10.18,1.93,1.11,0.52,nan
1 BSEC warning code : 100

 ets Jan  8 2013,rst cause:1, boot mode:(3,7)

load 0x4010f000, len 1384, room 16 
tail 8
chksum 0x2d
csum 0x2d
v8b899c12
~ld


7.04
 0h00:00.547 1970/01/01T08:00:00z: SPIFFS Active
 0h00:04.223 2026/05/16T08:49:38z: f0:24:f9:c6:bd:e0
 0h00:04.224 2026/05/16T08:49:38z: SSID: that iPhone
1 BSEC warning code : 100

 ets Jan  8 2013,rst cause:1, boot mode:(3,7)

load 0x4010f000, len 1384, room 16 
tail 8
chksum 0x2d
csum 0x2d
v8b899c12
~ld


7.04
 0h00:00.505 1970/01/01T08:00:00z: SPIFFS Active
 0h00:04.181 2026/05/16T09:09:18z: f0:24:f9:c6:bd:e0
 0h00:04.182 2026/05/16T09:09:18z: SSID: that iPhone
1 BSEC warning code : 100

1 BSEC warning code : 100

 ets Jan  8 2013,rst cause:1, boot mode:(3,7)

load 0x4010f000, len 1384, room 16 
tail 8
chksum 0x2d
csum 0x2d
v8b899c12
~ld


7.04
 0h00:00.506 1970/01/01T08:00:00z: SPIFFS Active
 0h00:04.182 2026/05/16T09:28:59z: f0:24:f9:c6:bd:e0
 0h00:04.183 2026/05/16T09:28:59z: SSID: that iPhone
1 BSEC warning code : 100

 ets Jan  8 2013,rst cause:1, boot mode:(3,7)

load 0x4010f000, len 1384, room 16 
tail 8
chksum 0x2d
csum 0x2d
v8b899c12
~ld


7.04
 0h00:00.500 1970/01/01T08:00:00z: SPIFFS Active
 0h00:04.176 2026/05/16T09:48:40z: f0:24:f9:c6:bd:e0
 0h00:04.178 2026/05/16T09:48:40z: SSID: that iPhone
1 BSEC warning code : 100

 ets Jan  8 2013,rst cause:1, boot mode:(3,7)

load 0x4010f000, len 1384, room 16 
tail 8
chksum 0x2d
csum 0x2d
v8b899c12
~ld


7.04
 0h00:00.515 1970/01/01T08:00:00z: SPIFFS Active
 0h00:04.191 2026/05/16T10:08:21z: f0:24:f9:c6:bd:e0
 0h00:04.193 2026/05/16T10:08:21z: SSID: that iPhone
1 BSEC warning code : 100

 ets Jan  8 2013,rst cause:1, boot mode:(3,7)

load 0x4010f000, len 1384, room 16 
tail 8
chksum 0x2d
csum 0x2d
v8b899c12
~ld


7.04
 0h00:00.504 1970/01/01T08:00:00z: SPIFFS Active
 0h00:04.180 2026/05/16T10:28:02z: f0:24:f9:c6:bd:e0
 0h00:04.181 2026/05/16T10:28:02z: SSID: that iPhone
1 BSEC warning code : 100

 ets Jan  8 2013,rst cause:1, boot mode:(3,7)

load 0x4010f000, len 1384, room 16 
tail 8
chksum 0x2d
csum 0x2d
v8b899c12
~ld


7.04
 0h00:00.553 1970/01/01T08:00:00z: SPIFFS Active
 0h00:04.229 2026/05/16T10:47:42z: f0:24:f9:c6:bd:e0
 0h00:04.231 2026/05/16T10:47:42z: SSID: that iPhone
1 BSEC warning code : 100

 ets Jan  8 2013,rst cause:1, boot mode:(3,7)

load 0x4010f000, len 1384, room 16 
tail 8
chksum 0x2d
csum 0x2d
v8b899c12
~ld


7.04
 0h00:00.496 1970/01/01T08:00:00z: SPIFFS Active
 0h00:04.172 2026/05/16T11:07:23z: f0:24:f9:c6:bd:e0
 0h00:04.174 2026/05/16T11:07:23z: SSID: that iPhone
1 BSEC warning code : 100

1 BSEC warning code : 100

 ets Jan  8 2013,rst cause:1, boot mode:(3,7)

load 0x4010f000, len 1384, room 16 
tail 8
chksum 0x2d
csum 0x2d
v8b899c12
~ld


7.04
 0h00:00.558 1970/01/01T08:00:00z: SPIFFS Active
 0h00:04.235 2026/05/16T11:27:03z: f0:24:f9:c6:bd:e0
 0h00:04.236 2026/05/16T11:27:03z: SSID: that iPhone
1 BSEC warning code : 100

 ets Jan  8 2013,rst cause:1, boot mode:(3,7)

load 0x4010f000, len 1384, room 16 
tail 8
chksum 0x2d
csum 0x2d
v8b899c12
~ld


7.04
 0h00:00.513 1970/01/01T08:00:00z: SPIFFS Active
 0h00:04.189 2026/05/16T11:46:43z: f0:24:f9:c6:bd:e0
 0h00:04.190 2026/05/16T11:46:43z: SSID: that iPhone
1 BSEC warning code : 100

 ets Jan  8 2013,rst cause:1, boot mode:(3,7)

load 0x4010f000, len 1384, room 16 
tail 8
chksum 0x2d
csum 0x2d
v8b899c12
~ld


7.04
 0h00:00.562 1970/01/01T08:00:00z: SPIFFS Active
 0h00:04.238 2026/05/16T12:06:24z: f0:24:f9:c6:bd:e0
 0h00:04.239 2026/05/16T12:06:24z: SSID: that iPhone
1 BSEC warning code : 100

 ets Jan  8 2013,rst cause:1, boot mode:(3,7)

load 0x4010f000, len 1384, room 16 
tail 8
chksum 0x2d
csum 0x2d
v8b899c12
~ld


7.04
 0h00:00.559 1970/01/01T08:00:00z: SPIFFS Active
 0h00:04.235 2026/05/16T12:26:04z: f0:24:f9:c6:bd:e0
 0h00:04.236 2026/05/16T12:26:04z: SSID: that iPhone
1 BSEC warning code : 100

 ets Jan  8 2013,rst cause:1, boot mode:(3,7)

load 0x4010f000, len 1384, room 16 
tail 8
chksum 0x2d
csum 0x2d
v8b899c12
~ld


7.04
 0h00:00.599 1970/01/01T08:00:00z: SPIFFS Active
 0h00:04.276 2026/05/16T12:45:45z: f0:24:f9:c6:bd:e0
 0h00:04.277 2026/05/16T12:45:45z: SSID: that iPhone
1 BSEC warning code : 100

 ets Jan  8 2013,rst cause:1, boot mode:(3,7)

load 0x4010f000, len 1384, room 16 
tail 8
chksum 0x2d
csum 0x2d
v8b899c12
~ld


7.04
 0h00:00.553 1970/01/01T08:00:00z: SPIFFS Active
 0h00:04.230 2026/05/16T13:05:26z: f0:24:f9:c6:bd:e0
 0h00:04.231 2026/05/16T13:05:26z: SSID: that iPhone
1 BSEC warning code : 100

 ets Jan  8 2013,rst cause:1, boot mode:(3,7)

load 0x4010f000, len 1384, room 16 
tail 8
chksum 0x2d
csum 0x2d
v8b899c12
~ld


7.04
 0h00:00.499 1970/01/01T08:00:00z: SPIFFS Active
 0h00:04.175 2026/05/16T13:25:06z: f0:24:f9:c6:bd:e0
 0h00:04.177 2026/05/16T13:25:06z: SSID: that iPhone
1 BSEC warning code : 100

 ets Jan  8 2013,rst cause:1, boot mode:(3,7)

load 0x4010f000, len 1384, room 16 
tail 8
chksum 0x2d
csum 0x2d
v8b899c12
~ld


7.04
 0h00:00.557 1970/01/01T08:00:00z: SPIFFS Active
 0h00:04.233 2026/05/16T13:44:47z: f0:24:f9:c6:bd:e0
 0h00:04.235 2026/05/16T13:44:47z: SSID: that iPhone
1 BSEC warning code : 100

 ets Jan  8 2013,rst cause:1, boot mode:(3,7)

load 0x4010f000, len 1384, room 16 
tail 8
chksum 0x2d
csum 0x2d
v8b899c12
~ld


7.04
 0h00:00.508 1970/01/01T08:00:00z: SPIFFS Active
 0h00:04.184 2026/05/16T14:04:28z: f0:24:f9:c6:bd:e0
 0h00:04.186 2026/05/16T14:04:28z: SSID: that iPhone
1 BSEC warning code : 100

 ets Jan  8 2013,rst cause:1, boot mode:(3,7)

load 0x4010f000, len 1384, room 16 
tail 8
chksum 0x2d
csum 0x2d
v8b899c12
~ld


7.04
 0h00:00.553 1970/01/01T08:00:00z: SPIFFS Active
 0h00:04.229 2026/05/16T14:24:09z: f0:24:f9:c6:bd:e0
 0h00:04.231 2026/05/16T14:24:09z: SSID: that iPhone
1 BSEC warning code : 100

 ets Jan  8 2013,rst cause:1, boot mode:(3,7)

load 0x4010f000, len 1384, room 16 
tail 8
chksum 0x2d
csum 0x2d
v8b899c12
~ld


7.04
 0h00:00.501 1970/01/01T08:00:00z: SPIFFS Active
 0h00:04.177 2026/05/16T14:43:50z: f0:24:f9:c6:bd:e0
 0h00:04.178 2026/05/16T14:43:50z: SSID: that iPhone
1 BSEC warning code : 100

 ets Jan  8 2013,rst cause:1, boot mode:(3,7)

load 0x4010f000, len 1384, room 16 
tail 8
chksum 0x2d
csum 0x2d
v8b899c12
~ld


7.04
 0h00:00.513 1970/01/01T08:00:00z: SPIFFS Active
 0h00:04.190 2026/05/16T15:03:31z: f0:24:f9:c6:bd:e0
 0h00:04.191 2026/05/16T15:03:31z: SSID: that iPhone
1 BSEC warning code : 100

 ets Jan  8 2013,rst cause:1, boot mode:(3,7)

load 0x4010f000, len 1384, room 16 
tail 8
chksum 0x2d
csum 0x2d
v8b899c12
~ld


7.04
 0h00:00.509 1970/01/01T08:00:00z: SPIFFS Active
 0h00:04.186 2026/05/16T15:23:12z: f0:24:f9:c6:bd:e0
 0h00:04.187 2026/05/16T15:23:12z: SSID: that iPhone
1 BSEC warning code : 100

 ets Jan  8 2013,rst cause:1, boot mode:(3,7)

load 0x4010f000, len 1384, room 16 
tail 8
chksum 0x2d
csum 0x2d
v8b899c12
~ld


7.04
 0h00:00.549 1970/01/01T08:00:00z: SPIFFS Active
 0h00:04.225 2026/05/16T15:42:52z: f0:24:f9:c6:bd:e0
 0h00:04.227 2026/05/16T15:42:52z: SSID: that iPhone
1 BSEC warning code : 100

 ets Jan  8 2013,rst cause:1, boot mode:(3,7)

load 0x4010f000, len 1384, room 16 
tail 8
chksum 0x2d
csum 0x2d
v8b899c12
~ld


7.04
 0h00:00.539 1970/01/01T08:00:00z: SPIFFS Active
 0h00:04.215 2026/05/16T16:02:33z: f0:24:f9:c6:bd:e0
 0h00:04.216 2026/05/16T16:02:33z: SSID: that iPhone
1 BSEC warning code : 100

 ets Jan  8 2013,rst cause:1, boot mode:(3,7)

load 0x4010f000, len 1384, room 16 
tail 8
chksum 0x2d
csum 0x2d
v8b899c12
~ld


7.04
 0h00:00.552 1970/01/01T08:00:00z: SPIFFS Active
 0h00:04.228 2026/05/16T16:22:14z: f0:24:f9:c6:bd:e0
 0h00:04.230 2026/05/16T16:22:14z: SSID: that iPhone
1 BSEC warning code : 100

 ets Jan  8 2013,rst cause:1, boot mode:(3,7)

load 0x4010f000, len 1384, room 16 
tail 8
chksum 0x2d
csum 0x2d
v8b899c12
~ld


7.04
 0h00:00.549 1970/01/01T08:00:00z: SPIFFS Active
 0h00:04.225 2026/05/16T16:41:54z: f0:24:f9:c6:bd:e0
 0h00:04.227 2026/05/16T16:41:54z: SSID: that iPhone
1 BSEC warning code : 100

 ets Jan  8 2013,rst cause:1, boot mode:(3,7)

load 0x4010f000, len 1384, room 16 
tail 8
chksum 0x2d
csum 0x2d
v8b899c12
~ld


7.04
 0h00:00.509 1970/01/01T08:00:00z: SPIFFS Active
 0h00:04.186 2026/05/16T17:01:35z: f0:24:f9:c6:bd:e0
 0h00:04.187 2026/05/16T17:01:35z: SSID: that iPhone
1 BSEC warning code : 100

1 BSEC warning code : 100

 ets Jan  8 2013,rst cause:1, boot mode:(3,7)

load 0x4010f000, len 1384, room 16 
tail 8
chksum 0x2d
csum 0x2d
v8b899c12
~ld


7.04
 0h00:00.509 1970/01/01T08:00:00z: SPIFFS Active
 0h00:04.186 2026/05/16T17:21:15z: f0:24:f9:c6:bd:e0
 0h00:04.187 2026/05/16T17:21:15z: SSID: that iPhone
1 BSEC warning code : 100

1 BSEC warning code : 100

 ets Jan  8 2013,rst cause:1, boot mode:(3,7)

load 0x4010f000, len 1384, room 16 
tail 8
chksum 0x2d
csum 0x2d
v8b899c12
~ld


7.04
 0h00:00.501 1970/01/01T08:00:00z: SPIFFS Active
 0h00:04.178 2026/05/16T17:40:56z: f0:24:f9:c6:bd:e0
 0h00:04.179 2026/05/16T17:40:56z: SSID: that iPhone
1 BSEC warning code : 100

1 BSEC warning code : 100

 ets Jan  8 2013,rst cause:1, boot mode:(3,7)

load 0x4010f000, len 1384, room 16 
tail 8
chksum 0x2d
csum 0x2d
v8b899c12
~ld


7.04
 0h00:00.560 1970/01/01T08:00:00z: SPIFFS Active
 0h00:04.236 2026/05/16T18:00:38z: f0:24:f9:c6:bd:e0
 0h00:04.238 2026/05/16T18:00:38z: SSID: that iPhone
1 BSEC warning code : 100

1 BSEC warning code : 100

 ets Jan  8 2013,rst cause:1, boot mode:(3,7)

load 0x4010f000, len 1384, room 16 
tail 8
chksum 0x2d
csum 0x2d
v8b899c12
~ld


7.04
 0h00:00.500 1970/01/01T08:00:00z: SPIFFS Active
 0h00:04.177 2026/05/16T18:20:18z: f0:24:f9:c6:bd:e0
 0h00:04.178 2026/05/16T18:20:18z: SSID: that iPhone
1 BSEC warning code : 100

1 BSEC warning code : 100

 ets Jan  8 2013,rst cause:1, boot mode:(3,7)

load 0x4010f000, len 1384, room 16 
tail 8
chksum 0x2d
csum 0x2d
v8b899c12
~ld


7.04
 0h00:00.499 1970/01/01T08:00:00z: SPIFFS Active
 0h00:04.175 2026/05/16T18:39:59z: f0:24:f9:c6:bd:e0
 0h00:04.177 2026/05/16T18:39:59z: SSID: that iPhone
1 BSEC warning code : 100

 ets Jan  8 2013,rst cause:1, boot mode:(3,7)

load 0x4010f000, len 1384, room 16 
tail 8
chksum 0x2d
csum 0x2d
v8b899c12
~ld


7.04
 0h00:00.552 1970/01/01T08:00:00z: SPIFFS Active
 0h00:04.229 2026/05/16T18:59:40z: f0:24:f9:c6:bd:e0
 0h00:04.230 2026/05/16T18:59:40z: SSID: that iPhone
1 BSEC warning code : 100

 ets Jan  8 2013,rst cause:1, boot mode:(3,7)

load 0x4010f000, len 1384, room 16 
tail 8
chksum 0x2d
csum 0x2d
v8b899c12
~ld


7.04
 0h00:00.492 1970/01/01T08:00:00z: SPIFFS Active
 0h00:04.169 2026/05/16T19:19:21z: f0:24:f9:c6:bd:e0
 0h00:04.171 2026/05/16T19:19:21z: SSID: that iPhone
1 BSEC warning code : 100

 ets Jan  8 2013,rst cause:1, boot mode:(3,7)

load 0x4010f000, len 1384, room 16 
tail 8
chksum 0x2d
csum 0x2d
v8b899c12
~ld


7.04
 0h00:00.541 1970/01/01T08:00:00z: SPIFFS Active
 0h00:04.218 2026/05/16T19:39:02z: f0:24:f9:c6:bd:e0
 0h00:04.220 2026/05/16T19:39:02z: SSID: that iPhone
1 BSEC warning code : 100

1 BSEC warning code : 100

 ets Jan  8 2013,rst cause:1, boot mode:(3,7)

load 0x4010f000, len 1384, room 16 
tail 8
chksum 0x2d
csum 0x2d
v8b899c12
~ld


7.04
 0h00:00.502 1970/01/01T08:00:00z: SPIFFS Active
 0h00:04.178 2026/05/16T19:58:42z: f0:24:f9:c6:bd:e0
 0h00:04.180 2026/05/16T19:58:42z: SSID: that iPhone
1 BSEC warning code : 100

 ets Jan  8 2013,rst cause:1, boot mode:(3,7)

load 0x4010f000, len 1384, room 16 
tail 8
chksum 0x2d
csum 0x2d
v8b899c12
~ld


7.04
 0h00:00.509 1970/01/01T08:00:00z: SPIFFS Active
 0h00:04.186 2026/05/16T20:18:23z: f0:24:f9:c6:bd:e0
 0h00:04.187 2026/05/16T20:18:23z: SSID: that iPhone
1 BSEC warning code : 100

1 BSEC warning code : 100

 ets Jan  8 2013,rst cause:1, boot mode:(3,7)

load 0x4010f000, len 1384, room 16 
tail 8
chksum 0x2d
csum 0x2d
v8b899c12
~ld


7.04
 0h00:00.499 1970/01/01T08:00:00z: SPIFFS Active
 0h00:04.176 2026/05/16T20:38:03z: f0:24:f9:c6:bd:e0
 0h00:04.177 2026/05/16T20:38:03z: SSID: that iPhone
1 BSEC warning code : 100

 ets Jan  8 2013,rst cause:1, boot mode:(3,7)

load 0x4010f000, len 1384, room 16 
tail 8
chksum 0x2d
csum 0x2d
v8b899c12
~ld


7.04
 0h00:00.506 1970/01/01T08:00:00z: SPIFFS Active
 0h00:04.182 2026/05/16T20:57:43z: f0:24:f9:c6:bd:e0
 0h00:04.184 2026/05/16T20:57:43z: SSID: that iPhone
1 BSEC warning code : 100

1 BSEC warning code : 100

 ets Jan  8 2013,rst cause:1, boot mode:(3,7)

load 0x4010f000, len 1384, room 16 
tail 8
chksum 0x2d
csum 0x2d
v8b899c12
~ld


7.04
 0h00:00.639 1970/01/01T08:00:00z: SPIFFS Active
 0h00:04.315 2026/05/16T21:17:24z: f0:24:f9:c6:bd:e0
 0h00:04.317 2026/05/16T21:17:24z: SSID: that iPhone
1 BSEC warning code : 100

1 BSEC warning code : 100

 ets Jan  8 2013,rst cause:1, boot mode:(3,7)

load 0x4010f000, len 1384, room 16 
tail 8
chksum 0x2d
csum 0x2d
v8b899c12
~ld


7.04
 0h00:00.552 1970/01/01T08:00:00z: SPIFFS Active
 0h00:04.227 2026/05/16T21:37:04z: f0:24:f9:c6:bd:e0
 0h00:04.228 2026/05/16T21:37:04z: SSID: that iPhone
1 BSEC warning code : 100

 ets Jan  8 2013,rst cause:1, boot mode:(3,7)

load 0x4010f000, len 1384, room 16 
tail 8
chksum 0x2d
csum 0x2d
v8b899c12
~ld


7.04
 0h00:00.562 1970/01/01T08:00:00z: SPIFFS Active
 0h00:04.237 2026/05/16T21:56:45z: f0:24:f9:c6:bd:e0
 0h00:04.239 2026/05/16T21:56:45z: SSID: that iPhone
1 BSEC warning code : 100

1 BSEC warning code : 100

 ets Jan  8 2013,rst cause:1, boot mode:(3,7)

load 0x4010f000, len 1384, room 16 
tail 8
chksum 0x2d
csum 0x2d
v8b899c12
~ld


7.04
 0h00:00.505 1970/01/01T08:00:00z: SPIFFS Active
 0h00:04.180 2026/05/16T22:16:26z: f0:24:f9:c6:bd:e0
 0h00:04.181 2026/05/16T22:16:26z: SSID: that iPhone
1 BSEC warning code : 100

 ets Jan  8 2013,rst cause:1, boot mode:(3,7)

load 0x4010f000, len 1384, room 16 
tail 8
chksum 0x2d
csum 0x2d
v8b899c12
~ld


7.04
 0h00:00.504 1970/01/01T08:00:00z: SPIFFS Active
 0h00:04.179 2026/05/16T22:36:06z: f0:24:f9:c6:bd:e0
 0h00:04.181 2026/05/16T22:36:06z: SSID: that iPhone
1 BSEC warning code : 100

1 BSEC warning code : 100

 ets Jan  8 2013,rst cause:1, boot mode:(3,7)

load 0x4010f000, len 1384, room 16 
tail 8
chksum 0x2d
csum 0x2d
v8b899c12
~ld


7.04
 0h00:00.511 1970/01/01T08:00:00z: SPIFFS Active
 0h00:04.188 2026/05/16T22:55:47z: f0:24:f9:c6:bd:e0
 0h00:04.189 2026/05/16T22:55:47z: SSID: that iPhone
1 BSEC warning code : 100

 ets Jan  8 2013,rst cause:1, boot mode:(3,7)

load 0x4010f000, len 1384, room 16 
tail 8
chksum 0x2d
csum 0x2d
v8b899c12
~ld


7.04
 0h00:00.548 1970/01/01T08:00:00z: SPIFFS Active
 0h00:04.225 2026/05/16T23:15:28z: f0:24:f9:c6:bd:e0
 0h00:04.226 2026/05/16T23:15:28z: SSID: that iPhone
1 BSEC warning code : 100

1 BSEC warning code : 100

 ets Jan  8 2013,rst cause:1, boot mode:(3,7)

load 0x4010f000, len 1384, room 16 
tail 8
chksum 0x2d
csum 0x2d
v8b899c12
~ld


7.04
 0h00:00.563 1970/01/01T08:00:00z: SPIFFS Active
 0h00:04.239 2026/05/16T23:35:09z: f0:24:f9:c6:bd:e0
 0h00:04.241 2026/05/16T23:35:09z: SSID: that iPhone
1 BSEC warning code : 100

 ets Jan  8 2013,rst cause:1, boot mode:(3,7)

load 0x4010f000, len 1384, room 16 
tail 8
chksum 0x2d
csum 0x2d
v8b899c12
~ld


7.04
 0h00:00.553 1970/01/01T08:00:00z: SPIFFS Active
 0h00:04.228 2026/05/16T23:54:49z: f0:24:f9:c6:bd:e0
 0h00:04.230 2026/05/16T23:54:49z: SSID: that iPhone
1 BSEC warning code : 100
