
1 BSEC warning code : 100

1 BSEC warning code : 100

 ets Jan  8 2013,rst cause:1, boot mode:(3,7)

load 0x4010f000, len 1384, room 16 
tail 8
chksum 0x2d
csum 0x2d
v8b899c12
~ld


7.04
 0h00:00.521 1970/01/01T08:00:00z: SPIFFS Active
 0h00:04.197 2026/05/26T00:17:53z: f0:24:f9:c6:e4:9e
 0h00:04.199 2026/05/26T00:17:53z: SSID: TEST-STA
1 BSEC warning code : 100

 ets Jan  8 2013,rst cause:1, boot mode:(3,7)

load 0x4010f000, len 1384, room 16 
tail 8
chksum 0x2d
csum 0x2d
v8b899c12
~ld


7.04
 0h00:00.478 1970/01/01T08:00:00z: SPIFFS Active
 0h00:04.154 2026/05/26T00:37:34z: f0:24:f9:c6:e4:9e
 0h00:04.156 2026/05/26T00:37:34z: SSID: TEST-STA
1 BSEC warning code : 100

1 BSEC warning code : 100

 ets Jan  8 2013,rst cause:1, boot mode:(3,7)

load 0x4010f000, len 1384, room 16 
tail 8
chksum 0x2d
csum 0x2d
v8b899c12
~ld


7.04
 0h00:00.482 1970/01/01T08:00:00z: SPIFFS Active
 0h00:04.159 2026/05/26T00:57:14z: f0:24:f9:c6:e4:9e
 0h00:04.161 2026/05/26T00:57:14z: SSID: TEST-STA
1 BSEC warning code : 100

 ets Jan  8 2013,rst cause:1, boot mode:(3,7)

load 0x4010f000, len 1384, room 16 
tail 8
chksum 0x2d
csum 0x2d
v8b899c12
~ld


7.04
 0h00:00.484 1970/01/01T08:00:00z: SPIFFS Active
 0h00:04.161 2026/05/26T01:16:54z: f0:24:f9:c6:e4:9e
 0h00:04.162 2026/05/26T01:16:54z: SSID: TEST-STA
1 BSEC warning code : 100

1 BSEC warning code : 100

 ets Jan  8 2013,rst cause:1, boot mode:(3,7)

load 0x4010f000, len 1384, room 16 
tail 8
chksum 0x2d
csum 0x2d
v8b899c12
~ld


7.04
 0h00:00.476 1970/01/01T08:00:00z: SPIFFS Active
 0h00:04.152 2026/05/26T01:36:35z: f0:24:f9:c6:e4:9e
 0h00:04.154 2026/05/26T01:36:35z: SSID: TEST-STA
1 BSEC warning code : 100

1 BSEC warning code : 100

 ets Jan  8 2013,rst cause:1, boot mode:(3,7)

load 0x4010f000, len 1384, room 16 
tail 8
chksum 0x2d
csum 0x2d
v8b899c12
~ld


7.04
 0h00:00.512 1970/01/01T08:00:00z: SPIFFS Active
 0h00:04.188 2026/05/26T01:56:16z: f0:24:f9:c6:e4:9e
 0h00:04.190 2026/05/26T01:56:16z: SSID: TEST-STA
1 BSEC warning code : 100

 ets Jan  8 2013,rst cause:1, boot mode:(3,7)

load 0x4010f000, len 1384, room 16 
tail 8
chksum 0x2d
csum 0x2d
v8b899c12
~ld


7.04
 0h00:00.472 1970/01/01T08:00:00z: SPIFFS Active
 0h00:04.148 2026/05/26T02:15:56z: f0:24:f9:c6:e4:9e
 0h00:04.150 2026/05/26T02:15:56z: SSID: TEST-STA
1 BSEC warning code : 100

1 BSEC warning code : 100

 ets Jan  8 2013,rst cause:1, boot mode:(3,7)

load 0x4010f000, len 1384, room 16 
tail 8
chksum 0x2d
csum 0x2d
v8b899c12
~ld


7.04
 0h00:00.473 1970/01/01T08:00:00z: SPIFFS Active
 0h00:04.150 2026/05/26T02:35:37z: f0:24:f9:c6:e4:9e
 0h00:04.151 2026/05/26T02:35:37z: SSID: TEST-STA
1 BSEC warning code : 100

 ets Jan  8 2013,rst cause:1, boot mode:(3,7)

load 0x4010f000, len 1384, room 16 
tail 8
chksum 0x2d
csum 0x2d
v8b899c12
~ld


7.04
 0h00:00.476 1970/01/01T08:00:00z: SPIFFS Active
 0h00:04.152 2026/05/26T02:55:17z: f0:24:f9:c6:e4:9e
 0h00:04.154 2026/05/26T02:55:17z: SSID: TEST-STA
1 BSEC warning code : 100

 ets Jan  8 2013,rst cause:1, boot mode:(3,7)

load 0x4010f000, len 1384, room 16 
tail 8
chksum 0x2d
csum 0x2d
v8b899c12
~ld


7.04
 0h00:00.478 1970/01/01T08:00:00z: SPIFFS Active
 0h00:04.155 2026/05/26T03:14:58z: f0:24:f9:c6:e4:9e
 0h00:04.156 2026/05/26T03:14:58z: SSID: TEST-STA
1 BSEC warning code : 100

 ets Jan  8 2013,rst cause:1, boot mode:(3,7)

load 0x4010f000, len 1384, room 16 
tail 8
chksum 0x2d
csum 0x2d
v8b899c12
~ld


7.04
 0h00:00.476 1970/01/01T08:00:00z: SPIFFS Active
 0h00:04.152 2026/05/26T03:34:39z: f0:24:f9:c6:e4:9e
 0h00:04.154 2026/05/26T03:34:39z: SSID: TEST-STA
1 BSEC warning code : 100

 ets Jan  8 2013,rst cause:1, boot mode:(3,7)

load 0x4010f000, len 1384, room 16 
tail 8
chksum 0x2d
csum 0x2d
v8b899c12
~ld


7.04
 0h00:00.477 1970/01/01T08:00:00z: SPIFFS Active
 0h00:04.153 2026/05/26T03:54:20z: f0:24:f9:c6:e4:9e
 0h00:04.154 2026/05/26T03:54:20z: SSID: TEST-STA
1 BSEC warning code : 100

1 BSEC warning code : 100

 ets Jan  8 2013,rst cause:1, boot mode:(3,7)

load 0x4010f000, len 1384, room 16 
tail 8
chksum 0x2d
csum 0x2d
v8b899c12
~ld


7.04
 0h00:00.509 1970/01/01T08:00:00z: SPIFFS Active
 0h00:04.185 2026/05/26T04:14:01z: f0:24:f9:c6:e4:9e
 0h00:04.187 2026/05/26T04:14:01z: SSID: TEST-STA
1 BSEC warning code : 100

 ets Jan  8 2013,rst cause:1, boot mode:(3,7)

load 0x4010f000, len 1384, room 16 
tail 8
chksum 0x2d
csum 0x2d
v8b899c12
~ld


7.04
 0h00:00.474 1970/01/01T08:00:00z: SPIFFS Active
 0h00:04.150 2026/05/26T04:33:41z: f0:24:f9:c6:e4:9e
 0h00:04.152 2026/05/26T04:33:41z: SSID: TEST-STA
1 BSEC warning code : 100

 ets Jan  8 2013,rst cause:1, boot mode:(3,7)

load 0x4010f000, len 1384, room 16 
tail 8
chksum 0x2d
csum 0x2d
v8b899c12
~ld


7.04
 0h00:00.473 1970/01/01T08:00:00z: SPIFFS Active
 0h00:04.150 2026/05/26T04:53:22z: f0:24:f9:c6:e4:9e
 0h00:04.151 2026/05/26T04:53:22z: SSID: TEST-STA
1 BSEC warning code : 100

1 BSEC warning code : 100

 ets Jan  8 2013,rst cause:1, boot mode:(3,7)

load 0x4010f000, len 1384, room 16 
tail 8
chksum 0x2d
csum 0x2d
v8b899c12
~ld


7.04
 0h00:00.484 1970/01/01T08:00:00z: SPIFFS Active
 0h00:04.160 2026/05/26T05:13:02z: f0:24:f9:c6:e4:9e
 0h00:04.162 2026/05/26T05:13:02z: SSID: TEST-STA
1 BSEC warning code : 100

 ets Jan  8 2013,rst cause:1, boot mode:(3,7)

load 0x4010f000, len 1384, room 16 
tail 8
chksum 0x2d
csum 0x2d
v8b899c12
~ld


7.04
 0h00:00.518 1970/01/01T08:00:00z: SPIFFS Active
 0h00:04.194 2026/05/26T05:32:42z: f0:24:f9:c6:e4:9e
 0h00:04.196 2026/05/26T05:32:42z: SSID: TEST-STA
1 BSEC warning code : 100

 ets Jan  8 2013,rst cause:1, boot mode:(3,7)

load 0x4010f000, len 1384, room 16 
tail 8
chksum 0x2d
csum 0x2d
v8b899c12
~ld


7.04
 0h00:00.472 1970/01/01T08:00:00z: SPIFFS Active
 0h00:04.149 2026/05/26T05:52:22z: f0:24:f9:c6:e4:9e
 0h00:04.150 2026/05/26T05:52:22z: SSID: TEST-STA
1 BSEC warning code : 100

 ets Jan  8 2013,rst cause:1, boot mode:(3,7)

load 0x4010f000, len 1384, room 16 
tail 8
chksum 0x2d
csum 0x2d
v8b899c12
~ld


7.04
 0h00:00.520 1970/01/01T08:00:00z: SPIFFS Active
 0h00:04.196 2026/05/26T06:12:03z: f0:24:f9:c6:e4:9e
 0h00:04.198 2026/05/26T06:12:03z: SSID: TEST-STA
1 BSEC warning code : 100

 ets Jan  8 2013,rst cause:1, boot mode:(3,7)

load 0x4010f000, len 1384, room 16 
tail 8
chksum 0x2d
csum 0x2d
v8b899c12
~ld


7.04
 0h00:00.477 1970/01/01T08:00:00z: SPIFFS Active
 0h00:04.153 2026/05/26T06:31:43z: f0:24:f9:c6:e4:9e
 0h00:04.155 2026/05/26T06:31:43z: SSID: TEST-STA
1 BSEC warning code : 100

 ets Jan  8 2013,rst cause:1, boot mode:(3,7)

load 0x4010f000, len 1384, room 16 
tail 8
chksum 0x2d
csum 0x2d
v8b899c12
~ld


7.04
 0h00:00.471 1970/01/01T08:00:00z: SPIFFS Active
 0h00:04.147 2026/05/26T06:51:24z: f0:24:f9:c6:e4:9e
 0h00:04.149 2026/05/26T06:51:24z: SSID: TEST-STA
1 BSEC warning code : 100

 ets Jan  8 2013,rst cause:1, boot mode:(3,7)

load 0x4010f000, len 1384, room 16 
tail 8
chksum 0x2d
csum 0x2d
v8b899c12
~ld


7.04
 0h00:00.479 1970/01/01T08:00:00z: SPIFFS Active
 0h00:04.156 2026/05/26T07:11:05z: f0:24:f9:c6:e4:9e
 0h00:04.157 2026/05/26T07:11:05z: SSID: TEST-STA
1 BSEC warning code : 100

 ets Jan  8 2013,rst cause:1, boot mode:(3,7)

load 0x4010f000, len 1384, room 16 
tail 8
chksum 0x2d
csum 0x2d
v8b899c12
~ld


7.04
 0h00:00.513 1970/01/01T08:00:00z: SPIFFS Active
 0h00:04.190 2026/05/26T07:30:45z: f0:24:f9:c6:e4:9e
 0h00:04.191 2026/05/26T07:30:45z: SSID: TEST-STA
1 BSEC warning code : 100

 ets Jan  8 2013,rst cause:1, boot mode:(3,7)

load 0x4010f000, len 1384, room 16 
tail 8
chksum 0x2d
csum 0x2d
v8b899c12
~ld


7.04
 0h00:00.554 1970/01/01T08:00:00z: SPIFFS Active
 0h00:04.231 2026/05/26T07:50:25z: f0:24:f9:c6:e4:9e
 0h00:04.233 2026/05/26T07:50:25z: SSID: TEST-STA
1 BSEC warning code : 100

1 BSEC warning code : 100

 ets Jan  8 2013,rst cause:1, boot mode:(3,7)

load 0x4010f000, len 1384, room 16 
tail 8
chksum 0x2d
csum 0x2d
v8b899c12
~ld


7.04
 0h00:00.471 1970/01/01T08:00:00z: SPIFFS Active
 0h00:04.148 2026/05/26T08:10:06z: f0:24:f9:c6:e4:9e
 0h00:04.149 2026/05/26T08:10:06z: SSID: TEST-STA
1 BSEC warning code : 100

1 BSEC warning code : 100

 ets Jan  8 2013,rst cause:1, boot mode:(3,7)

load 0x4010f000, len 1384, room 16 
tail 8
chksum 0x2d
csum 0x2d
v8b899c12
~ld


7.04
 0h00:00.515 1970/01/01T08:00:00z: SPIFFS Active
 0h00:04.192 2026/05/26T08:29:47z: f0:24:f9:c6:e4:9e
 0h00:04.194 2026/05/26T08:29:47z: SSID: TEST-STA
1 BSEC warning code : 100

1 BSEC warning code : 100

 ets Jan  8 2013,rst cause:1, boot mode:(3,7)

load 0x4010f000, len 1384, room 16 
tail 8
chksum 0x2d
csum 0x2d
v8b899c12
~ld


7.04
 0h00:00.515 1970/01/01T08:00:00z: SPIFFS Active
 0h00:04.191 2026/05/26T08:49:28z: f0:24:f9:c6:e4:9e
 0h00:04.193 2026/05/26T08:49:28z: SSID: TEST-STA
1 BSEC warning code : 100

 ets Jan  8 2013,rst cause:1, boot mode:(3,7)

load 0x4010f000, len 1384, room 16 
tail 8
chksum 0x2d
csum 0x2d
v8b899c12
~ld


7.04
 0h00:00.567 1970/01/01T08:00:00z: SPIFFS Active
 0h00:04.243 2026/05/26T09:09:08z: f0:24:f9:c6:e4:9e
 0h00:04.245 2026/05/26T09:09:08z: SSID: TEST-STA
1 BSEC warning code : 100

1 BSEC warning code : 100

 ets Jan  8 2013,rst cause:1, boot mode:(3,7)

load 0x4010f000, len 1384, room 16 
tail 8
chksum 0x2d
csum 0x2d
v8b899c12
~ld


7.04
 0h00:00.512 1970/01/01T08:00:00z: SPIFFS Active
 0h00:04.189 2026/05/26T09:28:48z: f0:24:f9:c6:e4:9e
 0h00:04.190 2026/05/26T09:28:48z: SSID: TEST-STA
1 BSEC warning code : 100

 ets Jan  8 2013,rst cause:1, boot mode:(3,7)

load 0x4010f000, len 1384, room 16 
tail 8
chksum 0x2d
csum 0x2d
v8b899c12
~ld


7.04
 0h00:00.477 1970/01/01T08:00:00z: SPIFFS Active
 0h00:04.154 2026/05/26T09:48:29z: f0:24:f9:c6:e4:9e
 0h00:04.155 2026/05/26T09:48:29z: SSID: TEST-STA
1 BSEC warning code : 100

1 BSEC warning code : 100

 ets Jan  8 2013,rst cause:1, boot mode:(3,7)

load 0x4010f000, len 1384, room 16 
tail 8
chksum 0x2d
csum 0x2d
v8b899c12
~ld


7.04
 0h00:00.470 1970/01/01T08:00:00z: SPIFFS Active
 0h00:04.147 2026/05/26T10:08:08z: f0:24:f9:c6:e4:9e
 0h00:04.149 2026/05/26T10:08:08z: SSID: TEST-STA
1 BSEC warning code : 100

1 BSEC warning code : 100

 ets Jan  8 2013,rst cause:1, boot mode:(3,7)

load 0x4010f000, len 1384, room 16 
tail 8
chksum 0x2d
csum 0x2d
v8b899c12
~ld


7.04
 0h00:00.478 1970/01/01T08:00:00z: SPIFFS Active
 0h00:04.155 2026/05/26T10:27:50z: f0:24:f9:c6:e4:9e
 0h00:04.156 2026/05/26T10:27:50z: SSID: TEST-STA
1 BSEC warning code : 100

1 BSEC warning code : 100

 ets Jan  8 2013,rst cause:1, boot mode:(3,7)

load 0x4010f000, len 1384, room 16 
tail 8
chksum 0x2d
csum 0x2d
v8b899c12
~ld


7.04
 0h00:00.551 1970/01/01T08:00:00z: SPIFFS Active
 0h00:04.228 2026/05/26T10:47:30z: f0:24:f9:c6:e4:9e
 0h00:04.229 2026/05/26T10:47:30z: SSID: TEST-STA
1 BSEC warning code : 100

1 BSEC warning code : 100

 ets Jan  8 2013,rst cause:1, boot mode:(3,7)

load 0x4010f000, len 1384, room 16 
tail 8
chksum 0x2d
csum 0x2d
v8b899c12
~ld


7.04
 0h00:00.465 1970/01/01T08:00:00z: SPIFFS Active
 0h00:04.142 2026/05/26T11:07:10z: f0:24:f9:c6:e4:9e
 0h00:04.144 2026/05/26T11:07:10z: SSID: TEST-STA
1 BSEC warning code : 100

 ets Jan  8 2013,rst cause:1, boot mode:(3,7)

load 0x4010f000, len 1384, room 16 
tail 8
chksum 0x2d
csum 0x2d
v8b899c12
~ld


7.04
 0h00:00.479 1970/01/01T08:00:00z: SPIFFS Active
 0h00:04.156 2026/05/26T11:26:51z: f0:24:f9:c6:e4:9e
 0h00:04.157 2026/05/26T11:26:51z: SSID: TEST-STA
1 BSEC warning code : 100

 ets Jan  8 2013,rst cause:1, boot mode:(3,7)

load 0x4010f000, len 1384, room 16 
tail 8
chksum 0x2d
csum 0x2d
v8b899c12
~ld


7.04
 0h00:00.468 1970/01/01T08:00:00z: SPIFFS Active
 0h00:04.145 2026/05/26T11:46:31z: f0:24:f9:c6:e4:9e
 0h00:04.146 2026/05/26T11:46:31z: SSID: TEST-STA
1 BSEC warning code : 100

 ets Jan  8 2013,rst cause:1, boot mode:(3,7)

load 0x4010f000, len 1384, room 16 
tail 8
chksum 0x2d
csum 0x2d
v8b899c12
~ld


7.04
 0h00:00.499 1970/01/01T08:00:00z: SPIFFS Active
 0h00:04.176 2026/05/26T12:06:12z: f0:24:f9:c6:e4:9e
 0h00:04.178 2026/05/26T12:06:12z: SSID: TEST-STA
1 BSEC warning code : 100

1 BSEC warning code : 100

 ets Jan  8 2013,rst cause:1, boot mode:(3,7)

load 0x4010f000, len 1384, room 16 
tail 8
chksum 0x2d
csum 0x2d
v8b899c12
~ld


7.04
 0h00:00.472 1970/01/01T08:00:00z: SPIFFS Active
 0h00:04.149 2026/05/26T12:25:53z: f0:24:f9:c6:e4:9e
 0h00:04.150 2026/05/26T12:25:53z: SSID: TEST-STA
1 BSEC warning code : 100

1 BSEC warning code : 100

 ets Jan  8 2013,rst cause:1, boot mode:(3,7)

load 0x4010f000, len 1384, room 16 
tail 8
chksum 0x2d
csum 0x2d
v8b899c12
~ld


7.04
 0h00:00.518 1970/01/01T08:00:00z: SPIFFS Active
 0h00:04.195 2026/05/26T12:45:33z: f0:24:f9:c6:e4:9e
 0h00:04.197 2026/05/26T12:45:33z: SSID: TEST-STA
1 BSEC warning code : 100

1 BSEC warning code : 100

 ets Jan  8 2013,rst cause:1, boot mode:(3,7)

load 0x4010f000, len 1384, room 16 
tail 8
chksum 0x2d
csum 0x2d
v8b899c12
~ld


7.04
 0h00:00.517 1970/01/01T08:00:00z: SPIFFS Active
 0h00:04.195 2026/05/26T13:05:14z: f0:24:f9:c6:e4:9e
 0h00:04.196 2026/05/26T13:05:14z: SSID: TEST-STA
1 BSEC warning code : 100

 ets Jan  8 2013,rst cause:1, boot mode:(3,7)

load 0x4010f000, len 1384, room 16 
tail 8
chksum 0x2d
csum 0x2d
v8b899c12
~ld


7.04
 0h00:00.467 1970/01/01T08:00:00z: SPIFFS Active
 0h00:04.144 2026/05/26T13:24:54z: f0:24:f9:c6:e4:9e
 0h00:04.146 2026/05/26T13:24:54z: SSID: TEST-STA
1 BSEC warning code : 100

 ets Jan  8 2013,rst cause:1, boot mode:(3,7)

load 0x4010f000, len 1384, room 16 
tail 8
chksum 0x2d
csum 0x2d
v8b899c12
~ld


7.04
 0h00:00.473 1970/01/01T08:00:00z: SPIFFS Active
 0h00:04.150 2026/05/26T13:44:34z: f0:24:f9:c6:e4:9e
 0h00:04.152 2026/05/26T13:44:34z: SSID: TEST-STA
1 BSEC warning code : 100

1 BSEC warning code : 100

 ets Jan  8 2013,rst cause:1, boot mode:(3,7)

load 0x4010f000, len 1384, room 16 
tail 8
chksum 0x2d
csum 0x2d
v8b899c12
~ld


7.04
 0h00:00.520 1970/01/01T08:00:00z: SPIFFS Active
 0h00:04.198 2026/05/26T14:04:15z: f0:24:f9:c6:e4:9e
 0h00:04.199 2026/05/26T14:04:15z: SSID: TEST-STA
1 BSEC warning code : 100

1 BSEC warning code : 100

 ets Jan  8 2013,rst cause:1, boot mode:(3,7)

load 0x4010f000, len 1384, room 16 
tail 8
chksum 0x2d
csum 0x2d
v8b899c12
~ld


7.04
 0h00:00.512 1970/01/01T08:00:00z: SPIFFS Active
 0h00:04.190 2026/05/26T14:23:56z: f0:24:f9:c6:e4:9e
 0h00:04.191 2026/05/26T14:23:56z: SSID: TEST-STA
1 BSEC warning code : 100

1 BSEC warning code : 100

1 BSEC warning code : 100

1 BSEC warning code : 100

1 BSEC warning code : 100

1 BSEC warning code : 100

1 BSEC warning code : 100

 ets Jan  8 2013,rst cause:1, boot mode:(3,7)

load 0x4010f000, len 1384, room 16 
tail 8
chksum 0x2d
csum 0x2d
v8b899c12
~ld


7.04
 0h00:00.464 1970/01/01T08:00:00z: SPIFFS Active
 0h00:04.142 2026/05/26T14:43:36z: f0:24:f9:c6:e4:9e
 0h00:04.143 2026/05/26T14:43:36z: SSID: TEST-STA
1 BSEC warning code : 100

1 BSEC warning code : 100

 ets Jan  8 2013,rst cause:1, boot mode:(3,7)

load 0x4010f000, len 1384, room 16 
tail 8
chksum 0x2d
csum 0x2d
v8b899c12
~ld


7.04
 0h00:00.472 1970/01/01T08:00:00z: SPIFFS Active
 0h00:04.149 2026/05/26T15:03:17z: f0:24:f9:c6:e4:9e
 0h00:04.151 2026/05/26T15:03:17z: SSID: TEST-STA
1 BSEC warning code : 100

 ets Jan  8 2013,rst cause:1, boot mode:(3,7)

load 0x4010f000, len 1384, room 16 
tail 8
chksum 0x2d
csum 0x2d
v8b899c12
~ld


7.04
 0h00:00.478 1970/01/01T08:00:00z: SPIFFS Active
 0h00:04.155 2026/05/26T15:22:57z: f0:24:f9:c6:e4:9e
 0h00:04.157 2026/05/26T15:22:57z: SSID: TEST-STA
1 BSEC warning code : 100

 ets Jan  8 2013,rst cause:1, boot mode:(3,7)

load 0x4010f000, len 1384, room 16 
tail 8
chksum 0x2d
csum 0x2d
v8b899c12
~ld


7.04
 0h00:00.472 1970/01/01T08:00:00z: SPIFFS Active
 0h00:04.150 2026/05/26T15:42:38z: f0:24:f9:c6:e4:9e
 0h00:04.151 2026/05/26T15:42:38z: SSID: TEST-STA
1 BSEC warning code : 100

1 BSEC warning code : 100

 ets Jan  8 2013,rst cause:1, boot mode:(3,7)

load 0x4010f000, len 1384, room 16 
tail 8
chksum 0x2d
csum 0x2d
v8b899c12
~ld


7.04
 0h00:00.486 1970/01/01T08:00:00z: SPIFFS Active
 0h00:04.163 2026/05/26T16:02:19z: f0:24:f9:c6:e4:9e
 0h00:04.164 2026/05/26T16:02:19z: SSID: TEST-STA
1 BSEC warning code : 100

 ets Jan  8 2013,rst cause:1, boot mode:(3,7)

load 0x4010f000, len 1384, room 16 
tail 8
chksum 0x2d
csum 0x2d
v8b899c12
~ld


7.04
 0h00:00.472 1970/01/01T08:00:00z: SPIFFS Active
 0h00:04.149 2026/05/26T16:22:00z: f0:24:f9:c6:e4:9e
 0h00:04.151 2026/05/26T16:22:00z: SSID: TEST-STA
1 BSEC warning code : 100

 ets Jan  8 2013,rst cause:1, boot mode:(3,7)

load 0x4010f000, len 1384, room 16 
tail 8
chksum 0x2d
csum 0x2d
v8b899c12
~ld


7.04
 0h00:00.462 1970/01/01T08:00:00z: SPIFFS Active
 0h00:04.139 2026/05/26T16:41:41z: f0:24:f9:c6:e4:9e
 0h00:04.141 2026/05/26T16:41:41z: SSID: TEST-STA
1 BSEC warning code : 100

1 BSEC warning code : 100

 ets Jan  8 2013,rst cause:1, boot mode:(3,7)

load 0x4010f000, len 1384, room 16 
tail 8
chksum 0x2d
csum 0x2d
v8b899c12
~ld


7.04
 0h00:00.464 1970/01/01T08:00:00z: SPIFFS Active
 0h00:04.141 2026/05/26T17:01:21z: f0:24:f9:c6:e4:9e
 0h00:04.142 2026/05/26T17:01:21z: SSID: TEST-STA
1 BSEC warning code : 100

 ets Jan  8 2013,rst cause:1, boot mode:(3,7)

load 0x4010f000, len 1384, room 16 
tail 8
chksum 0x2d
csum 0x2d
v8b899c12
~ld


7.04
 0h00:00.519 1970/01/01T08:00:00z: SPIFFS Active
 0h00:04.194 2026/05/26T17:21:01z: f0:24:f9:c6:e4:9e
 0h00:04.195 2026/05/26T17:21:01z: SSID: TEST-STA
1 BSEC warning code : 100

 ets Jan  8 2013,rst cause:1, boot mode:(3,7)

load 0x4010f000, len 1384, room 16 
tail 8
chksum 0x2d
csum 0x2d
v8b899c12
~ld


7.04
 0h00:00.473 1970/01/01T08:00:00z: SPIFFS Active
 0h00:04.149 2026/05/26T17:40:41z: f0:24:f9:c6:e4:9e
 0h00:04.150 2026/05/26T17:40:41z: SSID: TEST-STA
1 BSEC warning code : 100

1 BSEC warning code : 100

 ets Jan  8 2013,rst cause:1, boot mode:(3,7)

load 0x4010f000, len 1384, room 16 
tail 8
chksum 0x2d
csum 0x2d
v8b899c12
~ld


7.04
 0h00:00.481 1970/01/01T08:00:00z: SPIFFS Active
 0h00:04.157 2026/05/26T18:00:22z: f0:24:f9:c6:e4:9e
 0h00:04.158 2026/05/26T18:00:22z: SSID: TEST-STA
1 BSEC warning code : 100

 ets Jan  8 2013,rst cause:1, boot mode:(3,7)

load 0x4010f000, len 1384, room 16 
tail 8
chksum 0x2d
csum 0x2d
v8b899c12
~ld


7.04
 0h00:00.463 1970/01/01T08:00:00z: SPIFFS Active
 0h00:04.139 2026/05/26T18:20:03z: f0:24:f9:c6:e4:9e
 0h00:04.140 2026/05/26T18:20:03z: SSID: TEST-STA
1 BSEC warning code : 100

 ets Jan  8 2013,rst cause:1, boot mode:(3,7)

load 0x4010f000, len 1384, room 16 
tail 8
chksum 0x2d
csum 0x2d
v8b899c12
~ld


7.04
 0h00:00.480 1970/01/01T08:00:00z: SPIFFS Active
 0h00:04.157 2026/05/26T18:39:44z: f0:24:f9:c6:e4:9e
 0h00:04.159 2026/05/26T18:39:44z: SSID: TEST-STA
1 BSEC warning code : 100

 ets Jan  8 2013,rst cause:1, boot mode:(3,7)

load 0x4010f000, len 1384, room 16 
tail 8
chksum 0x2d
csum 0x2d
v8b899c12
~ld


7.04
 0h00:00.524 1970/01/01T08:00:00z: SPIFFS Active
 0h00:04.202 2026/05/26T18:59:25z: f0:24:f9:c6:e4:9e
 0h00:04.203 2026/05/26T18:59:25z: SSID: TEST-STA
1 BSEC warning code : 100

 ets Jan  8 2013,rst cause:1, boot mode:(3,7)

load 0x4010f000, len 1384, room 16 
tail 8
chksum 0x2d
csum 0x2d
v8b899c12
~ld


7.04
 0h00:00.470 1970/01/01T08:00:00z: SPIFFS Active
 0h00:04.148 2026/05/26T19:19:05z: f0:24:f9:c6:e4:9e
 0h00:04.149 2026/05/26T19:19:05z: SSID: TEST-STA
1 BSEC warning code : 100

 ets Jan  8 2013,rst cause:1, boot mode:(3,7)

load 0x4010f000, len 1384, room 16 
tail 8
chksum 0x2d
csum 0x2d
v8b899c12
~ld


7.04
 0h00:00.462 1970/01/01T08:00:00z: SPIFFS Active
 0h00:04.139 2026/05/26T19:38:46z: f0:24:f9:c6:e4:9e
 0h00:04.140 2026/05/26T19:38:46z: SSID: TEST-STA
1 BSEC warning code : 100

 ets Jan  8 2013,rst cause:1, boot mode:(3,7)

load 0x4010f000, len 1384, room 16 
tail 8
chksum 0x2d
csum 0x2d
v8b899c12
~ld


7.04
 0h00:00.473 1970/01/01T08:00:00z: SPIFFS Active
 0h00:04.148 2026/05/26T19:58:27z: f0:24:f9:c6:e4:9e
 0h00:04.150 2026/05/26T19:58:27z: SSID: TEST-STA
1 BSEC warning code : 100

 ets Jan  8 2013,rst cause:1, boot mode:(3,7)

load 0x4010f000, len 1384, room 16 
tail 8
chksum 0x2d
csum 0x2d
v8b899c12
~ld


7.04
 0h00:00.467 1970/01/01T08:00:00z: SPIFFS Active
 0h00:04.143 2026/05/26T20:18:08z: f0:24:f9:c6:e4:9e
 0h00:04.144 2026/05/26T20:18:08z: SSID: TEST-STA
1 BSEC warning code : 100

1 BSEC warning code : 100

 ets Jan  8 2013,rst cause:1, boot mode:(3,7)

load 0x4010f000, len 1384, room 16 
tail 8
chksum 0x2d
csum 0x2d
v8b899c12
~ld


7.04
 0h00:00.477 1970/01/01T08:00:00z: SPIFFS Active
 0h00:04.152 2026/05/26T20:37:49z: f0:24:f9:c6:e4:9e
 0h00:04.154 2026/05/26T20:37:49z: SSID: TEST-STA
1 BSEC warning code : 100

1 BSEC warning code : 100

 ets Jan  8 2013,rst cause:1, boot mode:(3,7)

load 0x4010f000, len 1384, room 16 
tail 8
chksum 0x2d
csum 0x2d
v8b899c12
~ld


7.04
 0h00:00.472 1970/01/01T08:00:00z: SPIFFS Active
 0h00:04.147 2026/05/26T20:57:29z: f0:24:f9:c6:e4:9e
 0h00:04.149 2026/05/26T20:57:29z: SSID: TEST-STA
1 BSEC warning code : 100

1 BSEC warning code : 100

 ets Jan  8 2013,rst cause:1, boot mode:(3,7)

load 0x4010f000, len 1384, room 16 
tail 8
chksum 0x2d
csum 0x2d
v8b899c12
~ld


7.04
 0h00:00.466 1970/01/01T08:00:00z: SPIFFS Active
 0h00:04.141 2026/05/26T21:17:10z: f0:24:f9:c6:e4:9e
 0h00:04.143 2026/05/26T21:17:10z: SSID: TEST-STA
1 BSEC warning code : 100

 ets Jan  8 2013,rst cause:1, boot mode:(3,7)

load 0x4010f000, len 1384, room 16 
tail 8
chksum 0x2d
csum 0x2d
v8b899c12
~ld


7.04
 0h00:00.508 1970/01/01T08:00:00z: SPIFFS Active
 0h00:04.184 2026/05/26T21:36:51z: f0:24:f9:c6:e4:9e
 0h00:04.185 2026/05/26T21:36:51z: SSID: TEST-STA
1 BSEC warning code : 100

 ets Jan  8 2013,rst cause:1, boot mode:(3,7)

load 0x4010f000, len 1384, room 16 
tail 8
chksum 0x2d
csum 0x2d
v8b899c12
~ld


7.04
 0h00:00.470 1970/01/01T08:00:00z: SPIFFS Active
 0h00:04.145 2026/05/26T21:56:31z: f0:24:f9:c6:e4:9e
 0h00:04.147 2026/05/26T21:56:31z: SSID: TEST-STA
1 BSEC warning code : 100

1 BSEC warning code : 100

 ets Jan  8 2013,rst cause:1, boot mode:(3,7)

load 0x4010f000, len 1384, room 16 
tail 8
chksum 0x2d
csum 0x2d
v8b899c12
~ld


7.04
 0h00:00.471 1970/01/01T08:00:00z: SPIFFS Active
 0h00:04.146 2026/05/26T22:16:13z: f0:24:f9:c6:e4:9e
 0h00:04.148 2026/05/26T22:16:13z: SSID: TEST-STA
1 BSEC warning code : 100

 ets Jan  8 2013,rst cause:1, boot mode:(3,7)

load 0x4010f000, len 1384, room 16 
tail 8
chksum 0x2d
csum 0x2d
v8b899c12
~ld


7.04
 0h00:00.467 1970/01/01T08:00:00z: SPIFFS Active
 0h00:04.143 2026/05/26T22:35:53z: f0:24:f9:c6:e4:9e
 0h00:04.144 2026/05/26T22:35:53z: SSID: TEST-STA
1 BSEC warning code : 100

1 BSEC warning code : 100

 ets Jan  8 2013,rst cause:1, boot mode:(3,7)

load 0x4010f000, len 1384, room 16 
tail 8
chksum 0x2d
csum 0x2d
v8b899c12
~ld


7.04
 0h00:00.464 1970/01/01T08:00:00z: SPIFFS Active
 0h00:04.140 2026/05/26T22:55:33z: f0:24:f9:c6:e4:9e
 0h00:04.142 2026/05/26T22:55:33z: SSID: TEST-STA
1 BSEC warning code : 100

 ets Jan  8 2013,rst cause:1, boot mode:(3,7)

load 0x4010f000, len 1384, room 16 
tail 8
chksum 0x2d
csum 0x2d
v8b899c12
~ld


7.04
 0h00:00.470 1970/01/01T08:00:00z: SPIFFS Active
 0h00:04.146 2026/05/26T23:15:13z: f0:24:f9:c6:e4:9e
 0h00:04.148 2026/05/26T23:15:13z: SSID: TEST-STA
1 BSEC warning code : 100

 ets Jan  8 2013,rst cause:1, boot mode:(3,7)

load 0x4010f000, len 1384, room 16 
tail 8
chksum 0x2d
csum 0x2d
v8b899c12
~ld


7.04
 0h00:00.467 1970/01/01T08:00:00z: SPIFFS Active
 0h00:04.143 2026/05/26T23:34:54z: f0:24:f9:c6:e4:9e
 0h00:04.144 2026/05/26T23:34:54z: SSID: TEST-STA
1 BSEC warning code : 100

1 BSEC warning code : 100

 ets Jan  8 2013,rst cause:1, boot mode:(3,7)

load 0x4010f000, len 1384, room 16 
tail 8
chksum 0x2d
csum 0x2d
v8b899c12
~ld


7.04
 0h00:00.468 1970/01/01T08:00:00z: SPIFFS Active
 0h00:04.144 2026/05/26T23:54:35z: f0:24:f9:c6:e4:9e
 0h00:04.146 2026/05/26T23:54:35z: SSID: TEST-STA
1 BSEC warning code : 100
