
1 BSEC warning code : 100

1 BSEC warning code : 100

 ets Jan  8 2013,rst cause:1, boot mode:(3,6)

load 0x4010f000, len 1384, room 16 
tail 8
chksum 0x2d
csum 0x2d
v8b899c12
~ld


7.04
 0h00:00.485 1970/01/01T08:00:00z: SPIFFS Active
 0h00:04.161 2026/05/04T00:16:47z: f0:24:f9:c6:75:f1
 0h00:04.163 2026/05/04T00:16:47z: SSID: wifi
1 BSEC warning code : 100

 ets Jan  8 2013,rst cause:1, boot mode:(3,6)

load 0x4010f000, len 1384, room 16 
tail 8
chksum 0x2d
csum 0x2d
v8b899c12
~ld


7.04
 0h00:00.481 1970/01/01T08:00:00z: SPIFFS Active
 0h00:04.156 2026/05/04T00:36:27z: f0:24:f9:c6:75:f1
 0h00:04.158 2026/05/04T00:36:27z: SSID: wifi
1 BSEC warning code : 100

1 BSEC warning code : 100

 ets Jan  8 2013,rst cause:1, boot mode:(3,6)

load 0x4010f000, len 1384, room 16 
tail 8
chksum 0x2d
csum 0x2d
v8b899c12
~ld


7.04
 0h00:00.532 1970/01/01T08:00:00z: SPIFFS Active
 0h00:04.208 2026/05/04T00:56:08z: f0:24:f9:c6:75:f1
 0h00:04.210 2026/05/04T00:56:08z: SSID: wifi
1 BSEC warning code : 100

 ets Jan  8 2013,rst cause:1, boot mode:(3,6)

load 0x4010f000, len 1384, room 16 
tail 8
chksum 0x2d
csum 0x2d
v8b899c12
~ld


7.04
 0h00:00.562 1970/01/01T08:00:00z: SPIFFS Active
 0h00:04.238 2026/05/04T01:15:49z: f0:24:f9:c6:75:f1
 0h00:04.239 2026/05/04T01:15:49z: SSID: wifi
1 BSEC warning code : 100

 ets Jan  8 2013,rst cause:1, boot mode:(3,6)

load 0x4010f000, len 1384, room 16 
tail 8
chksum 0x2d
csum 0x2d
v8b899c12
~ld


7.04
 0h00:00.526 1970/01/01T08:00:00z: SPIFFS Active
 0h00:04.202 2026/05/04T01:35:29z: f0:24:f9:c6:75:f1
 0h00:04.203 2026/05/04T01:35:29z: SSID: wifi
1 BSEC warning code : 100

 ets Jan  8 2013,rst cause:1, boot mode:(3,6)

load 0x4010f000, len 1384, room 16 
tail 8
chksum 0x2d
csum 0x2d
v8b899c12
~ld


7.04
 0h00:00.495 1970/01/01T08:00:00z: SPIFFS Active
 0h00:04.171 2026/05/04T01:55:10z: f0:24:f9:c6:75:f1
 0h00:04.172 2026/05/04T01:55:10z: SSID: wifi
1 BSEC warning code : 100

 ets Jan  8 2013,rst cause:1, boot mode:(3,6)

load 0x4010f000, len 1384, room 16 
tail 8
chksum 0x2d
csum 0x2d
v8b899c12
~ld


7.04
 0h00:00.533 1970/01/01T08:00:00z: SPIFFS Active
 0h00:04.209 2026/05/04T02:14:51z: f0:24:f9:c6:75:f1
 0h00:04.211 2026/05/04T02:14:51z: SSID: wifi
1 BSEC warning code : 100

 ets Jan  8 2013,rst cause:1, boot mode:(3,6)

load 0x4010f000, len 1384, room 16 
tail 8
chksum 0x2d
csum 0x2d
v8b899c12
~ld


7.04
 0h00:00.492 1970/01/01T08:00:00z: SPIFFS Active
 0h00:04.167 2026/05/04T02:34:32z: f0:24:f9:c6:75:f1
 0h00:04.169 2026/05/04T02:34:32z: SSID: wifi
1 BSEC warning code : 100

 ets Jan  8 2013,rst cause:1, boot mode:(3,6)

load 0x4010f000, len 1384, room 16 
tail 8
chksum 0x2d
csum 0x2d
v8b899c12
~ld


7.04
 0h00:00.483 1970/01/01T08:00:00z: SPIFFS Active
 0h00:04.159 2026/05/04T02:54:13z: f0:24:f9:c6:75:f1
 0h00:04.161 2026/05/04T02:54:13z: SSID: wifi
1 BSEC warning code : 100

 ets Jan  8 2013,rst cause:1, boot mode:(3,6)

load 0x4010f000, len 1384, room 16 
tail 8
chksum 0x2d
csum 0x2d
v8b899c12
~ld


7.04
 0h00:00.485 1970/01/01T08:00:00z: SPIFFS Active
 0h00:04.161 2026/05/04T03:13:53z: f0:24:f9:c6:75:f1
 0h00:04.163 2026/05/04T03:13:53z: SSID: wifi
1 BSEC warning code : 100

1 BSEC warning code : 100

 ets Jan  8 2013,rst cause:1, boot mode:(3,6)

load 0x4010f000, len 1384, room 16 
tail 8
chksum 0x2d
csum 0x2d
v8b899c12
~ld


7.04
 0h00:00.539 1970/01/01T08:00:00z: SPIFFS Active
 0h00:04.215 2026/05/04T03:33:34z: f0:24:f9:c6:75:f1
 0h00:04.216 2026/05/04T03:33:34z: SSID: wifi
1 BSEC warning code : 100

1 BSEC warning code : 100

 ets Jan  8 2013,rst cause:1, boot mode:(3,6)

load 0x4010f000, len 1384, room 16 
tail 8
chksum 0x2d
csum 0x2d
v8b899c12
~ld


7.04
 0h00:00.493 1970/01/01T08:00:00z: SPIFFS Active
 0h00:04.169 2026/05/04T03:53:15z: f0:24:f9:c6:75:f1
 0h00:04.171 2026/05/04T03:53:15z: SSID: wifi
1 BSEC warning code : 100

 ets Jan  8 2013,rst cause:1, boot mode:(3,6)

load 0x4010f000, len 1384, room 16 
tail 8
chksum 0x2d
csum 0x2d
v8b899c12
~ld


7.04
 0h00:00.498 1970/01/01T08:00:00z: SPIFFS Active
 0h00:04.175 2026/05/04T04:12:55z: f0:24:f9:c6:75:f1
 0h00:04.176 2026/05/04T04:12:55z: SSID: wifi
1 BSEC warning code : 100

1 BSEC warning code : 100

 ets Jan  8 2013,rst cause:1, boot mode:(3,6)

load 0x4010f000, len 1384, room 16 
tail 8
chksum 0x2d
csum 0x2d
v8b899c12
~ld


7.04
 0h00:00.540 1970/01/01T08:00:00z: SPIFFS Active
 0h00:04.216 2026/05/04T04:32:35z: f0:24:f9:c6:75:f1
 0h00:04.218 2026/05/04T04:32:35z: SSID: wifi
1 BSEC warning code : 100

 ets Jan  8 2013,rst cause:1, boot mode:(3,6)

load 0x4010f000, len 1384, room 16 
tail 8
chksum 0x2d
csum 0x2d
v8b899c12
~ld


7.04
 0h00:00.498 1970/01/01T08:00:00z: SPIFFS Active
 0h00:04.175 2026/05/04T04:52:15z: f0:24:f9:c6:75:f1
 0h00:04.176 2026/05/04T04:52:15z: SSID: wifi
1 BSEC warning code : 100

1 BSEC warning code : 100

 ets Jan  8 2013,rst cause:1, boot mode:(3,6)

load 0x4010f000, len 1384, room 16 
tail 8
chksum 0x2d
csum 0x2d
v8b899c12
~ld


7.04
 0h00:00.531 1970/01/01T08:00:00z: SPIFFS Active
 0h00:04.208 2026/05/04T05:11:57z: f0:24:f9:c6:75:f1
 0h00:04.209 2026/05/04T05:11:57z: SSID: wifi
1 BSEC warning code : 100

1 BSEC warning code : 100

 ets Jan  8 2013,rst cause:1, boot mode:(3,6)

load 0x4010f000, len 1384, room 16 
tail 8
chksum 0x2d
csum 0x2d
v8b899c12
~ld


7.04
 0h00:00.542 1970/01/01T08:00:00z: SPIFFS Active
 0h00:04.218 2026/05/04T05:31:38z: f0:24:f9:c6:75:f1
 0h00:04.220 2026/05/04T05:31:38z: SSID: wifi
1 BSEC warning code : 100

 ets Jan  8 2013,rst cause:1, boot mode:(3,6)

load 0x4010f000, len 1384, room 16 
tail 8
chksum 0x2d
csum 0x2d
v8b899c12
~ld


7.04
 0h00:00.537 1970/01/01T08:00:00z: SPIFFS Active
 0h00:04.213 2026/05/04T05:51:19z: f0:24:f9:c6:75:f1
 0h00:04.215 2026/05/04T05:51:19z: SSID: wifi
1 BSEC warning code : 100

1 BSEC warning code : 100

 ets Jan  8 2013,rst cause:1, boot mode:(3,6)

load 0x4010f000, len 1384, room 16 
tail 8
chksum 0x2d
csum 0x2d
v8b899c12
~ld


7.04
 0h00:00.496 1970/01/01T08:00:00z: SPIFFS Active
 0h00:04.172 2026/05/04T06:10:59z: f0:24:f9:c6:75:f1
 0h00:04.174 2026/05/04T06:10:59z: SSID: wifi
1 BSEC warning code : 100

 ets Jan  8 2013,rst cause:1, boot mode:(3,6)

load 0x4010f000, len 1384, room 16 
tail 8
chksum 0x2d
csum 0x2d
v8b899c12
~ld


7.04
 0h00:00.506 1970/01/01T08:00:00z: SPIFFS Active
 0h00:04.182 2026/05/04T06:30:40z: f0:24:f9:c6:75:f1
 0h00:04.183 2026/05/04T06:30:40z: SSID: wifi
1 BSEC warning code : 100

 ets Jan  8 2013,rst cause:1, boot mode:(3,6)

load 0x4010f000, len 1384, room 16 
tail 8
chksum 0x2d
csum 0x2d
v8b899c12
~ld


7.04
 0h00:00.499 1970/01/01T08:00:00z: SPIFFS Active
 0h00:04.175 2026/05/04T06:50:21z: f0:24:f9:c6:75:f1
 0h00:04.177 2026/05/04T06:50:21z: SSID: wifi
1 BSEC warning code : 100

 ets Jan  8 2013,rst cause:1, boot mode:(3,6)

load 0x4010f000, len 1384, room 16 
tail 8
chksum 0x2d
csum 0x2d
v8b899c12
~ld


7.04
 0h00:00.542 1970/01/01T08:00:00z: SPIFFS Active
 0h00:04.218 2026/05/04T07:10:02z: f0:24:f9:c6:75:f1
 0h00:04.219 2026/05/04T07:10:02z: SSID: wifi
1 BSEC warning code : 100

1 BSEC warning code : 100

 ets Jan  8 2013,rst cause:1, boot mode:(3,6)

load 0x4010f000, len 1384, room 16 
tail 8
chksum 0x2d
csum 0x2d
v8b899c12
~ld


7.04
 0h00:00.507 1970/01/01T08:00:00z: SPIFFS Active
 0h00:04.183 2026/05/04T07:29:43z: f0:24:f9:c6:75:f1
 0h00:04.184 2026/05/04T07:29:43z: SSID: wifi
1 BSEC warning code : 100

 ets Jan  8 2013,rst cause:1, boot mode:(3,6)

load 0x4010f000, len 1384, room 16 
tail 8
chksum 0x2d
csum 0x2d
v8b899c12
~ld


7.04
 0h00:00.545 1970/01/01T08:00:00z: SPIFFS Active
 0h00:04.222 2026/05/04T07:49:24z: f0:24:f9:c6:75:f1
 0h00:04.223 2026/05/04T07:49:24z: SSID: wifi
1 BSEC warning code : 100

 ets Jan  8 2013,rst cause:1, boot mode:(3,6)

load 0x4010f000, len 1384, room 16 
tail 8
chksum 0x2d
csum 0x2d
v8b899c12
~ld


7.04
 0h00:00.497 1970/01/01T08:00:00z: SPIFFS Active
 0h00:04.173 2026/05/04T08:09:04z: f0:24:f9:c6:75:f1
 0h00:04.175 2026/05/04T08:09:04z: SSID: wifi
1 BSEC warning code : 100

 ets Jan  8 2013,rst cause:1, boot mode:(3,6)

load 0x4010f000, len 1384, room 16 
tail 8
chksum 0x2d
csum 0x2d
v8b899c12
~ld


7.04
 0h00:00.495 1970/01/01T08:00:00z: SPIFFS Active
 0h00:04.171 2026/05/04T08:28:45z: f0:24:f9:c6:75:f1
 0h00:04.173 2026/05/04T08:28:45z: SSID: wifi
1 BSEC warning code : 100

1 BSEC warning code : 100

 ets Jan  8 2013,rst cause:1, boot mode:(3,6)

load 0x4010f000, len 1384, room 16 
tail 8
chksum 0x2d
csum 0x2d
v8b899c12
~ld


7.04
 0h00:00.541 1970/01/01T08:00:00z: SPIFFS Active
 0h00:04.217 2026/05/04T08:48:25z: f0:24:f9:c6:75:f1
 0h00:04.219 2026/05/04T08:48:25z: SSID: wifi
1 BSEC warning code : 100

 ets Jan  8 2013,rst cause:1, boot mode:(3,6)

load 0x4010f000, len 1384, room 16 
tail 8
chksum 0x2d
csum 0x2d
v8b899c12
~ld


7.04
 0h00:00.600 1970/01/01T08:00:00z: SPIFFS Active
 0h00:04.277 2026/05/04T09:08:06z: f0:24:f9:c6:75:f1
 0h00:04.278 2026/05/04T09:08:06z: SSID: wifi
1 BSEC warning code : 100

1 BSEC warning code : 100

 ets Jan  8 2013,rst cause:1, boot mode:(3,6)

load 0x4010f000, len 1384, room 16 
tail 8
chksum 0x2d
csum 0x2d
v8b899c12
~ld


7.04
 0h00:00.537 1970/01/01T08:00:00z: SPIFFS Active
 0h00:04.213 2026/05/04T09:27:46z: f0:24:f9:c6:75:f1
 0h00:04.215 2026/05/04T09:27:46z: SSID: wifi
1 BSEC warning code : 100

 ets Jan  8 2013,rst cause:1, boot mode:(3,6)

load 0x4010f000, len 1384, room 16 
tail 8
chksum 0x2d
csum 0x2d
v8b899c12
~ld


7.04
 0h00:00.499 1970/01/01T08:00:00z: SPIFFS Active
 0h00:04.176 2026/05/04T09:47:27z: f0:24:f9:c6:75:f1
 0h00:04.177 2026/05/04T09:47:27z: SSID: wifi
1 BSEC warning code : 100

 ets Jan  8 2013,rst cause:1, boot mode:(3,6)

load 0x4010f000, len 1384, room 16 
tail 8
chksum 0x2d
csum 0x2d
v8b899c12
~ld


7.04
 0h00:00.501 1970/01/01T08:00:00z: SPIFFS Active
 0h00:04.177 2026/05/04T10:07:08z: f0:24:f9:c6:75:f1
 0h00:04.179 2026/05/04T10:07:08z: SSID: wifi
1 BSEC warning code : 100

1 BSEC warning code : 100

 ets Jan  8 2013,rst cause:1, boot mode:(3,6)

load 0x4010f000, len 1384, room 16 
tail 8
chksum 0x2d
csum 0x2d
v8b899c12
~ld


7.04
 0h00:00.503 1970/01/01T08:00:00z: SPIFFS Active
 0h00:04.180 2026/05/04T10:26:49z: f0:24:f9:c6:75:f1
 0h00:04.181 2026/05/04T10:26:49z: SSID: wifi
1 BSEC warning code : 100

 ets Jan  8 2013,rst cause:1, boot mode:(3,6)

load 0x4010f000, len 1384, room 16 
tail 8
chksum 0x2d
csum 0x2d
v8b899c12
~ld


7.04
 0h00:00.559 1970/01/01T08:00:00z: SPIFFS Active
 0h00:04.236 2026/05/04T10:46:29z: f0:24:f9:c6:75:f1
 0h00:04.238 2026/05/04T10:46:29z: SSID: wifi
1 BSEC warning code : 100

 ets Jan  8 2013,rst cause:1, boot mode:(3,6)

load 0x4010f000, len 1384, room 16 
tail 8
chksum 0x2d
csum 0x2d
v8b899c12
~ld


7.04
 0h00:00.509 1970/01/01T08:00:00z: SPIFFS Active
 0h00:04.185 2026/05/04T11:06:10z: f0:24:f9:c6:75:f1
 0h00:04.187 2026/05/04T11:06:10z: SSID: wifi
1 BSEC warning code : 100

 ets Jan  8 2013,rst cause:1, boot mode:(3,6)

load 0x4010f000, len 1384, room 16 
tail 8
chksum 0x2d
csum 0x2d
v8b899c12
~ld


7.04
 0h00:00.552 1970/01/01T08:00:00z: SPIFFS Active
 0h00:04.229 2026/05/04T11:25:51z: f0:24:f9:c6:75:f1
 0h00:04.230 2026/05/04T11:25:51z: SSID: wifi
1 BSEC warning code : 100

 ets Jan  8 2013,rst cause:1, boot mode:(3,6)

load 0x4010f000, len 1384, room 16 
tail 8
chksum 0x2d
csum 0x2d
v8b899c12
~ld


7.04
 0h00:00.503 1970/01/01T08:00:00z: SPIFFS Active
 0h00:04.180 2026/05/04T11:45:31z: f0:24:f9:c6:75:f1
 0h00:04.181 2026/05/04T11:45:31z: SSID: wifi
1 BSEC warning code : 100

 ets Jan  8 2013,rst cause:1, boot mode:(3,6)

load 0x4010f000, len 1384, room 16 
tail 8
chksum 0x2d
csum 0x2d
v8b899c12
~ld


7.04
 0h00:00.545 1970/01/01T08:00:00z: SPIFFS Active
 0h00:04.222 2026/05/04T12:05:11z: f0:24:f9:c6:75:f1
 0h00:04.224 2026/05/04T12:05:11z: SSID: wifi
1 BSEC warning code : 100

1 BSEC warning code : 100

 ets Jan  8 2013,rst cause:1, boot mode:(3,6)

load 0x4010f000, len 1384, room 16 
tail 8
chksum 0x2d
csum 0x2d
v8b899c12
~ld


7.04
 0h00:00.550 1970/01/01T08:00:00z: SPIFFS Active
 0h00:04.227 2026/05/04T12:24:52z: f0:24:f9:c6:75:f1
 0h00:04.229 2026/05/04T12:24:52z: SSID: wifi
1 BSEC warning code : 100

 ets Jan  8 2013,rst cause:1, boot mode:(3,6)

load 0x4010f000, len 1384, room 16 
tail 8
chksum 0x2d
csum 0x2d
v8b899c12
~ld


7.04
 0h00:00.586 1970/01/01T08:00:00z: SPIFFS Active
 0h00:04.263 2026/05/04T12:44:33z: f0:24:f9:c6:75:f1
 0h00:04.264 2026/05/04T12:44:33z: SSID: wifi
1 BSEC warning code : 100

 ets Jan  8 2013,rst cause:1, boot mode:(3,6)

load 0x4010f000, len 1384, room 16 
tail 8
chksum 0x2d
csum 0x2d
v8b899c12
~ld


7.04
 0h00:00.512 1970/01/01T08:00:00z: SPIFFS Active
 0h00:04.189 2026/05/04T13:04:14z: f0:24:f9:c6:75:f1
 0h00:04.190 2026/05/04T13:04:14z: SSID: wifi
1 BSEC warning code : 100

 ets Jan  8 2013,rst cause:1, boot mode:(3,6)

load 0x4010f000, len 1384, room 16 
tail 8
chksum 0x2d
csum 0x2d
v8b899c12
~ld


7.04
 0h00:00.594 1970/01/01T08:00:00z: SPIFFS Active
 0h00:04.271 2026/05/04T13:23:55z: f0:24:f9:c6:75:f1
 0h00:04.272 2026/05/04T13:23:55z: SSID: wifi
1 BSEC warning code : 100

 ets Jan  8 2013,rst cause:1, boot mode:(3,6)

load 0x4010f000, len 1384, room 16 
tail 8
chksum 0x2d
csum 0x2d
v8b899c12
~ld


7.04
 0h00:00.589 1970/01/01T08:00:00z: SPIFFS Active
 0h00:04.266 2026/05/04T13:43:35z: f0:24:f9:c6:75:f1
 0h00:04.267 2026/05/04T13:43:35z: SSID: wifi
1 BSEC warning code : 100

 ets Jan  8 2013,rst cause:1, boot mode:(3,6)

load 0x4010f000, len 1384, room 16 
tail 8
chksum 0x2d
csum 0x2d
v8b899c12
~ld


7.04
 0h00:00.548 1970/01/01T08:00:00z: SPIFFS Active
 0h00:04.225 2026/05/04T14:03:16z: f0:24:f9:c6:75:f1
 0h00:04.226 2026/05/04T14:03:16z: SSID: wifi
1 BSEC warning code : 100

 ets Jan  8 2013,rst cause:1, boot mode:(3,6)

load 0x4010f000, len 1384, room 16 
tail 8
chksum 0x2d
csum 0x2d
v8b899c12
~ld


7.04
 0h00:00.595 1970/01/01T08:00:00z: SPIFFS Active
 0h00:04.270 2026/05/04T14:22:57z: f0:24:f9:c6:75:f1
 0h00:04.271 2026/05/04T14:22:57z: SSID: wifi
1 BSEC warning code : 100

 ets Jan  8 2013,rst cause:1, boot mode:(3,6)

load 0x4010f000, len 1384, room 16 
tail 8
chksum 0x2d
csum 0x2d
v8b899c12
~ld


7.04
 0h00:00.493 1970/01/01T08:00:00z: SPIFFS Active
 0h00:04.168 2026/05/04T14:42:38z: f0:24:f9:c6:75:f1
 0h00:04.170 2026/05/04T14:42:38z: SSID: wifi
1 BSEC warning code : 100

 ets Jan  8 2013,rst cause:1, boot mode:(3,6)

load 0x4010f000, len 1384, room 16 
tail 8
chksum 0x2d
csum 0x2d
v8b899c12
~ld


7.04
 0h00:00.500 1970/01/01T08:00:00z: SPIFFS Active
 0h00:04.175 2026/05/04T15:02:19z: f0:24:f9:c6:75:f1
 0h00:04.177 2026/05/04T15:02:19z: SSID: wifi
1 BSEC warning code : 100

 ets Jan  8 2013,rst cause:1, boot mode:(3,6)

load 0x4010f000, len 1384, room 16 
tail 8
chksum 0x2d
csum 0x2d
v8b899c12
~ld


7.04
 0h00:00.493 1970/01/01T08:00:00z: SPIFFS Active
 0h00:04.168 2026/05/04T15:22:00z: f0:24:f9:c6:75:f1
 0h00:04.170 2026/05/04T15:22:00z: SSID: wifi
1 BSEC warning code : 100

1 BSEC warning code : 100

 ets Jan  8 2013,rst cause:1, boot mode:(3,6)

load 0x4010f000, len 1384, room 16 
tail 8
chksum 0x2d
csum 0x2d
v8b899c12
~ld


7.04
 0h00:00.544 1970/01/01T08:00:00z: SPIFFS Active
 0h00:04.221 2026/05/04T15:41:40z: f0:24:f9:c6:75:f1
 0h00:04.222 2026/05/04T15:41:40z: SSID: wifi
1 BSEC warning code : 100

 ets Jan  8 2013,rst cause:1, boot mode:(3,6)

load 0x4010f000, len 1384, room 16 
tail 8
chksum 0x2d
csum 0x2d
v8b899c12
~ld


7.04
 0h00:00.543 1970/01/01T08:00:00z: SPIFFS Active
 0h00:04.220 2026/05/04T16:01:21z: f0:24:f9:c6:75:f1
 0h00:04.221 2026/05/04T16:01:21z: SSID: wifi
1 BSEC warning code : 100

1 BSEC warning code : 100

 ets Jan  8 2013,rst cause:1, boot mode:(3,6)

load 0x4010f000, len 1384, room 16 
tail 8
chksum 0x2d
csum 0x2d
v8b899c12
~ld


7.04
 0h00:00.525 1970/01/01T08:00:00z: SPIFFS Active
 0h00:04.202 2026/05/04T16:21:02z: f0:24:f9:c6:75:f1
 0h00:04.203 2026/05/04T16:21:02z: SSID: wifi
1 BSEC warning code : 100

 ets Jan  8 2013,rst cause:1, boot mode:(3,6)

load 0x4010f000, len 1384, room 16 
tail 8
chksum 0x2d
csum 0x2d
v8b899c12
~ld


7.04
 0h00:00.492 1970/01/01T08:00:00z: SPIFFS Active
 0h00:04.167 2026/05/04T16:40:43z: f0:24:f9:c6:75:f1
 0h00:04.169 2026/05/04T16:40:43z: SSID: wifi
1 BSEC warning code : 100

 ets Jan  8 2013,rst cause:1, boot mode:(3,6)

load 0x4010f000, len 1384, room 16 
tail 8
chksum 0x2d
csum 0x2d
v8b899c12
~ld


7.04
 0h00:00.533 1970/01/01T08:00:00z: SPIFFS Active
 0h00:04.208 2026/05/04T17:00:24z: f0:24:f9:c6:75:f1
 0h00:04.210 2026/05/04T17:00:24z: SSID: wifi
1 BSEC warning code : 100

1 BSEC warning code : 100

 ets Jan  8 2013,rst cause:1, boot mode:(3,6)

load 0x4010f000, len 1384, room 16 
tail 8
chksum 0x2d
csum 0x2d
v8b899c12
~ld


7.04
 0h00:00.533 1970/01/01T08:00:00z: SPIFFS Active
 0h00:04.208 2026/05/04T17:20:05z: f0:24:f9:c6:75:f1
 0h00:04.209 2026/05/04T17:20:05z: SSID: wifi
1 BSEC warning code : 100

 ets Jan  8 2013,rst cause:1, boot mode:(3,6)

load 0x4010f000, len 1384, room 16 
tail 8
chksum 0x2d
csum 0x2d
v8b899c12
~ld


7.04
 0h00:00.528 1970/01/01T08:00:00z: SPIFFS Active
 0h00:04.203 2026/05/04T17:39:46z: f0:24:f9:c6:75:f1
 0h00:04.205 2026/05/04T17:39:46z: SSID: wifi
1 BSEC warning code : 100

1 BSEC warning code : 100

 ets Jan  8 2013,rst cause:1, boot mode:(3,6)

load 0x4010f000, len 1384, room 16 
tail 8
chksum 0x2d
csum 0x2d
v8b899c12
~ld


7.04
 0h00:00.542 1970/01/01T08:00:00z: SPIFFS Active
 0h00:04.217 2026/05/04T17:59:27z: f0:24:f9:c6:75:f1
 0h00:04.219 2026/05/04T17:59:27z: SSID: wifi
1 BSEC warning code : 100

1 BSEC warning code : 100

 ets Jan  8 2013,rst cause:1, boot mode:(3,6)

load 0x4010f000, len 1384, room 16 
tail 8
chksum 0x2d
csum 0x2d
v8b899c12
~ld


7.04
 0h00:00.587 1970/01/01T08:00:00z: SPIFFS Active
 0h00:04.262 2026/05/04T18:19:07z: f0:24:f9:c6:75:f1
 0h00:04.264 2026/05/04T18:19:07z: SSID: wifi
1 BSEC warning code : 100

1 BSEC warning code : 100

 ets Jan  8 2013,rst cause:1, boot mode:(3,6)

load 0x4010f000, len 1384, room 16 
tail 8
chksum 0x2d
csum 0x2d
v8b899c12
~ld


7.04
 0h00:00.497 1970/01/01T08:00:00z: SPIFFS Active
 0h00:04.172 2026/05/04T18:38:48z: f0:24:f9:c6:75:f1
 0h00:04.174 2026/05/04T18:38:48z: SSID: wifi
1 BSEC warning code : 100

 ets Jan  8 2013,rst cause:1, boot mode:(3,6)

load 0x4010f000, len 1384, room 16 
tail 8
chksum 0x2d
csum 0x2d
v8b899c12
~ld


7.04
 0h00:00.543 1970/01/01T08:00:00z: SPIFFS Active
 0h00:04.218 2026/05/04T18:58:28z: f0:24:f9:c6:75:f1
 0h00:04.220 2026/05/04T18:58:28z: SSID: wifi
1 BSEC warning code : 100

 ets Jan  8 2013,rst cause:1, boot mode:(3,6)

load 0x4010f000, len 1384, room 16 
tail 8
chksum 0x2d
csum 0x2d
v8b899c12
~ld


7.04
 0h00:00.494 1970/01/01T08:00:00z: SPIFFS Active
 0h00:04.170 2026/05/04T19:18:09z: f0:24:f9:c6:75:f1
 0h00:04.171 2026/05/04T19:18:09z: SSID: wifi
1 BSEC warning code : 100

 ets Jan  8 2013,rst cause:1, boot mode:(3,6)

load 0x4010f000, len 1384, room 16 
tail 8
chksum 0x2d
csum 0x2d
v8b899c12
~ld


7.04
 0h00:00.539 1970/01/01T08:00:00z: SPIFFS Active
 0h00:04.214 2026/05/04T19:37:49z: f0:24:f9:c6:75:f1
 0h00:04.215 2026/05/04T19:37:49z: SSID: wifi
1 BSEC warning code : 100

 ets Jan  8 2013,rst cause:1, boot mode:(3,6)

load 0x4010f000, len 1384, room 16 
tail 8
chksum 0x2d
csum 0x2d
v8b899c12
~ld


7.04
 0h00:00.495 1970/01/01T08:00:00z: SPIFFS Active
 0h00:04.171 2026/05/04T19:57:30z: f0:24:f9:c6:75:f1
 0h00:04.172 2026/05/04T19:57:30z: SSID: wifi
1 BSEC warning code : 100

 ets Jan  8 2013,rst cause:1, boot mode:(3,6)

load 0x4010f000, len 1384, room 16 
tail 8
chksum 0x2d
csum 0x2d
v8b899c12
~ld


7.04
 0h00:00.499 1970/01/01T08:00:00z: SPIFFS Active
 0h00:04.174 2026/05/04T20:17:11z: f0:24:f9:c6:75:f1
 0h00:04.176 2026/05/04T20:17:11z: SSID: wifi
1 BSEC warning code : 100

 ets Jan  8 2013,rst cause:1, boot mode:(3,6)

load 0x4010f000, len 1384, room 16 
tail 8
chksum 0x2d
csum 0x2d
v8b899c12
~ld


7.04
 0h00:00.495 1970/01/01T08:00:00z: SPIFFS Active
 0h00:04.170 2026/05/04T20:36:51z: f0:24:f9:c6:75:f1
 0h00:04.172 2026/05/04T20:36:51z: SSID: wifi
1 BSEC warning code : 100

 ets Jan  8 2013,rst cause:1, boot mode:(3,6)

load 0x4010f000, len 1384, room 16 
tail 8
chksum 0x2d
csum 0x2d
v8b899c12
~ld


7.04
 0h00:00.495 1970/01/01T08:00:00z: SPIFFS Active
 0h00:04.170 2026/05/04T20:56:32z: f0:24:f9:c6:75:f1
 0h00:04.172 2026/05/04T20:56:32z: SSID: wifi
1 BSEC warning code : 100

1 BSEC warning code : 100

 ets Jan  8 2013,rst cause:1, boot mode:(3,6)

load 0x4010f000, len 1384, room 16 
tail 8
chksum 0x2d
csum 0x2d
v8b899c12
~ld


7.04
 0h00:00.489 1970/01/01T08:00:00z: SPIFFS Active
 0h00:04.164 2026/05/04T21:16:12z: f0:24:f9:c6:75:f1
 0h00:04.166 2026/05/04T21:16:13z: SSID: wifi
1 BSEC warning code : 100

1 BSEC warning code : 100

 ets Jan  8 2013,rst cause:1, boot mode:(3,6)

load 0x4010f000, len 1384, room 16 
tail 8
chksum 0x2d
csum 0x2d
v8b899c12
~ld


7.04
 0h00:00.488 1970/01/01T08:00:00z: SPIFFS Active
 0h00:04.163 2026/05/04T21:35:53z: f0:24:f9:c6:75:f1
 0h00:04.165 2026/05/04T21:35:53z: SSID: wifi
1 BSEC warning code : 100

1 BSEC warning code : 100

 ets Jan  8 2013,rst cause:1, boot mode:(3,6)

load 0x4010f000, len 1384, room 16 
tail 8
chksum 0x2d
csum 0x2d
v8b899c12
~ld


7.04
 0h00:00.536 1970/01/01T08:00:00z: SPIFFS Active
 0h00:04.212 2026/05/04T21:55:34z: f0:24:f9:c6:75:f1
 0h00:04.213 2026/05/04T21:55:34z: SSID: wifi
1 BSEC warning code : 100

 ets Jan  8 2013,rst cause:1, boot mode:(3,6)

load 0x4010f000, len 1384, room 16 
tail 8
chksum 0x2d
csum 0x2d
v8b899c12
~ld


7.04
 0h00:00.491 1970/01/01T08:00:00z: SPIFFS Active
 0h00:04.166 2026/05/04T22:15:15z: f0:24:f9:c6:75:f1
 0h00:04.168 2026/05/04T22:15:15z: SSID: wifi
1 BSEC warning code : 100

1 BSEC warning code : 100

 ets Jan  8 2013,rst cause:1, boot mode:(3,6)

load 0x4010f000, len 1384, room 16 
tail 8
chksum 0x2d
csum 0x2d
v8b899c12
~ld


7.04
 0h00:00.545 1970/01/01T08:00:00z: SPIFFS Active
 0h00:04.220 2026/05/04T22:34:55z: f0:24:f9:c6:75:f1
 0h00:04.222 2026/05/04T22:34:55z: SSID: wifi
1 BSEC warning code : 100

 ets Jan  8 2013,rst cause:1, boot mode:(3,6)

load 0x4010f000, len 1384, room 16 
tail 8
chksum 0x2d
csum 0x2d
v8b899c12
~ld


7.04
 0h00:00.491 1970/01/01T08:00:00z: SPIFFS Active
 0h00:04.167 2026/05/04T22:54:36z: f0:24:f9:c6:75:f1
 0h00:04.168 2026/05/04T22:54:36z: SSID: wifi
1 BSEC warning code : 100

 ets Jan  8 2013,rst cause:1, boot mode:(3,6)

load 0x4010f000, len 1384, room 16 
tail 8
chksum 0x2d
csum 0x2d
v8b899c12
~ld


7.04
 0h00:00.484 1970/01/01T08:00:00z: SPIFFS Active
 0h00:04.159 2026/05/04T23:14:17z: f0:24:f9:c6:75:f1
 0h00:04.161 2026/05/04T23:14:17z: SSID: wifi
1 BSEC warning code : 100

1 BSEC warning code : 100

 ets Jan  8 2013,rst cause:1, boot mode:(3,6)

load 0x4010f000, len 1384, room 16 
tail 8
chksum 0x2d
csum 0x2d
v8b899c12
~ld


7.04
 0h00:00.547 1970/01/01T08:00:00z: SPIFFS Active
 0h00:04.222 2026/05/04T23:33:57z: f0:24:f9:c6:75:f1
 0h00:04.224 2026/05/04T23:33:57z: SSID: wifi
1 BSEC warning code : 100

 ets Jan  8 2013,rst cause:1, boot mode:(3,6)

load 0x4010f000, len 1384, room 16 
tail 8
chksum 0x2d
csum 0x2d
v8b899c12
~ld


7.04
 0h00:00.534 1970/01/01T08:00:00z: SPIFFS Active
 0h00:04.210 2026/05/04T23:53:37z: f0:24:f9:c6:75:f1
 0h00:04.211 2026/05/04T23:53:37z: SSID: wifi
1 BSEC warning code : 100
