
1 BSEC warning code : 100

1 BSEC warning code : 100

 ets Jan  8 2013,rst cause:1, boot mode:(3,6)

load 0x4010f000, len 1384, room 16 
tail 8
chksum 0x2d
csum 0x2d
v8b899c12
~ld


7.04
 0h00:00.590 1970/01/01T08:00:00z: SPIFFS Active
 0h00:04.266 2026/05/10T00:16:36z: f0:24:f9:c6:75:f1
 0h00:04.268 2026/05/10T00:16:36z: SSID: wifi
1 BSEC warning code : 100

1 BSEC warning code : 100

 ets Jan  8 2013,rst cause:1, boot mode:(3,6)

load 0x4010f000, len 1384, room 16 
tail 8
chksum 0x2d
csum 0x2d
v8b899c12
~ld


7.04
 0h00:00.543 1970/01/01T08:00:00z: SPIFFS Active
 0h00:04.219 2026/05/10T00:36:16z: f0:24:f9:c6:75:f1
 0h00:04.221 2026/05/10T00:36:16z: SSID: wifi
1 BSEC warning code : 100

 ets Jan  8 2013,rst cause:1, boot mode:(3,6)

load 0x4010f000, len 1384, room 16 
tail 8
chksum 0x2d
csum 0x2d
v8b899c12
~ld


7.04
 0h00:00.578 1970/01/01T08:00:00z: SPIFFS Active
 0h00:04.254 2026/05/10T00:55:57z: f0:24:f9:c6:75:f1
 0h00:04.256 2026/05/10T00:55:57z: SSID: wifi
1 BSEC warning code : 100

1 BSEC warning code : 100

 ets Jan  8 2013,rst cause:1, boot mode:(3,6)

load 0x4010f000, len 1384, room 16 
tail 8
chksum 0x2d
csum 0x2d
v8b899c12
~ld


7.04
 0h00:00.529 1970/01/01T08:00:00z: SPIFFS Active
 0h00:04.205 2026/05/10T01:15:38z: f0:24:f9:c6:75:f1
 0h00:04.207 2026/05/10T01:15:38z: SSID: wifi
1 BSEC warning code : 100

 ets Jan  8 2013,rst cause:1, boot mode:(3,6)

load 0x4010f000, len 1384, room 16 
tail 8
chksum 0x2d
csum 0x2d
v8b899c12
~ld


7.04
 0h00:00.577 1970/01/01T08:00:00z: SPIFFS Active
 0h00:04.253 2026/05/10T01:35:19z: f0:24:f9:c6:75:f1
 0h00:04.255 2026/05/10T01:35:19z: SSID: wifi
1 BSEC warning code : 100

1 BSEC warning code : 100

 ets Jan  8 2013,rst cause:1, boot mode:(3,6)

load 0x4010f000, len 1384, room 16 
tail 8
chksum 0x2d
csum 0x2d
v8b899c12
~ld


7.04
 0h00:00.623 1970/01/01T08:00:00z: SPIFFS Active
 0h00:04.299 2026/05/10T01:55:01z: f0:24:f9:c6:75:f1
 0h00:04.300 2026/05/10T01:55:01z: SSID: wifi
1 BSEC warning code : 100

1 BSEC warning code : 100

 ets Jan  8 2013,rst cause:1, boot mode:(3,6)

load 0x4010f000, len 1384, room 16 
tail 8
chksum 0x2d
csum 0x2d
v8b899c12
~ld


7.04
 0h00:00.539 1970/01/01T08:00:00z: SPIFFS Active
 0h00:04.215 2026/05/10T02:14:42z: f0:24:f9:c6:75:f1
 0h00:04.217 2026/05/10T02:14:42z: SSID: wifi
1 BSEC warning code : 100

 ets Jan  8 2013,rst cause:1, boot mode:(3,6)

load 0x4010f000, len 1384, room 16 
tail 8
chksum 0x2d
csum 0x2d
v8b899c12
~ld


7.04
 0h00:00.536 1970/01/01T08:00:00z: SPIFFS Active
 0h00:04.212 2026/05/10T02:34:22z: f0:24:f9:c6:75:f1
 0h00:04.214 2026/05/10T02:34:22z: SSID: wifi
1 BSEC warning code : 100

 ets Jan  8 2013,rst cause:1, boot mode:(3,6)

load 0x4010f000, len 1384, room 16 
tail 8
chksum 0x2d
csum 0x2d
v8b899c12
~ld


7.04
 0h00:00.591 1970/01/01T08:00:00z: SPIFFS Active
 0h00:04.267 2026/05/10T02:54:03z: f0:24:f9:c6:75:f1
 0h00:04.268 2026/05/10T02:54:03z: SSID: wifi
1 BSEC warning code : 100

1 BSEC warning code : 100

 ets Jan  8 2013,rst cause:1, boot mode:(3,6)

load 0x4010f000, len 1384, room 16 
tail 8
chksum 0x2d
csum 0x2d
v8b899c12
~ld


7.04
 0h00:00.588 1970/01/01T08:00:00z: SPIFFS Active
 0h00:04.264 2026/05/10T03:13:45z: f0:24:f9:c6:75:f1
 0h00:04.266 2026/05/10T03:13:45z: SSID: wifi
1 BSEC warning code : 100

 ets Jan  8 2013,rst cause:1, boot mode:(3,6)

load 0x4010f000, len 1384, room 16 
tail 8
chksum 0x2d
csum 0x2d
v8b899c12
~ld


7.04
 0h00:00.540 1970/01/01T08:00:00z: SPIFFS Active
 0h00:04.216 2026/05/10T03:33:26z: f0:24:f9:c6:75:f1
 0h00:04.217 2026/05/10T03:33:26z: SSID: wifi
1 BSEC warning code : 100

 ets Jan  8 2013,rst cause:1, boot mode:(3,6)

load 0x4010f000, len 1384, room 16 
tail 8
chksum 0x2d
csum 0x2d
v8b899c12
~ld


7.04
 0h00:00.545 1970/01/01T08:00:00z: SPIFFS Active
 0h00:04.221 2026/05/10T03:53:07z: f0:24:f9:c6:75:f1
 0h00:04.223 2026/05/10T03:53:07z: SSID: wifi
1 BSEC warning code : 100

 ets Jan  8 2013,rst cause:1, boot mode:(3,6)

load 0x4010f000, len 1384, room 16 
tail 8
chksum 0x2d
csum 0x2d
v8b899c12
~ld


7.04
 0h00:00.589 1970/01/01T08:00:00z: SPIFFS Active
 0h00:04.265 2026/05/10T04:12:48z: f0:24:f9:c6:75:f1
 0h00:04.267 2026/05/10T04:12:48z: SSID: wifi
1 BSEC warning code : 100

1 BSEC warning code : 100

 ets Jan  8 2013,rst cause:1, boot mode:(3,6)

load 0x4010f000, len 1384, room 16 
tail 8
chksum 0x2d
csum 0x2d
v8b899c12
~ld


7.04
 0h00:00.587 1970/01/01T08:00:00z: SPIFFS Active
 0h00:04.264 2026/05/10T04:32:28z: f0:24:f9:c6:75:f1
 0h00:04.265 2026/05/10T04:32:28z: SSID: wifi
1 BSEC warning code : 100

1 BSEC warning code : 100

 ets Jan  8 2013,rst cause:1, boot mode:(3,6)

load 0x4010f000, len 1384, room 16 
tail 8
chksum 0x2d
csum 0x2d
v8b899c12
~ld


7.04
 0h00:00.597 1970/01/01T08:00:00z: SPIFFS Active
 0h00:04.274 2026/05/10T04:52:09z: f0:24:f9:c6:75:f1
 0h00:04.275 2026/05/10T04:52:09z: SSID: wifi
1 BSEC warning code : 100

 ets Jan  8 2013,rst cause:1, boot mode:(3,6)

load 0x4010f000, len 1384, room 16 
tail 8
chksum 0x2d
csum 0x2d
v8b899c12
~ld


7.04
 0h00:00.554 1970/01/01T08:00:00z: SPIFFS Active
 0h00:04.231 2026/05/10T05:11:50z: f0:24:f9:c6:75:f1
 0h00:04.232 2026/05/10T05:11:50z: SSID: wifi
1 BSEC warning code : 100

 ets Jan  8 2013,rst cause:1, boot mode:(3,6)

load 0x4010f000, len 1384, room 16 
tail 8
chksum 0x2d
csum 0x2d
v8b899c12
~ld


7.04
 0h00:00.534 1970/01/01T08:00:00z: SPIFFS Active
 0h00:04.210 2026/05/10T05:31:32z: f0:24:f9:c6:75:f1
 0h00:04.212 2026/05/10T05:31:32z: SSID: wifi
1 BSEC warning code : 100

 ets Jan  8 2013,rst cause:1, boot mode:(3,6)

load 0x4010f000, len 1384, room 16 
tail 8
chksum 0x2d
csum 0x2d
v8b899c12
~ld


7.04
 0h00:00.551 1970/01/01T08:00:00z: SPIFFS Active
 0h00:04.228 2026/05/10T05:51:13z: f0:24:f9:c6:75:f1
 0h00:04.229 2026/05/10T05:51:13z: SSID: wifi
1 BSEC warning code : 100

 ets Jan  8 2013,rst cause:1, boot mode:(3,6)

load 0x4010f000, len 1384, room 16 
tail 8
chksum 0x2d
csum 0x2d
v8b899c12
~ld


7.04
 0h00:00.609 1970/01/01T08:00:00z: SPIFFS Active
 0h00:04.285 2026/05/10T06:10:55z: f0:24:f9:c6:75:f1
 0h00:04.287 2026/05/10T06:10:55z: SSID: wifi
1 BSEC warning code : 100

1 BSEC warning code : 100

 ets Jan  8 2013,rst cause:1, boot mode:(3,6)

load 0x4010f000, len 1384, room 16 
tail 8
chksum 0x2d
csum 0x2d
v8b899c12
~ld


7.04
 0h00:00.602 1970/01/01T08:00:00z: SPIFFS Active
 0h00:04.278 2026/05/10T06:30:35z: f0:24:f9:c6:75:f1
 0h00:04.280 2026/05/10T06:30:35z: SSID: wifi
1 BSEC warning code : 100

1 BSEC warning code : 100

 ets Jan  8 2013,rst cause:1, boot mode:(3,6)

load 0x4010f000, len 1384, room 16 
tail 8
chksum 0x2d
csum 0x2d
v8b899c12
~ld


7.04
 0h00:00.593 1970/01/01T08:00:00z: SPIFFS Active
 0h00:04.270 2026/05/10T06:50:16z: f0:24:f9:c6:75:f1
 0h00:04.271 2026/05/10T06:50:16z: SSID: wifi
1 BSEC warning code : 100

 ets Jan  8 2013,rst cause:1, boot mode:(3,6)

load 0x4010f000, len 1384, room 16 
tail 8
chksum 0x2d
csum 0x2d
v8b899c12
~ld


7.04
 0h00:00.609 1970/01/01T08:00:00z: SPIFFS Active
 0h00:04.285 2026/05/10T07:09:58z: f0:24:f9:c6:75:f1
 0h00:04.287 2026/05/10T07:09:58z: SSID: wifi
1 BSEC warning code : 100

 ets Jan  8 2013,rst cause:1, boot mode:(3,6)

load 0x4010f000, len 1384, room 16 
tail 8
chksum 0x2d
csum 0x2d
v8b899c12
~ld


7.04
 0h00:00.606 1970/01/01T08:00:00z: SPIFFS Active
 0h00:04.283 2026/05/10T07:29:39z: f0:24:f9:c6:75:f1
 0h00:04.284 2026/05/10T07:29:39z: SSID: wifi
1 BSEC warning code : 100

 ets Jan  8 2013,rst cause:1, boot mode:(3,6)

load 0x4010f000, len 1384, room 16 
tail 8
chksum 0x2d
csum 0x2d
v8b899c12
~ld


7.04
 0h00:00.556 1970/01/01T08:00:00z: SPIFFS Active
 0h00:04.232 2026/05/10T07:49:19z: f0:24:f9:c6:75:f1
 0h00:04.234 2026/05/10T07:49:19z: SSID: wifi
1 BSEC warning code : 100

1 BSEC warning code : 100

 ets Jan  8 2013,rst cause:1, boot mode:(3,6)

load 0x4010f000, len 1384, room 16 
tail 8
chksum 0x2d
csum 0x2d
v8b899c12
~ld


7.04
 0h00:00.553 1970/01/01T08:00:00z: SPIFFS Active
 0h00:04.230 2026/05/10T08:09:01z: f0:24:f9:c6:75:f1
 0h00:04.231 2026/05/10T08:09:01z: SSID: wifi
1 BSEC warning code : 100

1 BSEC warning code : 100

 ets Jan  8 2013,rst cause:1, boot mode:(3,6)

load 0x4010f000, len 1384, room 16 
tail 8
chksum 0x2d
csum 0x2d
v8b899c12
~ld


7.04
 0h00:00.536 1970/01/01T08:00:00z: SPIFFS Active
 0h00:04.212 2026/05/10T08:28:42z: f0:24:f9:c6:75:f1
 0h00:04.214 2026/05/10T08:28:42z: SSID: wifi
1 BSEC warning code : 100

 ets Jan  8 2013,rst cause:1, boot mode:(3,6)

load 0x4010f000, len 1384, room 16 
tail 8
chksum 0x2d
csum 0x2d
v8b899c12
~ld


7.04
 0h00:00.531 1970/01/01T08:00:00z: SPIFFS Active
 0h00:04.208 2026/05/10T08:48:23z: f0:24:f9:c6:75:f1
 0h00:04.209 2026/05/10T08:48:23z: SSID: wifi
1 BSEC warning code : 100

 ets Jan  8 2013,rst cause:1, boot mode:(3,6)

load 0x4010f000, len 1384, room 16 
tail 8
chksum 0x2d
csum 0x2d
v8b899c12
~ld


7.04
 0h00:00.542 1970/01/01T08:00:00z: SPIFFS Active
 0h00:04.219 2026/05/10T09:08:04z: f0:24:f9:c6:75:f1
 0h00:04.220 2026/05/10T09:08:04z: SSID: wifi
1 BSEC warning code : 100

 ets Jan  8 2013,rst cause:1, boot mode:(3,6)

load 0x4010f000, len 1384, room 16 
tail 8
chksum 0x2d
csum 0x2d
v8b899c12
~ld


7.04
 0h00:00.535 1970/01/01T08:00:00z: SPIFFS Active
 0h00:04.212 2026/05/10T09:27:44z: f0:24:f9:c6:75:f1
 0h00:04.214 2026/05/10T09:27:44z: SSID: wifi
1 BSEC warning code : 100

1 BSEC warning code : 100

 ets Jan  8 2013,rst cause:1, boot mode:(3,6)

load 0x4010f000, len 1384, room 16 
tail 8
chksum 0x2d
csum 0x2d
v8b899c12
~ld


7.04
 0h00:00.592 1970/01/01T08:00:00z: SPIFFS Active
 0h00:04.268 2026/05/10T09:47:25z: f0:24:f9:c6:75:f1
 0h00:04.270 2026/05/10T09:47:25z: SSID: wifi
1 BSEC warning code : 100

1 BSEC warning code : 100

 ets Jan  8 2013,rst cause:1, boot mode:(3,6)

load 0x4010f000, len 1384, room 16 
tail 8
chksum 0x2d
csum 0x2d
v8b899c12
~ld


7.04
 0h00:00.644 1970/01/01T08:00:00z: SPIFFS Active
 0h00:04.321 2026/05/10T10:07:05z: f0:24:f9:c6:75:f1
 0h00:04.322 2026/05/10T10:07:05z: SSID: wifi
1 BSEC warning code : 100

 ets Jan  8 2013,rst cause:1, boot mode:(3,6)

load 0x4010f000, len 1384, room 16 
tail 8
chksum 0x2d
csum 0x2d
v8b899c12
~ld


7.04
 0h00:00.549 1970/01/01T08:00:00z: SPIFFS Active
 0h00:04.226 2026/05/10T10:26:46z: f0:24:f9:c6:75:f1
 0h00:04.228 2026/05/10T10:26:46z: SSID: wifi
1 BSEC warning code : 100

1 BSEC warning code : 100

 ets Jan  8 2013,rst cause:1, boot mode:(3,6)

load 0x4010f000, len 1384, room 16 
tail 8
chksum 0x2d
csum 0x2d
v8b899c12
~ld


7.04
 0h00:00.589 1970/01/01T08:00:00z: SPIFFS Active
 0h00:04.266 2026/05/10T10:46:27z: f0:24:f9:c6:75:f1
 0h00:04.267 2026/05/10T10:46:27z: SSID: wifi
1 BSEC warning code : 100

1 BSEC warning code : 100

 ets Jan  8 2013,rst cause:1, boot mode:(3,6)

load 0x4010f000, len 1384, room 16 
tail 8
chksum 0x2d
csum 0x2d
v8b899c12
~ld


7.04
 0h00:00.602 1970/01/01T08:00:00z: SPIFFS Active
 0h00:04.279 2026/05/10T11:06:08z: f0:24:f9:c6:75:f1
 0h00:04.280 2026/05/10T11:06:08z: SSID: wifi
1 BSEC warning code : 100

 ets Jan  8 2013,rst cause:1, boot mode:(3,6)

load 0x4010f000, len 1384, room 16 
tail 8
chksum 0x2d
csum 0x2d
v8b899c12
~ld


7.04
 0h00:00.538 1970/01/01T08:00:00z: SPIFFS Active
 0h00:04.215 2026/05/10T11:25:50z: f0:24:f9:c6:75:f1
 0h00:04.216 2026/05/10T11:25:50z: SSID: wifi
1 BSEC warning code : 100

 ets Jan  8 2013,rst cause:1, boot mode:(3,6)

load 0x4010f000, len 1384, room 16 
tail 8
chksum 0x2d
csum 0x2d
v8b899c12
~ld


7.04
 0h00:00.639 1970/01/01T08:00:00z: SPIFFS Active
 0h00:04.315 2026/05/10T11:45:31z: f0:24:f9:c6:75:f1
 0h00:04.317 2026/05/10T11:45:31z: SSID: wifi
1 BSEC warning code : 100

 ets Jan  8 2013,rst cause:1, boot mode:(3,6)

load 0x4010f000, len 1384, room 16 
tail 8
chksum 0x2d
csum 0x2d
v8b899c12
~ld


7.04
 0h00:00.546 1970/01/01T08:00:00z: SPIFFS Active
 0h00:04.222 2026/05/10T12:05:12z: f0:24:f9:c6:75:f1
 0h00:04.224 2026/05/10T12:05:12z: SSID: wifi
1 BSEC warning code : 100

1 BSEC warning code : 100

 ets Jan  8 2013,rst cause:1, boot mode:(3,6)

load 0x4010f000, len 1384, room 16 
tail 8
chksum 0x2d
csum 0x2d
v8b899c12
~ld


7.04
 0h00:00.528 1970/01/01T08:00:00z: SPIFFS Active
 0h00:04.204 2026/05/10T12:24:53z: f0:24:f9:c6:75:f1
 0h00:04.206 2026/05/10T12:24:53z: SSID: wifi
1 BSEC warning code : 100

 ets Jan  8 2013,rst cause:1, boot mode:(3,6)

load 0x4010f000, len 1384, room 16 
tail 8
chksum 0x2d
csum 0x2d
v8b899c12
~ld


7.04
 0h00:00.544 1970/01/01T08:00:00z: SPIFFS Active
 0h00:04.221 2026/05/10T12:44:34z: f0:24:f9:c6:75:f1
 0h00:04.222 2026/05/10T12:44:34z: SSID: wifi
1 BSEC warning code : 100

 ets Jan  8 2013,rst cause:1, boot mode:(3,6)

load 0x4010f000, len 1384, room 16 
tail 8
chksum 0x2d
csum 0x2d
v8b899c12
~ld


7.04
 0h00:00.538 1970/01/01T08:00:00z: SPIFFS Active
 0h00:04.214 2026/05/10T13:04:14z: f0:24:f9:c6:75:f1
 0h00:04.216 2026/05/10T13:04:14z: SSID: wifi
1 BSEC warning code : 100

1 BSEC warning code : 100

 ets Jan  8 2013,rst cause:1, boot mode:(3,6)

load 0x4010f000, len 1384, room 16 
tail 8
chksum 0x2d
csum 0x2d
v8b899c12
~ld


7.04
 0h00:00.547 1970/01/01T08:00:00z: SPIFFS Active
 0h00:04.222 2026/05/10T13:23:55z: f0:24:f9:c6:75:f1
 0h00:04.224 2026/05/10T13:23:55z: SSID: wifi
1 BSEC warning code : 100

1 BSEC warning code : 100

 ets Jan  8 2013,rst cause:1, boot mode:(3,6)

load 0x4010f000, len 1384, room 16 
tail 8
chksum 0x2d
csum 0x2d
v8b899c12
~ld


7.04
 0h00:00.556 1970/01/01T08:00:00z: SPIFFS Active
 0h00:04.231 2026/05/10T13:43:36z: f0:24:f9:c6:75:f1
 0h00:04.233 2026/05/10T13:43:36z: SSID: wifi
1 BSEC warning code : 100

 ets Jan  8 2013,rst cause:1, boot mode:(3,6)

load 0x4010f000, len 1384, room 16 
tail 8
chksum 0x2d
csum 0x2d
v8b899c12
~ld


7.04
 0h00:00.644 1970/01/01T08:00:00z: SPIFFS Active
 0h00:04.319 2026/05/10T14:03:17z: f0:24:f9:c6:75:f1
 0h00:04.320 2026/05/10T14:03:17z: SSID: wifi
1 BSEC warning code : 100

 ets Jan  8 2013,rst cause:1, boot mode:(3,6)

load 0x4010f000, len 1384, room 16 
tail 8
chksum 0x2d
csum 0x2d
v8b899c12
~ld


7.04
 0h00:00.538 1970/01/01T08:00:00z: SPIFFS Active
 0h00:04.213 2026/05/10T14:22:58z: f0:24:f9:c6:75:f1
 0h00:04.214 2026/05/10T14:22:58z: SSID: wifi
1 BSEC warning code : 100

 ets Jan  8 2013,rst cause:1, boot mode:(3,6)

load 0x4010f000, len 1384, room 16 
tail 8
chksum 0x2d
csum 0x2d
v8b899c12
~ld


7.04
 0h00:00.544 1970/01/01T08:00:00z: SPIFFS Active
 0h00:04.219 2026/05/10T14:42:39z: f0:24:f9:c6:75:f1
 0h00:04.220 2026/05/10T14:42:39z: SSID: wifi
1 BSEC warning code : 100

 ets Jan  8 2013,rst cause:1, boot mode:(3,6)

load 0x4010f000, len 1384, room 16 
tail 8
chksum 0x2d
csum 0x2d
v8b899c12
~ld


7.04
 0h00:00.539 1970/01/01T08:00:00z: SPIFFS Active
 0h00:04.214 2026/05/10T15:02:20z: f0:24:f9:c6:75:f1
 0h00:04.216 2026/05/10T15:02:20z: SSID: wifi
1 BSEC warning code : 100

 ets Jan  8 2013,rst cause:1, boot mode:(3,6)

load 0x4010f000, len 1384, room 16 
tail 8
chksum 0x2d
csum 0x2d
v8b899c12
~ld


7.04
 0h00:00.537 1970/01/01T08:00:00z: SPIFFS Active
 0h00:04.212 2026/05/10T15:22:01z: f0:24:f9:c6:75:f1
 0h00:04.213 2026/05/10T15:22:01z: SSID: wifi
1 BSEC warning code : 100

 ets Jan  8 2013,rst cause:1, boot mode:(3,6)

load 0x4010f000, len 1384, room 16 
tail 8
chksum 0x2d
csum 0x2d
v8b899c12
~ld


7.04
 0h00:00.543 1970/01/01T08:00:00z: SPIFFS Active
 0h00:04.218 2026/05/10T15:41:42z: f0:24:f9:c6:75:f1
 0h00:04.220 2026/05/10T15:41:42z: SSID: wifi
1 BSEC warning code : 100

1 BSEC warning code : 100

 ets Jan  8 2013,rst cause:1, boot mode:(3,6)

load 0x4010f000, len 1384, room 16 
tail 8
chksum 0x2d
csum 0x2d
v8b899c12
~ld


7.04
 0h00:00.538 1970/01/01T08:00:00z: SPIFFS Active
 0h00:04.213 2026/05/10T16:01:23z: f0:24:f9:c6:75:f1
 0h00:04.215 2026/05/10T16:01:23z: SSID: wifi
1 BSEC warning code : 100

 ets Jan  8 2013,rst cause:1, boot mode:(3,6)

load 0x4010f000, len 1384, room 16 
tail 8
chksum 0x2d
csum 0x2d
v8b899c12
~ld


7.04
 0h00:00.534 1970/01/01T08:00:00z: SPIFFS Active
 0h00:04.209 2026/05/10T16:21:04z: f0:24:f9:c6:75:f1
 0h00:04.211 2026/05/10T16:21:04z: SSID: wifi
1 BSEC warning code : 100

 ets Jan  8 2013,rst cause:1, boot mode:(3,6)

load 0x4010f000, len 1384, room 16 
tail 8
chksum 0x2d
csum 0x2d
v8b899c12
~ld


7.04
 0h00:00.602 1970/01/01T08:00:00z: SPIFFS Active
 0h00:04.277 2026/05/10T16:40:45z: f0:24:f9:c6:75:f1
 0h00:04.278 2026/05/10T16:40:45z: SSID: wifi
1 BSEC warning code : 100

 ets Jan  8 2013,rst cause:1, boot mode:(3,6)

load 0x4010f000, len 1384, room 16 
tail 8
chksum 0x2d
csum 0x2d
v8b899c12
~ld


7.04
 0h00:00.577 1970/01/01T08:00:00z: SPIFFS Active
 0h00:04.252 2026/05/10T17:00:26z: f0:24:f9:c6:75:f1
 0h00:04.254 2026/05/10T17:00:26z: SSID: wifi
1 BSEC warning code : 100

 ets Jan  8 2013,rst cause:1, boot mode:(3,6)

load 0x4010f000, len 1384, room 16 
tail 8
chksum 0x2d
csum 0x2d
v8b899c12
~ld


7.04
 0h00:00.627 1970/01/01T08:00:00z: SPIFFS Active
 0h00:04.302 2026/05/10T17:20:07z: f0:24:f9:c6:75:f1
 0h00:04.303 2026/05/10T17:20:07z: SSID: wifi
1 BSEC warning code : 100

 ets Jan  8 2013,rst cause:1, boot mode:(3,6)

load 0x4010f000, len 1384, room 16 
tail 8
chksum 0x2d
csum 0x2d
v8b899c12
~ld


7.04
 0h00:00.576 1970/01/01T08:00:00z: SPIFFS Active
 0h00:04.251 2026/05/10T17:39:47z: f0:24:f9:c6:75:f1
 0h00:04.253 2026/05/10T17:39:47z: SSID: wifi
1 BSEC warning code : 100

 ets Jan  8 2013,rst cause:1, boot mode:(3,6)

load 0x4010f000, len 1384, room 16 
tail 8
chksum 0x2d
csum 0x2d
v8b899c12
~ld


7.04
 0h00:00.566 1970/01/01T08:00:00z: SPIFFS Active
 0h00:04.241 2026/05/10T17:59:28z: f0:24:f9:c6:75:f1
 0h00:04.243 2026/05/10T17:59:28z: SSID: wifi
1 BSEC warning code : 100

1 BSEC warning code : 100

 ets Jan  8 2013,rst cause:1, boot mode:(3,6)

load 0x4010f000, len 1384, room 16 
tail 8
chksum 0x2d
csum 0x2d
v8b899c12
~ld


7.04
 0h00:00.524 1970/01/01T08:00:00z: SPIFFS Active
 0h00:04.200 2026/05/10T18:19:09z: f0:24:f9:c6:75:f1
 0h00:04.201 2026/05/10T18:19:09z: SSID: wifi
1 BSEC warning code : 100

 ets Jan  8 2013,rst cause:1, boot mode:(3,6)

load 0x4010f000, len 1384, room 16 
tail 8
chksum 0x2d
csum 0x2d
v8b899c12
~ld


7.04
 0h00:00.527 1970/01/01T08:00:00z: SPIFFS Active
 0h00:04.203 2026/05/10T18:38:50z: f0:24:f9:c6:75:f1
 0h00:04.204 2026/05/10T18:38:50z: SSID: wifi
1 BSEC warning code : 100

 ets Jan  8 2013,rst cause:1, boot mode:(3,6)

load 0x4010f000, len 1384, room 16 
tail 8
chksum 0x2d
csum 0x2d
v8b899c12
~ld


7.04
 0h00:00.534 1970/01/01T08:00:00z: SPIFFS Active
 0h00:04.210 2026/05/10T18:58:31z: f0:24:f9:c6:75:f1
 0h00:04.211 2026/05/10T18:58:31z: SSID: wifi
1 BSEC warning code : 100

1 BSEC warning code : 100

 ets Jan  8 2013,rst cause:1, boot mode:(3,6)

load 0x4010f000, len 1384, room 16 
tail 8
chksum 0x2d
csum 0x2d
v8b899c12
~ld


7.04
 0h00:00.531 1970/01/01T08:00:00z: SPIFFS Active
 0h00:04.206 2026/05/10T19:18:11z: f0:24:f9:c6:75:f1
 0h00:04.208 2026/05/10T19:18:11z: SSID: wifi
1 BSEC warning code : 100

 ets Jan  8 2013,rst cause:1, boot mode:(3,6)

load 0x4010f000, len 1384, room 16 
tail 8
chksum 0x2d
csum 0x2d
v8b899c12
~ld


7.04
 0h00:00.540 1970/01/01T08:00:00z: SPIFFS Active
 0h00:04.215 2026/05/10T19:37:52z: f0:24:f9:c6:75:f1
 0h00:04.217 2026/05/10T19:37:52z: SSID: wifi
1 BSEC warning code : 100

1 BSEC warning code : 100

 ets Jan  8 2013,rst cause:1, boot mode:(3,6)

load 0x4010f000, len 1384, room 16 
tail 8
chksum 0x2d
csum 0x2d
v8b899c12
~ld


7.04
 0h00:00.546 1970/01/01T08:00:00z: SPIFFS Active
 0h00:04.221 2026/05/10T19:57:33z: f0:24:f9:c6:75:f1
 0h00:04.223 2026/05/10T19:57:33z: SSID: wifi
1 BSEC warning code : 100

1 BSEC warning code : 100

 ets Jan  8 2013,rst cause:1, boot mode:(3,6)

load 0x4010f000, len 1384, room 16 
tail 8
chksum 0x2d
csum 0x2d
v8b899c12
~ld


7.04
 0h00:00.547 1970/01/01T08:00:00z: SPIFFS Active
 0h00:04.223 2026/05/10T20:17:14z: f0:24:f9:c6:75:f1
 0h00:04.225 2026/05/10T20:17:14z: SSID: wifi
1 BSEC warning code : 100

 ets Jan  8 2013,rst cause:1, boot mode:(3,6)

load 0x4010f000, len 1384, room 16 
tail 8
chksum 0x2d
csum 0x2d
v8b899c12
~ld


7.04
 0h00:00.591 1970/01/01T08:00:00z: SPIFFS Active
 0h00:04.267 2026/05/10T20:36:55z: f0:24:f9:c6:75:f1
 0h00:04.269 2026/05/10T20:36:55z: SSID: wifi
1 BSEC warning code : 100

1 BSEC warning code : 100

 ets Jan  8 2013,rst cause:1, boot mode:(3,6)

load 0x4010f000, len 1384, room 16 
tail 8
chksum 0x2d
csum 0x2d
v8b899c12
~ld


7.04
 0h00:00.555 1970/01/01T08:00:00z: SPIFFS Active
 0h00:04.232 2026/05/10T20:56:36z: f0:24:f9:c6:75:f1
 0h00:04.233 2026/05/10T20:56:36z: SSID: wifi
1 BSEC warning code : 100

 ets Jan  8 2013,rst cause:1, boot mode:(3,6)

load 0x4010f000, len 1384, room 16 
tail 8
chksum 0x2d
csum 0x2d
v8b899c12
~ld


7.04
 0h00:00.591 1970/01/01T08:00:00z: SPIFFS Active
 0h00:04.268 2026/05/10T21:16:17z: f0:24:f9:c6:75:f1
 0h00:04.269 2026/05/10T21:16:17z: SSID: wifi
1 BSEC warning code : 100

1 BSEC warning code : 100

 ets Jan  8 2013,rst cause:1, boot mode:(3,6)

load 0x4010f000, len 1384, room 16 
tail 8
chksum 0x2d
csum 0x2d
v8b899c12
~ld


7.04
 0h00:00.545 1970/01/01T08:00:00z: SPIFFS Active
 0h00:04.221 2026/05/10T21:35:58z: f0:24:f9:c6:75:f1
 0h00:04.223 2026/05/10T21:35:58z: SSID: wifi
1 BSEC warning code : 100

 ets Jan  8 2013,rst cause:1, boot mode:(3,6)

load 0x4010f000, len 1384, room 16 
tail 8
chksum 0x2d
csum 0x2d
v8b899c12
~ld


7.04
 0h00:00.547 1970/01/01T08:00:00z: SPIFFS Active
 0h00:04.222 2026/05/10T21:55:38z: f0:24:f9:c6:75:f1
 0h00:04.224 2026/05/10T21:55:38z: SSID: wifi
1 BSEC warning code : 100

1 BSEC warning code : 100

 ets Jan  8 2013,rst cause:1, boot mode:(3,6)

load 0x4010f000, len 1384, room 16 
tail 8
chksum 0x2d
csum 0x2d
v8b899c12
~ld


7.04
 0h00:00.546 1970/01/01T08:00:00z: SPIFFS Active
 0h00:04.221 2026/05/10T22:15:19z: f0:24:f9:c6:75:f1
 0h00:04.223 2026/05/10T22:15:19z: SSID: wifi
1 BSEC warning code : 100

 ets Jan  8 2013,rst cause:1, boot mode:(3,6)

load 0x4010f000, len 1384, room 16 
tail 8
chksum 0x2d
csum 0x2d
v8b899c12
~ld


7.04
 0h00:00.538 1970/01/01T08:00:00z: SPIFFS Active
 0h00:04.214 2026/05/10T22:35:00z: f0:24:f9:c6:75:f1
 0h00:04.215 2026/05/10T22:35:00z: SSID: wifi
1 BSEC warning code : 100

 ets Jan  8 2013,rst cause:1, boot mode:(3,6)

load 0x4010f000, len 1384, room 16 
tail 8
chksum 0x2d
csum 0x2d
v8b899c12
~ld


7.04
 0h00:00.545 1970/01/01T08:00:00z: SPIFFS Active
 0h00:04.221 2026/05/10T22:54:41z: f0:24:f9:c6:75:f1
 0h00:04.222 2026/05/10T22:54:41z: SSID: wifi
1 BSEC warning code : 100

1 BSEC warning code : 100

 ets Jan  8 2013,rst cause:1, boot mode:(3,6)

load 0x4010f000, len 1384, room 16 
tail 8
chksum 0x2d
csum 0x2d
v8b899c12
~ld


7.04
 0h00:00.591 1970/01/01T08:00:00z: SPIFFS Active
 0h00:04.267 2026/05/10T23:14:23z: f0:24:f9:c6:75:f1
 0h00:04.268 2026/05/10T23:14:23z: SSID: wifi
1 BSEC warning code : 100

1 BSEC warning code : 100

 ets Jan  8 2013,rst cause:1, boot mode:(3,6)

load 0x4010f000, len 1384, room 16 
tail 8
chksum 0x2d
csum 0x2d
v8b899c12
~ld


7.04
 0h00:00.533 1970/01/01T08:00:00z: SPIFFS Active
 0h00:04.209 2026/05/10T23:34:04z: f0:24:f9:c6:75:f1
 0h00:04.211 2026/05/10T23:34:04z: SSID: wifi
1 BSEC warning code : 100

 ets Jan  8 2013,rst cause:1, boot mode:(3,6)

load 0x4010f000, len 1384, room 16 
tail 8
chksum 0x2d
csum 0x2d
v8b899c12
~ld


7.04
 0h00:00.591 1970/01/01T08:00:00z: SPIFFS Active
 0h00:04.267 2026/05/10T23:53:45z: f0:24:f9:c6:75:f1
 0h00:04.268 2026/05/10T23:53:45z: SSID: wifi
1 BSEC warning code : 100
